<?xml version="1.0" encoding="UTF-8"?>
<robot generator="Robot 7.2.2 (Python 3.12.5 on win32)" generated="2025-05-29T10:05:01.348559" rpa="false" schemaversion="5">
<suite id="s1" name="TestsAudio" source="C:\Users\bahae\Documents\PfeProject\test_cases\TestsAudio.robot">
<kw name="Démarrer Driver" type="SETUP">
<kw name="Log" owner="BuiltIn">
<msg time="2025-05-29T10:05:05.064098" level="INFO">Tentative d'initialisation du driver Appium...</msg>
<arg>Tentative d'initialisation du driver Appium...</arg>
<doc>Logs the given message with the given level.</doc>
<status status="PASS" start="2025-05-29T10:05:05.064098" elapsed="0.000000"/>
</kw>
<kw name="Log" owner="BuiltIn">
<msg time="2025-05-29T10:05:05.065083" level="INFO">URL Appium: C:\Users\bahae\Documents\PfeProject\test_cases\..\config.py</msg>
<arg>URL Appium: C:\\Users\\bahae\\Documents\\PfeProject\\test_cases${/}..${/}config.py</arg>
<doc>Logs the given message with the given level.</doc>
<status status="PASS" start="2025-05-29T10:05:05.064098" elapsed="0.000985"/>
</kw>
<kw name="Run Keyword And Ignore Error" owner="BuiltIn">
<kw name="Setup Driver" owner="Integration">
<msg time="2025-05-29T10:05:10.282982" level="FAIL">ProtocolError: ('Connection aborted.', ConnectionResetError(10054, 'Une connexion existante a dû être fermée par l’hôte distant', None, 10054, None))</msg>
<arg>${Device}</arg>
<doc>Initialise et retourne le driver Appium.</doc>
<status status="FAIL" start="2025-05-29T10:05:05.066087" elapsed="5.227977">ProtocolError: ('Connection aborted.', ConnectionResetError(10054, 'Une connexion existante a dû être fermée par l’hôte distant', None, 10054, None))</status>
</kw>
<msg time="2025-05-29T10:05:10.295068" level="INFO">${result} = ('FAIL', "ProtocolError: ('Connection aborted.', ConnectionResetError(10054, 'Une connexion existante a dû être fermée par l’hôte distant', None, 10054, None))")</msg>
<var>${result}</var>
<arg>setup driver</arg>
<arg>${Device}</arg>
<doc>Runs the given keyword with the given arguments and ignores possible error.</doc>
<status status="PASS" start="2025-05-29T10:05:05.066087" elapsed="5.228981"/>
</kw>
<kw name="Set Variable" owner="BuiltIn">
<msg time="2025-05-29T10:05:10.295591" level="INFO">${status} = FAIL</msg>
<msg time="2025-05-29T10:05:10.295591" level="INFO">${driver} = ProtocolError: ('Connection aborted.', ConnectionResetError(10054, 'Une connexion existante a dû être fermée par l’hôte distant', None, 10054, None))</msg>
<var>${status}</var>
<var>${driver}</var>
<arg>${result}</arg>
<doc>Returns the given values which can then be assigned to a variables.</doc>
<status status="PASS" start="2025-05-29T10:05:10.295068" elapsed="0.000523"/>
</kw>
<if>
<branch type="IF" condition="'${status}' == 'FAIL'">
<kw name="Log" owner="BuiltIn">
<msg time="2025-05-29T10:05:10.296658" level="INFO">Échec de l'initialisation du driver: ProtocolError: ('Connection aborted.', ConnectionResetError(10054, 'Une connexion existante a dû être fermée par l’hôte distant', None, 10054, None))</msg>
<arg>Échec de l'initialisation du driver: ${driver}</arg>
<doc>Logs the given message with the given level.</doc>
<status status="PASS" start="2025-05-29T10:05:10.296122" elapsed="0.000536"/>
</kw>
<kw name="Fail" owner="BuiltIn">
<msg time="2025-05-29T10:05:10.296658" level="FAIL">Impossible d'initialiser le driver Appium: ProtocolError: ('Connection aborted.', ConnectionResetError(10054, 'Une connexion existante a dû être fermée par l’hôte distant', None, 10054, None))</msg>
<arg>Impossible d'initialiser le driver Appium: ${driver}</arg>
<doc>Fails the test with the given message and optionally alters its tags.</doc>
<status status="FAIL" start="2025-05-29T10:05:10.296658" elapsed="0.000000">Impossible d'initialiser le driver Appium: ProtocolError: ('Connection aborted.', ConnectionResetError(10054, 'Une connexion existante a dû être fermée par l’hôte distant', None, 10054, None))</status>
</kw>
<status status="FAIL" start="2025-05-29T10:05:10.295591" elapsed="0.001067">Impossible d'initialiser le driver Appium: ProtocolError: ('Connection aborted.', ConnectionResetError(10054, 'Une connexion existante a dû être fermée par l’hôte distant', None, 10054, None))</status>
</branch>
<status status="FAIL" start="2025-05-29T10:05:10.295591" elapsed="0.001067">Impossible d'initialiser le driver Appium: ProtocolError: ('Connection aborted.', ConnectionResetError(10054, 'Une connexion existante a dû être fermée par l’hôte distant', None, 10054, None))</status>
</if>
<kw name="Set Suite Variable" owner="BuiltIn">
<arg>${driver}</arg>
<doc>Makes a variable available everywhere within the scope of the current suite.</doc>
<status status="NOT RUN" start="2025-05-29T10:05:10.296658" elapsed="0.000000"/>
</kw>
<kw name="Log" owner="BuiltIn">
<arg>Driver Appium initialisé avec succès</arg>
<doc>Logs the given message with the given level.</doc>
<status status="NOT RUN" start="2025-05-29T10:05:10.296658" elapsed="0.000000"/>
</kw>
<status status="FAIL" start="2025-05-29T10:05:05.063557" elapsed="5.233101">Impossible d'initialiser le driver Appium: ProtocolError: ('Connection aborted.', ConnectionResetError(10054, 'Une connexion existante a dû être fermée par l’hôte distant', None, 10054, None))</status>
</kw>
<test id="s1-t1" name="Test Audio Recording And Playback" line="236">
<doc>Verifies audio recording and playback functionality
- Navigates to audio recording app
- Records audio for a specified duration
- Plays back the recorded audio
- Supports both French and English interfaces</doc>
<tag>audio</tag>
<tag>playback</tag>
<tag>recording</tag>
<status status="FAIL" start="2025-05-29T10:05:10.297641" elapsed="0.000000">Parent suite setup failed:
Impossible d'initialiser le driver Appium: ProtocolError: ('Connection aborted.', ConnectionResetError(10054, 'Une connexion existante a dû être fermée par l’hôte distant', None, 10054, None))</status>
</test>
<test id="s1-t2" name="Test Audio Player And Playback" line="247">
<doc>Verifies audio recording and playback functionality
- Navigates to audio recording app
- Records audio for a specified duration
- Plays audio
- Supports both French and English interfaces</doc>
<tag>audio</tag>
<tag>playback</tag>
<tag>recording</tag>
<status status="FAIL" start="2025-05-29T10:05:10.297641" elapsed="0.001002">Parent suite setup failed:
Impossible d'initialiser le driver Appium: ProtocolError: ('Connection aborted.', ConnectionResetError(10054, 'Une connexion existante a dû être fermée par l’hôte distant', None, 10054, None))</status>
</test>
<kw name="Fermer Driver" type="TEARDOWN">
<kw name="Run Keyword And Return Status" owner="BuiltIn">
<kw name="Variable Should Exist" owner="BuiltIn">
<msg time="2025-05-29T10:05:10.299644" level="FAIL">Variable '${driver}' does not exist.</msg>
<arg>${driver}</arg>
<doc>Fails unless the given variable exists within the current scope.</doc>
<status status="FAIL" start="2025-05-29T10:05:10.298643" elapsed="0.001999">Variable '${driver}' does not exist.</status>
</kw>
<msg time="2025-05-29T10:05:10.300642" level="INFO">${driver_exists} = False</msg>
<var>${driver_exists}</var>
<arg>Variable Should Exist</arg>
<arg>${driver}</arg>
<doc>Runs the given keyword with given arguments and returns the status as a Boolean value.</doc>
<status status="PASS" start="2025-05-29T10:05:10.298643" elapsed="0.001999"/>
</kw>
<if>
<branch type="IF" condition="${driver_exists}">
<kw name="Run Keyword And Return Status" owner="BuiltIn">
<var>${close_success}</var>
<arg>Close Driver</arg>
<arg>${driver}</arg>
<doc>Runs the given keyword with given arguments and returns the status as a Boolean value.</doc>
<status status="NOT RUN" start="2025-05-29T10:05:10.300642" elapsed="0.000000"/>
</kw>
<if>
<branch type="IF" condition="not ${close_success}">
<kw name="Log" owner="BuiltIn">
<arg>Warning: Impossible de fermer proprement le driver Appium</arg>
<doc>Logs the given message with the given level.</doc>
<status status="NOT RUN" start="2025-05-29T10:05:10.300642" elapsed="0.000000"/>
</kw>
<status status="NOT RUN" start="2025-05-29T10:05:10.300642" elapsed="0.000000"/>
</branch>
<status status="NOT RUN" start="2025-05-29T10:05:10.300642" elapsed="0.000000"/>
</if>
<status status="NOT RUN" start="2025-05-29T10:05:10.300642" elapsed="0.000000"/>
</branch>
<status status="PASS" start="2025-05-29T10:05:10.300642" elapsed="0.000000"/>
</if>
<status status="PASS" start="2025-05-29T10:05:10.298643" elapsed="0.001999"/>
</kw>
<doc>Tests for audio recording and playback functionality
- Verifies audio recording capabilities
- Verifies audio playback capabilities
- Supports both French and English interfaces</doc>
<status status="FAIL" start="2025-05-29T10:05:01.350542" elapsed="8.950100">Suite setup failed:
Impossible d'initialiser le driver Appium: ProtocolError: ('Connection aborted.', ConnectionResetError(10054, 'Une connexion existante a dû être fermée par l’hôte distant', None, 10054, None))</status>
</suite>
<statistics>
<total>
<stat pass="0" fail="2" skip="0">All Tests</stat>
</total>
<tag>
<stat pass="0" fail="2" skip="0">audio</stat>
<stat pass="0" fail="2" skip="0">playback</stat>
<stat pass="0" fail="2" skip="0">recording</stat>
</tag>
<suite>
<stat name="TestsAudio" id="s1" pass="0" fail="2" skip="0">TestsAudio</stat>
</suite>
</statistics>
<errors>
</errors>
</robot>
