<?xml version="1.0" encoding="UTF-8"?>
<robot generator="Robot 7.2.2 (Python 3.12.5 on win32)" generated="2025-05-08T23:44:26.513048" rpa="false" schemaversion="5">
<suite id="s1" name="FonctionnaliteMaps" source="D:\pfe\PfeProject\test_cases\FonctionnaliteMaps.robot">
<kw name="Démarrer Driver" type="SETUP">
<kw name="Setup Driver" owner="Integration">
<msg time="2025-05-08T23:44:38.310994" level="INFO">${driver} = &lt;appium.webdriver.webdriver.WebDriver (session="7aa3180f-def3-4e70-a451-6753069c6041")&gt;</msg>
<var>${driver}</var>
<arg>${Device}</arg>
<doc>Initialise et retourne le driver Appium.</doc>
<status status="PASS" start="2025-05-08T23:44:29.441078" elapsed="8.869916"/>
</kw>
<kw name="Set Suite Variable" owner="BuiltIn">
<msg time="2025-05-08T23:44:38.311992" level="INFO">${driver} = &lt;appium.webdriver.webdriver.WebDriver (session="7aa3180f-def3-4e70-a451-6753069c6041")&gt;</msg>
<arg>${driver}</arg>
<doc>Makes a variable available everywhere within the scope of the current suite.</doc>
<status status="PASS" start="2025-05-08T23:44:38.310994" elapsed="0.000998"/>
</kw>
<kw name="Initialize Language Settings">
<kw name="Get System Language" owner="Integration">
<msg time="2025-05-08T23:44:38.369034" level="INFO">${lang} = fr</msg>
<var>${lang}</var>
<arg>${Device}</arg>
<status status="PASS" start="2025-05-08T23:44:38.311992" elapsed="0.057042"/>
</kw>
<kw name="Set Variable If" owner="BuiltIn">
<msg time="2025-05-08T23:44:38.369034" level="INFO">${lang_dict} = {'System': 'Système', 'Setting': 'Paramètres', 'Gps': 'Position', 'use_loc': 'Utiliser la localisation', 'acces': 'Accès à la position'}</msg>
<var>${lang_dict}</var>
<arg>'${lang}' == 'fr'</arg>
<arg>${LANG_FR}</arg>
<arg>${LANG_EN}</arg>
<doc>Sets variable based on the given condition.</doc>
<status status="PASS" start="2025-05-08T23:44:38.369034" elapsed="0.000000"/>
</kw>
<kw name="Set Suite Variable" owner="BuiltIn">
<msg time="2025-05-08T23:44:38.370031" level="INFO">${LANG_DICT} = {'System': 'Système', 'Setting': 'Paramètres', 'Gps': 'Position', 'use_loc': 'Utiliser la localisation', 'acces': 'Accès à la position'}</msg>
<arg>${LANG_DICT}</arg>
<arg>${lang_dict}</arg>
<doc>Makes a variable available everywhere within the scope of the current suite.</doc>
<status status="PASS" start="2025-05-08T23:44:38.370031" elapsed="0.000000"/>
</kw>
<doc>Sets up language-specific variables based on system language</doc>
<status status="PASS" start="2025-05-08T23:44:38.311992" elapsed="0.058039"/>
</kw>
<doc>Initializes the test driver</doc>
<status status="PASS" start="2025-05-08T23:44:29.422561" elapsed="8.947470"/>
</kw>
<test id="s1-t1" name="Test Ouvrir Gps" line="149">
<kw name="Execute Test With Retry">
<kw name="Set Variable" owner="BuiltIn">
<msg time="2025-05-08T23:44:38.371032" level="INFO">${attempt} = 1</msg>
<var>${attempt}</var>
<arg>1</arg>
<doc>Returns the given values which can then be assigned to a variables.</doc>
<status status="PASS" start="2025-05-08T23:44:38.371032" elapsed="0.000000"/>
</kw>
<kw name="Set Variable" owner="BuiltIn">
<msg time="2025-05-08T23:44:38.372032" level="INFO">${test_status} = False</msg>
<var>${test_status}</var>
<arg>${FALSE}</arg>
<doc>Returns the given values which can then be assigned to a variables.</doc>
<status status="PASS" start="2025-05-08T23:44:38.372032" elapsed="0.000000"/>
</kw>
<for flavor="IN RANGE">
<iter>
<kw name="Run Keyword And Return Status" owner="BuiltIn">
<kw name="Execute Open Gps Test">
<kw name="Open Application With Click" owner="Integration">
<msg time="2025-05-08T23:45:06.302414" level="INFO">📌 Liste des applications détectées : ['Agenda', 'Appium Settings', 'ARD Audiothek', 'Audio Bluetooth', 'Crunchyroll', 'Enregistreur vocal', 'Google Assistant', 'Google\xa0Actualités', 'Home Assistant', 'Local Media Player', 'Maps', 'Paramètres', 'Play\xa0Store', 'Prime Video', 'SMS']
📌 First Home Page détectée : ['Agenda', 'Appium Settings', 'ARD Audiothek', 'Audio Bluetooth', 'Crunchyroll', 'Enregistreur vocal', 'Google Assistant', 'Google\xa0Actualités', 'Home Assistant', 'Local Media Player', 'Maps', 'Paramètres', 'Play\xa0Store', 'Prime Video', 'SMS']

📌 Liste des applications détectées : ['Agenda', 'Appium Settings', 'ARD Audiothek', 'Audio Bluetooth', 'Crunchyroll', 'Enregistreur vocal', 'Google Assistant', 'Google\xa0Actualités', 'Home Assistant', 'Local Media Player', 'Maps', 'Paramètres', 'Play\xa0Store', 'Prime Video', 'SMS']
✅ Retour à la first home page !

📌 Liste des applications détectées : ['Agenda', 'Appium Settings', 'ARD Audiothek', 'Audio Bluetooth', 'Crunchyroll', 'Enregistreur vocal', 'Google Assistant', 'Google\xa0Actualités', 'Home Assistant', 'Local Media Player', 'Maps', 'Paramètres', 'Play\xa0Store', 'Prime Video', 'SMS']
378 619 522 657</msg>
<msg time="2025-05-08T23:45:06.302414" level="INFO">${resultat} = True</msg>
<var>${resultat}</var>
<arg>${driver}</arg>
<arg>${LANG_DICT.Setting}</arg>
<status status="PASS" start="2025-05-08T23:44:38.373032" elapsed="27.930380"/>
</kw>
<kw name="Sleep" owner="BuiltIn">
<msg time="2025-05-08T23:45:06.803486" level="INFO">Slept 500 milliseconds.</msg>
<arg>${QUICK_WAIT}</arg>
<doc>Pauses the test executed for the given time.</doc>
<status status="PASS" start="2025-05-08T23:45:06.303412" elapsed="0.500074"/>
</kw>
<kw name="Clique Sur Setting Include" owner="Integration">
<msg time="2025-05-08T23:45:33.353182" level="INFO">📌 Liste des applications détectées : ['Bluetooth', 'Réseau et Internet', 'Notifications', 'Son', 'Écran', 'Profils et comptes', 'Position', 'Utiliser la localisation', "Fonctionnalités d'aide à la conduite"]
📌 First Home Page détectée : ['Bluetooth', 'Réseau et Internet', 'Notifications', 'Son', 'Écran', 'Profils et comptes', 'Position', 'Utiliser la localisation', "Fonctionnalités d'aide à la conduite"]
🔄 Swipe #1 en cours...

📌 Liste des applications détectées : ['Bluetooth', 'Réseau et Internet', 'Notifications', 'Son', 'Écran', 'Profils et comptes', 'Position', 'Utiliser la localisation', "Fonctionnalités d'aide à la conduite"]
✅ Retour à la first home page !
First Home Page détectée : ['Écran', 'Profils et comptes', 'Bluetooth', 'Réseau et Internet', 'Notifications', 'Position', 'Son']
 Position trouvé ! Appui sur le texte contenant 'Position'.</msg>
<arg>${driver}</arg>
<arg>${LANG_DICT.Gps}</arg>
<arg>${Setting_menu}</arg>
<status status="PASS" start="2025-05-08T23:45:06.803486" elapsed="26.549696"/>
</kw>
<kw name="Clique Sur Setting Include" owner="Integration">
<msg time="2025-05-08T23:45:58.411968" level="INFO">📌 Liste des applications détectées : ['Bluetooth', 'Réseau et Internet', 'Notifications', 'Son', 'Écran', 'Profils et comptes', 'Position', 'Accès à la position', 'Autorisations des applis', 'Accès récent(s)', 'Maps', 'Appium Settings']
📌 First Home Page détectée : ['Bluetooth', 'Réseau et Internet', 'Notifications', 'Son', 'Écran', 'Profils et comptes', 'Position', 'Accès à la position', 'Autorisations des applis', 'Accès récent(s)', 'Maps', 'Appium Settings']
🔄 Swipe #1 en cours...

📌 Liste des applications détectées : ['Bluetooth', 'Réseau et Internet', 'Notifications', 'Son', 'Écran', 'Profils et comptes', 'Position', 'Accès à la position', 'Autorisations des applis', 'Accès récent(s)', 'Maps', 'Appium Settings']
✅ Retour à la first home page !
First Home Page détectée : ['Accès à la position', 'Maps', 'il y a 0\xa0min', 'Appium Settings', 'Accès récent(s)', 'Autorisations des applis', 'Choisissez si les applis ont accès la position de votre voiture', 'Gérez les autorisations de chaque appli']
 Accès à la position trouvé ! Appui sur le texte contenant 'Accès à la position'.</msg>
<arg>${driver}</arg>
<arg>${LANG_DICT.acces}</arg>
<arg>${Setting_system}</arg>
<status status="PASS" start="2025-05-08T23:45:33.353182" elapsed="25.058786"/>
</kw>
<kw name="Activer Toggle Si Desactive" owner="Integration">
<msg time="2025-05-08T23:46:00.125909" level="INFO">true</msg>
<arg>${driver}</arg>
<arg>${LANG_DICT.use_loc}</arg>
<status status="PASS" start="2025-05-08T23:45:58.411968" elapsed="1.713941"/>
</kw>
<kw name="Is Gps Enabled Adb" owner="Integration">
<msg time="2025-05-08T23:46:00.206058" level="INFO">✅ Le GPS est activé (location_mode = 3).</msg>
<msg time="2025-05-08T23:46:00.207057" level="INFO">${verfier_gps_adb} = True</msg>
<var>${verfier_gps_adb}</var>
<arg>${driver}</arg>
<doc>Vérifie si le GPS (services de localisation) est activé via ADB pour un device donné.</doc>
<status status="PASS" start="2025-05-08T23:46:00.125909" elapsed="0.081148"/>
</kw>
<kw name="Should Be True" owner="BuiltIn">
<arg>${verfier_gps_adb}</arg>
<arg>Le GPS ne s'active pas (via ADB)</arg>
<doc>Fails if the given condition is not true.</doc>
<status status="PASS" start="2025-05-08T23:46:00.207057" elapsed="0.000000"/>
</kw>
<doc>Tests GPS activation</doc>
<status status="PASS" start="2025-05-08T23:44:38.373032" elapsed="81.834025"/>
</kw>
<msg time="2025-05-08T23:46:00.207057" level="INFO">${test_status} = True</msg>
<var>${test_status}</var>
<arg>${test_keyword}</arg>
<doc>Runs the given keyword with given arguments and returns the status as a Boolean value.</doc>
<status status="PASS" start="2025-05-08T23:44:38.372032" elapsed="81.836025"/>
</kw>
<if>
<branch type="IF" condition="${test_status}">
<kw name="Log" owner="BuiltIn">
<msg time="2025-05-08T23:46:00.208057" level="INFO">Test Test Ouvrir Gps réussi</msg>
<arg>Test ${test_name} réussi</arg>
<doc>Logs the given message with the given level.</doc>
<status status="PASS" start="2025-05-08T23:46:00.208057" elapsed="0.000000"/>
</kw>
<kw name="Exit For Loop" owner="BuiltIn">
<msg time="2025-05-08T23:46:00.208057" level="INFO">Exiting for loop altogether.</msg>
<doc>Stops executing the enclosing FOR loop.</doc>
<status status="PASS" start="2025-05-08T23:46:00.208057" elapsed="0.000000"/>
</kw>
<status status="PASS" start="2025-05-08T23:46:00.208057" elapsed="0.001002"/>
</branch>
<branch type="ELSE">
<kw name="Evaluate" owner="BuiltIn">
<var>${attempt}</var>
<arg>${attempt} + 1</arg>
<doc>Evaluates the given expression in Python and returns the result.</doc>
<status status="NOT RUN" start="2025-05-08T23:46:00.209059" elapsed="0.000000"/>
</kw>
<if>
<branch type="IF" condition="${attempt} &lt;= ${MAX_RETRIES}">
<kw name="Log" owner="BuiltIn">
<arg>Test ${test_name} échoué - Tentative ${attempt}/${MAX_RETRIES}</arg>
<doc>Logs the given message with the given level.</doc>
<status status="NOT RUN" start="2025-05-08T23:46:00.209059" elapsed="0.000000"/>
</kw>
<kw name="Sleep" owner="BuiltIn">
<arg>${RETRY_DELAY}</arg>
<doc>Pauses the test executed for the given time.</doc>
<status status="NOT RUN" start="2025-05-08T23:46:00.209059" elapsed="0.000000"/>
</kw>
<status status="NOT RUN" start="2025-05-08T23:46:00.209059" elapsed="0.000000"/>
</branch>
<status status="NOT RUN" start="2025-05-08T23:46:00.209059" elapsed="0.000000"/>
</if>
<status status="NOT RUN" start="2025-05-08T23:46:00.209059" elapsed="0.000000"/>
</branch>
<status status="PASS" start="2025-05-08T23:46:00.208057" elapsed="0.001002"/>
</if>
<var name="${index}">0</var>
<status status="PASS" start="2025-05-08T23:44:38.372032" elapsed="81.837027"/>
</iter>
<var>${index}</var>
<value>${MAX_RETRIES}</value>
<status status="PASS" start="2025-05-08T23:44:38.372032" elapsed="81.837027"/>
</for>
<if>
<branch type="IF" condition="not ${test_status}">
<kw name="Fail" owner="BuiltIn">
<arg>Le test ${test_name} a échoué après ${MAX_RETRIES} tentatives</arg>
<doc>Fails the test with the given message and optionally alters its tags.</doc>
<status status="NOT RUN" start="2025-05-08T23:46:00.210060" elapsed="0.000000"/>
</kw>
<status status="NOT RUN" start="2025-05-08T23:46:00.209059" elapsed="0.001001"/>
</branch>
<status status="PASS" start="2025-05-08T23:46:00.209059" elapsed="0.001001"/>
</if>
<arg>Execute Open Gps Test</arg>
<arg>Test Ouvrir Gps</arg>
<status status="PASS" start="2025-05-08T23:44:38.371032" elapsed="81.839028"/>
</kw>
<doc>Teste l'activation du GPS
- Ouvre les paramètres
- Active le GPS
- Vérifie l'activation via ADB</doc>
<tag>gps</tag>
<tag>smoke</tag>
<status status="PASS" start="2025-05-08T23:44:38.370031" elapsed="81.840029"/>
</test>
<test id="s1-t2" name="Test GPS Location Functionality" line="157">
<kw name="Execute Test With Retry">
<kw name="Set Variable" owner="BuiltIn">
<msg time="2025-05-08T23:46:00.212059" level="INFO">${attempt} = 1</msg>
<var>${attempt}</var>
<arg>1</arg>
<doc>Returns the given values which can then be assigned to a variables.</doc>
<status status="PASS" start="2025-05-08T23:46:00.212059" elapsed="0.000000"/>
</kw>
<kw name="Set Variable" owner="BuiltIn">
<msg time="2025-05-08T23:46:00.212059" level="INFO">${test_status} = False</msg>
<var>${test_status}</var>
<arg>${FALSE}</arg>
<doc>Returns the given values which can then be assigned to a variables.</doc>
<status status="PASS" start="2025-05-08T23:46:00.212059" elapsed="0.000000"/>
</kw>
<for flavor="IN RANGE">
<iter>
<kw name="Run Keyword And Return Status" owner="BuiltIn">
<kw name="Execute Gps Location Test">
<kw name="Set Location ViaAdb" owner="Integration">
<msg time="2025-05-08T23:46:00.264094" level="INFO">[OK] Position définie : -74.0060, 40.7128</msg>
<arg>${Device}</arg>
<arg>${Longitude}</arg>
<arg>${Latitude}</arg>
<doc>Définit une nouvelle position GPS via une API Flask sur le host.</doc>
<status status="PASS" start="2025-05-08T23:46:00.213059" elapsed="0.051035"/>
</kw>
<kw name="Sleep" owner="BuiltIn">
<msg time="2025-05-08T23:46:00.764444" level="INFO">Slept 500 milliseconds.</msg>
<arg>${QUICK_WAIT}</arg>
<doc>Pauses the test executed for the given time.</doc>
<status status="PASS" start="2025-05-08T23:46:00.264094" elapsed="0.500350"/>
</kw>
<kw name="Get Location ViaAdb" owner="Integration">
<msg time="2025-05-08T23:46:00.875027" level="INFO">${current_latitude} = 35.6895</msg>
<msg time="2025-05-08T23:46:00.875027" level="INFO">${current_longitude} = 139.691698</msg>
<var>${current_latitude}</var>
<var>${current_longitude}</var>
<arg>${Device}</arg>
<status status="PASS" start="2025-05-08T23:46:00.764444" elapsed="0.110583"/>
</kw>
<kw name="Should Be Equal As Numbers" owner="BuiltIn">
<msg time="2025-05-08T23:46:00.877025" level="INFO">Argument types are:
&lt;class 'float'&gt;
&lt;class 'str'&gt;</msg>
<msg time="2025-05-08T23:46:00.878024" level="FAIL">La latitude n'a pas été mise à jour correctement: 36.0 != 41.0</msg>
<arg>${current_latitude}</arg>
<arg>${Latitude}</arg>
<arg>La latitude n'a pas été mise à jour correctement</arg>
<arg>precision=0.0001</arg>
<doc>Fails if objects are unequal after converting them to real numbers.</doc>
<status status="FAIL" start="2025-05-08T23:46:00.875027" elapsed="0.002997">La latitude n'a pas été mise à jour correctement: 36.0 != 41.0</status>
</kw>
<kw name="Should Be Equal As Numbers" owner="BuiltIn">
<arg>${current_longitude}</arg>
<arg>${Longitude}</arg>
<arg>La longitude n'a pas été mise à jour correctement</arg>
<arg>precision=0.0001</arg>
<doc>Fails if objects are unequal after converting them to real numbers.</doc>
<status status="NOT RUN" start="2025-05-08T23:46:00.878024" elapsed="0.000000"/>
</kw>
<doc>Tests GPS location functionality</doc>
<status status="FAIL" start="2025-05-08T23:46:00.213059" elapsed="0.664965">La latitude n'a pas été mise à jour correctement: 36.0 != 41.0</status>
</kw>
<msg time="2025-05-08T23:46:00.878024" level="INFO">${test_status} = False</msg>
<var>${test_status}</var>
<arg>${test_keyword}</arg>
<doc>Runs the given keyword with given arguments and returns the status as a Boolean value.</doc>
<status status="PASS" start="2025-05-08T23:46:00.213059" elapsed="0.664965"/>
</kw>
<if>
<branch type="IF" condition="${test_status}">
<kw name="Log" owner="BuiltIn">
<arg>Test ${test_name} réussi</arg>
<doc>Logs the given message with the given level.</doc>
<status status="NOT RUN" start="2025-05-08T23:46:00.879025" elapsed="0.000000"/>
</kw>
<kw name="Exit For Loop" owner="BuiltIn">
<doc>Stops executing the enclosing FOR loop.</doc>
<status status="NOT RUN" start="2025-05-08T23:46:00.879025" elapsed="0.000000"/>
</kw>
<status status="NOT RUN" start="2025-05-08T23:46:00.878024" elapsed="0.001001"/>
</branch>
<branch type="ELSE">
<kw name="Evaluate" owner="BuiltIn">
<msg time="2025-05-08T23:46:00.879580" level="INFO">${attempt} = 2</msg>
<var>${attempt}</var>
<arg>${attempt} + 1</arg>
<doc>Evaluates the given expression in Python and returns the result.</doc>
<status status="PASS" start="2025-05-08T23:46:00.879580" elapsed="0.000000"/>
</kw>
<if>
<branch type="IF" condition="${attempt} &lt;= ${MAX_RETRIES}">
<kw name="Log" owner="BuiltIn">
<msg time="2025-05-08T23:46:00.880110" level="INFO">Test Test GPS Location Functionality échoué - Tentative 2/3</msg>
<arg>Test ${test_name} échoué - Tentative ${attempt}/${MAX_RETRIES}</arg>
<doc>Logs the given message with the given level.</doc>
<status status="PASS" start="2025-05-08T23:46:00.880110" elapsed="0.000000"/>
</kw>
<kw name="Sleep" owner="BuiltIn">
<msg time="2025-05-08T23:46:02.880666" level="INFO">Slept 2 seconds.</msg>
<arg>${RETRY_DELAY}</arg>
<doc>Pauses the test executed for the given time.</doc>
<status status="PASS" start="2025-05-08T23:46:00.880110" elapsed="2.000556"/>
</kw>
<status status="PASS" start="2025-05-08T23:46:00.879580" elapsed="2.001086"/>
</branch>
<status status="PASS" start="2025-05-08T23:46:00.879580" elapsed="2.001086"/>
</if>
<status status="PASS" start="2025-05-08T23:46:00.879025" elapsed="2.001641"/>
</branch>
<status status="PASS" start="2025-05-08T23:46:00.878024" elapsed="2.002642"/>
</if>
<var name="${index}">0</var>
<status status="PASS" start="2025-05-08T23:46:00.213059" elapsed="2.667607"/>
</iter>
<iter>
<kw name="Run Keyword And Return Status" owner="BuiltIn">
<kw name="Execute Gps Location Test">
<kw name="Set Location ViaAdb" owner="Integration">
<msg time="2025-05-08T23:46:02.918708" level="INFO">[OK] Position définie : -74.0060, 40.7128</msg>
<arg>${Device}</arg>
<arg>${Longitude}</arg>
<arg>${Latitude}</arg>
<doc>Définit une nouvelle position GPS via une API Flask sur le host.</doc>
<status status="PASS" start="2025-05-08T23:46:02.882667" elapsed="0.036041"/>
</kw>
<kw name="Sleep" owner="BuiltIn">
<msg time="2025-05-08T23:46:03.420231" level="INFO">Slept 500 milliseconds.</msg>
<arg>${QUICK_WAIT}</arg>
<doc>Pauses the test executed for the given time.</doc>
<status status="PASS" start="2025-05-08T23:46:02.919708" elapsed="0.500523"/>
</kw>
<kw name="Get Location ViaAdb" owner="Integration">
<msg time="2025-05-08T23:46:03.562368" level="INFO">${current_latitude} = 35.6895</msg>
<msg time="2025-05-08T23:46:03.562368" level="INFO">${current_longitude} = 139.691698</msg>
<var>${current_latitude}</var>
<var>${current_longitude}</var>
<arg>${Device}</arg>
<status status="PASS" start="2025-05-08T23:46:03.420231" elapsed="0.142137"/>
</kw>
<kw name="Should Be Equal As Numbers" owner="BuiltIn">
<msg time="2025-05-08T23:46:03.562887" level="INFO">Argument types are:
&lt;class 'float'&gt;
&lt;class 'str'&gt;</msg>
<msg time="2025-05-08T23:46:03.562887" level="FAIL">La latitude n'a pas été mise à jour correctement: 36.0 != 41.0</msg>
<arg>${current_latitude}</arg>
<arg>${Latitude}</arg>
<arg>La latitude n'a pas été mise à jour correctement</arg>
<arg>precision=0.0001</arg>
<doc>Fails if objects are unequal after converting them to real numbers.</doc>
<status status="FAIL" start="2025-05-08T23:46:03.562887" elapsed="0.000000">La latitude n'a pas été mise à jour correctement: 36.0 != 41.0</status>
</kw>
<kw name="Should Be Equal As Numbers" owner="BuiltIn">
<arg>${current_longitude}</arg>
<arg>${Longitude}</arg>
<arg>La longitude n'a pas été mise à jour correctement</arg>
<arg>precision=0.0001</arg>
<doc>Fails if objects are unequal after converting them to real numbers.</doc>
<status status="NOT RUN" start="2025-05-08T23:46:03.562887" elapsed="0.000000"/>
</kw>
<doc>Tests GPS location functionality</doc>
<status status="FAIL" start="2025-05-08T23:46:02.881664" elapsed="0.681223">La latitude n'a pas été mise à jour correctement: 36.0 != 41.0</status>
</kw>
<msg time="2025-05-08T23:46:03.563882" level="INFO">${test_status} = False</msg>
<var>${test_status}</var>
<arg>${test_keyword}</arg>
<doc>Runs the given keyword with given arguments and returns the status as a Boolean value.</doc>
<status status="PASS" start="2025-05-08T23:46:02.881664" elapsed="0.682218"/>
</kw>
<if>
<branch type="IF" condition="${test_status}">
<kw name="Log" owner="BuiltIn">
<arg>Test ${test_name} réussi</arg>
<doc>Logs the given message with the given level.</doc>
<status status="NOT RUN" start="2025-05-08T23:46:03.563882" elapsed="0.000000"/>
</kw>
<kw name="Exit For Loop" owner="BuiltIn">
<doc>Stops executing the enclosing FOR loop.</doc>
<status status="NOT RUN" start="2025-05-08T23:46:03.563882" elapsed="0.000000"/>
</kw>
<status status="NOT RUN" start="2025-05-08T23:46:03.563882" elapsed="0.000000"/>
</branch>
<branch type="ELSE">
<kw name="Evaluate" owner="BuiltIn">
<msg time="2025-05-08T23:46:03.563882" level="INFO">${attempt} = 3</msg>
<var>${attempt}</var>
<arg>${attempt} + 1</arg>
<doc>Evaluates the given expression in Python and returns the result.</doc>
<status status="PASS" start="2025-05-08T23:46:03.563882" elapsed="0.000000"/>
</kw>
<if>
<branch type="IF" condition="${attempt} &lt;= ${MAX_RETRIES}">
<kw name="Log" owner="BuiltIn">
<msg time="2025-05-08T23:46:03.564882" level="INFO">Test Test GPS Location Functionality échoué - Tentative 3/3</msg>
<arg>Test ${test_name} échoué - Tentative ${attempt}/${MAX_RETRIES}</arg>
<doc>Logs the given message with the given level.</doc>
<status status="PASS" start="2025-05-08T23:46:03.564882" elapsed="0.000000"/>
</kw>
<kw name="Sleep" owner="BuiltIn">
<msg time="2025-05-08T23:46:05.565272" level="INFO">Slept 2 seconds.</msg>
<arg>${RETRY_DELAY}</arg>
<doc>Pauses the test executed for the given time.</doc>
<status status="PASS" start="2025-05-08T23:46:03.564882" elapsed="2.000390"/>
</kw>
<status status="PASS" start="2025-05-08T23:46:03.563882" elapsed="2.001390"/>
</branch>
<status status="PASS" start="2025-05-08T23:46:03.563882" elapsed="2.001390"/>
</if>
<status status="PASS" start="2025-05-08T23:46:03.563882" elapsed="2.001390"/>
</branch>
<status status="PASS" start="2025-05-08T23:46:03.563882" elapsed="2.001390"/>
</if>
<var name="${index}">1</var>
<status status="PASS" start="2025-05-08T23:46:02.880666" elapsed="2.684606"/>
</iter>
<iter>
<kw name="Run Keyword And Return Status" owner="BuiltIn">
<kw name="Execute Gps Location Test">
<kw name="Set Location ViaAdb" owner="Integration">
<msg time="2025-05-08T23:46:05.606153" level="INFO">[OK] Position définie : -74.0060, 40.7128</msg>
<arg>${Device}</arg>
<arg>${Longitude}</arg>
<arg>${Latitude}</arg>
<doc>Définit une nouvelle position GPS via une API Flask sur le host.</doc>
<status status="PASS" start="2025-05-08T23:46:05.566271" elapsed="0.039882"/>
</kw>
<kw name="Sleep" owner="BuiltIn">
<msg time="2025-05-08T23:46:06.107306" level="INFO">Slept 500 milliseconds.</msg>
<arg>${QUICK_WAIT}</arg>
<doc>Pauses the test executed for the given time.</doc>
<status status="PASS" start="2025-05-08T23:46:05.607152" elapsed="0.500154"/>
</kw>
<kw name="Get Location ViaAdb" owner="Integration">
<msg time="2025-05-08T23:46:06.243293" level="INFO">${current_latitude} = 35.6895</msg>
<msg time="2025-05-08T23:46:06.243293" level="INFO">${current_longitude} = 139.691698</msg>
<var>${current_latitude}</var>
<var>${current_longitude}</var>
<arg>${Device}</arg>
<status status="PASS" start="2025-05-08T23:46:06.107306" elapsed="0.135987"/>
</kw>
<kw name="Should Be Equal As Numbers" owner="BuiltIn">
<msg time="2025-05-08T23:46:06.244295" level="INFO">Argument types are:
&lt;class 'float'&gt;
&lt;class 'str'&gt;</msg>
<msg time="2025-05-08T23:46:06.244295" level="FAIL">La latitude n'a pas été mise à jour correctement: 36.0 != 41.0</msg>
<arg>${current_latitude}</arg>
<arg>${Latitude}</arg>
<arg>La latitude n'a pas été mise à jour correctement</arg>
<arg>precision=0.0001</arg>
<doc>Fails if objects are unequal after converting them to real numbers.</doc>
<status status="FAIL" start="2025-05-08T23:46:06.244295" elapsed="0.000000">La latitude n'a pas été mise à jour correctement: 36.0 != 41.0</status>
</kw>
<kw name="Should Be Equal As Numbers" owner="BuiltIn">
<arg>${current_longitude}</arg>
<arg>${Longitude}</arg>
<arg>La longitude n'a pas été mise à jour correctement</arg>
<arg>precision=0.0001</arg>
<doc>Fails if objects are unequal after converting them to real numbers.</doc>
<status status="NOT RUN" start="2025-05-08T23:46:06.244295" elapsed="0.000000"/>
</kw>
<doc>Tests GPS location functionality</doc>
<status status="FAIL" start="2025-05-08T23:46:05.566271" elapsed="0.679024">La latitude n'a pas été mise à jour correctement: 36.0 != 41.0</status>
</kw>
<msg time="2025-05-08T23:46:06.245295" level="INFO">${test_status} = False</msg>
<var>${test_status}</var>
<arg>${test_keyword}</arg>
<doc>Runs the given keyword with given arguments and returns the status as a Boolean value.</doc>
<status status="PASS" start="2025-05-08T23:46:05.566271" elapsed="0.679024"/>
</kw>
<if>
<branch type="IF" condition="${test_status}">
<kw name="Log" owner="BuiltIn">
<arg>Test ${test_name} réussi</arg>
<doc>Logs the given message with the given level.</doc>
<status status="NOT RUN" start="2025-05-08T23:46:06.245295" elapsed="0.000000"/>
</kw>
<kw name="Exit For Loop" owner="BuiltIn">
<doc>Stops executing the enclosing FOR loop.</doc>
<status status="NOT RUN" start="2025-05-08T23:46:06.245295" elapsed="0.000000"/>
</kw>
<status status="NOT RUN" start="2025-05-08T23:46:06.245295" elapsed="0.000000"/>
</branch>
<branch type="ELSE">
<kw name="Evaluate" owner="BuiltIn">
<msg time="2025-05-08T23:46:06.245295" level="INFO">${attempt} = 4</msg>
<var>${attempt}</var>
<arg>${attempt} + 1</arg>
<doc>Evaluates the given expression in Python and returns the result.</doc>
<status status="PASS" start="2025-05-08T23:46:06.245295" elapsed="0.000000"/>
</kw>
<if>
<branch type="IF" condition="${attempt} &lt;= ${MAX_RETRIES}">
<kw name="Log" owner="BuiltIn">
<arg>Test ${test_name} échoué - Tentative ${attempt}/${MAX_RETRIES}</arg>
<doc>Logs the given message with the given level.</doc>
<status status="NOT RUN" start="2025-05-08T23:46:06.246294" elapsed="0.000000"/>
</kw>
<kw name="Sleep" owner="BuiltIn">
<arg>${RETRY_DELAY}</arg>
<doc>Pauses the test executed for the given time.</doc>
<status status="NOT RUN" start="2025-05-08T23:46:06.246294" elapsed="0.000000"/>
</kw>
<status status="NOT RUN" start="2025-05-08T23:46:06.246294" elapsed="0.000000"/>
</branch>
<status status="PASS" start="2025-05-08T23:46:06.246294" elapsed="0.000000"/>
</if>
<status status="PASS" start="2025-05-08T23:46:06.245295" elapsed="0.000999"/>
</branch>
<status status="PASS" start="2025-05-08T23:46:06.245295" elapsed="0.000999"/>
</if>
<var name="${index}">2</var>
<status status="PASS" start="2025-05-08T23:46:05.565272" elapsed="0.681022"/>
</iter>
<var>${index}</var>
<value>${MAX_RETRIES}</value>
<status status="PASS" start="2025-05-08T23:46:00.212059" elapsed="6.034235"/>
</for>
<if>
<branch type="IF" condition="not ${test_status}">
<kw name="Fail" owner="BuiltIn">
<msg time="2025-05-08T23:46:06.246294" level="FAIL">Le test Test GPS Location Functionality a échoué après 3 tentatives</msg>
<arg>Le test ${test_name} a échoué après ${MAX_RETRIES} tentatives</arg>
<doc>Fails the test with the given message and optionally alters its tags.</doc>
<status status="FAIL" start="2025-05-08T23:46:06.246294" elapsed="0.000998">Le test Test GPS Location Functionality a échoué après 3 tentatives</status>
</kw>
<status status="FAIL" start="2025-05-08T23:46:06.246294" elapsed="0.000998">Le test Test GPS Location Functionality a échoué après 3 tentatives</status>
</branch>
<status status="FAIL" start="2025-05-08T23:46:06.246294" elapsed="0.000998">Le test Test GPS Location Functionality a échoué après 3 tentatives</status>
</if>
<arg>Execute Gps Location Test</arg>
<arg>Test GPS Location Functionality</arg>
<status status="FAIL" start="2025-05-08T23:46:00.211059" elapsed="6.036233">Le test Test GPS Location Functionality a échoué après 3 tentatives</status>
</kw>
<doc>Teste la fonctionnalité de modification de position GPS
- Définit une position GPS spécifique via ADB
- Vérifie que la position a bien été mise à jour</doc>
<tag>gps</tag>
<tag>location</tag>
<status status="FAIL" start="2025-05-08T23:46:00.210060" elapsed="6.037232">Le test Test GPS Location Functionality a échoué après 3 tentatives</status>
</test>
<test id="s1-t3" name="Test GPS Multi-Location" line="164">
<for flavor="IN">
<iter>
<kw name="Test GPS Location For Coordinates">
<kw name="Set Location ViaAdb" owner="Integration">
<msg time="2025-05-08T23:46:06.284853" level="INFO">[OK] Position définie : -74.0060, 40.7128</msg>
<arg>${Device}</arg>
<arg>${longitude}</arg>
<arg>${latitude}</arg>
<doc>Définit une nouvelle position GPS via une API Flask sur le host.</doc>
<status status="PASS" start="2025-05-08T23:46:06.248292" elapsed="0.036561"/>
</kw>
<kw name="Sleep" owner="BuiltIn">
<msg time="2025-05-08T23:46:08.286152" level="INFO">Slept 2 seconds.</msg>
<arg>2s</arg>
<doc>Pauses the test executed for the given time.</doc>
<status status="PASS" start="2025-05-08T23:46:06.285853" elapsed="2.000299"/>
</kw>
<kw name="Get Location ViaAdb" owner="Integration">
<msg time="2025-05-08T23:46:08.356186" level="INFO">${current_latitude} = 35.6895</msg>
<msg time="2025-05-08T23:46:08.356186" level="INFO">${current_longitude} = 139.691698</msg>
<var>${current_latitude}</var>
<var>${current_longitude}</var>
<arg>${Device}</arg>
<status status="PASS" start="2025-05-08T23:46:08.286152" elapsed="0.070034"/>
</kw>
<kw name="Log" owner="BuiltIn">
<msg time="2025-05-08T23:46:08.357185" level="INFO">Vérification: attendu 40.7128, obtenu 35.6895</msg>
<arg>Vérification: attendu ${latitude}, obtenu ${current_latitude}</arg>
<doc>Logs the given message with the given level.</doc>
<status status="PASS" start="2025-05-08T23:46:08.357185" elapsed="0.000000"/>
</kw>
<kw name="Should Be Equal As Numbers" owner="BuiltIn">
<msg time="2025-05-08T23:46:08.357185" level="INFO">Argument types are:
&lt;class 'float'&gt;
&lt;class 'str'&gt;</msg>
<msg time="2025-05-08T23:46:08.357185" level="FAIL">La latitude n'a pas été mise à jour correctement: 36.0 != 41.0</msg>
<arg>${current_latitude}</arg>
<arg>${latitude}</arg>
<arg>La latitude n'a pas été mise à jour correctement</arg>
<arg>precision=0.0001</arg>
<doc>Fails if objects are unequal after converting them to real numbers.</doc>
<status status="FAIL" start="2025-05-08T23:46:08.357185" elapsed="0.001001">La latitude n'a pas été mise à jour correctement: 36.0 != 41.0</status>
</kw>
<kw name="Should Be Equal As Numbers" owner="BuiltIn">
<arg>${current_longitude}</arg>
<arg>${longitude}</arg>
<arg>La longitude n'a pas été mise à jour correctement</arg>
<arg>precision=0.0001</arg>
<doc>Fails if objects are unequal after converting them to real numbers.</doc>
<status status="NOT RUN" start="2025-05-08T23:46:08.358186" elapsed="0.000000"/>
</kw>
<arg>${lat}</arg>
<arg>${lon}</arg>
<status status="FAIL" start="2025-05-08T23:46:06.248292" elapsed="2.109894">La latitude n'a pas été mise à jour correctement: 36.0 != 41.0</status>
</kw>
<var name="${lat}">40.7128</var>
<var name="${lon}">-74.0060</var>
<status status="FAIL" start="2025-05-08T23:46:06.248292" elapsed="2.109894">La latitude n'a pas été mise à jour correctement: 36.0 != 41.0</status>
</iter>
<var>${lat}</var>
<var>${lon}</var>
<value>@{GPS_LOCATIONS}</value>
<status status="FAIL" start="2025-05-08T23:46:06.247292" elapsed="2.110894">La latitude n'a pas été mise à jour correctement: 36.0 != 41.0</status>
</for>
<doc>Teste la modification de position GPS pour plusieurs emplacements</doc>
<status status="FAIL" start="2025-05-08T23:46:06.247292" elapsed="2.110894">La latitude n'a pas été mise à jour correctement: 36.0 != 41.0</status>
</test>
<kw name="Fermer Driver" type="TEARDOWN">
<try>
<branch type="TRY">
<kw name="Run Keyword And Return Status" owner="BuiltIn">
<kw name="Get Source" owner="AppiumLibrary">
<kw name="Capture Page Screenshot" owner="AppiumLibrary">
<msg time="2025-05-08T23:46:08.362185" level="FAIL">No application is open</msg>
<doc>Takes a screenshot of the current page and embeds it into the log.</doc>
<status status="FAIL" start="2025-05-08T23:46:08.360187" elapsed="0.005514">No application is open</status>
</kw>
<msg time="2025-05-08T23:46:08.366701" level="WARN">Keyword 'Capture Page Screenshot' could not be run on failure: No application is open</msg>
<msg time="2025-05-08T23:46:08.366701" level="FAIL">No application is open</msg>
<doc>Returns the entire source of the current page.</doc>
<status status="FAIL" start="2025-05-08T23:46:08.360187" elapsed="0.007514">No application is open</status>
</kw>
<msg time="2025-05-08T23:46:08.367701" level="INFO">${session_active} = False</msg>
<var>${session_active}</var>
<arg>Get Source</arg>
<doc>Runs the given keyword with given arguments and returns the status as a Boolean value.</doc>
<status status="PASS" start="2025-05-08T23:46:08.359188" elapsed="0.008513"/>
</kw>
<if>
<branch type="IF" condition="${session_active}">
<kw name="Close Driver" owner="Integration">
<arg>${driver}</arg>
<doc>Ferme proprement le driver Appium.</doc>
<status status="NOT RUN" start="2025-05-08T23:46:08.367701" elapsed="0.000000"/>
</kw>
<kw name="Log" owner="BuiltIn">
<arg>Driver fermé avec succès</arg>
<doc>Logs the given message with the given level.</doc>
<status status="NOT RUN" start="2025-05-08T23:46:08.368703" elapsed="0.000000"/>
</kw>
<status status="NOT RUN" start="2025-05-08T23:46:08.367701" elapsed="0.001002"/>
</branch>
<branch type="ELSE">
<kw name="Log" owner="BuiltIn">
<msg time="2025-05-08T23:46:08.368703" level="INFO">Le driver n'était pas actif</msg>
<arg>Le driver n'était pas actif</arg>
<doc>Logs the given message with the given level.</doc>
<status status="PASS" start="2025-05-08T23:46:08.368703" elapsed="0.000000"/>
</kw>
<status status="PASS" start="2025-05-08T23:46:08.368703" elapsed="0.000000"/>
</branch>
<status status="PASS" start="2025-05-08T23:46:08.367701" elapsed="0.001002"/>
</if>
<status status="PASS" start="2025-05-08T23:46:08.359188" elapsed="0.009515"/>
</branch>
<branch type="EXCEPT" assign="${error}">
<kw name="Log" owner="BuiltIn">
<arg>Erreur lors de la fermeture du driver: ${error}</arg>
<doc>Logs the given message with the given level.</doc>
<status status="NOT RUN" start="2025-05-08T23:46:08.368703" elapsed="0.000000"/>
</kw>
<status status="NOT RUN" start="2025-05-08T23:46:08.368703" elapsed="0.000000"/>
</branch>
<status status="PASS" start="2025-05-08T23:46:08.359188" elapsed="0.009515"/>
</try>
<doc>Cleans up and closes the test driver</doc>
<status status="PASS" start="2025-05-08T23:46:08.359188" elapsed="0.009515"/>
</kw>
<doc>Tests de fonctionnalité GPS pour appareil Android
- Vérification de la modification de position GPS
- Utilisation des commandes ADB pour contrôler l'émulateur</doc>
<status status="FAIL" start="2025-05-08T23:44:26.514048" elapsed="101.854655"/>
</suite>
<statistics>
<total>
<stat pass="1" fail="2" skip="0">All Tests</stat>
</total>
<tag>
<stat pass="1" fail="1" skip="0">gps</stat>
<stat pass="0" fail="1" skip="0">location</stat>
<stat pass="1" fail="0" skip="0">smoke</stat>
</tag>
<suite>
<stat name="FonctionnaliteMaps" id="s1" pass="1" fail="2" skip="0">FonctionnaliteMaps</stat>
</suite>
</statistics>
<errors>
<msg time="2025-05-08T23:46:08.366701" level="WARN">Keyword 'Capture Page Screenshot' could not be run on failure: No application is open</msg>
</errors>
</robot>
