<?xml version="1.0" encoding="UTF-8"?>
<robot generator="Robot 7.2.2 (Python 3.12.5 on win32)" generated="2025-04-16T01:01:15.077351" rpa="false" schemaversion="5">
<suite id="s1" name="FonctionnaliteMaps" source="C:\Users\bahae\Desktop\PfeProject\test_cases\FonctionnaliteMaps.robot">
<kw name="Démarrer Driver" type="SETUP">
<kw name="Setup Driver" owner="Integration">
<msg time="2025-04-16T01:01:20.829697" level="INFO">${driver} = &lt;appium.webdriver.webdriver.WebDriver (session="f635c3ba-b17e-454b-a556-4b4f939fc895")&gt;</msg>
<var>${driver}</var>
<arg>${Device}</arg>
<doc>Initialise et retourne le driver Appium.</doc>
<status status="PASS" start="2025-04-16T01:01:15.296374" elapsed="5.533323"/>
</kw>
<kw name="Set Suite Variable" owner="BuiltIn">
<msg time="2025-04-16T01:01:20.830697" level="INFO">${driver} = &lt;appium.webdriver.webdriver.WebDriver (session="f635c3ba-b17e-454b-a556-4b4f939fc895")&gt;</msg>
<arg>${driver}</arg>
<doc>Makes a variable available everywhere within the scope of the current suite.</doc>
<status status="PASS" start="2025-04-16T01:01:20.830697" elapsed="0.000000"/>
</kw>
<status status="PASS" start="2025-04-16T01:01:15.295358" elapsed="5.535339"/>
</kw>
<test id="s1-t1" name="Test GPS Location Functionality" line="32">
<kw name="Set Location ViaAdb" owner="Integration">
<msg time="2025-04-16T01:01:20.831698" level="FAIL">Variable '${Longitude}' not found.</msg>
<arg>${Device}</arg>
<arg>${Longitude}</arg>
<arg>${Latitude}</arg>
<doc>Définit une nouvelle position GPS sur l'émulateur ou l'appareil.</doc>
<status status="FAIL" start="2025-04-16T01:01:20.830697" elapsed="0.001001">Variable '${Longitude}' not found.</status>
</kw>
<kw name="Sleep" owner="BuiltIn">
<arg>2s</arg>
<doc>Pauses the test executed for the given time.</doc>
<status status="NOT RUN" start="2025-04-16T01:01:20.831698" elapsed="0.000000"/>
</kw>
<kw name="Get Location ViaAdb" owner="Integration">
<var>${current_latitude}</var>
<var>${current_longitude}</var>
<arg>${Device}</arg>
<status status="NOT RUN" start="2025-04-16T01:01:20.831698" elapsed="0.000000"/>
</kw>
<kw name="Should Be Equal As Numbers" owner="BuiltIn">
<arg>${current_latitude}</arg>
<arg>${Latitude}</arg>
<doc>Fails if objects are unequal after converting them to real numbers.</doc>
<status status="NOT RUN" start="2025-04-16T01:01:20.831698" elapsed="0.000000"/>
</kw>
<kw name="Should Be Equal As Numbers" owner="BuiltIn">
<arg>${current_longitude}</arg>
<arg>${Longitude}</arg>
<doc>Fails if objects are unequal after converting them to real numbers.</doc>
<status status="NOT RUN" start="2025-04-16T01:01:20.831698" elapsed="0.000000"/>
</kw>
<doc>Ce test définit la localisation GPS et vérifie qu'elle est correcte.</doc>
<tag>gps</tag>
<status status="FAIL" start="2025-04-16T01:01:20.830697" elapsed="0.001001">Variable '${Longitude}' not found.</status>
</test>
<kw name="Fermer Driver" type="TEARDOWN">
<kw name="Close Driver" owner="Integration">
<arg>${driver}</arg>
<doc>Ferme proprement le driver Appium.</doc>
<status status="PASS" start="2025-04-16T01:01:20.832699" elapsed="0.173998"/>
</kw>
<status status="PASS" start="2025-04-16T01:01:20.832699" elapsed="0.173998"/>
</kw>
<status status="FAIL" start="2025-04-16T01:01:15.078338" elapsed="5.928359"/>
</suite>
<statistics>
<total>
<stat pass="0" fail="1" skip="0">All Tests</stat>
</total>
<tag>
<stat pass="0" fail="1" skip="0">gps</stat>
</tag>
<suite>
<stat name="FonctionnaliteMaps" id="s1" pass="0" fail="1" skip="0">FonctionnaliteMaps</stat>
</suite>
</statistics>
<errors>
</errors>
</robot>
