<?xml version="1.0" encoding="UTF-8"?>
<robot generator="Robot 7.2.2 (Python 3.12.5 on win32)" generated="2025-06-10T15:44:53.503768" rpa="false" schemaversion="5">
<suite id="s1" name="FonctionnaliteMaps" source="C:\Users\bahae\Documents\PfeProject\test_cases\FonctionnaliteMaps.robot">
<kw name="Démarrer Driver" type="SETUP">
<kw name="Setup Driver" owner="Integration">
<msg time="2025-06-10T15:45:03.029802" level="INFO">${driver} = &lt;appium.webdriver.webdriver.WebDriver (session="b2849181-cd07-4596-b2db-dc44efea0cc4")&gt;</msg>
<var>${driver}</var>
<arg>${Device}</arg>
<doc>Initialise et retourne le driver Appium.</doc>
<status status="PASS" start="2025-06-10T15:44:56.295102" elapsed="6.734700"/>
</kw>
<kw name="Set Suite Variable" owner="BuiltIn">
<msg time="2025-06-10T15:45:03.030803" level="INFO">${driver} = &lt;appium.webdriver.webdriver.WebDriver (session="b2849181-cd07-4596-b2db-dc44efea0cc4")&gt;</msg>
<arg>${driver}</arg>
<doc>Makes a variable available everywhere within the scope of the current suite.</doc>
<status status="PASS" start="2025-06-10T15:45:03.029802" elapsed="0.001001"/>
</kw>
<kw name="Initialize Language Settings">
<kw name="Get System Language" owner="Integration">
<msg time="2025-06-10T15:45:03.075034" level="INFO">${lang} = eng</msg>
<var>${lang}</var>
<arg>${Device}</arg>
<status status="PASS" start="2025-06-10T15:45:03.030803" elapsed="0.044231"/>
</kw>
<kw name="Set Variable If" owner="BuiltIn">
<msg time="2025-06-10T15:45:03.076034" level="INFO">${lang_dict} = {'System': 'System', 'Setting': 'Settings', 'Gps': 'Location', 'use_loc': 'Use location', 'acces': 'Location access'}</msg>
<var>${lang_dict}</var>
<arg>'${lang}' == 'fr'</arg>
<arg>${LANG_FR}</arg>
<arg>${LANG_EN}</arg>
<doc>Sets variable based on the given condition.</doc>
<status status="PASS" start="2025-06-10T15:45:03.075034" elapsed="0.001000"/>
</kw>
<kw name="Set Suite Variable" owner="BuiltIn">
<msg time="2025-06-10T15:45:03.076034" level="INFO">${LANG_DICT} = {'System': 'System', 'Setting': 'Settings', 'Gps': 'Location', 'use_loc': 'Use location', 'acces': 'Location access'}</msg>
<arg>${LANG_DICT}</arg>
<arg>${lang_dict}</arg>
<doc>Makes a variable available everywhere within the scope of the current suite.</doc>
<status status="PASS" start="2025-06-10T15:45:03.076034" elapsed="0.000000"/>
</kw>
<doc>Sets up language-specific variables based on system language</doc>
<status status="PASS" start="2025-06-10T15:45:03.030803" elapsed="0.045231"/>
</kw>
<doc>Initializes the test driver</doc>
<status status="PASS" start="2025-06-10T15:44:56.294105" elapsed="6.781929"/>
</kw>
<test id="s1-t1" name="Test Ouvrir Gps" line="149">
<kw name="Execute Test With Retry">
<kw name="Set Variable" owner="BuiltIn">
<msg time="2025-06-10T15:45:03.077033" level="INFO">${attempt} = 1</msg>
<var>${attempt}</var>
<arg>1</arg>
<doc>Returns the given values which can then be assigned to a variables.</doc>
<status status="PASS" start="2025-06-10T15:45:03.077033" elapsed="0.000000"/>
</kw>
<kw name="Set Variable" owner="BuiltIn">
<msg time="2025-06-10T15:45:03.077033" level="INFO">${test_status} = False</msg>
<var>${test_status}</var>
<arg>${FALSE}</arg>
<doc>Returns the given values which can then be assigned to a variables.</doc>
<status status="PASS" start="2025-06-10T15:45:03.077033" elapsed="0.000000"/>
</kw>
<for flavor="IN RANGE">
<iter>
<kw name="Run Keyword And Return Status" owner="BuiltIn">
<kw name="Execute Open Gps Test">
<kw name="Open Application With Click" owner="Integration">
<msg time="2025-06-10T15:45:03.078556" level="INFO">🔄 Tentative d'ouverture de Settings via l'activité: com.android.car.settings/.Settings_Launcher_Homepage
⚠️ Erreur lors de l'ouverture par activité: 'WebDriver' object has no attribute 'start_activity'
🔄 Tentative par recherche visuelle...</msg>
<msg time="2025-06-10T15:45:03.078556" level="INFO">${resultat} = None</msg>
<var>${resultat}</var>
<arg>${driver}</arg>
<arg>${LANG_DICT.Setting}</arg>
<doc>Ouvre une application soit par son activité si connue, soit par recherche visuelle</doc>
<status status="PASS" start="2025-06-10T15:45:03.078556" elapsed="0.000000"/>
</kw>
<kw name="Sleep" owner="BuiltIn">
<msg time="2025-06-10T15:45:03.579550" level="INFO">Slept 500 milliseconds.</msg>
<arg>${QUICK_WAIT}</arg>
<doc>Pauses the test executed for the given time.</doc>
<status status="PASS" start="2025-06-10T15:45:03.078556" elapsed="0.500994"/>
</kw>
<kw name="Clique Sur Setting Include" owner="Integration">
<msg time="2025-06-10T15:45:16.478012" level="INFO">📌 Liste des applications détectées : []
📌 First Home Page détectée : []
🔄 Swipe #1 en cours...

📌 Liste des applications détectées : []
✅ Retour à la first home page !
❌ Erreur : Impossible de récupérer les bounds pour 'com.android.car.settings:id/top_level_menu' -&gt; Message: An element could not be located on the page using the given search parameters.; For documentation on this error, please visit: https://www.selenium.dev/documentation/webdriver/troubleshooting/errors#no-such-element-exception
Stacktrace:
NoSuchElementError: An element could not be located on the page using the given search parameters.
    at AndroidUiautomator2Driver.findElOrEls (C:\Users\bahae\.appium\node_modules\appium-uiautomator2-driver\node_modules\appium-android-driver\lib\commands\find.ts:86:11)
    at processTicksAndRejections (node:internal/process/task_queues:95:5)
    at AndroidUiautomator2Driver.findElOrElsWithProcessing (C:\Users\bahae\AppData\Roaming\npm\node_modules\appium\node_modules\@appium\base-driver\lib\basedriver\commands\find.ts:60:12)
    at AndroidUiautomator2Driver.findElement (C:\Users\bahae\AppData\Roaming\npm\node_modules\appium\node_modules\@appium\base-driver\lib\basedriver\commands\find.ts:75:12)
First Home Page détectée : []
 Swipe effectué...
 Retour à la first home page !</msg>
<arg>${driver}</arg>
<arg>${LANG_DICT.Gps}</arg>
<arg>${Setting_menu}</arg>
<status status="PASS" start="2025-06-10T15:45:03.579550" elapsed="12.898462"/>
</kw>
<kw name="Clique Sur Setting Include" owner="Integration">
<msg time="2025-06-10T15:45:27.247659" level="INFO">📌 Liste des applications détectées : []
📌 First Home Page détectée : []
🔄 Swipe #1 en cours...

📌 Liste des applications détectées : []
✅ Retour à la first home page !
❌ Erreur : Impossible de récupérer les bounds pour 'com.android.car.settings:id/fragment_container' -&gt; Message: An element could not be located on the page using the given search parameters.; For documentation on this error, please visit: https://www.selenium.dev/documentation/webdriver/troubleshooting/errors#no-such-element-exception
Stacktrace:
NoSuchElementError: An element could not be located on the page using the given search parameters.
    at AndroidUiautomator2Driver.findElOrEls (C:\Users\bahae\.appium\node_modules\appium-uiautomator2-driver\node_modules\appium-android-driver\lib\commands\find.ts:86:11)
    at processTicksAndRejections (node:internal/process/task_queues:95:5)
    at AndroidUiautomator2Driver.findElOrElsWithProcessing (C:\Users\bahae\AppData\Roaming\npm\node_modules\appium\node_modules\@appium\base-driver\lib\basedriver\commands\find.ts:60:12)
    at AndroidUiautomator2Driver.findElement (C:\Users\bahae\AppData\Roaming\npm\node_modules\appium\node_modules\@appium\base-driver\lib\basedriver\commands\find.ts:75:12)
First Home Page détectée : []
 Swipe effectué...
 Retour à la first home page !</msg>
<arg>${driver}</arg>
<arg>${LANG_DICT.acces}</arg>
<arg>${Setting_system}</arg>
<status status="PASS" start="2025-06-10T15:45:16.478012" elapsed="10.769647"/>
</kw>
<kw name="Activer Toggle Si Desactive" owner="Integration">
<msg time="2025-06-10T15:45:27.761616" level="INFO">[ERROR] Label 'Use location' non trouvé
❌ Erreur lors de l'activation du wifi : 'NoneType' object has no attribute 'get_attribute'</msg>
<arg>${driver}</arg>
<arg>${LANG_DICT.use_loc}</arg>
<status status="PASS" start="2025-06-10T15:45:27.248661" elapsed="0.512955"/>
</kw>
<kw name="Is Gps Enabled Adb" owner="Integration">
<msg time="2025-06-10T15:45:27.802676" level="INFO">✅ Le GPS est activé (location_mode = 3).</msg>
<msg time="2025-06-10T15:45:27.802676" level="INFO">${verfier_gps_adb} = True</msg>
<var>${verfier_gps_adb}</var>
<arg>${driver}</arg>
<doc>Vérifie si le GPS (services de localisation) est activé via ADB pour un device donné.</doc>
<status status="PASS" start="2025-06-10T15:45:27.761616" elapsed="0.041574"/>
</kw>
<kw name="Should Be True" owner="BuiltIn">
<arg>${verfier_gps_adb}</arg>
<arg>Le GPS ne s'active pas (via ADB)</arg>
<doc>Fails if the given condition is not true.</doc>
<status status="PASS" start="2025-06-10T15:45:27.803190" elapsed="0.000000"/>
</kw>
<doc>Tests GPS activation</doc>
<status status="PASS" start="2025-06-10T15:45:03.078034" elapsed="24.725156"/>
</kw>
<msg time="2025-06-10T15:45:27.803190" level="INFO">${test_status} = True</msg>
<var>${test_status}</var>
<arg>${test_keyword}</arg>
<doc>Runs the given keyword with given arguments and returns the status as a Boolean value.</doc>
<status status="PASS" start="2025-06-10T15:45:03.078034" elapsed="24.725156"/>
</kw>
<if>
<branch type="IF" condition="${test_status}">
<kw name="Log" owner="BuiltIn">
<msg time="2025-06-10T15:45:27.803703" level="INFO">Test Test Ouvrir Gps réussi</msg>
<arg>Test ${test_name} réussi</arg>
<doc>Logs the given message with the given level.</doc>
<status status="PASS" start="2025-06-10T15:45:27.803703" elapsed="0.000000"/>
</kw>
<kw name="Exit For Loop" owner="BuiltIn">
<msg time="2025-06-10T15:45:27.803703" level="INFO">Exiting for loop altogether.</msg>
<doc>Stops executing the enclosing FOR loop.</doc>
<status status="PASS" start="2025-06-10T15:45:27.803703" elapsed="0.000000"/>
</kw>
<status status="PASS" start="2025-06-10T15:45:27.803190" elapsed="0.000513"/>
</branch>
<branch type="ELSE">
<kw name="Evaluate" owner="BuiltIn">
<var>${attempt}</var>
<arg>${attempt} + 1</arg>
<doc>Evaluates the given expression in Python and returns the result.</doc>
<status status="NOT RUN" start="2025-06-10T15:45:27.803703" elapsed="0.000000"/>
</kw>
<if>
<branch type="IF" condition="${attempt} &lt;= ${MAX_RETRIES}">
<kw name="Log" owner="BuiltIn">
<arg>Test ${test_name} échoué - Tentative ${attempt}/${MAX_RETRIES}</arg>
<doc>Logs the given message with the given level.</doc>
<status status="NOT RUN" start="2025-06-10T15:45:27.803703" elapsed="0.000000"/>
</kw>
<kw name="Sleep" owner="BuiltIn">
<arg>${RETRY_DELAY}</arg>
<doc>Pauses the test executed for the given time.</doc>
<status status="NOT RUN" start="2025-06-10T15:45:27.803703" elapsed="0.000000"/>
</kw>
<status status="NOT RUN" start="2025-06-10T15:45:27.803703" elapsed="0.000000"/>
</branch>
<status status="NOT RUN" start="2025-06-10T15:45:27.803703" elapsed="0.000000"/>
</if>
<status status="NOT RUN" start="2025-06-10T15:45:27.803703" elapsed="0.000000"/>
</branch>
<status status="PASS" start="2025-06-10T15:45:27.803190" elapsed="0.000513"/>
</if>
<var name="${index}">0</var>
<status status="PASS" start="2025-06-10T15:45:03.078034" elapsed="24.725669"/>
</iter>
<var>${index}</var>
<value>${MAX_RETRIES}</value>
<status status="PASS" start="2025-06-10T15:45:03.077033" elapsed="24.726670"/>
</for>
<if>
<branch type="IF" condition="not ${test_status}">
<kw name="Fail" owner="BuiltIn">
<arg>Le test ${test_name} a échoué après ${MAX_RETRIES} tentatives</arg>
<doc>Fails the test with the given message and optionally alters its tags.</doc>
<status status="NOT RUN" start="2025-06-10T15:45:27.803703" elapsed="0.000000"/>
</kw>
<status status="NOT RUN" start="2025-06-10T15:45:27.803703" elapsed="0.000000"/>
</branch>
<status status="PASS" start="2025-06-10T15:45:27.803703" elapsed="0.000000"/>
</if>
<arg>Execute Open Gps Test</arg>
<arg>Test Ouvrir Gps</arg>
<status status="PASS" start="2025-06-10T15:45:03.077033" elapsed="24.726670"/>
</kw>
<doc>Teste l'activation du GPS
- Ouvre les paramètres
- Active le GPS
- Vérifie l'activation via ADB</doc>
<tag>gps</tag>
<tag>smoke</tag>
<status status="PASS" start="2025-06-10T15:45:03.076034" elapsed="24.728667"/>
</test>
<test id="s1-t2" name="Test GPS Location Functionality" line="157">
<kw name="Execute Test With Retry">
<kw name="Set Variable" owner="BuiltIn">
<msg time="2025-06-10T15:45:27.804701" level="INFO">${attempt} = 1</msg>
<var>${attempt}</var>
<arg>1</arg>
<doc>Returns the given values which can then be assigned to a variables.</doc>
<status status="PASS" start="2025-06-10T15:45:27.804701" elapsed="0.000000"/>
</kw>
<kw name="Set Variable" owner="BuiltIn">
<msg time="2025-06-10T15:45:27.804701" level="INFO">${test_status} = False</msg>
<var>${test_status}</var>
<arg>${FALSE}</arg>
<doc>Returns the given values which can then be assigned to a variables.</doc>
<status status="PASS" start="2025-06-10T15:45:27.804701" elapsed="0.000000"/>
</kw>
<for flavor="IN RANGE">
<iter>
<kw name="Run Keyword And Return Status" owner="BuiltIn">
<kw name="Execute Gps Location Test">
<kw name="Set Location ViaAdb" owner="Integration">
<msg time="2025-06-10T15:45:29.854045" level="INFO">[ERREUR] Exception lors de la requête : HTTPConnectionPool(host='127.0.0.1', port=6000): Max retries exceeded with url: /setlocation (Caused by NewConnectionError('&lt;urllib3.connection.HTTPConnection object at 0x000002D4616B8320&gt;: Failed to establish a new connection: [WinError 10061] Aucune connexion n’a pu être établie car l’ordinateur cible l’a expressément refusée'))</msg>
<arg>${Device}</arg>
<arg>${Longitude}</arg>
<arg>${Latitude}</arg>
<doc>Définit une nouvelle position GPS via une API Flask sur le host.</doc>
<status status="PASS" start="2025-06-10T15:45:27.805700" elapsed="2.048345"/>
</kw>
<kw name="Sleep" owner="BuiltIn">
<msg time="2025-06-10T15:45:30.374457" level="INFO">Slept 500 milliseconds.</msg>
<arg>${QUICK_WAIT}</arg>
<doc>Pauses the test executed for the given time.</doc>
<status status="PASS" start="2025-06-10T15:45:29.854045" elapsed="0.520412"/>
</kw>
<kw name="Get Location ViaAdb" owner="Integration">
<msg time="2025-06-10T15:45:30.884078" level="INFO">${current_latitude} = 35.6895</msg>
<msg time="2025-06-10T15:45:30.884078" level="INFO">${current_longitude} = 139.691698</msg>
<var>${current_latitude}</var>
<var>${current_longitude}</var>
<arg>${Device}</arg>
<status status="PASS" start="2025-06-10T15:45:30.376987" elapsed="0.507091"/>
</kw>
<kw name="Should Be Equal As Numbers" owner="BuiltIn">
<msg time="2025-06-10T15:45:30.888077" level="INFO">Argument types are:
&lt;class 'float'&gt;
&lt;class 'str'&gt;</msg>
<msg time="2025-06-10T15:45:30.888077" level="FAIL">La latitude n'a pas été mise à jour correctement: 36.0 != 41.0</msg>
<arg>${current_latitude}</arg>
<arg>${Latitude}</arg>
<arg>La latitude n'a pas été mise à jour correctement</arg>
<arg>precision=0.0001</arg>
<doc>Fails if objects are unequal after converting them to real numbers.</doc>
<status status="FAIL" start="2025-06-10T15:45:30.885077" elapsed="0.003534">La latitude n'a pas été mise à jour correctement: 36.0 != 41.0</status>
</kw>
<kw name="Should Be Equal As Numbers" owner="BuiltIn">
<arg>${current_longitude}</arg>
<arg>${Longitude}</arg>
<arg>La longitude n'a pas été mise à jour correctement</arg>
<arg>precision=0.0001</arg>
<doc>Fails if objects are unequal after converting them to real numbers.</doc>
<status status="NOT RUN" start="2025-06-10T15:45:30.888611" elapsed="0.000000"/>
</kw>
<doc>Tests GPS location functionality</doc>
<status status="FAIL" start="2025-06-10T15:45:27.805700" elapsed="3.082911">La latitude n'a pas été mise à jour correctement: 36.0 != 41.0</status>
</kw>
<msg time="2025-06-10T15:45:30.889599" level="INFO">${test_status} = False</msg>
<var>${test_status}</var>
<arg>${test_keyword}</arg>
<doc>Runs the given keyword with given arguments and returns the status as a Boolean value.</doc>
<status status="PASS" start="2025-06-10T15:45:27.805700" elapsed="3.083899"/>
</kw>
<if>
<branch type="IF" condition="${test_status}">
<kw name="Log" owner="BuiltIn">
<arg>Test ${test_name} réussi</arg>
<doc>Logs the given message with the given level.</doc>
<status status="NOT RUN" start="2025-06-10T15:45:30.889599" elapsed="0.000000"/>
</kw>
<kw name="Exit For Loop" owner="BuiltIn">
<doc>Stops executing the enclosing FOR loop.</doc>
<status status="NOT RUN" start="2025-06-10T15:45:30.889599" elapsed="0.000000"/>
</kw>
<status status="NOT RUN" start="2025-06-10T15:45:30.889599" elapsed="0.000000"/>
</branch>
<branch type="ELSE">
<kw name="Evaluate" owner="BuiltIn">
<msg time="2025-06-10T15:45:30.890599" level="INFO">${attempt} = 2</msg>
<var>${attempt}</var>
<arg>${attempt} + 1</arg>
<doc>Evaluates the given expression in Python and returns the result.</doc>
<status status="PASS" start="2025-06-10T15:45:30.890599" elapsed="0.000000"/>
</kw>
<if>
<branch type="IF" condition="${attempt} &lt;= ${MAX_RETRIES}">
<kw name="Log" owner="BuiltIn">
<msg time="2025-06-10T15:45:30.891599" level="INFO">Test Test GPS Location Functionality échoué - Tentative 2/3</msg>
<arg>Test ${test_name} échoué - Tentative ${attempt}/${MAX_RETRIES}</arg>
<doc>Logs the given message with the given level.</doc>
<status status="PASS" start="2025-06-10T15:45:30.891599" elapsed="0.000509"/>
</kw>
<kw name="Sleep" owner="BuiltIn">
<msg time="2025-06-10T15:45:32.892844" level="INFO">Slept 2 seconds.</msg>
<arg>${RETRY_DELAY}</arg>
<doc>Pauses the test executed for the given time.</doc>
<status status="PASS" start="2025-06-10T15:45:30.892197" elapsed="2.000647"/>
</kw>
<status status="PASS" start="2025-06-10T15:45:30.890599" elapsed="2.002245"/>
</branch>
<status status="PASS" start="2025-06-10T15:45:30.890599" elapsed="2.002245"/>
</if>
<status status="PASS" start="2025-06-10T15:45:30.890599" elapsed="2.002245"/>
</branch>
<status status="PASS" start="2025-06-10T15:45:30.889599" elapsed="2.003245"/>
</if>
<var name="${index}">0</var>
<status status="PASS" start="2025-06-10T15:45:27.805700" elapsed="5.087144"/>
</iter>
<iter>
<kw name="Run Keyword And Return Status" owner="BuiltIn">
<kw name="Execute Gps Location Test">
<kw name="Set Location ViaAdb" owner="Integration">
<msg time="2025-06-10T15:45:34.948748" level="INFO">[ERREUR] Exception lors de la requête : HTTPConnectionPool(host='127.0.0.1', port=6000): Max retries exceeded with url: /setlocation (Caused by NewConnectionError('&lt;urllib3.connection.HTTPConnection object at 0x000002D4616BAA20&gt;: Failed to establish a new connection: [WinError 10061] Aucune connexion n’a pu être établie car l’ordinateur cible l’a expressément refusée'))</msg>
<arg>${Device}</arg>
<arg>${Longitude}</arg>
<arg>${Latitude}</arg>
<doc>Définit une nouvelle position GPS via une API Flask sur le host.</doc>
<status status="PASS" start="2025-06-10T15:45:32.893845" elapsed="2.054903"/>
</kw>
<kw name="Sleep" owner="BuiltIn">
<msg time="2025-06-10T15:45:35.449464" level="INFO">Slept 500 milliseconds.</msg>
<arg>${QUICK_WAIT}</arg>
<doc>Pauses the test executed for the given time.</doc>
<status status="PASS" start="2025-06-10T15:45:34.948748" elapsed="0.500716"/>
</kw>
<kw name="Get Location ViaAdb" owner="Integration">
<msg time="2025-06-10T15:45:35.506294" level="INFO">${current_latitude} = 35.6895</msg>
<msg time="2025-06-10T15:45:35.506294" level="INFO">${current_longitude} = 139.691698</msg>
<var>${current_latitude}</var>
<var>${current_longitude}</var>
<arg>${Device}</arg>
<status status="PASS" start="2025-06-10T15:45:35.449464" elapsed="0.056830"/>
</kw>
<kw name="Should Be Equal As Numbers" owner="BuiltIn">
<msg time="2025-06-10T15:45:35.507290" level="INFO">Argument types are:
&lt;class 'float'&gt;
&lt;class 'str'&gt;</msg>
<msg time="2025-06-10T15:45:35.507290" level="FAIL">La latitude n'a pas été mise à jour correctement: 36.0 != 41.0</msg>
<arg>${current_latitude}</arg>
<arg>${Latitude}</arg>
<arg>La latitude n'a pas été mise à jour correctement</arg>
<arg>precision=0.0001</arg>
<doc>Fails if objects are unequal after converting them to real numbers.</doc>
<status status="FAIL" start="2025-06-10T15:45:35.506294" elapsed="0.000996">La latitude n'a pas été mise à jour correctement: 36.0 != 41.0</status>
</kw>
<kw name="Should Be Equal As Numbers" owner="BuiltIn">
<arg>${current_longitude}</arg>
<arg>${Longitude}</arg>
<arg>La longitude n'a pas été mise à jour correctement</arg>
<arg>precision=0.0001</arg>
<doc>Fails if objects are unequal after converting them to real numbers.</doc>
<status status="NOT RUN" start="2025-06-10T15:45:35.507290" elapsed="0.000000"/>
</kw>
<doc>Tests GPS location functionality</doc>
<status status="FAIL" start="2025-06-10T15:45:32.892844" elapsed="2.614446">La latitude n'a pas été mise à jour correctement: 36.0 != 41.0</status>
</kw>
<msg time="2025-06-10T15:45:35.507290" level="INFO">${test_status} = False</msg>
<var>${test_status}</var>
<arg>${test_keyword}</arg>
<doc>Runs the given keyword with given arguments and returns the status as a Boolean value.</doc>
<status status="PASS" start="2025-06-10T15:45:32.892844" elapsed="2.614446"/>
</kw>
<if>
<branch type="IF" condition="${test_status}">
<kw name="Log" owner="BuiltIn">
<arg>Test ${test_name} réussi</arg>
<doc>Logs the given message with the given level.</doc>
<status status="NOT RUN" start="2025-06-10T15:45:35.508288" elapsed="0.000000"/>
</kw>
<kw name="Exit For Loop" owner="BuiltIn">
<doc>Stops executing the enclosing FOR loop.</doc>
<status status="NOT RUN" start="2025-06-10T15:45:35.508288" elapsed="0.000000"/>
</kw>
<status status="NOT RUN" start="2025-06-10T15:45:35.507290" elapsed="0.000998"/>
</branch>
<branch type="ELSE">
<kw name="Evaluate" owner="BuiltIn">
<msg time="2025-06-10T15:45:35.508288" level="INFO">${attempt} = 3</msg>
<var>${attempt}</var>
<arg>${attempt} + 1</arg>
<doc>Evaluates the given expression in Python and returns the result.</doc>
<status status="PASS" start="2025-06-10T15:45:35.508288" elapsed="0.000000"/>
</kw>
<if>
<branch type="IF" condition="${attempt} &lt;= ${MAX_RETRIES}">
<kw name="Log" owner="BuiltIn">
<msg time="2025-06-10T15:45:35.508288" level="INFO">Test Test GPS Location Functionality échoué - Tentative 3/3</msg>
<arg>Test ${test_name} échoué - Tentative ${attempt}/${MAX_RETRIES}</arg>
<doc>Logs the given message with the given level.</doc>
<status status="PASS" start="2025-06-10T15:45:35.508288" elapsed="0.000000"/>
</kw>
<kw name="Sleep" owner="BuiltIn">
<msg time="2025-06-10T15:45:37.509241" level="INFO">Slept 2 seconds.</msg>
<arg>${RETRY_DELAY}</arg>
<doc>Pauses the test executed for the given time.</doc>
<status status="PASS" start="2025-06-10T15:45:35.508288" elapsed="2.000953"/>
</kw>
<status status="PASS" start="2025-06-10T15:45:35.508288" elapsed="2.000953"/>
</branch>
<status status="PASS" start="2025-06-10T15:45:35.508288" elapsed="2.000953"/>
</if>
<status status="PASS" start="2025-06-10T15:45:35.508288" elapsed="2.000953"/>
</branch>
<status status="PASS" start="2025-06-10T15:45:35.507290" elapsed="2.001951"/>
</if>
<var name="${index}">1</var>
<status status="PASS" start="2025-06-10T15:45:32.892844" elapsed="4.616397"/>
</iter>
<iter>
<kw name="Run Keyword And Return Status" owner="BuiltIn">
<kw name="Execute Gps Location Test">
<kw name="Set Location ViaAdb" owner="Integration">
<msg time="2025-06-10T15:45:39.553533" level="INFO">[ERREUR] Exception lors de la requête : HTTPConnectionPool(host='127.0.0.1', port=6000): Max retries exceeded with url: /setlocation (Caused by NewConnectionError('&lt;urllib3.connection.HTTPConnection object at 0x000002D461B2A360&gt;: Failed to establish a new connection: [WinError 10061] Aucune connexion n’a pu être établie car l’ordinateur cible l’a expressément refusée'))</msg>
<arg>${Device}</arg>
<arg>${Longitude}</arg>
<arg>${Latitude}</arg>
<doc>Définit une nouvelle position GPS via une API Flask sur le host.</doc>
<status status="PASS" start="2025-06-10T15:45:37.509241" elapsed="2.044292"/>
</kw>
<kw name="Sleep" owner="BuiltIn">
<msg time="2025-06-10T15:45:40.053653" level="INFO">Slept 500 milliseconds.</msg>
<arg>${QUICK_WAIT}</arg>
<doc>Pauses the test executed for the given time.</doc>
<status status="PASS" start="2025-06-10T15:45:39.553533" elapsed="0.500120"/>
</kw>
<kw name="Get Location ViaAdb" owner="Integration">
<msg time="2025-06-10T15:45:40.128069" level="INFO">${current_latitude} = 35.6895</msg>
<msg time="2025-06-10T15:45:40.128069" level="INFO">${current_longitude} = 139.691698</msg>
<var>${current_latitude}</var>
<var>${current_longitude}</var>
<arg>${Device}</arg>
<status status="PASS" start="2025-06-10T15:45:40.053653" elapsed="0.074416"/>
</kw>
<kw name="Should Be Equal As Numbers" owner="BuiltIn">
<msg time="2025-06-10T15:45:40.128069" level="INFO">Argument types are:
&lt;class 'float'&gt;
&lt;class 'str'&gt;</msg>
<msg time="2025-06-10T15:45:40.128069" level="FAIL">La latitude n'a pas été mise à jour correctement: 36.0 != 41.0</msg>
<arg>${current_latitude}</arg>
<arg>${Latitude}</arg>
<arg>La latitude n'a pas été mise à jour correctement</arg>
<arg>precision=0.0001</arg>
<doc>Fails if objects are unequal after converting them to real numbers.</doc>
<status status="FAIL" start="2025-06-10T15:45:40.128069" elapsed="0.000000">La latitude n'a pas été mise à jour correctement: 36.0 != 41.0</status>
</kw>
<kw name="Should Be Equal As Numbers" owner="BuiltIn">
<arg>${current_longitude}</arg>
<arg>${Longitude}</arg>
<arg>La longitude n'a pas été mise à jour correctement</arg>
<arg>precision=0.0001</arg>
<doc>Fails if objects are unequal after converting them to real numbers.</doc>
<status status="NOT RUN" start="2025-06-10T15:45:40.129067" elapsed="0.000000"/>
</kw>
<doc>Tests GPS location functionality</doc>
<status status="FAIL" start="2025-06-10T15:45:37.509241" elapsed="2.619826">La latitude n'a pas été mise à jour correctement: 36.0 != 41.0</status>
</kw>
<msg time="2025-06-10T15:45:40.129067" level="INFO">${test_status} = False</msg>
<var>${test_status}</var>
<arg>${test_keyword}</arg>
<doc>Runs the given keyword with given arguments and returns the status as a Boolean value.</doc>
<status status="PASS" start="2025-06-10T15:45:37.509241" elapsed="2.619826"/>
</kw>
<if>
<branch type="IF" condition="${test_status}">
<kw name="Log" owner="BuiltIn">
<arg>Test ${test_name} réussi</arg>
<doc>Logs the given message with the given level.</doc>
<status status="NOT RUN" start="2025-06-10T15:45:40.129067" elapsed="0.000000"/>
</kw>
<kw name="Exit For Loop" owner="BuiltIn">
<doc>Stops executing the enclosing FOR loop.</doc>
<status status="NOT RUN" start="2025-06-10T15:45:40.129067" elapsed="0.000509"/>
</kw>
<status status="NOT RUN" start="2025-06-10T15:45:40.129067" elapsed="0.000509"/>
</branch>
<branch type="ELSE">
<kw name="Evaluate" owner="BuiltIn">
<msg time="2025-06-10T15:45:40.129632" level="INFO">${attempt} = 4</msg>
<var>${attempt}</var>
<arg>${attempt} + 1</arg>
<doc>Evaluates the given expression in Python and returns the result.</doc>
<status status="PASS" start="2025-06-10T15:45:40.129632" elapsed="0.000000"/>
</kw>
<if>
<branch type="IF" condition="${attempt} &lt;= ${MAX_RETRIES}">
<kw name="Log" owner="BuiltIn">
<arg>Test ${test_name} échoué - Tentative ${attempt}/${MAX_RETRIES}</arg>
<doc>Logs the given message with the given level.</doc>
<status status="NOT RUN" start="2025-06-10T15:45:40.129632" elapsed="0.000000"/>
</kw>
<kw name="Sleep" owner="BuiltIn">
<arg>${RETRY_DELAY}</arg>
<doc>Pauses the test executed for the given time.</doc>
<status status="NOT RUN" start="2025-06-10T15:45:40.129632" elapsed="0.000000"/>
</kw>
<status status="NOT RUN" start="2025-06-10T15:45:40.129632" elapsed="0.000000"/>
</branch>
<status status="PASS" start="2025-06-10T15:45:40.129632" elapsed="0.000000"/>
</if>
<status status="PASS" start="2025-06-10T15:45:40.129576" elapsed="0.000056"/>
</branch>
<status status="PASS" start="2025-06-10T15:45:40.129067" elapsed="0.000565"/>
</if>
<var name="${index}">2</var>
<status status="PASS" start="2025-06-10T15:45:37.509241" elapsed="2.620391"/>
</iter>
<var>${index}</var>
<value>${MAX_RETRIES}</value>
<status status="PASS" start="2025-06-10T15:45:27.805700" elapsed="12.323932"/>
</for>
<if>
<branch type="IF" condition="not ${test_status}">
<kw name="Fail" owner="BuiltIn">
<msg time="2025-06-10T15:45:40.130585" level="FAIL">Le test Test GPS Location Functionality a échoué après 3 tentatives</msg>
<arg>Le test ${test_name} a échoué après ${MAX_RETRIES} tentatives</arg>
<doc>Fails the test with the given message and optionally alters its tags.</doc>
<status status="FAIL" start="2025-06-10T15:45:40.129632" elapsed="0.000953">Le test Test GPS Location Functionality a échoué après 3 tentatives</status>
</kw>
<status status="FAIL" start="2025-06-10T15:45:40.129632" elapsed="0.000953">Le test Test GPS Location Functionality a échoué après 3 tentatives</status>
</branch>
<status status="FAIL" start="2025-06-10T15:45:40.129632" elapsed="0.000953">Le test Test GPS Location Functionality a échoué après 3 tentatives</status>
</if>
<arg>Execute Gps Location Test</arg>
<arg>Test GPS Location Functionality</arg>
<status status="FAIL" start="2025-06-10T15:45:27.804701" elapsed="12.325884">Le test Test GPS Location Functionality a échoué après 3 tentatives</status>
</kw>
<doc>Teste la fonctionnalité de modification de position GPS
- Définit une position GPS spécifique via ADB
- Vérifie que la position a bien été mise à jour</doc>
<tag>gps</tag>
<tag>location</tag>
<status status="FAIL" start="2025-06-10T15:45:27.804701" elapsed="12.325884">Le test Test GPS Location Functionality a échoué après 3 tentatives</status>
</test>
<test id="s1-t3" name="Test GPS Multi-Location" line="164">
<for flavor="IN">
<iter>
<kw name="Test GPS Location For Coordinates">
<kw name="Set Location ViaAdb" owner="Integration">
<msg time="2025-06-10T15:45:42.153421" level="INFO">[ERREUR] Exception lors de la requête : HTTPConnectionPool(host='127.0.0.1', port=6000): Max retries exceeded with url: /setlocation (Caused by NewConnectionError('&lt;urllib3.connection.HTTPConnection object at 0x000002D461B29D00&gt;: Failed to establish a new connection: [WinError 10061] Aucune connexion n’a pu être établie car l’ordinateur cible l’a expressément refusée'))</msg>
<arg>${Device}</arg>
<arg>${longitude}</arg>
<arg>${latitude}</arg>
<doc>Définit une nouvelle position GPS via une API Flask sur le host.</doc>
<status status="PASS" start="2025-06-10T15:45:40.131583" elapsed="2.021838"/>
</kw>
<kw name="Sleep" owner="BuiltIn">
<msg time="2025-06-10T15:45:44.154430" level="INFO">Slept 2 seconds.</msg>
<arg>2s</arg>
<doc>Pauses the test executed for the given time.</doc>
<status status="PASS" start="2025-06-10T15:45:42.153421" elapsed="2.001009"/>
</kw>
<kw name="Get Location ViaAdb" owner="Integration">
<msg time="2025-06-10T15:45:44.202378" level="INFO">${current_latitude} = 35.6895</msg>
<msg time="2025-06-10T15:45:44.202378" level="INFO">${current_longitude} = 139.691698</msg>
<var>${current_latitude}</var>
<var>${current_longitude}</var>
<arg>${Device}</arg>
<status status="PASS" start="2025-06-10T15:45:44.154430" elapsed="0.047948"/>
</kw>
<kw name="Log" owner="BuiltIn">
<msg time="2025-06-10T15:45:44.202378" level="INFO">Vérification: attendu 40.7128, obtenu 35.6895</msg>
<arg>Vérification: attendu ${latitude}, obtenu ${current_latitude}</arg>
<doc>Logs the given message with the given level.</doc>
<status status="PASS" start="2025-06-10T15:45:44.202378" elapsed="0.000000"/>
</kw>
<kw name="Should Be Equal As Numbers" owner="BuiltIn">
<msg time="2025-06-10T15:45:44.203379" level="INFO">Argument types are:
&lt;class 'float'&gt;
&lt;class 'str'&gt;</msg>
<msg time="2025-06-10T15:45:44.203379" level="FAIL">La latitude n'a pas été mise à jour correctement: 36.0 != 41.0</msg>
<arg>${current_latitude}</arg>
<arg>${latitude}</arg>
<arg>La latitude n'a pas été mise à jour correctement</arg>
<arg>precision=0.0001</arg>
<doc>Fails if objects are unequal after converting them to real numbers.</doc>
<status status="FAIL" start="2025-06-10T15:45:44.202378" elapsed="0.001001">La latitude n'a pas été mise à jour correctement: 36.0 != 41.0</status>
</kw>
<kw name="Should Be Equal As Numbers" owner="BuiltIn">
<arg>${current_longitude}</arg>
<arg>${longitude}</arg>
<arg>La longitude n'a pas été mise à jour correctement</arg>
<arg>precision=0.0001</arg>
<doc>Fails if objects are unequal after converting them to real numbers.</doc>
<status status="NOT RUN" start="2025-06-10T15:45:44.203895" elapsed="0.000000"/>
</kw>
<arg>${lat}</arg>
<arg>${lon}</arg>
<status status="FAIL" start="2025-06-10T15:45:40.130585" elapsed="4.073310">La latitude n'a pas été mise à jour correctement: 36.0 != 41.0</status>
</kw>
<var name="${lat}">40.7128</var>
<var name="${lon}">-74.0060</var>
<status status="FAIL" start="2025-06-10T15:45:40.130585" elapsed="4.073310">La latitude n'a pas été mise à jour correctement: 36.0 != 41.0</status>
</iter>
<var>${lat}</var>
<var>${lon}</var>
<value>@{GPS_LOCATIONS}</value>
<status status="FAIL" start="2025-06-10T15:45:40.130585" elapsed="4.073310">La latitude n'a pas été mise à jour correctement: 36.0 != 41.0</status>
</for>
<doc>Teste la modification de position GPS pour plusieurs emplacements</doc>
<status status="FAIL" start="2025-06-10T15:45:40.130585" elapsed="4.073310">La latitude n'a pas été mise à jour correctement: 36.0 != 41.0</status>
</test>
<kw name="Fermer Driver" type="TEARDOWN">
<try>
<branch type="TRY">
<kw name="Run Keyword And Return Status" owner="BuiltIn">
<kw name="Get Source" owner="AppiumLibrary">
<kw name="Capture Page Screenshot" owner="AppiumLibrary">
<msg time="2025-06-10T15:45:44.207404" level="FAIL">No application is open</msg>
<doc>Takes a screenshot of the current page and embeds it into the log.</doc>
<status status="FAIL" start="2025-06-10T15:45:44.204895" elapsed="0.005064">No application is open</status>
</kw>
<msg time="2025-06-10T15:45:44.210942" level="WARN">Keyword 'Capture Page Screenshot' could not be run on failure: No application is open</msg>
<msg time="2025-06-10T15:45:44.210942" level="FAIL">No application is open</msg>
<doc>Returns the entire source of the current page.</doc>
<status status="FAIL" start="2025-06-10T15:45:44.203895" elapsed="0.008026">No application is open</status>
</kw>
<msg time="2025-06-10T15:45:44.211921" level="INFO">${session_active} = False</msg>
<var>${session_active}</var>
<arg>Get Source</arg>
<doc>Runs the given keyword with given arguments and returns the status as a Boolean value.</doc>
<status status="PASS" start="2025-06-10T15:45:44.203895" elapsed="0.008026"/>
</kw>
<if>
<branch type="IF" condition="${session_active}">
<kw name="Close Driver" owner="Integration">
<arg>${driver}</arg>
<doc>Ferme proprement le driver Appium.</doc>
<status status="NOT RUN" start="2025-06-10T15:45:44.211921" elapsed="0.000000"/>
</kw>
<kw name="Log" owner="BuiltIn">
<arg>Driver fermé avec succès</arg>
<doc>Logs the given message with the given level.</doc>
<status status="NOT RUN" start="2025-06-10T15:45:44.211921" elapsed="0.000000"/>
</kw>
<status status="NOT RUN" start="2025-06-10T15:45:44.211921" elapsed="0.000000"/>
</branch>
<branch type="ELSE">
<kw name="Log" owner="BuiltIn">
<msg time="2025-06-10T15:45:44.211921" level="INFO">Le driver n'était pas actif</msg>
<arg>Le driver n'était pas actif</arg>
<doc>Logs the given message with the given level.</doc>
<status status="PASS" start="2025-06-10T15:45:44.211921" elapsed="0.001000"/>
</kw>
<status status="PASS" start="2025-06-10T15:45:44.211921" elapsed="0.001000"/>
</branch>
<status status="PASS" start="2025-06-10T15:45:44.211921" elapsed="0.001000"/>
</if>
<status status="PASS" start="2025-06-10T15:45:44.203895" elapsed="0.009026"/>
</branch>
<branch type="EXCEPT" assign="${error}">
<kw name="Log" owner="BuiltIn">
<arg>Erreur lors de la fermeture du driver: ${error}</arg>
<doc>Logs the given message with the given level.</doc>
<status status="NOT RUN" start="2025-06-10T15:45:44.212921" elapsed="0.000000"/>
</kw>
<status status="NOT RUN" start="2025-06-10T15:45:44.212921" elapsed="0.000000"/>
</branch>
<status status="PASS" start="2025-06-10T15:45:44.203895" elapsed="0.009026"/>
</try>
<doc>Cleans up and closes the test driver</doc>
<status status="PASS" start="2025-06-10T15:45:44.203895" elapsed="0.009026"/>
</kw>
<doc>Tests de fonctionnalité GPS pour appareil Android
- Vérification de la modification de position GPS
- Utilisation des commandes ADB pour contrôler l'émulateur</doc>
<status status="FAIL" start="2025-06-10T15:44:53.506297" elapsed="50.706624"/>
</suite>
<statistics>
<total>
<stat pass="1" fail="2" skip="0">All Tests</stat>
</total>
<tag>
<stat pass="1" fail="1" skip="0">gps</stat>
<stat pass="0" fail="1" skip="0">location</stat>
<stat pass="1" fail="0" skip="0">smoke</stat>
</tag>
<suite>
<stat name="FonctionnaliteMaps" id="s1" pass="1" fail="2" skip="0">FonctionnaliteMaps</stat>
</suite>
</statistics>
<errors>
<msg time="2025-06-10T15:45:44.210942" level="WARN">Keyword 'Capture Page Screenshot' could not be run on failure: No application is open</msg>
</errors>
</robot>
