<?xml version="1.0" encoding="UTF-8"?>
<robot generator="Robot 7.2.2 (Python 3.12.9 on linux)" generated="2025-03-26T10:05:10.542250" rpa="false" schemaversion="5">
<suite id="s1" name="InstallationApplications" source="/app/test_cases/InstallationApplications.robot">
<test id="s1-t1" name="Test Install Apk" line="18">
<kw name="Setup Driver" owner="Integration">
<msg time="2025-03-26T10:05:10.715207" level="WARN">Retrying (Retry(total=2, connect=None, read=None, redirect=None, status=None)) after connection broken by 'NewConnectionError('&lt;urllib3.connection.HTTPConnection object at 0x7fa407f22f00&gt;: Failed to establish a new connection: [Errno 111] Connection refused')': /session</msg>
<msg time="2025-03-26T10:05:10.716041" level="WARN">Retrying (Retry(total=1, connect=None, read=None, redirect=None, status=None)) after connection broken by 'NewConnectionError('&lt;urllib3.connection.HTTPConnection object at 0x7fa407ee9970&gt;: Failed to establish a new connection: [Errno 111] Connection refused')': /session</msg>
<msg time="2025-03-26T10:05:10.716446" level="WARN">Retrying (Retry(total=0, connect=None, read=None, redirect=None, status=None)) after connection broken by 'NewConnectionError('&lt;urllib3.connection.HTTPConnection object at 0x7fa407dceae0&gt;: Failed to establish a new connection: [Errno 111] Connection refused')': /session</msg>
<msg time="2025-03-26T10:05:10.716966" level="FAIL">MaxRetryError: HTTPConnectionPool(host='172.21.0.3', port=4723): Max retries exceeded with url: /session (Caused by NewConnectionError('&lt;urllib3.connection.HTTPConnection object at 0x7fa407dcf980&gt;: Failed to establish a new connection: [Errno 111] Connection refused'))</msg>
<var>${driver}</var>
<arg>${Device}</arg>
<doc>Initialise et retourne le driver Appium.</doc>
<status status="FAIL" start="2025-03-26T10:05:10.712650" elapsed="0.012745">MaxRetryError: HTTPConnectionPool(host='172.21.0.3', port=4723): Max retries exceeded with url: /session (Caused by NewConnectionError('&lt;urllib3.connection.HTTPConnection object at 0x7fa407dcf980&gt;: Failed to establish a new connection: [Errno 111] Connection refused'))</status>
</kw>
<kw name="Set Global Variable" owner="BuiltIn">
<arg>${driver}</arg>
<doc>Makes a variable available globally in all tests and suites.</doc>
<status status="NOT RUN" start="2025-03-26T10:05:10.725695" elapsed="0.000035"/>
</kw>
<kw name="Search Application" owner="Integration">
<var>${isInsUi}</var>
<arg>${driver}</arg>
<arg>TestNotificationapk</arg>
<status status="NOT RUN" start="2025-03-26T10:05:10.725815" elapsed="0.000016"/>
</kw>
<kw name="Log" owner="BuiltIn">
<arg>${isInsUi}</arg>
<doc>Logs the given message with the given level.</doc>
<status status="NOT RUN" start="2025-03-26T10:05:10.725927" elapsed="0.000023"/>
</kw>
<kw name="Is App Installed" owner="Integration">
<var>${isIns}</var>
<arg>${driver}</arg>
<arg>actia.pfe25.testnotificationapk</arg>
<doc>Vérifie si une application est installée sur l'appareil via ADB.</doc>
<status status="NOT RUN" start="2025-03-26T10:05:10.726042" elapsed="0.000019"/>
</kw>
<kw name="Log" owner="BuiltIn">
<arg>${isIns}</arg>
<doc>Logs the given message with the given level.</doc>
<status status="NOT RUN" start="2025-03-26T10:05:10.726137" elapsed="0.000014"/>
</kw>
<kw name="Install Apk" owner="Integration">
<arg>${driver}</arg>
<arg>automotive-Notification_Test.apk</arg>
<doc>Installe un fichier APK sur un appareil Android via ADB.</doc>
<status status="NOT RUN" start="2025-03-26T10:05:10.726219" elapsed="0.000013"/>
</kw>
<kw name="Is App Installed" owner="Integration">
<var>${isIns}</var>
<arg>${driver}</arg>
<arg>actia.pfe25.testnotificationapk</arg>
<doc>Vérifie si une application est installée sur l'appareil via ADB.</doc>
<status status="NOT RUN" start="2025-03-26T10:05:10.726303" elapsed="0.000014"/>
</kw>
<kw name="Log" owner="BuiltIn">
<arg>${isIns}</arg>
<doc>Logs the given message with the given level.</doc>
<status status="NOT RUN" start="2025-03-26T10:05:10.726385" elapsed="0.000014"/>
</kw>
<kw name="Run Keyword And Continue On Failure" owner="BuiltIn">
<arg>Should Be True</arg>
<arg>${isIns}</arg>
<arg>The application is not installed via adb</arg>
<doc>Runs the keyword and continues execution even if a failure occurs.</doc>
<status status="NOT RUN" start="2025-03-26T10:05:10.726474" elapsed="0.000014"/>
</kw>
<kw name="Search Application" owner="Integration">
<var>${isInsUi}</var>
<arg>${driver}</arg>
<arg>TestNotificationapk</arg>
<status status="NOT RUN" start="2025-03-26T10:05:10.726555" elapsed="0.000014"/>
</kw>
<kw name="Run Keyword And Continue On Failure" owner="BuiltIn">
<arg>Should Be True</arg>
<arg>${isInsUi}</arg>
<arg>The installed application is not displayed (via adb)</arg>
<doc>Runs the keyword and continues execution even if a failure occurs.</doc>
<status status="NOT RUN" start="2025-03-26T10:05:10.726632" elapsed="0.000012"/>
</kw>
<status status="FAIL" start="2025-03-26T10:05:10.711832" elapsed="0.014967">MaxRetryError: HTTPConnectionPool(host='172.21.0.3', port=4723): Max retries exceeded with url: /session (Caused by NewConnectionError('&lt;urllib3.connection.HTTPConnection object at 0x7fa407dcf980&gt;: Failed to establish a new connection: [Errno 111] Connection refused'))</status>
</test>
<test id="s1-t2" name="Test Uninstall Application" line="36">
<kw name="Get System Language" owner="Integration">
<msg time="2025-03-26T10:05:10.798206" level="INFO">${lang} = fr</msg>
<var>${lang}</var>
<arg>${Device}</arg>
<status status="PASS" start="2025-03-26T10:05:10.727301" elapsed="0.070988"/>
</kw>
<if>
<branch type="IF" condition="'${lang}' == 'fr'">
<kw name="Set Variable" owner="BuiltIn">
<msg time="2025-03-26T10:05:10.799269" level="INFO">${System} = Système</msg>
<var>${System}</var>
<arg>Système</arg>
<doc>Returns the given values which can then be assigned to a variables.</doc>
<status status="PASS" start="2025-03-26T10:05:10.799014" elapsed="0.000286"/>
</kw>
<kw name="Set Variable" owner="BuiltIn">
<msg time="2025-03-26T10:05:10.799531" level="INFO">${Setting} = Paramètres</msg>
<var>${Setting}</var>
<arg>Paramètres</arg>
<doc>Returns the given values which can then be assigned to a variables.</doc>
<status status="PASS" start="2025-03-26T10:05:10.799416" elapsed="0.000136"/>
</kw>
<kw name="Set Variable" owner="BuiltIn">
<msg time="2025-03-26T10:05:10.799788" level="INFO">${apps} = Applis</msg>
<var>${apps}</var>
<arg>Applis</arg>
<doc>Returns the given values which can then be assigned to a variables.</doc>
<status status="PASS" start="2025-03-26T10:05:10.799670" elapsed="0.000140"/>
</kw>
<kw name="Set Variable" owner="BuiltIn">
<msg time="2025-03-26T10:05:10.799956" level="INFO">${Consulter_allapps} = Voir les</msg>
<var>${Consulter_allapps}</var>
<arg>Voir les</arg>
<doc>Returns the given values which can then be assigned to a variables.</doc>
<status status="PASS" start="2025-03-26T10:05:10.799877" elapsed="0.000094"/>
</kw>
<kw name="Set Variable" owner="BuiltIn">
<msg time="2025-03-26T10:05:10.800100" level="INFO">${DesButton} = Désinstaller</msg>
<var>${DesButton}</var>
<arg>Désinstaller</arg>
<doc>Returns the given values which can then be assigned to a variables.</doc>
<status status="PASS" start="2025-03-26T10:05:10.800030" elapsed="0.000085"/>
</kw>
<kw name="Set Variable" owner="BuiltIn">
<msg time="2025-03-26T10:05:10.800284" level="INFO">${confirme} = OK</msg>
<var>${confirme}</var>
<arg>OK</arg>
<doc>Returns the given values which can then be assigned to a variables.</doc>
<status status="PASS" start="2025-03-26T10:05:10.800206" elapsed="0.000093"/>
</kw>
<status status="PASS" start="2025-03-26T10:05:10.798502" elapsed="0.001823"/>
</branch>
<branch type="ELSE">
<kw name="Set Variable" owner="BuiltIn">
<var>${System}</var>
<arg>System</arg>
<doc>Returns the given values which can then be assigned to a variables.</doc>
<status status="NOT RUN" start="2025-03-26T10:05:10.800421" elapsed="0.000013"/>
</kw>
<kw name="Set Variable" owner="BuiltIn">
<var>${Setting}</var>
<arg>Settings</arg>
<doc>Returns the given values which can then be assigned to a variables.</doc>
<status status="NOT RUN" start="2025-03-26T10:05:10.800487" elapsed="0.000010"/>
</kw>
<kw name="Set Variable" owner="BuiltIn">
<var>${apps}</var>
<arg>Apps</arg>
<doc>Returns the given values which can then be assigned to a variables.</doc>
<status status="NOT RUN" start="2025-03-26T10:05:10.800926" elapsed="0.000025"/>
</kw>
<kw name="Set Variable" owner="BuiltIn">
<var>${Consulter_allapps}</var>
<arg>View all</arg>
<doc>Returns the given values which can then be assigned to a variables.</doc>
<status status="NOT RUN" start="2025-03-26T10:05:10.801023" elapsed="0.000013"/>
</kw>
<kw name="Set Variable" owner="BuiltIn">
<var>${DesButton}</var>
<arg>Uninstall</arg>
<doc>Returns the given values which can then be assigned to a variables.</doc>
<status status="NOT RUN" start="2025-03-26T10:05:10.801091" elapsed="0.000012"/>
</kw>
<kw name="Set Variable" owner="BuiltIn">
<var>${confirme}</var>
<arg>OK</arg>
<doc>Returns the given values which can then be assigned to a variables.</doc>
<status status="NOT RUN" start="2025-03-26T10:05:10.801156" elapsed="0.000011"/>
</kw>
<status status="NOT RUN" start="2025-03-26T10:05:10.800351" elapsed="0.000836"/>
</branch>
<status status="PASS" start="2025-03-26T10:05:10.798435" elapsed="0.002772"/>
</if>
<kw name="Open Application With Click" owner="Integration">
<msg time="2025-03-26T10:05:10.801950" level="FAIL">Variable '${driver}' not found.</msg>
<var>${resultat}</var>
<arg>${driver}</arg>
<arg>${Setting}</arg>
<status status="FAIL" start="2025-03-26T10:05:10.801299" elapsed="0.000687">Variable '${driver}' not found.</status>
</kw>
<kw name="Sleep" owner="BuiltIn">
<arg>1s</arg>
<doc>Pauses the test executed for the given time.</doc>
<status status="NOT RUN" start="2025-03-26T10:05:10.802082" elapsed="0.000022"/>
</kw>
<kw name="Check Element Exists By Id" owner="Integration">
<var>${Verfier}</var>
<arg>${driver}</arg>
<arg>${Setting_xpath_id}</arg>
<doc>Vérifie si un élément existe en utilisant son ID.</doc>
<status status="NOT RUN" start="2025-03-26T10:05:10.802166" elapsed="0.000012"/>
</kw>
<kw name="Should Be True" owner="BuiltIn">
<arg>${Verfier}</arg>
<arg>Settings is not displayed.</arg>
<doc>Fails if the given condition is not true.</doc>
<status status="NOT RUN" start="2025-03-26T10:05:10.802235" elapsed="0.000011"/>
</kw>
<kw name="Clique Sur Setting" owner="Integration">
<arg>${driver}</arg>
<arg>${apps}</arg>
<arg>${Setting_menu}</arg>
<status status="NOT RUN" start="2025-03-26T10:05:10.802313" elapsed="0.000021"/>
</kw>
<kw name="Clique Sur Setting Include" owner="Integration">
<arg>${driver}</arg>
<arg>${Consulter_allapps}</arg>
<arg>${Setting_system}</arg>
<status status="NOT RUN" start="2025-03-26T10:05:10.802394" elapsed="0.000012"/>
</kw>
<kw name="Clique Sur Setting" owner="Integration">
<arg>${driver}</arg>
<arg>TestNotificationapk</arg>
<arg>${Setting_system}</arg>
<status status="NOT RUN" start="2025-03-26T10:05:10.802457" elapsed="0.000011"/>
</kw>
<kw name="Click Element By Text Att" owner="Integration">
<arg>${driver}</arg>
<arg>${DesButton}</arg>
<status status="NOT RUN" start="2025-03-26T10:05:10.802518" elapsed="0.000010"/>
</kw>
<kw name="Sleep" owner="BuiltIn">
<arg>1s</arg>
<doc>Pauses the test executed for the given time.</doc>
<status status="NOT RUN" start="2025-03-26T10:05:10.802579" elapsed="0.000015"/>
</kw>
<kw name="Click Element By Text" owner="Integration">
<arg>${driver}</arg>
<arg>${confirme}</arg>
<status status="NOT RUN" start="2025-03-26T10:05:10.802643" elapsed="0.000010"/>
</kw>
<kw name="Search Application" owner="Integration">
<var>${isInsUi}</var>
<arg>${driver}</arg>
<arg>TestNotificationapk</arg>
<status status="NOT RUN" start="2025-03-26T10:05:10.802703" elapsed="0.000010"/>
</kw>
<kw name="Run Keyword And Continue On Failure" owner="BuiltIn">
<arg>Should Not Be True</arg>
<arg>${isInsUi}</arg>
<arg>The uninstalled application is displayed</arg>
<doc>Runs the keyword and continues execution even if a failure occurs.</doc>
<status status="NOT RUN" start="2025-03-26T10:05:10.802776" elapsed="0.000011"/>
</kw>
<kw name="Is App Installed" owner="Integration">
<var>${isIns}</var>
<arg>${driver}</arg>
<arg>actia.pfe25.testnotificationapk</arg>
<doc>Vérifie si une application est installée sur l'appareil via ADB.</doc>
<status status="NOT RUN" start="2025-03-26T10:05:10.802874" elapsed="0.000016"/>
</kw>
<kw name="Log" owner="BuiltIn">
<arg>${isIns}</arg>
<doc>Logs the given message with the given level.</doc>
<status status="NOT RUN" start="2025-03-26T10:05:10.802958" elapsed="0.000012"/>
</kw>
<kw name="Run Keyword And Continue On Failure" owner="BuiltIn">
<arg>Should Not Be True</arg>
<arg>${isIns}</arg>
<arg>The application is not uninstalled correctly (via adb)</arg>
<doc>Runs the keyword and continues execution even if a failure occurs.</doc>
<status status="NOT RUN" start="2025-03-26T10:05:10.803028" elapsed="0.000013"/>
</kw>
<status status="FAIL" start="2025-03-26T10:05:10.727032" elapsed="0.076135">Variable '${driver}' not found.</status>
</test>
<status status="FAIL" start="2025-03-26T10:05:10.544431" elapsed="0.259098"/>
</suite>
<statistics>
<total>
<stat pass="0" fail="2" skip="0">All Tests</stat>
</total>
<tag>
</tag>
<suite>
<stat name="InstallationApplications" id="s1" pass="0" fail="2" skip="0">InstallationApplications</stat>
</suite>
</statistics>
<errors>
<msg time="2025-03-26T10:05:10.715207" level="WARN">Retrying (Retry(total=2, connect=None, read=None, redirect=None, status=None)) after connection broken by 'NewConnectionError('&lt;urllib3.connection.HTTPConnection object at 0x7fa407f22f00&gt;: Failed to establish a new connection: [Errno 111] Connection refused')': /session</msg>
<msg time="2025-03-26T10:05:10.716041" level="WARN">Retrying (Retry(total=1, connect=None, read=None, redirect=None, status=None)) after connection broken by 'NewConnectionError('&lt;urllib3.connection.HTTPConnection object at 0x7fa407ee9970&gt;: Failed to establish a new connection: [Errno 111] Connection refused')': /session</msg>
<msg time="2025-03-26T10:05:10.716446" level="WARN">Retrying (Retry(total=0, connect=None, read=None, redirect=None, status=None)) after connection broken by 'NewConnectionError('&lt;urllib3.connection.HTTPConnection object at 0x7fa407dceae0&gt;: Failed to establish a new connection: [Errno 111] Connection refused')': /session</msg>
</errors>
</robot>
