<?xml version="1.0" encoding="UTF-8"?>
<robot generator="Robot 7.2.2 (Python 3.12.5 on win32)" generated="2025-05-08T23:25:14.934944" rpa="false" schemaversion="5">
<suite id="s1" name="FonctionnaliteMaps" source="D:\pfe\PfeProject\test_cases\FonctionnaliteMaps.robot">
<kw name="Démarrer Driver" type="SETUP">
<kw name="Setup Driver" owner="Integration">
<msg time="2025-05-08T23:25:22.783859" level="INFO">${driver} = &lt;appium.webdriver.webdriver.WebDriver (session="2c4f3af2-87c2-423b-b9b7-181a050768ba")&gt;</msg>
<var>${driver}</var>
<arg>${Device}</arg>
<doc>Initialise et retourne le driver Appium.</doc>
<status status="PASS" start="2025-05-08T23:25:17.772076" elapsed="5.011783"/>
</kw>
<kw name="Set Suite Variable" owner="BuiltIn">
<msg time="2025-05-08T23:25:22.784855" level="INFO">${driver} = &lt;appium.webdriver.webdriver.WebDriver (session="2c4f3af2-87c2-423b-b9b7-181a050768ba")&gt;</msg>
<arg>${driver}</arg>
<doc>Makes a variable available everywhere within the scope of the current suite.</doc>
<status status="PASS" start="2025-05-08T23:25:22.784855" elapsed="0.000000"/>
</kw>
<kw name="Initialize Language Settings">
<kw name="Get System Language" owner="Integration">
<msg time="2025-05-08T23:25:23.018992" level="INFO">${lang} = fr</msg>
<var>${lang}</var>
<arg>${Device}</arg>
<status status="PASS" start="2025-05-08T23:25:22.784855" elapsed="0.234137"/>
</kw>
<kw name="Set Variable If" owner="BuiltIn">
<msg time="2025-05-08T23:25:23.018992" level="INFO">${lang_dict} = {'System': 'Système', 'Setting': 'Paramètres', 'Gps': 'Position', 'use_loc': 'Utiliser la localisation', 'acces': 'Accès à la position'}</msg>
<var>${lang_dict}</var>
<arg>'${lang}' == 'fr'</arg>
<arg>${LANG_FR}</arg>
<arg>${LANG_EN}</arg>
<doc>Sets variable based on the given condition.</doc>
<status status="PASS" start="2025-05-08T23:25:23.018992" elapsed="0.000000"/>
</kw>
<kw name="Set Suite Variable" owner="BuiltIn">
<msg time="2025-05-08T23:25:23.018992" level="INFO">${LANG_DICT} = {'System': 'Système', 'Setting': 'Paramètres', 'Gps': 'Position', 'use_loc': 'Utiliser la localisation', 'acces': 'Accès à la position'}</msg>
<arg>${LANG_DICT}</arg>
<arg>${lang_dict}</arg>
<doc>Makes a variable available everywhere within the scope of the current suite.</doc>
<status status="PASS" start="2025-05-08T23:25:23.018992" elapsed="0.000000"/>
</kw>
<doc>Sets up language-specific variables based on system language</doc>
<status status="PASS" start="2025-05-08T23:25:22.784855" elapsed="0.234137"/>
</kw>
<doc>Initializes the test driver</doc>
<status status="PASS" start="2025-05-08T23:25:17.760556" elapsed="5.258436"/>
</kw>
<test id="s1-t1" name="Test Ouvrir Gps" line="148">
<kw name="Execute Test With Retry">
<kw name="Set Variable" owner="BuiltIn">
<msg time="2025-05-08T23:25:23.020011" level="INFO">${attempt} = 1</msg>
<var>${attempt}</var>
<arg>1</arg>
<doc>Returns the given values which can then be assigned to a variables.</doc>
<status status="PASS" start="2025-05-08T23:25:23.020011" elapsed="0.000000"/>
</kw>
<kw name="Set Variable" owner="BuiltIn">
<msg time="2025-05-08T23:25:23.020992" level="INFO">${test_status} = False</msg>
<var>${test_status}</var>
<arg>${FALSE}</arg>
<doc>Returns the given values which can then be assigned to a variables.</doc>
<status status="PASS" start="2025-05-08T23:25:23.020011" elapsed="0.000981"/>
</kw>
<for flavor="IN RANGE">
<iter>
<kw name="Run Keyword And Return Status" owner="BuiltIn">
<kw name="Execute Open Gps Test">
<kw name="Open Application With Click" owner="Integration">
<msg time="2025-05-08T23:25:43.832044" level="INFO">📌 Liste des applications détectées : ['Agenda', 'Appium Settings', 'ARD Audiothek', 'Audio Bluetooth', 'Crunchyroll', 'Enregistreur vocal', 'Google Assistant', 'Google\xa0Actualités', 'Home Assistant', 'Local Media Player', 'Maps', 'Paramètres', 'Play\xa0Store', 'Prime Video', 'SMS']
📌 First Home Page détectée : ['Agenda', 'Appium Settings', 'ARD Audiothek', 'Audio Bluetooth', 'Crunchyroll', 'Enregistreur vocal', 'Google Assistant', 'Google\xa0Actualités', 'Home Assistant', 'Local Media Player', 'Maps', 'Paramètres', 'Play\xa0Store', 'Prime Video', 'SMS']

📌 Liste des applications détectées : ['Agenda', 'Appium Settings', 'ARD Audiothek', 'Audio Bluetooth', 'Crunchyroll', 'Enregistreur vocal', 'Google Assistant', 'Google\xa0Actualités', 'Home Assistant', 'Local Media Player', 'Maps', 'Paramètres', 'Play\xa0Store', 'Prime Video', 'SMS']
✅ Retour à la first home page !

📌 Liste des applications détectées : ['Agenda', 'Appium Settings', 'ARD Audiothek', 'Audio Bluetooth', 'Crunchyroll', 'Enregistreur vocal', 'Google Assistant', 'Google\xa0Actualités', 'Home Assistant', 'Local Media Player', 'Maps', 'Paramètres', 'Play\xa0Store', 'Prime Video', 'SMS']
378 619 522 657</msg>
<msg time="2025-05-08T23:25:43.833046" level="INFO">${resultat} = True</msg>
<var>${resultat}</var>
<arg>${driver}</arg>
<arg>${LANG_DICT.Setting}</arg>
<status status="PASS" start="2025-05-08T23:25:23.020992" elapsed="20.812054"/>
</kw>
<kw name="Sleep" owner="BuiltIn">
<msg time="2025-05-08T23:25:44.333950" level="INFO">Slept 500 milliseconds.</msg>
<arg>${QUICK_WAIT}</arg>
<doc>Pauses the test executed for the given time.</doc>
<status status="PASS" start="2025-05-08T23:25:43.833046" elapsed="0.500904"/>
</kw>
<kw name="Clique Sur Setting Include" owner="Integration">
<msg time="2025-05-08T23:26:12.637921" level="INFO">📌 Liste des applications détectées : ['Bluetooth', 'Réseau et Internet', 'Notifications', 'Son', 'Écran', 'Profils et comptes', 'Position', 'Utiliser la localisation', "Fonctionnalités d'aide à la conduite"]
📌 First Home Page détectée : ['Bluetooth', 'Réseau et Internet', 'Notifications', 'Son', 'Écran', 'Profils et comptes', 'Position', 'Utiliser la localisation', "Fonctionnalités d'aide à la conduite"]
🔄 Swipe #1 en cours...

📌 Liste des applications détectées : ['Bluetooth', 'Réseau et Internet', 'Notifications', 'Son', 'Écran', 'Profils et comptes', 'Position', 'Utiliser la localisation', "Fonctionnalités d'aide à la conduite"]
✅ Retour à la first home page !
First Home Page détectée : ['Notifications', 'Profils et comptes', 'Position', 'Écran', 'Réseau et Internet', 'Bluetooth', 'Son']
 Position trouvé ! Appui sur le texte contenant 'Position'.</msg>
<arg>${driver}</arg>
<arg>${LANG_DICT.Gps}</arg>
<arg>${Setting_menu}</arg>
<status status="PASS" start="2025-05-08T23:25:44.333950" elapsed="28.303971"/>
</kw>
<kw name="Clique Sur Setting Include" owner="Integration">
<msg time="2025-05-08T23:26:29.500405" level="INFO">📌 Liste des applications détectées : ['Bluetooth', 'Réseau et Internet', 'Notifications', 'Son', 'Écran', 'Profils et comptes', 'Position', 'Accès à la position', 'Autorisations des applis', 'Accès récent(s)', 'Maps', 'Appium Settings']
📌 First Home Page détectée : ['Bluetooth', 'Réseau et Internet', 'Notifications', 'Son', 'Écran', 'Profils et comptes', 'Position', 'Accès à la position', 'Autorisations des applis', 'Accès récent(s)', 'Maps', 'Appium Settings']
🔄 Swipe #1 en cours...

📌 Liste des applications détectées : ['Bluetooth', 'Réseau et Internet', 'Notifications', 'Son', 'Écran', 'Profils et comptes', 'Position', 'Accès à la position', 'Autorisations des applis', 'Accès récent(s)', 'Maps', 'Appium Settings']
✅ Retour à la first home page !
First Home Page détectée : ['Choisissez si les applis ont accès la position de votre voiture', 'Accès récent(s)', 'Appium Settings', 'Gérez les autorisations de chaque appli', 'Accès à la position', 'il y a 0\xa0min', 'Maps', 'Autorisations des applis']
 Accès à la position trouvé ! Appui sur le texte contenant 'Accès à la position'.</msg>
<arg>${driver}</arg>
<arg>${LANG_DICT.acces}</arg>
<arg>${Setting_system}</arg>
<status status="PASS" start="2025-05-08T23:26:12.637921" elapsed="16.862484"/>
</kw>
<kw name="Activer Toggle Si Desactive" owner="Integration">
<msg time="2025-05-08T23:26:30.877926" level="INFO">true</msg>
<arg>${driver}</arg>
<arg>${LANG_DICT.use_loc}</arg>
<status status="PASS" start="2025-05-08T23:26:29.500405" elapsed="1.378521"/>
</kw>
<kw name="Is Gps Enabled Adb" owner="Integration">
<msg time="2025-05-08T23:26:30.961771" level="INFO">✅ Le GPS est activé (location_mode = 3).</msg>
<msg time="2025-05-08T23:26:30.961771" level="INFO">${verfier_gps_adb} = True</msg>
<var>${verfier_gps_adb}</var>
<arg>${driver}</arg>
<doc>Vérifie si le GPS (services de localisation) est activé via ADB pour un device donné.</doc>
<status status="PASS" start="2025-05-08T23:26:30.878926" elapsed="0.082845"/>
</kw>
<kw name="Should Be True" owner="BuiltIn">
<arg>${verfier_gps_adb}</arg>
<arg>Le GPS ne s'active pas (via ADB)</arg>
<doc>Fails if the given condition is not true.</doc>
<status status="PASS" start="2025-05-08T23:26:30.961771" elapsed="0.000000"/>
</kw>
<doc>Tests GPS activation</doc>
<status status="PASS" start="2025-05-08T23:25:23.020992" elapsed="67.940779"/>
</kw>
<msg time="2025-05-08T23:26:30.961771" level="INFO">${test_status} = True</msg>
<var>${test_status}</var>
<arg>${test_keyword}</arg>
<doc>Runs the given keyword with given arguments and returns the status as a Boolean value.</doc>
<status status="PASS" start="2025-05-08T23:25:23.020992" elapsed="67.940779"/>
</kw>
<if>
<branch type="IF" condition="${test_status}">
<kw name="Log" owner="BuiltIn">
<msg time="2025-05-08T23:26:30.962773" level="INFO">Test Test Ouvrir Gps réussi</msg>
<arg>Test ${test_name} réussi</arg>
<doc>Logs the given message with the given level.</doc>
<status status="PASS" start="2025-05-08T23:26:30.962773" elapsed="0.000000"/>
</kw>
<kw name="Exit For Loop" owner="BuiltIn">
<msg time="2025-05-08T23:26:30.962773" level="INFO">Exiting for loop altogether.</msg>
<doc>Stops executing the enclosing FOR loop.</doc>
<status status="PASS" start="2025-05-08T23:26:30.962773" elapsed="0.000000"/>
</kw>
<status status="PASS" start="2025-05-08T23:26:30.961771" elapsed="0.001002"/>
</branch>
<branch type="ELSE">
<kw name="Evaluate" owner="BuiltIn">
<var>${attempt}</var>
<arg>${attempt} + 1</arg>
<doc>Evaluates the given expression in Python and returns the result.</doc>
<status status="NOT RUN" start="2025-05-08T23:26:30.962773" elapsed="0.000000"/>
</kw>
<if>
<branch type="IF" condition="${attempt} &lt;= ${MAX_RETRIES}">
<kw name="Log" owner="BuiltIn">
<arg>Test ${test_name} échoué - Tentative ${attempt}/${MAX_RETRIES}</arg>
<doc>Logs the given message with the given level.</doc>
<status status="NOT RUN" start="2025-05-08T23:26:30.962773" elapsed="0.000000"/>
</kw>
<kw name="Sleep" owner="BuiltIn">
<arg>${RETRY_DELAY}</arg>
<doc>Pauses the test executed for the given time.</doc>
<status status="NOT RUN" start="2025-05-08T23:26:30.962773" elapsed="0.000000"/>
</kw>
<status status="NOT RUN" start="2025-05-08T23:26:30.962773" elapsed="0.000000"/>
</branch>
<status status="NOT RUN" start="2025-05-08T23:26:30.962773" elapsed="0.000000"/>
</if>
<status status="NOT RUN" start="2025-05-08T23:26:30.962773" elapsed="0.000000"/>
</branch>
<status status="PASS" start="2025-05-08T23:26:30.961771" elapsed="0.001002"/>
</if>
<var name="${index}">0</var>
<status status="PASS" start="2025-05-08T23:25:23.020992" elapsed="67.941781"/>
</iter>
<var>${index}</var>
<value>${MAX_RETRIES}</value>
<status status="PASS" start="2025-05-08T23:25:23.020992" elapsed="67.941781"/>
</for>
<if>
<branch type="IF" condition="not ${test_status}">
<kw name="Fail" owner="BuiltIn">
<arg>Le test ${test_name} a échoué après ${MAX_RETRIES} tentatives</arg>
<doc>Fails the test with the given message and optionally alters its tags.</doc>
<status status="NOT RUN" start="2025-05-08T23:26:30.963772" elapsed="0.000000"/>
</kw>
<status status="NOT RUN" start="2025-05-08T23:26:30.962773" elapsed="0.000999"/>
</branch>
<status status="PASS" start="2025-05-08T23:26:30.962773" elapsed="0.000999"/>
</if>
<arg>Execute Open Gps Test</arg>
<arg>Test Ouvrir Gps</arg>
<status status="PASS" start="2025-05-08T23:25:23.020011" elapsed="67.943761"/>
</kw>
<doc>Teste l'activation du GPS
- Ouvre les paramètres
- Active le GPS
- Vérifie l'activation via ADB</doc>
<tag>gps</tag>
<tag>smoke</tag>
<status status="PASS" start="2025-05-08T23:25:23.020011" elapsed="67.943761"/>
</test>
<test id="s1-t2" name="Test GPS Location Functionality" line="156">
<kw name="Execute Test With Retry">
<kw name="Set Variable" owner="BuiltIn">
<msg time="2025-05-08T23:26:30.964773" level="INFO">${attempt} = 1</msg>
<var>${attempt}</var>
<arg>1</arg>
<doc>Returns the given values which can then be assigned to a variables.</doc>
<status status="PASS" start="2025-05-08T23:26:30.964773" elapsed="0.000000"/>
</kw>
<kw name="Set Variable" owner="BuiltIn">
<msg time="2025-05-08T23:26:30.964773" level="INFO">${test_status} = False</msg>
<var>${test_status}</var>
<arg>${FALSE}</arg>
<doc>Returns the given values which can then be assigned to a variables.</doc>
<status status="PASS" start="2025-05-08T23:26:30.964773" elapsed="0.000000"/>
</kw>
<for flavor="IN RANGE">
<iter>
<kw name="Run Keyword And Return Status" owner="BuiltIn">
<kw name="Execute Gps Location Test">
<kw name="Set Location ViaAdb" owner="Integration">
<msg time="2025-05-08T23:26:31.001825" level="INFO">[OK] Position définie : -74.0060, 40.7128</msg>
<arg>${Device}</arg>
<arg>${Longitude}</arg>
<arg>${Latitude}</arg>
<doc>Définit une nouvelle position GPS via une API Flask sur le host.</doc>
<status status="PASS" start="2025-05-08T23:26:30.965772" elapsed="0.036053"/>
</kw>
<kw name="Sleep" owner="BuiltIn">
<msg time="2025-05-08T23:26:31.502769" level="INFO">Slept 500 milliseconds.</msg>
<arg>${QUICK_WAIT}</arg>
<doc>Pauses the test executed for the given time.</doc>
<status status="PASS" start="2025-05-08T23:26:31.001825" elapsed="0.500944"/>
</kw>
<kw name="Get Location ViaAdb" owner="Integration">
<msg time="2025-05-08T23:26:31.588877" level="INFO">${current_latitude} = 40.7128</msg>
<msg time="2025-05-08T23:26:31.588877" level="INFO">${current_longitude} = -74.006</msg>
<var>${current_latitude}</var>
<var>${current_longitude}</var>
<arg>${Device}</arg>
<status status="PASS" start="2025-05-08T23:26:31.502769" elapsed="0.086108"/>
</kw>
<kw name="Should Be Equal As Numbers" owner="BuiltIn">
<msg time="2025-05-08T23:26:31.589876" level="INFO">Argument types are:
&lt;class 'float'&gt;
&lt;class 'str'&gt;</msg>
<arg>${current_latitude}</arg>
<arg>${Latitude}</arg>
<arg>La latitude n'a pas été mise à jour correctement</arg>
<doc>Fails if objects are unequal after converting them to real numbers.</doc>
<status status="PASS" start="2025-05-08T23:26:31.589876" elapsed="0.000000"/>
</kw>
<kw name="Should Be Equal As Numbers" owner="BuiltIn">
<msg time="2025-05-08T23:26:31.589876" level="INFO">Argument types are:
&lt;class 'float'&gt;
&lt;class 'str'&gt;</msg>
<arg>${current_longitude}</arg>
<arg>${Longitude}</arg>
<arg>La longitude n'a pas été mise à jour correctement</arg>
<doc>Fails if objects are unequal after converting them to real numbers.</doc>
<status status="PASS" start="2025-05-08T23:26:31.589876" elapsed="0.000000"/>
</kw>
<doc>Tests GPS location functionality</doc>
<status status="PASS" start="2025-05-08T23:26:30.965772" elapsed="0.624104"/>
</kw>
<msg time="2025-05-08T23:26:31.589876" level="INFO">${test_status} = True</msg>
<var>${test_status}</var>
<arg>${test_keyword}</arg>
<doc>Runs the given keyword with given arguments and returns the status as a Boolean value.</doc>
<status status="PASS" start="2025-05-08T23:26:30.964773" elapsed="0.625103"/>
</kw>
<if>
<branch type="IF" condition="${test_status}">
<kw name="Log" owner="BuiltIn">
<msg time="2025-05-08T23:26:31.590892" level="INFO">Test Test GPS Location Functionality réussi</msg>
<arg>Test ${test_name} réussi</arg>
<doc>Logs the given message with the given level.</doc>
<status status="PASS" start="2025-05-08T23:26:31.590892" elapsed="0.000000"/>
</kw>
<kw name="Exit For Loop" owner="BuiltIn">
<msg time="2025-05-08T23:26:31.590892" level="INFO">Exiting for loop altogether.</msg>
<doc>Stops executing the enclosing FOR loop.</doc>
<status status="PASS" start="2025-05-08T23:26:31.590892" elapsed="0.000000"/>
</kw>
<status status="PASS" start="2025-05-08T23:26:31.589876" elapsed="0.001016"/>
</branch>
<branch type="ELSE">
<kw name="Evaluate" owner="BuiltIn">
<var>${attempt}</var>
<arg>${attempt} + 1</arg>
<doc>Evaluates the given expression in Python and returns the result.</doc>
<status status="NOT RUN" start="2025-05-08T23:26:31.590892" elapsed="0.000000"/>
</kw>
<if>
<branch type="IF" condition="${attempt} &lt;= ${MAX_RETRIES}">
<kw name="Log" owner="BuiltIn">
<arg>Test ${test_name} échoué - Tentative ${attempt}/${MAX_RETRIES}</arg>
<doc>Logs the given message with the given level.</doc>
<status status="NOT RUN" start="2025-05-08T23:26:31.590892" elapsed="0.000000"/>
</kw>
<kw name="Sleep" owner="BuiltIn">
<arg>${RETRY_DELAY}</arg>
<doc>Pauses the test executed for the given time.</doc>
<status status="NOT RUN" start="2025-05-08T23:26:31.591888" elapsed="0.000000"/>
</kw>
<status status="NOT RUN" start="2025-05-08T23:26:31.590892" elapsed="0.000996"/>
</branch>
<status status="NOT RUN" start="2025-05-08T23:26:31.590892" elapsed="0.000996"/>
</if>
<status status="NOT RUN" start="2025-05-08T23:26:31.590892" elapsed="0.000996"/>
</branch>
<status status="PASS" start="2025-05-08T23:26:31.589876" elapsed="0.002012"/>
</if>
<var name="${index}">0</var>
<status status="PASS" start="2025-05-08T23:26:30.964773" elapsed="0.627115"/>
</iter>
<var>${index}</var>
<value>${MAX_RETRIES}</value>
<status status="PASS" start="2025-05-08T23:26:30.964773" elapsed="0.627115"/>
</for>
<if>
<branch type="IF" condition="not ${test_status}">
<kw name="Fail" owner="BuiltIn">
<arg>Le test ${test_name} a échoué après ${MAX_RETRIES} tentatives</arg>
<doc>Fails the test with the given message and optionally alters its tags.</doc>
<status status="NOT RUN" start="2025-05-08T23:26:31.591888" elapsed="0.000000"/>
</kw>
<status status="NOT RUN" start="2025-05-08T23:26:31.591888" elapsed="0.000000"/>
</branch>
<status status="PASS" start="2025-05-08T23:26:31.591888" elapsed="0.000000"/>
</if>
<arg>Execute Gps Location Test</arg>
<arg>Test GPS Location Functionality</arg>
<status status="PASS" start="2025-05-08T23:26:30.964773" elapsed="0.627115"/>
</kw>
<doc>Teste la fonctionnalité de modification de position GPS
- Définit une position GPS spécifique via ADB
- Vérifie que la position a bien été mise à jour</doc>
<tag>gps</tag>
<tag>location</tag>
<status status="PASS" start="2025-05-08T23:26:30.963772" elapsed="0.628116"/>
</test>
<test id="s1-t3" name="Test GPS Multi-Location" line="163">
<for flavor="IN">
<iter>
<kw name="Test GPS Location For Coordinates">
<kw name="Set Location ViaAdb" owner="Integration">
<msg time="2025-05-08T23:26:31.627931" level="INFO">[OK] Position définie : -74.0060, 40.7128</msg>
<arg>${Device}</arg>
<arg>${longitude}</arg>
<arg>${latitude}</arg>
<doc>Définit une nouvelle position GPS via une API Flask sur le host.</doc>
<status status="PASS" start="2025-05-08T23:26:31.592888" elapsed="0.035043"/>
</kw>
<kw name="Sleep" owner="BuiltIn">
<msg time="2025-05-08T23:26:32.128491" level="INFO">Slept 500 milliseconds.</msg>
<arg>${QUICK_WAIT}</arg>
<doc>Pauses the test executed for the given time.</doc>
<status status="PASS" start="2025-05-08T23:26:31.627931" elapsed="0.500560"/>
</kw>
<kw name="Get Location ViaAdb" owner="Integration">
<msg time="2025-05-08T23:26:32.188977" level="INFO">${current_latitude} = 40.7128</msg>
<msg time="2025-05-08T23:26:32.188977" level="INFO">${current_longitude} = -74.006</msg>
<var>${current_latitude}</var>
<var>${current_longitude}</var>
<arg>${Device}</arg>
<status status="PASS" start="2025-05-08T23:26:32.128491" elapsed="0.060486"/>
</kw>
<kw name="Should Be Equal As Numbers" owner="BuiltIn">
<msg time="2025-05-08T23:26:32.188977" level="INFO">Argument types are:
&lt;class 'float'&gt;
&lt;class 'str'&gt;</msg>
<arg>${current_latitude}</arg>
<arg>${latitude}</arg>
<arg>La latitude n'a pas été mise à jour correctement</arg>
<doc>Fails if objects are unequal after converting them to real numbers.</doc>
<status status="PASS" start="2025-05-08T23:26:32.188977" elapsed="0.000000"/>
</kw>
<kw name="Should Be Equal As Numbers" owner="BuiltIn">
<msg time="2025-05-08T23:26:32.188977" level="INFO">Argument types are:
&lt;class 'float'&gt;
&lt;class 'str'&gt;</msg>
<arg>${current_longitude}</arg>
<arg>${longitude}</arg>
<arg>La longitude n'a pas été mise à jour correctement</arg>
<doc>Fails if objects are unequal after converting them to real numbers.</doc>
<status status="PASS" start="2025-05-08T23:26:32.188977" elapsed="0.000000"/>
</kw>
<arg>${lat}</arg>
<arg>${lon}</arg>
<status status="PASS" start="2025-05-08T23:26:31.592888" elapsed="0.596089"/>
</kw>
<var name="${lat}">40.7128</var>
<var name="${lon}">-74.0060</var>
<status status="PASS" start="2025-05-08T23:26:31.592888" elapsed="0.596089"/>
</iter>
<iter>
<kw name="Test GPS Location For Coordinates">
<kw name="Set Location ViaAdb" owner="Integration">
<msg time="2025-05-08T23:26:32.222498" level="INFO">[OK] Position définie : 2.3522, 48.8566</msg>
<arg>${Device}</arg>
<arg>${longitude}</arg>
<arg>${latitude}</arg>
<doc>Définit une nouvelle position GPS via une API Flask sur le host.</doc>
<status status="PASS" start="2025-05-08T23:26:32.189977" elapsed="0.032521"/>
</kw>
<kw name="Sleep" owner="BuiltIn">
<msg time="2025-05-08T23:26:32.722735" level="INFO">Slept 500 milliseconds.</msg>
<arg>${QUICK_WAIT}</arg>
<doc>Pauses the test executed for the given time.</doc>
<status status="PASS" start="2025-05-08T23:26:32.222498" elapsed="0.500237"/>
</kw>
<kw name="Get Location ViaAdb" owner="Integration">
<msg time="2025-05-08T23:26:32.779819" level="INFO">${current_latitude} = 40.7128</msg>
<msg time="2025-05-08T23:26:32.779819" level="INFO">${current_longitude} = -74.006</msg>
<var>${current_latitude}</var>
<var>${current_longitude}</var>
<arg>${Device}</arg>
<status status="PASS" start="2025-05-08T23:26:32.722735" elapsed="0.057084"/>
</kw>
<kw name="Should Be Equal As Numbers" owner="BuiltIn">
<msg time="2025-05-08T23:26:32.779819" level="INFO">Argument types are:
&lt;class 'float'&gt;
&lt;class 'str'&gt;</msg>
<msg time="2025-05-08T23:26:32.779819" level="FAIL">La latitude n'a pas été mise à jour correctement: 40.7128 != 48.8566</msg>
<arg>${current_latitude}</arg>
<arg>${latitude}</arg>
<arg>La latitude n'a pas été mise à jour correctement</arg>
<doc>Fails if objects are unequal after converting them to real numbers.</doc>
<status status="FAIL" start="2025-05-08T23:26:32.779819" elapsed="0.001002">La latitude n'a pas été mise à jour correctement: 40.7128 != 48.8566</status>
</kw>
<kw name="Should Be Equal As Numbers" owner="BuiltIn">
<arg>${current_longitude}</arg>
<arg>${longitude}</arg>
<arg>La longitude n'a pas été mise à jour correctement</arg>
<doc>Fails if objects are unequal after converting them to real numbers.</doc>
<status status="NOT RUN" start="2025-05-08T23:26:32.780821" elapsed="0.000000"/>
</kw>
<arg>${lat}</arg>
<arg>${lon}</arg>
<status status="FAIL" start="2025-05-08T23:26:32.189977" elapsed="0.590844">La latitude n'a pas été mise à jour correctement: 40.7128 != 48.8566</status>
</kw>
<var name="${lat}">48.8566</var>
<var name="${lon}">2.3522</var>
<status status="FAIL" start="2025-05-08T23:26:32.188977" elapsed="0.591844">La latitude n'a pas été mise à jour correctement: 40.7128 != 48.8566</status>
</iter>
<var>${lat}</var>
<var>${lon}</var>
<value>@{GPS_LOCATIONS}</value>
<status status="FAIL" start="2025-05-08T23:26:31.592888" elapsed="1.187933">La latitude n'a pas été mise à jour correctement: 40.7128 != 48.8566</status>
</for>
<doc>Teste la modification de position GPS pour plusieurs emplacements</doc>
<status status="FAIL" start="2025-05-08T23:26:31.592888" elapsed="1.187933">La latitude n'a pas été mise à jour correctement: 40.7128 != 48.8566</status>
</test>
<kw name="Fermer Driver" type="TEARDOWN">
<try>
<branch type="TRY">
<kw name="Run Keyword And Return Status" owner="BuiltIn">
<kw name="Get Source" owner="AppiumLibrary">
<kw name="Capture Page Screenshot" owner="AppiumLibrary">
<msg time="2025-05-08T23:26:32.781822" level="FAIL">No application is open</msg>
<doc>Takes a screenshot of the current page and embeds it into the log.</doc>
<status status="FAIL" start="2025-05-08T23:26:32.781822" elapsed="0.001997">No application is open</status>
</kw>
<msg time="2025-05-08T23:26:32.783819" level="WARN">Keyword 'Capture Page Screenshot' could not be run on failure: No application is open</msg>
<msg time="2025-05-08T23:26:32.784821" level="FAIL">No application is open</msg>
<doc>Returns the entire source of the current page.</doc>
<status status="FAIL" start="2025-05-08T23:26:32.781822" elapsed="0.002999">No application is open</status>
</kw>
<msg time="2025-05-08T23:26:32.784821" level="INFO">${session_active} = False</msg>
<var>${session_active}</var>
<arg>Get Source</arg>
<doc>Runs the given keyword with given arguments and returns the status as a Boolean value.</doc>
<status status="PASS" start="2025-05-08T23:26:32.781822" elapsed="0.002999"/>
</kw>
<if>
<branch type="IF" condition="${session_active}">
<kw name="Close Driver" owner="Integration">
<arg>${driver}</arg>
<doc>Ferme proprement le driver Appium.</doc>
<status status="NOT RUN" start="2025-05-08T23:26:32.784821" elapsed="0.000000"/>
</kw>
<kw name="Log" owner="BuiltIn">
<arg>Driver fermé avec succès</arg>
<doc>Logs the given message with the given level.</doc>
<status status="NOT RUN" start="2025-05-08T23:26:32.784821" elapsed="0.000000"/>
</kw>
<status status="NOT RUN" start="2025-05-08T23:26:32.784821" elapsed="0.000000"/>
</branch>
<branch type="ELSE">
<kw name="Log" owner="BuiltIn">
<msg time="2025-05-08T23:26:32.784821" level="INFO">Le driver n'était pas actif</msg>
<arg>Le driver n'était pas actif</arg>
<doc>Logs the given message with the given level.</doc>
<status status="PASS" start="2025-05-08T23:26:32.784821" elapsed="0.000000"/>
</kw>
<status status="PASS" start="2025-05-08T23:26:32.784821" elapsed="0.000000"/>
</branch>
<status status="PASS" start="2025-05-08T23:26:32.784821" elapsed="0.000000"/>
</if>
<status status="PASS" start="2025-05-08T23:26:32.781822" elapsed="0.002999"/>
</branch>
<branch type="EXCEPT" assign="${error}">
<kw name="Log" owner="BuiltIn">
<arg>Erreur lors de la fermeture du driver: ${error}</arg>
<doc>Logs the given message with the given level.</doc>
<status status="NOT RUN" start="2025-05-08T23:26:32.785821" elapsed="0.000000"/>
</kw>
<status status="NOT RUN" start="2025-05-08T23:26:32.784821" elapsed="0.001000"/>
</branch>
<status status="PASS" start="2025-05-08T23:26:32.781822" elapsed="0.003999"/>
</try>
<doc>Cleans up and closes the test driver</doc>
<status status="PASS" start="2025-05-08T23:26:32.781822" elapsed="0.003999"/>
</kw>
<doc>Tests de fonctionnalité GPS pour appareil Android
- Vérification de la modification de position GPS
- Utilisation des commandes ADB pour contrôler l'émulateur</doc>
<status status="FAIL" start="2025-05-08T23:25:14.935947" elapsed="77.849874"/>
</suite>
<statistics>
<total>
<stat pass="2" fail="1" skip="0">All Tests</stat>
</total>
<tag>
<stat pass="2" fail="0" skip="0">gps</stat>
<stat pass="1" fail="0" skip="0">location</stat>
<stat pass="1" fail="0" skip="0">smoke</stat>
</tag>
<suite>
<stat name="FonctionnaliteMaps" id="s1" pass="2" fail="1" skip="0">FonctionnaliteMaps</stat>
</suite>
</statistics>
<errors>
<msg time="2025-05-08T23:26:32.783819" level="WARN">Keyword 'Capture Page Screenshot' could not be run on failure: No application is open</msg>
</errors>
</robot>
