<?xml version="1.0" encoding="UTF-8"?>
<robot generator="Robot 7.2.2 (Python 3.12.5 on win32)" generated="2025-06-11T14:47:43.428943" rpa="false" schemaversion="5">
<suite id="s1" name="TestsAudio" source="C:\Users\bahae\Documents\PfeProject\test_cases\TestsAudio.robot">
<kw name="Démarrer Driver" type="SETUP">
<kw name="Log" owner="BuiltIn">
<msg time="2025-06-11T14:47:47.244222" level="INFO">Tentative d'initialisation du driver Appium...</msg>
<arg>Tentative d'initialisation du driver Appium...</arg>
<doc>Logs the given message with the given level.</doc>
<status status="PASS" start="2025-06-11T14:47:47.243184" elapsed="0.001038"/>
</kw>
<kw name="Log" owner="BuiltIn">
<msg time="2025-06-11T14:47:47.244222" level="INFO">URL Appium: C:\Users\bahae\Documents\PfeProject\test_cases\..\config.py</msg>
<arg>URL Appium: C:\\Users\\bahae\\Documents\\PfeProject\\test_cases${/}..${/}config.py</arg>
<doc>Logs the given message with the given level.</doc>
<status status="PASS" start="2025-06-11T14:47:47.244222" elapsed="0.000000"/>
</kw>
<kw name="Run Keyword And Ignore Error" owner="BuiltIn">
<kw name="Setup Driver" owner="Integration">
<arg>${Device}</arg>
<doc>Initialise et retourne le driver Appium.</doc>
<status status="PASS" start="2025-06-11T14:47:47.244222" elapsed="4.588861"/>
</kw>
<msg time="2025-06-11T14:47:51.833083" level="INFO">${result} = ('PASS', &lt;appium.webdriver.webdriver.WebDriver (session="a5eba092-e456-4812-99f9-83b7f101a92f")&gt;)</msg>
<var>${result}</var>
<arg>setup driver</arg>
<arg>${Device}</arg>
<doc>Runs the given keyword with the given arguments and ignores possible error.</doc>
<status status="PASS" start="2025-06-11T14:47:47.244222" elapsed="4.588861"/>
</kw>
<kw name="Set Variable" owner="BuiltIn">
<msg time="2025-06-11T14:47:51.833083" level="INFO">${status} = PASS</msg>
<msg time="2025-06-11T14:47:51.833083" level="INFO">${driver} = &lt;appium.webdriver.webdriver.WebDriver (session="a5eba092-e456-4812-99f9-83b7f101a92f")&gt;</msg>
<var>${status}</var>
<var>${driver}</var>
<arg>${result}</arg>
<doc>Returns the given values which can then be assigned to a variables.</doc>
<status status="PASS" start="2025-06-11T14:47:51.833083" elapsed="0.000000"/>
</kw>
<if>
<branch type="IF" condition="'${status}' == 'FAIL'">
<kw name="Log" owner="BuiltIn">
<arg>Échec de l'initialisation du driver: ${driver}</arg>
<doc>Logs the given message with the given level.</doc>
<status status="NOT RUN" start="2025-06-11T14:47:51.833083" elapsed="0.000000"/>
</kw>
<kw name="Fail" owner="BuiltIn">
<arg>Impossible d'initialiser le driver Appium: ${driver}</arg>
<doc>Fails the test with the given message and optionally alters its tags.</doc>
<status status="NOT RUN" start="2025-06-11T14:47:51.833083" elapsed="0.001016"/>
</kw>
<status status="NOT RUN" start="2025-06-11T14:47:51.833083" elapsed="0.001016"/>
</branch>
<status status="PASS" start="2025-06-11T14:47:51.833083" elapsed="0.001016"/>
</if>
<kw name="Set Suite Variable" owner="BuiltIn">
<msg time="2025-06-11T14:47:51.834099" level="INFO">${driver} = &lt;appium.webdriver.webdriver.WebDriver (session="a5eba092-e456-4812-99f9-83b7f101a92f")&gt;</msg>
<arg>${driver}</arg>
<doc>Makes a variable available everywhere within the scope of the current suite.</doc>
<status status="PASS" start="2025-06-11T14:47:51.834099" elapsed="0.000000"/>
</kw>
<kw name="Log" owner="BuiltIn">
<msg time="2025-06-11T14:47:51.834099" level="INFO">Driver Appium initialisé avec succès</msg>
<arg>Driver Appium initialisé avec succès</arg>
<doc>Logs the given message with the given level.</doc>
<status status="PASS" start="2025-06-11T14:47:51.834099" elapsed="0.000000"/>
</kw>
<status status="PASS" start="2025-06-11T14:47:47.243184" elapsed="4.590915"/>
</kw>
<test id="s1-t1" name="Test fgdya" line="236">
<kw name="Close Activity Robot" owner="Integration">
<msg time="2025-06-11T14:47:53.097302" level="INFO">Échec de terminateApp: Message: The following required parameter is missing: ["appId"]
Known required parameters are: ["appId"]
Known optional parameters are: ["timeout"]
You have provided none
Stacktrace:
BadParametersError: The following required parameter is missing: ["appId"]
Known required parameters are: ["appId"]
Known optional parameters are: ["timeout"]
You have provided none
    at checkParams (C:\Users\bahae\AppData\Roaming\npm\node_modules\appium\node_modules\@appium\base-driver\lib\protocol\protocol.js:155:9)
    at validateExecuteMethodParams (C:\Users\bahae\AppData\Roaming\npm\node_modules\appium\node_modules\@appium\base-driver\lib\protocol\protocol.js:242:5)
    at AndroidUiautomator2Driver.executeMethod (C:\Users\bahae\AppData\Roaming\npm\node_modules\appium\node_modules\@appium\base-driver\lib\basedriver\commands\execute.ts:34:45)
    at AndroidUiautomator2Driver.execute (C:\Users\bahae\.appium\node_modules\appium-uiautomator2-driver\node_modules\appium-android-driver\lib\commands\execute.js:17:23)
    at runCommandPromise (C:\Users\bahae\AppData\Roaming\npm\node_modules\appium\node_modules\@appium\base-driver\lib\basedriver\driver.ts:115:20)
    at C:\Users\bahae\AppData\Roaming\npm\node_modules\appium\node_modules\async-lock\lib\index.js:171:12
    at AsyncLock._promiseTry (C:\Users\bahae\AppData\Roaming\npm\node_modules\appium\node_modules\async-lock\lib\index.js:306:31)
    at exec (C:\Users\bahae\AppData\Roaming\npm\node_modules\appium\node_modules\async-lock\lib\index.js:170:9)
    at AsyncLock.acquire (C:\Users\bahae\AppData\Roaming\npm\node_modules\appium\node_modules\async-lock\lib\index.js:189:3)
    at AndroidUiautomator2Driver.executeCommand (C:\Users\bahae\AppData\Roaming\npm\node_modules\appium\node_modules\@appium\base-driver\lib\basedriver\driver.ts:159:39)
    at processTicksAndRejections (node:internal/process/task_queues:95:5)
    at defaultBehavior (C:\Users\bahae\AppData\Roaming\npm\node_modules\appium\lib\appium.js:787:14)
    at AppiumDriver.executeWrappedCommand (C:\Users\bahae\AppData\Roaming\npm\node_modules\appium\lib\appium.js:900:16)
    at AppiumDriver.executeCommand (C:\Users\bahae\AppData\Roaming\npm\node_modules\appium\lib\appium.js:799:17)
    at asyncHandler (C:\Users\bahae\AppData\Roaming\npm\node_modules\appium\node_modules\@appium\base-driver\lib\protocol\protocol.js:387:19)
Touche HOME pressée
Application com.example.audioapplicationtest fermée avec force-stop
Application com.example.audioapplicationtest fermée avec succès</msg>
<arg>${driver}</arg>
<arg>com.example.audioapplicationtest</arg>
<doc>Version de close_activity adaptée pour Robot Framework.
Utilise plusieurs méthodes pour s'assurer que l'application est bien fermée.</doc>
<status status="PASS" start="2025-06-11T14:47:51.834099" elapsed="1.263203"/>
</kw>
<status status="PASS" start="2025-06-11T14:47:51.834099" elapsed="1.263203"/>
</test>
<test id="s1-t2" name="Test Audio Recording And Playback" line="239">
<kw name="Close Activity" owner="Integration">
<msg time="2025-06-11T14:47:53.103228" level="INFO">Erreur lors de la fermeture de l'application com.example.audioapplicationtest/.AudioPlayerActivity: Message: The following required parameter is missing: ["appId"]
Known required parameters are: ["appId"]
Known optional parameters are: ["timeout"]
You have provided none
Stacktrace:
BadParametersError: The following required parameter is missing: ["appId"]
Known required parameters are: ["appId"]
Known optional parameters are: ["timeout"]
You have provided none
    at checkParams (C:\Users\bahae\AppData\Roaming\npm\node_modules\appium\node_modules\@appium\base-driver\lib\protocol\protocol.js:155:9)
    at validateExecuteMethodParams (C:\Users\bahae\AppData\Roaming\npm\node_modules\appium\node_modules\@appium\base-driver\lib\protocol\protocol.js:242:5)
    at AndroidUiautomator2Driver.executeMethod (C:\Users\bahae\AppData\Roaming\npm\node_modules\appium\node_modules\@appium\base-driver\lib\basedriver\commands\execute.ts:34:45)
    at AndroidUiautomator2Driver.execute (C:\Users\bahae\.appium\node_modules\appium-uiautomator2-driver\node_modules\appium-android-driver\lib\commands\execute.js:17:23)
    at runCommandPromise (C:\Users\bahae\AppData\Roaming\npm\node_modules\appium\node_modules\@appium\base-driver\lib\basedriver\driver.ts:115:20)
    at C:\Users\bahae\AppData\Roaming\npm\node_modules\appium\node_modules\async-lock\lib\index.js:171:12
    at AsyncLock._promiseTry (C:\Users\bahae\AppData\Roaming\npm\node_modules\appium\node_modules\async-lock\lib\index.js:306:31)
    at exec (C:\Users\bahae\AppData\Roaming\npm\node_modules\appium\node_modules\async-lock\lib\index.js:170:9)
    at AsyncLock.acquire (C:\Users\bahae\AppData\Roaming\npm\node_modules\appium\node_modules\async-lock\lib\index.js:189:3)
    at AndroidUiautomator2Driver.executeCommand (C:\Users\bahae\AppData\Roaming\npm\node_modules\appium\node_modules\@appium\base-driver\lib\basedriver\driver.ts:159:39)
    at processTicksAndRejections (node:internal/process/task_queues:95:5)
    at defaultBehavior (C:\Users\bahae\AppData\Roaming\npm\node_modules\appium\lib\appium.js:787:14)
    at AppiumDriver.executeWrappedCommand (C:\Users\bahae\AppData\Roaming\npm\node_modules\appium\lib\appium.js:900:16)
    at AppiumDriver.executeCommand (C:\Users\bahae\AppData\Roaming\npm\node_modules\appium\lib\appium.js:799:17)
    at asyncHandler (C:\Users\bahae\AppData\Roaming\npm\node_modules\appium\node_modules\@appium\base-driver\lib\protocol\protocol.js:387:19)</msg>
<arg>${driver}</arg>
<arg>com.example.audioapplicationtest/.AudioPlayerActivity</arg>
<doc>Ferme une application spécifique sur un appareil Android via Appium.</doc>
<status status="PASS" start="2025-06-11T14:47:53.098394" elapsed="0.005814"/>
</kw>
<kw name="Execute Test With Retry">
<kw name="Set Variable" owner="BuiltIn">
<msg time="2025-06-11T14:47:53.104827" level="INFO">${attempt} = 1</msg>
<var>${attempt}</var>
<arg>1</arg>
<doc>Returns the given values which can then be assigned to a variables.</doc>
<status status="PASS" start="2025-06-11T14:47:53.104208" elapsed="0.000619"/>
</kw>
<kw name="Set Variable" owner="BuiltIn">
<msg time="2025-06-11T14:47:53.104827" level="INFO">${test_status} = False</msg>
<var>${test_status}</var>
<arg>${FALSE}</arg>
<doc>Returns the given values which can then be assigned to a variables.</doc>
<status status="PASS" start="2025-06-11T14:47:53.104827" elapsed="0.000000"/>
</kw>
<for flavor="IN RANGE">
<iter>
<kw name="Run Keyword And Return Status" owner="BuiltIn">
<kw name="Verify Audio Recording">
<kw name="Initialize Language Settings">
<kw name="Get System Language" owner="Integration">
<msg time="2025-06-11T14:47:53.143191" level="INFO">${lang} = eng</msg>
<var>${lang}</var>
<arg>${Device}</arg>
<status status="PASS" start="2025-06-11T14:47:53.105881" elapsed="0.037310"/>
</kw>
<kw name="Set Variable If" owner="BuiltIn">
<msg time="2025-06-11T14:47:53.144190" level="INFO">${lang_dict} = {'System': 'System', 'Setting': 'Settings', 'Audio': 'Recording', 'Record': 'START', 'Stop': 'STOP', 'Play': 'Play'}</msg>
<var>${lang_dict}</var>
<arg>'${lang}' == 'fr'</arg>
<arg>${LANG_FR}</arg>
<arg>${LANG_EN}</arg>
<doc>Sets variable based on the given condition.</doc>
<status status="PASS" start="2025-06-11T14:47:53.143191" elapsed="0.000999"/>
</kw>
<kw name="Set Suite Variable" owner="BuiltIn">
<msg time="2025-06-11T14:47:53.144190" level="INFO">${LANG_DICT} = {'System': 'System', 'Setting': 'Settings', 'Audio': 'Recording', 'Record': 'START', 'Stop': 'STOP', 'Play': 'Play'}</msg>
<arg>${LANG_DICT}</arg>
<arg>${lang_dict}</arg>
<doc>Makes a variable available everywhere within the scope of the current suite.</doc>
<status status="PASS" start="2025-06-11T14:47:53.144190" elapsed="0.000000"/>
</kw>
<status status="PASS" start="2025-06-11T14:47:53.104827" elapsed="0.039363"/>
</kw>
<kw name="Navigate To Audio App">
<kw name="Start Activity Code" owner="Integration">
<arg>${driver}</arg>
<arg>com.example.audioapplicationtest/.MainActivity</arg>
<doc>Lance une activité spécifique sur un appareil Android via Appium.</doc>
<status status="PASS" start="2025-06-11T14:47:53.144190" elapsed="0.060948"/>
</kw>
<kw name="Sleep" owner="BuiltIn">
<msg time="2025-06-11T14:47:56.206245" level="INFO">Slept 3 seconds.</msg>
<arg>3s</arg>
<doc>Pauses the test executed for the given time.</doc>
<status status="PASS" start="2025-06-11T14:47:53.205138" elapsed="3.001107"/>
</kw>
<kw name="Print Activity" owner="Integration">
<msg time="2025-06-11T14:47:56.288791" level="INFO">${current_activity} = com.example.audioapplicationtest/.MainActivity</msg>
<var>${current_activity}</var>
<arg>${driver}</arg>
<doc>Retourne l'activité complète sous la forme 'com.android.car.messenger/.ui.launcher.MessageLauncherActivity'.</doc>
<status status="PASS" start="2025-06-11T14:47:56.206245" elapsed="0.082546"/>
</kw>
<kw name="Should Contain" owner="BuiltIn">
<arg>${current_activity}</arg>
<arg>com.example.audioapplicationtest/.MainActivity</arg>
<arg>L'application n'est pas correctement lancée</arg>
<doc>Fails if ``container`` does not contain ``item`` one or more times.</doc>
<status status="PASS" start="2025-06-11T14:47:56.288791" elapsed="0.000817"/>
</kw>
<status status="PASS" start="2025-06-11T14:47:53.144190" elapsed="3.145418"/>
</kw>
<kw name="Start Audio Recording And Playback">
<kw name="Log" owner="BuiltIn">
<msg time="2025-06-11T14:47:56.290132" level="INFO">Démarrage de l'enregistrement audio...</msg>
<arg>Démarrage de l'enregistrement audio...</arg>
<doc>Logs the given message with the given level.</doc>
<status status="PASS" start="2025-06-11T14:47:56.289608" elapsed="0.000570"/>
</kw>
<kw name="Get Audio File Duration">
<kw name="Get Audio Duration" owner="Integration">
<msg time="2025-06-11T14:47:56.291165" level="INFO">✅ Durée du fichier audio C:\Users\bahae\Documents\PfeProject\test_cases\test.wav: 18.31 secondes</msg>
<msg time="2025-06-11T14:47:56.291165" level="INFO">${duration} = 18.311836734693877</msg>
<var>${duration}</var>
<arg>${driver}</arg>
<arg>${audio_file}</arg>
<doc>Obtient la durée d'un fichier audio en secondes.</doc>
<status status="PASS" start="2025-06-11T14:47:56.290178" elapsed="0.000987"/>
</kw>
<kw name="Should Not Be Equal As Numbers" owner="BuiltIn">
<msg time="2025-06-11T14:47:56.291165" level="INFO">Argument types are:
&lt;class 'float'&gt;
&lt;class 'str'&gt;</msg>
<arg>${duration}</arg>
<arg>0</arg>
<arg>Impossible d'obtenir la durée du fichier audio</arg>
<doc>Fails if objects are equal after converting them to real numbers.</doc>
<status status="PASS" start="2025-06-11T14:47:56.291165" elapsed="0.000000"/>
</kw>
<return>
<value>${duration}</value>
<status status="PASS" start="2025-06-11T14:47:56.291165" elapsed="0.000000"/>
</return>
<msg time="2025-06-11T14:47:56.291165" level="INFO">${duration} = 18.311836734693877</msg>
<var>${duration}</var>
<arg>${audio_file}</arg>
<status status="PASS" start="2025-06-11T14:47:56.290178" elapsed="0.000987"/>
</kw>
<kw name="Log" owner="BuiltIn">
<msg time="2025-06-11T14:47:56.291165" level="INFO">Durée du fichier audio à lire: 18.311836734693877 secondes</msg>
<arg>Durée du fichier audio à lire: ${duration} secondes</arg>
<doc>Logs the given message with the given level.</doc>
<status status="PASS" start="2025-06-11T14:47:56.291165" elapsed="0.000000"/>
</kw>
<kw name="Click Record Button">
<kw name="Wait For Record Button">
<kw name="Wait Until Keyword Succeeds" owner="BuiltIn">
<kw name="Check Element Exists" owner="Integration">
<arg>${driver}</arg>
<arg>//android.widget.Button[@text="START"]</arg>
<doc>Vérifie si un élément existe en utilisant le XPath donné.</doc>
<status status="PASS" start="2025-06-11T14:47:56.292167" elapsed="0.640341"/>
</kw>
<arg>${timeout}</arg>
<arg>${QUICK_WAIT}</arg>
<arg>Check Element Exists</arg>
<arg>${driver}</arg>
<arg>//android.widget.Button[@text="START"]</arg>
<doc>Runs the specified keyword and retries if it fails.</doc>
<status status="PASS" start="2025-06-11T14:47:56.292167" elapsed="0.640341"/>
</kw>
<status status="PASS" start="2025-06-11T14:47:56.292167" elapsed="0.640848"/>
</kw>
<kw name="Check Element Exists" owner="Integration">
<msg time="2025-06-11T14:47:56.979639" level="INFO">${button_exists} = True</msg>
<var>${button_exists}</var>
<arg>${driver}</arg>
<arg>//android.widget.Button[@text="START"]</arg>
<doc>Vérifie si un élément existe en utilisant le XPath donné.</doc>
<status status="PASS" start="2025-06-11T14:47:56.933026" elapsed="0.046613"/>
</kw>
<kw name="Should Be True" owner="BuiltIn">
<arg>${button_exists}</arg>
<arg>Le bouton START n'est pas visible</arg>
<doc>Fails if the given condition is not true.</doc>
<status status="PASS" start="2025-06-11T14:47:56.979639" elapsed="0.001005"/>
</kw>
<kw name="Run Keyword And Return Status" owner="BuiltIn">
<kw name="Click Element By Xpath Bounds" owner="Integration">
<arg>${driver}</arg>
<arg>//android.widget.Button[@text="START"]</arg>
<doc>Trouve un élément par XPath et clique dessus en utilisant ses bounds.</doc>
<status status="PASS" start="2025-06-11T14:47:56.980644" elapsed="0.479180"/>
</kw>
<msg time="2025-06-11T14:47:57.459824" level="INFO">${success} = True</msg>
<var>${success}</var>
<arg>click_element_by_xpath_bounds</arg>
<arg>${driver}</arg>
<arg>//android.widget.Button[@text="START"]</arg>
<doc>Runs the given keyword with given arguments and returns the status as a Boolean value.</doc>
<status status="PASS" start="2025-06-11T14:47:56.980644" elapsed="0.479180"/>
</kw>
<kw name="Should Be True" owner="BuiltIn">
<arg>${success}</arg>
<arg>Impossible de cliquer sur le bouton START</arg>
<doc>Fails if the given condition is not true.</doc>
<status status="PASS" start="2025-06-11T14:47:57.459824" elapsed="0.000000"/>
</kw>
<status status="PASS" start="2025-06-11T14:47:56.291165" elapsed="1.169653"/>
</kw>
<kw name="Sleep" owner="BuiltIn">
<msg time="2025-06-11T14:47:59.461815" level="INFO">Slept 2 seconds.</msg>
<arg>2s</arg>
<doc>Pauses the test executed for the given time.</doc>
<status status="PASS" start="2025-06-11T14:47:57.460818" elapsed="2.000997"/>
</kw>
<kw name="Run Keyword And Return Status" owner="BuiltIn">
<kw name="Play Audio" owner="Integration">
<msg time="2025-06-11T14:48:17.895249" level="INFO">✅ Lecture audio réussie : Lecture du fichier test.wav terminée</msg>
<arg>${driver}</arg>
<arg>${audio_file}</arg>
<doc>Joue un fichier audio via l'API Flask.</doc>
<status status="PASS" start="2025-06-11T14:47:59.462322" elapsed="18.432927"/>
</kw>
<msg time="2025-06-11T14:48:17.895249" level="INFO">${success} = True</msg>
<var>${success}</var>
<arg>play_audio</arg>
<arg>${driver}</arg>
<arg>${audio_file}</arg>
<doc>Runs the given keyword with given arguments and returns the status as a Boolean value.</doc>
<status status="PASS" start="2025-06-11T14:47:59.461815" elapsed="18.433434"/>
</kw>
<kw name="Should Be True" owner="BuiltIn">
<arg>${success}</arg>
<arg>La lecture audio a échoué</arg>
<doc>Fails if the given condition is not true.</doc>
<status status="PASS" start="2025-06-11T14:48:17.895249" elapsed="0.000000"/>
</kw>
<kw name="Sleep" owner="BuiltIn">
<msg time="2025-06-11T14:48:36.207579" level="INFO">Slept 18 seconds 312 milliseconds.</msg>
<arg>${duration}s</arg>
<doc>Pauses the test executed for the given time.</doc>
<status status="PASS" start="2025-06-11T14:48:17.895249" elapsed="18.312330"/>
</kw>
<kw name="Click Stop Button">
<kw name="Check Element Exists" owner="Integration">
<msg time="2025-06-11T14:48:36.269491" level="INFO">${button_exists} = True</msg>
<var>${button_exists}</var>
<arg>${driver}</arg>
<arg>//android.widget.Button[@text="STOP"]</arg>
<doc>Vérifie si un élément existe en utilisant le XPath donné.</doc>
<status status="PASS" start="2025-06-11T14:48:36.208099" elapsed="0.061392"/>
</kw>
<kw name="Should Be True" owner="BuiltIn">
<arg>${button_exists}</arg>
<arg>Le bouton STOP n'est pas visible</arg>
<doc>Fails if the given condition is not true.</doc>
<status status="PASS" start="2025-06-11T14:48:36.269491" elapsed="0.000000"/>
</kw>
<kw name="Run Keyword And Return Status" owner="BuiltIn">
<kw name="Click Element By Xpath Bounds" owner="Integration">
<arg>${driver}</arg>
<arg>//android.widget.Button[@text="STOP"]</arg>
<doc>Trouve un élément par XPath et clique dessus en utilisant ses bounds.</doc>
<status status="PASS" start="2025-06-11T14:48:36.270288" elapsed="0.486214"/>
</kw>
<msg time="2025-06-11T14:48:36.756502" level="INFO">${success} = True</msg>
<var>${success}</var>
<arg>click_element_by_xpath_bounds</arg>
<arg>${driver}</arg>
<arg>//android.widget.Button[@text="STOP"]</arg>
<doc>Runs the given keyword with given arguments and returns the status as a Boolean value.</doc>
<status status="PASS" start="2025-06-11T14:48:36.269491" elapsed="0.487011"/>
</kw>
<kw name="Should Be True" owner="BuiltIn">
<arg>${success}</arg>
<arg>Impossible de cliquer sur le bouton STOP</arg>
<doc>Fails if the given condition is not true.</doc>
<status status="PASS" start="2025-06-11T14:48:36.756502" elapsed="0.000000"/>
</kw>
<status status="PASS" start="2025-06-11T14:48:36.208099" elapsed="0.548403"/>
</kw>
<status status="PASS" start="2025-06-11T14:47:56.289608" elapsed="40.466894"/>
</kw>
<kw name="Compare Audio Files">
<kw name="Compare With Latest Recorded" owner="TestAudio">
<msg time="2025-06-11T14:49:09.089231" level="INFO">Graphiques sauvegardés dans: C:\Users\bahae\Documents\PfeProject\test_cases\..\log\plots\audio_comparison_enregistrement_20250611_144855.png</msg>
<msg time="2025-06-11T14:49:09.089231" level="INFO">============================= Début du test audio ==============================
Original: C:\Users\bahae\Documents\PfeProject\test_cases\test.wav
Enregistré: latest_download.wav
Date du test: 2025-06-11 14:48:38

Original - Durée: 18.31s -&gt; Segment actif: 18.31s
Enregistré - Durée: 39.25s -&gt; Segment actif: 18.16s
Recherche du meilleur alignement...
Alignement initial trouvé, ajustement fin...

Détails de l'alignement:
Position originale: 0.000s
Position enregistrée: -0.052s
Ajustement: -52.2ms
Corrélation initiale: 0.535
Original length: 803314, Recorded length: 803314
Best lag: 431 samples (0.010 seconds)
Final lengths - Original: 802883, Aligned: 802883
Décalage temporel final: 0.010 secondes

=== Résultats ===
Décalage temporel: 0.010 secondes
         snr: 5.1835
 correlation: 0.8394
         mse: 0.0099
        rmse: 0.0996
energy_ratio: 0.8600
    max_diff: 1.0572
   mean_diff: 0.0612
         mos: 3.8146
     clarity: 1.0347
  clarity_db: 0.1483

=== Résultat: SUCCÈS ===
SNR: 5.18 dB (seuil: 5 dB)
Corrélation: 0.839 (seuil: 0.8)
MOS: 3.81/5 (seuil: 2.5)
Clarté: 1.035 (seuil: 0.7)</msg>
<msg time="2025-06-11T14:49:09.089753" level="INFO">C:\Users\bahae\Documents\PfeProject\test_cases\TestAudio.py:338: UserWarning: Glyph 10060 (\N{CROSS MARK}) missing from font(s) DejaVu Sans.
  plt.savefig(output_file, dpi=300, bbox_inches='tight')
C:\Program Files\JetBrains\PyCharm 2024.3.2\plugins\python-ce\helpers\pycharm_matplotlib_backend\backend_interagg.py:124: UserWarning: Glyph 10060 (\N{CROSS MARK}) missing from font(s) DejaVu Sans.
  FigureCanvasAgg.draw(self)</msg>
<msg time="2025-06-11T14:49:09.089800" level="INFO">${test_passed} = True</msg>
<msg time="2025-06-11T14:49:09.089800" level="INFO">${metrics} = {'snr': 5.183527167999261, 'correlation': 0.8394017521462456, 'mse': 0.009925964825293749, 'rmse': 0.09962913642752179, 'energy_ratio': 0.8600123348096803, 'max_diff': 1.057171018341218, 'mean_diff': ...</msg>
<var>${test_passed}</var>
<var>${metrics}</var>
<arg>${original_audio}</arg>
<doc>Télécharge le dernier audio enregistré via l'API Flask et le compare à l'original.
:param original_audio: Chemin du fichier original (wav)
:param latest_audio_path: Chemin où sauvegarder le fichier téléchargé
:param api_url: URL de l'API Flask pour récupérer le dernier audio enregistré
:return: (test_passed, metrics)</doc>
<status status="PASS" start="2025-06-11T14:48:36.757502" elapsed="32.332298"/>
</kw>
<kw name="Log" owner="BuiltIn">
<msg time="2025-06-11T14:49:09.090354" level="INFO">SNR: 5.183527167999261 dB (seuil: 20 dB)</msg>
<arg>SNR: ${metrics['snr']} dB (seuil: 20 dB)</arg>
<doc>Logs the given message with the given level.</doc>
<status status="PASS" start="2025-06-11T14:49:09.089800" elapsed="0.000554"/>
</kw>
<kw name="Log" owner="BuiltIn">
<msg time="2025-06-11T14:49:09.090354" level="INFO">Corrélation: 0.8394017521462456 (seuil: 0.9)</msg>
<arg>Corrélation: ${metrics['correlation']} (seuil: 0.9)</arg>
<doc>Logs the given message with the given level.</doc>
<status status="PASS" start="2025-06-11T14:49:09.090354" elapsed="0.000000"/>
</kw>
<kw name="Log" owner="BuiltIn">
<msg time="2025-06-11T14:49:09.091365" level="INFO">MOS: 3.8146231892954647/5 (seuil: 3.0)</msg>
<arg>MOS: ${metrics['mos']}/5 (seuil: 3.0)</arg>
<doc>Logs the given message with the given level.</doc>
<status status="PASS" start="2025-06-11T14:49:09.090354" elapsed="0.001011"/>
</kw>
<kw name="Log" owner="BuiltIn">
<msg time="2025-06-11T14:49:09.091365" level="INFO">Clarté: 1.0347367105340564 (seuil: 0.8)</msg>
<arg>Clarté: ${metrics['clarity']} (seuil: 0.8)</arg>
<doc>Logs the given message with the given level.</doc>
<status status="PASS" start="2025-06-11T14:49:09.091365" elapsed="0.000000"/>
</kw>
<kw name="Evaluate" owner="BuiltIn">
<msg time="2025-06-11T14:49:09.092351" level="INFO">${snr_ok} = False</msg>
<var>${snr_ok}</var>
<arg>${metrics['snr']} &gt;= 20</arg>
<doc>Evaluates the given expression in Python and returns the result.</doc>
<status status="PASS" start="2025-06-11T14:49:09.091365" elapsed="0.000986"/>
</kw>
<kw name="Evaluate" owner="BuiltIn">
<msg time="2025-06-11T14:49:09.092351" level="INFO">${correlation_ok} = False</msg>
<var>${correlation_ok}</var>
<arg>${metrics['correlation']} &gt;= 0.9</arg>
<doc>Evaluates the given expression in Python and returns the result.</doc>
<status status="PASS" start="2025-06-11T14:49:09.092351" elapsed="0.000000"/>
</kw>
<kw name="Evaluate" owner="BuiltIn">
<msg time="2025-06-11T14:49:09.093369" level="INFO">${mos_ok} = True</msg>
<var>${mos_ok}</var>
<arg>${metrics['mos']} &gt;= 3.0</arg>
<doc>Evaluates the given expression in Python and returns the result.</doc>
<status status="PASS" start="2025-06-11T14:49:09.093369" elapsed="0.000000"/>
</kw>
<kw name="Evaluate" owner="BuiltIn">
<msg time="2025-06-11T14:49:09.094351" level="INFO">${clarity_ok} = True</msg>
<var>${clarity_ok}</var>
<arg>${metrics['clarity']} &gt;= 0.8</arg>
<doc>Evaluates the given expression in Python and returns the result.</doc>
<status status="PASS" start="2025-06-11T14:49:09.093369" elapsed="0.000982"/>
</kw>
<kw name="Evaluate" owner="BuiltIn">
<msg time="2025-06-11T14:49:09.094351" level="INFO">${test_passed} = False</msg>
<var>${test_passed}</var>
<arg>${snr_ok} and ${correlation_ok} and ${mos_ok} and ${clarity_ok}</arg>
<doc>Evaluates the given expression in Python and returns the result.</doc>
<status status="PASS" start="2025-06-11T14:49:09.094351" elapsed="0.000000"/>
</kw>
<if>
<branch type="IF" condition="not ${test_passed}">
<kw name="Log" owner="BuiltIn">
<msg time="2025-06-11T14:49:09.094351" level="INFO">❌ Test échoué - Métriques critiques non satisfaites</msg>
<arg>❌ Test échoué - Métriques critiques non satisfaites</arg>
<doc>Logs the given message with the given level.</doc>
<status status="PASS" start="2025-06-11T14:49:09.094351" elapsed="0.000000"/>
</kw>
<kw name="Fail" owner="BuiltIn">
<msg time="2025-06-11T14:49:09.094351" level="FAIL">Test audio échoué - Vérifiez les métriques dans les logs</msg>
<arg>Test audio échoué - Vérifiez les métriques dans les logs</arg>
<doc>Fails the test with the given message and optionally alters its tags.</doc>
<status status="FAIL" start="2025-06-11T14:49:09.094351" elapsed="0.001000">Test audio échoué - Vérifiez les métriques dans les logs</status>
</kw>
<status status="FAIL" start="2025-06-11T14:49:09.094351" elapsed="0.001000">Test audio échoué - Vérifiez les métriques dans les logs</status>
</branch>
<branch type="ELSE">
<kw name="Log" owner="BuiltIn">
<arg>✅ Test réussi - Toutes les métriques sont satisfaites</arg>
<doc>Logs the given message with the given level.</doc>
<status status="NOT RUN" start="2025-06-11T14:49:09.095351" elapsed="0.000000"/>
</kw>
<status status="NOT RUN" start="2025-06-11T14:49:09.095351" elapsed="0.000000"/>
</branch>
<status status="FAIL" start="2025-06-11T14:49:09.094351" elapsed="0.001000">Test audio échoué - Vérifiez les métriques dans les logs</status>
</if>
<return>
<value>${test_passed}</value>
<value>${metrics}</value>
<status status="NOT RUN" start="2025-06-11T14:49:09.095351" elapsed="0.000000"/>
</return>
<var>${result}</var>
<arg>${DEFAULT_OUTPUT_FILE}</arg>
<status status="FAIL" start="2025-06-11T14:48:36.757502" elapsed="32.337849">Test audio échoué - Vérifiez les métriques dans les logs</status>
</kw>
<kw name="Log" owner="BuiltIn">
<arg>Résultat de la comparaison: ${result}</arg>
<doc>Logs the given message with the given level.</doc>
<status status="NOT RUN" start="2025-06-11T14:49:09.095351" elapsed="0.000000"/>
</kw>
<status status="FAIL" start="2025-06-11T14:47:53.104827" elapsed="75.990524">Test audio échoué - Vérifiez les métriques dans les logs</status>
</kw>
<msg time="2025-06-11T14:49:09.095351" level="INFO">${test_status} = False</msg>
<var>${test_status}</var>
<arg>${test_keyword}</arg>
<doc>Runs the given keyword with given arguments and returns the status as a Boolean value.</doc>
<status status="PASS" start="2025-06-11T14:47:53.104827" elapsed="75.990524"/>
</kw>
<if>
<branch type="IF" condition="${test_status}">
<kw name="Log" owner="BuiltIn">
<arg>Test ${test_name} réussi</arg>
<doc>Logs the given message with the given level.</doc>
<status status="NOT RUN" start="2025-06-11T14:49:09.095351" elapsed="0.000000"/>
</kw>
<kw name="Exit For Loop" owner="BuiltIn">
<doc>Stops executing the enclosing FOR loop.</doc>
<status status="NOT RUN" start="2025-06-11T14:49:09.095351" elapsed="0.000000"/>
</kw>
<status status="NOT RUN" start="2025-06-11T14:49:09.095351" elapsed="0.000000"/>
</branch>
<branch type="ELSE">
<kw name="Evaluate" owner="BuiltIn">
<msg time="2025-06-11T14:49:09.095351" level="INFO">${attempt} = 2</msg>
<var>${attempt}</var>
<arg>${attempt} + 1</arg>
<doc>Evaluates the given expression in Python and returns the result.</doc>
<status status="PASS" start="2025-06-11T14:49:09.095351" elapsed="0.001039"/>
</kw>
<if>
<branch type="IF" condition="${attempt} &lt;= ${MAX_RETRIES}">
<kw name="Log" owner="BuiltIn">
<msg time="2025-06-11T14:49:09.096412" level="INFO">Test Test Audio Recording And Playback échoué - Tentative 2/40</msg>
<arg>Test ${test_name} échoué - Tentative ${attempt}/${MAX_RETRIES}</arg>
<doc>Logs the given message with the given level.</doc>
<status status="PASS" start="2025-06-11T14:49:09.096412" elapsed="0.000000"/>
</kw>
<kw name="Sleep" owner="BuiltIn">
<msg time="2025-06-11T14:49:11.096948" level="INFO">Slept 2 seconds.</msg>
<arg>${RETRY_DELAY}</arg>
<doc>Pauses the test executed for the given time.</doc>
<status status="PASS" start="2025-06-11T14:49:09.096412" elapsed="2.000536"/>
</kw>
<status status="PASS" start="2025-06-11T14:49:09.096412" elapsed="2.000536"/>
</branch>
<status status="PASS" start="2025-06-11T14:49:09.096412" elapsed="2.000536"/>
</if>
<status status="PASS" start="2025-06-11T14:49:09.095351" elapsed="2.001597"/>
</branch>
<status status="PASS" start="2025-06-11T14:49:09.095351" elapsed="2.001597"/>
</if>
<var name="${index}">0</var>
<status status="PASS" start="2025-06-11T14:47:53.104827" elapsed="77.992121"/>
</iter>
<iter>
<kw name="Run Keyword And Return Status" owner="BuiltIn">
<kw name="Verify Audio Recording">
<kw name="Initialize Language Settings">
<kw name="Get System Language" owner="Integration">
<msg time="2025-06-11T14:49:11.135481" level="INFO">${lang} = eng</msg>
<var>${lang}</var>
<arg>${Device}</arg>
<status status="PASS" start="2025-06-11T14:49:11.097956" elapsed="0.037525"/>
</kw>
<kw name="Set Variable If" owner="BuiltIn">
<msg time="2025-06-11T14:49:11.135481" level="INFO">${lang_dict} = {'System': 'System', 'Setting': 'Settings', 'Audio': 'Recording', 'Record': 'START', 'Stop': 'STOP', 'Play': 'Play'}</msg>
<var>${lang_dict}</var>
<arg>'${lang}' == 'fr'</arg>
<arg>${LANG_FR}</arg>
<arg>${LANG_EN}</arg>
<doc>Sets variable based on the given condition.</doc>
<status status="PASS" start="2025-06-11T14:49:11.135481" elapsed="0.000000"/>
</kw>
<kw name="Set Suite Variable" owner="BuiltIn">
<msg time="2025-06-11T14:49:11.135481" level="INFO">${LANG_DICT} = {'System': 'System', 'Setting': 'Settings', 'Audio': 'Recording', 'Record': 'START', 'Stop': 'STOP', 'Play': 'Play'}</msg>
<arg>${LANG_DICT}</arg>
<arg>${lang_dict}</arg>
<doc>Makes a variable available everywhere within the scope of the current suite.</doc>
<status status="PASS" start="2025-06-11T14:49:11.135481" elapsed="0.000000"/>
</kw>
<status status="PASS" start="2025-06-11T14:49:11.097956" elapsed="0.037525"/>
</kw>
<kw name="Navigate To Audio App">
<kw name="Start Activity Code" owner="Integration">
<arg>${driver}</arg>
<arg>com.example.audioapplicationtest/.MainActivity</arg>
<doc>Lance une activité spécifique sur un appareil Android via Appium.</doc>
<status status="PASS" start="2025-06-11T14:49:11.135481" elapsed="0.067871"/>
</kw>
<kw name="Sleep" owner="BuiltIn">
<msg time="2025-06-11T14:49:14.203775" level="INFO">Slept 3 seconds.</msg>
<arg>3s</arg>
<doc>Pauses the test executed for the given time.</doc>
<status status="PASS" start="2025-06-11T14:49:11.203352" elapsed="3.000423"/>
</kw>
<kw name="Print Activity" owner="Integration">
<msg time="2025-06-11T14:49:14.284066" level="INFO">${current_activity} = com.example.audioapplicationtest/.MainActivity</msg>
<var>${current_activity}</var>
<arg>${driver}</arg>
<doc>Retourne l'activité complète sous la forme 'com.android.car.messenger/.ui.launcher.MessageLauncherActivity'.</doc>
<status status="PASS" start="2025-06-11T14:49:14.203775" elapsed="0.080291"/>
</kw>
<kw name="Should Contain" owner="BuiltIn">
<arg>${current_activity}</arg>
<arg>com.example.audioapplicationtest/.MainActivity</arg>
<arg>L'application n'est pas correctement lancée</arg>
<doc>Fails if ``container`` does not contain ``item`` one or more times.</doc>
<status status="PASS" start="2025-06-11T14:49:14.284584" elapsed="0.000000"/>
</kw>
<status status="PASS" start="2025-06-11T14:49:11.135481" elapsed="3.149103"/>
</kw>
<kw name="Start Audio Recording And Playback">
<kw name="Log" owner="BuiltIn">
<msg time="2025-06-11T14:49:14.284584" level="INFO">Démarrage de l'enregistrement audio...</msg>
<arg>Démarrage de l'enregistrement audio...</arg>
<doc>Logs the given message with the given level.</doc>
<status status="PASS" start="2025-06-11T14:49:14.284584" elapsed="0.000000"/>
</kw>
<kw name="Get Audio File Duration">
<kw name="Get Audio Duration" owner="Integration">
<msg time="2025-06-11T14:49:14.285601" level="INFO">✅ Durée du fichier audio C:\Users\bahae\Documents\PfeProject\test_cases\test.wav: 18.31 secondes</msg>
<msg time="2025-06-11T14:49:14.285601" level="INFO">${duration} = 18.311836734693877</msg>
<var>${duration}</var>
<arg>${driver}</arg>
<arg>${audio_file}</arg>
<doc>Obtient la durée d'un fichier audio en secondes.</doc>
<status status="PASS" start="2025-06-11T14:49:14.284584" elapsed="0.001017"/>
</kw>
<kw name="Should Not Be Equal As Numbers" owner="BuiltIn">
<msg time="2025-06-11T14:49:14.285601" level="INFO">Argument types are:
&lt;class 'float'&gt;
&lt;class 'str'&gt;</msg>
<arg>${duration}</arg>
<arg>0</arg>
<arg>Impossible d'obtenir la durée du fichier audio</arg>
<doc>Fails if objects are equal after converting them to real numbers.</doc>
<status status="PASS" start="2025-06-11T14:49:14.285601" elapsed="0.000000"/>
</kw>
<return>
<value>${duration}</value>
<status status="PASS" start="2025-06-11T14:49:14.285601" elapsed="0.000000"/>
</return>
<msg time="2025-06-11T14:49:14.285601" level="INFO">${duration} = 18.311836734693877</msg>
<var>${duration}</var>
<arg>${audio_file}</arg>
<status status="PASS" start="2025-06-11T14:49:14.284584" elapsed="0.001017"/>
</kw>
<kw name="Log" owner="BuiltIn">
<msg time="2025-06-11T14:49:14.286584" level="INFO">Durée du fichier audio à lire: 18.311836734693877 secondes</msg>
<arg>Durée du fichier audio à lire: ${duration} secondes</arg>
<doc>Logs the given message with the given level.</doc>
<status status="PASS" start="2025-06-11T14:49:14.285601" elapsed="0.000983"/>
</kw>
<kw name="Click Record Button">
<kw name="Wait For Record Button">
<kw name="Wait Until Keyword Succeeds" owner="BuiltIn">
<kw name="Check Element Exists" owner="Integration">
<arg>${driver}</arg>
<arg>//android.widget.Button[@text="START"]</arg>
<doc>Vérifie si un élément existe en utilisant le XPath donné.</doc>
<status status="PASS" start="2025-06-11T14:49:14.286584" elapsed="0.055626"/>
</kw>
<arg>${timeout}</arg>
<arg>${QUICK_WAIT}</arg>
<arg>Check Element Exists</arg>
<arg>${driver}</arg>
<arg>//android.widget.Button[@text="START"]</arg>
<doc>Runs the specified keyword and retries if it fails.</doc>
<status status="PASS" start="2025-06-11T14:49:14.286584" elapsed="0.055626"/>
</kw>
<status status="PASS" start="2025-06-11T14:49:14.286584" elapsed="0.055626"/>
</kw>
<kw name="Check Element Exists" owner="Integration">
<msg time="2025-06-11T14:49:14.394684" level="INFO">${button_exists} = True</msg>
<var>${button_exists}</var>
<arg>${driver}</arg>
<arg>//android.widget.Button[@text="START"]</arg>
<doc>Vérifie si un élément existe en utilisant le XPath donné.</doc>
<status status="PASS" start="2025-06-11T14:49:14.342210" elapsed="0.052474"/>
</kw>
<kw name="Should Be True" owner="BuiltIn">
<arg>${button_exists}</arg>
<arg>Le bouton START n'est pas visible</arg>
<doc>Fails if the given condition is not true.</doc>
<status status="PASS" start="2025-06-11T14:49:14.394684" elapsed="0.000000"/>
</kw>
<kw name="Run Keyword And Return Status" owner="BuiltIn">
<kw name="Click Element By Xpath Bounds" owner="Integration">
<arg>${driver}</arg>
<arg>//android.widget.Button[@text="START"]</arg>
<doc>Trouve un élément par XPath et clique dessus en utilisant ses bounds.</doc>
<status status="PASS" start="2025-06-11T14:49:14.395685" elapsed="0.477478"/>
</kw>
<msg time="2025-06-11T14:49:14.873163" level="INFO">${success} = True</msg>
<var>${success}</var>
<arg>click_element_by_xpath_bounds</arg>
<arg>${driver}</arg>
<arg>//android.widget.Button[@text="START"]</arg>
<doc>Runs the given keyword with given arguments and returns the status as a Boolean value.</doc>
<status status="PASS" start="2025-06-11T14:49:14.395685" elapsed="0.477478"/>
</kw>
<kw name="Should Be True" owner="BuiltIn">
<arg>${success}</arg>
<arg>Impossible de cliquer sur le bouton START</arg>
<doc>Fails if the given condition is not true.</doc>
<status status="PASS" start="2025-06-11T14:49:14.873163" elapsed="0.000000"/>
</kw>
<status status="PASS" start="2025-06-11T14:49:14.286584" elapsed="0.586579"/>
</kw>
<kw name="Sleep" owner="BuiltIn">
<msg time="2025-06-11T14:49:16.873742" level="INFO">Slept 2 seconds.</msg>
<arg>2s</arg>
<doc>Pauses the test executed for the given time.</doc>
<status status="PASS" start="2025-06-11T14:49:14.873163" elapsed="2.000579"/>
</kw>
<kw name="Run Keyword And Return Status" owner="BuiltIn">
<kw name="Play Audio" owner="Integration">
<msg time="2025-06-11T14:49:35.286623" level="INFO">✅ Lecture audio réussie : Lecture du fichier test.wav terminée</msg>
<arg>${driver}</arg>
<arg>${audio_file}</arg>
<doc>Joue un fichier audio via l'API Flask.</doc>
<status status="PASS" start="2025-06-11T14:49:16.873742" elapsed="18.413897"/>
</kw>
<msg time="2025-06-11T14:49:35.287639" level="INFO">${success} = True</msg>
<var>${success}</var>
<arg>play_audio</arg>
<arg>${driver}</arg>
<arg>${audio_file}</arg>
<doc>Runs the given keyword with given arguments and returns the status as a Boolean value.</doc>
<status status="PASS" start="2025-06-11T14:49:16.873742" elapsed="18.413897"/>
</kw>
<kw name="Should Be True" owner="BuiltIn">
<arg>${success}</arg>
<arg>La lecture audio a échoué</arg>
<doc>Fails if the given condition is not true.</doc>
<status status="PASS" start="2025-06-11T14:49:35.287639" elapsed="0.000000"/>
</kw>
<kw name="Sleep" owner="BuiltIn">
<msg time="2025-06-11T14:49:53.601024" level="INFO">Slept 18 seconds 312 milliseconds.</msg>
<arg>${duration}s</arg>
<doc>Pauses the test executed for the given time.</doc>
<status status="PASS" start="2025-06-11T14:49:35.288163" elapsed="18.312861"/>
</kw>
<kw name="Click Stop Button">
<kw name="Check Element Exists" owner="Integration">
<msg time="2025-06-11T14:49:53.653662" level="INFO">${button_exists} = True</msg>
<var>${button_exists}</var>
<arg>${driver}</arg>
<arg>//android.widget.Button[@text="STOP"]</arg>
<doc>Vérifie si un élément existe en utilisant le XPath donné.</doc>
<status status="PASS" start="2025-06-11T14:49:53.601024" elapsed="0.052638"/>
</kw>
<kw name="Should Be True" owner="BuiltIn">
<arg>${button_exists}</arg>
<arg>Le bouton STOP n'est pas visible</arg>
<doc>Fails if the given condition is not true.</doc>
<status status="PASS" start="2025-06-11T14:49:53.653662" elapsed="0.000521"/>
</kw>
<kw name="Run Keyword And Return Status" owner="BuiltIn">
<kw name="Click Element By Xpath Bounds" owner="Integration">
<arg>${driver}</arg>
<arg>//android.widget.Button[@text="STOP"]</arg>
<doc>Trouve un élément par XPath et clique dessus en utilisant ses bounds.</doc>
<status status="PASS" start="2025-06-11T14:49:53.654183" elapsed="0.475182"/>
</kw>
<msg time="2025-06-11T14:49:54.129365" level="INFO">${success} = True</msg>
<var>${success}</var>
<arg>click_element_by_xpath_bounds</arg>
<arg>${driver}</arg>
<arg>//android.widget.Button[@text="STOP"]</arg>
<doc>Runs the given keyword with given arguments and returns the status as a Boolean value.</doc>
<status status="PASS" start="2025-06-11T14:49:53.654183" elapsed="0.475182"/>
</kw>
<kw name="Should Be True" owner="BuiltIn">
<arg>${success}</arg>
<arg>Impossible de cliquer sur le bouton STOP</arg>
<doc>Fails if the given condition is not true.</doc>
<status status="PASS" start="2025-06-11T14:49:54.129365" elapsed="0.001001"/>
</kw>
<status status="PASS" start="2025-06-11T14:49:53.601024" elapsed="0.529342"/>
</kw>
<status status="PASS" start="2025-06-11T14:49:14.284584" elapsed="39.845782"/>
</kw>
<kw name="Compare Audio Files">
<kw name="Compare With Latest Recorded" owner="TestAudio">
<msg time="2025-06-11T14:50:26.360938" level="INFO">Graphiques sauvegardés dans: C:\Users\bahae\Documents\PfeProject\test_cases\..\log\plots\audio_comparison_enregistrement_20250611_145013.png</msg>
<msg time="2025-06-11T14:50:26.361925" level="INFO">============================= Début du test audio ==============================
Original: C:\Users\bahae\Documents\PfeProject\test_cases\test.wav
Enregistré: latest_download.wav
Date du test: 2025-06-11 14:49:56

Original - Durée: 18.31s -&gt; Segment actif: 18.31s
Enregistré - Durée: 39.25s -&gt; Segment actif: 18.16s
Recherche du meilleur alignement...
Alignement initial trouvé, ajustement fin...

Détails de l'alignement:
Position originale: 0.000s
Position enregistrée: -0.036s
Ajustement: -36.1ms
Corrélation initiale: 0.586
Original length: 802571, Recorded length: 802571
Best lag: -433 samples (-0.010 seconds)
Final lengths - Original: 802571, Aligned: 802571
Décalage temporel final: -0.010 secondes

=== Résultats ===
Décalage temporel: -0.010 secondes
         snr: 9.3460
 correlation: 0.9401
         mse: 0.0038
        rmse: 0.0617
energy_ratio: 0.8684
    max_diff: 1.1615
   mean_diff: 0.0441
         mos: 4.1020
     clarity: 1.0062
  clarity_db: 0.0267

=== Résultat: SUCCÈS ===
SNR: 9.35 dB (seuil: 5 dB)
Corrélation: 0.940 (seuil: 0.8)
MOS: 4.10/5 (seuil: 2.5)
Clarté: 1.006 (seuil: 0.7)</msg>
<msg time="2025-06-11T14:50:26.361925" level="INFO">${test_passed} = True</msg>
<msg time="2025-06-11T14:50:26.361925" level="INFO">${metrics} = {'snr': 9.345968263340808, 'correlation': 0.940114529429455, 'mse': 0.0038041988775397426, 'rmse': 0.061678188020885816, 'energy_ratio': 0.8683868113447584, 'max_diff': 1.161511660179421, 'mean_diff':...</msg>
<var>${test_passed}</var>
<var>${metrics}</var>
<arg>${original_audio}</arg>
<doc>Télécharge le dernier audio enregistré via l'API Flask et le compare à l'original.
:param original_audio: Chemin du fichier original (wav)
:param latest_audio_path: Chemin où sauvegarder le fichier téléchargé
:param api_url: URL de l'API Flask pour récupérer le dernier audio enregistré
:return: (test_passed, metrics)</doc>
<status status="PASS" start="2025-06-11T14:49:54.130366" elapsed="32.231559"/>
</kw>
<kw name="Log" owner="BuiltIn">
<msg time="2025-06-11T14:50:26.361925" level="INFO">SNR: 9.345968263340808 dB (seuil: 20 dB)</msg>
<arg>SNR: ${metrics['snr']} dB (seuil: 20 dB)</arg>
<doc>Logs the given message with the given level.</doc>
<status status="PASS" start="2025-06-11T14:50:26.361925" elapsed="0.000000"/>
</kw>
<kw name="Log" owner="BuiltIn">
<msg time="2025-06-11T14:50:26.362924" level="INFO">Corrélation: 0.940114529429455 (seuil: 0.9)</msg>
<arg>Corrélation: ${metrics['correlation']} (seuil: 0.9)</arg>
<doc>Logs the given message with the given level.</doc>
<status status="PASS" start="2025-06-11T14:50:26.361925" elapsed="0.000999"/>
</kw>
<kw name="Log" owner="BuiltIn">
<msg time="2025-06-11T14:50:26.362924" level="INFO">MOS: 4.101976165848978/5 (seuil: 3.0)</msg>
<arg>MOS: ${metrics['mos']}/5 (seuil: 3.0)</arg>
<doc>Logs the given message with the given level.</doc>
<status status="PASS" start="2025-06-11T14:50:26.362924" elapsed="0.000999"/>
</kw>
<kw name="Log" owner="BuiltIn">
<msg time="2025-06-11T14:50:26.363923" level="INFO">Clarté: 1.0061751385042137 (seuil: 0.8)</msg>
<arg>Clarté: ${metrics['clarity']} (seuil: 0.8)</arg>
<doc>Logs the given message with the given level.</doc>
<status status="PASS" start="2025-06-11T14:50:26.363923" elapsed="0.000000"/>
</kw>
<kw name="Evaluate" owner="BuiltIn">
<msg time="2025-06-11T14:50:26.364923" level="INFO">${snr_ok} = False</msg>
<var>${snr_ok}</var>
<arg>${metrics['snr']} &gt;= 20</arg>
<doc>Evaluates the given expression in Python and returns the result.</doc>
<status status="PASS" start="2025-06-11T14:50:26.363923" elapsed="0.001000"/>
</kw>
<kw name="Evaluate" owner="BuiltIn">
<msg time="2025-06-11T14:50:26.364923" level="INFO">${correlation_ok} = True</msg>
<var>${correlation_ok}</var>
<arg>${metrics['correlation']} &gt;= 0.9</arg>
<doc>Evaluates the given expression in Python and returns the result.</doc>
<status status="PASS" start="2025-06-11T14:50:26.364923" elapsed="0.000000"/>
</kw>
<kw name="Evaluate" owner="BuiltIn">
<msg time="2025-06-11T14:50:26.365945" level="INFO">${mos_ok} = True</msg>
<var>${mos_ok}</var>
<arg>${metrics['mos']} &gt;= 3.0</arg>
<doc>Evaluates the given expression in Python and returns the result.</doc>
<status status="PASS" start="2025-06-11T14:50:26.365945" elapsed="0.000000"/>
</kw>
<kw name="Evaluate" owner="BuiltIn">
<msg time="2025-06-11T14:50:26.366961" level="INFO">${clarity_ok} = True</msg>
<var>${clarity_ok}</var>
<arg>${metrics['clarity']} &gt;= 0.8</arg>
<doc>Evaluates the given expression in Python and returns the result.</doc>
<status status="PASS" start="2025-06-11T14:50:26.365945" elapsed="0.001016"/>
</kw>
<kw name="Evaluate" owner="BuiltIn">
<msg time="2025-06-11T14:50:26.366961" level="INFO">${test_passed} = False</msg>
<var>${test_passed}</var>
<arg>${snr_ok} and ${correlation_ok} and ${mos_ok} and ${clarity_ok}</arg>
<doc>Evaluates the given expression in Python and returns the result.</doc>
<status status="PASS" start="2025-06-11T14:50:26.366961" elapsed="0.000000"/>
</kw>
<if>
<branch type="IF" condition="not ${test_passed}">
<kw name="Log" owner="BuiltIn">
<msg time="2025-06-11T14:50:26.367524" level="INFO">❌ Test échoué - Métriques critiques non satisfaites</msg>
<arg>❌ Test échoué - Métriques critiques non satisfaites</arg>
<doc>Logs the given message with the given level.</doc>
<status status="PASS" start="2025-06-11T14:50:26.366961" elapsed="0.000593"/>
</kw>
<kw name="Fail" owner="BuiltIn">
<msg time="2025-06-11T14:50:26.367554" level="FAIL">Test audio échoué - Vérifiez les métriques dans les logs</msg>
<arg>Test audio échoué - Vérifiez les métriques dans les logs</arg>
<doc>Fails the test with the given message and optionally alters its tags.</doc>
<status status="FAIL" start="2025-06-11T14:50:26.367554" elapsed="0.000000">Test audio échoué - Vérifiez les métriques dans les logs</status>
</kw>
<status status="FAIL" start="2025-06-11T14:50:26.366961" elapsed="0.000593">Test audio échoué - Vérifiez les métriques dans les logs</status>
</branch>
<branch type="ELSE">
<kw name="Log" owner="BuiltIn">
<arg>✅ Test réussi - Toutes les métriques sont satisfaites</arg>
<doc>Logs the given message with the given level.</doc>
<status status="NOT RUN" start="2025-06-11T14:50:26.367554" elapsed="0.000000"/>
</kw>
<status status="NOT RUN" start="2025-06-11T14:50:26.367554" elapsed="0.000000"/>
</branch>
<status status="FAIL" start="2025-06-11T14:50:26.366961" elapsed="0.000593">Test audio échoué - Vérifiez les métriques dans les logs</status>
</if>
<return>
<value>${test_passed}</value>
<value>${metrics}</value>
<status status="NOT RUN" start="2025-06-11T14:50:26.367554" elapsed="0.000000"/>
</return>
<var>${result}</var>
<arg>${DEFAULT_OUTPUT_FILE}</arg>
<status status="FAIL" start="2025-06-11T14:49:54.130366" elapsed="32.237188">Test audio échoué - Vérifiez les métriques dans les logs</status>
</kw>
<kw name="Log" owner="BuiltIn">
<arg>Résultat de la comparaison: ${result}</arg>
<doc>Logs the given message with the given level.</doc>
<status status="NOT RUN" start="2025-06-11T14:50:26.367554" elapsed="0.000000"/>
</kw>
<status status="FAIL" start="2025-06-11T14:49:11.097956" elapsed="75.269598">Test audio échoué - Vérifiez les métriques dans les logs</status>
</kw>
<msg time="2025-06-11T14:50:26.367554" level="INFO">${test_status} = False</msg>
<var>${test_status}</var>
<arg>${test_keyword}</arg>
<doc>Runs the given keyword with given arguments and returns the status as a Boolean value.</doc>
<status status="PASS" start="2025-06-11T14:49:11.096948" elapsed="75.270606"/>
</kw>
<if>
<branch type="IF" condition="${test_status}">
<kw name="Log" owner="BuiltIn">
<arg>Test ${test_name} réussi</arg>
<doc>Logs the given message with the given level.</doc>
<status status="NOT RUN" start="2025-06-11T14:50:26.367554" elapsed="0.000000"/>
</kw>
<kw name="Exit For Loop" owner="BuiltIn">
<doc>Stops executing the enclosing FOR loop.</doc>
<status status="NOT RUN" start="2025-06-11T14:50:26.368573" elapsed="0.000000"/>
</kw>
<status status="NOT RUN" start="2025-06-11T14:50:26.367554" elapsed="0.001019"/>
</branch>
<branch type="ELSE">
<kw name="Evaluate" owner="BuiltIn">
<msg time="2025-06-11T14:50:26.368573" level="INFO">${attempt} = 3</msg>
<var>${attempt}</var>
<arg>${attempt} + 1</arg>
<doc>Evaluates the given expression in Python and returns the result.</doc>
<status status="PASS" start="2025-06-11T14:50:26.368573" elapsed="0.000000"/>
</kw>
<if>
<branch type="IF" condition="${attempt} &lt;= ${MAX_RETRIES}">
<kw name="Log" owner="BuiltIn">
<msg time="2025-06-11T14:50:26.368573" level="INFO">Test Test Audio Recording And Playback échoué - Tentative 3/40</msg>
<arg>Test ${test_name} échoué - Tentative ${attempt}/${MAX_RETRIES}</arg>
<doc>Logs the given message with the given level.</doc>
<status status="PASS" start="2025-06-11T14:50:26.368573" elapsed="0.000000"/>
</kw>
<kw name="Sleep" owner="BuiltIn">
<msg time="2025-06-11T14:50:28.369213" level="INFO">Slept 2 seconds.</msg>
<arg>${RETRY_DELAY}</arg>
<doc>Pauses the test executed for the given time.</doc>
<status status="PASS" start="2025-06-11T14:50:26.368573" elapsed="2.000640"/>
</kw>
<status status="PASS" start="2025-06-11T14:50:26.368573" elapsed="2.000640"/>
</branch>
<status status="PASS" start="2025-06-11T14:50:26.368573" elapsed="2.000640"/>
</if>
<status status="PASS" start="2025-06-11T14:50:26.368573" elapsed="2.000640"/>
</branch>
<status status="PASS" start="2025-06-11T14:50:26.367554" elapsed="2.001659"/>
</if>
<var name="${index}">1</var>
<status status="PASS" start="2025-06-11T14:49:11.096948" elapsed="77.272265"/>
</iter>
<iter>
<kw name="Run Keyword And Return Status" owner="BuiltIn">
<kw name="Verify Audio Recording">
<kw name="Initialize Language Settings">
<kw name="Get System Language" owner="Integration">
<msg time="2025-06-11T14:50:28.414236" level="INFO">${lang} = eng</msg>
<var>${lang}</var>
<arg>${Device}</arg>
<status status="PASS" start="2025-06-11T14:50:28.370319" elapsed="0.043917"/>
</kw>
<kw name="Set Variable If" owner="BuiltIn">
<msg time="2025-06-11T14:50:28.415250" level="INFO">${lang_dict} = {'System': 'System', 'Setting': 'Settings', 'Audio': 'Recording', 'Record': 'START', 'Stop': 'STOP', 'Play': 'Play'}</msg>
<var>${lang_dict}</var>
<arg>'${lang}' == 'fr'</arg>
<arg>${LANG_FR}</arg>
<arg>${LANG_EN}</arg>
<doc>Sets variable based on the given condition.</doc>
<status status="PASS" start="2025-06-11T14:50:28.415250" elapsed="0.000000"/>
</kw>
<kw name="Set Suite Variable" owner="BuiltIn">
<msg time="2025-06-11T14:50:28.415250" level="INFO">${LANG_DICT} = {'System': 'System', 'Setting': 'Settings', 'Audio': 'Recording', 'Record': 'START', 'Stop': 'STOP', 'Play': 'Play'}</msg>
<arg>${LANG_DICT}</arg>
<arg>${lang_dict}</arg>
<doc>Makes a variable available everywhere within the scope of the current suite.</doc>
<status status="PASS" start="2025-06-11T14:50:28.415250" elapsed="0.000000"/>
</kw>
<status status="PASS" start="2025-06-11T14:50:28.370319" elapsed="0.044931"/>
</kw>
<kw name="Navigate To Audio App">
<kw name="Start Activity Code" owner="Integration">
<arg>${driver}</arg>
<arg>com.example.audioapplicationtest/.MainActivity</arg>
<doc>Lance une activité spécifique sur un appareil Android via Appium.</doc>
<status status="PASS" start="2025-06-11T14:50:28.415250" elapsed="0.051187"/>
</kw>
<kw name="Sleep" owner="BuiltIn">
<msg time="2025-06-11T14:50:31.466901" level="INFO">Slept 3 seconds.</msg>
<arg>3s</arg>
<doc>Pauses the test executed for the given time.</doc>
<status status="PASS" start="2025-06-11T14:50:28.466437" elapsed="3.000464"/>
</kw>
<kw name="Print Activity" owner="Integration">
<msg time="2025-06-11T14:50:31.540320" level="INFO">${current_activity} = com.example.audioapplicationtest/.MainActivity</msg>
<var>${current_activity}</var>
<arg>${driver}</arg>
<doc>Retourne l'activité complète sous la forme 'com.android.car.messenger/.ui.launcher.MessageLauncherActivity'.</doc>
<status status="PASS" start="2025-06-11T14:50:31.466901" elapsed="0.073419"/>
</kw>
<kw name="Should Contain" owner="BuiltIn">
<arg>${current_activity}</arg>
<arg>com.example.audioapplicationtest/.MainActivity</arg>
<arg>L'application n'est pas correctement lancée</arg>
<doc>Fails if ``container`` does not contain ``item`` one or more times.</doc>
<status status="PASS" start="2025-06-11T14:50:31.540320" elapsed="0.000000"/>
</kw>
<status status="PASS" start="2025-06-11T14:50:28.415250" elapsed="3.125070"/>
</kw>
<kw name="Start Audio Recording And Playback">
<kw name="Log" owner="BuiltIn">
<msg time="2025-06-11T14:50:31.540320" level="INFO">Démarrage de l'enregistrement audio...</msg>
<arg>Démarrage de l'enregistrement audio...</arg>
<doc>Logs the given message with the given level.</doc>
<status status="PASS" start="2025-06-11T14:50:31.540320" elapsed="0.000000"/>
</kw>
<kw name="Get Audio File Duration">
<kw name="Get Audio Duration" owner="Integration">
<msg time="2025-06-11T14:50:31.542249" level="INFO">✅ Durée du fichier audio C:\Users\bahae\Documents\PfeProject\test_cases\test.wav: 18.31 secondes</msg>
<msg time="2025-06-11T14:50:31.542249" level="INFO">${duration} = 18.311836734693877</msg>
<var>${duration}</var>
<arg>${driver}</arg>
<arg>${audio_file}</arg>
<doc>Obtient la durée d'un fichier audio en secondes.</doc>
<status status="PASS" start="2025-06-11T14:50:31.541320" elapsed="0.000929"/>
</kw>
<kw name="Should Not Be Equal As Numbers" owner="BuiltIn">
<msg time="2025-06-11T14:50:31.542249" level="INFO">Argument types are:
&lt;class 'float'&gt;
&lt;class 'str'&gt;</msg>
<arg>${duration}</arg>
<arg>0</arg>
<arg>Impossible d'obtenir la durée du fichier audio</arg>
<doc>Fails if objects are equal after converting them to real numbers.</doc>
<status status="PASS" start="2025-06-11T14:50:31.542249" elapsed="0.000000"/>
</kw>
<return>
<value>${duration}</value>
<status status="PASS" start="2025-06-11T14:50:31.542249" elapsed="0.000521"/>
</return>
<msg time="2025-06-11T14:50:31.542770" level="INFO">${duration} = 18.311836734693877</msg>
<var>${duration}</var>
<arg>${audio_file}</arg>
<status status="PASS" start="2025-06-11T14:50:31.541320" elapsed="0.001450"/>
</kw>
<kw name="Log" owner="BuiltIn">
<msg time="2025-06-11T14:50:31.542770" level="INFO">Durée du fichier audio à lire: 18.311836734693877 secondes</msg>
<arg>Durée du fichier audio à lire: ${duration} secondes</arg>
<doc>Logs the given message with the given level.</doc>
<status status="PASS" start="2025-06-11T14:50:31.542770" elapsed="0.000000"/>
</kw>
<kw name="Click Record Button">
<kw name="Wait For Record Button">
<kw name="Wait Until Keyword Succeeds" owner="BuiltIn">
<kw name="Check Element Exists" owner="Integration">
<arg>${driver}</arg>
<arg>//android.widget.Button[@text="START"]</arg>
<doc>Vérifie si un élément existe en utilisant le XPath donné.</doc>
<status status="PASS" start="2025-06-11T14:50:31.543288" elapsed="0.052764"/>
</kw>
<arg>${timeout}</arg>
<arg>${QUICK_WAIT}</arg>
<arg>Check Element Exists</arg>
<arg>${driver}</arg>
<arg>//android.widget.Button[@text="START"]</arg>
<doc>Runs the specified keyword and retries if it fails.</doc>
<status status="PASS" start="2025-06-11T14:50:31.543288" elapsed="0.053751"/>
</kw>
<status status="PASS" start="2025-06-11T14:50:31.543288" elapsed="0.053751"/>
</kw>
<kw name="Check Element Exists" owner="Integration">
<msg time="2025-06-11T14:50:31.644885" level="INFO">${button_exists} = True</msg>
<var>${button_exists}</var>
<arg>${driver}</arg>
<arg>//android.widget.Button[@text="START"]</arg>
<doc>Vérifie si un élément existe en utilisant le XPath donné.</doc>
<status status="PASS" start="2025-06-11T14:50:31.597039" elapsed="0.047846"/>
</kw>
<kw name="Should Be True" owner="BuiltIn">
<arg>${button_exists}</arg>
<arg>Le bouton START n'est pas visible</arg>
<doc>Fails if the given condition is not true.</doc>
<status status="PASS" start="2025-06-11T14:50:31.645884" elapsed="0.000000"/>
</kw>
<kw name="Run Keyword And Return Status" owner="BuiltIn">
<kw name="Click Element By Xpath Bounds" owner="Integration">
<arg>${driver}</arg>
<arg>//android.widget.Button[@text="START"]</arg>
<doc>Trouve un élément par XPath et clique dessus en utilisant ses bounds.</doc>
<status status="PASS" start="2025-06-11T14:50:31.645884" elapsed="0.468770"/>
</kw>
<msg time="2025-06-11T14:50:32.114654" level="INFO">${success} = True</msg>
<var>${success}</var>
<arg>click_element_by_xpath_bounds</arg>
<arg>${driver}</arg>
<arg>//android.widget.Button[@text="START"]</arg>
<doc>Runs the given keyword with given arguments and returns the status as a Boolean value.</doc>
<status status="PASS" start="2025-06-11T14:50:31.645884" elapsed="0.468770"/>
</kw>
<kw name="Should Be True" owner="BuiltIn">
<arg>${success}</arg>
<arg>Impossible de cliquer sur le bouton START</arg>
<doc>Fails if the given condition is not true.</doc>
<status status="PASS" start="2025-06-11T14:50:32.114654" elapsed="0.000000"/>
</kw>
<status status="PASS" start="2025-06-11T14:50:31.542770" elapsed="0.571884"/>
</kw>
<kw name="Sleep" owner="BuiltIn">
<msg time="2025-06-11T14:50:34.115175" level="INFO">Slept 2 seconds.</msg>
<arg>2s</arg>
<doc>Pauses the test executed for the given time.</doc>
<status status="PASS" start="2025-06-11T14:50:32.114654" elapsed="2.000521"/>
</kw>
<kw name="Run Keyword And Return Status" owner="BuiltIn">
<kw name="Play Audio" owner="Integration">
<msg time="2025-06-11T14:50:52.535284" level="INFO">✅ Lecture audio réussie : Lecture du fichier test.wav terminée</msg>
<arg>${driver}</arg>
<arg>${audio_file}</arg>
<doc>Joue un fichier audio via l'API Flask.</doc>
<status status="PASS" start="2025-06-11T14:50:34.115175" elapsed="18.420109"/>
</kw>
<msg time="2025-06-11T14:50:52.535284" level="INFO">${success} = True</msg>
<var>${success}</var>
<arg>play_audio</arg>
<arg>${driver}</arg>
<arg>${audio_file}</arg>
<doc>Runs the given keyword with given arguments and returns the status as a Boolean value.</doc>
<status status="PASS" start="2025-06-11T14:50:34.115175" elapsed="18.421144"/>
</kw>
<kw name="Should Be True" owner="BuiltIn">
<arg>${success}</arg>
<arg>La lecture audio a échoué</arg>
<doc>Fails if the given condition is not true.</doc>
<status status="PASS" start="2025-06-11T14:50:52.536324" elapsed="0.000000"/>
</kw>
<kw name="Sleep" owner="BuiltIn">
<msg time="2025-06-11T14:51:10.848589" level="INFO">Slept 18 seconds 312 milliseconds.</msg>
<arg>${duration}s</arg>
<doc>Pauses the test executed for the given time.</doc>
<status status="PASS" start="2025-06-11T14:50:52.536324" elapsed="18.312265"/>
</kw>
<kw name="Click Stop Button">
<kw name="Check Element Exists" owner="Integration">
<msg time="2025-06-11T14:51:10.895682" level="INFO">${button_exists} = True</msg>
<var>${button_exists}</var>
<arg>${driver}</arg>
<arg>//android.widget.Button[@text="STOP"]</arg>
<doc>Vérifie si un élément existe en utilisant le XPath donné.</doc>
<status status="PASS" start="2025-06-11T14:51:10.848589" elapsed="0.047093"/>
</kw>
<kw name="Should Be True" owner="BuiltIn">
<arg>${button_exists}</arg>
<arg>Le bouton STOP n'est pas visible</arg>
<doc>Fails if the given condition is not true.</doc>
<status status="PASS" start="2025-06-11T14:51:10.895682" elapsed="0.001002"/>
</kw>
<kw name="Run Keyword And Return Status" owner="BuiltIn">
<kw name="Click Element By Xpath Bounds" owner="Integration">
<arg>${driver}</arg>
<arg>//android.widget.Button[@text="STOP"]</arg>
<doc>Trouve un élément par XPath et clique dessus en utilisant ses bounds.</doc>
<status status="PASS" start="2025-06-11T14:51:10.896684" elapsed="0.469179"/>
</kw>
<msg time="2025-06-11T14:51:11.365863" level="INFO">${success} = True</msg>
<var>${success}</var>
<arg>click_element_by_xpath_bounds</arg>
<arg>${driver}</arg>
<arg>//android.widget.Button[@text="STOP"]</arg>
<doc>Runs the given keyword with given arguments and returns the status as a Boolean value.</doc>
<status status="PASS" start="2025-06-11T14:51:10.896684" elapsed="0.469179"/>
</kw>
<kw name="Should Be True" owner="BuiltIn">
<arg>${success}</arg>
<arg>Impossible de cliquer sur le bouton STOP</arg>
<doc>Fails if the given condition is not true.</doc>
<status status="PASS" start="2025-06-11T14:51:11.365863" elapsed="0.001070"/>
</kw>
<status status="PASS" start="2025-06-11T14:51:10.848589" elapsed="0.518344"/>
</kw>
<status status="PASS" start="2025-06-11T14:50:31.540320" elapsed="39.826613"/>
</kw>
<kw name="Compare Audio Files">
<kw name="Compare With Latest Recorded" owner="TestAudio">
<msg time="2025-06-11T14:51:43.690903" level="INFO">Graphiques sauvegardés dans: C:\Users\bahae\Documents\PfeProject\test_cases\..\log\plots\audio_comparison_enregistrement_20250611_145130.png</msg>
<msg time="2025-06-11T14:51:43.690903" level="INFO">============================= Début du test audio ==============================
Original: C:\Users\bahae\Documents\PfeProject\test_cases\test.wav
Enregistré: latest_download.wav
Date du test: 2025-06-11 14:51:13

Original - Durée: 18.31s -&gt; Segment actif: 18.31s
Enregistré - Durée: 39.25s -&gt; Segment actif: 18.16s
Recherche du meilleur alignement...
Alignement initial trouvé, ajustement fin...

Détails de l'alignement:
Position originale: 0.000s
Position enregistrée: -0.061s
Ajustement: -61.3ms
Corrélation initiale: 0.379
Original length: 803386, Recorded length: 803386
Best lag: 851 samples (0.019 seconds)
Final lengths - Original: 802535, Aligned: 802535
Décalage temporel final: 0.019 secondes

=== Résultats ===
Décalage temporel: 0.019 secondes
         snr: 2.8221
 correlation: 0.7217
         mse: 0.0171
        rmse: 0.1307
energy_ratio: 0.8628
    max_diff: 0.9966
   mean_diff: 0.0851
         mos: 3.5789
     clarity: 1.0234
  clarity_db: 0.1006

=== Résultat: ÉCHEC ===
SNR: 2.82 dB (seuil: 5 dB)
Corrélation: 0.722 (seuil: 0.8)
MOS: 3.58/5 (seuil: 2.5)
Clarté: 1.023 (seuil: 0.7)</msg>
<msg time="2025-06-11T14:51:43.691888" level="INFO">${test_passed} = False</msg>
<msg time="2025-06-11T14:51:43.691888" level="INFO">${metrics} = {'snr': 2.8221416389762393, 'correlation': 0.7216622997529102, 'mse': 0.017085398275975588, 'rmse': 0.1307111252953458, 'energy_ratio': 0.8627998513829719, 'max_diff': 0.9965638279791703, 'mean_diff':...</msg>
<var>${test_passed}</var>
<var>${metrics}</var>
<arg>${original_audio}</arg>
<doc>Télécharge le dernier audio enregistré via l'API Flask et le compare à l'original.
:param original_audio: Chemin du fichier original (wav)
:param latest_audio_path: Chemin où sauvegarder le fichier téléchargé
:param api_url: URL de l'API Flask pour récupérer le dernier audio enregistré
:return: (test_passed, metrics)</doc>
<status status="PASS" start="2025-06-11T14:51:11.366933" elapsed="32.324955"/>
</kw>
<kw name="Log" owner="BuiltIn">
<msg time="2025-06-11T14:51:43.691888" level="INFO">SNR: 2.8221416389762393 dB (seuil: 20 dB)</msg>
<arg>SNR: ${metrics['snr']} dB (seuil: 20 dB)</arg>
<doc>Logs the given message with the given level.</doc>
<status status="PASS" start="2025-06-11T14:51:43.691888" elapsed="0.000000"/>
</kw>
<kw name="Log" owner="BuiltIn">
<msg time="2025-06-11T14:51:43.692907" level="INFO">Corrélation: 0.7216622997529102 (seuil: 0.9)</msg>
<arg>Corrélation: ${metrics['correlation']} (seuil: 0.9)</arg>
<doc>Logs the given message with the given level.</doc>
<status status="PASS" start="2025-06-11T14:51:43.691888" elapsed="0.001019"/>
</kw>
<kw name="Log" owner="BuiltIn">
<msg time="2025-06-11T14:51:43.694885" level="INFO">MOS: 3.5788804252625415/5 (seuil: 3.0)</msg>
<arg>MOS: ${metrics['mos']}/5 (seuil: 3.0)</arg>
<doc>Logs the given message with the given level.</doc>
<status status="PASS" start="2025-06-11T14:51:43.692907" elapsed="0.001978"/>
</kw>
<kw name="Log" owner="BuiltIn">
<msg time="2025-06-11T14:51:43.694885" level="INFO">Clarté: 1.0234441411514659 (seuil: 0.8)</msg>
<arg>Clarté: ${metrics['clarity']} (seuil: 0.8)</arg>
<doc>Logs the given message with the given level.</doc>
<status status="PASS" start="2025-06-11T14:51:43.694885" elapsed="0.000000"/>
</kw>
<kw name="Evaluate" owner="BuiltIn">
<msg time="2025-06-11T14:51:43.695887" level="INFO">${snr_ok} = False</msg>
<var>${snr_ok}</var>
<arg>${metrics['snr']} &gt;= 20</arg>
<doc>Evaluates the given expression in Python and returns the result.</doc>
<status status="PASS" start="2025-06-11T14:51:43.694885" elapsed="0.001002"/>
</kw>
<kw name="Evaluate" owner="BuiltIn">
<msg time="2025-06-11T14:51:43.695887" level="INFO">${correlation_ok} = False</msg>
<var>${correlation_ok}</var>
<arg>${metrics['correlation']} &gt;= 0.9</arg>
<doc>Evaluates the given expression in Python and returns the result.</doc>
<status status="PASS" start="2025-06-11T14:51:43.695887" elapsed="0.000000"/>
</kw>
<kw name="Evaluate" owner="BuiltIn">
<msg time="2025-06-11T14:51:43.696915" level="INFO">${mos_ok} = True</msg>
<var>${mos_ok}</var>
<arg>${metrics['mos']} &gt;= 3.0</arg>
<doc>Evaluates the given expression in Python and returns the result.</doc>
<status status="PASS" start="2025-06-11T14:51:43.695887" elapsed="0.001028"/>
</kw>
<kw name="Evaluate" owner="BuiltIn">
<msg time="2025-06-11T14:51:43.697957" level="INFO">${clarity_ok} = True</msg>
<var>${clarity_ok}</var>
<arg>${metrics['clarity']} &gt;= 0.8</arg>
<doc>Evaluates the given expression in Python and returns the result.</doc>
<status status="PASS" start="2025-06-11T14:51:43.696915" elapsed="0.001042"/>
</kw>
<kw name="Evaluate" owner="BuiltIn">
<msg time="2025-06-11T14:51:43.697957" level="INFO">${test_passed} = False</msg>
<var>${test_passed}</var>
<arg>${snr_ok} and ${correlation_ok} and ${mos_ok} and ${clarity_ok}</arg>
<doc>Evaluates the given expression in Python and returns the result.</doc>
<status status="PASS" start="2025-06-11T14:51:43.697957" elapsed="0.000000"/>
</kw>
<if>
<branch type="IF" condition="not ${test_passed}">
<kw name="Log" owner="BuiltIn">
<msg time="2025-06-11T14:51:43.697957" level="INFO">❌ Test échoué - Métriques critiques non satisfaites</msg>
<arg>❌ Test échoué - Métriques critiques non satisfaites</arg>
<doc>Logs the given message with the given level.</doc>
<status status="PASS" start="2025-06-11T14:51:43.697957" elapsed="0.000000"/>
</kw>
<kw name="Fail" owner="BuiltIn">
<msg time="2025-06-11T14:51:43.697957" level="FAIL">Test audio échoué - Vérifiez les métriques dans les logs</msg>
<arg>Test audio échoué - Vérifiez les métriques dans les logs</arg>
<doc>Fails the test with the given message and optionally alters its tags.</doc>
<status status="FAIL" start="2025-06-11T14:51:43.697957" elapsed="0.000000">Test audio échoué - Vérifiez les métriques dans les logs</status>
</kw>
<status status="FAIL" start="2025-06-11T14:51:43.697957" elapsed="0.000000">Test audio échoué - Vérifiez les métriques dans les logs</status>
</branch>
<branch type="ELSE">
<kw name="Log" owner="BuiltIn">
<arg>✅ Test réussi - Toutes les métriques sont satisfaites</arg>
<doc>Logs the given message with the given level.</doc>
<status status="NOT RUN" start="2025-06-11T14:51:43.697957" elapsed="0.000000"/>
</kw>
<status status="NOT RUN" start="2025-06-11T14:51:43.697957" elapsed="0.000000"/>
</branch>
<status status="FAIL" start="2025-06-11T14:51:43.697957" elapsed="0.000000">Test audio échoué - Vérifiez les métriques dans les logs</status>
</if>
<return>
<value>${test_passed}</value>
<value>${metrics}</value>
<status status="NOT RUN" start="2025-06-11T14:51:43.697957" elapsed="0.000000"/>
</return>
<var>${result}</var>
<arg>${DEFAULT_OUTPUT_FILE}</arg>
<status status="FAIL" start="2025-06-11T14:51:11.366933" elapsed="32.331024">Test audio échoué - Vérifiez les métriques dans les logs</status>
</kw>
<kw name="Log" owner="BuiltIn">
<arg>Résultat de la comparaison: ${result}</arg>
<doc>Logs the given message with the given level.</doc>
<status status="NOT RUN" start="2025-06-11T14:51:43.697957" elapsed="0.000000"/>
</kw>
<status status="FAIL" start="2025-06-11T14:50:28.369792" elapsed="75.329174">Test audio échoué - Vérifiez les métriques dans les logs</status>
</kw>
<msg time="2025-06-11T14:51:43.698966" level="INFO">${test_status} = False</msg>
<var>${test_status}</var>
<arg>${test_keyword}</arg>
<doc>Runs the given keyword with given arguments and returns the status as a Boolean value.</doc>
<status status="PASS" start="2025-06-11T14:50:28.369792" elapsed="75.329174"/>
</kw>
<if>
<branch type="IF" condition="${test_status}">
<kw name="Log" owner="BuiltIn">
<arg>Test ${test_name} réussi</arg>
<doc>Logs the given message with the given level.</doc>
<status status="NOT RUN" start="2025-06-11T14:51:43.698966" elapsed="0.000000"/>
</kw>
<kw name="Exit For Loop" owner="BuiltIn">
<doc>Stops executing the enclosing FOR loop.</doc>
<status status="NOT RUN" start="2025-06-11T14:51:43.698966" elapsed="0.000000"/>
</kw>
<status status="NOT RUN" start="2025-06-11T14:51:43.698966" elapsed="0.000000"/>
</branch>
<branch type="ELSE">
<kw name="Evaluate" owner="BuiltIn">
<msg time="2025-06-11T14:51:43.698966" level="INFO">${attempt} = 4</msg>
<var>${attempt}</var>
<arg>${attempt} + 1</arg>
<doc>Evaluates the given expression in Python and returns the result.</doc>
<status status="PASS" start="2025-06-11T14:51:43.698966" elapsed="0.000000"/>
</kw>
<if>
<branch type="IF" condition="${attempt} &lt;= ${MAX_RETRIES}">
<kw name="Log" owner="BuiltIn">
<msg time="2025-06-11T14:51:43.698966" level="INFO">Test Test Audio Recording And Playback échoué - Tentative 4/40</msg>
<arg>Test ${test_name} échoué - Tentative ${attempt}/${MAX_RETRIES}</arg>
<doc>Logs the given message with the given level.</doc>
<status status="PASS" start="2025-06-11T14:51:43.698966" elapsed="0.000000"/>
</kw>
<kw name="Sleep" owner="BuiltIn">
<msg time="2025-06-11T14:51:45.699169" level="INFO">Slept 2 seconds.</msg>
<arg>${RETRY_DELAY}</arg>
<doc>Pauses the test executed for the given time.</doc>
<status status="PASS" start="2025-06-11T14:51:43.698966" elapsed="2.000203"/>
</kw>
<status status="PASS" start="2025-06-11T14:51:43.698966" elapsed="2.000203"/>
</branch>
<status status="PASS" start="2025-06-11T14:51:43.698966" elapsed="2.000203"/>
</if>
<status status="PASS" start="2025-06-11T14:51:43.698966" elapsed="2.000203"/>
</branch>
<status status="PASS" start="2025-06-11T14:51:43.698966" elapsed="2.000203"/>
</if>
<var name="${index}">2</var>
<status status="PASS" start="2025-06-11T14:50:28.369792" elapsed="77.329377"/>
</iter>
<iter>
<kw name="Run Keyword And Return Status" owner="BuiltIn">
<kw name="Verify Audio Recording">
<kw name="Initialize Language Settings">
<kw name="Get System Language" owner="Integration">
<msg time="2025-06-11T14:51:45.737020" level="INFO">${lang} = eng</msg>
<var>${lang}</var>
<arg>${Device}</arg>
<status status="PASS" start="2025-06-11T14:51:45.699169" elapsed="0.037851"/>
</kw>
<kw name="Set Variable If" owner="BuiltIn">
<msg time="2025-06-11T14:51:45.737020" level="INFO">${lang_dict} = {'System': 'System', 'Setting': 'Settings', 'Audio': 'Recording', 'Record': 'START', 'Stop': 'STOP', 'Play': 'Play'}</msg>
<var>${lang_dict}</var>
<arg>'${lang}' == 'fr'</arg>
<arg>${LANG_FR}</arg>
<arg>${LANG_EN}</arg>
<doc>Sets variable based on the given condition.</doc>
<status status="PASS" start="2025-06-11T14:51:45.737020" elapsed="0.000000"/>
</kw>
<kw name="Set Suite Variable" owner="BuiltIn">
<msg time="2025-06-11T14:51:45.737020" level="INFO">${LANG_DICT} = {'System': 'System', 'Setting': 'Settings', 'Audio': 'Recording', 'Record': 'START', 'Stop': 'STOP', 'Play': 'Play'}</msg>
<arg>${LANG_DICT}</arg>
<arg>${lang_dict}</arg>
<doc>Makes a variable available everywhere within the scope of the current suite.</doc>
<status status="PASS" start="2025-06-11T14:51:45.737020" elapsed="0.000000"/>
</kw>
<status status="PASS" start="2025-06-11T14:51:45.699169" elapsed="0.038859"/>
</kw>
<kw name="Navigate To Audio App">
<kw name="Start Activity Code" owner="Integration">
<arg>${driver}</arg>
<arg>com.example.audioapplicationtest/.MainActivity</arg>
<doc>Lance une activité spécifique sur un appareil Android via Appium.</doc>
<status status="PASS" start="2025-06-11T14:51:45.738028" elapsed="0.045996"/>
</kw>
<kw name="Sleep" owner="BuiltIn">
<msg time="2025-06-11T14:51:48.785198" level="INFO">Slept 3 seconds.</msg>
<arg>3s</arg>
<doc>Pauses the test executed for the given time.</doc>
<status status="PASS" start="2025-06-11T14:51:45.785022" elapsed="3.000176"/>
</kw>
<kw name="Print Activity" owner="Integration">
<msg time="2025-06-11T14:51:48.864053" level="INFO">${current_activity} = com.example.audioapplicationtest/.MainActivity</msg>
<var>${current_activity}</var>
<arg>${driver}</arg>
<doc>Retourne l'activité complète sous la forme 'com.android.car.messenger/.ui.launcher.MessageLauncherActivity'.</doc>
<status status="PASS" start="2025-06-11T14:51:48.785198" elapsed="0.078855"/>
</kw>
<kw name="Should Contain" owner="BuiltIn">
<arg>${current_activity}</arg>
<arg>com.example.audioapplicationtest/.MainActivity</arg>
<arg>L'application n'est pas correctement lancée</arg>
<doc>Fails if ``container`` does not contain ``item`` one or more times.</doc>
<status status="PASS" start="2025-06-11T14:51:48.864053" elapsed="0.000000"/>
</kw>
<status status="PASS" start="2025-06-11T14:51:45.738028" elapsed="3.126025"/>
</kw>
<kw name="Start Audio Recording And Playback">
<kw name="Log" owner="BuiltIn">
<msg time="2025-06-11T14:51:48.864053" level="INFO">Démarrage de l'enregistrement audio...</msg>
<arg>Démarrage de l'enregistrement audio...</arg>
<doc>Logs the given message with the given level.</doc>
<status status="PASS" start="2025-06-11T14:51:48.864053" elapsed="0.000000"/>
</kw>
<kw name="Get Audio File Duration">
<kw name="Get Audio Duration" owner="Integration">
<msg time="2025-06-11T14:51:48.865055" level="INFO">✅ Durée du fichier audio C:\Users\bahae\Documents\PfeProject\test_cases\test.wav: 18.31 secondes</msg>
<msg time="2025-06-11T14:51:48.865055" level="INFO">${duration} = 18.311836734693877</msg>
<var>${duration}</var>
<arg>${driver}</arg>
<arg>${audio_file}</arg>
<doc>Obtient la durée d'un fichier audio en secondes.</doc>
<status status="PASS" start="2025-06-11T14:51:48.865055" elapsed="0.000000"/>
</kw>
<kw name="Should Not Be Equal As Numbers" owner="BuiltIn">
<msg time="2025-06-11T14:51:48.866055" level="INFO">Argument types are:
&lt;class 'float'&gt;
&lt;class 'str'&gt;</msg>
<arg>${duration}</arg>
<arg>0</arg>
<arg>Impossible d'obtenir la durée du fichier audio</arg>
<doc>Fails if objects are equal after converting them to real numbers.</doc>
<status status="PASS" start="2025-06-11T14:51:48.865055" elapsed="0.001000"/>
</kw>
<return>
<value>${duration}</value>
<status status="PASS" start="2025-06-11T14:51:48.866055" elapsed="0.000000"/>
</return>
<msg time="2025-06-11T14:51:48.866055" level="INFO">${duration} = 18.311836734693877</msg>
<var>${duration}</var>
<arg>${audio_file}</arg>
<status status="PASS" start="2025-06-11T14:51:48.865055" elapsed="0.001000"/>
</kw>
<kw name="Log" owner="BuiltIn">
<msg time="2025-06-11T14:51:48.866055" level="INFO">Durée du fichier audio à lire: 18.311836734693877 secondes</msg>
<arg>Durée du fichier audio à lire: ${duration} secondes</arg>
<doc>Logs the given message with the given level.</doc>
<status status="PASS" start="2025-06-11T14:51:48.866055" elapsed="0.000000"/>
</kw>
<kw name="Click Record Button">
<kw name="Wait For Record Button">
<kw name="Wait Until Keyword Succeeds" owner="BuiltIn">
<kw name="Check Element Exists" owner="Integration">
<arg>${driver}</arg>
<arg>//android.widget.Button[@text="START"]</arg>
<doc>Vérifie si un élément existe en utilisant le XPath donné.</doc>
<status status="PASS" start="2025-06-11T14:51:48.866055" elapsed="0.050289"/>
</kw>
<arg>${timeout}</arg>
<arg>${QUICK_WAIT}</arg>
<arg>Check Element Exists</arg>
<arg>${driver}</arg>
<arg>//android.widget.Button[@text="START"]</arg>
<doc>Runs the specified keyword and retries if it fails.</doc>
<status status="PASS" start="2025-06-11T14:51:48.866055" elapsed="0.050289"/>
</kw>
<status status="PASS" start="2025-06-11T14:51:48.866055" elapsed="0.050289"/>
</kw>
<kw name="Check Element Exists" owner="Integration">
<msg time="2025-06-11T14:51:48.972614" level="INFO">${button_exists} = True</msg>
<var>${button_exists}</var>
<arg>${driver}</arg>
<arg>//android.widget.Button[@text="START"]</arg>
<doc>Vérifie si un élément existe en utilisant le XPath donné.</doc>
<status status="PASS" start="2025-06-11T14:51:48.916344" elapsed="0.056270"/>
</kw>
<kw name="Should Be True" owner="BuiltIn">
<arg>${button_exists}</arg>
<arg>Le bouton START n'est pas visible</arg>
<doc>Fails if the given condition is not true.</doc>
<status status="PASS" start="2025-06-11T14:51:48.972670" elapsed="0.000000"/>
</kw>
<kw name="Run Keyword And Return Status" owner="BuiltIn">
<kw name="Click Element By Xpath Bounds" owner="Integration">
<arg>${driver}</arg>
<arg>//android.widget.Button[@text="START"]</arg>
<doc>Trouve un élément par XPath et clique dessus en utilisant ses bounds.</doc>
<status status="PASS" start="2025-06-11T14:51:48.972670" elapsed="0.487311"/>
</kw>
<msg time="2025-06-11T14:51:49.459981" level="INFO">${success} = True</msg>
<var>${success}</var>
<arg>click_element_by_xpath_bounds</arg>
<arg>${driver}</arg>
<arg>//android.widget.Button[@text="START"]</arg>
[...]
</kw>
<kw name="Log" owner="BuiltIn">
<arg>Résultat de la comparaison: ${result}</arg>
<doc>Logs the given message with the given level.</doc>
<status status="NOT RUN" start="2025-06-11T15:39:21.212283" elapsed="0.000000"/>
</kw>
<status status="FAIL" start="2025-06-11T15:38:05.952548" elapsed="75.259735">Test audio échoué - Vérifiez les métriques dans les logs</status>
</kw>
<msg time="2025-06-11T15:39:21.213267" level="INFO">${test_status} = False</msg>
<var>${test_status}</var>
<arg>${test_keyword}</arg>
<doc>Runs the given keyword with given arguments and returns the status as a Boolean value.</doc>
<status status="PASS" start="2025-06-11T15:38:05.952548" elapsed="75.260719"/>
</kw>
<if>
<branch type="IF" condition="${test_status}">
<kw name="Log" owner="BuiltIn">
<arg>Test ${test_name} réussi</arg>
<doc>Logs the given message with the given level.</doc>
<status status="NOT RUN" start="2025-06-11T15:39:21.213267" elapsed="0.000000"/>
</kw>
<kw name="Exit For Loop" owner="BuiltIn">
<doc>Stops executing the enclosing FOR loop.</doc>
<status status="NOT RUN" start="2025-06-11T15:39:21.213267" elapsed="0.000000"/>
</kw>
<status status="NOT RUN" start="2025-06-11T15:39:21.213267" elapsed="0.000000"/>
</branch>
<branch type="ELSE">
<kw name="Evaluate" owner="BuiltIn">
<msg time="2025-06-11T15:39:21.213267" level="INFO">${attempt} = 41</msg>
<var>${attempt}</var>
<arg>${attempt} + 1</arg>
<doc>Evaluates the given expression in Python and returns the result.</doc>
<status status="PASS" start="2025-06-11T15:39:21.213267" elapsed="0.000000"/>
</kw>
<if>
<branch type="IF" condition="${attempt} &lt;= ${MAX_RETRIES}">
<kw name="Log" owner="BuiltIn">
<arg>Test ${test_name} échoué - Tentative ${attempt}/${MAX_RETRIES}</arg>
<doc>Logs the given message with the given level.</doc>
<status status="NOT RUN" start="2025-06-11T15:39:21.213267" elapsed="0.000000"/>
</kw>
<kw name="Sleep" owner="BuiltIn">
<arg>${RETRY_DELAY}</arg>
<doc>Pauses the test executed for the given time.</doc>
<status status="NOT RUN" start="2025-06-11T15:39:21.213267" elapsed="0.000000"/>
</kw>
<status status="NOT RUN" start="2025-06-11T15:39:21.213267" elapsed="0.000000"/>
</branch>
<status status="PASS" start="2025-06-11T15:39:21.213267" elapsed="0.000000"/>
</if>
<status status="PASS" start="2025-06-11T15:39:21.213267" elapsed="0.000000"/>
</branch>
<status status="PASS" start="2025-06-11T15:39:21.213267" elapsed="0.000000"/>
</if>
<var name="${index}">39</var>
<status status="PASS" start="2025-06-11T15:38:05.952548" elapsed="75.260719"/>
</iter>
<var>${index}</var>
<value>${MAX_RETRIES}</value>
<status status="PASS" start="2025-06-11T14:47:53.104827" elapsed="3088.108440"/>
</for>
<if>
<branch type="IF" condition="not ${test_status}">
<kw name="Fail" owner="BuiltIn">
<msg time="2025-06-11T15:39:21.214266" level="FAIL">Le test Test Audio Recording And Playback a échoué après 40 tentatives</msg>
<arg>Le test ${test_name} a échoué après ${MAX_RETRIES} tentatives</arg>
<doc>Fails the test with the given message and optionally alters its tags.</doc>
<status status="FAIL" start="2025-06-11T15:39:21.213267" elapsed="0.000999">Le test Test Audio Recording And Playback a échoué après 40 tentatives</status>
</kw>
<status status="FAIL" start="2025-06-11T15:39:21.213267" elapsed="0.000999">Le test Test Audio Recording And Playback a échoué après 40 tentatives</status>
</branch>
<status status="FAIL" start="2025-06-11T15:39:21.213267" elapsed="0.000999">Le test Test Audio Recording And Playback a échoué après 40 tentatives</status>
</if>
<arg>Verify Audio Recording</arg>
<arg>Test Audio Recording And Playback</arg>
<status status="FAIL" start="2025-06-11T14:47:53.104208" elapsed="3088.110058">Le test Test Audio Recording And Playback a échoué après 40 tentatives</status>
</kw>
<doc>Verifies audio recording and playback functionality
- Navigates to audio recording app
- Records audio for a specified duration
- Plays back the recorded audio
- Supports both French and English interfaces</doc>
<tag>audio</tag>
<tag>playback</tag>
<tag>recording</tag>
<status status="FAIL" start="2025-06-11T14:47:53.097302" elapsed="3088.116964">Le test Test Audio Recording And Playback a échoué après 40 tentatives</status>
</test>
<test id="s1-t3" name="Test Audio Player And Playback" line="250">
<kw name="Navigate To Audio Player App">
<kw name="Start Activity Code" owner="Integration">
<arg>${driver}</arg>
<arg>com.example.audioapplicationtest/.AudioPlayerActivity</arg>
<doc>Lance une activité spécifique sur un appareil Android via Appium.</doc>
<status status="PASS" start="2025-06-11T15:39:21.214266" elapsed="0.058578"/>
</kw>
<kw name="Sleep" owner="BuiltIn">
<msg time="2025-06-11T15:39:24.273982" level="INFO">Slept 3 seconds.</msg>
<arg>3s</arg>
<doc>Pauses the test executed for the given time.</doc>
<status status="PASS" start="2025-06-11T15:39:21.273844" elapsed="3.000138"/>
</kw>
<kw name="Print Activity" owner="Integration">
<msg time="2025-06-11T15:39:24.363511" level="INFO">${current_activity} = com.example.audioapplicationtest/.AudioPlayerActivity</msg>
<var>${current_activity}</var>
<arg>${driver}</arg>
<doc>Retourne l'activité complète sous la forme 'com.android.car.messenger/.ui.launcher.MessageLauncherActivity'.</doc>
<status status="PASS" start="2025-06-11T15:39:24.273982" elapsed="0.089529"/>
</kw>
<kw name="Should Contain" owner="BuiltIn">
<arg>${current_activity}</arg>
<arg>com.example.audioapplicationtest/.AudioPlayerActivity</arg>
<arg>L'application n'est pas correctement lancée</arg>
<doc>Fails if ``container`` does not contain ``item`` one or more times.</doc>
<status status="PASS" start="2025-06-11T15:39:24.363511" elapsed="0.001000"/>
</kw>
<status status="PASS" start="2025-06-11T15:39:21.214266" elapsed="3.150245"/>
</kw>
<kw name="Record Audio" owner="Integration">
<msg time="2025-06-11T15:39:24.369184" level="INFO">✅ Enregistrement audio réussi : Enregistrement audio démarré</msg>
<msg time="2025-06-11T15:39:24.369184" level="INFO">${recording_success} = True</msg>
<var>${recording_success}</var>
<arg>${driver}</arg>
<arg>23</arg>
<doc>Enregistre l'audio du système via l'API Flask.</doc>
<status status="PASS" start="2025-06-11T15:39:24.364511" elapsed="0.004673"/>
</kw>
<kw name="Should Be True" owner="BuiltIn">
<arg>${recording_success}</arg>
<arg>L'enregistrement audio a échoué</arg>
<doc>Fails if the given condition is not true.</doc>
<status status="PASS" start="2025-06-11T15:39:24.369752" elapsed="0.000000"/>
</kw>
<kw name="Sleep" owner="BuiltIn">
<msg time="2025-06-11T15:39:25.370279" level="INFO">Slept 1 second.</msg>
<arg>1s</arg>
<doc>Pauses the test executed for the given time.</doc>
<status status="PASS" start="2025-06-11T15:39:24.369752" elapsed="1.000527"/>
</kw>
<kw name="Click Play Button">
<kw name="Wait For Record Button">
<kw name="Wait Until Keyword Succeeds" owner="BuiltIn">
<kw name="Check Element Exists" owner="Integration">
<arg>${driver}</arg>
<arg>//android.widget.Button[@text="START"]</arg>
<doc>Vérifie si un élément existe en utilisant le XPath donné.</doc>
<status status="PASS" start="2025-06-11T15:39:25.370279" elapsed="0.058702"/>
</kw>
<arg>${timeout}</arg>
<arg>${QUICK_WAIT}</arg>
<arg>Check Element Exists</arg>
<arg>${driver}</arg>
<arg>//android.widget.Button[@text="START"]</arg>
<doc>Runs the specified keyword and retries if it fails.</doc>
<status status="PASS" start="2025-06-11T15:39:25.370279" elapsed="0.058702"/>
</kw>
<status status="PASS" start="2025-06-11T15:39:25.370279" elapsed="0.058702"/>
</kw>
<kw name="Check Element Exists" owner="Integration">
<msg time="2025-06-11T15:39:25.487414" level="INFO">${button_exists} = True</msg>
<var>${button_exists}</var>
<arg>${driver}</arg>
<arg>//android.widget.Button[@text="PLAY TEST WAV"]</arg>
<doc>Vérifie si un élément existe en utilisant le XPath donné.</doc>
<status status="PASS" start="2025-06-11T15:39:25.428981" elapsed="0.058433"/>
</kw>
<kw name="Should Be True" owner="BuiltIn">
<arg>${button_exists}</arg>
<arg>Le bouton PLAY TEST WAV n'est pas visible</arg>
<doc>Fails if the given condition is not true.</doc>
<status status="PASS" start="2025-06-11T15:39:25.487414" elapsed="0.000791"/>
</kw>
<kw name="Run Keyword And Return Status" owner="BuiltIn">
<kw name="Click Element By Xpath Bounds" owner="Integration">
<arg>${driver}</arg>
<arg>//android.widget.Button[@text="PLAY TEST WAV"]</arg>
<doc>Trouve un élément par XPath et clique dessus en utilisant ses bounds.</doc>
<status status="PASS" start="2025-06-11T15:39:25.488205" elapsed="0.470070"/>
</kw>
<msg time="2025-06-11T15:39:25.958275" level="INFO">${success} = True</msg>
<var>${success}</var>
<arg>click_element_by_xpath_bounds</arg>
<arg>${driver}</arg>
<arg>//android.widget.Button[@text="PLAY TEST WAV"]</arg>
<doc>Runs the given keyword with given arguments and returns the status as a Boolean value.</doc>
<status status="PASS" start="2025-06-11T15:39:25.488205" elapsed="0.470070"/>
</kw>
<kw name="Should Be True" owner="BuiltIn">
<arg>${success}</arg>
<arg>Impossible de cliquer sur le bouton START</arg>
<doc>Fails if the given condition is not true.</doc>
<status status="PASS" start="2025-06-11T15:39:25.958813" elapsed="0.000000"/>
</kw>
<status status="PASS" start="2025-06-11T15:39:25.370279" elapsed="0.588534"/>
</kw>
<kw name="Sleep" owner="BuiltIn">
<msg time="2025-06-11T15:39:47.959895" level="INFO">Slept 22 seconds.</msg>
<arg>22s</arg>
<doc>Pauses the test executed for the given time.</doc>
<status status="PASS" start="2025-06-11T15:39:25.958813" elapsed="22.001082"/>
</kw>
<kw name="Compare Audio Files Play">
<kw name="Compare With Latest Recorded Play" owner="TestAudio">
<msg time="2025-06-11T15:40:20.226401" level="INFO">Graphiques sauvegardés dans: C:\Users\bahae\Documents\PfeProject\test_cases\..\log\plots\audio_comparison_lecture_20250611_154006.png</msg>
<msg time="2025-06-11T15:40:20.226401" level="INFO">============================= Début du test audio ==============================
Original: C:\Users\bahae\Documents\PfeProject\test_cases\test.wav
Enregistré: latest_playback.wav
Date du test: 2025-06-11 15:39:50

Original - Durée: 18.31s -&gt; Segment actif: 18.31s
Enregistré - Durée: 23.00s -&gt; Segment actif: 18.39s
Recherche du meilleur alignement...
Alignement initial trouvé, ajustement fin...

Détails de l'alignement:
Position originale: 0.000s
Position enregistrée: 0.039s
Ajustement: 38.5ms
Corrélation initiale: 0.393
Original length: 807552, Recorded length: 807552
Best lag: 851 samples (0.019 seconds)
Final lengths - Original: 806701, Aligned: 806701
Décalage temporel final: 0.019 secondes

=== Résultats ===
Décalage temporel: 0.019 secondes
         snr: 1.9179
 correlation: 0.6790
         mse: 0.0212
        rmse: 0.1457
energy_ratio: 1.0033
    max_diff: 1.1237
   mean_diff: 0.0765
         mos: 3.4915
     clarity: 1.1341
  clarity_db: 0.5465

=== Résultat: ÉCHEC ===
SNR: 1.92 dB (seuil: 5 dB)
Corrélation: 0.679 (seuil: 0.8)
MOS: 3.49/5 (seuil: 2.5)
Clarté: 1.134 (seuil: 0.7)</msg>
<msg time="2025-06-11T15:40:20.226401" level="INFO">${test_passed} = False</msg>
<msg time="2025-06-11T15:40:20.226401" level="INFO">${metrics} = {'snr': 1.9178611368356144, 'correlation': 0.6790257589738442, 'mse': 0.0212250071119734, 'rmse': 0.14568804725156212, 'energy_ratio': 1.0032830978984908, 'max_diff': 1.1236522986153326, 'mean_diff': ...</msg>
<var>${test_passed}</var>
<var>${metrics}</var>
<arg>${original_audio}</arg>
<doc>Télécharge le dernier audio lu via l'API Flask et le compare à l'original.
:param original_audio: Chemin du fichier original (wav)
:param latest_audio_path: Chemin où sauvegarder le fichier téléchargé
:param api_url: URL de l'API Flask pour récupérer le dernier audio lu
:return: (test_passed, metrics)</doc>
<status status="PASS" start="2025-06-11T15:39:47.959895" elapsed="32.266506"/>
</kw>
<kw name="Log" owner="BuiltIn">
<msg time="2025-06-11T15:40:20.226401" level="INFO">SNR: 1.9178611368356144 dB (seuil: 20 dB)</msg>
<arg>SNR: ${metrics['snr']} dB (seuil: 20 dB)</arg>
<doc>Logs the given message with the given level.</doc>
<status status="PASS" start="2025-06-11T15:40:20.226401" elapsed="0.000997"/>
</kw>
<kw name="Log" owner="BuiltIn">
<msg time="2025-06-11T15:40:20.227398" level="INFO">Corrélation: 0.6790257589738442 (seuil: 0.9)</msg>
<arg>Corrélation: ${metrics['correlation']} (seuil: 0.9)</arg>
<doc>Logs the given message with the given level.</doc>
<status status="PASS" start="2025-06-11T15:40:20.227398" elapsed="0.000000"/>
</kw>
<kw name="Log" owner="BuiltIn">
<msg time="2025-06-11T15:40:20.227398" level="INFO">MOS: 3.4915453562420375/5 (seuil: 3.0)</msg>
<arg>MOS: ${metrics['mos']}/5 (seuil: 3.0)</arg>
<doc>Logs the given message with the given level.</doc>
<status status="PASS" start="2025-06-11T15:40:20.227398" elapsed="0.000000"/>
</kw>
<kw name="Log" owner="BuiltIn">
<msg time="2025-06-11T15:40:20.228398" level="INFO">Clarté: 1.1340965364564308 (seuil: 0.8)</msg>
<arg>Clarté: ${metrics['clarity']} (seuil: 0.8)</arg>
<doc>Logs the given message with the given level.</doc>
<status status="PASS" start="2025-06-11T15:40:20.227398" elapsed="0.001000"/>
</kw>
<kw name="Set Variable" owner="BuiltIn">
<msg time="2025-06-11T15:40:20.228398" level="FAIL">Resolving variable '${metrics['plot_file']}' failed: KeyError: 'plot_file'</msg>
<var>${plot_file}</var>
<arg>${metrics['plot_file']}</arg>
<doc>Returns the given values which can then be assigned to a variables.</doc>
<status status="FAIL" start="2025-06-11T15:40:20.228398" elapsed="0.000000">Resolving variable '${metrics['plot_file']}' failed: KeyError: 'plot_file'</status>
</kw>
<kw name="Log" owner="BuiltIn">
<arg>&lt;img src="${plot_file}" width="800px"/&gt;</arg>
<doc>Logs the given message with the given level.</doc>
<status status="NOT RUN" start="2025-06-11T15:40:20.228398" elapsed="0.000000"/>
</kw>
<kw name="Evaluate" owner="BuiltIn">
<var>${snr_ok}</var>
<arg>${metrics['snr']} &gt;= 20</arg>
<doc>Evaluates the given expression in Python and returns the result.</doc>
<status status="NOT RUN" start="2025-06-11T15:40:20.228398" elapsed="0.000000"/>
</kw>
<kw name="Evaluate" owner="BuiltIn">
<var>${correlation_ok}</var>
<arg>${metrics['correlation']} &gt;= 0.9</arg>
<doc>Evaluates the given expression in Python and returns the result.</doc>
<status status="NOT RUN" start="2025-06-11T15:40:20.228398" elapsed="0.000000"/>
</kw>
<kw name="Evaluate" owner="BuiltIn">
<var>${mos_ok}</var>
<arg>${metrics['mos']} &gt;= 3.0</arg>
<doc>Evaluates the given expression in Python and returns the result.</doc>
<status status="NOT RUN" start="2025-06-11T15:40:20.228398" elapsed="0.000000"/>
</kw>
<kw name="Evaluate" owner="BuiltIn">
<var>${clarity_ok}</var>
<arg>${metrics['clarity']} &gt;= 0.8</arg>
<doc>Evaluates the given expression in Python and returns the result.</doc>
<status status="NOT RUN" start="2025-06-11T15:40:20.228398" elapsed="0.000000"/>
</kw>
<kw name="Evaluate" owner="BuiltIn">
<var>${test_passed}</var>
<arg>${snr_ok} and ${correlation_ok} and ${mos_ok} and ${clarity_ok}</arg>
<doc>Evaluates the given expression in Python and returns the result.</doc>
<status status="NOT RUN" start="2025-06-11T15:40:20.228398" elapsed="0.000000"/>
</kw>
<if>
<branch type="IF" condition="not ${test_passed}">
<kw name="Log" owner="BuiltIn">
<arg>❌ Test échoué - Métriques critiques non satisfaites</arg>
<doc>Logs the given message with the given level.</doc>
<status status="NOT RUN" start="2025-06-11T15:40:20.229400" elapsed="0.000000"/>
</kw>
<kw name="Fail" owner="BuiltIn">
<arg>Test audio échoué - Vérifiez les métriques dans les logs</arg>
<doc>Fails the test with the given message and optionally alters its tags.</doc>
<status status="NOT RUN" start="2025-06-11T15:40:20.230117" elapsed="0.000000"/>
</kw>
<status status="NOT RUN" start="2025-06-11T15:40:20.229400" elapsed="0.000717"/>
</branch>
<branch type="ELSE">
<kw name="Log" owner="BuiltIn">
<arg>✅ Test réussi - Toutes les métriques sont satisfaites</arg>
<doc>Logs the given message with the given level.</doc>
<status status="NOT RUN" start="2025-06-11T15:40:20.230656" elapsed="0.000000"/>
</kw>
<status status="NOT RUN" start="2025-06-11T15:40:20.230117" elapsed="0.000539"/>
</branch>
<status status="NOT RUN" start="2025-06-11T15:40:20.229400" elapsed="0.001256"/>
</if>
<return>
<value>${test_passed}</value>
<value>${metrics}</value>
<status status="NOT RUN" start="2025-06-11T15:40:20.230656" elapsed="0.000000"/>
</return>
<arg>C:\\Users\\bahae\\Documents\\PfeProject\\test_cases${/}test.wav</arg>
<status status="FAIL" start="2025-06-11T15:39:47.959895" elapsed="32.270761">Resolving variable '${metrics['plot_file']}' failed: KeyError: 'plot_file'</status>
</kw>
<doc>Verifies audio recording and playback functionality
- Navigates to audio recording app
- Records audio for a specified duration
- Plays audio
- Supports both French and English interfaces</doc>
<tag>audio</tag>
<tag>playback</tag>
<tag>recording</tag>
<status status="FAIL" start="2025-06-11T15:39:21.214266" elapsed="59.016390">Resolving variable '${metrics['plot_file']}' failed: KeyError: 'plot_file'</status>
</test>
<kw name="Fermer Driver" type="TEARDOWN">
<kw name="Run Keyword And Return Status" owner="BuiltIn">
<kw name="Variable Should Exist" owner="BuiltIn">
<arg>${driver}</arg>
<doc>Fails unless the given variable exists within the current scope.</doc>
<status status="PASS" start="2025-06-11T15:40:20.231649" elapsed="0.000000"/>
</kw>
<msg time="2025-06-11T15:40:20.232647" level="INFO">${driver_exists} = True</msg>
<var>${driver_exists}</var>
<arg>Variable Should Exist</arg>
<arg>${driver}</arg>
<doc>Runs the given keyword with given arguments and returns the status as a Boolean value.</doc>
<status status="PASS" start="2025-06-11T15:40:20.231649" elapsed="0.000998"/>
</kw>
<if>
<branch type="IF" condition="${driver_exists}">
<kw name="Run Keyword And Return Status" owner="BuiltIn">
<kw name="Close Driver" owner="Integration">
<arg>${driver}</arg>
<doc>Ferme proprement le driver Appium.</doc>
<status status="PASS" start="2025-06-11T15:40:20.232647" elapsed="0.224656"/>
</kw>
<msg time="2025-06-11T15:40:20.457303" level="INFO">${close_success} = True</msg>
<var>${close_success}</var>
<arg>Close Driver</arg>
<arg>${driver}</arg>
<doc>Runs the given keyword with given arguments and returns the status as a Boolean value.</doc>
<status status="PASS" start="2025-06-11T15:40:20.232647" elapsed="0.224656"/>
</kw>
<if>
<branch type="IF" condition="not ${close_success}">
<kw name="Log" owner="BuiltIn">
<arg>Warning: Impossible de fermer proprement le driver Appium</arg>
<doc>Logs the given message with the given level.</doc>
<status status="NOT RUN" start="2025-06-11T15:40:20.458304" elapsed="0.000000"/>
</kw>
<status status="NOT RUN" start="2025-06-11T15:40:20.457303" elapsed="0.001001"/>
</branch>
<status status="PASS" start="2025-06-11T15:40:20.457303" elapsed="0.001001"/>
</if>
<status status="PASS" start="2025-06-11T15:40:20.232647" elapsed="0.225657"/>
</branch>
<status status="PASS" start="2025-06-11T15:40:20.232647" elapsed="0.225657"/>
</if>
<status status="PASS" start="2025-06-11T15:40:20.231649" elapsed="0.226655"/>
</kw>
<doc>Tests for audio recording and playback functionality
- Verifies audio recording capabilities
- Verifies audio playback capabilities
- Supports both French and English interfaces</doc>
<status status="FAIL" start="2025-06-11T14:47:43.429942" elapsed="3157.028362"/>
</suite>
<statistics>
<total>
<stat pass="1" fail="2" skip="0">All Tests</stat>
</total>
<tag>
<stat pass="0" fail="2" skip="0">audio</stat>
<stat pass="0" fail="2" skip="0">playback</stat>
<stat pass="0" fail="2" skip="0">recording</stat>
</tag>
<suite>
<stat name="TestsAudio" id="s1" pass="1" fail="2" skip="0">TestsAudio</stat>
</suite>
</statistics>
<errors>
</errors>
</robot>
