<?xml version="1.0" encoding="UTF-8"?>
<robot generator="Robot 7.2.2 (Python 3.12.9 on linux)" generated="2025-03-26T10:17:06.006919" rpa="false" schemaversion="5">
<suite id="s1" name="FonctionnaliteBluetooth" source="/app/test_cases/FonctionnaliteBluetooth.robot">
<test id="s1-t1" name="Test Ouvrir Bluetooth" line="25">
<kw name="Setup Driver" owner="Integration">
<msg time="2025-03-26T10:17:14.587449" level="INFO">${driver} = &lt;appium.webdriver.webdriver.WebDriver (session="e2e61dca-0012-444a-a632-edec634cef05")&gt;</msg>
<var>${driver}</var>
<arg>${Device}</arg>
<doc>Initialise et retourne le driver Appium.</doc>
<status status="PASS" start="2025-03-26T10:17:06.243304" elapsed="8.344208"/>
</kw>
<kw name="Get System Language" owner="Integration">
<msg time="2025-03-26T10:17:14.691606" level="INFO">${lang} = fr</msg>
<var>${lang}</var>
<arg>${Device}</arg>
<status status="PASS" start="2025-03-26T10:17:14.587721" elapsed="0.103944"/>
</kw>
<if>
<branch type="IF" condition="'${lang}' == 'fr'">
<kw name="Set Variable" owner="BuiltIn">
<msg time="2025-03-26T10:17:14.692198" level="INFO">${System} = Système</msg>
<var>${System}</var>
<arg>Système</arg>
<doc>Returns the given values which can then be assigned to a variables.</doc>
<status status="PASS" start="2025-03-26T10:17:14.692062" elapsed="0.000158"/>
</kw>
<kw name="Set Variable" owner="BuiltIn">
<msg time="2025-03-26T10:17:14.692419" level="INFO">${Setting} = Paramètres</msg>
<var>${Setting}</var>
<arg>Paramètres</arg>
<doc>Returns the given values which can then be assigned to a variables.</doc>
<status status="PASS" start="2025-03-26T10:17:14.692299" elapsed="0.000139"/>
</kw>
<kw name="Set Variable" owner="BuiltIn">
<msg time="2025-03-26T10:17:14.692591" level="INFO">${apps} = Applis</msg>
<var>${apps}</var>
<arg>Applis</arg>
<doc>Returns the given values which can then be assigned to a variables.</doc>
<status status="PASS" start="2025-03-26T10:17:14.692512" elapsed="0.000093"/>
</kw>
<kw name="Set Variable" owner="BuiltIn">
<msg time="2025-03-26T10:17:14.692747" level="INFO">${Consulter_allapps} = Voir les</msg>
<var>${Consulter_allapps}</var>
<arg>Voir les</arg>
<doc>Returns the given values which can then be assigned to a variables.</doc>
<status status="PASS" start="2025-03-26T10:17:14.692673" elapsed="0.000088"/>
</kw>
<kw name="Set Variable" owner="BuiltIn">
<msg time="2025-03-26T10:17:14.692923" level="INFO">${DesButton} = Désinstaller</msg>
<var>${DesButton}</var>
<arg>Désinstaller</arg>
<doc>Returns the given values which can then be assigned to a variables.</doc>
<status status="PASS" start="2025-03-26T10:17:14.692821" elapsed="0.000120"/>
</kw>
<kw name="Set Variable" owner="BuiltIn">
<msg time="2025-03-26T10:17:14.693088" level="INFO">${confirme} = OK</msg>
<var>${confirme}</var>
<arg>OK</arg>
<doc>Returns the given values which can then be assigned to a variables.</doc>
<status status="PASS" start="2025-03-26T10:17:14.693010" elapsed="0.000093"/>
</kw>
<status status="PASS" start="2025-03-26T10:17:14.691825" elapsed="0.001300"/>
</branch>
<branch type="ELSE">
<kw name="Set Variable" owner="BuiltIn">
<var>${System}</var>
<arg>System</arg>
<doc>Returns the given values which can then be assigned to a variables.</doc>
<status status="NOT RUN" start="2025-03-26T10:17:14.693235" elapsed="0.000014"/>
</kw>
<kw name="Set Variable" owner="BuiltIn">
<var>${Setting}</var>
<arg>Settings</arg>
<doc>Returns the given values which can then be assigned to a variables.</doc>
<status status="NOT RUN" start="2025-03-26T10:17:14.693308" elapsed="0.000011"/>
</kw>
<kw name="Set Variable" owner="BuiltIn">
<var>${apps}</var>
<arg>Applis</arg>
<doc>Returns the given values which can then be assigned to a variables.</doc>
<status status="NOT RUN" start="2025-03-26T10:17:14.693459" elapsed="0.000017"/>
</kw>
<kw name="Set Variable" owner="BuiltIn">
<var>${Consulter_allapps}</var>
<arg>Voir les</arg>
<doc>Returns the given values which can then be assigned to a variables.</doc>
<status status="NOT RUN" start="2025-03-26T10:17:14.693545" elapsed="0.000011"/>
</kw>
<kw name="Set Variable" owner="BuiltIn">
<var>${DesButton}</var>
<arg>Désinstaller</arg>
<doc>Returns the given values which can then be assigned to a variables.</doc>
<status status="NOT RUN" start="2025-03-26T10:17:14.693611" elapsed="0.000010"/>
</kw>
<kw name="Set Variable" owner="BuiltIn">
<var>${confirme}</var>
<arg>OK</arg>
<doc>Returns the given values which can then be assigned to a variables.</doc>
<status status="NOT RUN" start="2025-03-26T10:17:14.693674" elapsed="0.000010"/>
</kw>
<status status="NOT RUN" start="2025-03-26T10:17:14.693159" elapsed="0.000543"/>
</branch>
<status status="PASS" start="2025-03-26T10:17:14.691774" elapsed="0.001945"/>
</if>
<kw name="Open Application With Click" owner="Integration">
<msg time="2025-03-26T10:17:38.493126" level="INFO">📌 Liste des applications détectées : ['Agenda', 'Audio Bluetooth', 'Crunchyroll', 'Google Assistant', 'Google\xa0Actualités', 'Home Assistant', 'Local Media Player', 'Maps', 'Paramètres', 'Play\xa0Store', 'Prime Video', 'SMS', 'Spotify', 'Téléphone', 'Vivaldi Browser']
📌 First Home Page détectée : ['Agenda', 'Audio Bluetooth', 'Crunchyroll', 'Google Assistant', 'Google\xa0Actualités', 'Home Assistant', 'Local Media Player', 'Maps', 'Paramètres', 'Play\xa0Store', 'Prime Video', 'SMS', 'Spotify', 'Téléphone', 'Vivaldi Browser']

📌 Liste des applications détectées : ['Agenda', 'Audio Bluetooth', 'Crunchyroll', 'Google Assistant', 'Google\xa0Actualités', 'Home Assistant', 'Local Media Player', 'Maps', 'Paramètres', 'Play\xa0Store', 'Prime Video', 'SMS', 'Spotify', 'Téléphone', 'Vivaldi Browser']
✅ Retour à la first home page !
111111111111111111111
2222222222222222

📌 Liste des applications détectées : ['Agenda', 'Audio Bluetooth', 'Crunchyroll', 'Google Assistant', 'Google\xa0Actualités', 'Home Assistant', 'Local Media Player', 'Maps', 'Paramètres', 'Play\xa0Store', 'Prime Video', 'SMS', 'Spotify', 'Téléphone', 'Vivaldi Browser']
3333333333333333333
884 414 1028 452</msg>
<msg time="2025-03-26T10:17:38.493279" level="INFO">${resultat} = True</msg>
<var>${resultat}</var>
<arg>${driver}</arg>
<arg>${Setting}</arg>
<status status="PASS" start="2025-03-26T10:17:14.693784" elapsed="23.799543"/>
</kw>
<kw name="Sleep" owner="BuiltIn">
<msg time="2025-03-26T10:17:40.493920" level="INFO">Slept 2 seconds.</msg>
<arg>2s</arg>
<doc>Pauses the test executed for the given time.</doc>
<status status="PASS" start="2025-03-26T10:17:38.493562" elapsed="2.000466"/>
</kw>
<kw name="Check Element Exists By Id" owner="Integration">
<msg time="2025-03-26T10:17:40.566613" level="INFO">${Verfier} = True</msg>
<var>${Verfier}</var>
<arg>${driver}</arg>
<arg>${Setting_xpath_id}</arg>
<doc>Vérifie si un élément existe en utilisant son ID.</doc>
<status status="PASS" start="2025-03-26T10:17:40.494181" elapsed="0.072476"/>
</kw>
<kw name="Should Be True" owner="BuiltIn">
<arg>${Verfier}</arg>
<arg>Setting n'est pas affiché.</arg>
<doc>Fails if the given condition is not true.</doc>
<status status="PASS" start="2025-03-26T10:17:40.566804" elapsed="0.000234"/>
</kw>
<kw name="Clique Sur Setting" owner="Integration">
<msg time="2025-03-26T10:18:03.593615" level="INFO">📌 Liste des applications détectées : ['Bluetooth', 'Réseau et Internet', 'Notifications', 'Son', 'Écran', 'Profils et comptes', 'Position', 'Utiliser le Bluetooth', 'Associer un nouvel appareil']
📌 First Home Page détectée : ['Bluetooth', 'Réseau et Internet', 'Notifications', 'Son', 'Écran', 'Profils et comptes', 'Position', 'Utiliser le Bluetooth', 'Associer un nouvel appareil']

📌 Liste des applications détectées : ['Bluetooth', 'Réseau et Internet', 'Notifications', 'Son', 'Écran', 'Profils et comptes', 'Position', 'Utiliser le Bluetooth', 'Associer un nouvel appareil']
✅ Retour à la first home page !
(0, 76, 550, 696)
###################################
(0, 76, 550, 696)

📌 Liste des settings détectés dans la zone : ['Bluetooth', 'Réseau et Internet', 'Notifications', 'Son', 'Écran', 'Profils et comptes', 'Position']
First Home Page détectée : ['Bluetooth', 'Réseau et Internet', 'Notifications', 'Son', 'Écran', 'Profils et comptes', 'Position']
 Bluetooth trouvé ! Appui sur le nom.</msg>
<arg>${driver}</arg>
<arg>Bluetooth</arg>
<arg>${Setting_menu}</arg>
<status status="PASS" start="2025-03-26T10:17:40.567136" elapsed="23.027099"/>
</kw>
<kw name="Element Existe Par Accessibility Id" owner="Integration">
<msg time="2025-03-26T10:18:04.138771" level="INFO">${ble} = True</msg>
<var>${ble}</var>
<arg>${driver}</arg>
<arg>Bluetooth toggle switch</arg>
<status status="PASS" start="2025-03-26T10:18:03.594398" elapsed="0.544414"/>
</kw>
<kw name="Should Be True" owner="BuiltIn">
<arg>${ble}</arg>
<arg>Les paramètres de Bluetooth ne s'affichent pas.</arg>
<doc>Fails if the given condition is not true.</doc>
<status status="PASS" start="2025-03-26T10:18:04.138949" elapsed="0.000184"/>
</kw>
<kw name="Activer Bluetooth Si Desactive" owner="Integration">
<msg time="2025-03-26T10:18:04.245970" level="INFO">✅ Le Bluetooth est déjà activé.</msg>
<arg>${driver}</arg>
<arg>android:id/switch_widget</arg>
<status status="PASS" start="2025-03-26T10:18:04.139218" elapsed="0.106830"/>
</kw>
<kw name="Sleep" owner="BuiltIn">
<msg time="2025-03-26T10:18:07.246624" level="INFO">Slept 3 seconds.</msg>
<arg>3s</arg>
<doc>Pauses the test executed for the given time.</doc>
<status status="PASS" start="2025-03-26T10:18:04.246183" elapsed="3.000702"/>
</kw>
<kw name="Verfier Bluetooth Activer" owner="Integration">
<msg time="2025-03-26T10:18:07.321165" level="INFO">${verifier_ble_ui} = True</msg>
<var>${verifier_ble_ui}</var>
<arg>${driver}</arg>
<arg>android:id/switch_widget</arg>
<status status="PASS" start="2025-03-26T10:18:07.247098" elapsed="0.074124"/>
</kw>
<kw name="Should Be True" owner="BuiltIn">
<arg>${verifier_ble_ui}</arg>
<arg>Le Bluetooth ne s'active pas (ui).</arg>
<doc>Fails if the given condition is not true.</doc>
<status status="PASS" start="2025-03-26T10:18:07.321414" elapsed="0.000307"/>
</kw>
<kw name="Est Bluetooth Active" owner="Integration">
<msg time="2025-03-26T10:18:07.373771" level="INFO">✅ Bluetooth est activé.</msg>
<msg time="2025-03-26T10:18:07.374016" level="INFO">${verfier_ble_adb} = True</msg>
<var>${verfier_ble_adb}</var>
<arg>${Device}</arg>
<status status="PASS" start="2025-03-26T10:18:07.321855" elapsed="0.052214"/>
</kw>
<kw name="Should Be True" owner="BuiltIn">
<arg>${verfier_ble_adb}</arg>
<arg>Le Bluetooth ne s'active pas (via adb).</arg>
<doc>Fails if the given condition is not true.</doc>
<status status="PASS" start="2025-03-26T10:18:07.374353" elapsed="0.000229"/>
</kw>
<doc>Ce test vérifie si le Bluetooth peut être activé sur l'appareil en accédant aux paramètres.  Il vérifie que l'élément Bluetooth est bien présent, puis tente de activer Bluetooth et de vérifier son statut.</doc>
<status status="PASS" start="2025-03-26T10:17:06.242251" elapsed="61.132440"/>
</test>
<test id="s1-t2" name="Test Pairing Bluetooth" line="61">
<kw name="Setup Driver" owner="Integration">
<msg time="2025-03-26T10:18:12.507067" level="INFO">${driver} = &lt;appium.webdriver.webdriver.WebDriver (session="c9b6d091-5ca6-4649-a8f1-0d2516b57e29")&gt;</msg>
<var>${driver}</var>
<arg>${Device}</arg>
<doc>Initialise et retourne le driver Appium.</doc>
<status status="PASS" start="2025-03-26T10:18:07.375163" elapsed="5.131942"/>
</kw>
<kw name="Get System Language" owner="Integration">
<msg time="2025-03-26T10:18:12.545154" level="INFO">${lang} = fr</msg>
<var>${lang}</var>
<arg>${Device}</arg>
<status status="PASS" start="2025-03-26T10:18:12.507258" elapsed="0.037962"/>
</kw>
<if>
<branch type="IF" condition="'${lang}' == 'fr'">
<kw name="Set Variable" owner="BuiltIn">
<msg time="2025-03-26T10:18:12.545811" level="INFO">${System} = Système</msg>
<var>${System}</var>
<arg>Système</arg>
<doc>Returns the given values which can then be assigned to a variables.</doc>
<status status="PASS" start="2025-03-26T10:18:12.545666" elapsed="0.000167"/>
</kw>
<kw name="Set Variable" owner="BuiltIn">
<msg time="2025-03-26T10:18:12.546106" level="INFO">${Setting} = Paramètres</msg>
<var>${Setting}</var>
<arg>Paramètres</arg>
<doc>Returns the given values which can then be assigned to a variables.</doc>
<status status="PASS" start="2025-03-26T10:18:12.545933" elapsed="0.000209"/>
</kw>
<kw name="Set Variable" owner="BuiltIn">
<msg time="2025-03-26T10:18:12.546414" level="INFO">${apps} = Applis</msg>
<var>${apps}</var>
<arg>Applis</arg>
<doc>Returns the given values which can then be assigned to a variables.</doc>
<status status="PASS" start="2025-03-26T10:18:12.546258" elapsed="0.000176"/>
</kw>
<kw name="Set Variable" owner="BuiltIn">
<msg time="2025-03-26T10:18:12.546666" level="INFO">${Consulter_allapps} = Voir les</msg>
<var>${Consulter_allapps}</var>
<arg>Voir les</arg>
<doc>Returns the given values which can then be assigned to a variables.</doc>
<status status="PASS" start="2025-03-26T10:18:12.546555" elapsed="0.000130"/>
</kw>
<kw name="Set Variable" owner="BuiltIn">
<msg time="2025-03-26T10:18:12.546870" level="INFO">${DesButton} = Désinstaller</msg>
<var>${DesButton}</var>
<arg>Désinstaller</arg>
<doc>Returns the given values which can then be assigned to a variables.</doc>
<status status="PASS" start="2025-03-26T10:18:12.546790" elapsed="0.000095"/>
</kw>
<kw name="Set Variable" owner="BuiltIn">
<msg time="2025-03-26T10:18:12.547013" level="INFO">${confirme} = OK</msg>
<var>${confirme}</var>
<arg>OK</arg>
<doc>Returns the given values which can then be assigned to a variables.</doc>
<status status="PASS" start="2025-03-26T10:18:12.546945" elapsed="0.000082"/>
</kw>
<kw name="Set Variable" owner="BuiltIn">
<msg time="2025-03-26T10:18:12.547152" level="INFO">${pairing} = Associer un nouvel appareil</msg>
<var>${pairing}</var>
<arg>Associer un nouvel appareil</arg>
<doc>Returns the given values which can then be assigned to a variables.</doc>
<status status="PASS" start="2025-03-26T10:18:12.547085" elapsed="0.000083"/>
</kw>
<kw name="Set Variable" owner="BuiltIn">
<msg time="2025-03-26T10:18:12.547409" level="INFO">${pairing_conf} = Associer</msg>
<var>${pairing_conf}</var>
<arg>Associer</arg>
<doc>Returns the given values which can then be assigned to a variables.</doc>
<status status="PASS" start="2025-03-26T10:18:12.547304" elapsed="0.000122"/>
</kw>
<kw name="Set Variable" owner="BuiltIn">
<msg time="2025-03-26T10:18:12.547568" level="INFO">${pairing_conf2} = Continuer</msg>
<var>${pairing_conf2}</var>
<arg>Continuer</arg>
<doc>Returns the given values which can then be assigned to a variables.</doc>
<status status="PASS" start="2025-03-26T10:18:12.547497" elapsed="0.000084"/>
</kw>
<status status="PASS" start="2025-03-26T10:18:12.545340" elapsed="0.002262"/>
</branch>
<branch type="ELSE">
<kw name="Set Variable" owner="BuiltIn">
<var>${System}</var>
<arg>System</arg>
<doc>Returns the given values which can then be assigned to a variables.</doc>
<status status="NOT RUN" start="2025-03-26T10:18:12.547691" elapsed="0.000020"/>
</kw>
<kw name="Set Variable" owner="BuiltIn">
<var>${Setting}</var>
<arg>Settings</arg>
<doc>Returns the given values which can then be assigned to a variables.</doc>
<status status="NOT RUN" start="2025-03-26T10:18:12.547789" elapsed="0.000013"/>
</kw>
<kw name="Set Variable" owner="BuiltIn">
<var>${apps}</var>
<arg>Applis</arg>
<doc>Returns the given values which can then be assigned to a variables.</doc>
<status status="NOT RUN" start="2025-03-26T10:18:12.547858" elapsed="0.000010"/>
</kw>
<kw name="Set Variable" owner="BuiltIn">
<var>${Consulter_allapps}</var>
<arg>Voir les</arg>
<doc>Returns the given values which can then be assigned to a variables.</doc>
<status status="NOT RUN" start="2025-03-26T10:18:12.547919" elapsed="0.000011"/>
</kw>
<kw name="Set Variable" owner="BuiltIn">
<var>${DesButton}</var>
<arg>Désinstaller</arg>
<doc>Returns the given values which can then be assigned to a variables.</doc>
<status status="NOT RUN" start="2025-03-26T10:18:12.547981" elapsed="0.000011"/>
</kw>
<kw name="Set Variable" owner="BuiltIn">
<var>${confirme}</var>
<arg>OK</arg>
<doc>Returns the given values which can then be assigned to a variables.</doc>
<status status="NOT RUN" start="2025-03-26T10:18:12.548044" elapsed="0.000010"/>
</kw>
<kw name="Set Variable" owner="BuiltIn">
<var>${pairing}</var>
<arg>Associer un nouvel appareil</arg>
<doc>Returns the given values which can then be assigned to a variables.</doc>
<status status="NOT RUN" start="2025-03-26T10:18:12.548105" elapsed="0.000012"/>
</kw>
<kw name="Set Variable" owner="BuiltIn">
<var>${pairing_conf}</var>
<arg>Associer</arg>
<doc>Returns the given values which can then be assigned to a variables.</doc>
<status status="NOT RUN" start="2025-03-26T10:18:12.548572" elapsed="0.000023"/>
</kw>
<kw name="Set Variable" owner="BuiltIn">
<var>${pairing_conf2}</var>
<arg>Continuer</arg>
<doc>Returns the given values which can then be assigned to a variables.</doc>
<status status="NOT RUN" start="2025-03-26T10:18:12.548660" elapsed="0.000012"/>
</kw>
<status status="NOT RUN" start="2025-03-26T10:18:12.547626" elapsed="0.001067"/>
</branch>
<status status="PASS" start="2025-03-26T10:18:12.545308" elapsed="0.003405"/>
</if>
<kw name="Setup Driver Mobile" owner="script_mobile">
<msg time="2025-03-26T10:18:25.744728" level="INFO">${driver_mobile} = &lt;appium.webdriver.webdriver.WebDriver (session="7de80b52-a36b-49cf-80d1-e3d03e06a1ac")&gt;</msg>
<var>${driver_mobile}</var>
<arg>${Device_mobile}</arg>
<doc>Initialise et retourne le driver Appium.</doc>
<status status="PASS" start="2025-03-26T10:18:12.548790" elapsed="13.195978"/>
</kw>
<kw name="Get Bluetooth Name" owner="script_mobile">
<msg time="2025-03-26T10:18:26.204229" level="INFO">${name_bluetooth_mobile} = sdk_gphone64_x86_64</msg>
<var>${name_bluetooth_mobile}</var>
<arg>${driver_mobile}</arg>
<doc>Récupère le nom de l'appareil Bluetooth via ADB.</doc>
<status status="PASS" start="2025-03-26T10:18:25.744940" elapsed="0.459330"/>
</kw>
<kw name="Log" owner="BuiltIn">
<msg time="2025-03-26T10:18:26.204843" level="INFO">sdk_gphone64_x86_64</msg>
<arg>${name_bluetooth_mobile}</arg>
<doc>Logs the given message with the given level.</doc>
<status status="PASS" start="2025-03-26T10:18:26.204459" elapsed="0.000424"/>
</kw>
<kw name="Press Key" owner="Integration">
<msg time="2025-03-26T10:18:26.943356" level="INFO">Keycode 176 pressé.</msg>
<arg>${driver_mobile}</arg>
<arg>176</arg>
<doc>Effectue un appui sur une touche spécifique via son keycode.</doc>
<status status="PASS" start="2025-03-26T10:18:26.205005" elapsed="0.738457"/>
</kw>
<kw name="Click Element By Text Att" owner="Integration">
<arg>${driver_mobile}</arg>
<arg>Bluetooth, pairing</arg>
<status status="PASS" start="2025-03-26T10:18:26.943645" elapsed="1.249942"/>
</kw>
<kw name="Sleep" owner="BuiltIn">
<msg time="2025-03-26T10:18:30.194185" level="INFO">Slept 2 seconds.</msg>
<arg>2s</arg>
<doc>Pauses the test executed for the given time.</doc>
<status status="PASS" start="2025-03-26T10:18:28.193765" elapsed="2.000565"/>
</kw>
<kw name="Click Element By Text Att" owner="Integration">
<arg>${driver}</arg>
<arg>${pairing}</arg>
<status status="PASS" start="2025-03-26T10:18:30.194518" elapsed="0.227493"/>
</kw>
<kw name="Click Element By Text Att" owner="Integration">
<arg>${driver}</arg>
<arg>${name_bluetooth_mobile}</arg>
<status status="PASS" start="2025-03-26T10:18:30.422296" elapsed="1.247810"/>
</kw>
<kw name="Sleep" owner="BuiltIn">
<msg time="2025-03-26T10:18:33.670700" level="INFO">Slept 2 seconds.</msg>
<arg>2s</arg>
<doc>Pauses the test executed for the given time.</doc>
<status status="PASS" start="2025-03-26T10:18:31.670267" elapsed="2.000572"/>
</kw>
<kw name="Click Element By Text Att" owner="Integration">
<arg>${driver_mobile}</arg>
<arg>Pair</arg>
<status status="PASS" start="2025-03-26T10:18:33.670999" elapsed="0.921029"/>
</kw>
<kw name="Click Element By Text Att" owner="Integration">
<arg>${driver}</arg>
<arg>${pairing_conf}</arg>
<status status="PASS" start="2025-03-26T10:18:34.592194" elapsed="0.224817"/>
</kw>
<kw name="Sleep" owner="BuiltIn">
<msg time="2025-03-26T10:18:36.817703" level="INFO">Slept 2 seconds.</msg>
<arg>2s</arg>
<doc>Pauses the test executed for the given time.</doc>
<status status="PASS" start="2025-03-26T10:18:34.817267" elapsed="2.000608"/>
</kw>
<kw name="Click Element By Text Att" owner="Integration">
<arg>${driver_mobile}</arg>
<arg>Allow</arg>
<status status="PASS" start="2025-03-26T10:18:36.818041" elapsed="2.211084"/>
</kw>
<kw name="Click Element By Text Att" owner="Integration">
<arg>${driver}</arg>
<arg>${pairing_conf2}</arg>
<status status="PASS" start="2025-03-26T10:18:39.029353" elapsed="1.895312"/>
</kw>
<kw name="Sleep" owner="BuiltIn">
<msg time="2025-03-26T10:18:42.925298" level="INFO">Slept 2 seconds.</msg>
<arg>2s</arg>
<doc>Pauses the test executed for the given time.</doc>
<status status="PASS" start="2025-03-26T10:18:40.924908" elapsed="2.000522"/>
</kw>
<kw name="Is Bluetooth Connected" owner="Integration">
<msg time="2025-03-26T10:18:43.072460" level="INFO">${verif_adb} = True</msg>
<var>${verif_adb}</var>
<arg>${driver}</arg>
<arg>${name_bluetooth_mobile}</arg>
<doc>Vérifie si un appareil Bluetooth spécifique est connecté.</doc>
<status status="PASS" start="2025-03-26T10:18:42.925582" elapsed="0.146919"/>
</kw>
<kw name="Should Be True" owner="BuiltIn">
<arg>${verif_adb}</arg>
<arg>Le Bluetooth n'est pas connecté (via ADB).</arg>
<doc>Fails if the given condition is not true.</doc>
<status status="PASS" start="2025-03-26T10:18:43.072651" elapsed="0.000177"/>
</kw>
<status status="PASS" start="2025-03-26T10:18:07.374887" elapsed="35.698034"/>
</test>
<test id="s1-t3" name="Test Fermer Bluetooth" line="118">
<kw name="Setup Driver" owner="Integration">
<msg time="2025-03-26T10:18:48.997575" level="INFO">${driver} = &lt;appium.webdriver.webdriver.WebDriver (session="a4df4ab0-717c-4e2c-a490-95e46edeccab")&gt;</msg>
<var>${driver}</var>
<arg>${Device}</arg>
<doc>Initialise et retourne le driver Appium.</doc>
<status status="PASS" start="2025-03-26T10:18:43.073724" elapsed="5.923897"/>
</kw>
<kw name="Get System Language" owner="Integration">
<msg time="2025-03-26T10:18:49.047258" level="INFO">${lang} = fr</msg>
<var>${lang}</var>
<arg>${Device}</arg>
<status status="PASS" start="2025-03-26T10:18:48.997770" elapsed="0.049533"/>
</kw>
<if>
<branch type="IF" condition="'${lang}' == 'fr'">
<kw name="Set Variable" owner="BuiltIn">
<msg time="2025-03-26T10:18:49.047776" level="INFO">${System} = Système</msg>
<var>${System}</var>
<arg>Système</arg>
<doc>Returns the given values which can then be assigned to a variables.</doc>
<status status="PASS" start="2025-03-26T10:18:49.047605" elapsed="0.000197"/>
</kw>
<kw name="Set Variable" owner="BuiltIn">
<msg time="2025-03-26T10:18:49.047985" level="INFO">${Setting} = Paramètres</msg>
<var>${Setting}</var>
<arg>Paramètres</arg>
<doc>Returns the given values which can then be assigned to a variables.</doc>
<status status="PASS" start="2025-03-26T10:18:49.047893" elapsed="0.000107"/>
</kw>
<kw name="Set Variable" owner="BuiltIn">
<msg time="2025-03-26T10:18:49.048139" level="INFO">${apps} = Applis</msg>
<var>${apps}</var>
<arg>Applis</arg>
<doc>Returns the given values which can then be assigned to a variables.</doc>
<status status="PASS" start="2025-03-26T10:18:49.048065" elapsed="0.000089"/>
</kw>
<kw name="Set Variable" owner="BuiltIn">
<msg time="2025-03-26T10:18:49.048285" level="INFO">${Consulter_allapps} = Voir les</msg>
<var>${Consulter_allapps}</var>
<arg>Voir les</arg>
<doc>Returns the given values which can then be assigned to a variables.</doc>
<status status="PASS" start="2025-03-26T10:18:49.048215" elapsed="0.000085"/>
</kw>
<kw name="Set Variable" owner="BuiltIn">
<msg time="2025-03-26T10:18:49.048427" level="INFO">${DesButton} = Désinstaller</msg>
<var>${DesButton}</var>
<arg>Désinstaller</arg>
<doc>Returns the given values which can then be assigned to a variables.</doc>
<status status="PASS" start="2025-03-26T10:18:49.048357" elapsed="0.000090"/>
</kw>
<kw name="Set Variable" owner="BuiltIn">
<msg time="2025-03-26T10:18:49.048574" level="INFO">${confirme} = OK</msg>
<var>${confirme}</var>
<arg>OK</arg>
<doc>Returns the given values which can then be assigned to a variables.</doc>
<status status="PASS" start="2025-03-26T10:18:49.048505" elapsed="0.000083"/>
</kw>
<status status="PASS" start="2025-03-26T10:18:49.047404" elapsed="0.001204"/>
</branch>
<branch type="ELSE">
<kw name="Set Variable" owner="BuiltIn">
<var>${System}</var>
<arg>System</arg>
<doc>Returns the given values which can then be assigned to a variables.</doc>
<status status="NOT RUN" start="2025-03-26T10:18:49.049043" elapsed="0.000021"/>
</kw>
<kw name="Set Variable" owner="BuiltIn">
<var>${Setting}</var>
<arg>Settings</arg>
<doc>Returns the given values which can then be assigned to a variables.</doc>
<status status="NOT RUN" start="2025-03-26T10:18:49.049147" elapsed="0.000013"/>
</kw>
<kw name="Set Variable" owner="BuiltIn">
<var>${apps}</var>
<arg>Applis</arg>
<doc>Returns the given values which can then be assigned to a variables.</doc>
<status status="NOT RUN" start="2025-03-26T10:18:49.049219" elapsed="0.000011"/>
</kw>
<kw name="Set Variable" owner="BuiltIn">
<var>${Consulter_allapps}</var>
<arg>Voir les</arg>
<doc>Returns the given values which can then be assigned to a variables.</doc>
<status status="NOT RUN" start="2025-03-26T10:18:49.049284" elapsed="0.000011"/>
</kw>
<kw name="Set Variable" owner="BuiltIn">
<var>${DesButton}</var>
<arg>Désinstaller</arg>
<doc>Returns the given values which can then be assigned to a variables.</doc>
<status status="NOT RUN" start="2025-03-26T10:18:49.049349" elapsed="0.000010"/>
</kw>
<kw name="Set Variable" owner="BuiltIn">
<var>${confirme}</var>
<arg>OK</arg>
<doc>Returns the given values which can then be assigned to a variables.</doc>
<status status="NOT RUN" start="2025-03-26T10:18:49.049416" elapsed="0.000010"/>
</kw>
<status status="NOT RUN" start="2025-03-26T10:18:49.048896" elapsed="0.000550"/>
</branch>
<status status="PASS" start="2025-03-26T10:18:49.047377" elapsed="0.002089"/>
</if>
<kw name="Open Application With Click" owner="Integration">
<msg time="2025-03-26T10:19:19.054457" level="INFO">Erreur lors de la récupération d'un élément : Message: Cached elements 'By.xpath: //*' do not exist in DOM anymore; For documentation on this error, please visit: https://www.selenium.dev/documentation/webdriver/troubleshooting/errors#stale-element-reference-exception
Stacktrace:
io.appium.uiautomator2.common.exceptions.StaleElementReferenceException: Cached elements 'By.xpath: //*' do not exist in DOM anymore
	at io.appium.uiautomator2.model.ElementsCache.restore(ElementsCache.java:78)
	at io.appium.uiautomator2.model.ElementsCache.get(ElementsCache.java:153)
	at io.appium.uiautomator2.handler.GetElementAttribute.safeHandle(GetElementAttribute.java:23)
	at io.appium.uiautomator2.handler.request.SafeRequestHandler.handle(SafeRequestHandler.java:59)
	at io.appium.uiautomator2.server.AppiumServlet.handleRequest(AppiumServlet.java:259)
	at io.appium.uiautomator2.server.AppiumServlet.handleHttpRequest(AppiumServlet.java:253)
	at io.appium.uiautomator2.http.ServerHandler.channelRead(ServerHandler.java:77)
	at io.netty.channel.AbstractChannelHandlerContext.invokeChannelRead(AbstractChannelHandlerContext.java:366)
	at io.netty.channel.AbstractChannelHandlerContext.invokeChannelRead(AbstractChannelHandlerContext.java:352)
	at io.netty.channel.AbstractChannelHandlerContext.fireChannelRead(AbstractChannelHandlerContext.java:345)
	at io.netty.handler.codec.MessageToMessageDecoder.channelRead(MessageToMessageDecoder.java:102)
	at io.netty.channel.AbstractChannelHandlerContext.invokeChannelRead(AbstractChannelHandlerContext.java:366)
	at io.netty.channel.AbstractChannelHandlerContext.invokeChannelRead(AbstractChannelHandlerContext.java:352)
	at io.netty.channel.AbstractChannelHandlerContext.fireChannelRead(AbstractChannelHandlerContext.java:345)
	at io.netty.channel.CombinedChannelDuplexHandler$DelegatingChannelHandlerContext.fireChannelRead(CombinedChannelDuplexHandler.java:435)
	at io.netty.handler.codec.ByteToMessageDecoder.fireChannelRead(ByteToMessageDecoder.java:293)
	at io.netty.handler.codec.ByteToMessageDecoder.channelRead(ByteToMessageDecoder.java:267)
	at io.netty.channel.CombinedChannelDuplexHandler.channelRead(CombinedChannelDuplexHandler.java:250)
	at io.netty.channel.AbstractChannelHandlerContext.invokeChannelRead(AbstractChannelHandlerContext.java:366)
	at io.netty.channel.AbstractChannelHandlerContext.invokeChannelRead(AbstractChannelHandlerContext.java:352)
	at io.netty.channel.AbstractChannelHandlerContext.fireChannelRead(AbstractChannelHandlerContext.java:345)
	at io.netty.handler.timeout.IdleStateHandler.channelRead(IdleStateHandler.java:266)
	at io.netty.channel.AbstractChannelHandlerContext.invokeChannelRead(AbstractChannelHandlerContext.java:366)
	at io.netty.channel.AbstractChannelHandlerContext.invokeChannelRead(AbstractChannelHandlerContext.java:352)
	at io.netty.channel.AbstractChannelHandlerContext.fireChannelRead(AbstractChannelHandlerContext.java:345)
	at io.netty.channel.DefaultChannelPipeline$HeadContext.channelRead(DefaultChannelPipeline.java:1294)
	at io.netty.channel.AbstractChannelHandlerContext.invokeChannelRead(AbstractChannelHandlerContext.java:366)
	at io.netty.channel.AbstractChannelHandlerContext.invokeChannelRead(AbstractChannelHandlerContext.java:352)
	at io.netty.channel.DefaultChannelPipeline.fireChannelRead(DefaultChannelPipeline.java:911)
	at io.netty.channel.nio.AbstractNioByteChannel$NioByteUnsafe.read(AbstractNioByteChannel.java:131)
	at io.netty.channel.nio.NioEventLoop.processSelectedKey(NioEventLoop.java:611)
	at io.netty.channel.nio.NioEventLoop.processSelectedKeysOptimized(NioEventLoop.java:552)
	at io.netty.channel.nio.NioEventLoop.processSelectedKeys(NioEventLoop.java:466)
	at io.netty.channel.nio.NioEventLoop.run(NioEventLoop.java:438)
	at io.netty.util.concurrent.SingleThreadEventExecutor$2.run(SingleThreadEventExecutor.java:140)
	at io.netty.util.concurrent.DefaultThreadFactory$DefaultRunnableDecorator.run(DefaultThreadFactory.java:144)
	at java.lang.Thread.run(Thread.java:1012)

Erreur lors de la récupération d'un élément : Message: Cached elements 'By.xpath: //*' do not exist in DOM anymore; For documentation on this error, please visit: https://www.selenium.dev/documentation/webdriver/troubleshooting/errors#stale-element-reference-exception
Stacktrace:
io.appium.uiautomator2.common.exceptions.StaleElementReferenceException: Cached elements 'By.xpath: //*' do not exist in DOM anymore
	at io.appium.uiautomator2.model.ElementsCache.restore(ElementsCache.java:78)
	at io.appium.uiautomator2.model.ElementsCache.get(ElementsCache.java:153)
	at io.appium.uiautomator2.handler.GetElementAttribute.safeHandle(GetElementAttribute.java:23)
	at io.appium.uiautomator2.handler.request.SafeRequestHandler.handle(SafeRequestHandler.java:59)
	at io.appium.uiautomator2.server.AppiumServlet.handleRequest(AppiumServlet.java:259)
	at io.appium.uiautomator2.server.AppiumServlet.handleHttpRequest(AppiumServlet.java:253)
	at io.appium.uiautomator2.http.ServerHandler.channelRead(ServerHandler.java:77)
	at io.netty.channel.AbstractChannelHandlerContext.invokeChannelRead(AbstractChannelHandlerContext.java:366)
	at io.netty.channel.AbstractChannelHandlerContext.invokeChannelRead(AbstractChannelHandlerContext.java:352)
	at io.netty.channel.AbstractChannelHandlerContext.fireChannelRead(AbstractChannelHandlerContext.java:345)
	at io.netty.handler.codec.MessageToMessageDecoder.channelRead(MessageToMessageDecoder.java:102)
	at io.netty.channel.AbstractChannelHandlerContext.invokeChannelRead(AbstractChannelHandlerContext.java:366)
	at io.netty.channel.AbstractChannelHandlerContext.invokeChannelRead(AbstractChannelHandlerContext.java:352)
	at io.netty.channel.AbstractChannelHandlerContext.fireChannelRead(AbstractChannelHandlerContext.java:345)
	at io.netty.channel.CombinedChannelDuplexHandler$DelegatingChannelHandlerContext.fireChannelRead(CombinedChannelDuplexHandler.java:435)
	at io.netty.handler.codec.ByteToMessageDecoder.fireChannelRead(ByteToMessageDecoder.java:293)
	at io.netty.handler.codec.ByteToMessageDecoder.channelRead(ByteToMessageDecoder.java:267)
	at io.netty.channel.CombinedChannelDuplexHandler.channelRead(CombinedChannelDuplexHandler.java:250)
	at io.netty.channel.AbstractChannelHandlerContext.invokeChannelRead(AbstractChannelHandlerContext.java:366)
	at io.netty.channel.AbstractChannelHandlerContext.invokeChannelRead(AbstractChannelHandlerContext.java:352)
	at io.netty.channel.AbstractChannelHandlerContext.fireChannelRead(AbstractChannelHandlerContext.java:345)
	at io.netty.handler.timeout.IdleStateHandler.channelRead(IdleStateHandler.java:266)
	at io.netty.channel.AbstractChannelHandlerContext.invokeChannelRead(AbstractChannelHandlerContext.java:366)
	at io.netty.channel.AbstractChannelHandlerContext.invokeChannelRead(AbstractChannelHandlerContext.java:352)
	at io.netty.channel.AbstractChannelHandlerContext.fireChannelRead(AbstractChannelHandlerContext.java:345)
	at io.netty.channel.DefaultChannelPipeline$HeadContext.channelRead(DefaultChannelPipeline.java:1294)
	at io.netty.channel.AbstractChannelHandlerContext.invokeChannelRead(AbstractChannelHandlerContext.java:366)
	at io.netty.channel.AbstractChannelHandlerContext.invokeChannelRead(AbstractChannelHandlerContext.java:352)
	at io.netty.channel.DefaultChannelPipeline.fireChannelRead(DefaultChannelPipeline.java:911)
	at io.netty.channel.nio.AbstractNioByteChannel$NioByteUnsafe.read(AbstractNioByteChannel.java:131)
	at io.netty.channel.nio.NioEventLoop.processSelectedKey(NioEventLoop.java:611)
	at io.netty.channel.nio.NioEventLoop.processSelectedKeysOptimized(NioEventLoop.java:552)
	at io.netty.channel.nio.NioEventLoop.processSelectedKeys(NioEventLoop.java:466)
	at io.netty.channel.nio.NioEventLoop.run(NioEventLoop.java:438)
	at io.netty.util.concurrent.SingleThreadEventExecutor$2.run(SingleThreadEventExecutor.java:140)
	at io.netty.util.concurrent.DefaultThreadFactory$DefaultRunnableDecorator.run(DefaultThreadFactory.java:144)
	at java.lang.Thread.run(Thread.java:1012)

Erreur lors de la récupération d'un élément : Message: Cached elements 'By.xpath: //*' do not exist in DOM anymore; For documentation on this error, please visit: https://www.selenium.dev/documentation/webdriver/troubleshooting/errors#stale-element-reference-exception
Stacktrace:
io.appium.uiautomator2.common.exceptions.StaleElementReferenceException: Cached elements 'By.xpath: //*' do not exist in DOM anymore
	at io.appium.uiautomator2.model.ElementsCache.restore(ElementsCache.java:78)
	at io.appium.uiautomator2.model.ElementsCache.get(ElementsCache.java:153)
	at io.appium.uiautomator2.handler.GetElementAttribute.safeHandle(GetElementAttribute.java:23)
	at io.appium.uiautomator2.handler.request.SafeRequestHandler.handle(SafeRequestHandler.java:59)
	at io.appium.uiautomator2.server.AppiumServlet.handleRequest(AppiumServlet.java:259)
	at io.appium.uiautomator2.server.AppiumServlet.handleHttpRequest(AppiumServlet.java:253)
	at io.appium.uiautomator2.http.ServerHandler.channelRead(ServerHandler.java:77)
	at io.netty.channel.AbstractChannelHandlerContext.invokeChannelRead(AbstractChannelHandlerContext.java:366)
	at io.netty.channel.AbstractChannelHandlerContext.invokeChannelRead(AbstractChannelHandlerContext.java:352)
	at io.netty.channel.AbstractChannelHandlerContext.fireChannelRead(AbstractChannelHandlerContext.java:345)
	at io.netty.handler.codec.MessageToMessageDecoder.channelRead(MessageToMessageDecoder.java:102)
	at io.netty.channel.AbstractChannelHandlerContext.invokeChannelRead(AbstractChannelHandlerContext.java:366)
	at io.netty.channel.AbstractChannelHandlerContext.invokeChannelRead(AbstractChannelHandlerContext.java:352)
	at io.netty.channel.AbstractChannelHandlerContext.fireChannelRead(AbstractChannelHandlerContext.java:345)
	at io.netty.channel.CombinedChannelDuplexHandler$DelegatingChannelHandlerContext.fireChannelRead(CombinedChannelDuplexHandler.java:435)
	at io.netty.handler.codec.ByteToMessageDecoder.fireChannelRead(ByteToMessageDecoder.java:293)
	at io.netty.handler.codec.ByteToMessageDecoder.channelRead(ByteToMessageDecoder.java:267)
	at io.netty.channel.CombinedChannelDuplexHandler.channelRead(CombinedChannelDuplexHandler.java:250)
	at io.netty.channel.AbstractChannelHandlerContext.invokeChannelRead(AbstractChannelHandlerContext.java:366)
	at io.netty.channel.AbstractChannelHandlerContext.invokeChannelRead(AbstractChannelHandlerContext.java:352)
	at io.netty.channel.AbstractChannelHandlerContext.fireChannelRead(AbstractChannelHandlerContext.java:345)
	at io.netty.handler.timeout.IdleStateHandler.channelRead(IdleStateHandler.java:266)
	at io.netty.channel.AbstractChannelHandlerContext.invokeChannelRead(AbstractChannelHandlerContext.java:366)
	at io.netty.channel.AbstractChannelHandlerContext.invokeChannelRead(AbstractChannelHandlerContext.java:352)
	at io.netty.channel.AbstractChannelHandlerContext.fireChannelRead(AbstractChannelHandlerContext.java:345)
	at io.netty.channel.DefaultChannelPipeline$HeadContext.channelRead(DefaultChannelPipeline.java:1294)
	at io.netty.channel.AbstractChannelHandlerContext.invokeChannelRead(AbstractChannelHandlerContext.java:366)
	at io.netty.channel.AbstractChannelHandlerContext.invokeChannelRead(AbstractChannelHandlerContext.java:352)
	at io.netty.channel.DefaultChannelPipeline.fireChannelRead(DefaultChannelPipeline.java:911)
	at io.netty.channel.nio.AbstractNioByteChannel$NioByteUnsafe.read(AbstractNioByteChannel.java:131)
	at io.netty.channel.nio.NioEventLoop.processSelectedKey(NioEventLoop.java:611)
	at io.netty.channel.nio.NioEventLoop.processSelectedKeysOptimized(NioEventLoop.java:552)
	at io.netty.channel.nio.NioEventLoop.processSelectedKeys(NioEventLoop.java:466)
	at io.netty.channel.nio.NioEventLoop.run(NioEventLoop.java:438)
	at io.netty.util.concurrent.SingleThreadEventExecutor$2.run(SingleThreadEventExecutor.java:140)
	at io.netty.util.concurrent.DefaultThreadFactory$DefaultRunnableDecorator.run(DefaultThreadFactory.java:144)
	at java.lang.Thread.run(Thread.java:1012)

Erreur lors de la récupération d'un élément : Message: Cached elements 'By.xpath: //*' do not exist in DOM anymore; For documentation on this error, please visit: https://www.selenium.dev/documentation/webdriver/troubleshooting/errors#stale-element-reference-exception
Stacktrace:
io.appium.uiautomator2.common.exceptions.StaleElementReferenceException: Cached elements 'By.xpath: //*' do not exist in DOM anymore
	at io.appium.uiautomator2.model.ElementsCache.restore(ElementsCache.java:78)
	at io.appium.uiautomator2.model.ElementsCache.get(ElementsCache.java:153)
	at io.appium.uiautomator2.handler.GetElementAttribute.safeHandle(GetElementAttribute.java:23)
	at io.appium.uiautomator2.handler.request.SafeRequestHandler.handle(SafeRequestHandler.java:59)
	at io.appium.uiautomator2.server.AppiumServlet.handleRequest(AppiumServlet.java:259)
	at io.appium.uiautomator2.server.AppiumServlet.handleHttpRequest(AppiumServlet.java:253)
	at io.appium.uiautomator2.http.ServerHandler.channelRead(ServerHandler.java:77)
	at io.netty.channel.AbstractChannelHandlerContext.invokeChannelRead(AbstractChannelHandlerContext.java:366)
	at io.netty.channel.AbstractChannelHandlerContext.invokeChannelRead(AbstractChannelHandlerContext.java:352)
	at io.netty.channel.AbstractChannelHandlerContext.fireChannelRead(AbstractChannelHandlerContext.java:345)
	at io.netty.handler.codec.MessageToMessageDecoder.channelRead(MessageToMessageDecoder.java:102)
	at io.netty.channel.AbstractChannelHandlerContext.invokeChannelRead(AbstractChannelHandlerContext.java:366)
	at io.netty.channel.AbstractChannelHandlerContext.invokeChannelRead(AbstractChannelHandlerContext.java:352)
	at io.netty.channel.AbstractChannelHandlerContext.fireChannelRead(AbstractChannelHandlerContext.java:345)
	at io.netty.channel.CombinedChannelDuplexHandler$DelegatingChannelHandlerContext.fireChannelRead(CombinedChannelDuplexHandler.java:435)
	at io.netty.handler.codec.ByteToMessageDecoder.fireChannelRead(ByteToMessageDecoder.java:293)
	at io.netty.handler.codec.ByteToMessageDecoder.channelRead(ByteToMessageDecoder.java:267)
	at io.netty.channel.CombinedChannelDuplexHandler.channelRead(CombinedChannelDuplexHandler.java:250)
	at io.netty.channel.AbstractChannelHandlerContext.invokeChannelRead(AbstractChannelHandlerContext.java:366)
	at io.netty.channel.AbstractChannelHandlerContext.invokeChannelRead(AbstractChannelHandlerContext.java:352)
	at io.netty.channel.AbstractChannelHandlerContext.fireChannelRead(AbstractChannelHandlerContext.java:345)
	at io.netty.handler.timeout.IdleStateHandler.channelRead(IdleStateHandler.java:266)
	at io.netty.channel.AbstractChannelHandlerContext.invokeChannelRead(AbstractChannelHandlerContext.java:366)
	at io.netty.channel.AbstractChannelHandlerContext.invokeChannelRead(AbstractChannelHandlerContext.java:352)
	at io.netty.channel.AbstractChannelHandlerContext.fireChannelRead(AbstractChannelHandlerContext.java:345)
	at io.netty.channel.DefaultChannelPipeline$HeadContext.channelRead(DefaultChannelPipeline.java:1294)
	at io.netty.channel.AbstractChannelHandlerContext.invokeChannelRead(AbstractChannelHandlerContext.java:366)
	at io.netty.channel.AbstractChannelHandlerContext.invokeChannelRead(AbstractChannelHandlerContext.java:352)
	at io.netty.channel.DefaultChannelPipeline.fireChannelRead(DefaultChannelPipeline.java:911)
	at io.netty.channel.nio.AbstractNioByteChannel$NioByteUnsafe.read(AbstractNioByteChannel.java:131)
	at io.netty.channel.nio.NioEventLoop.processSelectedKey(NioEventLoop.java:611)
	at io.netty.channel.nio.NioEventLoop.processSelectedKeysOptimized(NioEventLoop.java:552)
	at io.netty.channel.nio.NioEventLoop.processSelectedKeys(NioEventLoop.java:466)
	at io.netty.channel.nio.NioEventLoop.run(NioEventLoop.java:438)
	at io.netty.util.concurrent.SingleThreadEventExecutor$2.run(SingleThreadEventExecutor.java:140)
	at io.netty.util.concurrent.DefaultThreadFactory$DefaultRunnableDecorator.run(DefaultThreadFactory.java:144)
	at java.lang.Thread.run(Thread.java:1012)

Erreur lors de la récupération d'un élément : Message: Cached elements 'By.xpath: //*' do not exist in DOM anymore; For documentation on this error, please visit: https://www.selenium.dev/documentation/webdriver/troubleshooting/errors#stale-element-reference-exception
Stacktrace:
io.appium.uiautomator2.common.exceptions.StaleElementReferenceException: Cached elements 'By.xpath: //*' do not exist in DOM anymore
	at io.appium.uiautomator2.model.ElementsCache.restore(ElementsCache.java:78)
	at io.appium.uiautomator2.model.ElementsCache.get(ElementsCache.java:153)
	at io.appium.uiautomator2.handler.GetElementAttribute.safeHandle(GetElementAttribute.java:23)
	at io.appium.uiautomator2.handler.request.SafeRequestHandler.handle(SafeRequestHandler.java:59)
	at io.appium.uiautomator2.server.AppiumServlet.handleRequest(AppiumServlet.java:259)
	at io.appium.uiautomator2.server.AppiumServlet.handleHttpRequest(AppiumServlet.java:253)
	at io.appium.uiautomator2.http.ServerHandler.channelRead(ServerHandler.java:77)
	at io.netty.channel.AbstractChannelHandlerContext.invokeChannelRead(AbstractChannelHandlerContext.java:366)
	at io.netty.channel.AbstractChannelHandlerContext.invokeChannelRead(AbstractChannelHandlerContext.java:352)
	at io.netty.channel.AbstractChannelHandlerContext.fireChannelRead(AbstractChannelHandlerContext.java:345)
	at io.netty.handler.codec.MessageToMessageDecoder.channelRead(MessageToMessageDecoder.java:102)
	at io.netty.channel.AbstractChannelHandlerContext.invokeChannelRead(AbstractChannelHandlerContext.java:366)
	at io.netty.channel.AbstractChannelHandlerContext.invokeChannelRead(AbstractChannelHandlerContext.java:352)
	at io.netty.channel.AbstractChannelHandlerContext.fireChannelRead(AbstractChannelHandlerContext.java:345)
	at io.netty.channel.CombinedChannelDuplexHandler$DelegatingChannelHandlerContext.fireChannelRead(CombinedChannelDuplexHandler.java:435)
	at io.netty.handler.codec.ByteToMessageDecoder.fireChannelRead(ByteToMessageDecoder.java:293)
	at io.netty.handler.codec.ByteToMessageDecoder.channelRead(ByteToMessageDecoder.java:267)
	at io.netty.channel.CombinedChannelDuplexHandler.channelRead(CombinedChannelDuplexHandler.java:250)
	at io.netty.channel.AbstractChannelHandlerContext.invokeChannelRead(AbstractChannelHandlerContext.java:366)
	at io.netty.channel.AbstractChannelHandlerContext.invokeChannelRead(AbstractChannelHandlerContext.java:352)
	at io.netty.channel.AbstractChannelHandlerContext.fireChannelRead(AbstractChannelHandlerContext.java:345)
	at io.netty.handler.timeout.IdleStateHandler.channelRead(IdleStateHandler.java:266)
	at io.netty.channel.AbstractChannelHandlerContext.invokeChannelRead(AbstractChannelHandlerContext.java:366)
	at io.netty.channel.AbstractChannelHandlerContext.invokeChannelRead(AbstractChannelHandlerContext.java:352)
	at io.netty.channel.AbstractChannelHandlerContext.fireChannelRead(AbstractChannelHandlerContext.java:345)
	at io.netty.channel.DefaultChannelPipeline$HeadContext.channelRead(DefaultChannelPipeline.java:1294)
	at io.netty.channel.AbstractChannelHandlerContext.invokeChannelRead(AbstractChannelHandlerContext.java:366)
	at io.netty.channel.AbstractChannelHandlerContext.invokeChannelRead(AbstractChannelHandlerContext.java:352)
	at io.netty.channel.DefaultChannelPipeline.fireChannelRead(DefaultChannelPipeline.java:911)
	at io.netty.channel.nio.AbstractNioByteChannel$NioByteUnsafe.read(AbstractNioByteChannel.java:131)
	at io.netty.channel.nio.NioEventLoop.processSelectedKey(NioEventLoop.java:611)
	at io.netty.channel.nio.NioEventLoop.processSelectedKeysOptimized(NioEventLoop.java:552)
	at io.netty.channel.nio.NioEventLoop.processSelectedKeys(NioEventLoop.java:466)
	at io.netty.channel.nio.NioEventLoop.run(NioEventLoop.java:438)
	at io.netty.util.concurrent.SingleThreadEventExecutor$2.run(SingleThreadEventExecutor.java:140)
	at io.netty.util.concurrent.DefaultThreadFactory$DefaultRunnableDecorator.run(DefaultThreadFactory.java:144)
	at java.lang.Thread.run(Thread.java:1012)

Erreur lors de la récupération d'un élément : Message: Cached elements 'By.xpath: //*' do not exist in DOM anymore; For documentation on this error, please visit: https://www.selenium.dev/documentation/webdriver/troubleshooting/errors#stale-element-reference-exception
Stacktrace:
io.appium.uiautomator2.common.exceptions.StaleElementReferenceException: Cached elements 'By.xpath: //*' do not exist in DOM anymore
	at io.appium.uiautomator2.model.ElementsCache.restore(ElementsCache.java:78)
	at io.appium.uiautomator2.model.ElementsCache.get(ElementsCache.java:153)
	at io.appium.uiautomator2.handler.GetElementAttribute.safeHandle(GetElementAttribute.java:23)
	at io.appium.uiautomator2.handler.request.SafeRequestHandler.handle(SafeRequestHandler.java:59)
	at io.appium.uiautomator2.server.AppiumServlet.handleRequest(AppiumServlet.java:259)
	at io.appium.uiautomator2.server.AppiumServlet.handleHttpRequest(AppiumServlet.java:253)
	at io.appium.uiautomator2.http.ServerHandler.channelRead(ServerHandler.java:77)
	at io.netty.channel.AbstractChannelHandlerContext.invokeChannelRead(AbstractChannelHandlerContext.java:366)
	at io.netty.channel.AbstractChannelHandlerContext.invokeChannelRead(AbstractChannelHandlerContext.java:352)
	at io.netty.channel.AbstractChannelHandlerContext.fireChannelRead(AbstractChannelHandlerContext.java:345)
	at io.netty.handler.codec.MessageToMessageDecoder.channelRead(MessageToMessageDecoder.java:102)
	at io.netty.channel.AbstractChannelHandlerContext.invokeChannelRead(AbstractChannelHandlerContext.java:366)
	at io.netty.channel.AbstractChannelHandlerContext.invokeChannelRead(AbstractChannelHandlerContext.java:352)
	at io.netty.channel.AbstractChannelHandlerContext.fireChannelRead(AbstractChannelHandlerContext.java:345)
	at io.netty.channel.CombinedChannelDuplexHandler$DelegatingChannelHandlerContext.fireChannelRead(CombinedChannelDuplexHandler.java:435)
	at io.netty.handler.codec.ByteToMessageDecoder.fireChannelRead(ByteToMessageDecoder.java:293)
	at io.netty.handler.codec.ByteToMessageDecoder.channelRead(ByteToMessageDecoder.java:267)
	at io.netty.channel.CombinedChannelDuplexHandler.channelRead(CombinedChannelDuplexHandler.java:250)
	at io.netty.channel.AbstractChannelHandlerContext.invokeChannelRead(AbstractChannelHandlerContext.java:366)
	at io.netty.channel.AbstractChannelHandlerContext.invokeChannelRead(AbstractChannelHandlerContext.java:352)
	at io.netty.channel.AbstractChannelHandlerContext.fireChannelRead(AbstractChannelHandlerContext.java:345)
	at io.netty.handler.timeout.IdleStateHandler.channelRead(IdleStateHandler.java:266)
	at io.netty.channel.AbstractChannelHandlerContext.invokeChannelRead(AbstractChannelHandlerContext.java:366)
	at io.netty.channel.AbstractChannelHandlerContext.invokeChannelRead(AbstractChannelHandlerContext.java:352)
	at io.netty.channel.AbstractChannelHandlerContext.fireChannelRead(AbstractChannelHandlerContext.java:345)
	at io.netty.channel.DefaultChannelPipeline$HeadContext.channelRead(DefaultChannelPipeline.java:1294)
	at io.netty.channel.AbstractChannelHandlerContext.invokeChannelRead(AbstractChannelHandlerContext.java:366)
	at io.netty.channel.AbstractChannelHandlerContext.invokeChannelRead(AbstractChannelHandlerContext.java:352)
	at io.netty.channel.DefaultChannelPipeline.fireChannelRead(DefaultChannelPipeline.java:911)
	at io.netty.channel.nio.AbstractNioByteChannel$NioByteUnsafe.read(AbstractNioByteChannel.java:131)
	at io.netty.channel.nio.NioEventLoop.processSelectedKey(NioEventLoop.java:611)
	at io.netty.channel.nio.NioEventLoop.processSelectedKeysOptimized(NioEventLoop.java:552)
	at io.netty.channel.nio.NioEventLoop.processSelectedKeys(NioEventLoop.java:466)
	at io.netty.channel.nio.NioEventLoop.run(NioEventLoop.java:438)
	at io.netty.util.concurrent.SingleThreadEventExecutor$2.run(SingleThreadEventExecutor.java:140)
	at io.netty.util.concurrent.DefaultThreadFactory$DefaultRunnableDecorator.run(DefaultThreadFactory.java:144)
	at java.lang.Thread.run(Thread.java:1012)

Erreur lors de la récupération d'un élément : Message: Cached elements 'By.xpath: //*' do not exist in DOM anymore; For documentation on this error, please visit: https://www.selenium.dev/documentation/webdriver/troubleshooting/errors#stale-element-reference-exception
Stacktrace:
io.appium.uiautomator2.common.exceptions.StaleElementReferenceException: Cached elements 'By.xpath: //*' do not exist in DOM anymore
	at io.appium.uiautomator2.model.ElementsCache.restore(ElementsCache.java:78)
	at io.appium.uiautomator2.model.ElementsCache.get(ElementsCache.java:153)
	at io.appium.uiautomator2.handler.GetElementAttribute.safeHandle(GetElementAttribute.java:23)
	at io.appium.uiautomator2.handler.request.SafeRequestHandler.handle(SafeRequestHandler.java:59)
	at io.appium.uiautomator2.server.AppiumServlet.handleRequest(AppiumServlet.java:259)
	at io.appium.uiautomator2.server.AppiumServlet.handleHttpRequest(AppiumServlet.java:253)
	at io.appium.uiautomator2.http.ServerHandler.channelRead(ServerHandler.java:77)
	at io.netty.channel.AbstractChannelHandlerContext.invokeChannelRead(AbstractChannelHandlerContext.java:366)
	at io.netty.channel.AbstractChannelHandlerContext.invokeChannelRead(AbstractChannelHandlerContext.java:352)
	at io.netty.channel.AbstractChannelHandlerContext.fireChannelRead(AbstractChannelHandlerContext.java:345)
	at io.netty.handler.codec.MessageToMessageDecoder.channelRead(MessageToMessageDecoder.java:102)
	at io.netty.channel.AbstractChannelHandlerContext.invokeChannelRead(AbstractChannelHandlerContext.java:366)
	at io.netty.channel.AbstractChannelHandlerContext.invokeChannelRead(AbstractChannelHandlerContext.java:352)
	at io.netty.channel.AbstractChannelHandlerContext.fireChannelRead(AbstractChannelHandlerContext.java:345)
	at io.netty.channel.CombinedChannelDuplexHandler$DelegatingChannelHandlerContext.fireChannelRead(CombinedChannelDuplexHandler.java:435)
	at io.netty.handler.codec.ByteToMessageDecoder.fireChannelRead(ByteToMessageDecoder.java:293)
	at io.netty.handler.codec.ByteToMessageDecoder.channelRead(ByteToMessageDecoder.java:267)
	at io.netty.channel.CombinedChannelDuplexHandler.channelRead(CombinedChannelDuplexHandler.java:250)
	at io.netty.channel.AbstractChannelHandlerContext.invokeChannelRead(AbstractChannelHandlerContext.java:366)
	at io.netty.channel.AbstractChannelHandlerContext.invokeChannelRead(AbstractChannelHandlerContext.java:352)
	at io.netty.channel.AbstractChannelHandlerContext.fireChannelRead(AbstractChannelHandlerContext.java:345)
	at io.netty.handler.timeout.IdleStateHandler.channelRead(IdleStateHandler.java:266)
	at io.netty.channel.AbstractChannelHandlerContext.invokeChannelRead(AbstractChannelHandlerContext.java:366)
	at io.netty.channel.AbstractChannelHandlerContext.invokeChannelRead(AbstractChannelHandlerContext.java:352)
	at io.netty.channel.AbstractChannelHandlerContext.fireChannelRead(AbstractChannelHandlerContext.java:345)
	at io.netty.channel.DefaultChannelPipeline$HeadContext.channelRead(DefaultChannelPipeline.java:1294)
	at io.netty.channel.AbstractChannelHandlerContext.invokeChannelRead(AbstractChannelHandlerContext.java:366)
	at io.netty.channel.AbstractChannelHandlerContext.invokeChannelRead(AbstractChannelHandlerContext.java:352)
	at io.netty.channel.DefaultChannelPipeline.fireChannelRead(DefaultChannelPipeline.java:911)
	at io.netty.channel.nio.AbstractNioByteChannel$NioByteUnsafe.read(AbstractNioByteChannel.java:131)
	at io.netty.channel.nio.NioEventLoop.processSelectedKey(NioEventLoop.java:611)
	at io.netty.channel.nio.NioEventLoop.processSelectedKeysOptimized(NioEventLoop.java:552)
	at io.netty.channel.nio.NioEventLoop.processSelectedKeys(NioEventLoop.java:466)
	at io.netty.channel.nio.NioEventLoop.run(NioEventLoop.java:438)
	at io.netty.util.concurrent.SingleThreadEventExecutor$2.run(SingleThreadEventExecutor.java:140)
	at io.netty.util.concurrent.DefaultThreadFactory$DefaultRunnableDecorator.run(DefaultThreadFactory.java:144)
	at java.lang.Thread.run(Thread.java:1012)

Erreur lors de la récupération d'un élément : Message: Cached elements 'By.xpath: //*' do not exist in DOM anymore; For documentation on this error, please visit: https://www.selenium.dev/documentation/webdriver/troubleshooting/errors#stale-element-reference-exception
Stacktrace:
io.appium.uiautomator2.common.exceptions.StaleElementReferenceException: Cached elements 'By.xpath: //*' do not exist in DOM anymore
	at io.appium.uiautomator2.model.ElementsCache.restore(ElementsCache.java:78)
	at io.appium.uiautomator2.model.ElementsCache.get(ElementsCache.java:153)
	at io.appium.uiautomator2.handler.GetElementAttribute.safeHandle(GetElementAttribute.java:23)
	at io.appium.uiautomator2.handler.request.SafeRequestHandler.handle(SafeRequestHandler.java:59)
	at io.appium.uiautomator2.server.AppiumServlet.handleRequest(AppiumServlet.java:259)
	at io.appium.uiautomator2.server.AppiumServlet.handleHttpRequest(AppiumServlet.java:253)
	at io.appium.uiautomator2.http.ServerHandler.channelRead(ServerHandler.java:77)
	at io.netty.channel.AbstractChannelHandlerContext.invokeChannelRead(AbstractChannelHandlerContext.java:366)
	at io.netty.channel.AbstractChannelHandlerContext.invokeChannelRead(AbstractChannelHandlerContext.java:352)
	at io.netty.channel.AbstractChannelHandlerContext.fireChannelRead(AbstractChannelHandlerContext.java:345)
	at io.netty.handler.codec.MessageToMessageDecoder.channelRead(MessageToMessageDecoder.java:102)
	at io.netty.channel.AbstractChannelHandlerContext.invokeChannelRead(AbstractChannelHandlerContext.java:366)
	at io.netty.channel.AbstractChannelHandlerContext.invokeChannelRead(AbstractChannelHandlerContext.java:352)
	at io.netty.channel.AbstractChannelHandlerContext.fireChannelRead(AbstractChannelHandlerContext.java:345)
	at io.netty.channel.CombinedChannelDuplexHandler$DelegatingChannelHandlerContext.fireChannelRead(CombinedChannelDuplexHandler.java:435)
	at io.netty.handler.codec.ByteToMessageDecoder.fireChannelRead(ByteToMessageDecoder.java:293)
	at io.netty.handler.codec.ByteToMessageDecoder.channelRead(ByteToMessageDecoder.java:267)
	at io.netty.channel.CombinedChannelDuplexHandler.channelRead(CombinedChannelDuplexHandler.java:250)
	at io.netty.channel.AbstractChannelHandlerContext.invokeChannelRead(AbstractChannelHandlerContext.java:366)
	at io.netty.channel.AbstractChannelHandlerContext.invokeChannelRead(AbstractChannelHandlerContext.java:352)
	at io.netty.channel.AbstractChannelHandlerContext.fireChannelRead(AbstractChannelHandlerContext.java:345)
	at io.netty.handler.timeout.IdleStateHandler.channelRead(IdleStateHandler.java:266)
	at io.netty.channel.AbstractChannelHandlerContext.invokeChannelRead(AbstractChannelHandlerContext.java:366)
	at io.netty.channel.AbstractChannelHandlerContext.invokeChannelRead(AbstractChannelHandlerContext.java:352)
	at io.netty.channel.AbstractChannelHandlerContext.fireChannelRead(AbstractChannelHandlerContext.java:345)
	at io.netty.channel.DefaultChannelPipeline$HeadContext.channelRead(DefaultChannelPipeline.java:1294)
	at io.netty.channel.AbstractChannelHandlerContext.invokeChannelRead(AbstractChannelHandlerContext.java:366)
	at io.netty.channel.AbstractChannelHandlerContext.invokeChannelRead(AbstractChannelHandlerContext.java:352)
	at io.netty.channel.DefaultChannelPipeline.fireChannelRead(DefaultChannelPipeline.java:911)
	at io.netty.channel.nio.AbstractNioByteChannel$NioByteUnsafe.read(AbstractNioByteChannel.java:131)
	at io.netty.channel.nio.NioEventLoop.processSelectedKey(NioEventLoop.java:611)
	at io.netty.channel.nio.NioEventLoop.processSelectedKeysOptimized(NioEventLoop.java:552)
	at io.netty.channel.nio.NioEventLoop.processSelectedKeys(NioEventLoop.java:466)
	at io.netty.channel.nio.NioEventLoop.run(NioEventLoop.java:438)
	at io.netty.util.concurrent.SingleThreadEventExecutor$2.run(SingleThreadEventExecutor.java:140)
	at io.netty.util.concurrent.DefaultThreadFactory$DefaultRunnableDecorator.run(DefaultThreadFactory.java:144)
	at java.lang.Thread.run(Thread.java:1012)

Erreur lors de la récupération d'un élément : Message: Cached elements 'By.xpath: //*' do not exist in DOM anymore; For documentation on this error, please visit: https://www.selenium.dev/documentation/webdriver/troubleshooting/errors#stale-element-reference-exception
Stacktrace:
io.appium.uiautomator2.common.exceptions.StaleElementReferenceException: Cached elements 'By.xpath: //*' do not exist in DOM anymore
	at io.appium.uiautomator2.model.ElementsCache.restore(ElementsCache.java:78)
	at io.appium.uiautomator2.model.ElementsCache.get(ElementsCache.java:153)
	at io.appium.uiautomator2.handler.GetElementAttribute.safeHandle(GetElementAttribute.java:23)
	at io.appium.uiautomator2.handler.request.SafeRequestHandler.handle(SafeRequestHandler.java:59)
	at io.appium.uiautomator2.server.AppiumServlet.handleRequest(AppiumServlet.java:259)
	at io.appium.uiautomator2.server.AppiumServlet.handleHttpRequest(AppiumServlet.java:253)
	at io.appium.uiautomator2.http.ServerHandler.channelRead(ServerHandler.java:77)
	at io.netty.channel.AbstractChannelHandlerContext.invokeChannelRead(AbstractChannelHandlerContext.java:366)
	at io.netty.channel.AbstractChannelHandlerContext.invokeChannelRead(AbstractChannelHandlerContext.java:352)
	at io.netty.channel.AbstractChannelHandlerContext.fireChannelRead(AbstractChannelHandlerContext.java:345)
	at io.netty.handler.codec.MessageToMessageDecoder.channelRead(MessageToMessageDecoder.java:102)
	at io.netty.channel.AbstractChannelHandlerContext.invokeChannelRead(AbstractChannelHandlerContext.java:366)
	at io.netty.channel.AbstractChannelHandlerContext.invokeChannelRead(AbstractChannelHandlerContext.java:352)
	at io.netty.channel.AbstractChannelHandlerContext.fireChannelRead(AbstractChannelHandlerContext.java:345)
	at io.netty.channel.CombinedChannelDuplexHandler$DelegatingChannelHandlerContext.fireChannelRead(CombinedChannelDuplexHandler.java:435)
	at io.netty.handler.codec.ByteToMessageDecoder.fireChannelRead(ByteToMessageDecoder.java:293)
	at io.netty.handler.codec.ByteToMessageDecoder.channelRead(ByteToMessageDecoder.java:267)
	at io.netty.channel.CombinedChannelDuplexHandler.channelRead(CombinedChannelDuplexHandler.java:250)
	at io.netty.channel.AbstractChannelHandlerContext.invokeChannelRead(AbstractChannelHandlerContext.java:366)
	at io.netty.channel.AbstractChannelHandlerContext.invokeChannelRead(AbstractChannelHandlerContext.java:352)
	at io.netty.channel.AbstractChannelHandlerContext.fireChannelRead(AbstractChannelHandlerContext.java:345)
	at io.netty.handler.timeout.IdleStateHandler.channelRead(IdleStateHandler.java:266)
	at io.netty.channel.AbstractChannelHandlerContext.invokeChannelRead(AbstractChannelHandlerContext.java:366)
	at io.netty.channel.AbstractChannelHandlerContext.invokeChannelRead(AbstractChannelHandlerContext.java:352)
	at io.netty.channel.AbstractChannelHandlerContext.fireChannelRead(AbstractChannelHandlerContext.java:345)
	at io.netty.channel.DefaultChannelPipeline$HeadContext.channelRead(DefaultChannelPipeline.java:1294)
	at io.netty.channel.AbstractChannelHandlerContext.invokeChannelRead(AbstractChannelHandlerContext.java:366)
	at io.netty.channel.AbstractChannelHandlerContext.invokeChannelRead(AbstractChannelHandlerContext.java:352)
	at io.netty.channel.DefaultChannelPipeline.fireChannelRead(DefaultChannelPipeline.java:911)
	at io.netty.channel.nio.AbstractNioByteChannel$NioByteUnsafe.read(AbstractNioByteChannel.java:131)
	at io.netty.channel.nio.NioEventLoop.processSelectedKey(NioEventLoop.java:611)
	at io.netty.channel.nio.NioEventLoop.processSelectedKeysOptimized(NioEventLoop.java:552)
	at io.netty.channel.nio.NioEventLoop.processSelectedKeys(NioEventLoop.java:466)
	at io.netty.channel.nio.NioEventLoop.run(NioEventLoop.java:438)
	at io.netty.util.concurrent.SingleThreadEventExecutor$2.run(SingleThreadEventExecutor.java:140)
	at io.netty.util.concurrent.DefaultThreadFactory$DefaultRunnableDecorator.run(DefaultThreadFactory.java:144)
	at java.lang.Thread.run(Thread.java:1012)

Erreur lors de la récupération d'un élément : Message: Cached elements 'By.xpath: //*' do not exist in DOM anymore; For documentation on this error, please visit: https://www.selenium.dev/documentation/webdriver/troubleshooting/errors#stale-element-reference-exception
Stacktrace:
io.appium.uiautomator2.common.exceptions.StaleElementReferenceException: Cached elements 'By.xpath: //*' do not exist in DOM anymore
	at io.appium.uiautomator2.model.ElementsCache.restore(ElementsCache.java:78)
	at io.appium.uiautomator2.model.ElementsCache.get(ElementsCache.java:153)
	at io.appium.uiautomator2.handler.GetElementAttribute.safeHandle(GetElementAttribute.java:23)
	at io.appium.uiautomator2.handler.request.SafeRequestHandler.handle(SafeRequestHandler.java:59)
	at io.appium.uiautomator2.server.AppiumServlet.handleRequest(AppiumServlet.java:259)
	at io.appium.uiautomator2.server.AppiumServlet.handleHttpRequest(AppiumServlet.java:253)
	at io.appium.uiautomator2.http.ServerHandler.channelRead(ServerHandler.java:77)
	at io.netty.channel.AbstractChannelHandlerContext.invokeChannelRead(AbstractChannelHandlerContext.java:366)
	at io.netty.channel.AbstractChannelHandlerContext.invokeChannelRead(AbstractChannelHandlerContext.java:352)
	at io.netty.channel.AbstractChannelHandlerContext.fireChannelRead(AbstractChannelHandlerContext.java:345)
	at io.netty.handler.codec.MessageToMessageDecoder.channelRead(MessageToMessageDecoder.java:102)
	at io.netty.channel.AbstractChannelHandlerContext.invokeChannelRead(AbstractChannelHandlerContext.java:366)
	at io.netty.channel.AbstractChannelHandlerContext.invokeChannelRead(AbstractChannelHandlerContext.java:352)
	at io.netty.channel.AbstractChannelHandlerContext.fireChannelRead(AbstractChannelHandlerContext.java:345)
	at io.netty.channel.CombinedChannelDuplexHandler$DelegatingChannelHandlerContext.fireChannelRead(CombinedChannelDuplexHandler.java:435)
	at io.netty.handler.codec.ByteToMessageDecoder.fireChannelRead(ByteToMessageDecoder.java:293)
	at io.netty.handler.codec.ByteToMessageDecoder.channelRead(ByteToMessageDecoder.java:267)
	at io.netty.channel.CombinedChannelDuplexHandler.channelRead(CombinedChannelDuplexHandler.java:250)
	at io.netty.channel.AbstractChannelHandlerContext.invokeChannelRead(AbstractChannelHandlerContext.java:366)
	at io.netty.channel.AbstractChannelHandlerContext.invokeChannelRead(AbstractChannelHandlerContext.java:352)
	at io.netty.channel.AbstractChannelHandlerContext.fireChannelRead(AbstractChannelHandlerContext.java:345)
	at io.netty.handler.timeout.IdleStateHandler.channelRead(IdleStateHandler.java:266)
	at io.netty.channel.AbstractChannelHandlerContext.invokeChannelRead(AbstractChannelHandlerContext.java:366)
	at io.netty.channel.AbstractChannelHandlerContext.invokeChannelRead(AbstractChannelHandlerContext.java:352)
	at io.netty.channel.AbstractChannelHandlerContext.fireChannelRead(AbstractChannelHandlerContext.java:345)
	at io.netty.channel.DefaultChannelPipeline$HeadContext.channelRead(DefaultChannelPipeline.java:1294)
	at io.netty.channel.AbstractChannelHandlerContext.invokeChannelRead(AbstractChannelHandlerContext.java:366)
	at io.netty.channel.AbstractChannelHandlerContext.invokeChannelRead(AbstractChannelHandlerContext.java:352)
	at io.netty.channel.DefaultChannelPipeline.fireChannelRead(DefaultChannelPipeline.java:911)
	at io.netty.channel.nio.AbstractNioByteChannel$NioByteUnsafe.read(AbstractNioByteChannel.java:131)
	at io.netty.channel.nio.NioEventLoop.processSelectedKey(NioEventLoop.java:611)
	at io.netty.channel.nio.NioEventLoop.processSelectedKeysOptimized(NioEventLoop.java:552)
	at io.netty.channel.nio.NioEventLoop.processSelectedKeys(NioEventLoop.java:466)
	at io.netty.channel.nio.NioEventLoop.run(NioEventLoop.java:438)
	at io.netty.util.concurrent.SingleThreadEventExecutor$2.run(SingleThreadEventExecutor.java:140)
	at io.netty.util.concurrent.DefaultThreadFactory$DefaultRunnableDecorator.run(DefaultThreadFactory.java:144)
	at java.lang.Thread.run(Thread.java:1012)

Erreur lors de la récupération d'un élément : Message: Cached elements 'By.xpath: //*' do not exist in DOM anymore; For documentation on this error, please visit: https://www.selenium.dev/documentation/webdriver/troubleshooting/errors#stale-element-reference-exception
Stacktrace:
io.appium.uiautomator2.common.exceptions.StaleElementReferenceException: Cached elements 'By.xpath: //*' do not exist in DOM anymore
	at io.appium.uiautomator2.model.ElementsCache.restore(ElementsCache.java:78)
	at io.appium.uiautomator2.model.ElementsCache.get(ElementsCache.java:153)
	at io.appium.uiautomator2.handler.GetElementAttribute.safeHandle(GetElementAttribute.java:23)
	at io.appium.uiautomator2.handler.request.SafeRequestHandler.handle(SafeRequestHandler.java:59)
	at io.appium.uiautomator2.server.AppiumServlet.handleRequest(AppiumServlet.java:259)
	at io.appium.uiautomator2.server.AppiumServlet.handleHttpRequest(AppiumServlet.java:253)
	at io.appium.uiautomator2.http.ServerHandler.channelRead(ServerHandler.java:77)
	at io.netty.channel.AbstractChannelHandlerContext.invokeChannelRead(AbstractChannelHandlerContext.java:366)
	at io.netty.channel.AbstractChannelHandlerContext.invokeChannelRead(AbstractChannelHandlerContext.java:352)
	at io.netty.channel.AbstractChannelHandlerContext.fireChannelRead(AbstractChannelHandlerContext.java:345)
	at io.netty.handler.codec.MessageToMessageDecoder.channelRead(MessageToMessageDecoder.java:102)
	at io.netty.channel.AbstractChannelHandlerContext.invokeChannelRead(AbstractChannelHandlerContext.java:366)
	at io.netty.channel.AbstractChannelHandlerContext.invokeChannelRead(AbstractChannelHandlerContext.java:352)
	at io.netty.channel.AbstractChannelHandlerContext.fireChannelRead(AbstractChannelHandlerContext.java:345)
	at io.netty.channel.CombinedChannelDuplexHandler$DelegatingChannelHandlerContext.fireChannelRead(CombinedChannelDuplexHandler.java:435)
	at io.netty.handler.codec.ByteToMessageDecoder.fireChannelRead(ByteToMessageDecoder.java:293)
	at io.netty.handler.codec.ByteToMessageDecoder.channelRead(ByteToMessageDecoder.java:267)
	at io.netty.channel.CombinedChannelDuplexHandler.channelRead(CombinedChannelDuplexHandler.java:250)
	at io.netty.channel.AbstractChannelHandlerContext.invokeChannelRead(AbstractChannelHandlerContext.java:366)
	at io.netty.channel.AbstractChannelHandlerContext.invokeChannelRead(AbstractChannelHandlerContext.java:352)
	at io.netty.channel.AbstractChannelHandlerContext.fireChannelRead(AbstractChannelHandlerContext.java:345)
	at io.netty.handler.timeout.IdleStateHandler.channelRead(IdleStateHandler.java:266)
	at io.netty.channel.AbstractChannelHandlerContext.invokeChannelRead(AbstractChannelHandlerContext.java:366)
	at io.netty.channel.AbstractChannelHandlerContext.invokeChannelRead(AbstractChannelHandlerContext.java:352)
	at io.netty.channel.AbstractChannelHandlerContext.fireChannelRead(AbstractChannelHandlerContext.java:345)
	at io.netty.channel.DefaultChannelPipeline$HeadContext.channelRead(DefaultChannelPipeline.java:1294)
	at io.netty.channel.AbstractChannelHandlerContext.invokeChannelRead(AbstractChannelHandlerContext.java:366)
	at io.netty.channel.AbstractChannelHandlerContext.invokeChannelRead(AbstractChannelHandlerContext.java:352)
	at io.netty.channel.DefaultChannelPipeline.fireChannelRead(DefaultChannelPipeline.java:911)
	at io.netty.channel.nio.AbstractNioByteChannel$NioByteUnsafe.read(AbstractNioByteChannel.java:131)
	at io.netty.channel.nio.NioEventLoop.processSelectedKey(NioEventLoop.java:611)
	at io.netty.channel.nio.NioEventLoop.processSelectedKeysOptimized(NioEventLoop.java:552)
	at io.netty.channel.nio.NioEventLoop.processSelectedKeys(NioEventLoop.java:466)
	at io.netty.channel.nio.NioEventLoop.run(NioEventLoop.java:438)
	at io.netty.util.concurrent.SingleThreadEventExecutor$2.run(SingleThreadEventExecutor.java:140)
	at io.netty.util.concurrent.DefaultThreadFactory$DefaultRunnableDecorator.run(DefaultThreadFactory.java:144)
	at java.lang.Thread.run(Thread.java:1012)

Erreur lors de la récupération d'un élément : Message: Cached elements 'By.xpath: //*' do not exist in DOM anymore; For documentation on this error, please visit: https://www.selenium.dev/documentation/webdriver/troubleshooting/errors#stale-element-reference-exception
Stacktrace:
io.appium.uiautomator2.common.exceptions.StaleElementReferenceException: Cached elements 'By.xpath: //*' do not exist in DOM anymore
	at io.appium.uiautomator2.model.ElementsCache.restore(ElementsCache.java:78)
	at io.appium.uiautomator2.model.ElementsCache.get(ElementsCache.java:153)
	at io.appium.uiautomator2.handler.GetElementAttribute.safeHandle(GetElementAttribute.java:23)
	at io.appium.uiautomator2.handler.request.SafeRequestHandler.handle(SafeRequestHandler.java:59)
	at io.appium.uiautomator2.server.AppiumServlet.handleRequest(AppiumServlet.java:259)
	at io.appium.uiautomator2.server.AppiumServlet.handleHttpRequest(AppiumServlet.java:253)
	at io.appium.uiautomator2.http.ServerHandler.channelRead(ServerHandler.java:77)
	at io.netty.channel.AbstractChannelHandlerContext.invokeChannelRead(AbstractChannelHandlerContext.java:366)
	at io.netty.channel.AbstractChannelHandlerContext.invokeChannelRead(AbstractChannelHandlerContext.java:352)
	at io.netty.channel.AbstractChannelHandlerContext.fireChannelRead(AbstractChannelHandlerContext.java:345)
	at io.netty.handler.codec.MessageToMessageDecoder.channelRead(MessageToMessageDecoder.java:102)
	at io.netty.channel.AbstractChannelHandlerContext.invokeChannelRead(AbstractChannelHandlerContext.java:366)
	at io.netty.channel.AbstractChannelHandlerContext.invokeChannelRead(AbstractChannelHandlerContext.java:352)
	at io.netty.channel.AbstractChannelHandlerContext.fireChannelRead(AbstractChannelHandlerContext.java:345)
	at io.netty.channel.CombinedChannelDuplexHandler$DelegatingChannelHandlerContext.fireChannelRead(CombinedChannelDuplexHandler.java:435)
	at io.netty.handler.codec.ByteToMessageDecoder.fireChannelRead(ByteToMessageDecoder.java:293)
	at io.netty.handler.codec.ByteToMessageDecoder.channelRead(ByteToMessageDecoder.java:267)
	at io.netty.channel.CombinedChannelDuplexHandler.channelRead(CombinedChannelDuplexHandler.java:250)
	at io.netty.channel.AbstractChannelHandlerContext.invokeChannelRead(AbstractChannelHandlerContext.java:366)
	at io.netty.channel.AbstractChannelHandlerContext.invokeChannelRead(AbstractChannelHandlerContext.java:352)
	at io.netty.channel.AbstractChannelHandlerContext.fireChannelRead(AbstractChannelHandlerContext.java:345)
	at io.netty.handler.timeout.IdleStateHandler.channelRead(IdleStateHandler.java:266)
	at io.netty.channel.AbstractChannelHandlerContext.invokeChannelRead(AbstractChannelHandlerContext.java:366)
	at io.netty.channel.AbstractChannelHandlerContext.invokeChannelRead(AbstractChannelHandlerContext.java:352)
	at io.netty.channel.AbstractChannelHandlerContext.fireChannelRead(AbstractChannelHandlerContext.java:345)
	at io.netty.channel.DefaultChannelPipeline$HeadContext.channelRead(DefaultChannelPipeline.java:1294)
	at io.netty.channel.AbstractChannelHandlerContext.invokeChannelRead(AbstractChannelHandlerContext.java:366)
	at io.netty.channel.AbstractChannelHandlerContext.invokeChannelRead(AbstractChannelHandlerContext.java:352)
	at io.netty.channel.DefaultChannelPipeline.fireChannelRead(DefaultChannelPipeline.java:911)
	at io.netty.channel.nio.AbstractNioByteChannel$NioByteUnsafe.read(AbstractNioByteChannel.java:131)
	at io.netty.channel.nio.NioEventLoop.processSelectedKey(NioEventLoop.java:611)
	at io.netty.channel.nio.NioEventLoop.processSelectedKeysOptimized(NioEventLoop.java:552)
	at io.netty.channel.nio.NioEventLoop.processSelectedKeys(NioEventLoop.java:466)
	at io.netty.channel.nio.NioEventLoop.run(NioEventLoop.java:438)
	at io.netty.util.concurrent.SingleThreadEventExecutor$2.run(SingleThreadEventExecutor.java:140)
	at io.netty.util.concurrent.DefaultThreadFactory$DefaultRunnableDecorator.run(DefaultThreadFactory.java:144)
	at java.lang.Thread.run(Thread.java:1012)

Erreur lors de la récupération d'un élément : Message: Cached elements 'By.xpath: //*' do not exist in DOM anymore; For documentation on this error, please visit: https://www.selenium.dev/documentation/webdriver/troubleshooting/errors#stale-element-reference-exception
Stacktrace:
io.appium.uiautomator2.common.exceptions.StaleElementReferenceException: Cached elements 'By.xpath: //*' do not exist in DOM anymore
	at io.appium.uiautomator2.model.ElementsCache.restore(ElementsCache.java:78)
	at io.appium.uiautomator2.model.ElementsCache.get(ElementsCache.java:153)
	at io.appium.uiautomator2.handler.GetElementAttribute.safeHandle(GetElementAttribute.java:23)
	at io.appium.uiautomator2.handler.request.SafeRequestHandler.handle(SafeRequestHandler.java:59)
	at io.appium.uiautomator2.server.AppiumServlet.handleRequest(AppiumServlet.java:259)
	at io.appium.uiautomator2.server.AppiumServlet.handleHttpRequest(AppiumServlet.java:253)
	at io.appium.uiautomator2.http.ServerHandler.channelRead(ServerHandler.java:77)
	at io.netty.channel.AbstractChannelHandlerContext.invokeChannelRead(AbstractChannelHandlerContext.java:366)
	at io.netty.channel.AbstractChannelHandlerContext.invokeChannelRead(AbstractChannelHandlerContext.java:352)
	at io.netty.channel.AbstractChannelHandlerContext.fireChannelRead(AbstractChannelHandlerContext.java:345)
	at io.netty.handler.codec.MessageToMessageDecoder.channelRead(MessageToMessageDecoder.java:102)
	at io.netty.channel.AbstractChannelHandlerContext.invokeChannelRead(AbstractChannelHandlerContext.java:366)
	at io.netty.channel.AbstractChannelHandlerContext.invokeChannelRead(AbstractChannelHandlerContext.java:352)
	at io.netty.channel.AbstractChannelHandlerContext.fireChannelRead(AbstractChannelHandlerContext.java:345)
	at io.netty.channel.CombinedChannelDuplexHandler$DelegatingChannelHandlerContext.fireChannelRead(CombinedChannelDuplexHandler.java:435)
	at io.netty.handler.codec.ByteToMessageDecoder.fireChannelRead(ByteToMessageDecoder.java:293)
	at io.netty.handler.codec.ByteToMessageDecoder.channelRead(ByteToMessageDecoder.java:267)
	at io.netty.channel.CombinedChannelDuplexHandler.channelRead(CombinedChannelDuplexHandler.java:250)
	at io.netty.channel.AbstractChannelHandlerContext.invokeChannelRead(AbstractChannelHandlerContext.java:366)
	at io.netty.channel.AbstractChannelHandlerContext.invokeChannelRead(AbstractChannelHandlerContext.java:352)
	at io.netty.channel.AbstractChannelHandlerContext.fireChannelRead(AbstractChannelHandlerContext.java:345)
	at io.netty.handler.timeout.IdleStateHandler.channelRead(IdleStateHandler.java:266)
	at io.netty.channel.AbstractChannelHandlerContext.invokeChannelRead(AbstractChannelHandlerContext.java:366)
	at io.netty.channel.AbstractChannelHandlerContext.invokeChannelRead(AbstractChannelHandlerContext.java:352)
	at io.netty.channel.AbstractChannelHandlerContext.fireChannelRead(AbstractChannelHandlerContext.java:345)
	at io.netty.channel.DefaultChannelPipeline$HeadContext.channelRead(DefaultChannelPipeline.java:1294)
	at io.netty.channel.AbstractChannelHandlerContext.invokeChannelRead(AbstractChannelHandlerContext.java:366)
	at io.netty.channel.AbstractChannelHandlerContext.invokeChannelRead(AbstractChannelHandlerContext.java:352)
	at io.netty.channel.DefaultChannelPipeline.fireChannelRead(DefaultChannelPipeline.java:911)
	at io.netty.channel.nio.AbstractNioByteChannel$NioByteUnsafe.read(AbstractNioByteChannel.java:131)
	at io.netty.channel.nio.NioEventLoop.processSelectedKey(NioEventLoop.java:611)
	at io.netty.channel.nio.NioEventLoop.processSelectedKeysOptimized(NioEventLoop.java:552)
	at io.netty.channel.nio.NioEventLoop.processSelectedKeys(NioEventLoop.java:466)
	at io.netty.channel.nio.NioEventLoop.run(NioEventLoop.java:438)
	at io.netty.util.concurrent.SingleThreadEventExecutor$2.run(SingleThreadEventExecutor.java:140)
	at io.netty.util.concurrent.DefaultThreadFactory$DefaultRunnableDecorator.run(DefaultThreadFactory.java:144)
	at java.lang.Thread.run(Thread.java:1012)

Erreur lors de la récupération d'un élément : Message: Cached elements 'By.xpath: //*' do not exist in DOM anymore; For documentation on this error, please visit: https://www.selenium.dev/documentation/webdriver/troubleshooting/errors#stale-element-reference-exception
Stacktrace:
io.appium.uiautomator2.common.exceptions.StaleElementReferenceException: Cached elements 'By.xpath: //*' do not exist in DOM anymore
	at io.appium.uiautomator2.model.ElementsCache.restore(ElementsCache.java:78)
	at io.appium.uiautomator2.model.ElementsCache.get(ElementsCache.java:153)
	at io.appium.uiautomator2.handler.GetElementAttribute.safeHandle(GetElementAttribute.java:23)
	at io.appium.uiautomator2.handler.request.SafeRequestHandler.handle(SafeRequestHandler.java:59)
	at io.appium.uiautomator2.server.AppiumServlet.handleRequest(AppiumServlet.java:259)
	at io.appium.uiautomator2.server.AppiumServlet.handleHttpRequest(AppiumServlet.java:253)
	at io.appium.uiautomator2.http.ServerHandler.channelRead(ServerHandler.java:77)
	at io.netty.channel.AbstractChannelHandlerContext.invokeChannelRead(AbstractChannelHandlerContext.java:366)
	at io.netty.channel.AbstractChannelHandlerContext.invokeChannelRead(AbstractChannelHandlerContext.java:352)
	at io.netty.channel.AbstractChannelHandlerContext.fireChannelRead(AbstractChannelHandlerContext.java:345)
	at io.netty.handler.codec.MessageToMessageDecoder.channelRead(MessageToMessageDecoder.java:102)
	at io.netty.channel.AbstractChannelHandlerContext.invokeChannelRead(AbstractChannelHandlerContext.java:366)
[...]
	at io.netty.channel.AbstractChannelHandlerContext.fireChannelRead(AbstractChannelHandlerContext.java:345)
	at io.netty.channel.DefaultChannelPipeline$HeadContext.channelRead(DefaultChannelPipeline.java:1294)
	at io.netty.channel.AbstractChannelHandlerContext.invokeChannelRead(AbstractChannelHandlerContext.java:366)
	at io.netty.channel.AbstractChannelHandlerContext.invokeChannelRead(AbstractChannelHandlerContext.java:352)
	at io.netty.channel.DefaultChannelPipeline.fireChannelRead(DefaultChannelPipeline.java:911)
	at io.netty.channel.nio.AbstractNioByteChannel$NioByteUnsafe.read(AbstractNioByteChannel.java:131)
	at io.netty.channel.nio.NioEventLoop.processSelectedKey(NioEventLoop.java:611)
	at io.netty.channel.nio.NioEventLoop.processSelectedKeysOptimized(NioEventLoop.java:552)
	at io.netty.channel.nio.NioEventLoop.processSelectedKeys(NioEventLoop.java:466)
	at io.netty.channel.nio.NioEventLoop.run(NioEventLoop.java:438)
	at io.netty.util.concurrent.SingleThreadEventExecutor$2.run(SingleThreadEventExecutor.java:140)
	at io.netty.util.concurrent.DefaultThreadFactory$DefaultRunnableDecorator.run(DefaultThreadFactory.java:144)
	at java.lang.Thread.run(Thread.java:1012)

Erreur lors de la récupération d'un élément : Message: Cached elements 'By.xpath: //*' do not exist in DOM anymore; For documentation on this error, please visit: https://www.selenium.dev/documentation/webdriver/troubleshooting/errors#stale-element-reference-exception
Stacktrace:
io.appium.uiautomator2.common.exceptions.StaleElementReferenceException: Cached elements 'By.xpath: //*' do not exist in DOM anymore
	at io.appium.uiautomator2.model.ElementsCache.restore(ElementsCache.java:78)
	at io.appium.uiautomator2.model.ElementsCache.get(ElementsCache.java:153)
	at io.appium.uiautomator2.handler.GetElementAttribute.safeHandle(GetElementAttribute.java:23)
	at io.appium.uiautomator2.handler.request.SafeRequestHandler.handle(SafeRequestHandler.java:59)
	at io.appium.uiautomator2.server.AppiumServlet.handleRequest(AppiumServlet.java:259)
	at io.appium.uiautomator2.server.AppiumServlet.handleHttpRequest(AppiumServlet.java:253)
	at io.appium.uiautomator2.http.ServerHandler.channelRead(ServerHandler.java:77)
	at io.netty.channel.AbstractChannelHandlerContext.invokeChannelRead(AbstractChannelHandlerContext.java:366)
	at io.netty.channel.AbstractChannelHandlerContext.invokeChannelRead(AbstractChannelHandlerContext.java:352)
	at io.netty.channel.AbstractChannelHandlerContext.fireChannelRead(AbstractChannelHandlerContext.java:345)
	at io.netty.handler.codec.MessageToMessageDecoder.channelRead(MessageToMessageDecoder.java:102)
	at io.netty.channel.AbstractChannelHandlerContext.invokeChannelRead(AbstractChannelHandlerContext.java:366)
	at io.netty.channel.AbstractChannelHandlerContext.invokeChannelRead(AbstractChannelHandlerContext.java:352)
	at io.netty.channel.AbstractChannelHandlerContext.fireChannelRead(AbstractChannelHandlerContext.java:345)
	at io.netty.channel.CombinedChannelDuplexHandler$DelegatingChannelHandlerContext.fireChannelRead(CombinedChannelDuplexHandler.java:435)
	at io.netty.handler.codec.ByteToMessageDecoder.fireChannelRead(ByteToMessageDecoder.java:293)
	at io.netty.handler.codec.ByteToMessageDecoder.channelRead(ByteToMessageDecoder.java:267)
	at io.netty.channel.CombinedChannelDuplexHandler.channelRead(CombinedChannelDuplexHandler.java:250)
	at io.netty.channel.AbstractChannelHandlerContext.invokeChannelRead(AbstractChannelHandlerContext.java:366)
	at io.netty.channel.AbstractChannelHandlerContext.invokeChannelRead(AbstractChannelHandlerContext.java:352)
	at io.netty.channel.AbstractChannelHandlerContext.fireChannelRead(AbstractChannelHandlerContext.java:345)
	at io.netty.handler.timeout.IdleStateHandler.channelRead(IdleStateHandler.java:266)
	at io.netty.channel.AbstractChannelHandlerContext.invokeChannelRead(AbstractChannelHandlerContext.java:366)
	at io.netty.channel.AbstractChannelHandlerContext.invokeChannelRead(AbstractChannelHandlerContext.java:352)
	at io.netty.channel.AbstractChannelHandlerContext.fireChannelRead(AbstractChannelHandlerContext.java:345)
	at io.netty.channel.DefaultChannelPipeline$HeadContext.channelRead(DefaultChannelPipeline.java:1294)
	at io.netty.channel.AbstractChannelHandlerContext.invokeChannelRead(AbstractChannelHandlerContext.java:366)
	at io.netty.channel.AbstractChannelHandlerContext.invokeChannelRead(AbstractChannelHandlerContext.java:352)
	at io.netty.channel.DefaultChannelPipeline.fireChannelRead(DefaultChannelPipeline.java:911)
	at io.netty.channel.nio.AbstractNioByteChannel$NioByteUnsafe.read(AbstractNioByteChannel.java:131)
	at io.netty.channel.nio.NioEventLoop.processSelectedKey(NioEventLoop.java:611)
	at io.netty.channel.nio.NioEventLoop.processSelectedKeysOptimized(NioEventLoop.java:552)
	at io.netty.channel.nio.NioEventLoop.processSelectedKeys(NioEventLoop.java:466)
	at io.netty.channel.nio.NioEventLoop.run(NioEventLoop.java:438)
	at io.netty.util.concurrent.SingleThreadEventExecutor$2.run(SingleThreadEventExecutor.java:140)
	at io.netty.util.concurrent.DefaultThreadFactory$DefaultRunnableDecorator.run(DefaultThreadFactory.java:144)
	at java.lang.Thread.run(Thread.java:1012)

Erreur lors de la récupération d'un élément : Message: Cached elements 'By.xpath: //*' do not exist in DOM anymore; For documentation on this error, please visit: https://www.selenium.dev/documentation/webdriver/troubleshooting/errors#stale-element-reference-exception
Stacktrace:
io.appium.uiautomator2.common.exceptions.StaleElementReferenceException: Cached elements 'By.xpath: //*' do not exist in DOM anymore
	at io.appium.uiautomator2.model.ElementsCache.restore(ElementsCache.java:78)
	at io.appium.uiautomator2.model.ElementsCache.get(ElementsCache.java:153)
	at io.appium.uiautomator2.handler.GetElementAttribute.safeHandle(GetElementAttribute.java:23)
	at io.appium.uiautomator2.handler.request.SafeRequestHandler.handle(SafeRequestHandler.java:59)
	at io.appium.uiautomator2.server.AppiumServlet.handleRequest(AppiumServlet.java:259)
	at io.appium.uiautomator2.server.AppiumServlet.handleHttpRequest(AppiumServlet.java:253)
	at io.appium.uiautomator2.http.ServerHandler.channelRead(ServerHandler.java:77)
	at io.netty.channel.AbstractChannelHandlerContext.invokeChannelRead(AbstractChannelHandlerContext.java:366)
	at io.netty.channel.AbstractChannelHandlerContext.invokeChannelRead(AbstractChannelHandlerContext.java:352)
	at io.netty.channel.AbstractChannelHandlerContext.fireChannelRead(AbstractChannelHandlerContext.java:345)
	at io.netty.handler.codec.MessageToMessageDecoder.channelRead(MessageToMessageDecoder.java:102)
	at io.netty.channel.AbstractChannelHandlerContext.invokeChannelRead(AbstractChannelHandlerContext.java:366)
	at io.netty.channel.AbstractChannelHandlerContext.invokeChannelRead(AbstractChannelHandlerContext.java:352)
	at io.netty.channel.AbstractChannelHandlerContext.fireChannelRead(AbstractChannelHandlerContext.java:345)
	at io.netty.channel.CombinedChannelDuplexHandler$DelegatingChannelHandlerContext.fireChannelRead(CombinedChannelDuplexHandler.java:435)
	at io.netty.handler.codec.ByteToMessageDecoder.fireChannelRead(ByteToMessageDecoder.java:293)
	at io.netty.handler.codec.ByteToMessageDecoder.channelRead(ByteToMessageDecoder.java:267)
	at io.netty.channel.CombinedChannelDuplexHandler.channelRead(CombinedChannelDuplexHandler.java:250)
	at io.netty.channel.AbstractChannelHandlerContext.invokeChannelRead(AbstractChannelHandlerContext.java:366)
	at io.netty.channel.AbstractChannelHandlerContext.invokeChannelRead(AbstractChannelHandlerContext.java:352)
	at io.netty.channel.AbstractChannelHandlerContext.fireChannelRead(AbstractChannelHandlerContext.java:345)
	at io.netty.handler.timeout.IdleStateHandler.channelRead(IdleStateHandler.java:266)
	at io.netty.channel.AbstractChannelHandlerContext.invokeChannelRead(AbstractChannelHandlerContext.java:366)
	at io.netty.channel.AbstractChannelHandlerContext.invokeChannelRead(AbstractChannelHandlerContext.java:352)
	at io.netty.channel.AbstractChannelHandlerContext.fireChannelRead(AbstractChannelHandlerContext.java:345)
	at io.netty.channel.DefaultChannelPipeline$HeadContext.channelRead(DefaultChannelPipeline.java:1294)
	at io.netty.channel.AbstractChannelHandlerContext.invokeChannelRead(AbstractChannelHandlerContext.java:366)
	at io.netty.channel.AbstractChannelHandlerContext.invokeChannelRead(AbstractChannelHandlerContext.java:352)
	at io.netty.channel.DefaultChannelPipeline.fireChannelRead(DefaultChannelPipeline.java:911)
	at io.netty.channel.nio.AbstractNioByteChannel$NioByteUnsafe.read(AbstractNioByteChannel.java:131)
	at io.netty.channel.nio.NioEventLoop.processSelectedKey(NioEventLoop.java:611)
	at io.netty.channel.nio.NioEventLoop.processSelectedKeysOptimized(NioEventLoop.java:552)
	at io.netty.channel.nio.NioEventLoop.processSelectedKeys(NioEventLoop.java:466)
	at io.netty.channel.nio.NioEventLoop.run(NioEventLoop.java:438)
	at io.netty.util.concurrent.SingleThreadEventExecutor$2.run(SingleThreadEventExecutor.java:140)
	at io.netty.util.concurrent.DefaultThreadFactory$DefaultRunnableDecorator.run(DefaultThreadFactory.java:144)
	at java.lang.Thread.run(Thread.java:1012)

Erreur lors de la récupération d'un élément : Message: Cached elements 'By.xpath: //*' do not exist in DOM anymore; For documentation on this error, please visit: https://www.selenium.dev/documentation/webdriver/troubleshooting/errors#stale-element-reference-exception
Stacktrace:
io.appium.uiautomator2.common.exceptions.StaleElementReferenceException: Cached elements 'By.xpath: //*' do not exist in DOM anymore
	at io.appium.uiautomator2.model.ElementsCache.restore(ElementsCache.java:78)
	at io.appium.uiautomator2.model.ElementsCache.get(ElementsCache.java:153)
	at io.appium.uiautomator2.handler.GetElementAttribute.safeHandle(GetElementAttribute.java:23)
	at io.appium.uiautomator2.handler.request.SafeRequestHandler.handle(SafeRequestHandler.java:59)
	at io.appium.uiautomator2.server.AppiumServlet.handleRequest(AppiumServlet.java:259)
	at io.appium.uiautomator2.server.AppiumServlet.handleHttpRequest(AppiumServlet.java:253)
	at io.appium.uiautomator2.http.ServerHandler.channelRead(ServerHandler.java:77)
	at io.netty.channel.AbstractChannelHandlerContext.invokeChannelRead(AbstractChannelHandlerContext.java:366)
	at io.netty.channel.AbstractChannelHandlerContext.invokeChannelRead(AbstractChannelHandlerContext.java:352)
	at io.netty.channel.AbstractChannelHandlerContext.fireChannelRead(AbstractChannelHandlerContext.java:345)
	at io.netty.handler.codec.MessageToMessageDecoder.channelRead(MessageToMessageDecoder.java:102)
	at io.netty.channel.AbstractChannelHandlerContext.invokeChannelRead(AbstractChannelHandlerContext.java:366)
	at io.netty.channel.AbstractChannelHandlerContext.invokeChannelRead(AbstractChannelHandlerContext.java:352)
	at io.netty.channel.AbstractChannelHandlerContext.fireChannelRead(AbstractChannelHandlerContext.java:345)
	at io.netty.channel.CombinedChannelDuplexHandler$DelegatingChannelHandlerContext.fireChannelRead(CombinedChannelDuplexHandler.java:435)
	at io.netty.handler.codec.ByteToMessageDecoder.fireChannelRead(ByteToMessageDecoder.java:293)
	at io.netty.handler.codec.ByteToMessageDecoder.channelRead(ByteToMessageDecoder.java:267)
	at io.netty.channel.CombinedChannelDuplexHandler.channelRead(CombinedChannelDuplexHandler.java:250)
	at io.netty.channel.AbstractChannelHandlerContext.invokeChannelRead(AbstractChannelHandlerContext.java:366)
	at io.netty.channel.AbstractChannelHandlerContext.invokeChannelRead(AbstractChannelHandlerContext.java:352)
	at io.netty.channel.AbstractChannelHandlerContext.fireChannelRead(AbstractChannelHandlerContext.java:345)
	at io.netty.handler.timeout.IdleStateHandler.channelRead(IdleStateHandler.java:266)
	at io.netty.channel.AbstractChannelHandlerContext.invokeChannelRead(AbstractChannelHandlerContext.java:366)
	at io.netty.channel.AbstractChannelHandlerContext.invokeChannelRead(AbstractChannelHandlerContext.java:352)
	at io.netty.channel.AbstractChannelHandlerContext.fireChannelRead(AbstractChannelHandlerContext.java:345)
	at io.netty.channel.DefaultChannelPipeline$HeadContext.channelRead(DefaultChannelPipeline.java:1294)
	at io.netty.channel.AbstractChannelHandlerContext.invokeChannelRead(AbstractChannelHandlerContext.java:366)
	at io.netty.channel.AbstractChannelHandlerContext.invokeChannelRead(AbstractChannelHandlerContext.java:352)
	at io.netty.channel.DefaultChannelPipeline.fireChannelRead(DefaultChannelPipeline.java:911)
	at io.netty.channel.nio.AbstractNioByteChannel$NioByteUnsafe.read(AbstractNioByteChannel.java:131)
	at io.netty.channel.nio.NioEventLoop.processSelectedKey(NioEventLoop.java:611)
	at io.netty.channel.nio.NioEventLoop.processSelectedKeysOptimized(NioEventLoop.java:552)
	at io.netty.channel.nio.NioEventLoop.processSelectedKeys(NioEventLoop.java:466)
	at io.netty.channel.nio.NioEventLoop.run(NioEventLoop.java:438)
	at io.netty.util.concurrent.SingleThreadEventExecutor$2.run(SingleThreadEventExecutor.java:140)
	at io.netty.util.concurrent.DefaultThreadFactory$DefaultRunnableDecorator.run(DefaultThreadFactory.java:144)
	at java.lang.Thread.run(Thread.java:1012)


📌 Liste des applications détectées : []
📌 First Home Page détectée : []

📌 Liste des applications détectées : ['Agenda', 'Audio Bluetooth', 'Crunchyroll', 'Google Assistant', 'Google\xa0Actualités', 'Home Assistant', 'Local Media Player', 'Maps', 'Paramètres', 'Play\xa0Store', 'Prime Video', 'SMS', 'Spotify', 'Téléphone', 'Vivaldi Browser']
🔄 Swipe en cours...

📌 Liste des applications détectées : ['Agenda', 'Audio Bluetooth', 'Crunchyroll', 'Google Assistant', 'Google\xa0Actualités', 'Home Assistant', 'Local Media Player', 'Maps', 'Paramètres', 'Play\xa0Store', 'Prime Video', 'SMS', 'Spotify', 'Téléphone', 'Vivaldi Browser']
✅ Retour à la first home page !
111111111111111111111
2222222222222222

📌 Liste des applications détectées : ['Agenda', 'Audio Bluetooth', 'Crunchyroll', 'Google Assistant', 'Google\xa0Actualités', 'Home Assistant', 'Local Media Player', 'Maps', 'Paramètres', 'Play\xa0Store', 'Prime Video', 'SMS', 'Spotify', 'Téléphone', 'Vivaldi Browser']
3333333333333333333
884 414 1028 452</msg>
<msg time="2025-03-26T10:19:19.056170" level="INFO">${resultat} = True</msg>
<var>${resultat}</var>
<arg>${driver}</arg>
<arg>${Setting}</arg>
<status status="PASS" start="2025-03-26T10:18:49.049540" elapsed="30.006658"/>
</kw>
<kw name="Sleep" owner="BuiltIn">
<msg time="2025-03-26T10:19:21.056696" level="INFO">Slept 2 seconds.</msg>
<arg>2s</arg>
<doc>Pauses the test executed for the given time.</doc>
<status status="PASS" start="2025-03-26T10:19:19.056341" elapsed="2.000478"/>
</kw>
<kw name="Check Element Exists By Id" owner="Integration">
<msg time="2025-03-26T10:19:21.117637" level="INFO">${Verfier} = True</msg>
<var>${Verfier}</var>
<arg>${driver}</arg>
<arg>${Setting_xpath_id}</arg>
<doc>Vérifie si un élément existe en utilisant son ID.</doc>
<status status="PASS" start="2025-03-26T10:19:21.056975" elapsed="0.060700"/>
</kw>
<kw name="Should Be True" owner="BuiltIn">
<arg>${Verfier}</arg>
<arg>Setting n'est pas affiché.</arg>
<doc>Fails if the given condition is not true.</doc>
<status status="PASS" start="2025-03-26T10:19:21.117842" elapsed="0.000193"/>
</kw>
<kw name="Clique Sur Setting" owner="Integration">
<msg time="2025-03-26T10:19:47.748265" level="INFO">📌 Liste des applications détectées : ['Bluetooth', 'Réseau et Internet', 'Notifications', 'Son', 'Écran', 'Profils et comptes', 'Position', 'Utiliser le Bluetooth', 'Appareils associés', 'sdk_gphone64_x86_64', 'Associer un nouvel appareil']
📌 First Home Page détectée : ['Bluetooth', 'Réseau et Internet', 'Notifications', 'Son', 'Écran', 'Profils et comptes', 'Position', 'Utiliser le Bluetooth', 'Appareils associés', 'sdk_gphone64_x86_64', 'Associer un nouvel appareil']

📌 Liste des applications détectées : ['Bluetooth', 'Réseau et Internet', 'Notifications', 'Son', 'Écran', 'Profils et comptes', 'Position', 'Utiliser le Bluetooth', 'Appareils associés', 'sdk_gphone64_x86_64', 'Associer un nouvel appareil']
✅ Retour à la first home page !
(0, 76, 550, 696)
###################################
(0, 76, 550, 696)

📌 Liste des settings détectés dans la zone : ['Bluetooth', 'Réseau et Internet', 'Notifications', 'Son', 'Écran', 'Profils et comptes', 'Position']
First Home Page détectée : ['Bluetooth', 'Réseau et Internet', 'Notifications', 'Son', 'Écran', 'Profils et comptes', 'Position']
 Bluetooth trouvé ! Appui sur le nom.</msg>
<arg>${driver}</arg>
<arg>Bluetooth</arg>
<arg>${Setting_menu}</arg>
<status status="PASS" start="2025-03-26T10:19:21.118124" elapsed="26.630262"/>
</kw>
<kw name="Element Existe Par Accessibility Id" owner="Integration">
<msg time="2025-03-26T10:19:47.803155" level="INFO">${ble} = True</msg>
<var>${ble}</var>
<arg>${driver}</arg>
<arg>Bluetooth toggle switch</arg>
<status status="PASS" start="2025-03-26T10:19:47.748532" elapsed="0.054663"/>
</kw>
<kw name="Should Be True" owner="BuiltIn">
<arg>${ble}</arg>
<arg>Les paramètres de Bluetooth ne s'affichent pas.</arg>
<doc>Fails if the given condition is not true.</doc>
<status status="PASS" start="2025-03-26T10:19:47.803371" elapsed="0.000200"/>
</kw>
<kw name="Desactive Bluetooth Si Activer" owner="Integration">
<msg time="2025-03-26T10:19:47.982706" level="INFO">✅ Le Bluetooth est désactivé.</msg>
<arg>${driver}</arg>
<arg>android:id/switch_widget</arg>
<status status="PASS" start="2025-03-26T10:19:47.803665" elapsed="0.179142"/>
</kw>
<kw name="Sleep" owner="BuiltIn">
<msg time="2025-03-26T10:19:50.983359" level="INFO">Slept 3 seconds.</msg>
<arg>3s</arg>
<doc>Pauses the test executed for the given time.</doc>
<status status="PASS" start="2025-03-26T10:19:47.982989" elapsed="3.000470"/>
</kw>
<kw name="Verfier Bluetooth Activer" owner="Integration">
<msg time="2025-03-26T10:19:51.059190" level="INFO">${verifier_ble_ui} = False</msg>
<var>${verifier_ble_ui}</var>
<arg>${driver}</arg>
<arg>android:id/switch_widget</arg>
<status status="PASS" start="2025-03-26T10:19:50.983606" elapsed="0.075630"/>
</kw>
<kw name="Should Not Be True" owner="BuiltIn">
<arg>${verifier_ble_ui}</arg>
<arg>Le Bluetooth ne desactive pas (ui).</arg>
<doc>Fails if the given condition is true.</doc>
<status status="PASS" start="2025-03-26T10:19:51.059383" elapsed="0.000183"/>
</kw>
<kw name="Est Bluetooth Active" owner="Integration">
<msg time="2025-03-26T10:19:51.127330" level="INFO">❌ Bluetooth est désactivé.</msg>
<msg time="2025-03-26T10:19:51.127562" level="INFO">${verfier_ble_adb} = False</msg>
<var>${verfier_ble_adb}</var>
<arg>${Device}</arg>
<status status="PASS" start="2025-03-26T10:19:51.059687" elapsed="0.067912"/>
</kw>
<kw name="Should Not Be True" owner="BuiltIn">
<arg>${verfier_ble_adb}</arg>
<arg>Le Bluetooth ne desactive pas (via adb).</arg>
<doc>Fails if the given condition is true.</doc>
<status status="PASS" start="2025-03-26T10:19:51.127858" elapsed="0.000284"/>
</kw>
<doc>Ce test vérifie si le Bluetooth peut être désactivé sur l'appareil en accédant aux paramètres.  Il vérifie que l'élément Bluetooth est bien présent, puis tente de désactiver Bluetooth et de vérifier son statut.</doc>
<status status="PASS" start="2025-03-26T10:18:43.073119" elapsed="68.055140"/>
</test>
<doc>Ce fichier contient des tests d'activation et de désactivation du Bluetooth sur un appareil Android. Les tests vérifient que les paramètres Bluetooth sont accessibles et que les actions d'activation/désactivation fonctionnent correctement. Les tests prennent en charge les interfaces en français et en anglais.</doc>
<status status="PASS" start="2025-03-26T10:17:06.008831" elapsed="165.119878"/>
</suite>
<statistics>
<total>
<stat pass="3" fail="0" skip="0">All Tests</stat>
</total>
<tag>
</tag>
<suite>
<stat name="FonctionnaliteBluetooth" id="s1" pass="3" fail="0" skip="0">FonctionnaliteBluetooth</stat>
</suite>
</statistics>
<errors>
</errors>
</robot>
