<?xml version="1.0" encoding="UTF-8"?>
<robot generator="Robot 7.2.2 (Python 3.12.5 on win32)" generated="2025-05-29T11:23:07.183752" rpa="false" schemaversion="5">
<suite id="s1" name="WiFiAndConnectivite" source="C:\Users\bahae\Documents\PfeProject\test_cases\WiFiAndConnectivite.robot">
<kw name="Démarrer Driver" type="SETUP">
<kw name="Setup Driver" owner="Integration">
<msg time="2025-05-29T11:23:15.478800" level="INFO">${driver} = &lt;appium.webdriver.webdriver.WebDriver (session="8b6e792f-fb36-4ac5-9b13-91677d23efa8")&gt;</msg>
<var>${driver}</var>
<arg>${Device}</arg>
<doc>Initialise et retourne le driver Appium.</doc>
<status status="PASS" start="2025-05-29T11:23:09.918632" elapsed="5.560168"/>
</kw>
<kw name="Set Suite Variable" owner="BuiltIn">
<msg time="2025-05-29T11:23:15.479799" level="INFO">${driver} = &lt;appium.webdriver.webdriver.WebDriver (session="8b6e792f-fb36-4ac5-9b13-91677d23efa8")&gt;</msg>
<arg>${driver}</arg>
<doc>Makes a variable available everywhere within the scope of the current suite.</doc>
<status status="PASS" start="2025-05-29T11:23:15.479799" elapsed="0.000000"/>
</kw>
<kw name="Initialize Language Settings">
<kw name="Get System Language" owner="Integration">
<msg time="2025-05-29T11:23:15.515957" level="INFO">${lang} = fr</msg>
<var>${lang}</var>
<arg>${Device}</arg>
<status status="PASS" start="2025-05-29T11:23:15.480323" elapsed="0.035634"/>
</kw>
<kw name="Set Variable If" owner="BuiltIn">
<msg time="2025-05-29T11:23:15.515957" level="INFO">${lang_dict} = {'System': 'Système', 'Setting': 'Paramètres', 'ReseauMenu': 'Réseau et Internet'}</msg>
<var>${lang_dict}</var>
<arg>'${lang}' == 'fr'</arg>
<arg>${LANG_FR}</arg>
<arg>${LANG_EN}</arg>
<doc>Sets variable based on the given condition.</doc>
<status status="PASS" start="2025-05-29T11:23:15.515957" elapsed="0.000000"/>
</kw>
<kw name="Set Suite Variable" owner="BuiltIn">
<msg time="2025-05-29T11:23:15.516954" level="INFO">${LANG_DICT} = {'System': 'Système', 'Setting': 'Paramètres', 'ReseauMenu': 'Réseau et Internet'}</msg>
<arg>${LANG_DICT}</arg>
<arg>${lang_dict}</arg>
<doc>Makes a variable available everywhere within the scope of the current suite.</doc>
<status status="PASS" start="2025-05-29T11:23:15.515957" elapsed="0.000997"/>
</kw>
<doc>Sets up language-specific variables based on system language</doc>
<status status="PASS" start="2025-05-29T11:23:15.480323" elapsed="0.036631"/>
</kw>
<doc>Initializes the test driver</doc>
<status status="PASS" start="2025-05-29T11:23:09.918119" elapsed="5.598835"/>
</kw>
<test id="s1-t1" name="Test Ouvrir Wifi" line="143">
<kw name="Execute Test With Retry">
<kw name="Set Variable" owner="BuiltIn">
<msg time="2025-05-29T11:23:15.517474" level="INFO">${attempt} = 1</msg>
<var>${attempt}</var>
<arg>1</arg>
<doc>Returns the given values which can then be assigned to a variables.</doc>
<status status="PASS" start="2025-05-29T11:23:15.517474" elapsed="0.000000"/>
</kw>
<kw name="Set Variable" owner="BuiltIn">
<msg time="2025-05-29T11:23:15.517474" level="INFO">${test_status} = False</msg>
<var>${test_status}</var>
<arg>${FALSE}</arg>
<doc>Returns the given values which can then be assigned to a variables.</doc>
<status status="PASS" start="2025-05-29T11:23:15.517474" elapsed="0.000000"/>
</kw>
<for flavor="IN RANGE">
<iter>
<kw name="Run Keyword And Return Status" owner="BuiltIn">
<kw name="Execute Open Wifi Test">
<kw name="Open Application With Click" owner="Integration">
<msg time="2025-05-29T11:23:34.551550" level="INFO">📌 Liste des applications détectées : ['Agenda', 'Appium Settings', 'ARD Audiothek', 'Audio Bluetooth', 'Crunchyroll', 'Enregistreur vocal', 'Google Assistant', 'Google\xa0Actualités', 'Home Assistant', 'Local Media Player', 'Google\xa0Maps', 'Paramètres', 'Play\xa0Store', 'Prime Video', 'SMS']
📌 First Home Page détectée : ['Agenda', 'Appium Settings', 'ARD Audiothek', 'Audio Bluetooth', 'Crunchyroll', 'Enregistreur vocal', 'Google Assistant', 'Google\xa0Actualités', 'Home Assistant', 'Local Media Player', 'Google\xa0Maps', 'Paramètres', 'Play\xa0Store', 'Prime Video', 'SMS']

📌 Liste des applications détectées : ['Agenda', 'Appium Settings', 'ARD Audiothek', 'Audio Bluetooth', 'Crunchyroll', 'Enregistreur vocal', 'Google Assistant', 'Google\xa0Actualités', 'Home Assistant', 'Local Media Player', 'Google\xa0Maps', 'Paramètres', 'Play\xa0Store', 'Prime Video', 'SMS']
✅ Retour à la first home page !

📌 Liste des applications détectées : ['Agenda', 'Appium Settings', 'ARD Audiothek', 'Audio Bluetooth', 'Crunchyroll', 'Enregistreur vocal', 'Google Assistant', 'Google\xa0Actualités', 'Home Assistant', 'Local Media Player', 'Google\xa0Maps', 'Paramètres', 'Play\xa0Store', 'Prime Video', 'SMS']
378 619 522 657</msg>
<msg time="2025-05-29T11:23:34.551550" level="INFO">${resultat} = True</msg>
<var>${resultat}</var>
<arg>${driver}</arg>
<arg>${LANG_DICT.Setting}</arg>
<status status="PASS" start="2025-05-29T11:23:15.518467" elapsed="19.033083"/>
</kw>
<kw name="Sleep" owner="BuiltIn">
<msg time="2025-05-29T11:23:35.051652" level="INFO">Slept 500 milliseconds.</msg>
<arg>${QUICK_WAIT}</arg>
<doc>Pauses the test executed for the given time.</doc>
<status status="PASS" start="2025-05-29T11:23:34.551550" elapsed="0.500102"/>
</kw>
<kw name="Check Element Exists By Id" owner="Integration">
<msg time="2025-05-29T11:23:35.467396" level="INFO">${Verfier} = True</msg>
<var>${Verfier}</var>
<arg>${driver}</arg>
<arg>${Setting_xpath_id}</arg>
<doc>Vérifie si un élément existe en utilisant son ID.</doc>
<status status="PASS" start="2025-05-29T11:23:35.051652" elapsed="0.415744"/>
</kw>
<kw name="Should Be True" owner="BuiltIn">
<arg>${Verfier}</arg>
<arg>Settings screen is not displayed</arg>
<doc>Fails if the given condition is not true.</doc>
<status status="PASS" start="2025-05-29T11:23:35.467919" elapsed="0.000000"/>
</kw>
<kw name="Clique Sur Setting" owner="Integration">
<msg time="2025-05-29T11:23:39.845944" level="INFO">(0, 76, 550, 696)
🔽 Swipe vers le bas #1
✅ 'Réseau et Internet' trouvé en bas ! Appui en cours...</msg>
<arg>${driver}</arg>
<arg>${LANG_DICT.ReseauMenu}</arg>
<arg>${Setting_menu}</arg>
<status status="PASS" start="2025-05-29T11:23:35.467919" elapsed="4.378025"/>
</kw>
<kw name="Activer Wifi Si Desactive" owner="Integration">
<msg time="2025-05-29T11:23:40.590023" level="INFO">false</msg>
<arg>${driver}</arg>
<status status="PASS" start="2025-05-29T11:23:39.845944" elapsed="0.744079"/>
</kw>
<kw name="Sleep" owner="BuiltIn">
<msg time="2025-05-29T11:23:42.591324" level="INFO">Slept 2 seconds.</msg>
<arg>${WAIT_TIME}</arg>
<doc>Pauses the test executed for the given time.</doc>
<status status="PASS" start="2025-05-29T11:23:40.590023" elapsed="2.001301"/>
</kw>
<kw name="Is Active Wifi Ui" owner="Integration">
<msg time="2025-05-29T11:23:44.739670" level="INFO">État actuel du Wi-Fi : true</msg>
<msg time="2025-05-29T11:23:44.739670" level="INFO">${verifier_wifi_ui} = True</msg>
<var>${verifier_wifi_ui}</var>
<arg>${driver}</arg>
<status status="PASS" start="2025-05-29T11:23:42.591324" elapsed="2.148346"/>
</kw>
<kw name="Run Keyword And Continue On Failure" owner="BuiltIn">
<kw name="Should Be True" owner="BuiltIn">
<arg>${verifier_wifi_ui}</arg>
<arg>WiFi is not active in UI</arg>
<doc>Fails if the given condition is not true.</doc>
<status status="PASS" start="2025-05-29T11:23:44.739670" elapsed="0.000000"/>
</kw>
<arg>Should Be True</arg>
<arg>${verifier_wifi_ui}</arg>
<arg>WiFi is not active in UI</arg>
<doc>Runs the keyword and continues execution even if a failure occurs.</doc>
<status status="PASS" start="2025-05-29T11:23:44.739670" elapsed="0.000000"/>
</kw>
<kw name="Is Wifi Enabled Adb" owner="Integration">
<msg time="2025-05-29T11:23:45.037682" level="INFO">✅ Le Wi-Fi est activé.</msg>
<msg time="2025-05-29T11:23:45.037682" level="INFO">${verfier_wifi_adb} = True</msg>
<var>${verfier_wifi_adb}</var>
<arg>${driver}</arg>
<status status="PASS" start="2025-05-29T11:23:44.739670" elapsed="0.298012"/>
</kw>
<kw name="Run Keyword And Continue On Failure" owner="BuiltIn">
<kw name="Should Be True" owner="BuiltIn">
<arg>${verfier_wifi_adb}</arg>
<arg>WiFi is not active via ADB</arg>
<doc>Fails if the given condition is not true.</doc>
<status status="PASS" start="2025-05-29T11:23:45.037682" elapsed="0.000992"/>
</kw>
<arg>Should Be True</arg>
<arg>${verfier_wifi_adb}</arg>
<arg>WiFi is not active via ADB</arg>
<doc>Runs the keyword and continues execution even if a failure occurs.</doc>
<status status="PASS" start="2025-05-29T11:23:45.037682" elapsed="0.000992"/>
</kw>
<doc>Tests WiFi activation</doc>
<status status="PASS" start="2025-05-29T11:23:15.518467" elapsed="29.520207"/>
</kw>
<msg time="2025-05-29T11:23:45.038674" level="INFO">${test_status} = True</msg>
<var>${test_status}</var>
<arg>${test_keyword}</arg>
<doc>Runs the given keyword with given arguments and returns the status as a Boolean value.</doc>
<status status="PASS" start="2025-05-29T11:23:15.517474" elapsed="29.521200"/>
</kw>
<if>
<branch type="IF" condition="${test_status}">
<kw name="Log" owner="BuiltIn">
<msg time="2025-05-29T11:23:45.038674" level="INFO">Test Test Ouvrir Wifi réussi</msg>
<arg>Test ${test_name} réussi</arg>
<doc>Logs the given message with the given level.</doc>
<status status="PASS" start="2025-05-29T11:23:45.038674" elapsed="0.000000"/>
</kw>
<kw name="Exit For Loop" owner="BuiltIn">
<msg time="2025-05-29T11:23:45.038674" level="INFO">Exiting for loop altogether.</msg>
<doc>Stops executing the enclosing FOR loop.</doc>
<status status="PASS" start="2025-05-29T11:23:45.038674" elapsed="0.000000"/>
</kw>
<status status="PASS" start="2025-05-29T11:23:45.038674" elapsed="0.000000"/>
</branch>
<branch type="ELSE">
<kw name="Evaluate" owner="BuiltIn">
<var>${attempt}</var>
<arg>${attempt} + 1</arg>
<doc>Evaluates the given expression in Python and returns the result.</doc>
<status status="NOT RUN" start="2025-05-29T11:23:45.039671" elapsed="0.000000"/>
</kw>
<if>
<branch type="IF" condition="${attempt} &lt;= ${MAX_RETRIES}">
<kw name="Log" owner="BuiltIn">
<arg>Test ${test_name} échoué - Tentative ${attempt}/${MAX_RETRIES}</arg>
<doc>Logs the given message with the given level.</doc>
<status status="NOT RUN" start="2025-05-29T11:23:45.039671" elapsed="0.000000"/>
</kw>
<kw name="Sleep" owner="BuiltIn">
<arg>${RETRY_DELAY}</arg>
<doc>Pauses the test executed for the given time.</doc>
<status status="NOT RUN" start="2025-05-29T11:23:45.039671" elapsed="0.000000"/>
</kw>
<status status="NOT RUN" start="2025-05-29T11:23:45.039671" elapsed="0.000000"/>
</branch>
<status status="NOT RUN" start="2025-05-29T11:23:45.039671" elapsed="0.000000"/>
</if>
<status status="NOT RUN" start="2025-05-29T11:23:45.038674" elapsed="0.000997"/>
</branch>
<status status="PASS" start="2025-05-29T11:23:45.038674" elapsed="0.000997"/>
</if>
<var name="${index}">0</var>
<status status="PASS" start="2025-05-29T11:23:15.517474" elapsed="29.522197"/>
</iter>
<var>${index}</var>
<value>${MAX_RETRIES}</value>
<status status="PASS" start="2025-05-29T11:23:15.517474" elapsed="29.522197"/>
</for>
<if>
<branch type="IF" condition="not ${test_status}">
<kw name="Fail" owner="BuiltIn">
<arg>Le test ${test_name} a échoué après ${MAX_RETRIES} tentatives</arg>
<doc>Fails the test with the given message and optionally alters its tags.</doc>
<status status="NOT RUN" start="2025-05-29T11:23:45.039671" elapsed="0.000000"/>
</kw>
<status status="NOT RUN" start="2025-05-29T11:23:45.039671" elapsed="0.000000"/>
</branch>
<status status="PASS" start="2025-05-29T11:23:45.039671" elapsed="0.000000"/>
</if>
<arg>Execute Open Wifi Test</arg>
<arg>Test Ouvrir Wifi</arg>
<status status="PASS" start="2025-05-29T11:23:15.517474" elapsed="29.522197"/>
</kw>
<doc>Teste l'activation du WiFi
- Ouvre les paramètres
- Active le WiFi
- Vérifie l'activation via UI et ADB</doc>
<tag>smoke</tag>
<tag>wifi</tag>
<status status="PASS" start="2025-05-29T11:23:15.516954" elapsed="29.522717"/>
</test>
<test id="s1-t2" name="Test Fermer Wifi" line="151">
<kw name="Execute Test With Retry">
<kw name="Set Variable" owner="BuiltIn">
<msg time="2025-05-29T11:23:45.041191" level="INFO">${attempt} = 1</msg>
<var>${attempt}</var>
<arg>1</arg>
<doc>Returns the given values which can then be assigned to a variables.</doc>
<status status="PASS" start="2025-05-29T11:23:45.041191" elapsed="0.000000"/>
</kw>
<kw name="Set Variable" owner="BuiltIn">
<msg time="2025-05-29T11:23:45.041191" level="INFO">${test_status} = False</msg>
<var>${test_status}</var>
<arg>${FALSE}</arg>
<doc>Returns the given values which can then be assigned to a variables.</doc>
<status status="PASS" start="2025-05-29T11:23:45.041191" elapsed="0.000000"/>
</kw>
<for flavor="IN RANGE">
<iter>
<kw name="Run Keyword And Return Status" owner="BuiltIn">
<kw name="Execute Close Wifi Test">
<kw name="Open Application With Click" owner="Integration">
<msg time="2025-05-29T11:24:05.012735" level="INFO">📌 Liste des applications détectées : ['Agenda', 'Appium Settings', 'ARD Audiothek', 'Audio Bluetooth', 'Crunchyroll', 'Enregistreur vocal', 'Google Assistant', 'Google\xa0Actualités', 'Home Assistant', 'Local Media Player', 'Google\xa0Maps', 'Paramètres', 'Play\xa0Store', 'Prime Video', 'SMS']
📌 First Home Page détectée : ['Agenda', 'Appium Settings', 'ARD Audiothek', 'Audio Bluetooth', 'Crunchyroll', 'Enregistreur vocal', 'Google Assistant', 'Google\xa0Actualités', 'Home Assistant', 'Local Media Player', 'Google\xa0Maps', 'Paramètres', 'Play\xa0Store', 'Prime Video', 'SMS']

📌 Liste des applications détectées : ['Agenda', 'Appium Settings', 'ARD Audiothek', 'Audio Bluetooth', 'Crunchyroll', 'Enregistreur vocal', 'Google Assistant', 'Google\xa0Actualités', 'Home Assistant', 'Local Media Player', 'Google\xa0Maps', 'Paramètres', 'Play\xa0Store', 'Prime Video', 'SMS']
✅ Retour à la first home page !

📌 Liste des applications détectées : ['Agenda', 'Appium Settings', 'ARD Audiothek', 'Audio Bluetooth', 'Crunchyroll', 'Enregistreur vocal', 'Google Assistant', 'Google\xa0Actualités', 'Home Assistant', 'Local Media Player', 'Google\xa0Maps', 'Paramètres', 'Play\xa0Store', 'Prime Video', 'SMS']
378 619 522 657</msg>
<msg time="2025-05-29T11:24:05.013737" level="INFO">${resultat} = True</msg>
<var>${resultat}</var>
<arg>${driver}</arg>
<arg>${LANG_DICT.Setting}</arg>
<status status="PASS" start="2025-05-29T11:23:45.042189" elapsed="19.971548"/>
</kw>
<kw name="Sleep" owner="BuiltIn">
<msg time="2025-05-29T11:24:05.513939" level="INFO">Slept 500 milliseconds.</msg>
<arg>${QUICK_WAIT}</arg>
<doc>Pauses the test executed for the given time.</doc>
<status status="PASS" start="2025-05-29T11:24:05.013737" elapsed="0.500202"/>
</kw>
<kw name="Check Element Exists By Id" owner="Integration">
<msg time="2025-05-29T11:24:05.980787" level="INFO">${Verfier} = True</msg>
<var>${Verfier}</var>
<arg>${driver}</arg>
<arg>${Setting_xpath_id}</arg>
<doc>Vérifie si un élément existe en utilisant son ID.</doc>
<status status="PASS" start="2025-05-29T11:24:05.513939" elapsed="0.467848"/>
</kw>
<kw name="Should Be True" owner="BuiltIn">
<arg>${Verfier}</arg>
<arg>Settings screen is not displayed</arg>
<doc>Fails if the given condition is not true.</doc>
<status status="PASS" start="2025-05-29T11:24:05.981787" elapsed="0.000000"/>
</kw>
<kw name="Clique Sur Setting" owner="Integration">
<msg time="2025-05-29T11:24:06.988273" level="INFO">(0, 76, 550, 696)
✅ 'Réseau et Internet' trouvé sans swipe. Appui en cours...</msg>
<arg>${driver}</arg>
<arg>${LANG_DICT.ReseauMenu}</arg>
<arg>${Setting_menu}</arg>
<status status="PASS" start="2025-05-29T11:24:05.981787" elapsed="1.006486"/>
</kw>
<kw name="Desactiver Wifi Si Active" owner="Integration">
<msg time="2025-05-29T11:24:09.673768" level="INFO">true</msg>
<arg>${driver}</arg>
<status status="PASS" start="2025-05-29T11:24:06.988273" elapsed="2.685495"/>
</kw>
<kw name="Sleep" owner="BuiltIn">
<msg time="2025-05-29T11:24:11.673919" level="INFO">Slept 2 seconds.</msg>
<arg>${WAIT_TIME}</arg>
<doc>Pauses the test executed for the given time.</doc>
<status status="PASS" start="2025-05-29T11:24:09.673768" elapsed="2.000151"/>
</kw>
<kw name="Is Active Wifi Ui" owner="Integration">
<msg time="2025-05-29T11:24:12.278161" level="INFO">État actuel du Wi-Fi : false</msg>
<msg time="2025-05-29T11:24:12.278161" level="INFO">${verifier_wifi_ui} = False</msg>
<var>${verifier_wifi_ui}</var>
<arg>${driver}</arg>
<status status="PASS" start="2025-05-29T11:24:11.674432" elapsed="0.603729"/>
</kw>
<kw name="Should Not Be True" owner="BuiltIn">
<arg>${verifier_wifi_ui}</arg>
<arg>WiFi is still active in UI</arg>
<doc>Fails if the given condition is true.</doc>
<status status="PASS" start="2025-05-29T11:24:12.278161" elapsed="0.000000"/>
</kw>
<kw name="Is Wifi Enabled Adb" owner="Integration">
<msg time="2025-05-29T11:24:12.603844" level="INFO">❌ Le Wi-Fi est désactivé.</msg>
<msg time="2025-05-29T11:24:12.603844" level="INFO">${verfier_wifi_adb} = False</msg>
<var>${verfier_wifi_adb}</var>
<arg>${driver}</arg>
<status status="PASS" start="2025-05-29T11:24:12.278683" elapsed="0.325161"/>
</kw>
<kw name="Should Not Be True" owner="BuiltIn">
<arg>${verfier_wifi_adb}</arg>
<arg>WiFi is still active via ADB</arg>
<doc>Fails if the given condition is true.</doc>
<status status="PASS" start="2025-05-29T11:24:12.603844" elapsed="0.001000"/>
</kw>
<doc>Tests WiFi deactivation</doc>
<status status="PASS" start="2025-05-29T11:23:45.041191" elapsed="27.563653"/>
</kw>
<msg time="2025-05-29T11:24:12.604844" level="INFO">${test_status} = True</msg>
<var>${test_status}</var>
<arg>${test_keyword}</arg>
<doc>Runs the given keyword with given arguments and returns the status as a Boolean value.</doc>
<status status="PASS" start="2025-05-29T11:23:45.041191" elapsed="27.563653"/>
</kw>
<if>
<branch type="IF" condition="${test_status}">
<kw name="Log" owner="BuiltIn">
<msg time="2025-05-29T11:24:12.604844" level="INFO">Test Test Fermer Wifi réussi</msg>
<arg>Test ${test_name} réussi</arg>
<doc>Logs the given message with the given level.</doc>
<status status="PASS" start="2025-05-29T11:24:12.604844" elapsed="0.000000"/>
</kw>
<kw name="Exit For Loop" owner="BuiltIn">
<msg time="2025-05-29T11:24:12.604844" level="INFO">Exiting for loop altogether.</msg>
<doc>Stops executing the enclosing FOR loop.</doc>
<status status="PASS" start="2025-05-29T11:24:12.604844" elapsed="0.000000"/>
</kw>
<status status="PASS" start="2025-05-29T11:24:12.604844" elapsed="0.000000"/>
</branch>
<branch type="ELSE">
<kw name="Evaluate" owner="BuiltIn">
<var>${attempt}</var>
<arg>${attempt} + 1</arg>
<doc>Evaluates the given expression in Python and returns the result.</doc>
<status status="NOT RUN" start="2025-05-29T11:24:12.604844" elapsed="0.000000"/>
</kw>
<if>
<branch type="IF" condition="${attempt} &lt;= ${MAX_RETRIES}">
<kw name="Log" owner="BuiltIn">
<arg>Test ${test_name} échoué - Tentative ${attempt}/${MAX_RETRIES}</arg>
<doc>Logs the given message with the given level.</doc>
<status status="NOT RUN" start="2025-05-29T11:24:12.604844" elapsed="0.000000"/>
</kw>
<kw name="Sleep" owner="BuiltIn">
<arg>${RETRY_DELAY}</arg>
<doc>Pauses the test executed for the given time.</doc>
<status status="NOT RUN" start="2025-05-29T11:24:12.604844" elapsed="0.000000"/>
</kw>
<status status="NOT RUN" start="2025-05-29T11:24:12.604844" elapsed="0.000000"/>
</branch>
<status status="NOT RUN" start="2025-05-29T11:24:12.604844" elapsed="0.000000"/>
</if>
<status status="NOT RUN" start="2025-05-29T11:24:12.604844" elapsed="0.000000"/>
</branch>
<status status="PASS" start="2025-05-29T11:24:12.604844" elapsed="0.000000"/>
</if>
<var name="${index}">0</var>
<status status="PASS" start="2025-05-29T11:23:45.041191" elapsed="27.563653"/>
</iter>
<var>${index}</var>
<value>${MAX_RETRIES}</value>
<status status="PASS" start="2025-05-29T11:23:45.041191" elapsed="27.563653"/>
</for>
<if>
<branch type="IF" condition="not ${test_status}">
<kw name="Fail" owner="BuiltIn">
<arg>Le test ${test_name} a échoué après ${MAX_RETRIES} tentatives</arg>
<doc>Fails the test with the given message and optionally alters its tags.</doc>
<status status="NOT RUN" start="2025-05-29T11:24:12.605843" elapsed="0.000000"/>
</kw>
<status status="NOT RUN" start="2025-05-29T11:24:12.604844" elapsed="0.000999"/>
</branch>
<status status="PASS" start="2025-05-29T11:24:12.604844" elapsed="0.000999"/>
</if>
<arg>Execute Close Wifi Test</arg>
<arg>Test Fermer Wifi</arg>
<status status="PASS" start="2025-05-29T11:23:45.041182" elapsed="27.564661"/>
</kw>
<doc>Teste la désactivation du WiFi
- Ouvre les paramètres
- Désactive le WiFi
- Vérifie la désactivation via UI et ADB</doc>
<tag>smoke</tag>
<tag>wifi</tag>
<status status="PASS" start="2025-05-29T11:23:45.039671" elapsed="27.566172"/>
</test>
<kw name="Fermer Driver" type="TEARDOWN">
<try>
<branch type="TRY">
<kw name="Run Keyword And Return Status" owner="BuiltIn">
<kw name="Get Source" owner="AppiumLibrary">
<kw name="Capture Page Screenshot" owner="AppiumLibrary">
<msg time="2025-05-29T11:24:12.606367" level="FAIL">No application is open</msg>
<doc>Takes a screenshot of the current page and embeds it into the log.</doc>
<status status="FAIL" start="2025-05-29T11:24:12.606367" elapsed="0.000987">No application is open</status>
</kw>
<msg time="2025-05-29T11:24:12.608354" level="WARN">Keyword 'Capture Page Screenshot' could not be run on failure: No application is open</msg>
<msg time="2025-05-29T11:24:12.608354" level="FAIL">No application is open</msg>
<doc>Returns the entire source of the current page.</doc>
<status status="FAIL" start="2025-05-29T11:24:12.606367" elapsed="0.002988">No application is open</status>
</kw>
<msg time="2025-05-29T11:24:12.609355" level="INFO">${session_active} = False</msg>
<var>${session_active}</var>
<arg>Get Source</arg>
<doc>Runs the given keyword with given arguments and returns the status as a Boolean value.</doc>
<status status="PASS" start="2025-05-29T11:24:12.606367" elapsed="0.002988"/>
</kw>
<if>
<branch type="IF" condition="${session_active}">
<kw name="Close Driver" owner="Integration">
<arg>${driver}</arg>
<doc>Ferme proprement le driver Appium.</doc>
<status status="NOT RUN" start="2025-05-29T11:24:12.609355" elapsed="0.000000"/>
</kw>
<kw name="Log" owner="BuiltIn">
<arg>Driver fermé avec succès</arg>
<doc>Logs the given message with the given level.</doc>
<status status="NOT RUN" start="2025-05-29T11:24:12.610355" elapsed="0.000000"/>
</kw>
<status status="NOT RUN" start="2025-05-29T11:24:12.609355" elapsed="0.001000"/>
</branch>
<branch type="ELSE">
<kw name="Log" owner="BuiltIn">
<msg time="2025-05-29T11:24:12.610355" level="INFO">Le driver n'était pas actif</msg>
<arg>Le driver n'était pas actif</arg>
<doc>Logs the given message with the given level.</doc>
<status status="PASS" start="2025-05-29T11:24:12.610355" elapsed="0.000000"/>
</kw>
<status status="PASS" start="2025-05-29T11:24:12.610355" elapsed="0.000000"/>
</branch>
<status status="PASS" start="2025-05-29T11:24:12.609355" elapsed="0.001000"/>
</if>
<status status="PASS" start="2025-05-29T11:24:12.606367" elapsed="0.003988"/>
</branch>
<branch type="EXCEPT" assign="${error}">
<kw name="Log" owner="BuiltIn">
<arg>Erreur lors de la fermeture du driver: ${error}</arg>
<doc>Logs the given message with the given level.</doc>
<status status="NOT RUN" start="2025-05-29T11:24:12.610355" elapsed="0.000000"/>
</kw>
<status status="NOT RUN" start="2025-05-29T11:24:12.610355" elapsed="0.000000"/>
</branch>
<status status="PASS" start="2025-05-29T11:24:12.606367" elapsed="0.003988"/>
</try>
<doc>Cleans up and closes the test driver</doc>
<status status="PASS" start="2025-05-29T11:24:12.606367" elapsed="0.003988"/>
</kw>
<doc>Tests de connectivité WiFi pour appareil Android
- Activation du WiFi
- Désactivation du WiFi
- Vérification de l'état via UI et ADB
- Prend en charge les interfaces en français et en anglais</doc>
<status status="PASS" start="2025-05-29T11:23:07.184748" elapsed="65.425607"/>
</suite>
<statistics>
<total>
<stat pass="2" fail="0" skip="0">All Tests</stat>
</total>
<tag>
<stat pass="2" fail="0" skip="0">smoke</stat>
<stat pass="2" fail="0" skip="0">wifi</stat>
</tag>
<suite>
<stat name="WiFiAndConnectivite" id="s1" pass="2" fail="0" skip="0">WiFiAndConnectivite</stat>
</suite>
</statistics>
<errors>
<msg time="2025-05-29T11:24:12.608354" level="WARN">Keyword 'Capture Page Screenshot' could not be run on failure: No application is open</msg>
</errors>
</robot>
