<?xml version="1.0" encoding="UTF-8"?>
<robot generator="Robot 7.2.2 (Python 3.12.9 on linux)" generated="2025-03-26T11:09:55.381538" rpa="false" schemaversion="5">
<suite id="s1" name="FonctionnaliteMaps" source="/app/test_cases/FonctionnaliteMaps.robot">
<test id="s1-t1" name="Test GPS Location Functionality" line="22">
<kw name="Set Location ViaAdb" owner="Integration">
<msg time="2025-03-26T11:09:55.565685" level="INFO">Erreur lors de la définition de la position : error: could not connect to TCP port 5554: Connection refused</msg>
<arg>${Device}</arg>
<arg>${Longitude}</arg>
<arg>${Latitude}</arg>
<doc>Définit une nouvelle position GPS sur l'émulateur ou l'appareil.</doc>
<status status="PASS" start="2025-03-26T11:09:55.563217" elapsed="0.002549"/>
</kw>
<kw name="Sleep" owner="BuiltIn">
<msg time="2025-03-26T11:09:57.566369" level="INFO">Slept 2 seconds.</msg>
<arg>2s</arg>
<doc>Pauses the test executed for the given time.</doc>
<status status="PASS" start="2025-03-26T11:09:55.565914" elapsed="2.000749"/>
</kw>
<kw name="Get Location ViaAdb" owner="Integration">
<msg time="2025-03-26T11:09:57.646707" level="INFO">${current_latitude} = 40.7128</msg>
<msg time="2025-03-26T11:09:57.646774" level="INFO">${current_longitude} = -74.006</msg>
<var>${current_latitude}</var>
<var>${current_longitude}</var>
<arg>${Device}</arg>
<status status="PASS" start="2025-03-26T11:09:57.566872" elapsed="0.079922"/>
</kw>
<kw name="Should Be Equal As Numbers" owner="BuiltIn">
<msg time="2025-03-26T11:09:57.647271" level="INFO">Argument types are:
&lt;class 'float'&gt;
&lt;class 'str'&gt;</msg>
<arg>${current_latitude}</arg>
<arg>${Latitude}</arg>
<doc>Fails if objects are unequal after converting them to real numbers.</doc>
<status status="PASS" start="2025-03-26T11:09:57.646996" elapsed="0.000374"/>
</kw>
<kw name="Should Be Equal As Numbers" owner="BuiltIn">
<msg time="2025-03-26T11:09:57.647726" level="INFO">Argument types are:
&lt;class 'float'&gt;
&lt;class 'str'&gt;</msg>
<arg>${current_longitude}</arg>
<arg>${Longitude}</arg>
<doc>Fails if objects are unequal after converting them to real numbers.</doc>
<status status="PASS" start="2025-03-26T11:09:57.647556" elapsed="0.000226"/>
</kw>
<doc>Ce test définit la localisation GPS et vérifie qu'elle est correcte.</doc>
<tag>gps</tag>
<status status="PASS" start="2025-03-26T11:09:55.562222" elapsed="2.085662"/>
</test>
<status status="PASS" start="2025-03-26T11:09:55.384311" elapsed="2.264006"/>
</suite>
<statistics>
<total>
<stat pass="1" fail="0" skip="0">All Tests</stat>
</total>
<tag>
<stat pass="1" fail="0" skip="0">gps</stat>
</tag>
<suite>
<stat name="FonctionnaliteMaps" id="s1" pass="1" fail="0" skip="0">FonctionnaliteMaps</stat>
</suite>
</statistics>
<errors>
<msg time="2025-03-26T11:09:55.427267" level="ERROR">Error in file '/app/test_cases/FonctionnaliteMaps.robot' on line 5: Importing library 'AppiumLibrary' failed: ModuleNotFoundError: No module named 'AppiumLibrary'
Traceback (most recent call last):
  None
PYTHONPATH:
  /usr/local/bin
  /usr/local/lib/python312.zip
  /usr/local/lib/python3.12
  /usr/local/lib/python3.12/lib-dynload
  /usr/local/lib/python3.12/site-packages</msg>
</errors>
</robot>
