<?xml version="1.0" encoding="UTF-8"?>
<robot generator="Robot 7.2.2 (Python 3.13.1 on win32)" generated="2025-03-27T14:42:38.578200" rpa="false" schemaversion="5">
<suite id="s1" name="FonctionnaliteBluetooth" source="C:\Users\bahae\Desktop\PfeProject\test_cases\FonctionnaliteBluetooth.robot">
<test id="s1-t1" name="Test Ouvrir Bluetooth" line="25">
<kw name="Setup Driver" owner="Integration">
<msg time="2025-03-27T14:42:45.597143" level="INFO">${driver} = &lt;appium.webdriver.webdriver.WebDriver (session="10e7d36d-6acc-4b6f-8280-456d9c57c79d")&gt;</msg>
<var>${driver}</var>
<arg>${Device}</arg>
<doc>Initialise et retourne le driver Appium.</doc>
<status status="PASS" start="2025-03-27T14:42:38.824068" elapsed="6.773127"/>
</kw>
<kw name="Get System Language" owner="Integration">
<msg time="2025-03-27T14:42:45.646293" level="INFO">${lang} = fr</msg>
<var>${lang}</var>
<arg>${Device}</arg>
<status status="PASS" start="2025-03-27T14:42:45.597357" elapsed="0.048988"/>
</kw>
<if>
<branch type="IF" condition="'${lang}' == 'fr'">
<kw name="Set Variable" owner="BuiltIn">
<msg time="2025-03-27T14:42:45.646852" level="INFO">${System} = Système</msg>
<var>${System}</var>
<arg>Système</arg>
<doc>Returns the given values which can then be assigned to a variables.</doc>
<status status="PASS" start="2025-03-27T14:42:45.646717" elapsed="0.000157"/>
</kw>
<kw name="Set Variable" owner="BuiltIn">
<msg time="2025-03-27T14:42:45.647016" level="INFO">${Setting} = Paramètres</msg>
<var>${Setting}</var>
<arg>Paramètres</arg>
<doc>Returns the given values which can then be assigned to a variables.</doc>
<status status="PASS" start="2025-03-27T14:42:45.646944" elapsed="0.000087"/>
</kw>
<kw name="Set Variable" owner="BuiltIn">
<msg time="2025-03-27T14:42:45.647159" level="INFO">${apps} = Applis</msg>
<var>${apps}</var>
<arg>Applis</arg>
<doc>Returns the given values which can then be assigned to a variables.</doc>
<status status="PASS" start="2025-03-27T14:42:45.647091" elapsed="0.000089"/>
</kw>
<kw name="Set Variable" owner="BuiltIn">
<msg time="2025-03-27T14:42:45.647304" level="INFO">${Consulter_allapps} = Voir les</msg>
<var>${Consulter_allapps}</var>
<arg>Voir les</arg>
<doc>Returns the given values which can then be assigned to a variables.</doc>
<status status="PASS" start="2025-03-27T14:42:45.647237" elapsed="0.000082"/>
</kw>
<kw name="Set Variable" owner="BuiltIn">
<msg time="2025-03-27T14:42:45.647432" level="INFO">${DesButton} = Désinstaller</msg>
<var>${DesButton}</var>
<arg>Désinstaller</arg>
<doc>Returns the given values which can then be assigned to a variables.</doc>
<status status="PASS" start="2025-03-27T14:42:45.647371" elapsed="0.000075"/>
</kw>
<kw name="Set Variable" owner="BuiltIn">
<msg time="2025-03-27T14:42:45.647567" level="INFO">${confirme} = OK</msg>
<var>${confirme}</var>
<arg>OK</arg>
<doc>Returns the given values which can then be assigned to a variables.</doc>
<status status="PASS" start="2025-03-27T14:42:45.647506" elapsed="0.000076"/>
</kw>
<status status="PASS" start="2025-03-27T14:42:45.646471" elapsed="0.001133"/>
</branch>
<branch type="ELSE">
<kw name="Set Variable" owner="BuiltIn">
<var>${System}</var>
<arg>System</arg>
<doc>Returns the given values which can then be assigned to a variables.</doc>
<status status="NOT RUN" start="2025-03-27T14:42:45.647689" elapsed="0.000012"/>
</kw>
<kw name="Set Variable" owner="BuiltIn">
<var>${Setting}</var>
<arg>Settings</arg>
<doc>Returns the given values which can then be assigned to a variables.</doc>
<status status="NOT RUN" start="2025-03-27T14:42:45.647754" elapsed="0.000010"/>
</kw>
<kw name="Set Variable" owner="BuiltIn">
<var>${apps}</var>
<arg>Applis</arg>
<doc>Returns the given values which can then be assigned to a variables.</doc>
<status status="NOT RUN" start="2025-03-27T14:42:45.647808" elapsed="0.000010"/>
</kw>
<kw name="Set Variable" owner="BuiltIn">
<var>${Consulter_allapps}</var>
<arg>Voir les</arg>
<doc>Returns the given values which can then be assigned to a variables.</doc>
<status status="NOT RUN" start="2025-03-27T14:42:45.647863" elapsed="0.000009"/>
</kw>
<kw name="Set Variable" owner="BuiltIn">
<var>${DesButton}</var>
<arg>Désinstaller</arg>
<doc>Returns the given values which can then be assigned to a variables.</doc>
<status status="NOT RUN" start="2025-03-27T14:42:45.647915" elapsed="0.000010"/>
</kw>
<kw name="Set Variable" owner="BuiltIn">
<var>${confirme}</var>
<arg>OK</arg>
<doc>Returns the given values which can then be assigned to a variables.</doc>
<status status="NOT RUN" start="2025-03-27T14:42:45.647990" elapsed="0.000010"/>
</kw>
<status status="NOT RUN" start="2025-03-27T14:42:45.647631" elapsed="0.000386"/>
</branch>
<status status="PASS" start="2025-03-27T14:42:45.646440" elapsed="0.001591"/>
</if>
<kw name="Open Application With Click" owner="Integration">
<msg time="2025-03-27T14:43:14.619260" level="INFO">📌 Liste des applications détectées : ['Téléphone', 'Vivaldi Browser', 'YouTube']
📌 First Home Page détectée : ['Téléphone', 'Vivaldi Browser', 'YouTube']

📌 Liste des applications détectées : ['Agenda', 'Appium Settings', 'ARD Audiothek', 'Audio Bluetooth', 'Crunchyroll', 'Google Assistant', 'Google\xa0Actualités', 'Home Assistant', 'Local Media Player', 'Maps', 'Paramètres', 'Play\xa0Store', 'Prime Video', 'SMS', 'Spotify']
🔄 Swipe en cours...

📌 Liste des applications détectées : ['Agenda', 'Appium Settings', 'ARD Audiothek', 'Audio Bluetooth', 'Crunchyroll', 'Google Assistant', 'Google\xa0Actualités', 'Home Assistant', 'Local Media Player', 'Maps', 'Paramètres', 'Play\xa0Store', 'Prime Video', 'SMS', 'Spotify']
✅ Retour à la first home page !
111111111111111111111
2222222222222222

📌 Liste des applications détectées : ['Agenda', 'Appium Settings', 'ARD Audiothek', 'Audio Bluetooth', 'Crunchyroll', 'Google Assistant', 'Google\xa0Actualités', 'Home Assistant', 'Local Media Player', 'Maps', 'Paramètres', 'Play\xa0Store', 'Prime Video', 'SMS', 'Spotify']
3333333333333333333
125 619 269 657</msg>
<msg time="2025-03-27T14:43:14.619437" level="INFO">${resultat} = True</msg>
<var>${resultat}</var>
<arg>${driver}</arg>
<arg>${Setting}</arg>
<status status="PASS" start="2025-03-27T14:42:45.648086" elapsed="28.971383"/>
</kw>
<kw name="Sleep" owner="BuiltIn">
<msg time="2025-03-27T14:43:16.620046" level="INFO">Slept 2 seconds.</msg>
<arg>2s</arg>
<doc>Pauses the test executed for the given time.</doc>
<status status="PASS" start="2025-03-27T14:43:14.619645" elapsed="2.000505"/>
</kw>
<kw name="Check Element Exists By Id" owner="Integration">
<msg time="2025-03-27T14:43:16.701225" level="INFO">${Verfier} = True</msg>
<var>${Verfier}</var>
<arg>${driver}</arg>
<arg>${Setting_xpath_id}</arg>
<doc>Vérifie si un élément existe en utilisant son ID.</doc>
<status status="PASS" start="2025-03-27T14:43:16.620304" elapsed="0.080970"/>
</kw>
<kw name="Should Be True" owner="BuiltIn">
<arg>${Verfier}</arg>
<arg>Setting n'est pas affiché.</arg>
<doc>Fails if the given condition is not true.</doc>
<status status="PASS" start="2025-03-27T14:43:16.701422" elapsed="0.000196"/>
</kw>
<kw name="Clique Sur Setting" owner="Integration">
<msg time="2025-03-27T14:44:06.996671" level="INFO">📌 Liste des applications détectées : ['Écran', 'Profils et comptes', 'Position', 'Confidentialité', 'Accessibilité', 'Sécurité', 'Applis', 'Masquer les applications système', 'Agenda', "Alertes d'urgence sans fil", 'Appium Settings', 'ARD Audiothek']
📌 First Home Page détectée : ['Écran', 'Profils et comptes', 'Position', 'Confidentialité', 'Accessibilité', 'Sécurité', 'Applis', 'Masquer les applications système', 'Agenda', "Alertes d'urgence sans fil", 'Appium Settings', 'ARD Audiothek']

📌 Liste des applications détectées : ['Réseau et Internet', 'Notifications', 'Son', 'Écran', 'Profils et comptes', 'Position', 'Confidentialité', 'Masquer les applications système', 'Agenda', "Alertes d'urgence sans fil", 'Appium Settings', 'ARD Audiothek']
🔄 Swipe en cours...

📌 Liste des applications détectées : ['Bluetooth', 'Réseau et Internet', 'Notifications', 'Son', 'Écran', 'Profils et comptes', 'Position', 'Masquer les applications système', 'Agenda', "Alertes d'urgence sans fil", 'Appium Settings', 'ARD Audiothek']
🔄 Swipe en cours...

📌 Liste des applications détectées : ['Bluetooth', 'Réseau et Internet', 'Notifications', 'Son', 'Écran', 'Profils et comptes', 'Position', 'Masquer les applications système', 'Agenda', "Alertes d'urgence sans fil", 'Appium Settings', 'ARD Audiothek']
✅ Retour à la first home page !
(0, 76, 550, 696)
###################################
(0, 76, 550, 696)

📌 Liste des settings détectés dans la zone : ['Bluetooth', 'Réseau et Internet', 'Notifications', 'Son', 'Écran', 'Profils et comptes', 'Position']
First Home Page détectée : ['Bluetooth', 'Réseau et Internet', 'Notifications', 'Son', 'Écran', 'Profils et comptes', 'Position']
 Bluetooth trouvé ! Appui sur le nom.</msg>
<arg>${driver}</arg>
<arg>Bluetooth</arg>
<arg>${Setting_menu}</arg>
<status status="PASS" start="2025-03-27T14:43:16.701705" elapsed="50.295337"/>
</kw>
<kw name="Element Existe Par Accessibility Id" owner="Integration">
<msg time="2025-03-27T14:44:07.064288" level="INFO">${ble} = True</msg>
<var>${ble}</var>
<arg>${driver}</arg>
<arg>Bluetooth toggle switch</arg>
<status status="PASS" start="2025-03-27T14:44:06.997299" elapsed="0.067034"/>
</kw>
<kw name="Should Be True" owner="BuiltIn">
<arg>${ble}</arg>
<arg>Les paramètres de Bluetooth ne s'affichent pas.</arg>
<doc>Fails if the given condition is not true.</doc>
<status status="PASS" start="2025-03-27T14:44:07.064478" elapsed="0.000196"/>
</kw>
<kw name="Activer Bluetooth Si Desactive" owner="Integration">
<msg time="2025-03-27T14:44:07.295967" level="INFO">❌ Le Bluetooth est désactivé. Activation en cours...
✅ Bluetooth activé avec succès !</msg>
<arg>${driver}</arg>
<arg>android:id/switch_widget</arg>
<status status="PASS" start="2025-03-27T14:44:07.064765" elapsed="0.231316"/>
</kw>
<kw name="Sleep" owner="BuiltIn">
<msg time="2025-03-27T14:44:10.297106" level="INFO">Slept 3 seconds.</msg>
<arg>3s</arg>
<doc>Pauses the test executed for the given time.</doc>
<status status="PASS" start="2025-03-27T14:44:07.296298" elapsed="3.000921"/>
</kw>
<kw name="Verfier Bluetooth Activer" owner="Integration">
<msg time="2025-03-27T14:44:10.740356" level="INFO">${verifier_ble_ui} = True</msg>
<var>${verifier_ble_ui}</var>
<arg>${driver}</arg>
<arg>android:id/switch_widget</arg>
<status status="PASS" start="2025-03-27T14:44:10.297387" elapsed="0.443027"/>
</kw>
<kw name="Should Be True" owner="BuiltIn">
<arg>${verifier_ble_ui}</arg>
<arg>Le Bluetooth ne s'active pas (ui).</arg>
<doc>Fails if the given condition is not true.</doc>
<status status="PASS" start="2025-03-27T14:44:10.740582" elapsed="0.000212"/>
</kw>
<kw name="Est Bluetooth Active" owner="Integration">
<msg time="2025-03-27T14:44:10.858872" level="INFO">✅ Bluetooth est activé.</msg>
<msg time="2025-03-27T14:44:10.859024" level="INFO">${verfier_ble_adb} = True</msg>
<var>${verfier_ble_adb}</var>
<arg>${Device}</arg>
<status status="PASS" start="2025-03-27T14:44:10.740906" elapsed="0.118150"/>
</kw>
<kw name="Should Be True" owner="BuiltIn">
<arg>${verfier_ble_adb}</arg>
<arg>Le Bluetooth ne s'active pas (via adb).</arg>
<doc>Fails if the given condition is not true.</doc>
<status status="PASS" start="2025-03-27T14:44:10.859227" elapsed="0.000203"/>
</kw>
<doc>Ce test vérifie si le Bluetooth peut être activé sur l'appareil en accédant aux paramètres.  Il vérifie que l'élément Bluetooth est bien présent, puis tente de activer Bluetooth et de vérifier son statut.</doc>
<status status="PASS" start="2025-03-27T14:42:38.823379" elapsed="92.036190"/>
</test>
<test id="s1-t2" name="Test Pairing Bluetooth" line="61">
<kw name="Setup Driver" owner="Integration">
<msg time="2025-03-27T14:44:19.555153" level="INFO">${driver} = &lt;appium.webdriver.webdriver.WebDriver (session="1063457d-3e9f-4a1b-b3bc-136dc19a1ff2")&gt;</msg>
<var>${driver}</var>
<arg>${Device}</arg>
<doc>Initialise et retourne le driver Appium.</doc>
<status status="PASS" start="2025-03-27T14:44:10.860189" elapsed="8.695024"/>
</kw>
<kw name="Get System Language" owner="Integration">
<msg time="2025-03-27T14:44:19.612360" level="INFO">${lang} = fr</msg>
<var>${lang}</var>
<arg>${Device}</arg>
<status status="PASS" start="2025-03-27T14:44:19.555378" elapsed="0.057051"/>
</kw>
<if>
<branch type="IF" condition="'${lang}' == 'fr'">
<kw name="Set Variable" owner="BuiltIn">
<msg time="2025-03-27T14:44:19.613158" level="INFO">${System} = Système</msg>
<var>${System}</var>
<arg>Système</arg>
<doc>Returns the given values which can then be assigned to a variables.</doc>
<status status="PASS" start="2025-03-27T14:44:19.612970" elapsed="0.000228"/>
</kw>
<kw name="Set Variable" owner="BuiltIn">
<msg time="2025-03-27T14:44:19.613443" level="INFO">${Setting} = Paramètres</msg>
<var>${Setting}</var>
<arg>Paramètres</arg>
<doc>Returns the given values which can then be assigned to a variables.</doc>
<status status="PASS" start="2025-03-27T14:44:19.613317" elapsed="0.000154"/>
</kw>
<kw name="Set Variable" owner="BuiltIn">
<msg time="2025-03-27T14:44:19.613688" level="INFO">${apps} = Applis</msg>
<var>${apps}</var>
<arg>Applis</arg>
<doc>Returns the given values which can then be assigned to a variables.</doc>
<status status="PASS" start="2025-03-27T14:44:19.613576" elapsed="0.000139"/>
</kw>
<kw name="Set Variable" owner="BuiltIn">
<msg time="2025-03-27T14:44:19.613930" level="INFO">${Consulter_allapps} = Voir les</msg>
<var>${Consulter_allapps}</var>
<arg>Voir les</arg>
<doc>Returns the given values which can then be assigned to a variables.</doc>
<status status="PASS" start="2025-03-27T14:44:19.613816" elapsed="0.000140"/>
</kw>
<kw name="Set Variable" owner="BuiltIn">
<msg time="2025-03-27T14:44:19.614167" level="INFO">${DesButton} = Désinstaller</msg>
<var>${DesButton}</var>
<arg>Désinstaller</arg>
<doc>Returns the given values which can then be assigned to a variables.</doc>
<status status="PASS" start="2025-03-27T14:44:19.614056" elapsed="0.000137"/>
</kw>
<kw name="Set Variable" owner="BuiltIn">
<msg time="2025-03-27T14:44:19.614389" level="INFO">${confirme} = OK</msg>
<var>${confirme}</var>
<arg>OK</arg>
<doc>Returns the given values which can then be assigned to a variables.</doc>
<status status="PASS" start="2025-03-27T14:44:19.614289" elapsed="0.000124"/>
</kw>
<kw name="Set Variable" owner="BuiltIn">
<msg time="2025-03-27T14:44:19.614598" level="INFO">${pairing} = Associer un nouvel appareil</msg>
<var>${pairing}</var>
<arg>Associer un nouvel appareil</arg>
<doc>Returns the given values which can then be assigned to a variables.</doc>
<status status="PASS" start="2025-03-27T14:44:19.614499" elapsed="0.000123"/>
</kw>
<kw name="Set Variable" owner="BuiltIn">
<msg time="2025-03-27T14:44:19.614788" level="INFO">${pairing_conf} = Associer</msg>
<var>${pairing_conf}</var>
<arg>Associer</arg>
<doc>Returns the given values which can then be assigned to a variables.</doc>
<status status="PASS" start="2025-03-27T14:44:19.614702" elapsed="0.000109"/>
</kw>
<kw name="Set Variable" owner="BuiltIn">
<msg time="2025-03-27T14:44:19.614989" level="INFO">${pairing_conf2} = Continuer</msg>
<var>${pairing_conf2}</var>
<arg>Continuer</arg>
<doc>Returns the given values which can then be assigned to a variables.</doc>
<status status="PASS" start="2025-03-27T14:44:19.614892" elapsed="0.000120"/>
</kw>
<status status="PASS" start="2025-03-27T14:44:19.612632" elapsed="0.002415"/>
</branch>
<branch type="ELSE">
<kw name="Set Variable" owner="BuiltIn">
<var>${System}</var>
<arg>System</arg>
<doc>Returns the given values which can then be assigned to a variables.</doc>
<status status="NOT RUN" start="2025-03-27T14:44:19.615162" elapsed="0.000018"/>
</kw>
<kw name="Set Variable" owner="BuiltIn">
<var>${Setting}</var>
<arg>Settings</arg>
<doc>Returns the given values which can then be assigned to a variables.</doc>
<status status="NOT RUN" start="2025-03-27T14:44:19.615262" elapsed="0.000017"/>
</kw>
<kw name="Set Variable" owner="BuiltIn">
<var>${apps}</var>
<arg>Applis</arg>
<doc>Returns the given values which can then be assigned to a variables.</doc>
<status status="NOT RUN" start="2025-03-27T14:44:19.615361" elapsed="0.000017"/>
</kw>
<kw name="Set Variable" owner="BuiltIn">
<var>${Consulter_allapps}</var>
<arg>Voir les</arg>
<doc>Returns the given values which can then be assigned to a variables.</doc>
<status status="NOT RUN" start="2025-03-27T14:44:19.615455" elapsed="0.000017"/>
</kw>
<kw name="Set Variable" owner="BuiltIn">
<var>${DesButton}</var>
<arg>Désinstaller</arg>
<doc>Returns the given values which can then be assigned to a variables.</doc>
<status status="NOT RUN" start="2025-03-27T14:44:19.615549" elapsed="0.000017"/>
</kw>
<kw name="Set Variable" owner="BuiltIn">
<var>${confirme}</var>
<arg>OK</arg>
<doc>Returns the given values which can then be assigned to a variables.</doc>
<status status="NOT RUN" start="2025-03-27T14:44:19.615646" elapsed="0.000017"/>
</kw>
<kw name="Set Variable" owner="BuiltIn">
<var>${pairing}</var>
<arg>Associer un nouvel appareil</arg>
<doc>Returns the given values which can then be assigned to a variables.</doc>
<status status="NOT RUN" start="2025-03-27T14:44:19.615887" elapsed="0.000020"/>
</kw>
<kw name="Set Variable" owner="BuiltIn">
<var>${pairing_conf}</var>
<arg>Associer</arg>
<doc>Returns the given values which can then be assigned to a variables.</doc>
<status status="NOT RUN" start="2025-03-27T14:44:19.615992" elapsed="0.000018"/>
</kw>
<kw name="Set Variable" owner="BuiltIn">
<var>${pairing_conf2}</var>
<arg>Continuer</arg>
<doc>Returns the given values which can then be assigned to a variables.</doc>
<status status="NOT RUN" start="2025-03-27T14:44:19.616092" elapsed="0.000017"/>
</kw>
<status status="NOT RUN" start="2025-03-27T14:44:19.615082" elapsed="0.001062"/>
</branch>
<status status="PASS" start="2025-03-27T14:44:19.612575" elapsed="0.003600"/>
</if>
<kw name="Setup Driver Mobile" owner="script_mobile">
<msg time="2025-03-27T14:44:23.960757" level="INFO">${driver_mobile} = &lt;appium.webdriver.webdriver.WebDriver (session="4c86db56-38ab-4c5a-8587-9abd2fe35276")&gt;</msg>
<var>${driver_mobile}</var>
<arg>${Device_mobile}</arg>
<doc>Initialise et retourne le driver Appium.</doc>
<status status="PASS" start="2025-03-27T14:44:19.616253" elapsed="4.344571"/>
</kw>
<kw name="Get Bluetooth Name" owner="script_mobile">
<msg time="2025-03-27T14:44:24.037716" level="INFO">${name_bluetooth_mobile} = sdk_gphone64_x86_64</msg>
<var>${name_bluetooth_mobile}</var>
<arg>${driver_mobile}</arg>
<doc>Récupère le nom de l'appareil Bluetooth via ADB.</doc>
<status status="PASS" start="2025-03-27T14:44:23.961050" elapsed="0.076723"/>
</kw>
<kw name="Log" owner="BuiltIn">
<msg time="2025-03-27T14:44:24.038154" level="INFO">sdk_gphone64_x86_64</msg>
<arg>${name_bluetooth_mobile}</arg>
<doc>Logs the given message with the given level.</doc>
<status status="PASS" start="2025-03-27T14:44:24.037968" elapsed="0.000242"/>
</kw>
<kw name="Press Key" owner="Integration">
<msg time="2025-03-27T14:44:24.103996" level="INFO">Keycode 176 pressé.</msg>
<arg>${driver_mobile}</arg>
<arg>176</arg>
<doc>Effectue un appui sur une touche spécifique via son keycode.</doc>
<status status="PASS" start="2025-03-27T14:44:24.038329" elapsed="0.065753"/>
</kw>
<kw name="Click Element By Text Att" owner="Integration">
<msg time="2025-03-27T14:44:24.181165" level="FAIL">NoSuchElementException: Message: An element could not be located on the page using the given search parameters.; For documentation on this error, please visit: https://www.selenium.dev/documentation/webdriver/troubleshooting/errors#no-such-element-exception
Stacktrace:
NoSuchElementError: An element could not be located on the page using the given search parameters.
    at AndroidUiautomator2Driver.findElOrEls (C:\Users\bahae\.appium\node_modules\appium-uiautomator2-driver\node_modules\appium-android-driver\lib\commands\find.ts:86:11)
    at processTicksAndRejections (node:internal/process/task_queues:95:5)
    at AndroidUiautomator2Driver.findElOrElsWithProcessing (C:\Users\bahae\AppData\Roaming\npm\node_modules\appium\node_modules\@appium\base-driver\lib\basedriver\commands\find.ts:60:12)
    at AndroidUiautomator2Driver.findElement (C:\Users\bahae\AppData\Roaming\npm\node_modules\appium\node_modules\@appium\base-driver\lib\basedriver\commands\find.ts:75:12)</msg>
<arg>${driver_mobile}</arg>
<arg>Bluetooth, pairing</arg>
<status status="FAIL" start="2025-03-27T14:44:24.104242" elapsed="0.080089">NoSuchElementException: Message: An element could not be located on the page using the given search parameters.; For documentation on this error, please visit: https://www.selenium.dev/documentation/webdriver/troubleshooting/errors#no-such-element-exception
Stacktrace:
NoSuchElementError: An element could not be located on the page using the given search parameters.
    at AndroidUiautomator2Driver.findElOrEls (C:\Users\bahae\.appium\node_modules\appium-uiautomator2-driver\node_modules\appium-android-driver\lib\commands\find.ts:86:11)
    at processTicksAndRejections (node:internal/process/task_queues:95:5)
    at AndroidUiautomator2Driver.findElOrElsWithProcessing (C:\Users\bahae\AppData\Roaming\npm\node_modules\appium\node_modules\@appium\base-driver\lib\basedriver\commands\find.ts:60:12)
    at AndroidUiautomator2Driver.findElement (C:\Users\bahae\AppData\Roaming\npm\node_modules\appium\node_modules\@appium\base-driver\lib\basedriver\commands\find.ts:75:12)</status>
</kw>
<kw name="Sleep" owner="BuiltIn">
<arg>2s</arg>
<doc>Pauses the test executed for the given time.</doc>
<status status="NOT RUN" start="2025-03-27T14:44:24.184533" elapsed="0.000031"/>
</kw>
<kw name="Click Element By Text Att" owner="Integration">
<arg>${driver}</arg>
<arg>${pairing}</arg>
<status status="NOT RUN" start="2025-03-27T14:44:24.184659" elapsed="0.000024"/>
</kw>
<kw name="Sleep" owner="BuiltIn">
<arg>4s</arg>
<doc>Pauses the test executed for the given time.</doc>
<status status="NOT RUN" start="2025-03-27T14:44:24.184780" elapsed="0.000021"/>
</kw>
<kw name="Click Element By Text Att" owner="Integration">
<arg>${driver}</arg>
<arg>${name_bluetooth_mobile}</arg>
<status status="NOT RUN" start="2025-03-27T14:44:24.184893" elapsed="0.000021"/>
</kw>
<kw name="Sleep" owner="BuiltIn">
<arg>2s</arg>
<doc>Pauses the test executed for the given time.</doc>
<status status="NOT RUN" start="2025-03-27T14:44:24.185002" elapsed="0.000019"/>
</kw>
<kw name="Click Element By Text Att" owner="Integration">
<arg>${driver_mobile}</arg>
<arg>Pair</arg>
<status status="NOT RUN" start="2025-03-27T14:44:24.185104" elapsed="0.000019"/>
</kw>
<kw name="Click Element By Text Att" owner="Integration">
<arg>${driver}</arg>
<arg>${pairing_conf}</arg>
<status status="NOT RUN" start="2025-03-27T14:44:24.185203" elapsed="0.000018"/>
</kw>
<kw name="Sleep" owner="BuiltIn">
<arg>2s</arg>
<doc>Pauses the test executed for the given time.</doc>
<status status="NOT RUN" start="2025-03-27T14:44:24.185315" elapsed="0.000020"/>
</kw>
<kw name="Click Element By Text Att" owner="Integration">
<arg>${driver_mobile}</arg>
<arg>Allow</arg>
<status status="NOT RUN" start="2025-03-27T14:44:24.185414" elapsed="0.000019"/>
</kw>
<kw name="Click Element By Text Att" owner="Integration">
<arg>${driver}</arg>
<arg>${pairing_conf2}</arg>
<status status="NOT RUN" start="2025-03-27T14:44:24.185507" elapsed="0.000018"/>
</kw>
<kw name="Sleep" owner="BuiltIn">
<arg>2s</arg>
<doc>Pauses the test executed for the given time.</doc>
<status status="NOT RUN" start="2025-03-27T14:44:24.185603" elapsed="0.000019"/>
</kw>
<kw name="Is Bluetooth Connected" owner="Integration">
<var>${verif_adb}</var>
<arg>${driver}</arg>
<arg>${name_bluetooth_mobile}</arg>
<doc>Vérifie si un appareil Bluetooth spécifique est connecté.</doc>
<status status="NOT RUN" start="2025-03-27T14:44:24.185713" elapsed="0.000019"/>
</kw>
<kw name="Should Be True" owner="BuiltIn">
<arg>${verif_adb}</arg>
<arg>Le Bluetooth n'est pas connecté (via ADB).</arg>
<doc>Fails if the given condition is not true.</doc>
<status status="NOT RUN" start="2025-03-27T14:44:24.185829" elapsed="0.000021"/>
</kw>
<status status="FAIL" start="2025-03-27T14:44:10.859846" elapsed="13.326235">NoSuchElementException: Message: An element could not be located on the page using the given search parameters.; For documentation on this error, please visit: https://www.selenium.dev/documentation/webdriver/troubleshooting/errors#no-such-element-exception
Stacktrace:
NoSuchElementError: An element could not be located on the page using the given search parameters.
    at AndroidUiautomator2Driver.findElOrEls (C:\Users\bahae\.appium\node_modules\appium-uiautomator2-driver\node_modules\appium-android-driver\lib\commands\find.ts:86:11)
    at processTicksAndRejections (node:internal/process/task_queues:95:5)
    at AndroidUiautomator2Driver.findElOrElsWithProcessing (C:\Users\bahae\AppData\Roaming\npm\node_modules\appium\node_modules\@appium\base-driver\lib\basedriver\commands\find.ts:60:12)
    at AndroidUiautomator2Driver.findElement (C:\Users\bahae\AppData\Roaming\npm\node_modules\appium\node_modules\@appium\base-driver\lib\basedriver\commands\find.ts:75:12)</status>
</test>
<test id="s1-t3" name="Test Fermer Bluetooth" line="119">
<kw name="Setup Driver" owner="Integration">
<msg time="2025-03-27T14:44:31.230117" level="INFO">${driver} = &lt;appium.webdriver.webdriver.WebDriver (session="9dad8baa-82d0-467c-a344-5a203fddde41")&gt;</msg>
<var>${driver}</var>
<arg>${Device}</arg>
<doc>Initialise et retourne le driver Appium.</doc>
<status status="PASS" start="2025-03-27T14:44:24.186990" elapsed="7.043176"/>
</kw>
<kw name="Get System Language" owner="Integration">
<msg time="2025-03-27T14:44:31.279031" level="INFO">${lang} = fr</msg>
<var>${lang}</var>
<arg>${Device}</arg>
<status status="PASS" start="2025-03-27T14:44:31.230315" elapsed="0.048765"/>
</kw>
<if>
<branch type="IF" condition="'${lang}' == 'fr'">
<kw name="Set Variable" owner="BuiltIn">
<msg time="2025-03-27T14:44:31.279560" level="INFO">${System} = Système</msg>
<var>${System}</var>
<arg>Système</arg>
<doc>Returns the given values which can then be assigned to a variables.</doc>
<status status="PASS" start="2025-03-27T14:44:31.279423" elapsed="0.000204"/>
</kw>
<kw name="Set Variable" owner="BuiltIn">
<msg time="2025-03-27T14:44:31.279832" level="INFO">${Setting} = Paramètres</msg>
<var>${Setting}</var>
<arg>Paramètres</arg>
<doc>Returns the given values which can then be assigned to a variables.</doc>
<status status="PASS" start="2025-03-27T14:44:31.279726" elapsed="0.000132"/>
</kw>
<kw name="Set Variable" owner="BuiltIn">
<msg time="2025-03-27T14:44:31.280045" level="INFO">${apps} = Applis</msg>
<var>${apps}</var>
<arg>Applis</arg>
<doc>Returns the given values which can then be assigned to a variables.</doc>
<status status="PASS" start="2025-03-27T14:44:31.279947" elapsed="0.000122"/>
</kw>
<kw name="Set Variable" owner="BuiltIn">
<msg time="2025-03-27T14:44:31.280262" level="INFO">${Consulter_allapps} = Voir les</msg>
<var>${Consulter_allapps}</var>
<arg>Voir les</arg>
<doc>Returns the given values which can then be assigned to a variables.</doc>
<status status="PASS" start="2025-03-27T14:44:31.280156" elapsed="0.000130"/>
</kw>
<kw name="Set Variable" owner="BuiltIn">
<msg time="2025-03-27T14:44:31.280476" level="INFO">${DesButton} = Désinstaller</msg>
<var>${DesButton}</var>
<arg>Désinstaller</arg>
<doc>Returns the given values which can then be assigned to a variables.</doc>
<status status="PASS" start="2025-03-27T14:44:31.280372" elapsed="0.000129"/>
</kw>
<kw name="Set Variable" owner="BuiltIn">
<msg time="2025-03-27T14:44:31.280691" level="INFO">${confirme} = OK</msg>
<var>${confirme}</var>
<arg>OK</arg>
<doc>Returns the given values which can then be assigned to a variables.</doc>
<status status="PASS" start="2025-03-27T14:44:31.280591" elapsed="0.000124"/>
</kw>
<status status="PASS" start="2025-03-27T14:44:31.279199" elapsed="0.001551"/>
</branch>
<branch type="ELSE">
<kw name="Set Variable" owner="BuiltIn">
<var>${System}</var>
<arg>System</arg>
<doc>Returns the given values which can then be assigned to a variables.</doc>
<status status="NOT RUN" start="2025-03-27T14:44:31.280867" elapsed="0.000017"/>
</kw>
<kw name="Set Variable" owner="BuiltIn">
<var>${Setting}</var>
<arg>Settings</arg>
<doc>Returns the given values which can then be assigned to a variables.</doc>
<status status="NOT RUN" start="2025-03-27T14:44:31.280969" elapsed="0.000016"/>
</kw>
<kw name="Set Variable" owner="BuiltIn">
<var>${apps}</var>
<arg>Applis</arg>
<doc>Returns the given values which can then be assigned to a variables.</doc>
<status status="NOT RUN" start="2025-03-27T14:44:31.281062" elapsed="0.000015"/>
</kw>
<kw name="Set Variable" owner="BuiltIn">
<var>${Consulter_allapps}</var>
<arg>Voir les</arg>
<doc>Returns the given values which can then be assigned to a variables.</doc>
<status status="NOT RUN" start="2025-03-27T14:44:31.281149" elapsed="0.000015"/>
</kw>
<kw name="Set Variable" owner="BuiltIn">
<var>${DesButton}</var>
<arg>Désinstaller</arg>
<doc>Returns the given values which can then be assigned to a variables.</doc>
<status status="NOT RUN" start="2025-03-27T14:44:31.281234" elapsed="0.000014"/>
</kw>
<kw name="Set Variable" owner="BuiltIn">
<var>${confirme}</var>
<arg>OK</arg>
<doc>Returns the given values which can then be assigned to a variables.</doc>
<status status="NOT RUN" start="2025-03-27T14:44:31.281318" elapsed="0.000014"/>
</kw>
<status status="NOT RUN" start="2025-03-27T14:44:31.280783" elapsed="0.000577"/>
</branch>
<status status="PASS" start="2025-03-27T14:44:31.279165" elapsed="0.002216"/>
</if>
<kw name="Open Application With Click" owner="Integration">
<msg time="2025-03-27T14:44:59.621833" level="INFO">📌 Liste des applications détectées : ['Agenda', 'Appium Settings', 'ARD Audiothek', 'Audio Bluetooth', 'Crunchyroll', 'Google Assistant', 'Google\xa0Actualités', 'Home Assistant', 'Local Media Player', 'Maps', 'Paramètres', 'Play\xa0Store', 'Prime Video', 'SMS', 'Spotify']
📌 First Home Page détectée : ['Agenda', 'Appium Settings', 'ARD Audiothek', 'Audio Bluetooth', 'Crunchyroll', 'Google Assistant', 'Google\xa0Actualités', 'Home Assistant', 'Local Media Player', 'Maps', 'Paramètres', 'Play\xa0Store', 'Prime Video', 'SMS', 'Spotify']

📌 Liste des applications détectées : ['Agenda', 'Appium Settings', 'ARD Audiothek', 'Audio Bluetooth', 'Crunchyroll', 'Google Assistant', 'Google\xa0Actualités', 'Home Assistant', 'Local Media Player', 'Maps', 'Paramètres', 'Play\xa0Store', 'Prime Video', 'SMS', 'Spotify']
✅ Retour à la first home page !
111111111111111111111
2222222222222222

📌 Liste des applications détectées : ['Agenda', 'Appium Settings', 'ARD Audiothek', 'Audio Bluetooth', 'Crunchyroll', 'Google Assistant', 'Google\xa0Actualités', 'Home Assistant', 'Local Media Player', 'Maps', 'Paramètres', 'Play\xa0Store', 'Prime Video', 'SMS', 'Spotify']
3333333333333333333
125 619 269 657</msg>
<msg time="2025-03-27T14:44:59.621989" level="INFO">${resultat} = True</msg>
<var>${resultat}</var>
<arg>${driver}</arg>
<arg>${Setting}</arg>
<status status="PASS" start="2025-03-27T14:44:31.281454" elapsed="28.340565"/>
</kw>
<kw name="Sleep" owner="BuiltIn">
<msg time="2025-03-27T14:45:01.622810" level="INFO">Slept 2 seconds.</msg>
<arg>2s</arg>
<doc>Pauses the test executed for the given time.</doc>
<status status="PASS" start="2025-03-27T14:44:59.622170" elapsed="2.000752"/>
</kw>
<kw name="Check Element Exists By Id" owner="Integration">
<msg time="2025-03-27T14:45:01.697598" level="INFO">${Verfier} = True</msg>
<var>${Verfier}</var>
<arg>${driver}</arg>
<arg>${Setting_xpath_id}</arg>
<doc>Vérifie si un élément existe en utilisant son ID.</doc>
<status status="PASS" start="2025-03-27T14:45:01.623086" elapsed="0.074567"/>
</kw>
<kw name="Should Be True" owner="BuiltIn">
<arg>${Verfier}</arg>
<arg>Setting n'est pas affiché.</arg>
<doc>Fails if the given condition is not true.</doc>
<status status="PASS" start="2025-03-27T14:45:01.697812" elapsed="0.000198"/>
</kw>
<kw name="Clique Sur Setting" owner="Integration">
<msg time="2025-03-27T14:45:33.844599" level="INFO">📌 Liste des applications détectées : ['Bluetooth', 'Réseau et Internet', 'Notifications', 'Son', 'Écran', 'Profils et comptes', 'Position', 'Utiliser le Bluetooth', 'Appareils associés', 'sdk_gphone64_x86_64', 'Associer un nouvel appareil']
📌 First Home Page détectée : ['Bluetooth', 'Réseau et Internet', 'Notifications', 'Son', 'Écran', 'Profils et comptes', 'Position', 'Utiliser le Bluetooth', 'Appareils associés', 'sdk_gphone64_x86_64', 'Associer un nouvel appareil']

📌 Liste des applications détectées : ['Bluetooth', 'Réseau et Internet', 'Notifications', 'Son', 'Écran', 'Profils et comptes', 'Position', 'Utiliser le Bluetooth', 'Appareils associés', 'sdk_gphone64_x86_64', 'Associer un nouvel appareil']
✅ Retour à la first home page !
(0, 76, 550, 696)
###################################
(0, 76, 550, 696)

📌 Liste des settings détectés dans la zone : ['Bluetooth', 'Réseau et Internet', 'Notifications', 'Son', 'Écran', 'Profils et comptes', 'Position']
First Home Page détectée : ['Bluetooth', 'Réseau et Internet', 'Notifications', 'Son', 'Écran', 'Profils et comptes', 'Position']
 Bluetooth trouvé ! Appui sur le nom.</msg>
<arg>${driver}</arg>
<arg>Bluetooth</arg>
<arg>${Setting_menu}</arg>
<status status="PASS" start="2025-03-27T14:45:01.698101" elapsed="32.146749"/>
</kw>
<kw name="Element Existe Par Accessibility Id" owner="Integration">
<msg time="2025-03-27T14:45:33.925124" level="INFO">${ble} = True</msg>
<var>${ble}</var>
<arg>${driver}</arg>
<arg>Bluetooth toggle switch</arg>
<status status="PASS" start="2025-03-27T14:45:33.845046" elapsed="0.080131"/>
</kw>
<kw name="Should Be True" owner="BuiltIn">
<arg>${ble}</arg>
<arg>Les paramètres de Bluetooth ne s'affichent pas.</arg>
<doc>Fails if the given condition is not true.</doc>
<status status="PASS" start="2025-03-27T14:45:33.925345" elapsed="0.000207"/>
</kw>
<kw name="Desactive Bluetooth Si Activer" owner="Integration">
<msg time="2025-03-27T14:45:35.222869" level="INFO">✅ Le Bluetooth est désactivé.</msg>
<arg>${driver}</arg>
<arg>android:id/switch_widget</arg>
<status status="PASS" start="2025-03-27T14:45:33.925656" elapsed="1.297332"/>
</kw>
<kw name="Sleep" owner="BuiltIn">
<msg time="2025-03-27T14:45:38.223597" level="INFO">Slept 3 seconds.</msg>
<arg>3s</arg>
<doc>Pauses the test executed for the given time.</doc>
<status status="PASS" start="2025-03-27T14:45:35.223206" elapsed="3.000502"/>
</kw>
<kw name="Verfier Bluetooth Activer" owner="Integration">
<msg time="2025-03-27T14:45:38.363120" level="INFO">${verifier_ble_ui} = False</msg>
<var>${verifier_ble_ui}</var>
<arg>${driver}</arg>
<arg>android:id/switch_widget</arg>
<status status="PASS" start="2025-03-27T14:45:38.223871" elapsed="0.139297"/>
</kw>
<kw name="Should Not Be True" owner="BuiltIn">
<arg>${verifier_ble_ui}</arg>
<arg>Le Bluetooth ne desactive pas (ui).</arg>
<doc>Fails if the given condition is true.</doc>
<status status="PASS" start="2025-03-27T14:45:38.363316" elapsed="0.000198"/>
</kw>
<kw name="Est Bluetooth Active" owner="Integration">
<msg time="2025-03-27T14:45:38.428169" level="INFO">❌ Bluetooth est désactivé.</msg>
<msg time="2025-03-27T14:45:38.428312" level="INFO">${verfier_ble_adb} = False</msg>
<var>${verfier_ble_adb}</var>
<arg>${Device}</arg>
<status status="PASS" start="2025-03-27T14:45:38.363619" elapsed="0.064719"/>
</kw>
<kw name="Should Not Be True" owner="BuiltIn">
<arg>${verfier_ble_adb}</arg>
<arg>Le Bluetooth ne desactive pas (via adb).</arg>
<doc>Fails if the given condition is true.</doc>
<status status="PASS" start="2025-03-27T14:45:38.428487" elapsed="0.000201"/>
</kw>
<doc>Ce test vérifie si le Bluetooth peut être désactivé sur l'appareil en accédant aux paramètres.  Il vérifie que l'élément Bluetooth est bien présent, puis tente de désactiver Bluetooth et de vérifier son statut.</doc>
<status status="PASS" start="2025-03-27T14:44:24.186457" elapsed="74.242346"/>
</test>
<doc>Ce fichier contient des tests d'activation et de désactivation du Bluetooth sur un appareil Android. Les tests vérifient que les paramètres Bluetooth sont accessibles et que les actions d'activation/désactivation fonctionnent correctement. Les tests prennent en charge les interfaces en français et en anglais.</doc>
<status status="FAIL" start="2025-03-27T14:42:38.579649" elapsed="179.849611"/>
</suite>
<statistics>
<total>
<stat pass="2" fail="1" skip="0">All Tests</stat>
</total>
<tag>
</tag>
<suite>
<stat name="FonctionnaliteBluetooth" id="s1" pass="2" fail="1" skip="0">FonctionnaliteBluetooth</stat>
</suite>
</statistics>
<errors>
</errors>
</robot>
