<?xml version="1.0" encoding="UTF-8"?>
<robot generator="Robot 7.2.2 (Python 3.12.5 on win32)" generated="2025-05-29T17:03:50.410451" rpa="false" schemaversion="5">
<suite id="s1" name="TestsAudio" source="C:\Users\bahae\Documents\PfeProject\test_cases\TestsAudio.robot">
<kw name="Démarrer Driver" type="SETUP">
<kw name="Log" owner="BuiltIn">
<msg time="2025-05-29T17:03:54.018361" level="INFO">Tentative d'initialisation du driver Appium...</msg>
<arg>Tentative d'initialisation du driver Appium...</arg>
<doc>Logs the given message with the given level.</doc>
<status status="PASS" start="2025-05-29T17:03:54.018361" elapsed="0.000000"/>
</kw>
<kw name="Log" owner="BuiltIn">
<msg time="2025-05-29T17:03:54.019362" level="INFO">URL Appium: C:\Users\bahae\Documents\PfeProject\test_cases\..\config.py</msg>
<arg>URL Appium: C:\\Users\\bahae\\Documents\\PfeProject\\test_cases${/}..${/}config.py</arg>
<doc>Logs the given message with the given level.</doc>
<status status="PASS" start="2025-05-29T17:03:54.018361" elapsed="0.001001"/>
</kw>
<kw name="Run Keyword And Ignore Error" owner="BuiltIn">
<kw name="Setup Driver" owner="Integration">
<arg>${Device}</arg>
<doc>Initialise et retourne le driver Appium.</doc>
<status status="PASS" start="2025-05-29T17:03:54.019362" elapsed="3.228491"/>
</kw>
<msg time="2025-05-29T17:03:57.247853" level="INFO">${result} = ('PASS', &lt;appium.webdriver.webdriver.WebDriver (session="f27f9711-a0f4-40a4-ab93-78e3a26d154e")&gt;)</msg>
<var>${result}</var>
<arg>setup driver</arg>
<arg>${Device}</arg>
<doc>Runs the given keyword with the given arguments and ignores possible error.</doc>
<status status="PASS" start="2025-05-29T17:03:54.019362" elapsed="3.228491"/>
</kw>
<kw name="Set Variable" owner="BuiltIn">
<msg time="2025-05-29T17:03:57.248855" level="INFO">${status} = PASS</msg>
<msg time="2025-05-29T17:03:57.248855" level="INFO">${driver} = &lt;appium.webdriver.webdriver.WebDriver (session="f27f9711-a0f4-40a4-ab93-78e3a26d154e")&gt;</msg>
<var>${status}</var>
<var>${driver}</var>
<arg>${result}</arg>
<doc>Returns the given values which can then be assigned to a variables.</doc>
<status status="PASS" start="2025-05-29T17:03:57.248855" elapsed="0.000000"/>
</kw>
<if>
<branch type="IF" condition="'${status}' == 'FAIL'">
<kw name="Log" owner="BuiltIn">
<arg>Échec de l'initialisation du driver: ${driver}</arg>
<doc>Logs the given message with the given level.</doc>
<status status="NOT RUN" start="2025-05-29T17:03:57.248855" elapsed="0.000000"/>
</kw>
<kw name="Fail" owner="BuiltIn">
<arg>Impossible d'initialiser le driver Appium: ${driver}</arg>
<doc>Fails the test with the given message and optionally alters its tags.</doc>
<status status="NOT RUN" start="2025-05-29T17:03:57.248855" elapsed="0.000000"/>
</kw>
<status status="NOT RUN" start="2025-05-29T17:03:57.248855" elapsed="0.000000"/>
</branch>
<status status="PASS" start="2025-05-29T17:03:57.248855" elapsed="0.000000"/>
</if>
<kw name="Set Suite Variable" owner="BuiltIn">
<msg time="2025-05-29T17:03:57.249858" level="INFO">${driver} = &lt;appium.webdriver.webdriver.WebDriver (session="f27f9711-a0f4-40a4-ab93-78e3a26d154e")&gt;</msg>
<arg>${driver}</arg>
<doc>Makes a variable available everywhere within the scope of the current suite.</doc>
<status status="PASS" start="2025-05-29T17:03:57.248855" elapsed="0.001003"/>
</kw>
<kw name="Log" owner="BuiltIn">
<msg time="2025-05-29T17:03:57.249858" level="INFO">Driver Appium initialisé avec succès</msg>
<arg>Driver Appium initialisé avec succès</arg>
<doc>Logs the given message with the given level.</doc>
<status status="PASS" start="2025-05-29T17:03:57.249858" elapsed="0.000000"/>
</kw>
<status status="PASS" start="2025-05-29T17:03:54.017361" elapsed="3.232497"/>
</kw>
<test id="s1-t1" name="Test fgdya" line="236">
<kw name="Close Activity Robot" owner="Integration">
<msg time="2025-05-29T17:03:58.515808" level="INFO">Échec de terminateApp: Message: The following required parameter is missing: ["appId"]
Known required parameters are: ["appId"]
Known optional parameters are: ["timeout"]
You have provided none
Stacktrace:
BadParametersError: The following required parameter is missing: ["appId"]
Known required parameters are: ["appId"]
Known optional parameters are: ["timeout"]
You have provided none
    at checkParams (C:\Users\bahae\AppData\Roaming\npm\node_modules\appium\node_modules\@appium\base-driver\lib\protocol\protocol.js:155:9)
    at validateExecuteMethodParams (C:\Users\bahae\AppData\Roaming\npm\node_modules\appium\node_modules\@appium\base-driver\lib\protocol\protocol.js:242:5)
    at AndroidUiautomator2Driver.executeMethod (C:\Users\bahae\AppData\Roaming\npm\node_modules\appium\node_modules\@appium\base-driver\lib\basedriver\commands\execute.ts:34:45)
    at AndroidUiautomator2Driver.execute (C:\Users\bahae\.appium\node_modules\appium-uiautomator2-driver\node_modules\appium-android-driver\lib\commands\execute.js:17:23)
    at runCommandPromise (C:\Users\bahae\AppData\Roaming\npm\node_modules\appium\node_modules\@appium\base-driver\lib\basedriver\driver.ts:115:20)
    at C:\Users\bahae\AppData\Roaming\npm\node_modules\appium\node_modules\async-lock\lib\index.js:171:12
    at AsyncLock._promiseTry (C:\Users\bahae\AppData\Roaming\npm\node_modules\appium\node_modules\async-lock\lib\index.js:306:31)
    at exec (C:\Users\bahae\AppData\Roaming\npm\node_modules\appium\node_modules\async-lock\lib\index.js:170:9)
    at AsyncLock.acquire (C:\Users\bahae\AppData\Roaming\npm\node_modules\appium\node_modules\async-lock\lib\index.js:189:3)
    at AndroidUiautomator2Driver.executeCommand (C:\Users\bahae\AppData\Roaming\npm\node_modules\appium\node_modules\@appium\base-driver\lib\basedriver\driver.ts:159:39)
    at processTicksAndRejections (node:internal/process/task_queues:95:5)
    at defaultBehavior (C:\Users\bahae\AppData\Roaming\npm\node_modules\appium\lib\appium.js:787:14)
    at AppiumDriver.executeWrappedCommand (C:\Users\bahae\AppData\Roaming\npm\node_modules\appium\lib\appium.js:900:16)
    at AppiumDriver.executeCommand (C:\Users\bahae\AppData\Roaming\npm\node_modules\appium\lib\appium.js:799:17)
    at asyncHandler (C:\Users\bahae\AppData\Roaming\npm\node_modules\appium\node_modules\@appium\base-driver\lib\protocol\protocol.js:387:19)
Touche HOME pressée
Application com.example.audioapplicationtest fermée avec force-stop
Application com.example.audioapplicationtest fermée avec succès</msg>
<arg>${driver}</arg>
<arg>com.example.audioapplicationtest</arg>
<doc>Version de close_activity adaptée pour Robot Framework.
Utilise plusieurs méthodes pour s'assurer que l'application est bien fermée.</doc>
<status status="PASS" start="2025-05-29T17:03:57.250855" elapsed="1.264953"/>
</kw>
<status status="PASS" start="2025-05-29T17:03:57.249858" elapsed="1.266950"/>
</test>
<test id="s1-t2" name="Test Audio Recording And Playback" line="239">
<kw name="Close Activity" owner="Integration">
<msg time="2025-05-29T17:03:58.524854" level="INFO">Erreur lors de la fermeture de l'application com.example.audioapplicationtest/.AudioPlayerActivity: Message: The following required parameter is missing: ["appId"]
Known required parameters are: ["appId"]
Known optional parameters are: ["timeout"]
You have provided none
Stacktrace:
BadParametersError: The following required parameter is missing: ["appId"]
Known required parameters are: ["appId"]
Known optional parameters are: ["timeout"]
You have provided none
    at checkParams (C:\Users\bahae\AppData\Roaming\npm\node_modules\appium\node_modules\@appium\base-driver\lib\protocol\protocol.js:155:9)
    at validateExecuteMethodParams (C:\Users\bahae\AppData\Roaming\npm\node_modules\appium\node_modules\@appium\base-driver\lib\protocol\protocol.js:242:5)
    at AndroidUiautomator2Driver.executeMethod (C:\Users\bahae\AppData\Roaming\npm\node_modules\appium\node_modules\@appium\base-driver\lib\basedriver\commands\execute.ts:34:45)
    at AndroidUiautomator2Driver.execute (C:\Users\bahae\.appium\node_modules\appium-uiautomator2-driver\node_modules\appium-android-driver\lib\commands\execute.js:17:23)
    at runCommandPromise (C:\Users\bahae\AppData\Roaming\npm\node_modules\appium\node_modules\@appium\base-driver\lib\basedriver\driver.ts:115:20)
    at C:\Users\bahae\AppData\Roaming\npm\node_modules\appium\node_modules\async-lock\lib\index.js:171:12
    at AsyncLock._promiseTry (C:\Users\bahae\AppData\Roaming\npm\node_modules\appium\node_modules\async-lock\lib\index.js:306:31)
    at exec (C:\Users\bahae\AppData\Roaming\npm\node_modules\appium\node_modules\async-lock\lib\index.js:170:9)
    at AsyncLock.acquire (C:\Users\bahae\AppData\Roaming\npm\node_modules\appium\node_modules\async-lock\lib\index.js:189:3)
    at AndroidUiautomator2Driver.executeCommand (C:\Users\bahae\AppData\Roaming\npm\node_modules\appium\node_modules\@appium\base-driver\lib\basedriver\driver.ts:159:39)
    at processTicksAndRejections (node:internal/process/task_queues:95:5)
    at defaultBehavior (C:\Users\bahae\AppData\Roaming\npm\node_modules\appium\lib\appium.js:787:14)
    at AppiumDriver.executeWrappedCommand (C:\Users\bahae\AppData\Roaming\npm\node_modules\appium\lib\appium.js:900:16)
    at AppiumDriver.executeCommand (C:\Users\bahae\AppData\Roaming\npm\node_modules\appium\lib\appium.js:799:17)
    at asyncHandler (C:\Users\bahae\AppData\Roaming\npm\node_modules\appium\node_modules\@appium\base-driver\lib\protocol\protocol.js:387:19)</msg>
<arg>${driver}</arg>
<arg>com.example.audioapplicationtest/.AudioPlayerActivity</arg>
<doc>Ferme une application spécifique sur un appareil Android via Appium.</doc>
<status status="PASS" start="2025-05-29T17:03:58.517808" elapsed="0.008045"/>
</kw>
<kw name="Execute Test With Retry">
<kw name="Set Variable" owner="BuiltIn">
<msg time="2025-05-29T17:03:58.527480" level="INFO">${attempt} = 1</msg>
<var>${attempt}</var>
<arg>1</arg>
<doc>Returns the given values which can then be assigned to a variables.</doc>
<status status="PASS" start="2025-05-29T17:03:58.527480" elapsed="0.000000"/>
</kw>
<kw name="Set Variable" owner="BuiltIn">
<msg time="2025-05-29T17:03:58.527480" level="INFO">${test_status} = False</msg>
<var>${test_status}</var>
<arg>${FALSE}</arg>
<doc>Returns the given values which can then be assigned to a variables.</doc>
<status status="PASS" start="2025-05-29T17:03:58.527480" elapsed="0.000000"/>
</kw>
<for flavor="IN RANGE">
<iter>
<kw name="Run Keyword And Return Status" owner="BuiltIn">
<kw name="Verify Audio Recording">
<kw name="Initialize Language Settings">
<kw name="Get System Language" owner="Integration">
<msg time="2025-05-29T17:03:58.579240" level="INFO">${lang} = fr</msg>
<var>${lang}</var>
<arg>${Device}</arg>
<status status="PASS" start="2025-05-29T17:03:58.528429" elapsed="0.050811"/>
</kw>
<kw name="Set Variable If" owner="BuiltIn">
<msg time="2025-05-29T17:03:58.579240" level="INFO">${lang_dict} = {'System': 'Système', 'Setting': 'Paramètres', 'Audio': 'Enregistrement', 'Record': 'START', 'Stop': 'STOP', 'Play': 'Lire'}</msg>
<var>${lang_dict}</var>
<arg>'${lang}' == 'fr'</arg>
<arg>${LANG_FR}</arg>
<arg>${LANG_EN}</arg>
<doc>Sets variable based on the given condition.</doc>
<status status="PASS" start="2025-05-29T17:03:58.579240" elapsed="0.000000"/>
</kw>
<kw name="Set Suite Variable" owner="BuiltIn">
<msg time="2025-05-29T17:03:58.579240" level="INFO">${LANG_DICT} = {'System': 'Système', 'Setting': 'Paramètres', 'Audio': 'Enregistrement', 'Record': 'START', 'Stop': 'STOP', 'Play': 'Lire'}</msg>
<arg>${LANG_DICT}</arg>
<arg>${lang_dict}</arg>
<doc>Makes a variable available everywhere within the scope of the current suite.</doc>
<status status="PASS" start="2025-05-29T17:03:58.579240" elapsed="0.000000"/>
</kw>
<status status="PASS" start="2025-05-29T17:03:58.528429" elapsed="0.050811"/>
</kw>
<kw name="Navigate To Audio App">
<kw name="Start Activity Code" owner="Integration">
<arg>${driver}</arg>
<arg>com.example.audioapplicationtest/.MainActivity</arg>
<doc>Lance une activité spécifique sur un appareil Android via Appium.</doc>
<status status="PASS" start="2025-05-29T17:03:58.580230" elapsed="0.089286"/>
</kw>
<kw name="Sleep" owner="BuiltIn">
<msg time="2025-05-29T17:04:01.670669" level="INFO">Slept 3 seconds.</msg>
<arg>3s</arg>
<doc>Pauses the test executed for the given time.</doc>
<status status="PASS" start="2025-05-29T17:03:58.670516" elapsed="3.000153"/>
</kw>
<kw name="Print Activity" owner="Integration">
<msg time="2025-05-29T17:04:01.751078" level="INFO">${current_activity} = com.example.audioapplicationtest/.MainActivity</msg>
<var>${current_activity}</var>
<arg>${driver}</arg>
<doc>Retourne l'activité complète sous la forme 'com.android.car.messenger/.ui.launcher.MessageLauncherActivity'.</doc>
<status status="PASS" start="2025-05-29T17:04:01.670669" elapsed="0.081408"/>
</kw>
<kw name="Should Contain" owner="BuiltIn">
<arg>${current_activity}</arg>
<arg>com.example.audioapplicationtest/.MainActivity</arg>
<arg>L'application n'est pas correctement lancée</arg>
<doc>Fails if ``container`` does not contain ``item`` one or more times.</doc>
<status status="PASS" start="2025-05-29T17:04:01.752077" elapsed="0.000000"/>
</kw>
<status status="PASS" start="2025-05-29T17:03:58.579240" elapsed="3.172837"/>
</kw>
<kw name="Start Audio Recording And Playback">
<kw name="Log" owner="BuiltIn">
<msg time="2025-05-29T17:04:01.752077" level="INFO">Démarrage de l'enregistrement audio...</msg>
<arg>Démarrage de l'enregistrement audio...</arg>
<doc>Logs the given message with the given level.</doc>
<status status="PASS" start="2025-05-29T17:04:01.752077" elapsed="0.000000"/>
</kw>
<kw name="Get Audio File Duration">
<kw name="Get Audio Duration" owner="Integration">
<msg time="2025-05-29T17:04:01.754079" level="INFO">✅ Durée du fichier audio C:\Users\bahae\Documents\PfeProject\test_cases\test.wav: 18.31 secondes</msg>
<msg time="2025-05-29T17:04:01.754079" level="INFO">${duration} = 18.311836734693877</msg>
<var>${duration}</var>
<arg>${driver}</arg>
<arg>${audio_file}</arg>
<doc>Obtient la durée d'un fichier audio en secondes.</doc>
<status status="PASS" start="2025-05-29T17:04:01.753078" elapsed="0.001001"/>
</kw>
<kw name="Should Not Be Equal As Numbers" owner="BuiltIn">
<msg time="2025-05-29T17:04:01.754079" level="INFO">Argument types are:
&lt;class 'float'&gt;
&lt;class 'str'&gt;</msg>
<arg>${duration}</arg>
<arg>0</arg>
<arg>Impossible d'obtenir la durée du fichier audio</arg>
<doc>Fails if objects are equal after converting them to real numbers.</doc>
<status status="PASS" start="2025-05-29T17:04:01.754079" elapsed="0.000000"/>
</kw>
<return>
<value>${duration}</value>
<status status="PASS" start="2025-05-29T17:04:01.754604" elapsed="0.000000"/>
</return>
<msg time="2025-05-29T17:04:01.754604" level="INFO">${duration} = 18.311836734693877</msg>
<var>${duration}</var>
<arg>${audio_file}</arg>
<status status="PASS" start="2025-05-29T17:04:01.752077" elapsed="0.002527"/>
</kw>
<kw name="Log" owner="BuiltIn">
<msg time="2025-05-29T17:04:01.754604" level="INFO">Durée du fichier audio à lire: 18.311836734693877 secondes</msg>
<arg>Durée du fichier audio à lire: ${duration} secondes</arg>
<doc>Logs the given message with the given level.</doc>
<status status="PASS" start="2025-05-29T17:04:01.754604" elapsed="0.000000"/>
</kw>
<kw name="Click Record Button">
<kw name="Wait For Record Button">
<kw name="Wait Until Keyword Succeeds" owner="BuiltIn">
<kw name="Check Element Exists" owner="Integration">
<arg>${driver}</arg>
<arg>//android.widget.Button[@text="START"]</arg>
<doc>Vérifie si un élément existe en utilisant le XPath donné.</doc>
<status status="PASS" start="2025-05-29T17:04:01.754604" elapsed="0.624003"/>
</kw>
<arg>${timeout}</arg>
<arg>${QUICK_WAIT}</arg>
<arg>Check Element Exists</arg>
<arg>${driver}</arg>
<arg>//android.widget.Button[@text="START"]</arg>
<doc>Runs the specified keyword and retries if it fails.</doc>
<status status="PASS" start="2025-05-29T17:04:01.754604" elapsed="0.624003"/>
</kw>
<status status="PASS" start="2025-05-29T17:04:01.754604" elapsed="0.624003"/>
</kw>
<kw name="Check Element Exists" owner="Integration">
<msg time="2025-05-29T17:04:02.432369" level="INFO">${button_exists} = True</msg>
<var>${button_exists}</var>
<arg>${driver}</arg>
<arg>//android.widget.Button[@text="START"]</arg>
<doc>Vérifie si un élément existe en utilisant le XPath donné.</doc>
<status status="PASS" start="2025-05-29T17:04:02.378607" elapsed="0.053762"/>
</kw>
<kw name="Should Be True" owner="BuiltIn">
<arg>${button_exists}</arg>
<arg>Le bouton START n'est pas visible</arg>
<doc>Fails if the given condition is not true.</doc>
<status status="PASS" start="2025-05-29T17:04:02.432369" elapsed="0.001002"/>
</kw>
<kw name="Run Keyword And Return Status" owner="BuiltIn">
<kw name="Click Element By Xpath Bounds" owner="Integration">
<arg>${driver}</arg>
<arg>//android.widget.Button[@text="START"]</arg>
<doc>Trouve un élément par XPath et clique dessus en utilisant ses bounds.</doc>
<status status="PASS" start="2025-05-29T17:04:02.433371" elapsed="0.486948"/>
</kw>
<msg time="2025-05-29T17:04:02.920319" level="INFO">${success} = True</msg>
<var>${success}</var>
<arg>click_element_by_xpath_bounds</arg>
<arg>${driver}</arg>
<arg>//android.widget.Button[@text="START"]</arg>
<doc>Runs the given keyword with given arguments and returns the status as a Boolean value.</doc>
<status status="PASS" start="2025-05-29T17:04:02.433371" elapsed="0.486948"/>
</kw>
<kw name="Should Be True" owner="BuiltIn">
<arg>${success}</arg>
<arg>Impossible de cliquer sur le bouton START</arg>
<doc>Fails if the given condition is not true.</doc>
<status status="PASS" start="2025-05-29T17:04:02.920319" elapsed="0.000000"/>
</kw>
<status status="PASS" start="2025-05-29T17:04:01.754604" elapsed="1.165715"/>
</kw>
<kw name="Sleep" owner="BuiltIn">
<msg time="2025-05-29T17:04:04.921422" level="INFO">Slept 2 seconds.</msg>
<arg>2s</arg>
<doc>Pauses the test executed for the given time.</doc>
<status status="PASS" start="2025-05-29T17:04:02.920319" elapsed="2.001103"/>
</kw>
<kw name="Run Keyword And Return Status" owner="BuiltIn">
<kw name="Play Audio" owner="Integration">
<msg time="2025-05-29T17:04:28.035050" level="INFO">✅ Lecture audio réussie : Lecture du fichier test.wav terminée</msg>
<arg>${driver}</arg>
<arg>${audio_file}</arg>
<doc>Joue un fichier audio via l'API Flask.</doc>
<status status="PASS" start="2025-05-29T17:04:04.921940" elapsed="23.113110"/>
</kw>
<msg time="2025-05-29T17:04:28.035050" level="INFO">${success} = True</msg>
<var>${success}</var>
<arg>play_audio</arg>
<arg>${driver}</arg>
<arg>${audio_file}</arg>
<doc>Runs the given keyword with given arguments and returns the status as a Boolean value.</doc>
<status status="PASS" start="2025-05-29T17:04:04.921422" elapsed="23.113628"/>
</kw>
<kw name="Should Be True" owner="BuiltIn">
<arg>${success}</arg>
<arg>La lecture audio a échoué</arg>
<doc>Fails if the given condition is not true.</doc>
<status status="PASS" start="2025-05-29T17:04:28.035050" elapsed="0.000000"/>
</kw>
<kw name="Sleep" owner="BuiltIn">
<msg time="2025-05-29T17:04:46.348967" level="INFO">Slept 18 seconds 312 milliseconds.</msg>
<arg>${duration}s</arg>
<doc>Pauses the test executed for the given time.</doc>
<status status="PASS" start="2025-05-29T17:04:28.036050" elapsed="18.312917"/>
</kw>
<kw name="Click Stop Button">
<kw name="Check Element Exists" owner="Integration">
<msg time="2025-05-29T17:04:46.409319" level="INFO">${button_exists} = True</msg>
<var>${button_exists}</var>
<arg>${driver}</arg>
<arg>//android.widget.Button[@text="STOP"]</arg>
<doc>Vérifie si un élément existe en utilisant le XPath donné.</doc>
<status status="PASS" start="2025-05-29T17:04:46.349615" elapsed="0.059704"/>
</kw>
<kw name="Should Be True" owner="BuiltIn">
<arg>${button_exists}</arg>
<arg>Le bouton STOP n'est pas visible</arg>
<doc>Fails if the given condition is not true.</doc>
<status status="PASS" start="2025-05-29T17:04:46.409319" elapsed="0.000000"/>
</kw>
<kw name="Run Keyword And Return Status" owner="BuiltIn">
<kw name="Click Element By Xpath Bounds" owner="Integration">
<arg>${driver}</arg>
<arg>//android.widget.Button[@text="STOP"]</arg>
<doc>Trouve un élément par XPath et clique dessus en utilisant ses bounds.</doc>
<status status="PASS" start="2025-05-29T17:04:46.409319" elapsed="0.484006"/>
</kw>
<msg time="2025-05-29T17:04:46.893325" level="INFO">${success} = True</msg>
<var>${success}</var>
<arg>click_element_by_xpath_bounds</arg>
<arg>${driver}</arg>
<arg>//android.widget.Button[@text="STOP"]</arg>
<doc>Runs the given keyword with given arguments and returns the status as a Boolean value.</doc>
<status status="PASS" start="2025-05-29T17:04:46.409319" elapsed="0.485004"/>
</kw>
<kw name="Should Be True" owner="BuiltIn">
<arg>${success}</arg>
<arg>Impossible de cliquer sur le bouton STOP</arg>
<doc>Fails if the given condition is not true.</doc>
<status status="PASS" start="2025-05-29T17:04:46.894323" elapsed="0.000000"/>
</kw>
<status status="PASS" start="2025-05-29T17:04:46.348967" elapsed="0.545356"/>
</kw>
<status status="PASS" start="2025-05-29T17:04:01.752077" elapsed="45.142246"/>
</kw>
<kw name="Compare Audio Files">
<kw name="Compare With Latest Recorded" owner="TestAudio">
<msg time="2025-05-29T17:05:22.749700" level="INFO">Graphiques sauvegardés dans: C:\Users\bahae\Documents\PfeProject\test_cases\..\log\plots\audio_comparison_enregistrement_20250529_170505.png</msg>
<msg time="2025-05-29T17:05:22.749700" level="INFO">============================= Début du test audio ==============================
Original: C:\Users\bahae\Documents\PfeProject\test_cases\test.wav
Enregistré: latest_download.wav
Date du test: 2025-05-29 17:04:48

Original - Durée: 18.31s -&gt; Segment actif: 18.31s
Enregistré - Durée: 44.01s -&gt; Segment actif: 18.35s
Recherche du meilleur alignement...
Alignement initial trouvé, ajustement fin...

Détails de l'alignement:
Position originale: 0.000s
Position enregistrée: 0.027s
Ajustement: 26.9ms
Corrélation initiale: 0.512
Original length: 807552, Recorded length: 807552
Best lag: -430 samples (-0.010 seconds)
Final lengths - Original: 807552, Aligned: 807552
Décalage temporel final: -0.010 secondes

=== Résultats ===
Décalage temporel: -0.010 secondes
         snr: 3.2140
 correlation: 0.7471
         mse: 0.0158
        rmse: 0.1255
energy_ratio: 0.8738
    max_diff: 1.2154
   mean_diff: 0.0832
         mos: 3.6251
     clarity: 1.0931
  clarity_db: 0.3864

=== Résultat: ÉCHEC ===
SNR: 3.21 dB (seuil: 20 dB)
Corrélation: 0.747 (seuil: 0.9)
MOS: 3.63/5 (seuil: 3.0)
Clarté: 1.093 (seuil: 0.8)</msg>
<msg time="2025-05-29T17:05:22.749700" level="INFO">C:\Users\bahae\Documents\PfeProject\test_cases\TestAudio.py:338: UserWarning: Glyph 10060 (\N{CROSS MARK}) missing from font(s) DejaVu Sans.
  plt.savefig(output_file, dpi=300, bbox_inches='tight')</msg>
<msg time="2025-05-29T17:05:22.750700" level="INFO">${test_passed} = False</msg>
<msg time="2025-05-29T17:05:22.750700" level="INFO">${metrics} = {'snr': 3.213955942317262, 'correlation': 0.7470855390979775, 'mse': 0.01575917099994408, 'rmse': 0.12553553680111493, 'energy_ratio': 0.8738224950278664, 'max_diff': 1.2154015687273378, 'mean_diff': ...</msg>
<var>${test_passed}</var>
<var>${metrics}</var>
<arg>${original_audio}</arg>
<doc>Télécharge le dernier audio enregistré via l'API Flask et le compare à l'original.
:param original_audio: Chemin du fichier original (wav)
:param latest_audio_path: Chemin où sauvegarder le fichier téléchargé
:param api_url: URL de l'API Flask pour récupérer le dernier audio enregistré
:return: (test_passed, metrics)</doc>
<status status="PASS" start="2025-05-29T17:04:46.895325" elapsed="35.855375"/>
</kw>
<kw name="Log" owner="BuiltIn">
<msg time="2025-05-29T17:05:22.751701" level="INFO">SNR: 3.213955942317262 dB (seuil: 20 dB)</msg>
<arg>SNR: ${metrics['snr']} dB (seuil: 20 dB)</arg>
<doc>Logs the given message with the given level.</doc>
<status status="PASS" start="2025-05-29T17:05:22.750700" elapsed="0.001001"/>
</kw>
<kw name="Log" owner="BuiltIn">
<msg time="2025-05-29T17:05:22.751701" level="INFO">Corrélation: 0.7470855390979775 (seuil: 0.9)</msg>
<arg>Corrélation: ${metrics['correlation']} (seuil: 0.9)</arg>
<doc>Logs the given message with the given level.</doc>
<status status="PASS" start="2025-05-29T17:05:22.751701" elapsed="0.000000"/>
</kw>
<kw name="Log" owner="BuiltIn">
<msg time="2025-05-29T17:05:22.751701" level="INFO">MOS: 3.6250608846102637/5 (seuil: 3.0)</msg>
<arg>MOS: ${metrics['mos']}/5 (seuil: 3.0)</arg>
<doc>Logs the given message with the given level.</doc>
<status status="PASS" start="2025-05-29T17:05:22.751701" elapsed="0.001000"/>
</kw>
<kw name="Log" owner="BuiltIn">
<msg time="2025-05-29T17:05:22.752701" level="INFO">Clarté: 1.0930578385549161 (seuil: 0.8)</msg>
<arg>Clarté: ${metrics['clarity']} (seuil: 0.8)</arg>
<doc>Logs the given message with the given level.</doc>
<status status="PASS" start="2025-05-29T17:05:22.752701" elapsed="0.000000"/>
</kw>
<kw name="Evaluate" owner="BuiltIn">
<msg time="2025-05-29T17:05:22.753220" level="INFO">${snr_ok} = False</msg>
<var>${snr_ok}</var>
<arg>${metrics['snr']} &gt;= 20</arg>
<doc>Evaluates the given expression in Python and returns the result.</doc>
<status status="PASS" start="2025-05-29T17:05:22.753220" elapsed="0.000000"/>
</kw>
<kw name="Evaluate" owner="BuiltIn">
<msg time="2025-05-29T17:05:22.754217" level="INFO">${correlation_ok} = False</msg>
<var>${correlation_ok}</var>
<arg>${metrics['correlation']} &gt;= 0.9</arg>
<doc>Evaluates the given expression in Python and returns the result.</doc>
<status status="PASS" start="2025-05-29T17:05:22.753220" elapsed="0.000997"/>
</kw>
<kw name="Evaluate" owner="BuiltIn">
<msg time="2025-05-29T17:05:22.754217" level="INFO">${mos_ok} = True</msg>
<var>${mos_ok}</var>
<arg>${metrics['mos']} &gt;= 3.0</arg>
<doc>Evaluates the given expression in Python and returns the result.</doc>
<status status="PASS" start="2025-05-29T17:05:22.754217" elapsed="0.000000"/>
</kw>
<kw name="Evaluate" owner="BuiltIn">
<msg time="2025-05-29T17:05:22.755736" level="INFO">${clarity_ok} = True</msg>
<var>${clarity_ok}</var>
<arg>${metrics['clarity']} &gt;= 0.8</arg>
<doc>Evaluates the given expression in Python and returns the result.</doc>
<status status="PASS" start="2025-05-29T17:05:22.755216" elapsed="0.000520"/>
</kw>
<kw name="Evaluate" owner="BuiltIn">
<msg time="2025-05-29T17:05:22.755736" level="INFO">${test_passed} = False</msg>
<var>${test_passed}</var>
<arg>${snr_ok} and ${correlation_ok} and ${mos_ok} and ${clarity_ok}</arg>
<doc>Evaluates the given expression in Python and returns the result.</doc>
<status status="PASS" start="2025-05-29T17:05:22.755736" elapsed="0.000000"/>
</kw>
<if>
<branch type="IF" condition="not ${test_passed}">
<kw name="Log" owner="BuiltIn">
<msg time="2025-05-29T17:05:22.755736" level="INFO">❌ Test échoué - Métriques critiques non satisfaites</msg>
<arg>❌ Test échoué - Métriques critiques non satisfaites</arg>
<doc>Logs the given message with the given level.</doc>
<status status="PASS" start="2025-05-29T17:05:22.755736" elapsed="0.000000"/>
</kw>
<kw name="Fail" owner="BuiltIn">
<msg time="2025-05-29T17:05:22.756731" level="FAIL">Test audio échoué - Vérifiez les métriques dans les logs</msg>
<arg>Test audio échoué - Vérifiez les métriques dans les logs</arg>
<doc>Fails the test with the given message and optionally alters its tags.</doc>
<status status="FAIL" start="2025-05-29T17:05:22.755736" elapsed="0.000995">Test audio échoué - Vérifiez les métriques dans les logs</status>
</kw>
<status status="FAIL" start="2025-05-29T17:05:22.755736" elapsed="0.000995">Test audio échoué - Vérifiez les métriques dans les logs</status>
</branch>
<branch type="ELSE">
<kw name="Log" owner="BuiltIn">
<arg>✅ Test réussi - Toutes les métriques sont satisfaites</arg>
<doc>Logs the given message with the given level.</doc>
<status status="NOT RUN" start="2025-05-29T17:05:22.756731" elapsed="0.000000"/>
</kw>
<status status="NOT RUN" start="2025-05-29T17:05:22.756731" elapsed="0.000000"/>
</branch>
<status status="FAIL" start="2025-05-29T17:05:22.755736" elapsed="0.000995">Test audio échoué - Vérifiez les métriques dans les logs</status>
</if>
<return>
<value>${test_passed}</value>
<value>${metrics}</value>
<status status="NOT RUN" start="2025-05-29T17:05:22.756731" elapsed="0.000000"/>
</return>
<var>${result}</var>
<arg>${DEFAULT_OUTPUT_FILE}</arg>
<status status="FAIL" start="2025-05-29T17:04:46.894323" elapsed="35.862408">Test audio échoué - Vérifiez les métriques dans les logs</status>
</kw>
<kw name="Log" owner="BuiltIn">
<arg>Résultat de la comparaison: ${result}</arg>
<doc>Logs the given message with the given level.</doc>
<status status="NOT RUN" start="2025-05-29T17:05:22.756731" elapsed="0.000000"/>
</kw>
<status status="FAIL" start="2025-05-29T17:03:58.528429" elapsed="84.228302">Test audio échoué - Vérifiez les métriques dans les logs</status>
</kw>
<msg time="2025-05-29T17:05:22.756731" level="INFO">${test_status} = False</msg>
<var>${test_status}</var>
<arg>${test_keyword}</arg>
<doc>Runs the given keyword with given arguments and returns the status as a Boolean value.</doc>
<status status="PASS" start="2025-05-29T17:03:58.528429" elapsed="84.228302"/>
</kw>
<if>
<branch type="IF" condition="${test_status}">
<kw name="Log" owner="BuiltIn">
<arg>Test ${test_name} réussi</arg>
<doc>Logs the given message with the given level.</doc>
<status status="NOT RUN" start="2025-05-29T17:05:22.756731" elapsed="0.000000"/>
</kw>
<kw name="Exit For Loop" owner="BuiltIn">
<doc>Stops executing the enclosing FOR loop.</doc>
<status status="NOT RUN" start="2025-05-29T17:05:22.756731" elapsed="0.000000"/>
</kw>
<status status="NOT RUN" start="2025-05-29T17:05:22.756731" elapsed="0.000000"/>
</branch>
<branch type="ELSE">
<kw name="Evaluate" owner="BuiltIn">
<msg time="2025-05-29T17:05:22.757745" level="INFO">${attempt} = 2</msg>
<var>${attempt}</var>
<arg>${attempt} + 1</arg>
<doc>Evaluates the given expression in Python and returns the result.</doc>
<status status="PASS" start="2025-05-29T17:05:22.757745" elapsed="0.000000"/>
</kw>
<if>
<branch type="IF" condition="${attempt} &lt;= ${MAX_RETRIES}">
<kw name="Log" owner="BuiltIn">
<arg>Test ${test_name} échoué - Tentative ${attempt}/${MAX_RETRIES}</arg>
<doc>Logs the given message with the given level.</doc>
<status status="NOT RUN" start="2025-05-29T17:05:22.757745" elapsed="0.000000"/>
</kw>
<kw name="Sleep" owner="BuiltIn">
<arg>${RETRY_DELAY}</arg>
<doc>Pauses the test executed for the given time.</doc>
<status status="NOT RUN" start="2025-05-29T17:05:22.757745" elapsed="0.000000"/>
</kw>
<status status="NOT RUN" start="2025-05-29T17:05:22.757745" elapsed="0.000000"/>
</branch>
<status status="PASS" start="2025-05-29T17:05:22.757745" elapsed="0.000000"/>
</if>
<status status="PASS" start="2025-05-29T17:05:22.756731" elapsed="0.001014"/>
</branch>
<status status="PASS" start="2025-05-29T17:05:22.756731" elapsed="0.001014"/>
</if>
<var name="${index}">0</var>
<status status="PASS" start="2025-05-29T17:03:58.528429" elapsed="84.229316"/>
</iter>
<var>${index}</var>
<value>${MAX_RETRIES}</value>
<status status="PASS" start="2025-05-29T17:03:58.527480" elapsed="84.230265"/>
</for>
<if>
<branch type="IF" condition="not ${test_status}">
<kw name="Fail" owner="BuiltIn">
<msg time="2025-05-29T17:05:22.757745" level="FAIL">Le test Test Audio Recording And Playback a échoué après 1 tentatives</msg>
<arg>Le test ${test_name} a échoué après ${MAX_RETRIES} tentatives</arg>
<doc>Fails the test with the given message and optionally alters its tags.</doc>
<status status="FAIL" start="2025-05-29T17:05:22.757745" elapsed="0.000000">Le test Test Audio Recording And Playback a échoué après 1 tentatives</status>
</kw>
<status status="FAIL" start="2025-05-29T17:05:22.757745" elapsed="0.000000">Le test Test Audio Recording And Playback a échoué après 1 tentatives</status>
</branch>
<status status="FAIL" start="2025-05-29T17:05:22.757745" elapsed="0.000000">Le test Test Audio Recording And Playback a échoué après 1 tentatives</status>
</if>
<arg>Verify Audio Recording</arg>
<arg>Test Audio Recording And Playback</arg>
<status status="FAIL" start="2025-05-29T17:03:58.526912" elapsed="84.230833">Le test Test Audio Recording And Playback a échoué après 1 tentatives</status>
</kw>
<doc>Verifies audio recording and playback functionality
- Navigates to audio recording app
- Records audio for a specified duration
- Plays back the recorded audio
- Supports both French and English interfaces</doc>
<tag>audio</tag>
<tag>playback</tag>
<tag>recording</tag>
<status status="FAIL" start="2025-05-29T17:03:58.516808" elapsed="84.241924">Le test Test Audio Recording And Playback a échoué après 1 tentatives</status>
</test>
<test id="s1-t3" name="Test Audio Player And Playback" line="250">
<kw name="Navigate To Audio Player App">
<kw name="Start Activity Code" owner="Integration">
<arg>${driver}</arg>
<arg>com.example.audioapplicationtest/.AudioPlayerActivity</arg>
<doc>Lance une activité spécifique sur un appareil Android via Appium.</doc>
<status status="PASS" start="2025-05-29T17:05:22.759251" elapsed="0.065887"/>
</kw>
<kw name="Sleep" owner="BuiltIn">
<msg time="2025-05-29T17:05:25.827089" level="INFO">Slept 3 seconds.</msg>
<arg>3s</arg>
<doc>Pauses the test executed for the given time.</doc>
<status status="PASS" start="2025-05-29T17:05:22.825138" elapsed="3.001951"/>
</kw>
<kw name="Print Activity" owner="Integration">
<msg time="2025-05-29T17:05:25.908318" level="INFO">${current_activity} = com.example.audioapplicationtest/.AudioPlayerActivity</msg>
<var>${current_activity}</var>
<arg>${driver}</arg>
<doc>Retourne l'activité complète sous la forme 'com.android.car.messenger/.ui.launcher.MessageLauncherActivity'.</doc>
<status status="PASS" start="2025-05-29T17:05:25.827089" elapsed="0.081229"/>
</kw>
<kw name="Should Contain" owner="BuiltIn">
<arg>${current_activity}</arg>
<arg>com.example.audioapplicationtest/.AudioPlayerActivity</arg>
<arg>L'application n'est pas correctement lancée</arg>
<doc>Fails if ``container`` does not contain ``item`` one or more times.</doc>
<status status="PASS" start="2025-05-29T17:05:25.908318" elapsed="0.000000"/>
</kw>
<status status="PASS" start="2025-05-29T17:05:22.759251" elapsed="3.150068"/>
</kw>
<kw name="Record Audio" owner="Integration">
<msg time="2025-05-29T17:05:25.914357" level="INFO">✅ Enregistrement audio réussi : Enregistrement audio démarré</msg>
<msg time="2025-05-29T17:05:25.914357" level="INFO">${recording_success} = True</msg>
<var>${recording_success}</var>
<arg>${driver}</arg>
<arg>23</arg>
<doc>Enregistre l'audio du système via l'API Flask.</doc>
<status status="PASS" start="2025-05-29T17:05:25.909319" elapsed="0.005038"/>
</kw>
<kw name="Should Be True" owner="BuiltIn">
<arg>${recording_success}</arg>
<arg>L'enregistrement audio a échoué</arg>
<doc>Fails if the given condition is not true.</doc>
<status status="PASS" start="2025-05-29T17:05:25.914875" elapsed="0.000000"/>
</kw>
<kw name="Sleep" owner="BuiltIn">
<msg time="2025-05-29T17:05:26.916233" level="INFO">Slept 1 second.</msg>
<arg>1s</arg>
<doc>Pauses the test executed for the given time.</doc>
<status status="PASS" start="2025-05-29T17:05:25.915393" elapsed="1.000840"/>
</kw>
<kw name="Click Play Button">
<kw name="Wait For Record Button">
<kw name="Wait Until Keyword Succeeds" owner="BuiltIn">
<kw name="Check Element Exists" owner="Integration">
<arg>${driver}</arg>
<arg>//android.widget.Button[@text="START"]</arg>
<doc>Vérifie si un élément existe en utilisant le XPath donné.</doc>
<status status="PASS" start="2025-05-29T17:05:26.917233" elapsed="0.075368"/>
</kw>
<arg>${timeout}</arg>
<arg>${QUICK_WAIT}</arg>
<arg>Check Element Exists</arg>
<arg>${driver}</arg>
<arg>//android.widget.Button[@text="START"]</arg>
<doc>Runs the specified keyword and retries if it fails.</doc>
<status status="PASS" start="2025-05-29T17:05:26.917233" elapsed="0.075368"/>
</kw>
<status status="PASS" start="2025-05-29T17:05:26.917233" elapsed="0.075368"/>
</kw>
<kw name="Check Element Exists" owner="Integration">
<msg time="2025-05-29T17:05:27.048036" level="INFO">${button_exists} = True</msg>
<var>${button_exists}</var>
<arg>${driver}</arg>
<arg>//android.widget.Button[@text="PLAY TEST WAV"]</arg>
<doc>Vérifie si un élément existe en utilisant le XPath donné.</doc>
<status status="PASS" start="2025-05-29T17:05:26.993598" elapsed="0.054438"/>
</kw>
<kw name="Should Be True" owner="BuiltIn">
<arg>${button_exists}</arg>
<arg>Le bouton PLAY TEST WAV n'est pas visible</arg>
<doc>Fails if the given condition is not true.</doc>
<status status="PASS" start="2025-05-29T17:05:27.049037" elapsed="0.000000"/>
</kw>
<kw name="Run Keyword And Return Status" owner="BuiltIn">
<kw name="Click Element By Xpath Bounds" owner="Integration">
<arg>${driver}</arg>
<arg>//android.widget.Button[@text="PLAY TEST WAV"]</arg>
<doc>Trouve un élément par XPath et clique dessus en utilisant ses bounds.</doc>
<status status="PASS" start="2025-05-29T17:05:27.049037" elapsed="0.470471"/>
</kw>
<msg time="2025-05-29T17:05:27.519508" level="INFO">${success} = True</msg>
<var>${success}</var>
<arg>click_element_by_xpath_bounds</arg>
<arg>${driver}</arg>
<arg>//android.widget.Button[@text="PLAY TEST WAV"]</arg>
<doc>Runs the given keyword with given arguments and returns the status as a Boolean value.</doc>
<status status="PASS" start="2025-05-29T17:05:27.049037" elapsed="0.470471"/>
</kw>
<kw name="Should Be True" owner="BuiltIn">
<arg>${success}</arg>
<arg>Impossible de cliquer sur le bouton START</arg>
<doc>Fails if the given condition is not true.</doc>
<status status="PASS" start="2025-05-29T17:05:27.519508" elapsed="0.001003"/>
</kw>
<status status="PASS" start="2025-05-29T17:05:26.916233" elapsed="0.604278"/>
</kw>
<kw name="Sleep" owner="BuiltIn">
<msg time="2025-05-29T17:05:49.521105" level="INFO">Slept 22 seconds.</msg>
<arg>22s</arg>
<doc>Pauses the test executed for the given time.</doc>
<status status="PASS" start="2025-05-29T17:05:27.520511" elapsed="22.000594"/>
</kw>
<kw name="Compare Audio Files Play">
<kw name="Compare With Latest Recorded Play" owner="TestAudio">
<msg time="2025-05-29T17:06:18.816861" level="INFO">Graphiques sauvegardés dans: C:\Users\bahae\Documents\PfeProject\test_cases\..\log\plots\audio_comparison_lecture_20250529_170607.png</msg>
<msg time="2025-05-29T17:06:18.816861" level="INFO">============================= Début du test audio ==============================
Original: C:\Users\bahae\Documents\PfeProject\test_cases\test.wav
Enregistré: latest_playback.wav
Date du test: 2025-05-29 17:05:51

Original - Durée: 18.31s -&gt; Segment actif: 18.31s
Enregistré - Durée: 23.00s -&gt; Segment actif: 18.35s
Recherche du meilleur alignement...
Alignement initial trouvé, ajustement fin...

Détails de l'alignement:
Position originale: 0.000s
Position enregistrée: 0.014s
Ajustement: 13.8ms
Corrélation initiale: 0.913
Original length: 807552, Recorded length: 807552
Best lag: 0 samples (0.000 seconds)
Final lengths - Original: 807552, Aligned: 807552
Décalage temporel final: 0.000 secondes

=== Résultats ===
Décalage temporel: 0.000 secondes
         snr: 7.5979
 correlation: 0.9134
         mse: 0.0057
        rmse: 0.0758
energy_ratio: 1.0076
    max_diff: 0.8705
   mean_diff: 0.0252
         mos: 4.0000
     clarity: 1.0683
  clarity_db: 0.2870

=== Résultat: ÉCHEC ===
SNR: 7.60 dB (seuil: 20 dB)
Corrélation: 0.913 (seuil: 0.9)
MOS: 4.00/5 (seuil: 3.0)
Clarté: 1.068 (seuil: 0.8)</msg>
<msg time="2025-05-29T17:06:18.817860" level="INFO">${test_passed} = False</msg>
<msg time="2025-05-29T17:06:18.817860" level="INFO">${metrics} = {'snr': 7.597919109075011, 'correlation': 0.9134023737182118, 'mse': 0.0057429765971473866, 'rmse': 0.07578242934313591, 'energy_ratio': 1.0075634376818956, 'max_diff': 0.8705001664007208, 'mean_diff'...</msg>
<var>${test_passed}</var>
<var>${metrics}</var>
<arg>${original_audio}</arg>
<doc>Télécharge le dernier audio lu via l'API Flask et le compare à l'original.
:param original_audio: Chemin du fichier original (wav)
:param latest_audio_path: Chemin où sauvegarder le fichier téléchargé
:param api_url: URL de l'API Flask pour récupérer le dernier audio lu
:return: (test_passed, metrics)</doc>
<status status="PASS" start="2025-05-29T17:05:49.521615" elapsed="29.296245"/>
</kw>
<kw name="Log" owner="BuiltIn">
<msg time="2025-05-29T17:06:18.818862" level="INFO">SNR: 7.597919109075011 dB (seuil: 20 dB)</msg>
<arg>SNR: ${metrics['snr']} dB (seuil: 20 dB)</arg>
<doc>Logs the given message with the given level.</doc>
<status status="PASS" start="2025-05-29T17:06:18.817860" elapsed="0.001002"/>
</kw>
<kw name="Log" owner="BuiltIn">
<msg time="2025-05-29T17:06:18.819382" level="INFO">Corrélation: 0.9134023737182118 (seuil: 0.9)</msg>
<arg>Corrélation: ${metrics['correlation']} (seuil: 0.9)</arg>
<doc>Logs the given message with the given level.</doc>
<status status="PASS" start="2025-05-29T17:06:18.818862" elapsed="0.000520"/>
</kw>
<kw name="Log" owner="BuiltIn">
<msg time="2025-05-29T17:06:18.819382" level="INFO">MOS: 3.9999996128248547/5 (seuil: 3.0)</msg>
<arg>MOS: ${metrics['mos']}/5 (seuil: 3.0)</arg>
<doc>Logs the given message with the given level.</doc>
<status status="PASS" start="2025-05-29T17:06:18.819382" elapsed="0.000000"/>
</kw>
<kw name="Log" owner="BuiltIn">
<msg time="2025-05-29T17:06:18.820379" level="INFO">Clarté: 1.0683189741404662 (seuil: 0.8)</msg>
<arg>Clarté: ${metrics['clarity']} (seuil: 0.8)</arg>
<doc>Logs the given message with the given level.</doc>
<status status="PASS" start="2025-05-29T17:06:18.819382" elapsed="0.000997"/>
</kw>
<kw name="Set Variable" owner="BuiltIn">
<msg time="2025-05-29T17:06:18.820379" level="FAIL">Resolving variable '${metrics['plot_file']}' failed: KeyError: 'plot_file'</msg>
<var>${plot_file}</var>
<arg>${metrics['plot_file']}</arg>
<doc>Returns the given values which can then be assigned to a variables.</doc>
<status status="FAIL" start="2025-05-29T17:06:18.820379" elapsed="0.000000">Resolving variable '${metrics['plot_file']}' failed: KeyError: 'plot_file'</status>
</kw>
<kw name="Log" owner="BuiltIn">
<arg>&lt;img src="${plot_file}" width="800px"/&gt;</arg>
<doc>Logs the given message with the given level.</doc>
<status status="NOT RUN" start="2025-05-29T17:06:18.820379" elapsed="0.000000"/>
</kw>
<kw name="Evaluate" owner="BuiltIn">
<var>${snr_ok}</var>
<arg>${metrics['snr']} &gt;= 20</arg>
<doc>Evaluates the given expression in Python and returns the result.</doc>
<status status="NOT RUN" start="2025-05-29T17:06:18.820379" elapsed="0.000000"/>
</kw>
<kw name="Evaluate" owner="BuiltIn">
<var>${correlation_ok}</var>
<arg>${metrics['correlation']} &gt;= 0.9</arg>
<doc>Evaluates the given expression in Python and returns the result.</doc>
<status status="NOT RUN" start="2025-05-29T17:06:18.820379" elapsed="0.000000"/>
</kw>
<kw name="Evaluate" owner="BuiltIn">
<var>${mos_ok}</var>
<arg>${metrics['mos']} &gt;= 3.0</arg>
<doc>Evaluates the given expression in Python and returns the result.</doc>
<status status="NOT RUN" start="2025-05-29T17:06:18.820379" elapsed="0.000000"/>
</kw>
<kw name="Evaluate" owner="BuiltIn">
<var>${clarity_ok}</var>
<arg>${metrics['clarity']} &gt;= 0.8</arg>
<doc>Evaluates the given expression in Python and returns the result.</doc>
<status status="NOT RUN" start="2025-05-29T17:06:18.820379" elapsed="0.000000"/>
</kw>
<kw name="Evaluate" owner="BuiltIn">
<var>${test_passed}</var>
<arg>${snr_ok} and ${correlation_ok} and ${mos_ok} and ${clarity_ok}</arg>
<doc>Evaluates the given expression in Python and returns the result.</doc>
<status status="NOT RUN" start="2025-05-29T17:06:18.820379" elapsed="0.000000"/>
</kw>
<if>
<branch type="IF" condition="not ${test_passed}">
<kw name="Log" owner="BuiltIn">
<arg>❌ Test échoué - Métriques critiques non satisfaites</arg>
<doc>Logs the given message with the given level.</doc>
<status status="NOT RUN" start="2025-05-29T17:06:18.821378" elapsed="0.000000"/>
</kw>
<kw name="Fail" owner="BuiltIn">
<arg>Test audio échoué - Vérifiez les métriques dans les logs</arg>
<doc>Fails the test with the given message and optionally alters its tags.</doc>
<status status="NOT RUN" start="2025-05-29T17:06:18.821378" elapsed="0.000000"/>
</kw>
<status status="NOT RUN" start="2025-05-29T17:06:18.821378" elapsed="0.000000"/>
</branch>
<branch type="ELSE">
<kw name="Log" owner="BuiltIn">
<arg>✅ Test réussi - Toutes les métriques sont satisfaites</arg>
<doc>Logs the given message with the given level.</doc>
<status status="NOT RUN" start="2025-05-29T17:06:18.821378" elapsed="0.000000"/>
</kw>
<status status="NOT RUN" start="2025-05-29T17:06:18.821378" elapsed="0.000000"/>
</branch>
<status status="NOT RUN" start="2025-05-29T17:06:18.821378" elapsed="0.000000"/>
</if>
<return>
<value>${test_passed}</value>
<value>${metrics}</value>
<status status="NOT RUN" start="2025-05-29T17:06:18.821378" elapsed="0.000000"/>
</return>
<arg>C:\\Users\\bahae\\Documents\\PfeProject\\test_cases${/}test.wav</arg>
<status status="FAIL" start="2025-05-29T17:05:49.521615" elapsed="29.299763">Resolving variable '${metrics['plot_file']}' failed: KeyError: 'plot_file'</status>
</kw>
<doc>Verifies audio recording and playback functionality
- Navigates to audio recording app
- Records audio for a specified duration
- Plays audio
- Supports both French and English interfaces</doc>
<tag>audio</tag>
<tag>playback</tag>
<tag>recording</tag>
<status status="FAIL" start="2025-05-29T17:05:22.759251" elapsed="56.062645">Resolving variable '${metrics['plot_file']}' failed: KeyError: 'plot_file'</status>
</test>
<kw name="Fermer Driver" type="TEARDOWN">
<kw name="Run Keyword And Return Status" owner="BuiltIn">
<kw name="Variable Should Exist" owner="BuiltIn">
<arg>${driver}</arg>
<doc>Fails unless the given variable exists within the current scope.</doc>
<status status="PASS" start="2025-05-29T17:06:18.822896" elapsed="0.000000"/>
</kw>
<msg time="2025-05-29T17:06:18.822896" level="INFO">${driver_exists} = True</msg>
<var>${driver_exists}</var>
<arg>Variable Should Exist</arg>
<arg>${driver}</arg>
<doc>Runs the given keyword with given arguments and returns the status as a Boolean value.</doc>
<status status="PASS" start="2025-05-29T17:06:18.821896" elapsed="0.001000"/>
</kw>
<if>
<branch type="IF" condition="${driver_exists}">
<kw name="Run Keyword And Return Status" owner="BuiltIn">
<kw name="Close Driver" owner="Integration">
<arg>${driver}</arg>
<doc>Ferme proprement le driver Appium.</doc>
<status status="PASS" start="2025-05-29T17:06:18.822896" elapsed="0.168250"/>
</kw>
<msg time="2025-05-29T17:06:18.991146" level="INFO">${close_success} = True</msg>
<var>${close_success}</var>
<arg>Close Driver</arg>
<arg>${driver}</arg>
<doc>Runs the given keyword with given arguments and returns the status as a Boolean value.</doc>
<status status="PASS" start="2025-05-29T17:06:18.822896" elapsed="0.168250"/>
</kw>
<if>
<branch type="IF" condition="not ${close_success}">
<kw name="Log" owner="BuiltIn">
<arg>Warning: Impossible de fermer proprement le driver Appium</arg>
<doc>Logs the given message with the given level.</doc>
<status status="NOT RUN" start="2025-05-29T17:06:18.991146" elapsed="0.000000"/>
</kw>
<status status="NOT RUN" start="2025-05-29T17:06:18.991146" elapsed="0.000000"/>
</branch>
<status status="PASS" start="2025-05-29T17:06:18.991146" elapsed="0.000000"/>
</if>
<status status="PASS" start="2025-05-29T17:06:18.822896" elapsed="0.168250"/>
</branch>
<status status="PASS" start="2025-05-29T17:06:18.822896" elapsed="0.169235"/>
</if>
<status status="PASS" start="2025-05-29T17:06:18.821896" elapsed="0.170235"/>
</kw>
<doc>Tests for audio recording and playback functionality
- Verifies audio recording capabilities
- Verifies audio playback capabilities
- Supports both French and English interfaces</doc>
<status status="FAIL" start="2025-05-29T17:03:50.412440" elapsed="148.579691"/>
</suite>
<statistics>
<total>
<stat pass="1" fail="2" skip="0">All Tests</stat>
</total>
<tag>
<stat pass="0" fail="2" skip="0">audio</stat>
<stat pass="0" fail="2" skip="0">playback</stat>
<stat pass="0" fail="2" skip="0">recording</stat>
</tag>
<suite>
<stat name="TestsAudio" id="s1" pass="1" fail="2" skip="0">TestsAudio</stat>
</suite>
</statistics>
<errors>
</errors>
</robot>
