<?xml version="1.0" encoding="UTF-8"?>
<robot generator="Robot 7.2.2 (Python 3.12.5 on win32)" generated="2025-06-12T10:49:07.473276" rpa="false" schemaversion="5">
<suite id="s1" name="TestsAudio" source="C:\Users\bahae\Documents\PfeProject\test_cases\TestsAudio.robot">
<kw name="Démarrer Driver" type="SETUP">
<kw name="Log" owner="BuiltIn">
<msg time="2025-06-12T10:49:10.940677" level="INFO">Tentative d'initialisation du driver Appium...</msg>
<arg>Tentative d'initialisation du driver Appium...</arg>
<doc>Logs the given message with the given level.</doc>
<status status="PASS" start="2025-06-12T10:49:10.940677" elapsed="0.000000"/>
</kw>
<kw name="Log" owner="BuiltIn">
<msg time="2025-06-12T10:49:10.940677" level="INFO">URL Appium: C:\Users\bahae\Documents\PfeProject\test_cases\..\config.py</msg>
<arg>URL Appium: C:\\Users\\bahae\\Documents\\PfeProject\\test_cases${/}..${/}config.py</arg>
<doc>Logs the given message with the given level.</doc>
<status status="PASS" start="2025-06-12T10:49:10.940677" elapsed="0.000000"/>
</kw>
<kw name="Run Keyword And Ignore Error" owner="BuiltIn">
<kw name="Setup Driver" owner="Integration">
<arg>${Device}</arg>
<doc>Initialise et retourne le driver Appium.</doc>
<status status="PASS" start="2025-06-12T10:49:10.940677" elapsed="4.260165"/>
</kw>
<msg time="2025-06-12T10:49:15.200842" level="INFO">${result} = ('PASS', &lt;appium.webdriver.webdriver.WebDriver (session="f13a4f47-5cc1-49d9-9d65-1f85a3f8f2d7")&gt;)</msg>
<var>${result}</var>
<arg>setup driver</arg>
<arg>${Device}</arg>
<doc>Runs the given keyword with the given arguments and ignores possible error.</doc>
<status status="PASS" start="2025-06-12T10:49:10.940677" elapsed="4.260165"/>
</kw>
<kw name="Set Variable" owner="BuiltIn">
<msg time="2025-06-12T10:49:15.201862" level="INFO">${status} = PASS</msg>
<msg time="2025-06-12T10:49:15.201862" level="INFO">${driver} = &lt;appium.webdriver.webdriver.WebDriver (session="f13a4f47-5cc1-49d9-9d65-1f85a3f8f2d7")&gt;</msg>
<var>${status}</var>
<var>${driver}</var>
<arg>${result}</arg>
<doc>Returns the given values which can then be assigned to a variables.</doc>
<status status="PASS" start="2025-06-12T10:49:15.201862" elapsed="0.000000"/>
</kw>
<if>
<branch type="IF" condition="'${status}' == 'FAIL'">
<kw name="Log" owner="BuiltIn">
<arg>Échec de l'initialisation du driver: ${driver}</arg>
<doc>Logs the given message with the given level.</doc>
<status status="NOT RUN" start="2025-06-12T10:49:15.202468" elapsed="0.000000"/>
</kw>
<kw name="Fail" owner="BuiltIn">
<arg>Impossible d'initialiser le driver Appium: ${driver}</arg>
<doc>Fails the test with the given message and optionally alters its tags.</doc>
<status status="NOT RUN" start="2025-06-12T10:49:15.202522" elapsed="0.000000"/>
</kw>
<status status="NOT RUN" start="2025-06-12T10:49:15.201862" elapsed="0.000660"/>
</branch>
<status status="PASS" start="2025-06-12T10:49:15.201862" elapsed="0.000660"/>
</if>
<kw name="Set Suite Variable" owner="BuiltIn">
<msg time="2025-06-12T10:49:15.202522" level="INFO">${driver} = &lt;appium.webdriver.webdriver.WebDriver (session="f13a4f47-5cc1-49d9-9d65-1f85a3f8f2d7")&gt;</msg>
<arg>${driver}</arg>
<doc>Makes a variable available everywhere within the scope of the current suite.</doc>
<status status="PASS" start="2025-06-12T10:49:15.202522" elapsed="0.000000"/>
</kw>
<kw name="Log" owner="BuiltIn">
<msg time="2025-06-12T10:49:15.202522" level="INFO">Driver Appium initialisé avec succès</msg>
<arg>Driver Appium initialisé avec succès</arg>
<doc>Logs the given message with the given level.</doc>
<status status="PASS" start="2025-06-12T10:49:15.202522" elapsed="0.000000"/>
</kw>
<status status="PASS" start="2025-06-12T10:49:10.939582" elapsed="4.262940"/>
</kw>
<test id="s1-t1" name="Test Audio Player And Playback" line="248">
<kw name="Navigate To Audio Player App">
<kw name="Start Activity Code" owner="Integration">
<arg>${driver}</arg>
<arg>com.example.audioapplicationtest/.AudioPlayerActivity</arg>
<doc>Lance une activité spécifique sur un appareil Android via Appium.</doc>
<status status="PASS" start="2025-06-12T10:49:15.203572" elapsed="0.045163"/>
</kw>
<kw name="Sleep" owner="BuiltIn">
<msg time="2025-06-12T10:49:18.249154" level="INFO">Slept 3 seconds.</msg>
<arg>3s</arg>
<doc>Pauses the test executed for the given time.</doc>
<status status="PASS" start="2025-06-12T10:49:15.248735" elapsed="3.000419"/>
</kw>
<kw name="Print Activity" owner="Integration">
<msg time="2025-06-12T10:49:18.333583" level="INFO">${current_activity} = com.example.audioapplicationtest/.AudioPlayerActivity</msg>
<var>${current_activity}</var>
<arg>${driver}</arg>
<doc>Retourne l'activité complète sous la forme 'com.android.car.messenger/.ui.launcher.MessageLauncherActivity'.</doc>
<status status="PASS" start="2025-06-12T10:49:18.249154" elapsed="0.084429"/>
</kw>
<kw name="Should Contain" owner="BuiltIn">
<arg>${current_activity}</arg>
<arg>com.example.audioapplicationtest/.AudioPlayerActivity</arg>
<arg>L'application n'est pas correctement lancée</arg>
<doc>Fails if ``container`` does not contain ``item`` one or more times.</doc>
<status status="PASS" start="2025-06-12T10:49:18.334540" elapsed="0.000000"/>
</kw>
<status status="PASS" start="2025-06-12T10:49:15.203572" elapsed="3.130968"/>
</kw>
<kw name="Record Audio" owner="Integration">
<msg time="2025-06-12T10:49:18.342194" level="INFO">✅ Enregistrement audio réussi : Enregistrement audio démarré</msg>
<msg time="2025-06-12T10:49:18.342194" level="INFO">${recording_success} = True</msg>
<var>${recording_success}</var>
<arg>${driver}</arg>
<arg>23</arg>
<doc>Enregistre l'audio du système via l'API Flask.</doc>
<status status="PASS" start="2025-06-12T10:49:18.334540" elapsed="0.007654"/>
</kw>
<kw name="Should Be True" owner="BuiltIn">
<arg>${recording_success}</arg>
<arg>L'enregistrement audio a échoué</arg>
<doc>Fails if the given condition is not true.</doc>
<status status="PASS" start="2025-06-12T10:49:18.342194" elapsed="0.000996"/>
</kw>
<kw name="Sleep" owner="BuiltIn">
<msg time="2025-06-12T10:49:19.343798" level="INFO">Slept 1 second.</msg>
<arg>1s</arg>
<doc>Pauses the test executed for the given time.</doc>
<status status="PASS" start="2025-06-12T10:49:18.343190" elapsed="1.000608"/>
</kw>
<kw name="Click Play Button">
<kw name="Wait For Record Button">
<kw name="Wait Until Keyword Succeeds" owner="BuiltIn">
<kw name="Check Element Exists" owner="Integration">
<arg>${driver}</arg>
<arg>//android.widget.Button[@text="START"]</arg>
<doc>Vérifie si un élément existe en utilisant le XPath donné.</doc>
<status status="PASS" start="2025-06-12T10:49:19.344379" elapsed="0.651151"/>
</kw>
<arg>${timeout}</arg>
<arg>${QUICK_WAIT}</arg>
<arg>Check Element Exists</arg>
<arg>${driver}</arg>
<arg>//android.widget.Button[@text="START"]</arg>
<doc>Runs the specified keyword and retries if it fails.</doc>
<status status="PASS" start="2025-06-12T10:49:19.344379" elapsed="0.651151"/>
</kw>
<status status="PASS" start="2025-06-12T10:49:19.344379" elapsed="0.651151"/>
</kw>
<kw name="Check Element Exists" owner="Integration">
<msg time="2025-06-12T10:49:20.077629" level="INFO">${button_exists} = True</msg>
<var>${button_exists}</var>
<arg>${driver}</arg>
<arg>//android.widget.Button[@text="PLAY TEST WAV"]</arg>
<doc>Vérifie si un élément existe en utilisant le XPath donné.</doc>
<status status="PASS" start="2025-06-12T10:49:19.995530" elapsed="0.082099"/>
</kw>
<kw name="Should Be True" owner="BuiltIn">
<arg>${button_exists}</arg>
<arg>Le bouton PLAY TEST WAV n'est pas visible</arg>
<doc>Fails if the given condition is not true.</doc>
<status status="PASS" start="2025-06-12T10:49:20.078635" elapsed="0.000000"/>
</kw>
<kw name="Run Keyword And Return Status" owner="BuiltIn">
<kw name="Click Element By Xpath Bounds" owner="Integration">
<arg>${driver}</arg>
<arg>//android.widget.Button[@text="PLAY TEST WAV"]</arg>
<doc>Trouve un élément par XPath et clique dessus en utilisant ses bounds.</doc>
<status status="PASS" start="2025-06-12T10:49:20.078635" elapsed="0.492279"/>
</kw>
<msg time="2025-06-12T10:49:20.570914" level="INFO">${success} = True</msg>
<var>${success}</var>
<arg>click_element_by_xpath_bounds</arg>
<arg>${driver}</arg>
<arg>//android.widget.Button[@text="PLAY TEST WAV"]</arg>
<doc>Runs the given keyword with given arguments and returns the status as a Boolean value.</doc>
<status status="PASS" start="2025-06-12T10:49:20.078635" elapsed="0.492279"/>
</kw>
<kw name="Should Be True" owner="BuiltIn">
<arg>${success}</arg>
<arg>Impossible de cliquer sur le bouton START</arg>
<doc>Fails if the given condition is not true.</doc>
<status status="PASS" start="2025-06-12T10:49:20.570914" elapsed="0.000000"/>
</kw>
<status status="PASS" start="2025-06-12T10:49:19.344379" elapsed="1.226535"/>
</kw>
<kw name="Sleep" owner="BuiltIn">
<msg time="2025-06-12T10:49:42.572537" level="INFO">Slept 22 seconds.</msg>
<arg>22s</arg>
<doc>Pauses the test executed for the given time.</doc>
<status status="PASS" start="2025-06-12T10:49:20.571824" elapsed="22.000713"/>
</kw>
<kw name="Compare Audio Files Play">
<kw name="Compare With Latest Recorded Play" owner="TestAudio">
<msg time="2025-06-12T10:50:12.805578" level="INFO">Graphiques sauvegardés dans: C:\Users\bahae\Documents\PfeProject\test_cases\..\log\plots\audio_comparison_lecture_20250612_105002.png</msg>
<msg time="2025-06-12T10:50:12.805578" level="INFO">============================= Début du test audio ==============================
Original: C:\Users\bahae\Documents\PfeProject\test_cases\test.wav
Enregistré: latest_playback.wav
Date du test: 2025-06-12 10:49:44

Original - Durée: 18.31s -&gt; Segment actif: 18.31s
Enregistré - Durée: 23.00s -&gt; Segment actif: 18.36s
Recherche du meilleur alignement...
Alignement initial trouvé, ajustement fin...

Détails de l'alignement:
Position originale: 0.000s
Position enregistrée: 0.020s
Ajustement: 20.5ms
Corrélation initiale: 0.883
Original length: 807552, Recorded length: 807552
Best lag: 0 samples (0.000 seconds)
Final lengths - Original: 807552, Aligned: 807552
Décalage temporel final: 0.000 secondes

=== Résultats ===
Décalage temporel: 0.000 secondes
         snr: 6.2774
 correlation: 0.8826
         mse: 0.0078
        rmse: 0.0882
energy_ratio: 1.0077
    max_diff: 0.9617
   mean_diff: 0.0345
         mos: 3.9103
     clarity: 1.0765
  clarity_db: 0.3200

=== Résultat: SUCCÈS ===
SNR: 6.28 dB (seuil: -1 dB)
Corrélation: 0.883 (seuil: 0.4)
MOS: 3.91/5 (seuil: 3.0)
Clarté: 1.076 (seuil: 0.8)</msg>
<msg time="2025-06-12T10:50:12.805578" level="INFO">C:\Users\bahae\Documents\PfeProject\test_cases\TestAudio.py:338: UserWarning: Glyph 9989 (\N{WHITE HEAVY CHECK MARK}) missing from font(s) DejaVu Sans.
  plt.savefig(output_file, dpi=300, bbox_inches='tight')</msg>
<msg time="2025-06-12T10:50:12.805578" level="INFO">${test_passed} = True</msg>
<msg time="2025-06-12T10:50:12.805578" level="INFO">${metrics} = {'snr': 6.277372374064005, 'correlation': 0.8826343238643845, 'mse': 0.00778380095941537, 'rmse': 0.08822585199030593, 'energy_ratio': 1.0076937407286573, 'max_diff': 0.961683007510787, 'mean_diff': 0...</msg>
<var>${test_passed}</var>
<var>${metrics}</var>
<arg>${original_audio}</arg>
<doc>Télécharge le dernier audio lu via l'API Flask et le compare à l'original.
:param original_audio: Chemin du fichier original (wav)
:param latest_audio_path: Chemin où sauvegarder le fichier téléchargé
:param api_url: URL de l'API Flask pour récupérer le dernier audio lu
:return: (test_passed, metrics)</doc>
<status status="PASS" start="2025-06-12T10:49:42.573085" elapsed="30.232493"/>
</kw>
<kw name="Log" owner="BuiltIn">
<msg time="2025-06-12T10:50:12.806575" level="INFO">SNR: 6.277372374064005 dB</msg>
<arg>SNR: ${metrics['snr']} dB</arg>
<doc>Logs the given message with the given level.</doc>
<status status="PASS" start="2025-06-12T10:50:12.806575" elapsed="0.000000"/>
</kw>
<kw name="Log" owner="BuiltIn">
<msg time="2025-06-12T10:50:12.806575" level="INFO">Corrélation: 0.8826343238643845 (seuil: 0.4)</msg>
<arg>Corrélation: ${metrics['correlation']} (seuil: 0.4)</arg>
<doc>Logs the given message with the given level.</doc>
<status status="PASS" start="2025-06-12T10:50:12.806575" elapsed="0.000000"/>
</kw>
<kw name="Log" owner="BuiltIn">
<msg time="2025-06-12T10:50:12.807575" level="INFO">MOS: 3.9102560835998217/5 (seuil: 3.0)</msg>
<arg>MOS: ${metrics['mos']}/5 (seuil: 3.0)</arg>
<doc>Logs the given message with the given level.</doc>
<status status="PASS" start="2025-06-12T10:50:12.806575" elapsed="0.001000"/>
</kw>
<kw name="Log" owner="BuiltIn">
<msg time="2025-06-12T10:50:12.807575" level="INFO">Clarté: 1.0764553649944766 (seuil: 0.8)</msg>
<arg>Clarté: ${metrics['clarity']} (seuil: 0.8)</arg>
<doc>Logs the given message with the given level.</doc>
<status status="PASS" start="2025-06-12T10:50:12.807575" elapsed="0.000000"/>
</kw>
<kw name="Set Variable" owner="BuiltIn">
<msg time="2025-06-12T10:50:12.807575" level="INFO">${plot_file} = C:\Users\bahae\Documents\PfeProject\test_cases\..\log\plots\audio_comparison_lecture_20250612_105002.png</msg>
<var>${plot_file}</var>
<arg>${metrics['plot_file']}</arg>
<doc>Returns the given values which can then be assigned to a variables.</doc>
<status status="PASS" start="2025-06-12T10:50:12.807575" elapsed="0.000000"/>
</kw>
<kw name="Log" owner="BuiltIn">
<msg time="2025-06-12T10:50:12.808584" level="INFO">&lt;img src="C:\Users\bahae\Documents\PfeProject\test_cases\..\log\plots\audio_comparison_lecture_20250612_105002.png" width="800px"/&gt;</msg>
<arg>&lt;img src="${plot_file}" width="800px"/&gt;</arg>
<doc>Logs the given message with the given level.</doc>
<status status="PASS" start="2025-06-12T10:50:12.808584" elapsed="0.000000"/>
</kw>
<kw name="Evaluate" owner="BuiltIn">
<msg time="2025-06-12T10:50:12.808584" level="INFO">${correlation_ok} = True</msg>
<var>${correlation_ok}</var>
<arg>${metrics['correlation']} &gt;= 0.4</arg>
<doc>Evaluates the given expression in Python and returns the result.</doc>
<status status="PASS" start="2025-06-12T10:50:12.808584" elapsed="0.000000"/>
</kw>
<kw name="Evaluate" owner="BuiltIn">
<msg time="2025-06-12T10:50:12.809612" level="INFO">${mos_ok} = True</msg>
<var>${mos_ok}</var>
<arg>${metrics['mos']} &gt;= 3.0</arg>
<doc>Evaluates the given expression in Python and returns the result.</doc>
<status status="PASS" start="2025-06-12T10:50:12.808584" elapsed="0.001028"/>
</kw>
<kw name="Evaluate" owner="BuiltIn">
<msg time="2025-06-12T10:50:12.809612" level="INFO">${clarity_ok} = True</msg>
<var>${clarity_ok}</var>
<arg>${metrics['clarity']} &gt;= 0.8</arg>
<doc>Evaluates the given expression in Python and returns the result.</doc>
<status status="PASS" start="2025-06-12T10:50:12.809612" elapsed="0.000000"/>
</kw>
<kw name="Evaluate" owner="BuiltIn">
<msg time="2025-06-12T10:50:12.810585" level="INFO">${test_passed} = True</msg>
<var>${test_passed}</var>
<arg>${correlation_ok} and ${mos_ok} and ${clarity_ok}</arg>
<doc>Evaluates the given expression in Python and returns the result.</doc>
<status status="PASS" start="2025-06-12T10:50:12.810585" elapsed="0.000000"/>
</kw>
<if>
<branch type="IF" condition="not ${test_passed}">
<kw name="Log" owner="BuiltIn">
<arg>❌ Test échoué - Métriques critiques non satisfaites</arg>
<doc>Logs the given message with the given level.</doc>
<status status="NOT RUN" start="2025-06-12T10:50:12.810585" elapsed="0.000000"/>
</kw>
<kw name="Fail" owner="BuiltIn">
<arg>Test audio échoué - Vérifiez les métriques dans les logs</arg>
<doc>Fails the test with the given message and optionally alters its tags.</doc>
<status status="NOT RUN" start="2025-06-12T10:50:12.810585" elapsed="0.000000"/>
</kw>
<status status="NOT RUN" start="2025-06-12T10:50:12.810585" elapsed="0.000000"/>
</branch>
<branch type="ELSE">
<kw name="Log" owner="BuiltIn">
<msg time="2025-06-12T10:50:12.810585" level="INFO">✅ Test réussi - Toutes les métriques sont satisfaites</msg>
<arg>✅ Test réussi - Toutes les métriques sont satisfaites</arg>
<doc>Logs the given message with the given level.</doc>
<status status="PASS" start="2025-06-12T10:50:12.810585" elapsed="0.000000"/>
</kw>
<status status="PASS" start="2025-06-12T10:50:12.810585" elapsed="0.000000"/>
</branch>
<status status="PASS" start="2025-06-12T10:50:12.810585" elapsed="0.000000"/>
</if>
<return>
<value>${test_passed}</value>
<value>${metrics}</value>
<status status="PASS" start="2025-06-12T10:50:12.810585" elapsed="0.000000"/>
</return>
<arg>C:\\Users\\bahae\\Documents\\PfeProject\\test_cases${/}test.wav</arg>
<status status="PASS" start="2025-06-12T10:49:42.573085" elapsed="30.237500"/>
</kw>
<doc>Verifies audio recording and playback functionality
- Navigates to audio recording app
- Records audio for a specified duration
- Plays audio
- Supports both French and English interfaces</doc>
<tag>audio</tag>
<tag>playback</tag>
<tag>recording</tag>
<status status="PASS" start="2025-06-12T10:49:15.202522" elapsed="57.609055"/>
</test>
<kw name="Fermer Driver" type="TEARDOWN">
<kw name="Run Keyword And Return Status" owner="BuiltIn">
<kw name="Variable Should Exist" owner="BuiltIn">
<arg>${driver}</arg>
<doc>Fails unless the given variable exists within the current scope.</doc>
<status status="PASS" start="2025-06-12T10:50:12.812544" elapsed="0.000000"/>
</kw>
<msg time="2025-06-12T10:50:12.812544" level="INFO">${driver_exists} = True</msg>
<var>${driver_exists}</var>
<arg>Variable Should Exist</arg>
<arg>${driver}</arg>
<doc>Runs the given keyword with given arguments and returns the status as a Boolean value.</doc>
<status status="PASS" start="2025-06-12T10:50:12.812544" elapsed="0.000000"/>
</kw>
<if>
<branch type="IF" condition="${driver_exists}">
<kw name="Run Keyword And Return Status" owner="BuiltIn">
<kw name="Close Driver" owner="Integration">
<arg>${driver}</arg>
<doc>Ferme proprement le driver Appium.</doc>
<status status="PASS" start="2025-06-12T10:50:12.812544" elapsed="0.202264"/>
</kw>
<msg time="2025-06-12T10:50:13.015773" level="INFO">${close_success} = True</msg>
<var>${close_success}</var>
<arg>Close Driver</arg>
<arg>${driver}</arg>
<doc>Runs the given keyword with given arguments and returns the status as a Boolean value.</doc>
<status status="PASS" start="2025-06-12T10:50:12.812544" elapsed="0.203229"/>
</kw>
<if>
<branch type="IF" condition="not ${close_success}">
<kw name="Log" owner="BuiltIn">
<arg>Warning: Impossible de fermer proprement le driver Appium</arg>
<doc>Logs the given message with the given level.</doc>
<status status="NOT RUN" start="2025-06-12T10:50:13.015773" elapsed="0.000000"/>
</kw>
<status status="NOT RUN" start="2025-06-12T10:50:13.015773" elapsed="0.000000"/>
</branch>
<status status="PASS" start="2025-06-12T10:50:13.015773" elapsed="0.000000"/>
</if>
<status status="PASS" start="2025-06-12T10:50:12.812544" elapsed="0.203229"/>
</branch>
<status status="PASS" start="2025-06-12T10:50:12.812544" elapsed="0.203229"/>
</if>
<status status="PASS" start="2025-06-12T10:50:12.811577" elapsed="0.204196"/>
</kw>
<doc>Tests for audio recording and playback functionality
- Verifies audio recording capabilities
- Verifies audio playback capabilities
- Supports both French and English interfaces</doc>
<status status="PASS" start="2025-06-12T10:49:07.474361" elapsed="65.541412"/>
</suite>
<statistics>
<total>
<stat pass="1" fail="0" skip="0">All Tests</stat>
</total>
<tag>
<stat pass="1" fail="0" skip="0">audio</stat>
<stat pass="1" fail="0" skip="0">playback</stat>
<stat pass="1" fail="0" skip="0">recording</stat>
</tag>
<suite>
<stat name="TestsAudio" id="s1" pass="1" fail="0" skip="0">TestsAudio</stat>
</suite>
</statistics>
<errors>
</errors>
</robot>
