<?xml version="1.0" encoding="UTF-8"?>
<robot generator="Robot 7.2.2 (Python 3.12.5 on win32)" generated="2025-05-29T09:51:30.217231" rpa="false" schemaversion="5">
<suite id="s1" name="TestsAudio" source="C:\Users\bahae\Documents\PfeProject\test_cases\TestsAudio.robot">
<kw name="Démarrer Driver" type="SETUP">
<kw name="Log" owner="BuiltIn">
<msg time="2025-05-29T09:51:33.599370" level="INFO">Tentative d'initialisation du driver Appium...</msg>
<arg>Tentative d'initialisation du driver Appium...</arg>
<doc>Logs the given message with the given level.</doc>
<status status="PASS" start="2025-05-29T09:51:33.599370" elapsed="0.000000"/>
</kw>
<kw name="Log" owner="BuiltIn">
<msg time="2025-05-29T09:51:33.599370" level="INFO">URL Appium: C:\Users\bahae\Documents\PfeProject\test_cases\..\config.py</msg>
<arg>URL Appium: C:\\Users\\bahae\\Documents\\PfeProject\\test_cases${/}..${/}config.py</arg>
<doc>Logs the given message with the given level.</doc>
<status status="PASS" start="2025-05-29T09:51:33.599370" elapsed="0.000000"/>
</kw>
<kw name="Run Keyword And Ignore Error" owner="BuiltIn">
<kw name="Setup Driver" owner="Integration">
<arg>${Device}</arg>
<doc>Initialise et retourne le driver Appium.</doc>
<status status="PASS" start="2025-05-29T09:51:33.599370" elapsed="4.062916"/>
</kw>
<msg time="2025-05-29T09:51:37.662286" level="INFO">${result} = ('PASS', &lt;appium.webdriver.webdriver.WebDriver (session="d6dac45e-cc26-4092-964e-4d0ddc0038e3")&gt;)</msg>
<var>${result}</var>
<arg>setup driver</arg>
<arg>${Device}</arg>
<doc>Runs the given keyword with the given arguments and ignores possible error.</doc>
<status status="PASS" start="2025-05-29T09:51:33.599370" elapsed="4.062916"/>
</kw>
<kw name="Set Variable" owner="BuiltIn">
<msg time="2025-05-29T09:51:37.662286" level="INFO">${status} = PASS</msg>
<msg time="2025-05-29T09:51:37.662286" level="INFO">${driver} = &lt;appium.webdriver.webdriver.WebDriver (session="d6dac45e-cc26-4092-964e-4d0ddc0038e3")&gt;</msg>
<var>${status}</var>
<var>${driver}</var>
<arg>${result}</arg>
<doc>Returns the given values which can then be assigned to a variables.</doc>
<status status="PASS" start="2025-05-29T09:51:37.662286" elapsed="0.000000"/>
</kw>
<if>
<branch type="IF" condition="'${status}' == 'FAIL'">
<kw name="Log" owner="BuiltIn">
<arg>Échec de l'initialisation du driver: ${driver}</arg>
<doc>Logs the given message with the given level.</doc>
<status status="NOT RUN" start="2025-05-29T09:51:37.662286" elapsed="0.000994"/>
</kw>
<kw name="Fail" owner="BuiltIn">
<arg>Impossible d'initialiser le driver Appium: ${driver}</arg>
<doc>Fails the test with the given message and optionally alters its tags.</doc>
<status status="NOT RUN" start="2025-05-29T09:51:37.663280" elapsed="0.000000"/>
</kw>
<status status="NOT RUN" start="2025-05-29T09:51:37.662286" elapsed="0.000994"/>
</branch>
<status status="PASS" start="2025-05-29T09:51:37.662286" elapsed="0.000994"/>
</if>
<kw name="Set Suite Variable" owner="BuiltIn">
<msg time="2025-05-29T09:51:37.663280" level="INFO">${driver} = &lt;appium.webdriver.webdriver.WebDriver (session="d6dac45e-cc26-4092-964e-4d0ddc0038e3")&gt;</msg>
<arg>${driver}</arg>
<doc>Makes a variable available everywhere within the scope of the current suite.</doc>
<status status="PASS" start="2025-05-29T09:51:37.663280" elapsed="0.000000"/>
</kw>
<kw name="Log" owner="BuiltIn">
<msg time="2025-05-29T09:51:37.663280" level="INFO">Driver Appium initialisé avec succès</msg>
<arg>Driver Appium initialisé avec succès</arg>
<doc>Logs the given message with the given level.</doc>
<status status="PASS" start="2025-05-29T09:51:37.663280" elapsed="0.000000"/>
</kw>
<status status="PASS" start="2025-05-29T09:51:33.598857" elapsed="4.064423"/>
</kw>
<test id="s1-t1" name="Test Audio Recording And Playback" line="236">
<kw name="Execute Test With Retry">
<kw name="Set Variable" owner="BuiltIn">
<msg time="2025-05-29T09:51:37.664281" level="INFO">${attempt} = 1</msg>
<var>${attempt}</var>
<arg>1</arg>
<doc>Returns the given values which can then be assigned to a variables.</doc>
<status status="PASS" start="2025-05-29T09:51:37.664281" elapsed="0.000000"/>
</kw>
<kw name="Set Variable" owner="BuiltIn">
<msg time="2025-05-29T09:51:37.664281" level="INFO">${test_status} = False</msg>
<var>${test_status}</var>
<arg>${FALSE}</arg>
<doc>Returns the given values which can then be assigned to a variables.</doc>
<status status="PASS" start="2025-05-29T09:51:37.664281" elapsed="0.000000"/>
</kw>
<for flavor="IN RANGE">
<iter>
<kw name="Run Keyword And Return Status" owner="BuiltIn">
<kw name="Verify Audio Recording">
<kw name="Initialize Language Settings">
<kw name="Get System Language" owner="Integration">
<msg time="2025-05-29T09:51:37.700567" level="INFO">${lang} = fr</msg>
<var>${lang}</var>
<arg>${Device}</arg>
<status status="PASS" start="2025-05-29T09:51:37.665281" elapsed="0.035286"/>
</kw>
<kw name="Set Variable If" owner="BuiltIn">
<msg time="2025-05-29T09:51:37.700567" level="INFO">${lang_dict} = {'System': 'Système', 'Setting': 'Paramètres', 'Audio': 'Enregistrement', 'Record': 'START', 'Stop': 'STOP', 'Play': 'Lire'}</msg>
<var>${lang_dict}</var>
<arg>'${lang}' == 'fr'</arg>
<arg>${LANG_FR}</arg>
<arg>${LANG_EN}</arg>
<doc>Sets variable based on the given condition.</doc>
<status status="PASS" start="2025-05-29T09:51:37.700567" elapsed="0.000000"/>
</kw>
<kw name="Set Suite Variable" owner="BuiltIn">
<msg time="2025-05-29T09:51:37.700567" level="INFO">${LANG_DICT} = {'System': 'Système', 'Setting': 'Paramètres', 'Audio': 'Enregistrement', 'Record': 'START', 'Stop': 'STOP', 'Play': 'Lire'}</msg>
<arg>${LANG_DICT}</arg>
<arg>${lang_dict}</arg>
<doc>Makes a variable available everywhere within the scope of the current suite.</doc>
<status status="PASS" start="2025-05-29T09:51:37.700567" elapsed="0.000000"/>
</kw>
<status status="PASS" start="2025-05-29T09:51:37.665281" elapsed="0.035286"/>
</kw>
<kw name="Navigate To Audio App">
<kw name="Start Activity Code" owner="Integration">
<arg>${driver}</arg>
<arg>com.example.audioapplicationtest/.MainActivity</arg>
<doc>Lance une activité spécifique sur un appareil Android via Appium.</doc>
<status status="PASS" start="2025-05-29T09:51:37.701564" elapsed="0.057328"/>
</kw>
<kw name="Sleep" owner="BuiltIn">
<msg time="2025-05-29T09:51:40.759001" level="INFO">Slept 3 seconds.</msg>
<arg>3s</arg>
<doc>Pauses the test executed for the given time.</doc>
<status status="PASS" start="2025-05-29T09:51:37.758892" elapsed="3.000109"/>
</kw>
<kw name="Print Activity" owner="Integration">
<msg time="2025-05-29T09:51:40.831348" level="INFO">${current_activity} = com.example.audioapplicationtest/.MainActivity</msg>
<var>${current_activity}</var>
<arg>${driver}</arg>
<doc>Retourne l'activité complète sous la forme 'com.android.car.messenger/.ui.launcher.MessageLauncherActivity'.</doc>
<status status="PASS" start="2025-05-29T09:51:40.759001" elapsed="0.072347"/>
</kw>
<kw name="Should Contain" owner="BuiltIn">
<arg>${current_activity}</arg>
<arg>com.example.audioapplicationtest/.MainActivity</arg>
<arg>L'application n'est pas correctement lancée</arg>
<doc>Fails if ``container`` does not contain ``item`` one or more times.</doc>
<status status="PASS" start="2025-05-29T09:51:40.831348" elapsed="0.000998"/>
</kw>
<status status="PASS" start="2025-05-29T09:51:37.701564" elapsed="3.130782"/>
</kw>
<kw name="Start Audio Recording And Playback">
<kw name="Log" owner="BuiltIn">
<msg time="2025-05-29T09:51:40.832346" level="INFO">Démarrage de l'enregistrement audio...</msg>
<arg>Démarrage de l'enregistrement audio...</arg>
<doc>Logs the given message with the given level.</doc>
<status status="PASS" start="2025-05-29T09:51:40.832346" elapsed="0.000000"/>
</kw>
<kw name="Get Audio File Duration">
<kw name="Get Audio Duration" owner="Integration">
<msg time="2025-05-29T09:51:40.833869" level="INFO">✅ Durée du fichier audio C:\Users\bahae\Documents\PfeProject\test_cases\test.wav: 18.31 secondes</msg>
<msg time="2025-05-29T09:51:40.833869" level="INFO">${duration} = 18.311836734693877</msg>
<var>${duration}</var>
<arg>${driver}</arg>
<arg>${audio_file}</arg>
<doc>Obtient la durée d'un fichier audio en secondes.</doc>
<status status="PASS" start="2025-05-29T09:51:40.832346" elapsed="0.001523"/>
</kw>
<kw name="Should Not Be Equal As Numbers" owner="BuiltIn">
<msg time="2025-05-29T09:51:40.833869" level="INFO">Argument types are:
&lt;class 'float'&gt;
&lt;class 'str'&gt;</msg>
<arg>${duration}</arg>
<arg>0</arg>
<arg>Impossible d'obtenir la durée du fichier audio</arg>
<doc>Fails if objects are equal after converting them to real numbers.</doc>
<status status="PASS" start="2025-05-29T09:51:40.833869" elapsed="0.000000"/>
</kw>
<return>
<value>${duration}</value>
<status status="PASS" start="2025-05-29T09:51:40.833869" elapsed="0.000000"/>
</return>
<msg time="2025-05-29T09:51:40.833869" level="INFO">${duration} = 18.311836734693877</msg>
<var>${duration}</var>
<arg>${audio_file}</arg>
<status status="PASS" start="2025-05-29T09:51:40.832346" elapsed="0.001523"/>
</kw>
<kw name="Log" owner="BuiltIn">
<msg time="2025-05-29T09:51:40.834864" level="INFO">Durée du fichier audio à lire: 18.311836734693877 secondes</msg>
<arg>Durée du fichier audio à lire: ${duration} secondes</arg>
<doc>Logs the given message with the given level.</doc>
<status status="PASS" start="2025-05-29T09:51:40.833869" elapsed="0.000995"/>
</kw>
<kw name="Click Record Button">
<kw name="Wait For Record Button">
<kw name="Wait Until Keyword Succeeds" owner="BuiltIn">
<kw name="Check Element Exists" owner="Integration">
<arg>${driver}</arg>
<arg>//android.widget.Button[@text="START"]</arg>
<doc>Vérifie si un élément existe en utilisant le XPath donné.</doc>
<status status="PASS" start="2025-05-29T09:51:40.834864" elapsed="0.595655"/>
</kw>
<arg>${timeout}</arg>
<arg>${QUICK_WAIT}</arg>
<arg>Check Element Exists</arg>
<arg>${driver}</arg>
<arg>//android.widget.Button[@text="START"]</arg>
<doc>Runs the specified keyword and retries if it fails.</doc>
<status status="PASS" start="2025-05-29T09:51:40.834864" elapsed="0.596656"/>
</kw>
<status status="PASS" start="2025-05-29T09:51:40.834864" elapsed="0.596656"/>
</kw>
<kw name="Check Element Exists" owner="Integration">
<msg time="2025-05-29T09:51:41.480329" level="INFO">${button_exists} = True</msg>
<var>${button_exists}</var>
<arg>${driver}</arg>
<arg>//android.widget.Button[@text="START"]</arg>
<doc>Vérifie si un élément existe en utilisant le XPath donné.</doc>
<status status="PASS" start="2025-05-29T09:51:41.431520" elapsed="0.048809"/>
</kw>
<kw name="Should Be True" owner="BuiltIn">
<arg>${button_exists}</arg>
<arg>Le bouton START n'est pas visible</arg>
<doc>Fails if the given condition is not true.</doc>
<status status="PASS" start="2025-05-29T09:51:41.480329" elapsed="0.000000"/>
</kw>
<kw name="Run Keyword And Return Status" owner="BuiltIn">
<kw name="Click Element By Xpath Bounds" owner="Integration">
<arg>${driver}</arg>
<arg>//android.widget.Button[@text="START"]</arg>
<doc>Trouve un élément par XPath et clique dessus en utilisant ses bounds.</doc>
<status status="PASS" start="2025-05-29T09:51:41.480329" elapsed="0.469528"/>
</kw>
<msg time="2025-05-29T09:51:41.949857" level="INFO">${success} = True</msg>
<var>${success}</var>
<arg>click_element_by_xpath_bounds</arg>
<arg>${driver}</arg>
<arg>//android.widget.Button[@text="START"]</arg>
<doc>Runs the given keyword with given arguments and returns the status as a Boolean value.</doc>
<status status="PASS" start="2025-05-29T09:51:41.480329" elapsed="0.469528"/>
</kw>
<kw name="Should Be True" owner="BuiltIn">
<arg>${success}</arg>
<arg>Impossible de cliquer sur le bouton START</arg>
<doc>Fails if the given condition is not true.</doc>
<status status="PASS" start="2025-05-29T09:51:41.949857" elapsed="0.000522"/>
</kw>
<status status="PASS" start="2025-05-29T09:51:40.834864" elapsed="1.115515"/>
</kw>
<kw name="Sleep" owner="BuiltIn">
<msg time="2025-05-29T09:51:43.950827" level="INFO">Slept 2 seconds.</msg>
<arg>2s</arg>
<doc>Pauses the test executed for the given time.</doc>
<status status="PASS" start="2025-05-29T09:51:41.950379" elapsed="2.000448"/>
</kw>
<kw name="Run Keyword And Return Status" owner="BuiltIn">
<kw name="Play Audio" owner="Integration">
<msg time="2025-05-29T09:52:07.040657" level="INFO">✅ Lecture audio réussie : Lecture du fichier test.wav terminée</msg>
<arg>${driver}</arg>
<arg>${audio_file}</arg>
<doc>Joue un fichier audio via l'API Flask.</doc>
<status status="PASS" start="2025-05-29T09:51:43.950827" elapsed="23.089830"/>
</kw>
<msg time="2025-05-29T09:52:07.040657" level="INFO">${success} = True</msg>
<var>${success}</var>
<arg>play_audio</arg>
<arg>${driver}</arg>
<arg>${audio_file}</arg>
<doc>Runs the given keyword with given arguments and returns the status as a Boolean value.</doc>
<status status="PASS" start="2025-05-29T09:51:43.950827" elapsed="23.089830"/>
</kw>
<kw name="Should Be True" owner="BuiltIn">
<arg>${success}</arg>
<arg>La lecture audio a échoué</arg>
<doc>Fails if the given condition is not true.</doc>
<status status="PASS" start="2025-05-29T09:52:07.041658" elapsed="0.000000"/>
</kw>
<kw name="Sleep" owner="BuiltIn">
<msg time="2025-05-29T09:52:25.354235" level="INFO">Slept 18 seconds 312 milliseconds.</msg>
<arg>${duration}s</arg>
<doc>Pauses the test executed for the given time.</doc>
<status status="PASS" start="2025-05-29T09:52:07.041658" elapsed="18.312577"/>
</kw>
<kw name="Click Stop Button">
<kw name="Check Element Exists" owner="Integration">
<msg time="2025-05-29T09:52:25.406536" level="INFO">${button_exists} = True</msg>
<var>${button_exists}</var>
<arg>${driver}</arg>
<arg>//android.widget.Button[@text="STOP"]</arg>
<doc>Vérifie si un élément existe en utilisant le XPath donné.</doc>
<status status="PASS" start="2025-05-29T09:52:25.354235" elapsed="0.052301"/>
</kw>
<kw name="Should Be True" owner="BuiltIn">
<arg>${button_exists}</arg>
<arg>Le bouton STOP n'est pas visible</arg>
<doc>Fails if the given condition is not true.</doc>
<status status="PASS" start="2025-05-29T09:52:25.406536" elapsed="0.000000"/>
</kw>
<kw name="Run Keyword And Return Status" owner="BuiltIn">
<kw name="Click Element By Xpath Bounds" owner="Integration">
<arg>${driver}</arg>
<arg>//android.widget.Button[@text="STOP"]</arg>
<doc>Trouve un élément par XPath et clique dessus en utilisant ses bounds.</doc>
<status status="PASS" start="2025-05-29T09:52:25.406536" elapsed="0.482167"/>
</kw>
<msg time="2025-05-29T09:52:25.888703" level="INFO">${success} = True</msg>
<var>${success}</var>
<arg>click_element_by_xpath_bounds</arg>
<arg>${driver}</arg>
<arg>//android.widget.Button[@text="STOP"]</arg>
<doc>Runs the given keyword with given arguments and returns the status as a Boolean value.</doc>
<status status="PASS" start="2025-05-29T09:52:25.406536" elapsed="0.482167"/>
</kw>
<kw name="Should Be True" owner="BuiltIn">
<arg>${success}</arg>
<arg>Impossible de cliquer sur le bouton STOP</arg>
<doc>Fails if the given condition is not true.</doc>
<status status="PASS" start="2025-05-29T09:52:25.888703" elapsed="0.000000"/>
</kw>
<status status="PASS" start="2025-05-29T09:52:25.354235" elapsed="0.534468"/>
</kw>
<status status="PASS" start="2025-05-29T09:51:40.832346" elapsed="45.056357"/>
</kw>
<kw name="Compare Audio Files">
<kw name="Compare With Latest Recorded" owner="TestAudio">
<msg time="2025-05-29T09:52:52.777781" level="INFO">Graphiques sauvegardés dans: C:\Users\bahae\Documents\PfeProject\test_cases\..\log\plots\audio_comparison_enregistrement_20250529_095243.png</msg>
<msg time="2025-05-29T09:52:52.778725" level="INFO">============================= Début du test audio ==============================
Original: C:\Users\bahae\Documents\PfeProject\test_cases\test.wav
Enregistré: latest_download.wav
Date du test: 2025-05-29 09:52:27

Original - Durée: 18.31s -&gt; Segment actif: 18.31s
Enregistré - Durée: 43.89s -&gt; Segment actif: 18.37s
Recherche du meilleur alignement...
Alignement initial trouvé, ajustement fin...

Détails de l'alignement:
Position originale: 0.000s
Position enregistrée: 0.043s
Ajustement: 43.2ms
Corrélation initiale: 0.558
Original length: 807552, Recorded length: 807552
Best lag: -429 samples (-0.010 seconds)
Final lengths - Original: 807552, Aligned: 807552
Décalage temporel final: -0.010 secondes

=== Résultats ===
Décalage temporel: -0.010 secondes
         snr: 2.9869
 correlation: 0.7324
         mse: 0.0166
        rmse: 0.1289
energy_ratio: 0.8650
    max_diff: 1.5831
   mean_diff: 0.0790
         mos: 3.5983
     clarity: 1.0852
  clarity_db: 0.3549

=== Résultat: ÉCHEC ===
SNR: 2.99 dB (seuil: 20 dB)
Corrélation: 0.732 (seuil: 0.9)
MOS: 3.60/5 (seuil: 3.0)
Clarté: 1.085 (seuil: 0.8)</msg>
<msg time="2025-05-29T09:52:52.778725" level="INFO">C:\Users\bahae\Documents\PfeProject\test_cases\TestAudio.py:338: UserWarning: Glyph 10060 (\N{CROSS MARK}) missing from font(s) DejaVu Sans.
  plt.savefig(output_file, dpi=300, bbox_inches='tight')</msg>
<msg time="2025-05-29T09:52:52.778725" level="INFO">${test_passed} = False</msg>
<msg time="2025-05-29T09:52:52.778725" level="INFO">${metrics} = {'snr': 2.986907826815315, 'correlation': 0.7323793090231456, 'mse': 0.016604973226602128, 'rmse': 0.12886028568415533, 'energy_ratio': 0.8650200476067365, 'max_diff': 1.5831218098528415, 'mean_diff':...</msg>
<var>${test_passed}</var>
<var>${metrics}</var>
<arg>${original_audio}</arg>
<doc>Télécharge le dernier audio enregistré via l'API Flask et le compare à l'original.
:param original_audio: Chemin du fichier original (wav)
:param latest_audio_path: Chemin où sauvegarder le fichier téléchargé
:param api_url: URL de l'API Flask pour récupérer le dernier audio
:return: (test_passed, metrics)</doc>
<status status="PASS" start="2025-05-29T09:52:25.889698" elapsed="26.889027"/>
</kw>
<kw name="Log" owner="BuiltIn">
<msg time="2025-05-29T09:52:52.779726" level="INFO">SNR: 2.986907826815315 dB (seuil: 20 dB)</msg>
<arg>SNR: ${metrics['snr']} dB (seuil: 20 dB)</arg>
<doc>Logs the given message with the given level.</doc>
<status status="PASS" start="2025-05-29T09:52:52.778725" elapsed="0.001001"/>
</kw>
<kw name="Log" owner="BuiltIn">
<msg time="2025-05-29T09:52:52.779726" level="INFO">Corrélation: 0.7323793090231456 (seuil: 0.9)</msg>
<arg>Corrélation: ${metrics['correlation']} (seuil: 0.9)</arg>
<doc>Logs the given message with the given level.</doc>
<status status="PASS" start="2025-05-29T09:52:52.779726" elapsed="0.000000"/>
</kw>
<kw name="Log" owner="BuiltIn">
<msg time="2025-05-29T09:52:52.779726" level="INFO">MOS: 3.5983314839003873/5 (seuil: 3.0)</msg>
<arg>MOS: ${metrics['mos']}/5 (seuil: 3.0)</arg>
<doc>Logs the given message with the given level.</doc>
<status status="PASS" start="2025-05-29T09:52:52.779726" elapsed="0.001002"/>
</kw>
<kw name="Log" owner="BuiltIn">
<msg time="2025-05-29T09:52:52.780728" level="INFO">Clarté: 1.08515275578414 (seuil: 0.8)</msg>
<arg>Clarté: ${metrics['clarity']} (seuil: 0.8)</arg>
<doc>Logs the given message with the given level.</doc>
<status status="PASS" start="2025-05-29T09:52:52.780728" elapsed="0.000000"/>
</kw>
<kw name="Evaluate" owner="BuiltIn">
<msg time="2025-05-29T09:52:52.781768" level="INFO">${snr_ok} = False</msg>
<var>${snr_ok}</var>
<arg>${metrics['snr']} &gt;= 20</arg>
<doc>Evaluates the given expression in Python and returns the result.</doc>
<status status="PASS" start="2025-05-29T09:52:52.781245" elapsed="0.000523"/>
</kw>
<kw name="Evaluate" owner="BuiltIn">
<msg time="2025-05-29T09:52:52.782296" level="INFO">${correlation_ok} = False</msg>
<var>${correlation_ok}</var>
<arg>${metrics['correlation']} &gt;= 0.9</arg>
<doc>Evaluates the given expression in Python and returns the result.</doc>
<status status="PASS" start="2025-05-29T09:52:52.781768" elapsed="0.000528"/>
</kw>
<kw name="Evaluate" owner="BuiltIn">
<msg time="2025-05-29T09:52:52.783278" level="INFO">${mos_ok} = True</msg>
<var>${mos_ok}</var>
<arg>${metrics['mos']} &gt;= 3.0</arg>
<doc>Evaluates the given expression in Python and returns the result.</doc>
<status status="PASS" start="2025-05-29T09:52:52.782296" elapsed="0.000982"/>
</kw>
<kw name="Evaluate" owner="BuiltIn">
<msg time="2025-05-29T09:52:52.783278" level="INFO">${clarity_ok} = True</msg>
<var>${clarity_ok}</var>
<arg>${metrics['clarity']} &gt;= 0.8</arg>
<doc>Evaluates the given expression in Python and returns the result.</doc>
<status status="PASS" start="2025-05-29T09:52:52.783278" elapsed="0.000000"/>
</kw>
<kw name="Evaluate" owner="BuiltIn">
<msg time="2025-05-29T09:52:52.784280" level="INFO">${test_passed} = False</msg>
<var>${test_passed}</var>
<arg>${snr_ok} and ${correlation_ok} and ${mos_ok} and ${clarity_ok}</arg>
<doc>Evaluates the given expression in Python and returns the result.</doc>
<status status="PASS" start="2025-05-29T09:52:52.783278" elapsed="0.001002"/>
</kw>
<if>
<branch type="IF" condition="not ${test_passed}">
<kw name="Log" owner="BuiltIn">
<msg time="2025-05-29T09:52:52.784280" level="INFO">❌ Test échoué - Métriques critiques non satisfaites</msg>
<arg>❌ Test échoué - Métriques critiques non satisfaites</arg>
<doc>Logs the given message with the given level.</doc>
<status status="PASS" start="2025-05-29T09:52:52.784280" elapsed="0.000000"/>
</kw>
<kw name="Fail" owner="BuiltIn">
<msg time="2025-05-29T09:52:52.784280" level="FAIL">Test audio échoué - Vérifiez les métriques dans les logs</msg>
<arg>Test audio échoué - Vérifiez les métriques dans les logs</arg>
<doc>Fails the test with the given message and optionally alters its tags.</doc>
<status status="FAIL" start="2025-05-29T09:52:52.784280" elapsed="0.000000">Test audio échoué - Vérifiez les métriques dans les logs</status>
</kw>
<status status="FAIL" start="2025-05-29T09:52:52.784280" elapsed="0.000000">Test audio échoué - Vérifiez les métriques dans les logs</status>
</branch>
<branch type="ELSE">
<kw name="Log" owner="BuiltIn">
<arg>✅ Test réussi - Toutes les métriques sont satisfaites</arg>
<doc>Logs the given message with the given level.</doc>
<status status="NOT RUN" start="2025-05-29T09:52:52.784280" elapsed="0.000000"/>
</kw>
<status status="NOT RUN" start="2025-05-29T09:52:52.784280" elapsed="0.000000"/>
</branch>
<status status="FAIL" start="2025-05-29T09:52:52.784280" elapsed="0.000000">Test audio échoué - Vérifiez les métriques dans les logs</status>
</if>
<return>
<value>${test_passed}</value>
<value>${metrics}</value>
<status status="NOT RUN" start="2025-05-29T09:52:52.784280" elapsed="0.000000"/>
</return>
<var>${result}</var>
<arg>${DEFAULT_OUTPUT_FILE}</arg>
<status status="FAIL" start="2025-05-29T09:52:25.889698" elapsed="26.894582">Test audio échoué - Vérifiez les métriques dans les logs</status>
</kw>
<kw name="Log" owner="BuiltIn">
<arg>Résultat de la comparaison: ${result}</arg>
<doc>Logs the given message with the given level.</doc>
<status status="NOT RUN" start="2025-05-29T09:52:52.785280" elapsed="0.000000"/>
</kw>
<status status="FAIL" start="2025-05-29T09:51:37.665281" elapsed="75.119999">Test audio échoué - Vérifiez les métriques dans les logs</status>
</kw>
<msg time="2025-05-29T09:52:52.785280" level="INFO">${test_status} = False</msg>
<var>${test_status}</var>
<arg>${test_keyword}</arg>
<doc>Runs the given keyword with given arguments and returns the status as a Boolean value.</doc>
<status status="PASS" start="2025-05-29T09:51:37.664281" elapsed="75.120999"/>
</kw>
<if>
<branch type="IF" condition="${test_status}">
<kw name="Log" owner="BuiltIn">
<arg>Test ${test_name} réussi</arg>
<doc>Logs the given message with the given level.</doc>
<status status="NOT RUN" start="2025-05-29T09:52:52.785280" elapsed="0.000000"/>
</kw>
<kw name="Exit For Loop" owner="BuiltIn">
<doc>Stops executing the enclosing FOR loop.</doc>
<status status="NOT RUN" start="2025-05-29T09:52:52.785280" elapsed="0.000000"/>
</kw>
<status status="NOT RUN" start="2025-05-29T09:52:52.785280" elapsed="0.000000"/>
</branch>
<branch type="ELSE">
<kw name="Evaluate" owner="BuiltIn">
<msg time="2025-05-29T09:52:52.785799" level="INFO">${attempt} = 2</msg>
<var>${attempt}</var>
<arg>${attempt} + 1</arg>
<doc>Evaluates the given expression in Python and returns the result.</doc>
<status status="PASS" start="2025-05-29T09:52:52.785280" elapsed="0.000519"/>
</kw>
<if>
<branch type="IF" condition="${attempt} &lt;= ${MAX_RETRIES}">
<kw name="Log" owner="BuiltIn">
<arg>Test ${test_name} échoué - Tentative ${attempt}/${MAX_RETRIES}</arg>
<doc>Logs the given message with the given level.</doc>
<status status="NOT RUN" start="2025-05-29T09:52:52.785799" elapsed="0.000000"/>
</kw>
<kw name="Sleep" owner="BuiltIn">
<arg>${RETRY_DELAY}</arg>
<doc>Pauses the test executed for the given time.</doc>
<status status="NOT RUN" start="2025-05-29T09:52:52.785799" elapsed="0.000000"/>
</kw>
<status status="NOT RUN" start="2025-05-29T09:52:52.785799" elapsed="0.000000"/>
</branch>
<status status="PASS" start="2025-05-29T09:52:52.785799" elapsed="0.000000"/>
</if>
<status status="PASS" start="2025-05-29T09:52:52.785280" elapsed="0.000519"/>
</branch>
<status status="PASS" start="2025-05-29T09:52:52.785280" elapsed="0.000519"/>
</if>
<var name="${index}">0</var>
<status status="PASS" start="2025-05-29T09:51:37.664281" elapsed="75.121518"/>
</iter>
<var>${index}</var>
<value>${MAX_RETRIES}</value>
<status status="PASS" start="2025-05-29T09:51:37.664281" elapsed="75.121518"/>
</for>
<if>
<branch type="IF" condition="not ${test_status}">
<kw name="Fail" owner="BuiltIn">
<msg time="2025-05-29T09:52:52.785799" level="FAIL">Le test Test Audio Recording And Playback a échoué après 1 tentatives</msg>
<arg>Le test ${test_name} a échoué après ${MAX_RETRIES} tentatives</arg>
<doc>Fails the test with the given message and optionally alters its tags.</doc>
<status status="FAIL" start="2025-05-29T09:52:52.785799" elapsed="0.000000">Le test Test Audio Recording And Playback a échoué après 1 tentatives</status>
</kw>
<status status="FAIL" start="2025-05-29T09:52:52.785799" elapsed="0.000000">Le test Test Audio Recording And Playback a échoué après 1 tentatives</status>
</branch>
<status status="FAIL" start="2025-05-29T09:52:52.785799" elapsed="0.000000">Le test Test Audio Recording And Playback a échoué après 1 tentatives</status>
</if>
<arg>Verify Audio Recording</arg>
<arg>Test Audio Recording And Playback</arg>
<status status="FAIL" start="2025-05-29T09:51:37.664281" elapsed="75.121518">Le test Test Audio Recording And Playback a échoué après 1 tentatives</status>
</kw>
<doc>Verifies audio recording and playback functionality
- Navigates to audio recording app
- Records audio for a specified duration
- Plays back the recorded audio
- Supports both French and English interfaces</doc>
<tag>audio</tag>
<tag>playback</tag>
<tag>recording</tag>
<status status="FAIL" start="2025-05-29T09:51:37.663280" elapsed="75.123514">Le test Test Audio Recording And Playback a échoué après 1 tentatives</status>
</test>
<test id="s1-t2" name="Test Audio Player And Playback" line="247">
<kw name="Navigate To Audio Player App">
<kw name="Start Activity Code" owner="Integration">
<arg>${driver}</arg>
<arg>com.example.audioapplicationtest/.AudioPlayerActivity</arg>
<doc>Lance une activité spécifique sur un appareil Android via Appium.</doc>
<status status="PASS" start="2025-05-29T09:52:52.787794" elapsed="0.059350"/>
</kw>
<kw name="Sleep" owner="BuiltIn">
<msg time="2025-05-29T09:52:55.848038" level="INFO">Slept 3 seconds.</msg>
<arg>3s</arg>
<doc>Pauses the test executed for the given time.</doc>
<status status="PASS" start="2025-05-29T09:52:52.847144" elapsed="3.000894"/>
</kw>
<kw name="Print Activity" owner="Integration">
<msg time="2025-05-29T09:52:55.923992" level="INFO">${current_activity} = com.example.audioapplicationtest/.AudioPlayerActivity</msg>
<var>${current_activity}</var>
<arg>${driver}</arg>
<doc>Retourne l'activité complète sous la forme 'com.android.car.messenger/.ui.launcher.MessageLauncherActivity'.</doc>
<status status="PASS" start="2025-05-29T09:52:55.848038" elapsed="0.075954"/>
</kw>
<kw name="Should Contain" owner="BuiltIn">
<arg>${current_activity}</arg>
<arg>com.example.audioapplicationtest/.AudioPlayerActivity</arg>
<arg>L'application n'est pas correctement lancée</arg>
<doc>Fails if ``container`` does not contain ``item`` one or more times.</doc>
<status status="PASS" start="2025-05-29T09:52:55.923992" elapsed="0.000000"/>
</kw>
<status status="PASS" start="2025-05-29T09:52:52.787794" elapsed="3.136198"/>
</kw>
<kw name="Record Audio" owner="Integration">
<msg time="2025-05-29T09:52:55.927513" level="INFO">✅ Enregistrement audio réussi : Enregistrement audio démarré</msg>
<msg time="2025-05-29T09:52:55.927513" level="INFO">${recording_success} = True</msg>
<var>${recording_success}</var>
<arg>${driver}</arg>
<arg>23</arg>
<doc>Enregistre l'audio du système via l'API Flask.</doc>
<status status="PASS" start="2025-05-29T09:52:55.923992" elapsed="0.003521"/>
</kw>
<kw name="Should Be True" owner="BuiltIn">
<arg>${recording_success}</arg>
<arg>L'enregistrement audio a échoué</arg>
<doc>Fails if the given condition is not true.</doc>
<status status="PASS" start="2025-05-29T09:52:55.927513" elapsed="0.000000"/>
</kw>
<kw name="Sleep" owner="BuiltIn">
<msg time="2025-05-29T09:52:56.928969" level="INFO">Slept 1 second.</msg>
<arg>1s</arg>
<doc>Pauses the test executed for the given time.</doc>
<status status="PASS" start="2025-05-29T09:52:55.928513" elapsed="1.000456"/>
</kw>
<kw name="Click Play Button">
<kw name="Wait For Record Button">
<kw name="Wait Until Keyword Succeeds" owner="BuiltIn">
<kw name="Check Element Exists" owner="Integration">
<arg>${driver}</arg>
<arg>//android.widget.Button[@text="START"]</arg>
<doc>Vérifie si un élément existe en utilisant le XPath donné.</doc>
<status status="PASS" start="2025-05-29T09:52:56.930960" elapsed="0.060822"/>
</kw>
<arg>${timeout}</arg>
<arg>${QUICK_WAIT}</arg>
<arg>Check Element Exists</arg>
<arg>${driver}</arg>
<arg>//android.widget.Button[@text="START"]</arg>
<doc>Runs the specified keyword and retries if it fails.</doc>
<status status="PASS" start="2025-05-29T09:52:56.929960" elapsed="0.062334"/>
</kw>
<status status="PASS" start="2025-05-29T09:52:56.928969" elapsed="0.063325"/>
</kw>
<kw name="Check Element Exists" owner="Integration">
<msg time="2025-05-29T09:52:57.042130" level="INFO">${button_exists} = True</msg>
<var>${button_exists}</var>
<arg>${driver}</arg>
<arg>//android.widget.Button[@text="PLAY TEST WAV"]</arg>
<doc>Vérifie si un élément existe en utilisant le XPath donné.</doc>
<status status="PASS" start="2025-05-29T09:52:56.992294" elapsed="0.049836"/>
</kw>
<kw name="Should Be True" owner="BuiltIn">
<arg>${button_exists}</arg>
<arg>Le bouton PLAY TEST WAV n'est pas visible</arg>
<doc>Fails if the given condition is not true.</doc>
<status status="PASS" start="2025-05-29T09:52:57.042130" elapsed="0.000000"/>
</kw>
<kw name="Run Keyword And Return Status" owner="BuiltIn">
<kw name="Click Element By Xpath Bounds" owner="Integration">
<arg>${driver}</arg>
<arg>//android.widget.Button[@text="PLAY TEST WAV"]</arg>
<doc>Trouve un élément par XPath et clique dessus en utilisant ses bounds.</doc>
<status status="PASS" start="2025-05-29T09:52:57.042130" elapsed="0.470898"/>
</kw>
<msg time="2025-05-29T09:52:57.513028" level="INFO">${success} = True</msg>
<var>${success}</var>
<arg>click_element_by_xpath_bounds</arg>
<arg>${driver}</arg>
<arg>//android.widget.Button[@text="PLAY TEST WAV"]</arg>
<doc>Runs the given keyword with given arguments and returns the status as a Boolean value.</doc>
<status status="PASS" start="2025-05-29T09:52:57.042130" elapsed="0.470898"/>
</kw>
<kw name="Should Be True" owner="BuiltIn">
<arg>${success}</arg>
<arg>Impossible de cliquer sur le bouton START</arg>
<doc>Fails if the given condition is not true.</doc>
<status status="PASS" start="2025-05-29T09:52:57.513979" elapsed="0.000000"/>
</kw>
<status status="PASS" start="2025-05-29T09:52:56.928969" elapsed="0.585010"/>
</kw>
<kw name="Sleep" owner="BuiltIn">
<msg time="2025-05-29T09:53:19.514562" level="INFO">Slept 22 seconds.</msg>
<arg>22s</arg>
<doc>Pauses the test executed for the given time.</doc>
<status status="PASS" start="2025-05-29T09:52:57.513979" elapsed="22.000583"/>
</kw>
<kw name="Compare Audio Files Play">
<kw name="Compare With Latest Recorded Play" owner="TestAudio">
<msg time="2025-05-29T09:53:46.802027" level="INFO">Graphiques sauvegardés dans: C:\Users\bahae\Documents\PfeProject\test_cases\..\log\plots\audio_comparison_lecture_20250529_095337.png</msg>
<msg time="2025-05-29T09:53:46.802027" level="INFO">============================= Début du test audio ==============================
Original: C:\Users\bahae\Documents\PfeProject\test_cases\test.wav
Enregistré: latest_download.wav
Date du test: 2025-05-29 09:53:21

Original - Durée: 18.31s -&gt; Segment actif: 18.31s
Enregistré - Durée: 43.89s -&gt; Segment actif: 18.37s
Recherche du meilleur alignement...
Alignement initial trouvé, ajustement fin...

Détails de l'alignement:
Position originale: 0.000s
Position enregistrée: 0.043s
Ajustement: 43.2ms
Corrélation initiale: 0.558
Original length: 807552, Recorded length: 807552
Best lag: -429 samples (-0.010 seconds)
Final lengths - Original: 807552, Aligned: 807552
Décalage temporel final: -0.010 secondes

=== Résultats ===
Décalage temporel: -0.010 secondes
         snr: 2.9869
 correlation: 0.7324
         mse: 0.0166
        rmse: 0.1289
energy_ratio: 0.8650
    max_diff: 1.5831
   mean_diff: 0.0790
         mos: 3.5983
     clarity: 1.0852
  clarity_db: 0.3549

=== Résultat: ÉCHEC ===
SNR: 2.99 dB (seuil: 20 dB)
Corrélation: 0.732 (seuil: 0.9)
MOS: 3.60/5 (seuil: 3.0)
Clarté: 1.085 (seuil: 0.8)</msg>
<msg time="2025-05-29T09:53:46.802027" level="INFO">${test_passed} = False</msg>
<msg time="2025-05-29T09:53:46.802542" level="INFO">${metrics} = {'snr': 2.986907826815315, 'correlation': 0.7323793090231456, 'mse': 0.016604973226602128, 'rmse': 0.12886028568415533, 'energy_ratio': 0.8650200476067365, 'max_diff': 1.5831218098528415, 'mean_diff':...</msg>
<var>${test_passed}</var>
<var>${metrics}</var>
<arg>${original_audio}</arg>
<doc>Télécharge le dernier audio enregistré via l'API Flask et le compare à l'original.
:param original_audio: Chemin du fichier original (wav)
:param latest_audio_path: Chemin où sauvegarder le fichier téléchargé
:param api_url: URL de l'API Flask pour récupérer le dernier audio
:return: (test_passed, metrics)</doc>
<status status="PASS" start="2025-05-29T09:53:19.515561" elapsed="27.286981"/>
</kw>
<kw name="Log" owner="BuiltIn">
<msg time="2025-05-29T09:53:46.802542" level="INFO">SNR: 2.986907826815315 dB (seuil: 20 dB)</msg>
<arg>SNR: ${metrics['snr']} dB (seuil: 20 dB)</arg>
<doc>Logs the given message with the given level.</doc>
<status status="PASS" start="2025-05-29T09:53:46.802542" elapsed="0.000000"/>
</kw>
<kw name="Log" owner="BuiltIn">
<msg time="2025-05-29T09:53:46.803539" level="INFO">Corrélation: 0.7323793090231456 (seuil: 0.9)</msg>
<arg>Corrélation: ${metrics['correlation']} (seuil: 0.9)</arg>
<doc>Logs the given message with the given level.</doc>
<status status="PASS" start="2025-05-29T09:53:46.802542" elapsed="0.000997"/>
</kw>
<kw name="Log" owner="BuiltIn">
<msg time="2025-05-29T09:53:46.803539" level="INFO">MOS: 3.5983314839003873/5 (seuil: 3.0)</msg>
<arg>MOS: ${metrics['mos']}/5 (seuil: 3.0)</arg>
<doc>Logs the given message with the given level.</doc>
<status status="PASS" start="2025-05-29T09:53:46.803539" elapsed="0.000000"/>
</kw>
<kw name="Log" owner="BuiltIn">
<msg time="2025-05-29T09:53:46.803539" level="INFO">Clarté: 1.08515275578414 (seuil: 0.8)</msg>
<arg>Clarté: ${metrics['clarity']} (seuil: 0.8)</arg>
<doc>Logs the given message with the given level.</doc>
<status status="PASS" start="2025-05-29T09:53:46.803539" elapsed="0.000000"/>
</kw>
<kw name="Set Variable" owner="BuiltIn">
<msg time="2025-05-29T09:53:46.804539" level="FAIL">Resolving variable '${metrics['plot_file']}' failed: KeyError: 'plot_file'</msg>
<var>${plot_file}</var>
<arg>${metrics['plot_file']}</arg>
<doc>Returns the given values which can then be assigned to a variables.</doc>
<status status="FAIL" start="2025-05-29T09:53:46.803539" elapsed="0.001000">Resolving variable '${metrics['plot_file']}' failed: KeyError: 'plot_file'</status>
</kw>
<kw name="Log" owner="BuiltIn">
<arg>&lt;img src="${plot_file}" width="800px"/&gt;</arg>
<doc>Logs the given message with the given level.</doc>
<status status="NOT RUN" start="2025-05-29T09:53:46.804539" elapsed="0.000000"/>
</kw>
<kw name="Evaluate" owner="BuiltIn">
<var>${snr_ok}</var>
<arg>${metrics['snr']} &gt;= 20</arg>
<doc>Evaluates the given expression in Python and returns the result.</doc>
<status status="NOT RUN" start="2025-05-29T09:53:46.804539" elapsed="0.000000"/>
</kw>
<kw name="Evaluate" owner="BuiltIn">
<var>${correlation_ok}</var>
<arg>${metrics['correlation']} &gt;= 0.9</arg>
<doc>Evaluates the given expression in Python and returns the result.</doc>
<status status="NOT RUN" start="2025-05-29T09:53:46.804539" elapsed="0.000000"/>
</kw>
<kw name="Evaluate" owner="BuiltIn">
<var>${mos_ok}</var>
<arg>${metrics['mos']} &gt;= 3.0</arg>
<doc>Evaluates the given expression in Python and returns the result.</doc>
<status status="NOT RUN" start="2025-05-29T09:53:46.804539" elapsed="0.000000"/>
</kw>
<kw name="Evaluate" owner="BuiltIn">
<var>${clarity_ok}</var>
<arg>${metrics['clarity']} &gt;= 0.8</arg>
<doc>Evaluates the given expression in Python and returns the result.</doc>
<status status="NOT RUN" start="2025-05-29T09:53:46.804539" elapsed="0.000000"/>
</kw>
<kw name="Evaluate" owner="BuiltIn">
<var>${test_passed}</var>
<arg>${snr_ok} and ${correlation_ok} and ${mos_ok} and ${clarity_ok}</arg>
<doc>Evaluates the given expression in Python and returns the result.</doc>
<status status="NOT RUN" start="2025-05-29T09:53:46.804539" elapsed="0.000000"/>
</kw>
<if>
<branch type="IF" condition="not ${test_passed}">
<kw name="Log" owner="BuiltIn">
<arg>❌ Test échoué - Métriques critiques non satisfaites</arg>
<doc>Logs the given message with the given level.</doc>
<status status="NOT RUN" start="2025-05-29T09:53:46.804539" elapsed="0.000000"/>
</kw>
<kw name="Fail" owner="BuiltIn">
<arg>Test audio échoué - Vérifiez les métriques dans les logs</arg>
<doc>Fails the test with the given message and optionally alters its tags.</doc>
<status status="NOT RUN" start="2025-05-29T09:53:46.804539" elapsed="0.000000"/>
</kw>
<status status="NOT RUN" start="2025-05-29T09:53:46.804539" elapsed="0.000000"/>
</branch>
<branch type="ELSE">
<kw name="Log" owner="BuiltIn">
<arg>✅ Test réussi - Toutes les métriques sont satisfaites</arg>
<doc>Logs the given message with the given level.</doc>
<status status="NOT RUN" start="2025-05-29T09:53:46.804539" elapsed="0.000000"/>
</kw>
<status status="NOT RUN" start="2025-05-29T09:53:46.804539" elapsed="0.000000"/>
</branch>
<status status="NOT RUN" start="2025-05-29T09:53:46.804539" elapsed="0.000000"/>
</if>
<return>
<value>${test_passed}</value>
<value>${metrics}</value>
<status status="NOT RUN" start="2025-05-29T09:53:46.805539" elapsed="0.000000"/>
</return>
<arg>C:\\Users\\bahae\\Documents\\PfeProject\\test_cases${/}test.wav</arg>
<status status="FAIL" start="2025-05-29T09:53:19.515561" elapsed="27.289978">Resolving variable '${metrics['plot_file']}' failed: KeyError: 'plot_file'</status>
</kw>
<doc>Verifies audio recording and playback functionality
- Navigates to audio recording app
- Records audio for a specified duration
- Plays audio
- Supports both French and English interfaces</doc>
<tag>audio</tag>
<tag>playback</tag>
<tag>recording</tag>
<status status="FAIL" start="2025-05-29T09:52:52.786794" elapsed="54.018745">Resolving variable '${metrics['plot_file']}' failed: KeyError: 'plot_file'</status>
</test>
<kw name="Fermer Driver" type="TEARDOWN">
<kw name="Run Keyword And Return Status" owner="BuiltIn">
<kw name="Variable Should Exist" owner="BuiltIn">
<arg>${driver}</arg>
<doc>Fails unless the given variable exists within the current scope.</doc>
<status status="PASS" start="2025-05-29T09:53:46.806539" elapsed="0.000000"/>
</kw>
<msg time="2025-05-29T09:53:46.806539" level="INFO">${driver_exists} = True</msg>
<var>${driver_exists}</var>
<arg>Variable Should Exist</arg>
<arg>${driver}</arg>
<doc>Runs the given keyword with given arguments and returns the status as a Boolean value.</doc>
<status status="PASS" start="2025-05-29T09:53:46.806539" elapsed="0.000000"/>
</kw>
<if>
<branch type="IF" condition="${driver_exists}">
<kw name="Run Keyword And Return Status" owner="BuiltIn">
<kw name="Close Driver" owner="Integration">
<arg>${driver}</arg>
<doc>Ferme proprement le driver Appium.</doc>
<status status="PASS" start="2025-05-29T09:53:46.806539" elapsed="0.177547"/>
</kw>
<msg time="2025-05-29T09:53:46.984086" level="INFO">${close_success} = True</msg>
<var>${close_success}</var>
<arg>Close Driver</arg>
<arg>${driver}</arg>
<doc>Runs the given keyword with given arguments and returns the status as a Boolean value.</doc>
<status status="PASS" start="2025-05-29T09:53:46.806539" elapsed="0.177547"/>
</kw>
<if>
<branch type="IF" condition="not ${close_success}">
<kw name="Log" owner="BuiltIn">
<arg>Warning: Impossible de fermer proprement le driver Appium</arg>
<doc>Logs the given message with the given level.</doc>
<status status="NOT RUN" start="2025-05-29T09:53:46.984086" elapsed="0.000000"/>
</kw>
<status status="NOT RUN" start="2025-05-29T09:53:46.984086" elapsed="0.000000"/>
</branch>
<status status="PASS" start="2025-05-29T09:53:46.984086" elapsed="0.000000"/>
</if>
<status status="PASS" start="2025-05-29T09:53:46.806539" elapsed="0.177547"/>
</branch>
<status status="PASS" start="2025-05-29T09:53:46.806539" elapsed="0.177547"/>
</if>
<status status="PASS" start="2025-05-29T09:53:46.806539" elapsed="0.177547"/>
</kw>
<doc>Tests for audio recording and playback functionality
- Verifies audio recording capabilities
- Verifies audio playback capabilities
- Supports both French and English interfaces</doc>
<status status="FAIL" start="2025-05-29T09:51:30.218231" elapsed="136.765855"/>
</suite>
<statistics>
<total>
<stat pass="0" fail="2" skip="0">All Tests</stat>
</total>
<tag>
<stat pass="0" fail="2" skip="0">audio</stat>
<stat pass="0" fail="2" skip="0">playback</stat>
<stat pass="0" fail="2" skip="0">recording</stat>
</tag>
<suite>
<stat name="TestsAudio" id="s1" pass="0" fail="2" skip="0">TestsAudio</stat>
</suite>
</statistics>
<errors>
</errors>
</robot>
