<?xml version="1.0" encoding="UTF-8"?>
<robot generator="Robot 7.2.2 (Python 3.12.5 on win32)" generated="2025-05-25T14:51:41.662697" rpa="false" schemaversion="5">
<suite id="s1" name="TestsAudio" source="C:\Users\bahae\Documents\PfeProject\test_cases\TestsAudio.robot">
<kw name="Démarrer Driver" type="SETUP">
<kw name="Log" owner="BuiltIn">
<msg time="2025-05-25T14:51:45.124963" level="INFO">Tentative d'initialisation du driver Appium...</msg>
<arg>Tentative d'initialisation du driver Appium...</arg>
<doc>Logs the given message with the given level.</doc>
<status status="PASS" start="2025-05-25T14:51:45.124963" elapsed="0.000000"/>
</kw>
<kw name="Log" owner="BuiltIn">
<msg time="2025-05-25T14:51:45.124963" level="INFO">URL Appium: C:\Users\bahae\Documents\PfeProject\test_cases\..\config.py</msg>
<arg>URL Appium: C:\\Users\\bahae\\Documents\\PfeProject\\test_cases${/}..${/}config.py</arg>
<doc>Logs the given message with the given level.</doc>
<status status="PASS" start="2025-05-25T14:51:45.124963" elapsed="0.000000"/>
</kw>
<kw name="Run Keyword And Ignore Error" owner="BuiltIn">
<kw name="Setup Driver" owner="Integration">
<arg>${Device}</arg>
<doc>Initialise et retourne le driver Appium.</doc>
<status status="PASS" start="2025-05-25T14:51:45.125952" elapsed="5.228520"/>
</kw>
<msg time="2025-05-25T14:51:50.354472" level="INFO">${result} = ('PASS', &lt;appium.webdriver.webdriver.WebDriver (session="29044e80-ed2d-44d0-8884-c39b147f0e70")&gt;)</msg>
<var>${result}</var>
<arg>setup driver</arg>
<arg>${Device}</arg>
<doc>Runs the given keyword with the given arguments and ignores possible error.</doc>
<status status="PASS" start="2025-05-25T14:51:45.124963" elapsed="5.229509"/>
</kw>
<kw name="Set Variable" owner="BuiltIn">
<msg time="2025-05-25T14:51:50.355472" level="INFO">${status} = PASS</msg>
<msg time="2025-05-25T14:51:50.355472" level="INFO">${driver} = &lt;appium.webdriver.webdriver.WebDriver (session="29044e80-ed2d-44d0-8884-c39b147f0e70")&gt;</msg>
<var>${status}</var>
<var>${driver}</var>
<arg>${result}</arg>
<doc>Returns the given values which can then be assigned to a variables.</doc>
<status status="PASS" start="2025-05-25T14:51:50.355472" elapsed="0.000000"/>
</kw>
<if>
<branch type="IF" condition="'${status}' == 'FAIL'">
<kw name="Log" owner="BuiltIn">
<arg>Échec de l'initialisation du driver: ${driver}</arg>
<doc>Logs the given message with the given level.</doc>
<status status="NOT RUN" start="2025-05-25T14:51:50.355472" elapsed="0.000000"/>
</kw>
<kw name="Fail" owner="BuiltIn">
<arg>Impossible d'initialiser le driver Appium: ${driver}</arg>
<doc>Fails the test with the given message and optionally alters its tags.</doc>
<status status="NOT RUN" start="2025-05-25T14:51:50.355472" elapsed="0.000000"/>
</kw>
<status status="NOT RUN" start="2025-05-25T14:51:50.355472" elapsed="0.000000"/>
</branch>
<status status="PASS" start="2025-05-25T14:51:50.355472" elapsed="0.000000"/>
</if>
<kw name="Set Suite Variable" owner="BuiltIn">
<msg time="2025-05-25T14:51:50.355472" level="INFO">${driver} = &lt;appium.webdriver.webdriver.WebDriver (session="29044e80-ed2d-44d0-8884-c39b147f0e70")&gt;</msg>
<arg>${driver}</arg>
<doc>Makes a variable available everywhere within the scope of the current suite.</doc>
<status status="PASS" start="2025-05-25T14:51:50.355472" elapsed="0.000000"/>
</kw>
<kw name="Log" owner="BuiltIn">
<msg time="2025-05-25T14:51:50.355472" level="INFO">Driver Appium initialisé avec succès</msg>
<arg>Driver Appium initialisé avec succès</arg>
<doc>Logs the given message with the given level.</doc>
<status status="PASS" start="2025-05-25T14:51:50.355472" elapsed="0.000000"/>
</kw>
<status status="PASS" start="2025-05-25T14:51:45.124963" elapsed="5.230509"/>
</kw>
<test id="s1-t1" name="Test Audio Recording And Playback" line="192">
<kw name="Execute Test With Retry">
<kw name="Set Variable" owner="BuiltIn">
<msg time="2025-05-25T14:51:50.356990" level="INFO">${attempt} = 1</msg>
<var>${attempt}</var>
<arg>1</arg>
<doc>Returns the given values which can then be assigned to a variables.</doc>
<status status="PASS" start="2025-05-25T14:51:50.356990" elapsed="0.000000"/>
</kw>
<kw name="Set Variable" owner="BuiltIn">
<msg time="2025-05-25T14:51:50.356990" level="INFO">${test_status} = False</msg>
<var>${test_status}</var>
<arg>${FALSE}</arg>
<doc>Returns the given values which can then be assigned to a variables.</doc>
<status status="PASS" start="2025-05-25T14:51:50.356990" elapsed="0.000000"/>
</kw>
<for flavor="IN RANGE">
<iter>
<kw name="Run Keyword And Return Status" owner="BuiltIn">
<kw name="Verify Audio Recording">
<kw name="Initialize Language Settings">
<kw name="Get System Language" owner="Integration">
<msg time="2025-05-25T14:51:50.394666" level="INFO">${lang} = fr</msg>
<var>${lang}</var>
<arg>${Device}</arg>
<status status="PASS" start="2025-05-25T14:51:50.357989" elapsed="0.036677"/>
</kw>
<kw name="Set Variable If" owner="BuiltIn">
<msg time="2025-05-25T14:51:50.395694" level="INFO">${lang_dict} = {'System': 'Système', 'Setting': 'Paramètres', 'Audio': 'Enregistrement', 'Record': 'START', 'Stop': 'STOP', 'Play': 'Lire'}</msg>
<var>${lang_dict}</var>
<arg>'${lang}' == 'fr'</arg>
<arg>${LANG_FR}</arg>
<arg>${LANG_EN}</arg>
<doc>Sets variable based on the given condition.</doc>
<status status="PASS" start="2025-05-25T14:51:50.395694" elapsed="0.000000"/>
</kw>
<kw name="Set Suite Variable" owner="BuiltIn">
<msg time="2025-05-25T14:51:50.395694" level="INFO">${LANG_DICT} = {'System': 'Système', 'Setting': 'Paramètres', 'Audio': 'Enregistrement', 'Record': 'START', 'Stop': 'STOP', 'Play': 'Lire'}</msg>
<arg>${LANG_DICT}</arg>
<arg>${lang_dict}</arg>
<doc>Makes a variable available everywhere within the scope of the current suite.</doc>
<status status="PASS" start="2025-05-25T14:51:50.395694" elapsed="0.000000"/>
</kw>
<status status="PASS" start="2025-05-25T14:51:50.357989" elapsed="0.037705"/>
</kw>
<kw name="Navigate To Audio App">
<kw name="Start Activity Code" owner="Integration">
<arg>${driver}</arg>
<arg>com.example.audioapplicationtest/.MainActivity</arg>
<doc>Lance une activité spécifique sur un appareil Android via Appium.</doc>
<status status="PASS" start="2025-05-25T14:51:50.395694" elapsed="0.067900"/>
</kw>
<kw name="Sleep" owner="BuiltIn">
<msg time="2025-05-25T14:51:53.463611" level="INFO">Slept 3 seconds.</msg>
<arg>3s</arg>
<doc>Pauses the test executed for the given time.</doc>
<status status="PASS" start="2025-05-25T14:51:50.463594" elapsed="3.000017"/>
</kw>
<kw name="Print Activity" owner="Integration">
<msg time="2025-05-25T14:51:53.561630" level="INFO">${current_activity} = com.example.audioapplicationtest/.MainActivity</msg>
<var>${current_activity}</var>
<arg>${driver}</arg>
<doc>Retourne l'activité complète sous la forme 'com.android.car.messenger/.ui.launcher.MessageLauncherActivity'.</doc>
<status status="PASS" start="2025-05-25T14:51:53.463611" elapsed="0.098019"/>
</kw>
<kw name="Should Contain" owner="BuiltIn">
<arg>${current_activity}</arg>
<arg>com.example.audioapplicationtest/.MainActivity</arg>
<arg>L'application n'est pas correctement lancée</arg>
<doc>Fails if ``container`` does not contain ``item`` one or more times.</doc>
<status status="PASS" start="2025-05-25T14:51:53.562537" elapsed="0.000000"/>
</kw>
<status status="PASS" start="2025-05-25T14:51:50.395694" elapsed="3.166843"/>
</kw>
<kw name="Start Audio Recording And Playback">
<kw name="Log" owner="BuiltIn">
<msg time="2025-05-25T14:51:53.562537" level="INFO">Démarrage de l'enregistrement audio...</msg>
<arg>Démarrage de l'enregistrement audio...</arg>
<doc>Logs the given message with the given level.</doc>
<status status="PASS" start="2025-05-25T14:51:53.562537" elapsed="0.000000"/>
</kw>
<kw name="Get Audio File Duration">
<kw name="Get Audio Duration" owner="Integration">
<msg time="2025-05-25T14:51:53.563552" level="INFO">✅ Durée du fichier audio C:\Users\bahae\Documents\PfeProject\test_cases\test.wav: 18.31 secondes</msg>
<msg time="2025-05-25T14:51:53.563552" level="INFO">${duration} = 18.311836734693877</msg>
<var>${duration}</var>
<arg>${driver}</arg>
<arg>${audio_file}</arg>
<doc>Obtient la durée d'un fichier audio en secondes.</doc>
<status status="PASS" start="2025-05-25T14:51:53.562537" elapsed="0.001015"/>
</kw>
<kw name="Should Not Be Equal As Numbers" owner="BuiltIn">
<msg time="2025-05-25T14:51:53.564736" level="INFO">Argument types are:
&lt;class 'float'&gt;
&lt;class 'str'&gt;</msg>
<arg>${duration}</arg>
<arg>0</arg>
<arg>Impossible d'obtenir la durée du fichier audio</arg>
<doc>Fails if objects are equal after converting them to real numbers.</doc>
<status status="PASS" start="2025-05-25T14:51:53.563552" elapsed="0.001184"/>
</kw>
<return>
<value>${duration}</value>
<status status="PASS" start="2025-05-25T14:51:53.564736" elapsed="0.000000"/>
</return>
<msg time="2025-05-25T14:51:53.564736" level="INFO">${duration} = 18.311836734693877</msg>
<var>${duration}</var>
<arg>${audio_file}</arg>
<status status="PASS" start="2025-05-25T14:51:53.562537" elapsed="0.002199"/>
</kw>
<kw name="Log" owner="BuiltIn">
<msg time="2025-05-25T14:51:53.564736" level="INFO">Durée du fichier audio à lire: 18.311836734693877 secondes</msg>
<arg>Durée du fichier audio à lire: ${duration} secondes</arg>
<doc>Logs the given message with the given level.</doc>
<status status="PASS" start="2025-05-25T14:51:53.564736" elapsed="0.000000"/>
</kw>
<kw name="Click Record Button">
<kw name="Wait For Record Button">
<kw name="Wait Until Keyword Succeeds" owner="BuiltIn">
<kw name="Check Element Exists" owner="Integration">
<arg>${driver}</arg>
<arg>//android.widget.Button[@text="START"]</arg>
<doc>Vérifie si un élément existe en utilisant le XPath donné.</doc>
<status status="PASS" start="2025-05-25T14:51:53.565742" elapsed="0.622386"/>
</kw>
<arg>${timeout}</arg>
<arg>${QUICK_WAIT}</arg>
<arg>Check Element Exists</arg>
<arg>${driver}</arg>
<arg>//android.widget.Button[@text="START"]</arg>
<doc>Runs the specified keyword and retries if it fails.</doc>
<status status="PASS" start="2025-05-25T14:51:53.564736" elapsed="0.623392"/>
</kw>
<status status="PASS" start="2025-05-25T14:51:53.564736" elapsed="0.623392"/>
</kw>
<kw name="Check Element Exists" owner="Integration">
<msg time="2025-05-25T14:51:54.248988" level="INFO">${button_exists} = True</msg>
<var>${button_exists}</var>
<arg>${driver}</arg>
<arg>//android.widget.Button[@text="START"]</arg>
<doc>Vérifie si un élément existe en utilisant le XPath donné.</doc>
<status status="PASS" start="2025-05-25T14:51:54.188128" elapsed="0.060860"/>
</kw>
<kw name="Should Be True" owner="BuiltIn">
<arg>${button_exists}</arg>
<arg>Le bouton START n'est pas visible</arg>
<doc>Fails if the given condition is not true.</doc>
<status status="PASS" start="2025-05-25T14:51:54.248988" elapsed="0.000000"/>
</kw>
<kw name="Run Keyword And Return Status" owner="BuiltIn">
<kw name="Click Element By Xpath Bounds" owner="Integration">
<arg>${driver}</arg>
<arg>//android.widget.Button[@text="START"]</arg>
<doc>Trouve un élément par XPath et clique dessus en utilisant ses bounds.</doc>
<status status="PASS" start="2025-05-25T14:51:54.248988" elapsed="0.485814"/>
</kw>
<msg time="2025-05-25T14:51:54.734802" level="INFO">${success} = True</msg>
<var>${success}</var>
<arg>click_element_by_xpath_bounds</arg>
<arg>${driver}</arg>
<arg>//android.widget.Button[@text="START"]</arg>
<doc>Runs the given keyword with given arguments and returns the status as a Boolean value.</doc>
<status status="PASS" start="2025-05-25T14:51:54.248988" elapsed="0.485814"/>
</kw>
<kw name="Should Be True" owner="BuiltIn">
<arg>${success}</arg>
<arg>Impossible de cliquer sur le bouton START</arg>
<doc>Fails if the given condition is not true.</doc>
<status status="PASS" start="2025-05-25T14:51:54.734802" elapsed="0.000000"/>
</kw>
<status status="PASS" start="2025-05-25T14:51:53.564736" elapsed="1.170066"/>
</kw>
<kw name="Sleep" owner="BuiltIn">
<msg time="2025-05-25T14:51:56.735397" level="INFO">Slept 2 seconds.</msg>
<arg>2s</arg>
<doc>Pauses the test executed for the given time.</doc>
<status status="PASS" start="2025-05-25T14:51:54.734802" elapsed="2.000595"/>
</kw>
<kw name="Run Keyword And Return Status" owner="BuiltIn">
<kw name="Play Audio" owner="Integration">
<msg time="2025-05-25T14:52:15.146303" level="INFO">✅ Lecture audio réussie : Lecture du fichier test.wav terminée</msg>
<arg>${driver}</arg>
<arg>${audio_file}</arg>
<doc>Joue un fichier audio via l'API Flask.</doc>
<status status="PASS" start="2025-05-25T14:51:56.735397" elapsed="18.410906"/>
</kw>
<msg time="2025-05-25T14:52:15.146303" level="INFO">${success} = True</msg>
<var>${success}</var>
<arg>play_audio</arg>
<arg>${driver}</arg>
<arg>${audio_file}</arg>
<doc>Runs the given keyword with given arguments and returns the status as a Boolean value.</doc>
<status status="PASS" start="2025-05-25T14:51:56.735397" elapsed="18.411905"/>
</kw>
<kw name="Should Be True" owner="BuiltIn">
<arg>${success}</arg>
<arg>La lecture audio a échoué</arg>
<doc>Fails if the given condition is not true.</doc>
<status status="PASS" start="2025-05-25T14:52:15.147302" elapsed="0.000000"/>
</kw>
<kw name="Sleep" owner="BuiltIn">
<msg time="2025-05-25T14:52:33.459691" level="INFO">Slept 18 seconds 312 milliseconds.</msg>
<arg>${duration}s</arg>
<doc>Pauses the test executed for the given time.</doc>
<status status="PASS" start="2025-05-25T14:52:15.147302" elapsed="18.312389"/>
</kw>
<kw name="Click Stop Button">
<kw name="Check Element Exists" owner="Integration">
<msg time="2025-05-25T14:52:33.510323" level="INFO">${button_exists} = True</msg>
<var>${button_exists}</var>
<arg>${driver}</arg>
<arg>//android.widget.Button[@text="STOP"]</arg>
<doc>Vérifie si un élément existe en utilisant le XPath donné.</doc>
<status status="PASS" start="2025-05-25T14:52:33.460228" elapsed="0.050095"/>
</kw>
<kw name="Should Be True" owner="BuiltIn">
<arg>${button_exists}</arg>
<arg>Le bouton STOP n'est pas visible</arg>
<doc>Fails if the given condition is not true.</doc>
<status status="PASS" start="2025-05-25T14:52:33.511323" elapsed="0.000000"/>
</kw>
<kw name="Run Keyword And Return Status" owner="BuiltIn">
<kw name="Click Element By Xpath Bounds" owner="Integration">
<arg>${driver}</arg>
<arg>//android.widget.Button[@text="STOP"]</arg>
<doc>Trouve un élément par XPath et clique dessus en utilisant ses bounds.</doc>
<status status="PASS" start="2025-05-25T14:52:33.511323" elapsed="0.474823"/>
</kw>
<msg time="2025-05-25T14:52:33.986146" level="INFO">${success} = True</msg>
<var>${success}</var>
<arg>click_element_by_xpath_bounds</arg>
<arg>${driver}</arg>
<arg>//android.widget.Button[@text="STOP"]</arg>
<doc>Runs the given keyword with given arguments and returns the status as a Boolean value.</doc>
<status status="PASS" start="2025-05-25T14:52:33.511323" elapsed="0.474823"/>
</kw>
<kw name="Should Be True" owner="BuiltIn">
<arg>${success}</arg>
<arg>Impossible de cliquer sur le bouton STOP</arg>
<doc>Fails if the given condition is not true.</doc>
<status status="PASS" start="2025-05-25T14:52:33.986146" elapsed="0.000999"/>
</kw>
<status status="PASS" start="2025-05-25T14:52:33.459691" elapsed="0.527454"/>
</kw>
<status status="PASS" start="2025-05-25T14:51:53.562537" elapsed="40.424608"/>
</kw>
<kw name="Compare Audio Files">
<kw name="Compare With Latest Recorded" owner="TestAudio">
<msg time="2025-05-25T14:53:02.219199" level="INFO">============================= Début du test audio ==============================
Original: C:\Users\bahae\Documents\PfeProject\test_cases\test.wav
Enregistré: latest_download.wav
Date du test: 2025-05-25 14:52:36

Original - Durée: 18.31s -&gt; Segment actif: 18.31s
Enregistré - Durée: 39.25s -&gt; Segment actif: 18.16s
Recherche du meilleur alignement...
Alignement initial trouvé, ajustement fin...

Détails de l'alignement:
Position originale: 0.000s
Position enregistrée: 0.007s
Ajustement: 6.9ms
Corrélation initiale: 0.268
Original length: 800746, Recorded length: 800746
Best lag: -2134 samples (-0.048 seconds)
Final lengths - Original: 800746, Aligned: 800746
Décalage temporel final: -0.048 secondes

=== Résultats ===
Décalage temporel: -0.048 secondes
         snr: 0.0193
 correlation: 0.4708
         mse: 0.0324
        rmse: 0.1800
energy_ratio: 0.8777
    max_diff: 1.0085
   mean_diff: 0.1340
         mos: 3.1657
     clarity: 1.0371
  clarity_db: 0.1582

=== Résultat: ÉCHEC ===
SNR: 0.02 dB (seuil: 20 dB)
Corrélation: 0.471 (seuil: 0.9)
MOS: 3.17/5 (seuil: 3.0)
Clarté: 1.037 (seuil: 0.8)</msg>
<msg time="2025-05-25T14:53:02.219199" level="INFO">${test_passed} = False</msg>
<msg time="2025-05-25T14:53:02.219199" level="INFO">${metrics} = {'snr': np.float64(0.019317476610600078), 'correlation': np.float64(0.47078623467370256), 'mse': np.float64(0.03238940506088846), 'rmse': np.float64(0.1799705672072199), 'energy_ratio': np.float64(0.8...</msg>
<var>${test_passed}</var>
<var>${metrics}</var>
<arg>${original_audio}</arg>
<doc>Télécharge le dernier audio enregistré via l'API Flask et le compare à l'original.
:param original_audio: Chemin du fichier original (wav)
:param latest_audio_path: Chemin où sauvegarder le fichier téléchargé
:param api_url: URL de l'API Flask pour récupérer le dernier audio
:return: (test_passed, metrics)</doc>
<status status="PASS" start="2025-05-25T14:52:33.987145" elapsed="28.232054"/>
</kw>
<kw name="Log" owner="BuiltIn">
<msg time="2025-05-25T14:53:02.220201" level="INFO">SNR: 0.019317476610600078 dB (seuil: 20 dB)</msg>
<arg>SNR: ${metrics['snr']} dB (seuil: 20 dB)</arg>
<doc>Logs the given message with the given level.</doc>
<status status="PASS" start="2025-05-25T14:53:02.219199" elapsed="0.001002"/>
</kw>
<kw name="Log" owner="BuiltIn">
<msg time="2025-05-25T14:53:02.220201" level="INFO">Corrélation: 0.47078623467370256 (seuil: 0.9)</msg>
<arg>Corrélation: ${metrics['correlation']} (seuil: 0.9)</arg>
<doc>Logs the given message with the given level.</doc>
<status status="PASS" start="2025-05-25T14:53:02.220201" elapsed="0.000000"/>
</kw>
<kw name="Log" owner="BuiltIn">
<msg time="2025-05-25T14:53:02.221201" level="INFO">MOS: 3.165716180672867/5 (seuil: 3.0)</msg>
<arg>MOS: ${metrics['mos']}/5 (seuil: 3.0)</arg>
<doc>Logs the given message with the given level.</doc>
<status status="PASS" start="2025-05-25T14:53:02.220201" elapsed="0.001000"/>
</kw>
<kw name="Log" owner="BuiltIn">
<msg time="2025-05-25T14:53:02.221201" level="INFO">Clarté: 1.0370932968774313 (seuil: 0.8)</msg>
<arg>Clarté: ${metrics['clarity']} (seuil: 0.8)</arg>
<doc>Logs the given message with the given level.</doc>
<status status="PASS" start="2025-05-25T14:53:02.221201" elapsed="0.000000"/>
</kw>
<kw name="Evaluate" owner="BuiltIn">
<msg time="2025-05-25T14:53:02.222209" level="INFO">${snr_ok} = False</msg>
<var>${snr_ok}</var>
<arg>${metrics['snr']} &gt;= 20</arg>
<doc>Evaluates the given expression in Python and returns the result.</doc>
<status status="PASS" start="2025-05-25T14:53:02.221201" elapsed="0.001008"/>
</kw>
<kw name="Evaluate" owner="BuiltIn">
<msg time="2025-05-25T14:53:02.223201" level="INFO">${correlation_ok} = False</msg>
<var>${correlation_ok}</var>
<arg>${metrics['correlation']} &gt;= 0.9</arg>
<doc>Evaluates the given expression in Python and returns the result.</doc>
<status status="PASS" start="2025-05-25T14:53:02.222209" elapsed="0.000992"/>
</kw>
<kw name="Evaluate" owner="BuiltIn">
<msg time="2025-05-25T14:53:02.223201" level="INFO">${mos_ok} = True</msg>
<var>${mos_ok}</var>
<arg>${metrics['mos']} &gt;= 3.0</arg>
<doc>Evaluates the given expression in Python and returns the result.</doc>
<status status="PASS" start="2025-05-25T14:53:02.223201" elapsed="0.000000"/>
</kw>
<kw name="Evaluate" owner="BuiltIn">
<msg time="2025-05-25T14:53:02.224203" level="INFO">${clarity_ok} = True</msg>
<var>${clarity_ok}</var>
<arg>${metrics['clarity']} &gt;= 0.8</arg>
<doc>Evaluates the given expression in Python and returns the result.</doc>
<status status="PASS" start="2025-05-25T14:53:02.223201" elapsed="0.001002"/>
</kw>
<kw name="Evaluate" owner="BuiltIn">
<msg time="2025-05-25T14:53:02.224203" level="INFO">${test_passed} = False</msg>
<var>${test_passed}</var>
<arg>${snr_ok} and ${correlation_ok} and ${mos_ok} and ${clarity_ok}</arg>
<doc>Evaluates the given expression in Python and returns the result.</doc>
<status status="PASS" start="2025-05-25T14:53:02.224203" elapsed="0.000000"/>
</kw>
<if>
<branch type="IF" condition="not ${test_passed}">
<kw name="Log" owner="BuiltIn">
<msg time="2025-05-25T14:53:02.225201" level="INFO">❌ Test échoué - Métriques critiques non satisfaites</msg>
<arg>❌ Test échoué - Métriques critiques non satisfaites</arg>
<doc>Logs the given message with the given level.</doc>
<status status="PASS" start="2025-05-25T14:53:02.225201" elapsed="0.000000"/>
</kw>
<kw name="Fail" owner="BuiltIn">
<msg time="2025-05-25T14:53:02.225201" level="FAIL">Test audio échoué - Vérifiez les métriques dans les logs</msg>
<arg>Test audio échoué - Vérifiez les métriques dans les logs</arg>
<doc>Fails the test with the given message and optionally alters its tags.</doc>
<status status="FAIL" start="2025-05-25T14:53:02.225201" elapsed="0.000000">Test audio échoué - Vérifiez les métriques dans les logs</status>
</kw>
<status status="FAIL" start="2025-05-25T14:53:02.224203" elapsed="0.000998">Test audio échoué - Vérifiez les métriques dans les logs</status>
</branch>
<branch type="ELSE">
<kw name="Log" owner="BuiltIn">
<arg>✅ Test réussi - Toutes les métriques sont satisfaites</arg>
<doc>Logs the given message with the given level.</doc>
<status status="NOT RUN" start="2025-05-25T14:53:02.225201" elapsed="0.000000"/>
</kw>
<status status="NOT RUN" start="2025-05-25T14:53:02.225201" elapsed="0.000000"/>
</branch>
<status status="FAIL" start="2025-05-25T14:53:02.224203" elapsed="0.000998">Test audio échoué - Vérifiez les métriques dans les logs</status>
</if>
<return>
<value>${test_passed}</value>
<value>${metrics}</value>
<status status="NOT RUN" start="2025-05-25T14:53:02.225201" elapsed="0.000000"/>
</return>
<var>${result}</var>
<arg>${DEFAULT_OUTPUT_FILE}</arg>
<status status="FAIL" start="2025-05-25T14:52:33.987145" elapsed="28.239057">Test audio échoué - Vérifiez les métriques dans les logs</status>
</kw>
<kw name="Log" owner="BuiltIn">
<arg>Résultat de la comparaison: ${result}</arg>
<doc>Logs the given message with the given level.</doc>
<status status="NOT RUN" start="2025-05-25T14:53:02.226202" elapsed="0.000000"/>
</kw>
<status status="FAIL" start="2025-05-25T14:51:50.357989" elapsed="71.868213">Test audio échoué - Vérifiez les métriques dans les logs</status>
</kw>
<msg time="2025-05-25T14:53:02.226202" level="INFO">${test_status} = False</msg>
<var>${test_status}</var>
<arg>${test_keyword}</arg>
<doc>Runs the given keyword with given arguments and returns the status as a Boolean value.</doc>
<status status="PASS" start="2025-05-25T14:51:50.356990" elapsed="71.869212"/>
</kw>
<if>
<branch type="IF" condition="${test_status}">
<kw name="Log" owner="BuiltIn">
<arg>Test ${test_name} réussi</arg>
<doc>Logs the given message with the given level.</doc>
<status status="NOT RUN" start="2025-05-25T14:53:02.226202" elapsed="0.000000"/>
</kw>
<kw name="Exit For Loop" owner="BuiltIn">
<doc>Stops executing the enclosing FOR loop.</doc>
<status status="NOT RUN" start="2025-05-25T14:53:02.226202" elapsed="0.000000"/>
</kw>
<status status="NOT RUN" start="2025-05-25T14:53:02.226202" elapsed="0.000000"/>
</branch>
<branch type="ELSE">
<kw name="Evaluate" owner="BuiltIn">
<msg time="2025-05-25T14:53:02.227201" level="INFO">${attempt} = 2</msg>
<var>${attempt}</var>
<arg>${attempt} + 1</arg>
<doc>Evaluates the given expression in Python and returns the result.</doc>
<status status="PASS" start="2025-05-25T14:53:02.226202" elapsed="0.000999"/>
</kw>
<if>
<branch type="IF" condition="${attempt} &lt;= ${MAX_RETRIES}">
<kw name="Log" owner="BuiltIn">
<arg>Test ${test_name} échoué - Tentative ${attempt}/${MAX_RETRIES}</arg>
<doc>Logs the given message with the given level.</doc>
<status status="NOT RUN" start="2025-05-25T14:53:02.227201" elapsed="0.000000"/>
</kw>
<kw name="Sleep" owner="BuiltIn">
<arg>${RETRY_DELAY}</arg>
<doc>Pauses the test executed for the given time.</doc>
<status status="NOT RUN" start="2025-05-25T14:53:02.227201" elapsed="0.000000"/>
</kw>
<status status="NOT RUN" start="2025-05-25T14:53:02.227201" elapsed="0.000000"/>
</branch>
<status status="PASS" start="2025-05-25T14:53:02.227201" elapsed="0.000000"/>
</if>
<status status="PASS" start="2025-05-25T14:53:02.226202" elapsed="0.000999"/>
</branch>
<status status="PASS" start="2025-05-25T14:53:02.226202" elapsed="0.000999"/>
</if>
<var name="${index}">0</var>
<status status="PASS" start="2025-05-25T14:51:50.356990" elapsed="71.870211"/>
</iter>
<var>${index}</var>
<value>${MAX_RETRIES}</value>
<status status="PASS" start="2025-05-25T14:51:50.356990" elapsed="71.870211"/>
</for>
<if>
<branch type="IF" condition="not ${test_status}">
<kw name="Fail" owner="BuiltIn">
<msg time="2025-05-25T14:53:02.227201" level="FAIL">Le test Test Audio Recording And Playback a échoué après 1 tentatives</msg>
<arg>Le test ${test_name} a échoué après ${MAX_RETRIES} tentatives</arg>
<doc>Fails the test with the given message and optionally alters its tags.</doc>
<status status="FAIL" start="2025-05-25T14:53:02.227201" elapsed="0.000000">Le test Test Audio Recording And Playback a échoué après 1 tentatives</status>
</kw>
<status status="FAIL" start="2025-05-25T14:53:02.227201" elapsed="0.000999">Le test Test Audio Recording And Playback a échoué après 1 tentatives</status>
</branch>
<status status="FAIL" start="2025-05-25T14:53:02.227201" elapsed="0.000999">Le test Test Audio Recording And Playback a échoué après 1 tentatives</status>
</if>
<arg>Verify Audio Recording</arg>
<arg>Test Audio Recording And Playback</arg>
<status status="FAIL" start="2025-05-25T14:51:50.356990" elapsed="71.871210">Le test Test Audio Recording And Playback a échoué après 1 tentatives</status>
</kw>
<doc>Verifies audio recording and playback functionality
- Navigates to audio recording app
- Records audio for a specified duration
- Plays back the recorded audio
- Supports both French and English interfaces</doc>
<tag>audio</tag>
<tag>playback</tag>
<tag>recording</tag>
<status status="FAIL" start="2025-05-25T14:51:50.356473" elapsed="71.871727">Le test Test Audio Recording And Playback a échoué après 1 tentatives</status>
</test>
<kw name="Fermer Driver" type="TEARDOWN">
<kw name="Run Keyword And Return Status" owner="BuiltIn">
<kw name="Variable Should Exist" owner="BuiltIn">
<arg>${driver}</arg>
<doc>Fails unless the given variable exists within the current scope.</doc>
<status status="PASS" start="2025-05-25T14:53:02.229200" elapsed="0.000000"/>
</kw>
<msg time="2025-05-25T14:53:02.229200" level="INFO">${driver_exists} = True</msg>
<var>${driver_exists}</var>
<arg>Variable Should Exist</arg>
<arg>${driver}</arg>
<doc>Runs the given keyword with given arguments and returns the status as a Boolean value.</doc>
<status status="PASS" start="2025-05-25T14:53:02.229200" elapsed="0.000000"/>
</kw>
<if>
<branch type="IF" condition="${driver_exists}">
<kw name="Run Keyword And Return Status" owner="BuiltIn">
<kw name="Close Driver" owner="Integration">
<arg>${driver}</arg>
<doc>Ferme proprement le driver Appium.</doc>
<status status="PASS" start="2025-05-25T14:53:02.230201" elapsed="0.166247"/>
</kw>
<msg time="2025-05-25T14:53:02.396448" level="INFO">${close_success} = True</msg>
<var>${close_success}</var>
<arg>Close Driver</arg>
<arg>${driver}</arg>
<doc>Runs the given keyword with given arguments and returns the status as a Boolean value.</doc>
<status status="PASS" start="2025-05-25T14:53:02.230201" elapsed="0.166247"/>
</kw>
<if>
<branch type="IF" condition="not ${close_success}">
<kw name="Log" owner="BuiltIn">
<arg>Warning: Impossible de fermer proprement le driver Appium</arg>
<doc>Logs the given message with the given level.</doc>
<status status="NOT RUN" start="2025-05-25T14:53:02.397447" elapsed="0.000000"/>
</kw>
<status status="NOT RUN" start="2025-05-25T14:53:02.397447" elapsed="0.000000"/>
</branch>
<status status="PASS" start="2025-05-25T14:53:02.397447" elapsed="0.000000"/>
</if>
<status status="PASS" start="2025-05-25T14:53:02.230201" elapsed="0.167246"/>
</branch>
<status status="PASS" start="2025-05-25T14:53:02.230201" elapsed="0.167246"/>
</if>
<status status="PASS" start="2025-05-25T14:53:02.229200" elapsed="0.168247"/>
</kw>
<doc>Tests for audio recording and playback functionality
- Verifies audio recording capabilities
- Verifies audio playback capabilities
- Supports both French and English interfaces</doc>
<status status="FAIL" start="2025-05-25T14:51:41.664676" elapsed="80.732771"/>
</suite>
<statistics>
<total>
<stat pass="0" fail="1" skip="0">All Tests</stat>
</total>
<tag>
<stat pass="0" fail="1" skip="0">audio</stat>
<stat pass="0" fail="1" skip="0">playback</stat>
<stat pass="0" fail="1" skip="0">recording</stat>
</tag>
<suite>
<stat name="TestsAudio" id="s1" pass="0" fail="1" skip="0">TestsAudio</stat>
</suite>
</statistics>
<errors>
</errors>
</robot>
