<?xml version="1.0" encoding="UTF-8"?>
<robot generator="Robot 7.2.2 (Python 3.12.5 on win32)" generated="2025-05-12T13:34:44.040618" rpa="false" schemaversion="5">
<suite id="s1" name="FonctionnaliteMaps" source="C:\Users\bahae\Documents\PfeProject\test_cases\FonctionnaliteMaps.robot">
<kw name="Démarrer Driver" type="SETUP">
<kw name="Setup Driver" owner="Integration">
<msg time="2025-05-12T13:34:57.858465" level="INFO">${driver} = &lt;appium.webdriver.webdriver.WebDriver (session="ca46a12e-97ba-441c-8a2f-82f6aa767a6d")&gt;</msg>
<var>${driver}</var>
<arg>${Device}</arg>
<doc>Initialise et retourne le driver Appium.</doc>
<status status="PASS" start="2025-05-12T13:34:47.399074" elapsed="10.459391"/>
</kw>
<kw name="Set Suite Variable" owner="BuiltIn">
<msg time="2025-05-12T13:34:57.858465" level="INFO">${driver} = &lt;appium.webdriver.webdriver.WebDriver (session="ca46a12e-97ba-441c-8a2f-82f6aa767a6d")&gt;</msg>
<arg>${driver}</arg>
<doc>Makes a variable available everywhere within the scope of the current suite.</doc>
<status status="PASS" start="2025-05-12T13:34:57.858465" elapsed="0.000000"/>
</kw>
<kw name="Initialize Language Settings">
<kw name="Get System Language" owner="Integration">
<msg time="2025-05-12T13:34:57.917465" level="INFO">${lang} = fr</msg>
<var>${lang}</var>
<arg>${Device}</arg>
<status status="PASS" start="2025-05-12T13:34:57.859468" elapsed="0.057997"/>
</kw>
<kw name="Set Variable If" owner="BuiltIn">
<msg time="2025-05-12T13:34:57.918466" level="INFO">${lang_dict} = {'System': 'Système', 'Setting': 'Paramètres', 'Gps': 'Position', 'use_loc': 'Utiliser la localisation', 'acces': 'Accès à la position'}</msg>
<var>${lang_dict}</var>
<arg>'${lang}' == 'fr'</arg>
<arg>${LANG_FR}</arg>
<arg>${LANG_EN}</arg>
<doc>Sets variable based on the given condition.</doc>
<status status="PASS" start="2025-05-12T13:34:57.917465" elapsed="0.001001"/>
</kw>
<kw name="Set Suite Variable" owner="BuiltIn">
<msg time="2025-05-12T13:34:57.918466" level="INFO">${LANG_DICT} = {'System': 'Système', 'Setting': 'Paramètres', 'Gps': 'Position', 'use_loc': 'Utiliser la localisation', 'acces': 'Accès à la position'}</msg>
<arg>${LANG_DICT}</arg>
<arg>${lang_dict}</arg>
<doc>Makes a variable available everywhere within the scope of the current suite.</doc>
<status status="PASS" start="2025-05-12T13:34:57.918466" elapsed="0.000000"/>
</kw>
<doc>Sets up language-specific variables based on system language</doc>
<status status="PASS" start="2025-05-12T13:34:57.859468" elapsed="0.059999"/>
</kw>
<doc>Initializes the test driver</doc>
<status status="PASS" start="2025-05-12T13:34:47.398073" elapsed="10.521394"/>
</kw>
<test id="s1-t1" name="Test Ouvrir Gps" line="149">
<kw name="Execute Test With Retry">
<kw name="Set Variable" owner="BuiltIn">
<msg time="2025-05-12T13:34:57.920466" level="INFO">${attempt} = 1</msg>
<var>${attempt}</var>
<arg>1</arg>
<doc>Returns the given values which can then be assigned to a variables.</doc>
<status status="PASS" start="2025-05-12T13:34:57.920466" elapsed="0.000000"/>
</kw>
<kw name="Set Variable" owner="BuiltIn">
<msg time="2025-05-12T13:34:57.920466" level="INFO">${test_status} = False</msg>
<var>${test_status}</var>
<arg>${FALSE}</arg>
<doc>Returns the given values which can then be assigned to a variables.</doc>
<status status="PASS" start="2025-05-12T13:34:57.920466" elapsed="0.000000"/>
</kw>
<for flavor="IN RANGE">
<iter>
<kw name="Run Keyword And Return Status" owner="BuiltIn">
<kw name="Execute Open Gps Test">
<kw name="Open Application With Click" owner="Integration">
<msg time="2025-05-12T13:35:22.423339" level="INFO">📌 Liste des applications détectées : ['Agenda', 'Appium Settings', 'ARD Audiothek', 'Audio Bluetooth', 'Crunchyroll', 'Enregistreur vocal', 'Google Assistant', 'Google\xa0Actualités', 'Home Assistant', 'Local Media Player', 'Maps', 'Paramètres', 'Play\xa0Store', 'Prime Video', 'SMS']
📌 First Home Page détectée : ['Agenda', 'Appium Settings', 'ARD Audiothek', 'Audio Bluetooth', 'Crunchyroll', 'Enregistreur vocal', 'Google Assistant', 'Google\xa0Actualités', 'Home Assistant', 'Local Media Player', 'Maps', 'Paramètres', 'Play\xa0Store', 'Prime Video', 'SMS']

📌 Liste des applications détectées : ['Agenda', 'Appium Settings', 'ARD Audiothek', 'Audio Bluetooth', 'Crunchyroll', 'Enregistreur vocal', 'Google Assistant', 'Google\xa0Actualités', 'Home Assistant', 'Local Media Player', 'Maps', 'Paramètres', 'Play\xa0Store', 'Prime Video', 'SMS']
✅ Retour à la first home page !

📌 Liste des applications détectées : ['Agenda', 'Appium Settings', 'ARD Audiothek', 'Audio Bluetooth', 'Crunchyroll', 'Enregistreur vocal', 'Google Assistant', 'Google\xa0Actualités', 'Home Assistant', 'Local Media Player', 'Maps', 'Paramètres', 'Play\xa0Store', 'Prime Video', 'SMS']
378 619 522 657</msg>
<msg time="2025-05-12T13:35:22.423339" level="INFO">${resultat} = True</msg>
<var>${resultat}</var>
<arg>${driver}</arg>
<arg>${LANG_DICT.Setting}</arg>
<status status="PASS" start="2025-05-12T13:34:57.922466" elapsed="24.500873"/>
</kw>
<kw name="Sleep" owner="BuiltIn">
<msg time="2025-05-12T13:35:22.924133" level="INFO">Slept 500 milliseconds.</msg>
<arg>${QUICK_WAIT}</arg>
<doc>Pauses the test executed for the given time.</doc>
<status status="PASS" start="2025-05-12T13:35:22.423339" elapsed="0.500794"/>
</kw>
<kw name="Clique Sur Setting Include" owner="Integration">
<msg time="2025-05-12T13:35:55.222506" level="INFO">📌 Liste des applications détectées : ['Écran', 'Profils et comptes', 'Position', 'Confidentialité', 'Accessibilité', 'Sécurité', 'Applis', 'SMS', 'Spotify', 'Téléphone', 'Vivaldi Browser', 'YouTube']
📌 First Home Page détectée : ['Écran', 'Profils et comptes', 'Position', 'Confidentialité', 'Accessibilité', 'Sécurité', 'Applis', 'SMS', 'Spotify', 'Téléphone', 'Vivaldi Browser', 'YouTube']
🔄 Swipe #1 en cours...

📌 Liste des applications détectées : ['Bluetooth', 'Réseau et Internet', 'Notifications', 'Son', 'Écran', 'Profils et comptes', 'Position', 'SMS', 'Spotify', 'Téléphone', 'Vivaldi Browser', 'YouTube']
🔄 Swipe #2 en cours...

📌 Liste des applications détectées : ['Bluetooth', 'Réseau et Internet', 'Notifications', 'Son', 'Écran', 'Profils et comptes', 'Position', 'SMS', 'Spotify', 'Téléphone', 'Vivaldi Browser', 'YouTube']
✅ Retour à la first home page !
First Home Page détectée : ['Bluetooth', 'Écran', 'Position', 'Réseau et Internet', 'Notifications', 'Profils et comptes', 'Son']
 Position trouvé ! Appui sur le texte contenant 'Position'.</msg>
<arg>${driver}</arg>
<arg>${LANG_DICT.Gps}</arg>
<arg>${Setting_menu}</arg>
<status status="PASS" start="2025-05-12T13:35:22.924133" elapsed="32.298373"/>
</kw>
<kw name="Clique Sur Setting Include" owner="Integration">
<msg time="2025-05-12T13:36:17.257574" level="INFO">📌 Liste des applications détectées : ['Bluetooth', 'Réseau et Internet', 'Notifications', 'Son', 'Écran', 'Profils et comptes', 'Position', 'Accès à la position', 'Autorisations des applis', 'Accès récent(s)', 'Maps', 'Appium Settings']
📌 First Home Page détectée : ['Bluetooth', 'Réseau et Internet', 'Notifications', 'Son', 'Écran', 'Profils et comptes', 'Position', 'Accès à la position', 'Autorisations des applis', 'Accès récent(s)', 'Maps', 'Appium Settings']
🔄 Swipe #1 en cours...

📌 Liste des applications détectées : ['Bluetooth', 'Réseau et Internet', 'Notifications', 'Son', 'Écran', 'Profils et comptes', 'Position', 'Accès à la position', 'Autorisations des applis', 'Accès récent(s)', 'Maps', 'Appium Settings']
✅ Retour à la first home page !
First Home Page détectée : ['Accès à la position', 'Gérez les autorisations de chaque appli', 'Appium Settings', 'Choisissez si les applis ont accès la position de votre voiture', 'Accès récent(s)', 'Autorisations des applis', 'Maps', 'il y a 0\xa0min']
 Accès à la position trouvé ! Appui sur le texte contenant 'Accès à la position'.</msg>
<arg>${driver}</arg>
<arg>${LANG_DICT.acces}</arg>
<arg>${Setting_system}</arg>
<status status="PASS" start="2025-05-12T13:35:55.222506" elapsed="22.035068"/>
</kw>
<kw name="Activer Toggle Si Desactive" owner="Integration">
<msg time="2025-05-12T13:36:18.329905" level="INFO">true</msg>
<arg>${driver}</arg>
<arg>${LANG_DICT.use_loc}</arg>
<status status="PASS" start="2025-05-12T13:36:17.257574" elapsed="1.072331"/>
</kw>
<kw name="Is Gps Enabled Adb" owner="Integration">
<msg time="2025-05-12T13:36:18.382907" level="INFO">✅ Le GPS est activé (location_mode = 3).</msg>
<msg time="2025-05-12T13:36:18.382907" level="INFO">${verfier_gps_adb} = True</msg>
<var>${verfier_gps_adb}</var>
<arg>${driver}</arg>
<doc>Vérifie si le GPS (services de localisation) est activé via ADB pour un device donné.</doc>
<status status="PASS" start="2025-05-12T13:36:18.329905" elapsed="0.053002"/>
</kw>
<kw name="Should Be True" owner="BuiltIn">
<arg>${verfier_gps_adb}</arg>
<arg>Le GPS ne s'active pas (via ADB)</arg>
<doc>Fails if the given condition is not true.</doc>
<status status="PASS" start="2025-05-12T13:36:18.382907" elapsed="0.000000"/>
</kw>
<doc>Tests GPS activation</doc>
<status status="PASS" start="2025-05-12T13:34:57.921466" elapsed="80.461441"/>
</kw>
<msg time="2025-05-12T13:36:18.382907" level="INFO">${test_status} = True</msg>
<var>${test_status}</var>
<arg>${test_keyword}</arg>
<doc>Runs the given keyword with given arguments and returns the status as a Boolean value.</doc>
<status status="PASS" start="2025-05-12T13:34:57.921466" elapsed="80.461441"/>
</kw>
<if>
<branch type="IF" condition="${test_status}">
<kw name="Log" owner="BuiltIn">
<msg time="2025-05-12T13:36:18.383906" level="INFO">Test Test Ouvrir Gps réussi</msg>
<arg>Test ${test_name} réussi</arg>
<doc>Logs the given message with the given level.</doc>
<status status="PASS" start="2025-05-12T13:36:18.382907" elapsed="0.000999"/>
</kw>
<kw name="Exit For Loop" owner="BuiltIn">
<msg time="2025-05-12T13:36:18.383906" level="INFO">Exiting for loop altogether.</msg>
<doc>Stops executing the enclosing FOR loop.</doc>
<status status="PASS" start="2025-05-12T13:36:18.383906" elapsed="0.000000"/>
</kw>
<status status="PASS" start="2025-05-12T13:36:18.382907" elapsed="0.000999"/>
</branch>
<branch type="ELSE">
<kw name="Evaluate" owner="BuiltIn">
<var>${attempt}</var>
<arg>${attempt} + 1</arg>
<doc>Evaluates the given expression in Python and returns the result.</doc>
<status status="NOT RUN" start="2025-05-12T13:36:18.383906" elapsed="0.000000"/>
</kw>
<if>
<branch type="IF" condition="${attempt} &lt;= ${MAX_RETRIES}">
<kw name="Log" owner="BuiltIn">
<arg>Test ${test_name} échoué - Tentative ${attempt}/${MAX_RETRIES}</arg>
<doc>Logs the given message with the given level.</doc>
<status status="NOT RUN" start="2025-05-12T13:36:18.383906" elapsed="0.000000"/>
</kw>
<kw name="Sleep" owner="BuiltIn">
<arg>${RETRY_DELAY}</arg>
<doc>Pauses the test executed for the given time.</doc>
<status status="NOT RUN" start="2025-05-12T13:36:18.383906" elapsed="0.000000"/>
</kw>
<status status="NOT RUN" start="2025-05-12T13:36:18.383906" elapsed="0.000000"/>
</branch>
<status status="NOT RUN" start="2025-05-12T13:36:18.383906" elapsed="0.000000"/>
</if>
<status status="NOT RUN" start="2025-05-12T13:36:18.383906" elapsed="0.000000"/>
</branch>
<status status="PASS" start="2025-05-12T13:36:18.382907" elapsed="0.000999"/>
</if>
<var name="${index}">0</var>
<status status="PASS" start="2025-05-12T13:34:57.921466" elapsed="80.462440"/>
</iter>
<var>${index}</var>
<value>${MAX_RETRIES}</value>
<status status="PASS" start="2025-05-12T13:34:57.920466" elapsed="80.463440"/>
</for>
<if>
<branch type="IF" condition="not ${test_status}">
<kw name="Fail" owner="BuiltIn">
<arg>Le test ${test_name} a échoué après ${MAX_RETRIES} tentatives</arg>
<doc>Fails the test with the given message and optionally alters its tags.</doc>
<status status="NOT RUN" start="2025-05-12T13:36:18.384903" elapsed="0.000000"/>
</kw>
<status status="NOT RUN" start="2025-05-12T13:36:18.383906" elapsed="0.000997"/>
</branch>
<status status="PASS" start="2025-05-12T13:36:18.383906" elapsed="0.000997"/>
</if>
<arg>Execute Open Gps Test</arg>
<arg>Test Ouvrir Gps</arg>
<status status="PASS" start="2025-05-12T13:34:57.920466" elapsed="80.464437"/>
</kw>
<doc>Teste l'activation du GPS
- Ouvre les paramètres
- Active le GPS
- Vérifie l'activation via ADB</doc>
<tag>gps</tag>
<tag>smoke</tag>
<status status="PASS" start="2025-05-12T13:34:57.919467" elapsed="80.465436"/>
</test>
<test id="s1-t2" name="Test GPS Location Functionality" line="157">
<kw name="Execute Test With Retry">
<kw name="Set Variable" owner="BuiltIn">
<msg time="2025-05-12T13:36:18.385904" level="INFO">${attempt} = 1</msg>
<var>${attempt}</var>
<arg>1</arg>
<doc>Returns the given values which can then be assigned to a variables.</doc>
<status status="PASS" start="2025-05-12T13:36:18.385904" elapsed="0.000000"/>
</kw>
<kw name="Set Variable" owner="BuiltIn">
<msg time="2025-05-12T13:36:18.385904" level="INFO">${test_status} = False</msg>
<var>${test_status}</var>
<arg>${FALSE}</arg>
<doc>Returns the given values which can then be assigned to a variables.</doc>
<status status="PASS" start="2025-05-12T13:36:18.385904" elapsed="0.000000"/>
</kw>
<for flavor="IN RANGE">
<iter>
<kw name="Run Keyword And Return Status" owner="BuiltIn">
<kw name="Execute Gps Location Test">
<kw name="Set Location ViaAdb" owner="Integration">
<msg time="2025-05-12T13:36:18.433905" level="INFO">[OK] Position définie : -74.0060, 40.7128</msg>
<arg>${Device}</arg>
<arg>${Longitude}</arg>
<arg>${Latitude}</arg>
<doc>Définit une nouvelle position GPS via une API Flask sur le host.</doc>
<status status="PASS" start="2025-05-12T13:36:18.386904" elapsed="0.047001"/>
</kw>
<kw name="Sleep" owner="BuiltIn">
<msg time="2025-05-12T13:36:18.934519" level="INFO">Slept 500 milliseconds.</msg>
<arg>${QUICK_WAIT}</arg>
<doc>Pauses the test executed for the given time.</doc>
<status status="PASS" start="2025-05-12T13:36:18.433905" elapsed="0.500614"/>
</kw>
<kw name="Get Location ViaAdb" owner="Integration">
<msg time="2025-05-12T13:36:18.988050" level="INFO">${current_latitude} = 35.6895</msg>
<msg time="2025-05-12T13:36:18.988050" level="INFO">${current_longitude} = 139.691698</msg>
<var>${current_latitude}</var>
<var>${current_longitude}</var>
<arg>${Device}</arg>
<status status="PASS" start="2025-05-12T13:36:18.934519" elapsed="0.053531"/>
</kw>
<kw name="Should Be Equal As Numbers" owner="BuiltIn">
<msg time="2025-05-12T13:36:18.992048" level="INFO">Argument types are:
&lt;class 'float'&gt;
&lt;class 'str'&gt;</msg>
<msg time="2025-05-12T13:36:18.992048" level="FAIL">La latitude n'a pas été mise à jour correctement: 36.0 != 41.0</msg>
<arg>${current_latitude}</arg>
<arg>${Latitude}</arg>
<arg>La latitude n'a pas été mise à jour correctement</arg>
<arg>precision=0.0001</arg>
<doc>Fails if objects are unequal after converting them to real numbers.</doc>
<status status="FAIL" start="2025-05-12T13:36:18.988050" elapsed="0.003998">La latitude n'a pas été mise à jour correctement: 36.0 != 41.0</status>
</kw>
<kw name="Should Be Equal As Numbers" owner="BuiltIn">
<arg>${current_longitude}</arg>
<arg>${Longitude}</arg>
<arg>La longitude n'a pas été mise à jour correctement</arg>
<arg>precision=0.0001</arg>
<doc>Fails if objects are unequal after converting them to real numbers.</doc>
<status status="NOT RUN" start="2025-05-12T13:36:18.992048" elapsed="0.000000"/>
</kw>
<doc>Tests GPS location functionality</doc>
<status status="FAIL" start="2025-05-12T13:36:18.386904" elapsed="0.606144">La latitude n'a pas été mise à jour correctement: 36.0 != 41.0</status>
</kw>
<msg time="2025-05-12T13:36:18.993048" level="INFO">${test_status} = False</msg>
<var>${test_status}</var>
<arg>${test_keyword}</arg>
<doc>Runs the given keyword with given arguments and returns the status as a Boolean value.</doc>
<status status="PASS" start="2025-05-12T13:36:18.386904" elapsed="0.606144"/>
</kw>
<if>
<branch type="IF" condition="${test_status}">
<kw name="Log" owner="BuiltIn">
<arg>Test ${test_name} réussi</arg>
<doc>Logs the given message with the given level.</doc>
<status status="NOT RUN" start="2025-05-12T13:36:18.993048" elapsed="0.000000"/>
</kw>
<kw name="Exit For Loop" owner="BuiltIn">
<doc>Stops executing the enclosing FOR loop.</doc>
<status status="NOT RUN" start="2025-05-12T13:36:18.993048" elapsed="0.000000"/>
</kw>
<status status="NOT RUN" start="2025-05-12T13:36:18.993048" elapsed="0.000000"/>
</branch>
<branch type="ELSE">
<kw name="Evaluate" owner="BuiltIn">
<msg time="2025-05-12T13:36:18.993048" level="INFO">${attempt} = 2</msg>
<var>${attempt}</var>
<arg>${attempt} + 1</arg>
<doc>Evaluates the given expression in Python and returns the result.</doc>
<status status="PASS" start="2025-05-12T13:36:18.993048" elapsed="0.000000"/>
</kw>
<if>
<branch type="IF" condition="${attempt} &lt;= ${MAX_RETRIES}">
<kw name="Log" owner="BuiltIn">
<msg time="2025-05-12T13:36:18.994048" level="INFO">Test Test GPS Location Functionality échoué - Tentative 2/3</msg>
<arg>Test ${test_name} échoué - Tentative ${attempt}/${MAX_RETRIES}</arg>
<doc>Logs the given message with the given level.</doc>
<status status="PASS" start="2025-05-12T13:36:18.994048" elapsed="0.000000"/>
</kw>
<kw name="Sleep" owner="BuiltIn">
<msg time="2025-05-12T13:36:20.994247" level="INFO">Slept 2 seconds.</msg>
<arg>${RETRY_DELAY}</arg>
<doc>Pauses the test executed for the given time.</doc>
<status status="PASS" start="2025-05-12T13:36:18.994048" elapsed="2.000199"/>
</kw>
<status status="PASS" start="2025-05-12T13:36:18.993048" elapsed="2.001199"/>
</branch>
<status status="PASS" start="2025-05-12T13:36:18.993048" elapsed="2.001199"/>
</if>
<status status="PASS" start="2025-05-12T13:36:18.993048" elapsed="2.001199"/>
</branch>
<status status="PASS" start="2025-05-12T13:36:18.993048" elapsed="2.001199"/>
</if>
<var name="${index}">0</var>
<status status="PASS" start="2025-05-12T13:36:18.386904" elapsed="2.607343"/>
</iter>
<iter>
<kw name="Run Keyword And Return Status" owner="BuiltIn">
<kw name="Execute Gps Location Test">
<kw name="Set Location ViaAdb" owner="Integration">
<msg time="2025-05-12T13:36:21.032769" level="INFO">[OK] Position définie : -74.0060, 40.7128</msg>
<arg>${Device}</arg>
<arg>${Longitude}</arg>
<arg>${Latitude}</arg>
<doc>Définit une nouvelle position GPS via une API Flask sur le host.</doc>
<status status="PASS" start="2025-05-12T13:36:20.995245" elapsed="0.037524"/>
</kw>
<kw name="Sleep" owner="BuiltIn">
<msg time="2025-05-12T13:36:21.534302" level="INFO">Slept 500 milliseconds.</msg>
<arg>${QUICK_WAIT}</arg>
<doc>Pauses the test executed for the given time.</doc>
<status status="PASS" start="2025-05-12T13:36:21.032769" elapsed="0.501533"/>
</kw>
<kw name="Get Location ViaAdb" owner="Integration">
<msg time="2025-05-12T13:36:21.583827" level="INFO">${current_latitude} = 40.7128</msg>
<msg time="2025-05-12T13:36:21.583827" level="INFO">${current_longitude} = -74.006</msg>
<var>${current_latitude}</var>
<var>${current_longitude}</var>
<arg>${Device}</arg>
<status status="PASS" start="2025-05-12T13:36:21.534302" elapsed="0.049525"/>
</kw>
<kw name="Should Be Equal As Numbers" owner="BuiltIn">
<msg time="2025-05-12T13:36:21.584830" level="INFO">Argument types are:
&lt;class 'float'&gt;
&lt;class 'str'&gt;</msg>
<arg>${current_latitude}</arg>
<arg>${Latitude}</arg>
<arg>La latitude n'a pas été mise à jour correctement</arg>
<arg>precision=0.0001</arg>
<doc>Fails if objects are unequal after converting them to real numbers.</doc>
<status status="PASS" start="2025-05-12T13:36:21.583827" elapsed="0.001003"/>
</kw>
<kw name="Should Be Equal As Numbers" owner="BuiltIn">
<msg time="2025-05-12T13:36:21.584830" level="INFO">Argument types are:
&lt;class 'float'&gt;
&lt;class 'str'&gt;</msg>
<arg>${current_longitude}</arg>
<arg>${Longitude}</arg>
<arg>La longitude n'a pas été mise à jour correctement</arg>
<arg>precision=0.0001</arg>
<doc>Fails if objects are unequal after converting them to real numbers.</doc>
<status status="PASS" start="2025-05-12T13:36:21.584830" elapsed="0.000000"/>
</kw>
<doc>Tests GPS location functionality</doc>
<status status="PASS" start="2025-05-12T13:36:20.994247" elapsed="0.590583"/>
</kw>
<msg time="2025-05-12T13:36:21.584830" level="INFO">${test_status} = True</msg>
<var>${test_status}</var>
<arg>${test_keyword}</arg>
<doc>Runs the given keyword with given arguments and returns the status as a Boolean value.</doc>
<status status="PASS" start="2025-05-12T13:36:20.994247" elapsed="0.590583"/>
</kw>
<if>
<branch type="IF" condition="${test_status}">
<kw name="Log" owner="BuiltIn">
<msg time="2025-05-12T13:36:21.585828" level="INFO">Test Test GPS Location Functionality réussi</msg>
<arg>Test ${test_name} réussi</arg>
<doc>Logs the given message with the given level.</doc>
<status status="PASS" start="2025-05-12T13:36:21.585828" elapsed="0.000000"/>
</kw>
<kw name="Exit For Loop" owner="BuiltIn">
<msg time="2025-05-12T13:36:21.585828" level="INFO">Exiting for loop altogether.</msg>
<doc>Stops executing the enclosing FOR loop.</doc>
<status status="PASS" start="2025-05-12T13:36:21.585828" elapsed="0.000000"/>
</kw>
<status status="PASS" start="2025-05-12T13:36:21.585828" elapsed="0.000000"/>
</branch>
<branch type="ELSE">
<kw name="Evaluate" owner="BuiltIn">
<var>${attempt}</var>
<arg>${attempt} + 1</arg>
<doc>Evaluates the given expression in Python and returns the result.</doc>
<status status="NOT RUN" start="2025-05-12T13:36:21.585828" elapsed="0.000000"/>
</kw>
<if>
<branch type="IF" condition="${attempt} &lt;= ${MAX_RETRIES}">
<kw name="Log" owner="BuiltIn">
<arg>Test ${test_name} échoué - Tentative ${attempt}/${MAX_RETRIES}</arg>
<doc>Logs the given message with the given level.</doc>
<status status="NOT RUN" start="2025-05-12T13:36:21.586828" elapsed="0.000000"/>
</kw>
<kw name="Sleep" owner="BuiltIn">
<arg>${RETRY_DELAY}</arg>
<doc>Pauses the test executed for the given time.</doc>
<status status="NOT RUN" start="2025-05-12T13:36:21.586828" elapsed="0.000000"/>
</kw>
<status status="NOT RUN" start="2025-05-12T13:36:21.585828" elapsed="0.001000"/>
</branch>
<status status="NOT RUN" start="2025-05-12T13:36:21.585828" elapsed="0.001000"/>
</if>
<status status="NOT RUN" start="2025-05-12T13:36:21.585828" elapsed="0.001000"/>
</branch>
<status status="PASS" start="2025-05-12T13:36:21.585828" elapsed="0.001000"/>
</if>
<var name="${index}">1</var>
<status status="PASS" start="2025-05-12T13:36:20.994247" elapsed="0.592581"/>
</iter>
<var>${index}</var>
<value>${MAX_RETRIES}</value>
<status status="PASS" start="2025-05-12T13:36:18.385904" elapsed="3.200924"/>
</for>
<if>
<branch type="IF" condition="not ${test_status}">
<kw name="Fail" owner="BuiltIn">
<arg>Le test ${test_name} a échoué après ${MAX_RETRIES} tentatives</arg>
<doc>Fails the test with the given message and optionally alters its tags.</doc>
<status status="NOT RUN" start="2025-05-12T13:36:21.586828" elapsed="0.000000"/>
</kw>
<status status="NOT RUN" start="2025-05-12T13:36:21.586828" elapsed="0.000000"/>
</branch>
<status status="PASS" start="2025-05-12T13:36:21.586828" elapsed="0.000000"/>
</if>
<arg>Execute Gps Location Test</arg>
<arg>Test GPS Location Functionality</arg>
<status status="PASS" start="2025-05-12T13:36:18.385904" elapsed="3.200924"/>
</kw>
<doc>Teste la fonctionnalité de modification de position GPS
- Définit une position GPS spécifique via ADB
- Vérifie que la position a bien été mise à jour</doc>
<tag>gps</tag>
<tag>location</tag>
<status status="PASS" start="2025-05-12T13:36:18.384903" elapsed="3.201925"/>
</test>
<test id="s1-t3" name="Test GPS Multi-Location" line="164">
<for flavor="IN">
<iter>
<kw name="Test GPS Location For Coordinates">
<kw name="Set Location ViaAdb" owner="Integration">
<msg time="2025-05-12T13:36:21.623867" level="INFO">[OK] Position définie : -74.0060, 40.7128</msg>
<arg>${Device}</arg>
<arg>${longitude}</arg>
<arg>${latitude}</arg>
<doc>Définit une nouvelle position GPS via une API Flask sur le host.</doc>
<status status="PASS" start="2025-05-12T13:36:21.587827" elapsed="0.037040"/>
</kw>
<kw name="Sleep" owner="BuiltIn">
<msg time="2025-05-12T13:36:23.625614" level="INFO">Slept 2 seconds.</msg>
<arg>2s</arg>
<doc>Pauses the test executed for the given time.</doc>
<status status="PASS" start="2025-05-12T13:36:21.624867" elapsed="2.000747"/>
</kw>
<kw name="Get Location ViaAdb" owner="Integration">
<msg time="2025-05-12T13:36:23.679171" level="INFO">${current_latitude} = 40.7128</msg>
<msg time="2025-05-12T13:36:23.679171" level="INFO">${current_longitude} = -74.006</msg>
<var>${current_latitude}</var>
<var>${current_longitude}</var>
<arg>${Device}</arg>
<status status="PASS" start="2025-05-12T13:36:23.625614" elapsed="0.053557"/>
</kw>
<kw name="Log" owner="BuiltIn">
<msg time="2025-05-12T13:36:23.679171" level="INFO">Vérification: attendu 40.7128, obtenu 40.7128</msg>
<arg>Vérification: attendu ${latitude}, obtenu ${current_latitude}</arg>
<doc>Logs the given message with the given level.</doc>
<status status="PASS" start="2025-05-12T13:36:23.679171" elapsed="0.000000"/>
</kw>
<kw name="Should Be Equal As Numbers" owner="BuiltIn">
<msg time="2025-05-12T13:36:23.680173" level="INFO">Argument types are:
&lt;class 'float'&gt;
&lt;class 'str'&gt;</msg>
<arg>${current_latitude}</arg>
<arg>${latitude}</arg>
<arg>La latitude n'a pas été mise à jour correctement</arg>
<arg>precision=0.0001</arg>
<doc>Fails if objects are unequal after converting them to real numbers.</doc>
<status status="PASS" start="2025-05-12T13:36:23.679171" elapsed="0.001002"/>
</kw>
<kw name="Should Be Equal As Numbers" owner="BuiltIn">
<msg time="2025-05-12T13:36:23.680173" level="INFO">Argument types are:
&lt;class 'float'&gt;
&lt;class 'str'&gt;</msg>
<arg>${current_longitude}</arg>
<arg>${longitude}</arg>
<arg>La longitude n'a pas été mise à jour correctement</arg>
<arg>precision=0.0001</arg>
<doc>Fails if objects are unequal after converting them to real numbers.</doc>
<status status="PASS" start="2025-05-12T13:36:23.680173" elapsed="0.000000"/>
</kw>
<arg>${lat}</arg>
<arg>${lon}</arg>
<status status="PASS" start="2025-05-12T13:36:21.587827" elapsed="2.092346"/>
</kw>
<var name="${lat}">40.7128</var>
<var name="${lon}">-74.0060</var>
<status status="PASS" start="2025-05-12T13:36:21.587827" elapsed="2.092346"/>
</iter>
<iter>
<kw name="Test GPS Location For Coordinates">
<kw name="Set Location ViaAdb" owner="Integration">
<msg time="2025-05-12T13:36:23.719697" level="INFO">[OK] Position définie : 2.3522, 48.8566</msg>
<arg>${Device}</arg>
<arg>${longitude}</arg>
<arg>${latitude}</arg>
<doc>Définit une nouvelle position GPS via une API Flask sur le host.</doc>
<status status="PASS" start="2025-05-12T13:36:23.681172" elapsed="0.038525"/>
</kw>
<kw name="Sleep" owner="BuiltIn">
<msg time="2025-05-12T13:36:25.720985" level="INFO">Slept 2 seconds.</msg>
<arg>2s</arg>
<doc>Pauses the test executed for the given time.</doc>
<status status="PASS" start="2025-05-12T13:36:23.720695" elapsed="2.000290"/>
</kw>
<kw name="Get Location ViaAdb" owner="Integration">
<msg time="2025-05-12T13:36:25.788019" level="INFO">${current_latitude} = 48.8566</msg>
<msg time="2025-05-12T13:36:25.788019" level="INFO">${current_longitude} = 2.352198</msg>
<var>${current_latitude}</var>
<var>${current_longitude}</var>
<arg>${Device}</arg>
<status status="PASS" start="2025-05-12T13:36:25.720985" elapsed="0.067034"/>
</kw>
<kw name="Log" owner="BuiltIn">
<msg time="2025-05-12T13:36:25.788019" level="INFO">Vérification: attendu 48.8566, obtenu 48.8566</msg>
<arg>Vérification: attendu ${latitude}, obtenu ${current_latitude}</arg>
<doc>Logs the given message with the given level.</doc>
<status status="PASS" start="2025-05-12T13:36:25.788019" elapsed="0.000000"/>
</kw>
<kw name="Should Be Equal As Numbers" owner="BuiltIn">
<msg time="2025-05-12T13:36:25.789019" level="INFO">Argument types are:
&lt;class 'float'&gt;
&lt;class 'str'&gt;</msg>
<arg>${current_latitude}</arg>
<arg>${latitude}</arg>
<arg>La latitude n'a pas été mise à jour correctement</arg>
<arg>precision=0.0001</arg>
<doc>Fails if objects are unequal after converting them to real numbers.</doc>
<status status="PASS" start="2025-05-12T13:36:25.788019" elapsed="0.001000"/>
</kw>
<kw name="Should Be Equal As Numbers" owner="BuiltIn">
<msg time="2025-05-12T13:36:25.789019" level="INFO">Argument types are:
&lt;class 'float'&gt;
&lt;class 'str'&gt;</msg>
<arg>${current_longitude}</arg>
<arg>${longitude}</arg>
<arg>La longitude n'a pas été mise à jour correctement</arg>
<arg>precision=0.0001</arg>
<doc>Fails if objects are unequal after converting them to real numbers.</doc>
<status status="PASS" start="2025-05-12T13:36:25.789019" elapsed="0.000000"/>
</kw>
<arg>${lat}</arg>
<arg>${lon}</arg>
<status status="PASS" start="2025-05-12T13:36:23.680173" elapsed="2.108846"/>
</kw>
<var name="${lat}">48.8566</var>
<var name="${lon}">2.3522</var>
<status status="PASS" start="2025-05-12T13:36:23.680173" elapsed="2.108846"/>
</iter>
<iter>
<kw name="Test GPS Location For Coordinates">
<kw name="Set Location ViaAdb" owner="Integration">
<msg time="2025-05-12T13:36:25.830073" level="INFO">[OK] Position définie : 139.6917, 35.6895</msg>
<arg>${Device}</arg>
<arg>${longitude}</arg>
<arg>${latitude}</arg>
<doc>Définit une nouvelle position GPS via une API Flask sur le host.</doc>
<status status="PASS" start="2025-05-12T13:36:25.790017" elapsed="0.041056"/>
</kw>
<kw name="Sleep" owner="BuiltIn">
<msg time="2025-05-12T13:36:27.832081" level="INFO">Slept 2 seconds.</msg>
<arg>2s</arg>
<doc>Pauses the test executed for the given time.</doc>
<status status="PASS" start="2025-05-12T13:36:25.831073" elapsed="2.001008"/>
</kw>
<kw name="Get Location ViaAdb" owner="Integration">
<msg time="2025-05-12T13:36:27.925889" level="INFO">${current_latitude} = 35.6895</msg>
<msg time="2025-05-12T13:36:27.926889" level="INFO">${current_longitude} = 139.691698</msg>
<var>${current_latitude}</var>
<var>${current_longitude}</var>
<arg>${Device}</arg>
<status status="PASS" start="2025-05-12T13:36:27.832081" elapsed="0.094808"/>
</kw>
<kw name="Log" owner="BuiltIn">
<msg time="2025-05-12T13:36:27.926889" level="INFO">Vérification: attendu 35.6895, obtenu 35.6895</msg>
<arg>Vérification: attendu ${latitude}, obtenu ${current_latitude}</arg>
<doc>Logs the given message with the given level.</doc>
<status status="PASS" start="2025-05-12T13:36:27.926889" elapsed="0.000000"/>
</kw>
<kw name="Should Be Equal As Numbers" owner="BuiltIn">
<msg time="2025-05-12T13:36:27.926889" level="INFO">Argument types are:
&lt;class 'float'&gt;
&lt;class 'str'&gt;</msg>
<arg>${current_latitude}</arg>
<arg>${latitude}</arg>
<arg>La latitude n'a pas été mise à jour correctement</arg>
<arg>precision=0.0001</arg>
<doc>Fails if objects are unequal after converting them to real numbers.</doc>
<status status="PASS" start="2025-05-12T13:36:27.926889" elapsed="0.000000"/>
</kw>
<kw name="Should Be Equal As Numbers" owner="BuiltIn">
<msg time="2025-05-12T13:36:27.927890" level="INFO">Argument types are:
&lt;class 'float'&gt;
&lt;class 'str'&gt;</msg>
<arg>${current_longitude}</arg>
<arg>${longitude}</arg>
<arg>La longitude n'a pas été mise à jour correctement</arg>
<arg>precision=0.0001</arg>
<doc>Fails if objects are unequal after converting them to real numbers.</doc>
<status status="PASS" start="2025-05-12T13:36:27.926889" elapsed="0.001001"/>
</kw>
<arg>${lat}</arg>
<arg>${lon}</arg>
<status status="PASS" start="2025-05-12T13:36:25.789019" elapsed="2.138871"/>
</kw>
<var name="${lat}">35.6895</var>
<var name="${lon}">139.6917</var>
<status status="PASS" start="2025-05-12T13:36:25.789019" elapsed="2.138871"/>
</iter>
<var>${lat}</var>
<var>${lon}</var>
<value>@{GPS_LOCATIONS}</value>
<status status="PASS" start="2025-05-12T13:36:21.587827" elapsed="6.340063"/>
</for>
<doc>Teste la modification de position GPS pour plusieurs emplacements</doc>
<status status="PASS" start="2025-05-12T13:36:21.587827" elapsed="6.340063"/>
</test>
<kw name="Fermer Driver" type="TEARDOWN">
<try>
<branch type="TRY">
<kw name="Run Keyword And Return Status" owner="BuiltIn">
<kw name="Get Source" owner="AppiumLibrary">
<kw name="Capture Page Screenshot" owner="AppiumLibrary">
<msg time="2025-05-12T13:36:27.930909" level="FAIL">No application is open</msg>
<doc>Takes a screenshot of the current page and embeds it into the log.</doc>
<status status="FAIL" start="2025-05-12T13:36:27.928892" elapsed="0.004996">No application is open</status>
</kw>
<msg time="2025-05-12T13:36:27.934887" level="WARN">Keyword 'Capture Page Screenshot' could not be run on failure: No application is open</msg>
<msg time="2025-05-12T13:36:27.935886" level="FAIL">No application is open</msg>
<doc>Returns the entire source of the current page.</doc>
<status status="FAIL" start="2025-05-12T13:36:27.928892" elapsed="0.006994">No application is open</status>
</kw>
<msg time="2025-05-12T13:36:27.935886" level="INFO">${session_active} = False</msg>
<var>${session_active}</var>
<arg>Get Source</arg>
<doc>Runs the given keyword with given arguments and returns the status as a Boolean value.</doc>
<status status="PASS" start="2025-05-12T13:36:27.928892" elapsed="0.006994"/>
</kw>
<if>
<branch type="IF" condition="${session_active}">
<kw name="Close Driver" owner="Integration">
<arg>${driver}</arg>
<doc>Ferme proprement le driver Appium.</doc>
<status status="NOT RUN" start="2025-05-12T13:36:27.935886" elapsed="0.000000"/>
</kw>
<kw name="Log" owner="BuiltIn">
<arg>Driver fermé avec succès</arg>
<doc>Logs the given message with the given level.</doc>
<status status="NOT RUN" start="2025-05-12T13:36:27.935886" elapsed="0.000000"/>
</kw>
<status status="NOT RUN" start="2025-05-12T13:36:27.935886" elapsed="0.000000"/>
</branch>
<branch type="ELSE">
<kw name="Log" owner="BuiltIn">
<msg time="2025-05-12T13:36:27.936885" level="INFO">Le driver n'était pas actif</msg>
<arg>Le driver n'était pas actif</arg>
<doc>Logs the given message with the given level.</doc>
<status status="PASS" start="2025-05-12T13:36:27.936885" elapsed="0.000000"/>
</kw>
<status status="PASS" start="2025-05-12T13:36:27.936885" elapsed="0.000000"/>
</branch>
<status status="PASS" start="2025-05-12T13:36:27.935886" elapsed="0.000999"/>
</if>
<status status="PASS" start="2025-05-12T13:36:27.928892" elapsed="0.007993"/>
</branch>
<branch type="EXCEPT" assign="${error}">
<kw name="Log" owner="BuiltIn">
<arg>Erreur lors de la fermeture du driver: ${error}</arg>
<doc>Logs the given message with the given level.</doc>
<status status="NOT RUN" start="2025-05-12T13:36:27.936885" elapsed="0.000000"/>
</kw>
<status status="NOT RUN" start="2025-05-12T13:36:27.936885" elapsed="0.000000"/>
</branch>
<status status="PASS" start="2025-05-12T13:36:27.928892" elapsed="0.007993"/>
</try>
<doc>Cleans up and closes the test driver</doc>
<status status="PASS" start="2025-05-12T13:36:27.928892" elapsed="0.007993"/>
</kw>
<doc>Tests de fonctionnalité GPS pour appareil Android
- Vérification de la modification de position GPS
- Utilisation des commandes ADB pour contrôler l'émulateur</doc>
<status status="PASS" start="2025-05-12T13:34:44.044016" elapsed="103.892869"/>
</suite>
<statistics>
<total>
<stat pass="3" fail="0" skip="0">All Tests</stat>
</total>
<tag>
<stat pass="2" fail="0" skip="0">gps</stat>
<stat pass="1" fail="0" skip="0">location</stat>
<stat pass="1" fail="0" skip="0">smoke</stat>
</tag>
<suite>
<stat name="FonctionnaliteMaps" id="s1" pass="3" fail="0" skip="0">FonctionnaliteMaps</stat>
</suite>
</statistics>
<errors>
<msg time="2025-05-12T13:36:27.934887" level="WARN">Keyword 'Capture Page Screenshot' could not be run on failure: No application is open</msg>
</errors>
</robot>
