<?xml version="1.0" encoding="UTF-8"?>
<robot generator="Robot 7.2.2 (Python 3.12.5 on win32)" generated="2025-04-21T14:30:50.770213" rpa="false" schemaversion="5">
<suite id="s1" name="FonctionnaliteBluetooth" source="C:\Users\bahae\Desktop\PfeProject\test_cases\FonctionnaliteBluetooth.robot">
<kw name="Démarrer Driver" type="SETUP">
<kw name="Setup Driver" owner="Integration">
<msg time="2025-04-21T14:30:55.320806" level="INFO">${driver} = &lt;appium.webdriver.webdriver.WebDriver (session="c0e41e98-fe56-4033-8099-7d7752e7a51a")&gt;</msg>
<var>${driver}</var>
<arg>${Device}</arg>
<doc>Initialise et retourne le driver Appium.</doc>
<status status="PASS" start="2025-04-21T14:30:51.068748" elapsed="4.253055"/>
</kw>
<kw name="Set Suite Variable" owner="BuiltIn">
<msg time="2025-04-21T14:30:55.321803" level="INFO">${driver} = &lt;appium.webdriver.webdriver.WebDriver (session="c0e41e98-fe56-4033-8099-7d7752e7a51a")&gt;</msg>
<arg>${driver}</arg>
<doc>Makes a variable available everywhere within the scope of the current suite.</doc>
<status status="PASS" start="2025-04-21T14:30:55.321803" elapsed="0.000000"/>
</kw>
<kw name="Set Suite Variable" owner="BuiltIn">
<msg time="2025-04-21T14:30:55.322826" level="INFO">${driver_mobile} = None</msg>
<arg>${driver_mobile}</arg>
<arg>${None}</arg>
<doc>Makes a variable available everywhere within the scope of the current suite.</doc>
<status status="PASS" start="2025-04-21T14:30:55.321803" elapsed="0.001023"/>
</kw>
<status status="PASS" start="2025-04-21T14:30:51.067751" elapsed="4.255075"/>
</kw>
<test id="s1-t1" name="Test Pairing Bluetooth" line="73">
<kw name="Get System Language" owner="Integration">
<msg time="2025-04-21T14:30:55.364100" level="INFO">${lang} = fr</msg>
<var>${lang}</var>
<arg>${Device}</arg>
<status status="PASS" start="2025-04-21T14:30:55.322826" elapsed="0.042279"/>
</kw>
<if>
<branch type="IF" condition="'${lang}' == 'fr'">
<kw name="Set Variable" owner="BuiltIn">
<msg time="2025-04-21T14:30:55.365105" level="INFO">${System} = Système</msg>
<var>${System}</var>
<arg>Système</arg>
<doc>Returns the given values which can then be assigned to a variables.</doc>
<status status="PASS" start="2025-04-21T14:30:55.365105" elapsed="0.000000"/>
</kw>
<kw name="Set Variable" owner="BuiltIn">
<msg time="2025-04-21T14:30:55.366102" level="INFO">${Setting} = Paramètres</msg>
<var>${Setting}</var>
<arg>Paramètres</arg>
<doc>Returns the given values which can then be assigned to a variables.</doc>
<status status="PASS" start="2025-04-21T14:30:55.365105" elapsed="0.000997"/>
</kw>
<kw name="Set Variable" owner="BuiltIn">
<msg time="2025-04-21T14:30:55.366102" level="INFO">${apps} = Applis</msg>
<var>${apps}</var>
<arg>Applis</arg>
<doc>Returns the given values which can then be assigned to a variables.</doc>
<status status="PASS" start="2025-04-21T14:30:55.366102" elapsed="0.000000"/>
</kw>
<kw name="Set Variable" owner="BuiltIn">
<msg time="2025-04-21T14:30:55.366102" level="INFO">${Consulter_allapps} = Voir les</msg>
<var>${Consulter_allapps}</var>
<arg>Voir les</arg>
<doc>Returns the given values which can then be assigned to a variables.</doc>
<status status="PASS" start="2025-04-21T14:30:55.366102" elapsed="0.000000"/>
</kw>
<kw name="Set Variable" owner="BuiltIn">
<msg time="2025-04-21T14:30:55.366102" level="INFO">${DesButton} = Désinstaller</msg>
<var>${DesButton}</var>
<arg>Désinstaller</arg>
<doc>Returns the given values which can then be assigned to a variables.</doc>
<status status="PASS" start="2025-04-21T14:30:55.366102" elapsed="0.000000"/>
</kw>
<kw name="Set Variable" owner="BuiltIn">
<msg time="2025-04-21T14:30:55.367101" level="INFO">${confirme} = OK</msg>
<var>${confirme}</var>
<arg>OK</arg>
<doc>Returns the given values which can then be assigned to a variables.</doc>
<status status="PASS" start="2025-04-21T14:30:55.366102" elapsed="0.000999"/>
</kw>
<kw name="Set Variable" owner="BuiltIn">
<msg time="2025-04-21T14:30:55.367101" level="INFO">${pairing} = Associer un nouvel appareil</msg>
<var>${pairing}</var>
<arg>Associer un nouvel appareil</arg>
<doc>Returns the given values which can then be assigned to a variables.</doc>
<status status="PASS" start="2025-04-21T14:30:55.367101" elapsed="0.000000"/>
</kw>
<kw name="Set Variable" owner="BuiltIn">
<msg time="2025-04-21T14:30:55.367101" level="INFO">${pairing_conf} = Associer</msg>
<var>${pairing_conf}</var>
<arg>Associer</arg>
<doc>Returns the given values which can then be assigned to a variables.</doc>
<status status="PASS" start="2025-04-21T14:30:55.367101" elapsed="0.000000"/>
</kw>
<kw name="Set Variable" owner="BuiltIn">
<msg time="2025-04-21T14:30:55.367101" level="INFO">${pairing_conf2} = Continuer</msg>
<var>${pairing_conf2}</var>
<arg>Continuer</arg>
<doc>Returns the given values which can then be assigned to a variables.</doc>
<status status="PASS" start="2025-04-21T14:30:55.367101" elapsed="0.000000"/>
</kw>
<status status="PASS" start="2025-04-21T14:30:55.365105" elapsed="0.001996"/>
</branch>
<branch type="ELSE">
<kw name="Set Variable" owner="BuiltIn">
<var>${System}</var>
<arg>System</arg>
<doc>Returns the given values which can then be assigned to a variables.</doc>
<status status="NOT RUN" start="2025-04-21T14:30:55.368101" elapsed="0.000000"/>
</kw>
<kw name="Set Variable" owner="BuiltIn">
<var>${Setting}</var>
<arg>Settings</arg>
<doc>Returns the given values which can then be assigned to a variables.</doc>
<status status="NOT RUN" start="2025-04-21T14:30:55.368101" elapsed="0.000000"/>
</kw>
<kw name="Set Variable" owner="BuiltIn">
<var>${apps}</var>
<arg>Applis</arg>
<doc>Returns the given values which can then be assigned to a variables.</doc>
<status status="NOT RUN" start="2025-04-21T14:30:55.368101" elapsed="0.000000"/>
</kw>
<kw name="Set Variable" owner="BuiltIn">
<var>${Consulter_allapps}</var>
<arg>Voir les</arg>
<doc>Returns the given values which can then be assigned to a variables.</doc>
<status status="NOT RUN" start="2025-04-21T14:30:55.368101" elapsed="0.000000"/>
</kw>
<kw name="Set Variable" owner="BuiltIn">
<var>${DesButton}</var>
<arg>Désinstaller</arg>
<doc>Returns the given values which can then be assigned to a variables.</doc>
<status status="NOT RUN" start="2025-04-21T14:30:55.368101" elapsed="0.000000"/>
</kw>
<kw name="Set Variable" owner="BuiltIn">
<var>${confirme}</var>
<arg>OK</arg>
<doc>Returns the given values which can then be assigned to a variables.</doc>
<status status="NOT RUN" start="2025-04-21T14:30:55.368101" elapsed="0.000000"/>
</kw>
<kw name="Set Variable" owner="BuiltIn">
<var>${pairing}</var>
<arg>Pair new device</arg>
<doc>Returns the given values which can then be assigned to a variables.</doc>
<status status="NOT RUN" start="2025-04-21T14:30:55.368101" elapsed="0.000000"/>
</kw>
<kw name="Set Variable" owner="BuiltIn">
<var>${pairing_conf}</var>
<arg>Pair</arg>
<doc>Returns the given values which can then be assigned to a variables.</doc>
<status status="NOT RUN" start="2025-04-21T14:30:55.368101" elapsed="0.000000"/>
</kw>
<kw name="Set Variable" owner="BuiltIn">
<var>${pairing_conf2}</var>
<arg>Continue</arg>
<doc>Returns the given values which can then be assigned to a variables.</doc>
<status status="NOT RUN" start="2025-04-21T14:30:55.368101" elapsed="0.000000"/>
</kw>
<status status="NOT RUN" start="2025-04-21T14:30:55.367101" elapsed="0.001000"/>
</branch>
<status status="PASS" start="2025-04-21T14:30:55.365105" elapsed="0.002996"/>
</if>
<kw name="Open Application With Click" owner="Integration">
<msg time="2025-04-21T14:31:07.498570" level="INFO">📌 Liste des applications détectées : ['ARD Audiothek', 'Audio Bluetooth', 'Google\xa0Actualités', 'Local Media Player', 'Spotify', 'Prime Video', 'Agenda', 'Téléphone', 'SMS', 'Paramètres', 'Play\xa0Store', 'Crunchyroll', 'YouTube', 'Maps', 'Google Assistant']
📌 First Home Page détectée : ['ARD Audiothek', 'Audio Bluetooth', 'Google\xa0Actualités', 'Local Media Player', 'Spotify', 'Prime Video', 'Agenda', 'Téléphone', 'SMS', 'Paramètres', 'Play\xa0Store', 'Crunchyroll', 'YouTube', 'Maps', 'Google Assistant']

📌 Liste des applications détectées : ['ARD Audiothek', 'Audio Bluetooth', 'Google\xa0Actualités', 'Local Media Player', 'Spotify', 'Prime Video', 'Agenda', 'Téléphone', 'SMS', 'Paramètres', 'Play\xa0Store', 'Crunchyroll', 'YouTube', 'Maps', 'Google Assistant']
✅ Retour à la first home page !

📌 Liste des applications détectées : ['ARD Audiothek', 'Audio Bluetooth', 'Google\xa0Actualités', 'Local Media Player', 'Spotify', 'Prime Video', 'Agenda', 'Téléphone', 'SMS', 'Paramètres', 'Play\xa0Store', 'Crunchyroll', 'YouTube', 'Maps', 'Google Assistant']
1137 414 1281 452</msg>
<msg time="2025-04-21T14:31:07.499567" level="INFO">${resultat} = True</msg>
<var>${resultat}</var>
<arg>${driver}</arg>
<arg>${Setting}</arg>
<status status="PASS" start="2025-04-21T14:30:55.369100" elapsed="12.130467"/>
</kw>
<kw name="Setup Driver Mobile" owner="script_mobile">
<msg time="2025-04-21T14:31:12.795136" level="INFO">${driver_mobile} = &lt;appium.webdriver.webdriver.WebDriver (session="8f91943a-38bd-4fd6-bc06-a120b518fee4")&gt;</msg>
<var>${driver_mobile}</var>
<arg>${Device_mobile}</arg>
<doc>Initialise et retourne le driver Appium.</doc>
<status status="PASS" start="2025-04-21T14:31:07.499567" elapsed="5.295569"/>
</kw>
<kw name="Clique Sur Setting" owner="Integration">
<msg time="2025-04-21T14:31:13.221570" level="INFO">(0, 76, 550, 696)
✅ 'Bluetooth' trouvé sans swipe. Appui en cours...</msg>
<arg>${driver}</arg>
<arg>Bluetooth</arg>
<arg>${Setting_menu}</arg>
<status status="PASS" start="2025-04-21T14:31:12.795136" elapsed="0.426434"/>
</kw>
<kw name="Get Bluetooth Name" owner="script_mobile">
<msg time="2025-04-21T14:31:13.375158" level="INFO">${name_bluetooth_mobile} = sdk_gphone64_x86_64</msg>
<var>${name_bluetooth_mobile}</var>
<arg>${driver_mobile}</arg>
<doc>Récupère le nom de l'appareil Bluetooth via ADB.</doc>
<status status="PASS" start="2025-04-21T14:31:13.221570" elapsed="0.153588"/>
</kw>
<kw name="Log" owner="BuiltIn">
<msg time="2025-04-21T14:31:13.375158" level="INFO">sdk_gphone64_x86_64</msg>
<arg>${name_bluetooth_mobile}</arg>
<doc>Logs the given message with the given level.</doc>
<status status="PASS" start="2025-04-21T14:31:13.375158" elapsed="0.000000"/>
</kw>
<kw name="Press Key" owner="Integration">
<msg time="2025-04-21T14:31:13.714742" level="INFO">Keycode 4 pressé.</msg>
<arg>${driver_mobile}</arg>
<arg>4</arg>
<doc>Effectue un appui sur une touche spécifique via son keycode.</doc>
<status status="PASS" start="2025-04-21T14:31:13.375158" elapsed="0.339584"/>
</kw>
<kw name="Press Key" owner="Integration">
<msg time="2025-04-21T14:31:14.387709" level="INFO">Keycode 176 pressé.</msg>
<arg>${driver_mobile}</arg>
<arg>176</arg>
<doc>Effectue un appui sur une touche spécifique via son keycode.</doc>
<status status="PASS" start="2025-04-21T14:31:13.714742" elapsed="0.673968"/>
</kw>
<kw name="Wait Until Keyword Succeeds" owner="BuiltIn">
<kw name="Click Element By Text Att" owner="Integration">
<arg>${driver_mobile}</arg>
<arg>Bluetooth, pairing</arg>
<status status="PASS" start="2025-04-21T14:31:14.388710" elapsed="2.069116"/>
</kw>
<arg>30s</arg>
<arg>2s</arg>
<arg>Click Element By Text Att</arg>
<arg>${driver_mobile}</arg>
<arg>Bluetooth, pairing</arg>
<doc>Runs the specified keyword and retries if it fails.</doc>
<status status="PASS" start="2025-04-21T14:31:14.388710" elapsed="2.069116"/>
</kw>
<kw name="Wait Until Keyword Succeeds" owner="BuiltIn">
<kw name="Click Element By Text Att" owner="Integration">
<arg>${driver}</arg>
<arg>${pairing}</arg>
<status status="PASS" start="2025-04-21T14:31:16.457826" elapsed="0.121007"/>
</kw>
<arg>30s</arg>
<arg>2s</arg>
<arg>Click Element By Text Att</arg>
<arg>${driver}</arg>
<arg>${pairing}</arg>
<doc>Runs the specified keyword and retries if it fails.</doc>
<status status="PASS" start="2025-04-21T14:31:16.457826" elapsed="0.121007"/>
</kw>
<kw name="Wait Until Keyword Succeeds" owner="BuiltIn">
<kw name="Click Element By Text Att" owner="Integration">
<arg>${driver}</arg>
<arg>${name_bluetooth_mobile}</arg>
<status status="PASS" start="2025-04-21T14:31:16.578833" elapsed="0.779731"/>
</kw>
<arg>30s</arg>
<arg>2s</arg>
<arg>Click Element By Text Att</arg>
<arg>${driver}</arg>
<arg>${name_bluetooth_mobile}</arg>
<doc>Runs the specified keyword and retries if it fails.</doc>
<status status="PASS" start="2025-04-21T14:31:16.578833" elapsed="0.779731"/>
</kw>
<kw name="Wait Until Keyword Succeeds" owner="BuiltIn">
<kw name="Click Element By Text Att" owner="Integration">
<arg>${driver_mobile}</arg>
<arg>Pair</arg>
<status status="PASS" start="2025-04-21T14:31:17.359562" elapsed="2.153051"/>
</kw>
<arg>30s</arg>
<arg>2s</arg>
<arg>Click Element By Text Att</arg>
<arg>${driver_mobile}</arg>
<arg>Pair</arg>
<doc>Runs the specified keyword and retries if it fails.</doc>
<status status="PASS" start="2025-04-21T14:31:17.359562" elapsed="2.154048"/>
</kw>
<kw name="Wait Until Keyword Succeeds" owner="BuiltIn">
<kw name="Click Element By Text Att" owner="Integration">
<arg>${driver}</arg>
<arg>${pairing_conf}</arg>
<status status="PASS" start="2025-04-21T14:31:19.514135" elapsed="0.092994"/>
</kw>
<arg>10s</arg>
<arg>2s</arg>
<arg>Click Element By Text Att</arg>
<arg>${driver}</arg>
<arg>${pairing_conf}</arg>
<doc>Runs the specified keyword and retries if it fails.</doc>
<status status="PASS" start="2025-04-21T14:31:19.513610" elapsed="0.093519"/>
</kw>
<kw name="Wait Until Keyword Succeeds" owner="BuiltIn">
<kw name="Click Element By Text Att" owner="Integration">
<arg>${driver_mobile}</arg>
<arg>Allow</arg>
<status status="PASS" start="2025-04-21T14:31:19.608130" elapsed="2.611008"/>
</kw>
<arg>30s</arg>
<arg>2s</arg>
<arg>Click Element By Text Att</arg>
<arg>${driver_mobile}</arg>
<arg>Allow</arg>
<doc>Runs the specified keyword and retries if it fails.</doc>
<status status="PASS" start="2025-04-21T14:31:19.608130" elapsed="2.611008"/>
</kw>
<kw name="Is Bluetooth Connected" owner="Integration">
<msg time="2025-04-21T14:31:22.300136" level="INFO">${verif_adb} = True</msg>
<var>${verif_adb}</var>
<arg>${driver}</arg>
<arg>${name_bluetooth_mobile}</arg>
<doc>Vérifie si un appareil Bluetooth spécifique est connecté.</doc>
<status status="PASS" start="2025-04-21T14:31:22.219138" elapsed="0.080998"/>
</kw>
<kw name="Should Be True" owner="BuiltIn">
<arg>${verif_adb}</arg>
<arg>Le Bluetooth n'est pas connecté (via ADB).</arg>
<doc>Fails if the given condition is not true.</doc>
<status status="PASS" start="2025-04-21T14:31:22.300136" elapsed="0.001002"/>
</kw>
<status status="PASS" start="2025-04-21T14:30:55.322826" elapsed="26.978312"/>
</test>
<kw name="Fermer Driver" type="TEARDOWN">
<kw name="Run Keyword If" owner="BuiltIn">
<kw name="Close Driver" owner="Integration">
<arg>${driver}</arg>
<doc>Ferme proprement le driver Appium.</doc>
<status status="PASS" start="2025-04-21T14:31:22.302137" elapsed="0.229815"/>
</kw>
<arg>'${driver}' != 'None'</arg>
<arg>Close Driver</arg>
<arg>${driver}</arg>
<doc>Runs the given keyword with the given arguments, if ``condition`` is true.</doc>
<status status="PASS" start="2025-04-21T14:31:22.302137" elapsed="0.230821"/>
</kw>
<kw name="Run Keyword If" owner="BuiltIn">
<arg>'${driver_mobile}' != 'None'</arg>
<arg>Close Driver</arg>
<arg>${driver_mobile}</arg>
<doc>Runs the given keyword with the given arguments, if ``condition`` is true.</doc>
<status status="PASS" start="2025-04-21T14:31:22.532958" elapsed="0.000992"/>
</kw>
<status status="PASS" start="2025-04-21T14:31:22.302137" elapsed="0.231813"/>
</kw>
<doc>Ce fichier contient des tests d'activation et de désactivation du Bluetooth sur un appareil Android. Les tests vérifient que les paramètres Bluetooth sont accessibles et que les actions d'activation/désactivation fonctionnent correctement. Les tests prennent en charge les interfaces en français et en anglais.</doc>
<status status="PASS" start="2025-04-21T14:30:50.783215" elapsed="31.750735"/>
</suite>
<statistics>
<total>
<stat pass="1" fail="0" skip="0">All Tests</stat>
</total>
<tag>
</tag>
<suite>
<stat name="FonctionnaliteBluetooth" id="s1" pass="1" fail="0" skip="0">FonctionnaliteBluetooth</stat>
</suite>
</statistics>
<errors>
</errors>
</robot>
