<?xml version="1.0" encoding="UTF-8"?>
<robot generator="Robot 7.2.2 (Python 3.12.5 on win32)" generated="2025-06-12T10:25:31.900656" rpa="false" schemaversion="5">
<suite id="s1" name="TestsAudio" source="C:\Users\bahae\Documents\PfeProject\test_cases\TestsAudio.robot">
<kw name="Démarrer Driver" type="SETUP">
<kw name="Log" owner="BuiltIn">
<msg time="2025-06-12T10:25:35.099423" level="INFO">Tentative d'initialisation du driver Appium...</msg>
<arg>Tentative d'initialisation du driver Appium...</arg>
<doc>Logs the given message with the given level.</doc>
<status status="PASS" start="2025-06-12T10:25:35.099423" elapsed="0.000515"/>
</kw>
<kw name="Log" owner="BuiltIn">
<msg time="2025-06-12T10:25:35.099938" level="INFO">URL Appium: C:\Users\bahae\Documents\PfeProject\test_cases\..\config.py</msg>
<arg>URL Appium: C:\\Users\\bahae\\Documents\\PfeProject\\test_cases${/}..${/}config.py</arg>
<doc>Logs the given message with the given level.</doc>
<status status="PASS" start="2025-06-12T10:25:35.099938" elapsed="0.000000"/>
</kw>
<kw name="Run Keyword And Ignore Error" owner="BuiltIn">
<kw name="Setup Driver" owner="Integration">
<arg>${Device}</arg>
<doc>Initialise et retourne le driver Appium.</doc>
<status status="PASS" start="2025-06-12T10:25:35.099938" elapsed="3.377565"/>
</kw>
<msg time="2025-06-12T10:25:38.477503" level="INFO">${result} = ('PASS', &lt;appium.webdriver.webdriver.WebDriver (session="8ac66c60-5242-4417-9d16-9e99e36d7f1f")&gt;)</msg>
<var>${result}</var>
<arg>setup driver</arg>
<arg>${Device}</arg>
<doc>Runs the given keyword with the given arguments and ignores possible error.</doc>
<status status="PASS" start="2025-06-12T10:25:35.099938" elapsed="3.377565"/>
</kw>
<kw name="Set Variable" owner="BuiltIn">
<msg time="2025-06-12T10:25:38.478505" level="INFO">${status} = PASS</msg>
<msg time="2025-06-12T10:25:38.478505" level="INFO">${driver} = &lt;appium.webdriver.webdriver.WebDriver (session="8ac66c60-5242-4417-9d16-9e99e36d7f1f")&gt;</msg>
<var>${status}</var>
<var>${driver}</var>
<arg>${result}</arg>
<doc>Returns the given values which can then be assigned to a variables.</doc>
<status status="PASS" start="2025-06-12T10:25:38.477503" elapsed="0.001002"/>
</kw>
<if>
<branch type="IF" condition="'${status}' == 'FAIL'">
<kw name="Log" owner="BuiltIn">
<arg>Échec de l'initialisation du driver: ${driver}</arg>
<doc>Logs the given message with the given level.</doc>
<status status="NOT RUN" start="2025-06-12T10:25:38.479031" elapsed="0.000000"/>
</kw>
<kw name="Fail" owner="BuiltIn">
<arg>Impossible d'initialiser le driver Appium: ${driver}</arg>
<doc>Fails the test with the given message and optionally alters its tags.</doc>
<status status="NOT RUN" start="2025-06-12T10:25:38.479031" elapsed="0.000000"/>
</kw>
<status status="NOT RUN" start="2025-06-12T10:25:38.478505" elapsed="0.000526"/>
</branch>
<status status="PASS" start="2025-06-12T10:25:38.478505" elapsed="0.000526"/>
</if>
<kw name="Set Suite Variable" owner="BuiltIn">
<msg time="2025-06-12T10:25:38.479031" level="INFO">${driver} = &lt;appium.webdriver.webdriver.WebDriver (session="8ac66c60-5242-4417-9d16-9e99e36d7f1f")&gt;</msg>
<arg>${driver}</arg>
<doc>Makes a variable available everywhere within the scope of the current suite.</doc>
<status status="PASS" start="2025-06-12T10:25:38.479031" elapsed="0.000000"/>
</kw>
<kw name="Log" owner="BuiltIn">
<msg time="2025-06-12T10:25:38.480026" level="INFO">Driver Appium initialisé avec succès</msg>
<arg>Driver Appium initialisé avec succès</arg>
<doc>Logs the given message with the given level.</doc>
<status status="PASS" start="2025-06-12T10:25:38.480026" elapsed="0.000000"/>
</kw>
<status status="PASS" start="2025-06-12T10:25:35.098387" elapsed="3.381639"/>
</kw>
<test id="s1-t1" name="Test Audio Player And Playback" line="248">
<kw name="Navigate To Audio Player App">
<kw name="Start Activity Code" owner="Integration">
<arg>${driver}</arg>
<arg>com.example.audioapplicationtest/.AudioPlayerActivity</arg>
<doc>Lance une activité spécifique sur un appareil Android via Appium.</doc>
<status status="PASS" start="2025-06-12T10:25:38.481025" elapsed="0.050426"/>
</kw>
<kw name="Sleep" owner="BuiltIn">
<msg time="2025-06-12T10:25:41.532048" level="INFO">Slept 3 seconds.</msg>
<arg>3s</arg>
<doc>Pauses the test executed for the given time.</doc>
<status status="PASS" start="2025-06-12T10:25:38.531451" elapsed="3.000597"/>
</kw>
<kw name="Print Activity" owner="Integration">
<msg time="2025-06-12T10:25:41.614140" level="INFO">${current_activity} = com.example.audioapplicationtest/.AudioPlayerActivity</msg>
<var>${current_activity}</var>
<arg>${driver}</arg>
<doc>Retourne l'activité complète sous la forme 'com.android.car.messenger/.ui.launcher.MessageLauncherActivity'.</doc>
<status status="PASS" start="2025-06-12T10:25:41.532048" elapsed="0.082092"/>
</kw>
<kw name="Should Contain" owner="BuiltIn">
<arg>${current_activity}</arg>
<arg>com.example.audioapplicationtest/.AudioPlayerActivity</arg>
<arg>L'application n'est pas correctement lancée</arg>
<doc>Fails if ``container`` does not contain ``item`` one or more times.</doc>
<status status="PASS" start="2025-06-12T10:25:41.614140" elapsed="0.001001"/>
</kw>
<status status="PASS" start="2025-06-12T10:25:38.480026" elapsed="3.135115"/>
</kw>
<kw name="Record Audio" owner="Integration">
<msg time="2025-06-12T10:25:41.628416" level="INFO">✅ Enregistrement audio réussi : Enregistrement audio démarré</msg>
<msg time="2025-06-12T10:25:41.628416" level="INFO">${recording_success} = True</msg>
<var>${recording_success}</var>
<arg>${driver}</arg>
<arg>23</arg>
<doc>Enregistre l'audio du système via l'API Flask.</doc>
<status status="PASS" start="2025-06-12T10:25:41.615141" elapsed="0.013275"/>
</kw>
<kw name="Should Be True" owner="BuiltIn">
<arg>${recording_success}</arg>
<arg>L'enregistrement audio a échoué</arg>
<doc>Fails if the given condition is not true.</doc>
<status status="PASS" start="2025-06-12T10:25:41.628416" elapsed="0.000948"/>
</kw>
<kw name="Sleep" owner="BuiltIn">
<msg time="2025-06-12T10:25:42.630119" level="INFO">Slept 1 second.</msg>
<arg>1s</arg>
<doc>Pauses the test executed for the given time.</doc>
<status status="PASS" start="2025-06-12T10:25:41.629364" elapsed="1.000755"/>
</kw>
<kw name="Click Play Button">
<kw name="Wait For Record Button">
<kw name="Wait Until Keyword Succeeds" owner="BuiltIn">
<kw name="Check Element Exists" owner="Integration">
<arg>${driver}</arg>
<arg>//android.widget.Button[@text="START"]</arg>
<doc>Vérifie si un élément existe en utilisant le XPath donné.</doc>
<status status="PASS" start="2025-06-12T10:25:42.631121" elapsed="0.636389"/>
</kw>
<arg>${timeout}</arg>
<arg>${QUICK_WAIT}</arg>
<arg>Check Element Exists</arg>
<arg>${driver}</arg>
<arg>//android.widget.Button[@text="START"]</arg>
<doc>Runs the specified keyword and retries if it fails.</doc>
<status status="PASS" start="2025-06-12T10:25:42.631121" elapsed="0.636389"/>
</kw>
<status status="PASS" start="2025-06-12T10:25:42.630119" elapsed="0.637391"/>
</kw>
<kw name="Check Element Exists" owner="Integration">
<msg time="2025-06-12T10:25:43.366274" level="INFO">${button_exists} = True</msg>
<var>${button_exists}</var>
<arg>${driver}</arg>
<arg>//android.widget.Button[@text="PLAY TEST WAV"]</arg>
<doc>Vérifie si un élément existe en utilisant le XPath donné.</doc>
<status status="PASS" start="2025-06-12T10:25:43.267510" elapsed="0.098780"/>
</kw>
<kw name="Should Be True" owner="BuiltIn">
<arg>${button_exists}</arg>
<arg>Le bouton PLAY TEST WAV n'est pas visible</arg>
<doc>Fails if the given condition is not true.</doc>
<status status="PASS" start="2025-06-12T10:25:43.366290" elapsed="0.000000"/>
</kw>
<kw name="Run Keyword And Return Status" owner="BuiltIn">
<kw name="Click Element By Xpath Bounds" owner="Integration">
<arg>${driver}</arg>
<arg>//android.widget.Button[@text="PLAY TEST WAV"]</arg>
<doc>Trouve un élément par XPath et clique dessus en utilisant ses bounds.</doc>
<status status="PASS" start="2025-06-12T10:25:43.366290" elapsed="0.473491"/>
</kw>
<msg time="2025-06-12T10:25:43.840298" level="INFO">${success} = True</msg>
<var>${success}</var>
<arg>click_element_by_xpath_bounds</arg>
<arg>${driver}</arg>
<arg>//android.widget.Button[@text="PLAY TEST WAV"]</arg>
<doc>Runs the given keyword with given arguments and returns the status as a Boolean value.</doc>
<status status="PASS" start="2025-06-12T10:25:43.366290" elapsed="0.474008"/>
</kw>
<kw name="Should Be True" owner="BuiltIn">
<arg>${success}</arg>
<arg>Impossible de cliquer sur le bouton START</arg>
<doc>Fails if the given condition is not true.</doc>
<status status="PASS" start="2025-06-12T10:25:43.840298" elapsed="0.000000"/>
</kw>
<status status="PASS" start="2025-06-12T10:25:42.630119" elapsed="1.210179"/>
</kw>
<kw name="Sleep" owner="BuiltIn">
<msg time="2025-06-12T10:26:05.840991" level="INFO">Slept 22 seconds.</msg>
<arg>22s</arg>
<doc>Pauses the test executed for the given time.</doc>
<status status="PASS" start="2025-06-12T10:25:43.840298" elapsed="22.000693"/>
</kw>
<kw name="Compare Audio Files Play">
<kw name="Compare With Latest Recorded Play">
<msg time="2025-06-12T10:26:05.843105" level="FAIL">No keyword with name 'Compare With Latest Recorded Play' found.</msg>
<var>${test_passed}</var>
<var>${metrics}</var>
<arg>${original_audio}</arg>
<status status="FAIL" start="2025-06-12T10:26:05.843105" elapsed="0.000000">No keyword with name 'Compare With Latest Recorded Play' found.</status>
</kw>
<kw name="Log" owner="BuiltIn">
<arg>SNR: ${metrics['snr']} dB</arg>
<doc>Logs the given message with the given level.</doc>
<status status="NOT RUN" start="2025-06-12T10:26:05.843616" elapsed="0.000000"/>
</kw>
<kw name="Log" owner="BuiltIn">
<arg>Corrélation: ${metrics['correlation']} (seuil: 0.4)</arg>
<doc>Logs the given message with the given level.</doc>
<status status="NOT RUN" start="2025-06-12T10:26:05.843616" elapsed="0.000000"/>
</kw>
<kw name="Log" owner="BuiltIn">
<arg>MOS: ${metrics['mos']}/5 (seuil: 3.0)</arg>
<doc>Logs the given message with the given level.</doc>
<status status="NOT RUN" start="2025-06-12T10:26:05.843616" elapsed="0.000000"/>
</kw>
<kw name="Log" owner="BuiltIn">
<arg>Clarté: ${metrics['clarity']} (seuil: 0.8)</arg>
<doc>Logs the given message with the given level.</doc>
<status status="NOT RUN" start="2025-06-12T10:26:05.843616" elapsed="0.000000"/>
</kw>
<kw name="Set Variable" owner="BuiltIn">
<var>${plot_file}</var>
<arg>${metrics['plot_file']}</arg>
<doc>Returns the given values which can then be assigned to a variables.</doc>
<status status="NOT RUN" start="2025-06-12T10:26:05.843616" elapsed="0.000000"/>
</kw>
<kw name="Log" owner="BuiltIn">
<arg>&lt;img src="${plot_file}" width="800px"/&gt;</arg>
<doc>Logs the given message with the given level.</doc>
<status status="NOT RUN" start="2025-06-12T10:26:05.843616" elapsed="0.000000"/>
</kw>
<kw name="Evaluate" owner="BuiltIn">
<var>${correlation_ok}</var>
<arg>${metrics['correlation']} &gt;= 0.4</arg>
<doc>Evaluates the given expression in Python and returns the result.</doc>
<status status="NOT RUN" start="2025-06-12T10:26:05.843616" elapsed="0.000000"/>
</kw>
<kw name="Evaluate" owner="BuiltIn">
<var>${mos_ok}</var>
<arg>${metrics['mos']} &gt;= 3.0</arg>
<doc>Evaluates the given expression in Python and returns the result.</doc>
<status status="NOT RUN" start="2025-06-12T10:26:05.843616" elapsed="0.000000"/>
</kw>
<kw name="Evaluate" owner="BuiltIn">
<var>${clarity_ok}</var>
<arg>${metrics['clarity']} &gt;= 0.8</arg>
<doc>Evaluates the given expression in Python and returns the result.</doc>
<status status="NOT RUN" start="2025-06-12T10:26:05.843616" elapsed="0.000000"/>
</kw>
<kw name="Evaluate" owner="BuiltIn">
<var>${test_passed}</var>
<arg>${correlation_ok} and ${mos_ok} and ${clarity_ok}</arg>
<doc>Evaluates the given expression in Python and returns the result.</doc>
<status status="NOT RUN" start="2025-06-12T10:26:05.844631" elapsed="0.000000"/>
</kw>
<if>
<branch type="IF" condition="not ${test_passed}">
<kw name="Log" owner="BuiltIn">
<arg>❌ Test échoué - Métriques critiques non satisfaites</arg>
<doc>Logs the given message with the given level.</doc>
<status status="NOT RUN" start="2025-06-12T10:26:05.844631" elapsed="0.000000"/>
</kw>
<kw name="Fail" owner="BuiltIn">
<arg>Test audio échoué - Vérifiez les métriques dans les logs</arg>
<doc>Fails the test with the given message and optionally alters its tags.</doc>
<status status="NOT RUN" start="2025-06-12T10:26:05.844631" elapsed="0.000000"/>
</kw>
<status status="NOT RUN" start="2025-06-12T10:26:05.844631" elapsed="0.000000"/>
</branch>
<branch type="ELSE">
<kw name="Log" owner="BuiltIn">
<arg>✅ Test réussi - Toutes les métriques sont satisfaites</arg>
<doc>Logs the given message with the given level.</doc>
<status status="NOT RUN" start="2025-06-12T10:26:05.844631" elapsed="0.000000"/>
</kw>
<status status="NOT RUN" start="2025-06-12T10:26:05.844631" elapsed="0.000000"/>
</branch>
<status status="NOT RUN" start="2025-06-12T10:26:05.844631" elapsed="0.000000"/>
</if>
<return>
<value>${test_passed}</value>
<value>${metrics}</value>
<status status="NOT RUN" start="2025-06-12T10:26:05.844631" elapsed="0.000000"/>
</return>
<arg>C:\\Users\\bahae\\Documents\\PfeProject\\test_cases${/}test.wav</arg>
<status status="FAIL" start="2025-06-12T10:26:05.840991" elapsed="0.003640">No keyword with name 'Compare With Latest Recorded Play' found.</status>
</kw>
<doc>Verifies audio recording and playback functionality
- Navigates to audio recording app
- Records audio for a specified duration
- Plays audio
- Supports both French and English interfaces</doc>
<tag>audio</tag>
<tag>playback</tag>
<tag>recording</tag>
<status status="FAIL" start="2025-06-12T10:25:38.480026" elapsed="27.364605">No keyword with name 'Compare With Latest Recorded Play' found.</status>
</test>
<kw name="Fermer Driver" type="TEARDOWN">
<kw name="Run Keyword And Return Status" owner="BuiltIn">
<kw name="Variable Should Exist" owner="BuiltIn">
<arg>${driver}</arg>
<doc>Fails unless the given variable exists within the current scope.</doc>
<status status="PASS" start="2025-06-12T10:26:05.847143" elapsed="0.000000"/>
</kw>
<msg time="2025-06-12T10:26:05.847143" level="INFO">${driver_exists} = True</msg>
<var>${driver_exists}</var>
<arg>Variable Should Exist</arg>
<arg>${driver}</arg>
<doc>Runs the given keyword with given arguments and returns the status as a Boolean value.</doc>
<status status="PASS" start="2025-06-12T10:26:05.846144" elapsed="0.000999"/>
</kw>
<if>
<branch type="IF" condition="${driver_exists}">
<kw name="Run Keyword And Return Status" owner="BuiltIn">
<kw name="Close Driver" owner="Integration">
<arg>${driver}</arg>
<doc>Ferme proprement le driver Appium.</doc>
<status status="PASS" start="2025-06-12T10:26:05.847143" elapsed="0.164656"/>
</kw>
<msg time="2025-06-12T10:26:06.011799" level="INFO">${close_success} = True</msg>
<var>${close_success}</var>
<arg>Close Driver</arg>
<arg>${driver}</arg>
<doc>Runs the given keyword with given arguments and returns the status as a Boolean value.</doc>
<status status="PASS" start="2025-06-12T10:26:05.847143" elapsed="0.164656"/>
</kw>
<if>
<branch type="IF" condition="not ${close_success}">
<kw name="Log" owner="BuiltIn">
<arg>Warning: Impossible de fermer proprement le driver Appium</arg>
<doc>Logs the given message with the given level.</doc>
<status status="NOT RUN" start="2025-06-12T10:26:06.011799" elapsed="0.001005"/>
</kw>
<status status="NOT RUN" start="2025-06-12T10:26:06.011799" elapsed="0.001056"/>
</branch>
<status status="PASS" start="2025-06-12T10:26:06.011799" elapsed="0.001056"/>
</if>
<status status="PASS" start="2025-06-12T10:26:05.847143" elapsed="0.165712"/>
</branch>
<status status="PASS" start="2025-06-12T10:26:05.847143" elapsed="0.165712"/>
</if>
<status status="PASS" start="2025-06-12T10:26:05.846144" elapsed="0.166711"/>
</kw>
<doc>Tests for audio recording and playback functionality
- Verifies audio recording capabilities
- Verifies audio playback capabilities
- Supports both French and English interfaces</doc>
<status status="FAIL" start="2025-06-12T10:25:31.910728" elapsed="34.102127"/>
</suite>
<statistics>
<total>
<stat pass="0" fail="1" skip="0">All Tests</stat>
</total>
<tag>
<stat pass="0" fail="1" skip="0">audio</stat>
<stat pass="0" fail="1" skip="0">playback</stat>
<stat pass="0" fail="1" skip="0">recording</stat>
</tag>
<suite>
<stat name="TestsAudio" id="s1" pass="0" fail="1" skip="0">TestsAudio</stat>
</suite>
</statistics>
<errors>
<msg time="2025-06-12T10:25:35.088597" level="ERROR">Error in file 'C:\Users\bahae\Documents\PfeProject\test_cases\TestsAudio.robot' on line 10: Importing library 'C:\Users\bahae\Documents\PfeProject\test_cases\TestAudio.py' failed: ModuleNotFoundError: No module named 'matplotlib'
Traceback (most recent call last):
  File "C:\Users\bahae\Documents\PfeProject\test_cases\TestAudio.py", line 3, in &lt;module&gt;
    import matplotlib.pyplot as plt
PYTHONPATH:
  C:\Users\bahae\Documents\PfeProject\test_cases
  C:\Users\bahae\AppData\Roaming\JetBrains\PyCharm2024.3\plugins\robotframework-intellij\lib\robotframework_debug_adapter
  C:\Users\bahae\Documents\PfeProject
  C:\Users\bahae\AppData\Roaming\JetBrains\PyCharm2024.3\plugins\robotframework-intellij\lib
  C:\Users\bahae\AppData\Roaming\JetBrains\PyCharm2024.3\plugins\robotframework-intellij\lib\robotframework_ls\vendored
  C:\Users\bahae\AppData\Local\Programs\Python\Python312\python312.zip
  C:\Users\bahae\AppData\Local\Programs\Python\Python312\DLLs
  C:\Users\bahae\AppData\Local\Programs\Python\Python312\Lib
  C:\Users\bahae\AppData\Local\Programs\Python\Python312
  C:\Users\bahae\AppData\Local\Programs\Python\Python312\Lib\site-packages</msg>
</errors>
</robot>
