<?xml version="1.0" encoding="UTF-8"?>
<robot generator="Robot 7.2.2 (Python 3.12.5 on win32)" generated="2025-05-25T13:27:54.417110" rpa="false" schemaversion="5">
<suite id="s1" name="TestsAudio" source="C:\Users\bahae\Documents\PfeProject\test_cases\TestsAudio.robot">
<kw name="Démarrer Driver" type="SETUP">
<kw name="Setup Driver" owner="Integration">
<msg time="2025-05-25T13:28:00.379343" level="INFO">${driver} = &lt;appium.webdriver.webdriver.WebDriver (session="5423afb9-26bc-47a6-919d-495a50244f5b")&gt;</msg>
<var>${driver}</var>
<arg>${Device}</arg>
<doc>Initialise et retourne le driver Appium.</doc>
<status status="PASS" start="2025-05-25T13:27:57.224926" elapsed="3.154935"/>
</kw>
<kw name="Set Suite Variable" owner="BuiltIn">
<msg time="2025-05-25T13:28:00.379861" level="INFO">${driver} = &lt;appium.webdriver.webdriver.WebDriver (session="5423afb9-26bc-47a6-919d-495a50244f5b")&gt;</msg>
<arg>${driver}</arg>
<doc>Makes a variable available everywhere within the scope of the current suite.</doc>
<status status="PASS" start="2025-05-25T13:28:00.379861" elapsed="0.000000"/>
</kw>
<status status="PASS" start="2025-05-25T13:27:57.223925" elapsed="3.155936"/>
</kw>
<test id="s1-t1" name="Test Audio Recording And Playback" line="151">
<kw name="Execute Test With Retry">
<kw name="Set Variable" owner="BuiltIn">
<msg time="2025-05-25T13:28:00.380858" level="INFO">${attempt} = 1</msg>
<var>${attempt}</var>
<arg>1</arg>
<doc>Returns the given values which can then be assigned to a variables.</doc>
<status status="PASS" start="2025-05-25T13:28:00.380858" elapsed="0.001002"/>
</kw>
<kw name="Set Variable" owner="BuiltIn">
<msg time="2025-05-25T13:28:00.381860" level="INFO">${test_status} = False</msg>
<var>${test_status}</var>
<arg>${FALSE}</arg>
<doc>Returns the given values which can then be assigned to a variables.</doc>
<status status="PASS" start="2025-05-25T13:28:00.381860" elapsed="0.000000"/>
</kw>
<for flavor="IN RANGE">
<iter>
<kw name="Run Keyword And Return Status" owner="BuiltIn">
<kw name="Verify Audio Recording">
<kw name="Initialize Language Settings">
<kw name="Get System Language" owner="Integration">
<msg time="2025-05-25T13:28:00.422859" level="INFO">${lang} = fr</msg>
<var>${lang}</var>
<arg>${Device}</arg>
<status status="PASS" start="2025-05-25T13:28:00.382859" elapsed="0.041023"/>
</kw>
<kw name="Set Variable If" owner="BuiltIn">
<msg time="2025-05-25T13:28:00.423882" level="INFO">${lang_dict} = {'System': 'Système', 'Setting': 'Paramètres', 'Audio': 'Enregistrement', 'Record': 'START', 'Stop': 'STOP', 'Play': 'Lire'}</msg>
<var>${lang_dict}</var>
<arg>'${lang}' == 'fr'</arg>
<arg>${LANG_FR}</arg>
<arg>${LANG_EN}</arg>
<doc>Sets variable based on the given condition.</doc>
<status status="PASS" start="2025-05-25T13:28:00.423882" elapsed="0.000000"/>
</kw>
<kw name="Set Suite Variable" owner="BuiltIn">
<msg time="2025-05-25T13:28:00.423882" level="INFO">${LANG_DICT} = {'System': 'Système', 'Setting': 'Paramètres', 'Audio': 'Enregistrement', 'Record': 'START', 'Stop': 'STOP', 'Play': 'Lire'}</msg>
<arg>${LANG_DICT}</arg>
<arg>${lang_dict}</arg>
<doc>Makes a variable available everywhere within the scope of the current suite.</doc>
<status status="PASS" start="2025-05-25T13:28:00.423882" elapsed="0.000000"/>
</kw>
<status status="PASS" start="2025-05-25T13:28:00.382859" elapsed="0.041023"/>
</kw>
<kw name="Navigate To Audio App">
<kw name="Start Activity Code" owner="Integration">
<arg>${driver}</arg>
<arg>com.example.audioapplicationtest/.MainActivity</arg>
<doc>Lance une activité spécifique sur un appareil Android via Appium.</doc>
<status status="PASS" start="2025-05-25T13:28:00.425860" elapsed="0.050596"/>
</kw>
<kw name="Sleep" owner="BuiltIn">
<msg time="2025-05-25T13:28:03.477459" level="INFO">Slept 3 seconds.</msg>
<arg>3s</arg>
<doc>Pauses the test executed for the given time.</doc>
<status status="PASS" start="2025-05-25T13:28:00.476456" elapsed="3.001003"/>
</kw>
<kw name="Print Activity" owner="Integration">
<msg time="2025-05-25T13:28:03.560696" level="INFO">${current_activity} = com.example.audioapplicationtest/.MainActivity</msg>
<var>${current_activity}</var>
<arg>${driver}</arg>
<doc>Retourne l'activité complète sous la forme 'com.android.car.messenger/.ui.launcher.MessageLauncherActivity'.</doc>
<status status="PASS" start="2025-05-25T13:28:03.477459" elapsed="0.083237"/>
</kw>
<kw name="Should Contain" owner="BuiltIn">
<arg>${current_activity}</arg>
<arg>com.example.audioapplicationtest/.MainActivity</arg>
<arg>L'application n'est pas correctement lancée</arg>
<doc>Fails if ``container`` does not contain ``item`` one or more times.</doc>
<status status="PASS" start="2025-05-25T13:28:03.560696" elapsed="0.001014"/>
</kw>
<status status="PASS" start="2025-05-25T13:28:00.424882" elapsed="3.136828"/>
</kw>
<kw name="Start Audio Recording And Playback">
<kw name="Log" owner="BuiltIn">
<msg time="2025-05-25T13:28:03.561710" level="INFO">Démarrage de l'enregistrement audio...</msg>
<arg>Démarrage de l'enregistrement audio...</arg>
<doc>Logs the given message with the given level.</doc>
<status status="PASS" start="2025-05-25T13:28:03.561710" elapsed="0.000000"/>
</kw>
<kw name="Get Audio File Duration">
<kw name="Get Audio Duration" owner="Integration">
<msg time="2025-05-25T13:28:03.563696" level="INFO">✅ Durée du fichier audio C:\Users\bahae\Documents\PfeProject\test_cases\test.wav: 18.31 secondes</msg>
<msg time="2025-05-25T13:28:03.563696" level="INFO">${duration} = 18.311836734693877</msg>
<var>${duration}</var>
<arg>${driver}</arg>
<arg>${audio_file}</arg>
<doc>Obtient la durée d'un fichier audio en secondes.</doc>
<status status="PASS" start="2025-05-25T13:28:03.562728" elapsed="0.000968"/>
</kw>
<kw name="Should Not Be Equal As Numbers" owner="BuiltIn">
<msg time="2025-05-25T13:28:03.563696" level="INFO">Argument types are:
&lt;class 'float'&gt;
&lt;class 'str'&gt;</msg>
<arg>${duration}</arg>
<arg>0</arg>
<arg>Impossible d'obtenir la durée du fichier audio</arg>
<doc>Fails if objects are equal after converting them to real numbers.</doc>
<status status="PASS" start="2025-05-25T13:28:03.563696" elapsed="0.000000"/>
</kw>
<return>
<value>${duration}</value>
<status status="PASS" start="2025-05-25T13:28:03.563696" elapsed="0.000000"/>
</return>
<msg time="2025-05-25T13:28:03.563696" level="INFO">${duration} = 18.311836734693877</msg>
<var>${duration}</var>
<arg>${audio_file}</arg>
<status status="PASS" start="2025-05-25T13:28:03.561710" elapsed="0.001986"/>
</kw>
<kw name="Log" owner="BuiltIn">
<msg time="2025-05-25T13:28:03.564722" level="INFO">Durée du fichier audio à lire: 18.311836734693877 secondes</msg>
<arg>Durée du fichier audio à lire: ${duration} secondes</arg>
<doc>Logs the given message with the given level.</doc>
<status status="PASS" start="2025-05-25T13:28:03.563696" elapsed="0.001026"/>
</kw>
<kw name="Click Record Button">
<kw name="Wait For Record Button">
<kw name="Wait Until Keyword Succeeds" owner="BuiltIn">
<kw name="Check Element Exists" owner="Integration">
<arg>${driver}</arg>
<arg>//android.widget.Button[@text="START"]</arg>
<doc>Vérifie si un élément existe en utilisant le XPath donné.</doc>
<status status="PASS" start="2025-05-25T13:28:03.564722" elapsed="0.580596"/>
</kw>
<arg>${timeout}</arg>
<arg>${QUICK_WAIT}</arg>
<arg>Check Element Exists</arg>
<arg>${driver}</arg>
<arg>//android.widget.Button[@text="START"]</arg>
<doc>Runs the specified keyword and retries if it fails.</doc>
<status status="PASS" start="2025-05-25T13:28:03.564722" elapsed="0.580596"/>
</kw>
<status status="PASS" start="2025-05-25T13:28:03.564722" elapsed="0.580596"/>
</kw>
<kw name="Check Element Exists" owner="Integration">
<msg time="2025-05-25T13:28:04.197466" level="INFO">${button_exists} = True</msg>
<var>${button_exists}</var>
<arg>${driver}</arg>
<arg>//android.widget.Button[@text="START"]</arg>
<doc>Vérifie si un élément existe en utilisant le XPath donné.</doc>
<status status="PASS" start="2025-05-25T13:28:04.146349" elapsed="0.051117"/>
</kw>
<kw name="Should Be True" owner="BuiltIn">
<arg>${button_exists}</arg>
<arg>Le bouton START n'est pas visible</arg>
<doc>Fails if the given condition is not true.</doc>
<status status="PASS" start="2025-05-25T13:28:04.197466" elapsed="0.001000"/>
</kw>
<kw name="Run Keyword And Return Status" owner="BuiltIn">
<kw name="Click Element By Xpath Bounds" owner="Integration">
<arg>${driver}</arg>
<arg>//android.widget.Button[@text="START"]</arg>
<doc>Trouve un élément par XPath et clique dessus en utilisant ses bounds.</doc>
<status status="PASS" start="2025-05-25T13:28:04.198466" elapsed="0.491106"/>
</kw>
<msg time="2025-05-25T13:28:04.689572" level="INFO">${success} = True</msg>
<var>${success}</var>
<arg>click_element_by_xpath_bounds</arg>
<arg>${driver}</arg>
<arg>//android.widget.Button[@text="START"]</arg>
<doc>Runs the given keyword with given arguments and returns the status as a Boolean value.</doc>
<status status="PASS" start="2025-05-25T13:28:04.198466" elapsed="0.491106"/>
</kw>
<kw name="Should Be True" owner="BuiltIn">
<arg>${success}</arg>
<arg>Impossible de cliquer sur le bouton START</arg>
<doc>Fails if the given condition is not true.</doc>
<status status="PASS" start="2025-05-25T13:28:04.689572" elapsed="0.000000"/>
</kw>
<status status="PASS" start="2025-05-25T13:28:03.564722" elapsed="1.124850"/>
</kw>
<kw name="Sleep" owner="BuiltIn">
<msg time="2025-05-25T13:28:06.691056" level="INFO">Slept 2 seconds.</msg>
<arg>2s</arg>
<doc>Pauses the test executed for the given time.</doc>
<status status="PASS" start="2025-05-25T13:28:04.689572" elapsed="2.001484"/>
</kw>
<kw name="Run Keyword And Return Status" owner="BuiltIn">
<kw name="Play Audio" owner="Integration">
<msg time="2025-05-25T13:28:16.722117" level="ERROR">❌ Erreur réseau lors de la lecture audio : HTTPConnectionPool(host='127.0.0.1', port=6000): Read timed out. (read timeout=10)</msg>
<arg>${driver}</arg>
<arg>${audio_file}</arg>
<doc>Joue un fichier audio via l'API Flask.</doc>
<status status="PASS" start="2025-05-25T13:28:06.691580" elapsed="10.031517"/>
</kw>
<msg time="2025-05-25T13:28:16.723097" level="INFO">${success} = True</msg>
<var>${success}</var>
<arg>play_audio</arg>
<arg>${driver}</arg>
<arg>${audio_file}</arg>
<doc>Runs the given keyword with given arguments and returns the status as a Boolean value.</doc>
<status status="PASS" start="2025-05-25T13:28:06.691564" elapsed="10.031533"/>
</kw>
<kw name="Should Be True" owner="BuiltIn">
<arg>${success}</arg>
<arg>La lecture audio a échoué</arg>
<doc>Fails if the given condition is not true.</doc>
<status status="PASS" start="2025-05-25T13:28:16.723097" elapsed="0.000000"/>
</kw>
<kw name="Sleep" owner="BuiltIn">
<msg time="2025-05-25T13:28:35.036501" level="INFO">Slept 18 seconds 312 milliseconds.</msg>
<arg>${duration}s</arg>
<doc>Pauses the test executed for the given time.</doc>
<status status="PASS" start="2025-05-25T13:28:16.723097" elapsed="18.313404"/>
</kw>
<kw name="Click Stop Button">
<kw name="Check Element Exists" owner="Integration">
<msg time="2025-05-25T13:28:35.112493" level="INFO">${button_exists} = True</msg>
<var>${button_exists}</var>
<arg>${driver}</arg>
<arg>//android.widget.Button[@text="STOP"]</arg>
<doc>Vérifie si un élément existe en utilisant le XPath donné.</doc>
<status status="PASS" start="2025-05-25T13:28:35.037061" elapsed="0.075432"/>
</kw>
<kw name="Should Be True" owner="BuiltIn">
<arg>${button_exists}</arg>
<arg>Le bouton STOP n'est pas visible</arg>
<doc>Fails if the given condition is not true.</doc>
<status status="PASS" start="2025-05-25T13:28:35.112493" elapsed="0.000999"/>
</kw>
<kw name="Run Keyword And Return Status" owner="BuiltIn">
<kw name="Click Element By Xpath Bounds" owner="Integration">
<arg>${driver}</arg>
<arg>//android.widget.Button[@text="STOP"]</arg>
<doc>Trouve un élément par XPath et clique dessus en utilisant ses bounds.</doc>
<status status="PASS" start="2025-05-25T13:28:35.113492" elapsed="0.489150"/>
</kw>
<msg time="2025-05-25T13:28:35.602642" level="INFO">${success} = True</msg>
<var>${success}</var>
<arg>click_element_by_xpath_bounds</arg>
<arg>${driver}</arg>
<arg>//android.widget.Button[@text="STOP"]</arg>
<doc>Runs the given keyword with given arguments and returns the status as a Boolean value.</doc>
<status status="PASS" start="2025-05-25T13:28:35.113492" elapsed="0.489150"/>
</kw>
<kw name="Should Be True" owner="BuiltIn">
<arg>${success}</arg>
<arg>Impossible de cliquer sur le bouton STOP</arg>
<doc>Fails if the given condition is not true.</doc>
<status status="PASS" start="2025-05-25T13:28:35.603897" elapsed="0.000000"/>
</kw>
<status status="PASS" start="2025-05-25T13:28:35.036501" elapsed="0.567396"/>
</kw>
<status status="PASS" start="2025-05-25T13:28:03.561710" elapsed="32.042187"/>
</kw>
<kw name="Compare With Latest Recorded">
<msg time="2025-05-25T13:28:35.605821" level="FAIL">No keyword with name 'Compare With Latest Recorded' found.</msg>
<var>${result}</var>
<arg>${DEFAULT_OUTPUT_FILE}</arg>
<status status="FAIL" start="2025-05-25T13:28:35.604817" elapsed="0.001004">No keyword with name 'Compare With Latest Recorded' found.</status>
</kw>
<kw name="Log" owner="BuiltIn">
<arg>Résultat de la comparaison: ${result}</arg>
<doc>Logs the given message with the given level.</doc>
<status status="NOT RUN" start="2025-05-25T13:28:35.605821" elapsed="0.000000"/>
</kw>
<status status="FAIL" start="2025-05-25T13:28:00.382859" elapsed="35.222962">No keyword with name 'Compare With Latest Recorded' found.</status>
</kw>
<msg time="2025-05-25T13:28:35.605821" level="INFO">${test_status} = False</msg>
<var>${test_status}</var>
<arg>${test_keyword}</arg>
<doc>Runs the given keyword with given arguments and returns the status as a Boolean value.</doc>
<status status="PASS" start="2025-05-25T13:28:00.381860" elapsed="35.223961"/>
</kw>
<if>
<branch type="IF" condition="${test_status}">
<kw name="Log" owner="BuiltIn">
<arg>Test ${test_name} réussi</arg>
<doc>Logs the given message with the given level.</doc>
<status status="NOT RUN" start="2025-05-25T13:28:35.605821" elapsed="0.000000"/>
</kw>
<kw name="Exit For Loop" owner="BuiltIn">
<doc>Stops executing the enclosing FOR loop.</doc>
<status status="NOT RUN" start="2025-05-25T13:28:35.605821" elapsed="0.000000"/>
</kw>
<status status="NOT RUN" start="2025-05-25T13:28:35.605821" elapsed="0.000000"/>
</branch>
<branch type="ELSE">
<kw name="Evaluate" owner="BuiltIn">
<msg time="2025-05-25T13:28:35.606828" level="INFO">${attempt} = 2</msg>
<var>${attempt}</var>
<arg>${attempt} + 1</arg>
<doc>Evaluates the given expression in Python and returns the result.</doc>
<status status="PASS" start="2025-05-25T13:28:35.606828" elapsed="0.000000"/>
</kw>
<if>
<branch type="IF" condition="${attempt} &lt;= ${MAX_RETRIES}">
<kw name="Log" owner="BuiltIn">
<arg>Test ${test_name} échoué - Tentative ${attempt}/${MAX_RETRIES}</arg>
<doc>Logs the given message with the given level.</doc>
<status status="NOT RUN" start="2025-05-25T13:28:35.606828" elapsed="0.000000"/>
</kw>
<kw name="Sleep" owner="BuiltIn">
<arg>${RETRY_DELAY}</arg>
<doc>Pauses the test executed for the given time.</doc>
<status status="NOT RUN" start="2025-05-25T13:28:35.606828" elapsed="0.000000"/>
</kw>
<status status="NOT RUN" start="2025-05-25T13:28:35.606828" elapsed="0.000000"/>
</branch>
<status status="PASS" start="2025-05-25T13:28:35.606828" elapsed="0.000000"/>
</if>
<status status="PASS" start="2025-05-25T13:28:35.606828" elapsed="0.000000"/>
</branch>
<status status="PASS" start="2025-05-25T13:28:35.605821" elapsed="0.001007"/>
</if>
<var name="${index}">0</var>
<status status="PASS" start="2025-05-25T13:28:00.381860" elapsed="35.224968"/>
</iter>
<var>${index}</var>
<value>${MAX_RETRIES}</value>
<status status="PASS" start="2025-05-25T13:28:00.381860" elapsed="35.224968"/>
</for>
<if>
<branch type="IF" condition="not ${test_status}">
<kw name="Fail" owner="BuiltIn">
<msg time="2025-05-25T13:28:35.607795" level="FAIL">Le test Test Audio Recording And Playback a échoué après 1 tentatives</msg>
<arg>Le test ${test_name} a échoué après ${MAX_RETRIES} tentatives</arg>
<doc>Fails the test with the given message and optionally alters its tags.</doc>
<status status="FAIL" start="2025-05-25T13:28:35.607795" elapsed="0.000000">Le test Test Audio Recording And Playback a échoué après 1 tentatives</status>
</kw>
<status status="FAIL" start="2025-05-25T13:28:35.607795" elapsed="0.000000">Le test Test Audio Recording And Playback a échoué après 1 tentatives</status>
</branch>
<status status="FAIL" start="2025-05-25T13:28:35.607795" elapsed="0.000000">Le test Test Audio Recording And Playback a échoué après 1 tentatives</status>
</if>
<arg>Verify Audio Recording</arg>
<arg>Test Audio Recording And Playback</arg>
<status status="FAIL" start="2025-05-25T13:28:00.380858" elapsed="35.226937">Le test Test Audio Recording And Playback a échoué après 1 tentatives</status>
</kw>
<doc>Verifies audio recording and playback functionality
- Navigates to audio recording app
- Records audio for a specified duration
- Plays back the recorded audio
- Supports both French and English interfaces</doc>
<tag>audio</tag>
<tag>playback</tag>
<tag>recording</tag>
<status status="FAIL" start="2025-05-25T13:28:00.379861" elapsed="35.227934">Le test Test Audio Recording And Playback a échoué après 1 tentatives</status>
</test>
<kw name="Fermer Driver" type="TEARDOWN">
<kw name="Close Driver" owner="Integration">
<arg>${driver}</arg>
<doc>Ferme proprement le driver Appium.</doc>
<status status="PASS" start="2025-05-25T13:28:35.609394" elapsed="0.336969"/>
</kw>
<status status="PASS" start="2025-05-25T13:28:35.608794" elapsed="0.337569"/>
</kw>
<doc>Tests for audio recording and playback functionality
- Verifies audio recording capabilities
- Verifies audio playback capabilities
- Supports both French and English interfaces</doc>
<status status="FAIL" start="2025-05-25T13:27:54.428128" elapsed="41.518235"/>
</suite>
<statistics>
<total>
<stat pass="0" fail="1" skip="0">All Tests</stat>
</total>
<tag>
<stat pass="0" fail="1" skip="0">audio</stat>
<stat pass="0" fail="1" skip="0">playback</stat>
<stat pass="0" fail="1" skip="0">recording</stat>
</tag>
<suite>
<stat name="TestsAudio" id="s1" pass="0" fail="1" skip="0">TestsAudio</stat>
</suite>
</statistics>
<errors>
<msg time="2025-05-25T13:27:57.217896" level="ERROR">Error in file 'C:\Users\bahae\Documents\PfeProject\test_cases\TestsAudio.robot' on line 10: Importing library 'C:\Users\bahae\Documents\PfeProject\TestAudio.py' failed: ModuleNotFoundError: No module named 'matplotlib'
Traceback (most recent call last):
  File "C:\Users\bahae\Documents\PfeProject\TestAudio.py", line 3, in &lt;module&gt;
    import matplotlib.pyplot as plt
PYTHONPATH:
  C:\Users\bahae\Documents\PfeProject
  C:\Users\bahae\AppData\Roaming\JetBrains\PyCharm2024.3\plugins\robotframework-intellij\lib\robotframework_debug_adapter
  C:\Users\bahae\Documents\PfeProject
  C:\Users\bahae\AppData\Roaming\JetBrains\PyCharm2024.3\plugins\robotframework-intellij\lib
  C:\Users\bahae\AppData\Roaming\JetBrains\PyCharm2024.3\plugins\robotframework-intellij\lib\robotframework_ls\vendored
  C:\Users\bahae\AppData\Local\Programs\Python\Python312\python312.zip
  C:\Users\bahae\AppData\Local\Programs\Python\Python312\DLLs
  C:\Users\bahae\AppData\Local\Programs\Python\Python312\Lib
  C:\Users\bahae\AppData\Local\Programs\Python\Python312
  C:\Users\bahae\AppData\Local\Programs\Python\Python312\Lib\site-packages</msg>
<msg time="2025-05-25T13:28:16.722117" level="ERROR">❌ Erreur réseau lors de la lecture audio : HTTPConnectionPool(host='127.0.0.1', port=6000): Read timed out. (read timeout=10)</msg>
</errors>
</robot>
