<?xml version="1.0" encoding="UTF-8"?>
<robot generator="Robot 7.2.2 (Python 3.12.5 on win32)" generated="2025-04-23T00:52:42.241942" rpa="false" schemaversion="5">
<suite id="s1" name="FonctionnaliteBluetooth" source="C:\Users\bahae\Desktop\PfeProject\test_cases\FonctionnaliteBluetooth.robot">
<kw name="Démarrer Driver" type="SETUP">
<kw name="Setup Driver" owner="Integration">
<msg time="2025-04-23T00:52:52.697361" level="INFO">${driver} = &lt;appium.webdriver.webdriver.WebDriver (session="f4e261fc-1182-4f37-acdf-a8c96b8963f1")&gt;</msg>
<var>${driver}</var>
<arg>${Device}</arg>
<doc>Initialise et retourne le driver Appium.</doc>
<status status="PASS" start="2025-04-23T00:52:47.446587" elapsed="5.251774"/>
</kw>
<kw name="Setup Driver Mobile" owner="script_mobile">
<msg time="2025-04-23T00:52:56.864212" level="INFO">${driver_mobile} = &lt;appium.webdriver.webdriver.WebDriver (session="ac4b4327-e7ce-4c1c-8a3c-0a8ea967cf3f")&gt;</msg>
<var>${driver_mobile}</var>
<arg>${Device}</arg>
<doc>Initialise et retourne le driver Appium.</doc>
<status status="PASS" start="2025-04-23T00:52:52.698361" elapsed="4.166852"/>
</kw>
<kw name="Set Suite Variable" owner="BuiltIn">
<msg time="2025-04-23T00:52:56.865213" level="INFO">${driver} = &lt;appium.webdriver.webdriver.WebDriver (session="f4e261fc-1182-4f37-acdf-a8c96b8963f1")&gt;</msg>
<arg>${driver}</arg>
<doc>Makes a variable available everywhere within the scope of the current suite.</doc>
<status status="PASS" start="2025-04-23T00:52:56.865213" elapsed="0.000000"/>
</kw>
<kw name="Set Suite Variable" owner="BuiltIn">
<msg time="2025-04-23T00:52:56.865213" level="INFO">${driver_mobile} = &lt;appium.webdriver.webdriver.WebDriver (session="ac4b4327-e7ce-4c1c-8a3c-0a8ea967cf3f")&gt;</msg>
<arg>${driver_mobile}</arg>
<doc>Makes a variable available everywhere within the scope of the current suite.</doc>
<status status="PASS" start="2025-04-23T00:52:56.865213" elapsed="0.000000"/>
</kw>
<status status="PASS" start="2025-04-23T00:52:47.445585" elapsed="9.420627"/>
</kw>
<test id="s1-t1" name="Test Ouvrir Bluetooth" line="39">
<kw name="Get System Language" owner="Integration">
<msg time="2025-04-23T00:52:56.907210" level="INFO">${lang} = eng</msg>
<var>${lang}</var>
<arg>${Device}</arg>
<status status="PASS" start="2025-04-23T00:52:56.866212" elapsed="0.040998"/>
</kw>
<if>
<branch type="IF" condition="'${lang}' == 'fr'">
<kw name="Set Variable" owner="BuiltIn">
<var>${System}</var>
<arg>Système</arg>
<doc>Returns the given values which can then be assigned to a variables.</doc>
<status status="NOT RUN" start="2025-04-23T00:52:56.907210" elapsed="0.000000"/>
</kw>
<kw name="Set Variable" owner="BuiltIn">
<var>${Setting}</var>
<arg>Paramètres</arg>
<doc>Returns the given values which can then be assigned to a variables.</doc>
<status status="NOT RUN" start="2025-04-23T00:52:56.908212" elapsed="0.000000"/>
</kw>
<kw name="Set Variable" owner="BuiltIn">
<var>${apps}</var>
<arg>Applis</arg>
<doc>Returns the given values which can then be assigned to a variables.</doc>
<status status="NOT RUN" start="2025-04-23T00:52:56.908212" elapsed="0.000000"/>
</kw>
<kw name="Set Variable" owner="BuiltIn">
<var>${Consulter_allapps}</var>
<arg>Voir les</arg>
<doc>Returns the given values which can then be assigned to a variables.</doc>
<status status="NOT RUN" start="2025-04-23T00:52:56.908212" elapsed="0.000000"/>
</kw>
<kw name="Set Variable" owner="BuiltIn">
<var>${DesButton}</var>
<arg>Désinstaller</arg>
<doc>Returns the given values which can then be assigned to a variables.</doc>
<status status="NOT RUN" start="2025-04-23T00:52:56.908212" elapsed="0.000000"/>
</kw>
<kw name="Set Variable" owner="BuiltIn">
<var>${confirme}</var>
<arg>OK</arg>
<doc>Returns the given values which can then be assigned to a variables.</doc>
<status status="NOT RUN" start="2025-04-23T00:52:56.908212" elapsed="0.000000"/>
</kw>
<status status="NOT RUN" start="2025-04-23T00:52:56.907210" elapsed="0.001002"/>
</branch>
<branch type="ELSE">
<kw name="Set Variable" owner="BuiltIn">
<msg time="2025-04-23T00:52:56.909210" level="INFO">${System} = System</msg>
<var>${System}</var>
<arg>System</arg>
<doc>Returns the given values which can then be assigned to a variables.</doc>
<status status="PASS" start="2025-04-23T00:52:56.909210" elapsed="0.000000"/>
</kw>
<kw name="Set Variable" owner="BuiltIn">
<msg time="2025-04-23T00:52:56.909210" level="INFO">${Setting} = Settings</msg>
<var>${Setting}</var>
<arg>Settings</arg>
<doc>Returns the given values which can then be assigned to a variables.</doc>
<status status="PASS" start="2025-04-23T00:52:56.909210" elapsed="0.000000"/>
</kw>
<kw name="Set Variable" owner="BuiltIn">
<msg time="2025-04-23T00:52:56.909210" level="INFO">${apps} = Applis</msg>
<var>${apps}</var>
<arg>Applis</arg>
<doc>Returns the given values which can then be assigned to a variables.</doc>
<status status="PASS" start="2025-04-23T00:52:56.909210" elapsed="0.000000"/>
</kw>
<kw name="Set Variable" owner="BuiltIn">
<msg time="2025-04-23T00:52:56.910209" level="INFO">${Consulter_allapps} = Voir les</msg>
<var>${Consulter_allapps}</var>
<arg>Voir les</arg>
<doc>Returns the given values which can then be assigned to a variables.</doc>
<status status="PASS" start="2025-04-23T00:52:56.909210" elapsed="0.000999"/>
</kw>
<kw name="Set Variable" owner="BuiltIn">
<msg time="2025-04-23T00:52:56.910209" level="INFO">${DesButton} = Désinstaller</msg>
<var>${DesButton}</var>
<arg>Désinstaller</arg>
<doc>Returns the given values which can then be assigned to a variables.</doc>
<status status="PASS" start="2025-04-23T00:52:56.910209" elapsed="0.000000"/>
</kw>
<kw name="Set Variable" owner="BuiltIn">
<msg time="2025-04-23T00:52:56.910209" level="INFO">${confirme} = OK</msg>
<var>${confirme}</var>
<arg>OK</arg>
<doc>Returns the given values which can then be assigned to a variables.</doc>
<status status="PASS" start="2025-04-23T00:52:56.910209" elapsed="0.000000"/>
</kw>
<status status="PASS" start="2025-04-23T00:52:56.908212" elapsed="0.001997"/>
</branch>
<status status="PASS" start="2025-04-23T00:52:56.907210" elapsed="0.002999"/>
</if>
<kw name="Open Application With Click" owner="Integration">
<msg time="2025-04-23T00:53:10.744241" level="INFO">📌 Liste des applications détectées : ['ARD Audiothek', 'Bluetooth Audio', 'News', 'Local Media Player', 'Spotify', 'Prime Video', 'Calendar', 'Phone', 'SMS', 'Settings', 'Play Store', 'Crunchyroll', 'YouTube', 'Maps', 'Google Assistant']
📌 First Home Page détectée : ['ARD Audiothek', 'Bluetooth Audio', 'News', 'Local Media Player', 'Spotify', 'Prime Video', 'Calendar', 'Phone', 'SMS', 'Settings', 'Play Store', 'Crunchyroll', 'YouTube', 'Maps', 'Google Assistant']

📌 Liste des applications détectées : ['ARD Audiothek', 'Bluetooth Audio', 'News', 'Local Media Player', 'Spotify', 'Prime Video', 'Calendar', 'Phone', 'SMS', 'Settings', 'Play Store', 'Crunchyroll', 'YouTube', 'Maps', 'Google Assistant']
✅ Retour à la first home page !</msg>
<msg time="2025-04-23T00:53:10.745241" level="FAIL">WebDriverException: Message: An unknown server-side error occurred while processing the command. Original error: Could not proxy command to the remote server. Original error: read ECONNRESET
Stacktrace:
UnknownError: An unknown server-side error occurred while processing the command. Original error: Could not proxy command to the remote server. Original error: read ECONNRESET
    at UIA2Proxy.command (C:\Users\bahae\AppData\Roaming\npm\node_modules\appium\node_modules\@appium\base-driver\lib\jsonwp-proxy\proxy.js:350:13)
    at processTicksAndRejections (node:internal/process/task_queues:95:5)
    at AndroidUiautomator2Driver.doFindElementOrEls (C:\Users\bahae\.appium\node_modules\appium-uiautomator2-driver\lib\commands\find.js:40:5)
    at doFind (C:\Users\bahae\.appium\node_modules\appium-uiautomator2-driver\node_modules\appium-android-driver\lib\commands\find.ts:47:17)
    at wrappedCondFn (C:\Users\bahae\AppData\Roaming\npm\node_modules\appium\node_modules\@appium\base-driver\lib\basedriver\commands\timeout.ts:141:14)
    at spin (C:\Users\bahae\AppData\Roaming\npm\node_modules\appium\node_modules\asyncbox\lib\asyncbox.js:219:20)
    at waitForCondition (C:\Users\bahae\AppData\Roaming\npm\node_modules\appium\node_modules\asyncbox\lib\asyncbox.js:236:10)
    at AndroidUiautomator2Driver.implicitWaitForCondition (C:\Users\bahae\AppData\Roaming\npm\node_modules\appium\node_modules\@appium\base-driver\lib\basedriver\commands\timeout.ts:143:12)
    at AndroidUiautomator2Driver.findElOrEls (C:\Users\bahae\.appium\node_modules\appium-uiautomator2-driver\node_modules\appium-android-driver\lib\commands\find.ts:70:5)
    at AndroidUiautomator2Driver.findElOrElsWithProcessing (C:\Users\bahae\AppData\Roaming\npm\node_modules\appium\node_modules\@appium\base-driver\lib\basedriver\commands\find.ts:60:12)
    at AndroidUiautomator2Driver.findElements (C:\Users\bahae\AppData\Roaming\npm\node_modules\appium\node_modules\@appium\base-driver\lib\basedriver\commands\find.ts:79:12)</msg>
<var>${resultat}</var>
<arg>${driver}</arg>
<arg>${Setting}</arg>
<status status="FAIL" start="2025-04-23T00:52:56.910209" elapsed="13.841032">WebDriverException: Message: An unknown server-side error occurred while processing the command. Original error: Could not proxy command to the remote server. Original error: read ECONNRESET
Stacktrace:
UnknownError: An unknown server-side error occurred while processing the command. Original error: Could not proxy command to the remote server. Original error: read ECONNRESET
    at UIA2Proxy.command (C:\Users\bahae\AppData\Roaming\npm\node_modules\appium\node_modules\@appium\base-driver\lib\jsonwp-proxy\proxy.js:350:13)
    at processTicksAndRejections (node:internal/process/task_queues:95:5)
    at AndroidUiautomator2Driver.doFindElementOrEls (C:\Users\bahae\.appium\node_modules\appium-uiautomator2-driver\lib\commands\find.js:40:5)
    at doFind (C:\Users\bahae\.appium\node_modules\appium-uiautomator2-driver\node_modules\appium-android-driver\lib\commands\find.ts:47:17)
    at wrappedCondFn (C:\Users\bahae\AppData\Roaming\npm\node_modules\appium\node_modules\@appium\base-driver\lib\basedriver\commands\timeout.ts:141:14)
    at spin (C:\Users\bahae\AppData\Roaming\npm\node_modules\appium\node_modules\asyncbox\lib\asyncbox.js:219:20)
    at waitForCondition (C:\Users\bahae\AppData\Roaming\npm\node_modules\appium\node_modules\asyncbox\lib\asyncbox.js:236:10)
    at AndroidUiautomator2Driver.implicitWaitForCondition (C:\Users\bahae\AppData\Roaming\npm\node_modules\appium\node_modules\@appium\base-driver\lib\basedriver\commands\timeout.ts:143:12)
    at AndroidUiautomator2Driver.findElOrEls (C:\Users\bahae\.appium\node_modules\appium-uiautomator2-driver\node_modules\appium-android-driver\lib\commands\find.ts:70:5)
    at AndroidUiautomator2Driver.findElOrElsWithProcessing (C:\Users\bahae\AppData\Roaming\npm\node_modules\appium\node_modules\@appium\base-driver\lib\basedriver\commands\find.ts:60:12)
    at AndroidUiautomator2Driver.findElements (C:\Users\bahae\AppData\Roaming\npm\node_modules\appium\node_modules\@appium\base-driver\lib\basedriver\commands\find.ts:79:12)</status>
</kw>
<kw name="Sleep" owner="BuiltIn">
<arg>2s</arg>
<doc>Pauses the test executed for the given time.</doc>
<status status="NOT RUN" start="2025-04-23T00:53:10.751241" elapsed="0.000000"/>
</kw>
<kw name="Check Element Exists By Id" owner="Integration">
<var>${Verfier}</var>
<arg>${driver}</arg>
<arg>${Setting_xpath_id}</arg>
<doc>Vérifie si un élément existe en utilisant son ID.</doc>
<status status="NOT RUN" start="2025-04-23T00:53:10.751241" elapsed="0.000000"/>
</kw>
<kw name="Should Be True" owner="BuiltIn">
<arg>${Verfier}</arg>
<arg>Setting n'est pas affiché.</arg>
<doc>Fails if the given condition is not true.</doc>
<status status="NOT RUN" start="2025-04-23T00:53:10.751241" elapsed="0.000000"/>
</kw>
<kw name="Clique Sur Setting" owner="Integration">
<arg>${driver}</arg>
<arg>Bluetooth</arg>
<arg>${Setting_menu}</arg>
<status status="NOT RUN" start="2025-04-23T00:53:10.751241" elapsed="0.000000"/>
</kw>
<kw name="Element Existe Par Accessibility Id" owner="Integration">
<var>${ble}</var>
<arg>${driver}</arg>
<arg>Bluetooth toggle switch</arg>
<status status="NOT RUN" start="2025-04-23T00:53:10.752240" elapsed="0.000000"/>
</kw>
<kw name="Should Be True" owner="BuiltIn">
<arg>${ble}</arg>
<arg>Les paramètres de Bluetooth ne s'affichent pas.</arg>
<doc>Fails if the given condition is not true.</doc>
<status status="NOT RUN" start="2025-04-23T00:53:10.752240" elapsed="0.000000"/>
</kw>
<kw name="Activer Bluetooth Si Desactive" owner="Integration">
<arg>${driver}</arg>
<arg>android:id/switch_widget</arg>
<status status="NOT RUN" start="2025-04-23T00:53:10.752240" elapsed="0.000000"/>
</kw>
<kw name="Sleep" owner="BuiltIn">
<arg>3s</arg>
<doc>Pauses the test executed for the given time.</doc>
<status status="NOT RUN" start="2025-04-23T00:53:10.752240" elapsed="0.000000"/>
</kw>
<kw name="Verfier Bluetooth Activer" owner="Integration">
<var>${verifier_ble_ui}</var>
<arg>${driver}</arg>
<arg>android:id/switch_widget</arg>
<status status="NOT RUN" start="2025-04-23T00:53:10.752240" elapsed="0.000000"/>
</kw>
<kw name="Should Be True" owner="BuiltIn">
<arg>${verifier_ble_ui}</arg>
<arg>Le Bluetooth ne s'active pas (ui).</arg>
<doc>Fails if the given condition is not true.</doc>
<status status="NOT RUN" start="2025-04-23T00:53:10.752240" elapsed="0.000000"/>
</kw>
<kw name="Est Bluetooth Active" owner="Integration">
<var>${verfier_ble_adb}</var>
<arg>${Device}</arg>
<status status="NOT RUN" start="2025-04-23T00:53:10.752240" elapsed="0.000000"/>
</kw>
<kw name="Should Be True" owner="BuiltIn">
<arg>${verfier_ble_adb}</arg>
<arg>Le Bluetooth ne s'active pas (via adb).</arg>
<doc>Fails if the given condition is not true.</doc>
<status status="NOT RUN" start="2025-04-23T00:53:10.752240" elapsed="0.000000"/>
</kw>
<doc>Ce test vérifie si le Bluetooth peut être activé sur l'appareil en accédant aux paramètres.  Il vérifie que l'élément Bluetooth est bien présent, puis tente de activer Bluetooth et de vérifier son statut.</doc>
<status status="FAIL" start="2025-04-23T00:52:56.866212" elapsed="13.887028">WebDriverException: Message: An unknown server-side error occurred while processing the command. Original error: Could not proxy command to the remote server. Original error: read ECONNRESET
Stacktrace:
UnknownError: An unknown server-side error occurred while processing the command. Original error: Could not proxy command to the remote server. Original error: read ECONNRESET
    at UIA2Proxy.command (C:\Users\bahae\AppData\Roaming\npm\node_modules\appium\node_modules\@appium\base-driver\lib\jsonwp-proxy\proxy.js:350:13)
    at processTicksAndRejections (node:internal/process/task_queues:95:5)
    at AndroidUiautomator2Driver.doFindElementOrEls (C:\Users\bahae\.appium\node_modules\appium-uiautomator2-driver\lib\commands\find.js:40:5)
    at doFind (C:\Users\bahae\.appium\node_modules\appium-uiautomator2-driver\node_modules\appium-android-driver\lib\commands\find.ts:47:17)
    at wrappedCondFn (C:\Users\bahae\AppData\Roaming\npm\node_modules\appium\node_modules\@appium\base-driver\lib\basedriver\commands\timeout.ts:141:14)
    at spin (C:\Users\bahae\AppData\Roaming\npm\node_modules\appium\node_modules\asyncbox\lib\asyncbox.js:219:20)
    at waitForCondition (C:\Users\bahae\AppData\Roaming\npm\node_modules\appium\node_modules\asyncbox\lib\asyncbox.js:236:10)
    at AndroidUiautomator2Driver.implicitWaitForCondition (C:\Users\bahae\AppData\Roaming\npm\node_modules\appium\node_modules\@appium\base-driver\lib\basedriver\commands\timeout.ts:143:12)
    at AndroidUiautomator2Driver.findElOrEls (C:\Users\bahae\.appium\node_modules\appium-uiautomator2-driver\node_modules\appium-android-driver\lib\commands\find.ts:70:5)
    at AndroidUiautomator2Driver.findElOrElsWithProcessing (C:\Users\bahae\AppData\Roaming\npm\node_modules\appium\node_modules\@appium\base-driver\lib\basedriver\commands\find.ts:60:12)
    at AndroidUiautomator2Driver.findElements (C:\Users\bahae\AppData\Roaming\npm\node_modules\appium\node_modules\@appium\base-driver\lib\basedriver\commands\find.ts:79:12)</status>
</test>
<test id="s1-t2" name="Test Pairing Bluetooth" line="75">
<kw name="Get System Language" owner="Integration">
<msg time="2025-04-23T00:53:12.849060" level="INFO">Erreur lors de l'exécution d'ADB : Command '['adb', '-s', 'emulator-5554', 'shell', 'settings', 'get', 'system', 'system_locales']' returned non-zero exit status 1.</msg>
<msg time="2025-04-23T00:53:12.849060" level="INFO">${lang} = eng</msg>
<var>${lang}</var>
<arg>${Device}</arg>
<status status="PASS" start="2025-04-23T00:53:10.753240" elapsed="2.095820"/>
</kw>
<if>
<branch type="IF" condition="'${lang}' == 'fr'">
<kw name="Set Variable" owner="BuiltIn">
<var>${System}</var>
<arg>Système</arg>
<doc>Returns the given values which can then be assigned to a variables.</doc>
<status status="NOT RUN" start="2025-04-23T00:53:12.850061" elapsed="0.000000"/>
</kw>
<kw name="Set Variable" owner="BuiltIn">
<var>${Setting}</var>
<arg>Paramètres</arg>
<doc>Returns the given values which can then be assigned to a variables.</doc>
<status status="NOT RUN" start="2025-04-23T00:53:12.850061" elapsed="0.000000"/>
</kw>
<kw name="Set Variable" owner="BuiltIn">
<var>${apps}</var>
<arg>Applis</arg>
<doc>Returns the given values which can then be assigned to a variables.</doc>
<status status="NOT RUN" start="2025-04-23T00:53:12.850061" elapsed="0.000000"/>
</kw>
<kw name="Set Variable" owner="BuiltIn">
<var>${Consulter_allapps}</var>
<arg>Voir les</arg>
<doc>Returns the given values which can then be assigned to a variables.</doc>
<status status="NOT RUN" start="2025-04-23T00:53:12.850061" elapsed="0.000998"/>
</kw>
<kw name="Set Variable" owner="BuiltIn">
<var>${DesButton}</var>
<arg>Désinstaller</arg>
<doc>Returns the given values which can then be assigned to a variables.</doc>
<status status="NOT RUN" start="2025-04-23T00:53:12.851059" elapsed="0.000000"/>
</kw>
<kw name="Set Variable" owner="BuiltIn">
<var>${confirme}</var>
<arg>OK</arg>
<doc>Returns the given values which can then be assigned to a variables.</doc>
<status status="NOT RUN" start="2025-04-23T00:53:12.851059" elapsed="0.000000"/>
</kw>
<kw name="Set Variable" owner="BuiltIn">
<var>${pairing}</var>
<arg>Associer un nouvel appareil</arg>
<doc>Returns the given values which can then be assigned to a variables.</doc>
<status status="NOT RUN" start="2025-04-23T00:53:12.851059" elapsed="0.000000"/>
</kw>
<kw name="Set Variable" owner="BuiltIn">
<var>${pairing_conf}</var>
<arg>Associer</arg>
<doc>Returns the given values which can then be assigned to a variables.</doc>
<status status="NOT RUN" start="2025-04-23T00:53:12.851059" elapsed="0.000000"/>
</kw>
<kw name="Set Variable" owner="BuiltIn">
<var>${pairing_conf2}</var>
<arg>Continuer</arg>
<doc>Returns the given values which can then be assigned to a variables.</doc>
<status status="NOT RUN" start="2025-04-23T00:53:12.851059" elapsed="0.000000"/>
</kw>
<status status="NOT RUN" start="2025-04-23T00:53:12.849060" elapsed="0.001999"/>
</branch>
<branch type="ELSE">
<kw name="Set Variable" owner="BuiltIn">
<msg time="2025-04-23T00:53:12.852060" level="INFO">${System} = System</msg>
<var>${System}</var>
<arg>System</arg>
<doc>Returns the given values which can then be assigned to a variables.</doc>
<status status="PASS" start="2025-04-23T00:53:12.851059" elapsed="0.001001"/>
</kw>
<kw name="Set Variable" owner="BuiltIn">
<msg time="2025-04-23T00:53:12.852060" level="INFO">${Setting} = Settings</msg>
<var>${Setting}</var>
<arg>Settings</arg>
<doc>Returns the given values which can then be assigned to a variables.</doc>
<status status="PASS" start="2025-04-23T00:53:12.852060" elapsed="0.000000"/>
</kw>
<kw name="Set Variable" owner="BuiltIn">
<msg time="2025-04-23T00:53:12.852060" level="INFO">${apps} = Applis</msg>
<var>${apps}</var>
<arg>Applis</arg>
<doc>Returns the given values which can then be assigned to a variables.</doc>
<status status="PASS" start="2025-04-23T00:53:12.852060" elapsed="0.000000"/>
</kw>
<kw name="Set Variable" owner="BuiltIn">
<msg time="2025-04-23T00:53:12.852060" level="INFO">${Consulter_allapps} = Voir les</msg>
<var>${Consulter_allapps}</var>
<arg>Voir les</arg>
<doc>Returns the given values which can then be assigned to a variables.</doc>
<status status="PASS" start="2025-04-23T00:53:12.852060" elapsed="0.000000"/>
</kw>
<kw name="Set Variable" owner="BuiltIn">
<msg time="2025-04-23T00:53:12.852060" level="INFO">${DesButton} = Désinstaller</msg>
<var>${DesButton}</var>
<arg>Désinstaller</arg>
<doc>Returns the given values which can then be assigned to a variables.</doc>
<status status="PASS" start="2025-04-23T00:53:12.852060" elapsed="0.000000"/>
</kw>
<kw name="Set Variable" owner="BuiltIn">
<msg time="2025-04-23T00:53:12.853060" level="INFO">${confirme} = OK</msg>
<var>${confirme}</var>
<arg>OK</arg>
<doc>Returns the given values which can then be assigned to a variables.</doc>
<status status="PASS" start="2025-04-23T00:53:12.852060" elapsed="0.001000"/>
</kw>
<kw name="Set Variable" owner="BuiltIn">
<msg time="2025-04-23T00:53:12.853060" level="INFO">${pairing} = Pair new device</msg>
<var>${pairing}</var>
<arg>Pair new device</arg>
<doc>Returns the given values which can then be assigned to a variables.</doc>
<status status="PASS" start="2025-04-23T00:53:12.853060" elapsed="0.000000"/>
</kw>
<kw name="Set Variable" owner="BuiltIn">
<msg time="2025-04-23T00:53:12.853060" level="INFO">${pairing_conf} = Pair</msg>
<var>${pairing_conf}</var>
<arg>Pair</arg>
<doc>Returns the given values which can then be assigned to a variables.</doc>
<status status="PASS" start="2025-04-23T00:53:12.853060" elapsed="0.000000"/>
</kw>
<kw name="Set Variable" owner="BuiltIn">
<msg time="2025-04-23T00:53:12.853060" level="INFO">${pairing_conf2} = Continue</msg>
<var>${pairing_conf2}</var>
<arg>Continue</arg>
<doc>Returns the given values which can then be assigned to a variables.</doc>
<status status="PASS" start="2025-04-23T00:53:12.853060" elapsed="0.000000"/>
</kw>
<status status="PASS" start="2025-04-23T00:53:12.851059" elapsed="0.002001"/>
</branch>
<status status="PASS" start="2025-04-23T00:53:12.849060" elapsed="0.004000"/>
</if>
<kw name="Open Application With Click" owner="Integration">
<msg time="2025-04-23T00:53:12.861250" level="FAIL">WebDriverException: Message: An unknown server-side error occurred while processing the command. Original error: 'POST /actions' cannot be proxied to UiAutomator2 server because the instrumentation process is not running (probably crashed). Check the server log and/or the logcat output for more details
Stacktrace:
UnknownError: An unknown server-side error occurred while processing the command. Original error: 'POST /actions' cannot be proxied to UiAutomator2 server because the instrumentation process is not running (probably crashed). Check the server log and/or the logcat output for more details
    at UIA2Proxy.command (C:\Users\bahae\AppData\Roaming\npm\node_modules\appium\node_modules\@appium\base-driver\lib\jsonwp-proxy\proxy.js:350:13)
    at processTicksAndRejections (node:internal/process/task_queues:95:5)
    at AndroidUiautomator2Driver.performActions (C:\Users\bahae\.appium\node_modules\appium-uiautomator2-driver\lib\commands\actions.js:88:3)</msg>
<var>${resultat}</var>
<arg>${driver}</arg>
<arg>${Setting}</arg>
<status status="FAIL" start="2025-04-23T00:53:12.853060" elapsed="0.009184">WebDriverException: Message: An unknown server-side error occurred while processing the command. Original error: 'POST /actions' cannot be proxied to UiAutomator2 server because the instrumentation process is not running (probably crashed). Check the server log and/or the logcat output for more details
Stacktrace:
UnknownError: An unknown server-side error occurred while processing the command. Original error: 'POST /actions' cannot be proxied to UiAutomator2 server because the instrumentation process is not running (probably crashed). Check the server log and/or the logcat output for more details
    at UIA2Proxy.command (C:\Users\bahae\AppData\Roaming\npm\node_modules\appium\node_modules\@appium\base-driver\lib\jsonwp-proxy\proxy.js:350:13)
    at processTicksAndRejections (node:internal/process/task_queues:95:5)
    at AndroidUiautomator2Driver.performActions (C:\Users\bahae\.appium\node_modules\appium-uiautomator2-driver\lib\commands\actions.js:88:3)</status>
</kw>
<kw name="Clique Sur Setting" owner="Integration">
<arg>${driver}</arg>
<arg>Bluetooth</arg>
<arg>${Setting_menu}</arg>
<status status="NOT RUN" start="2025-04-23T00:53:12.862244" elapsed="0.000000"/>
</kw>
<kw name="Get Bluetooth Name" owner="script_mobile">
<var>${name_bluetooth_mobile}</var>
<arg>${driver_mobile}</arg>
<doc>Récupère le nom de l'appareil Bluetooth via ADB.</doc>
<status status="NOT RUN" start="2025-04-23T00:53:12.862244" elapsed="0.000000"/>
</kw>
<kw name="Log" owner="BuiltIn">
<arg>${name_bluetooth_mobile}</arg>
<doc>Logs the given message with the given level.</doc>
<status status="NOT RUN" start="2025-04-23T00:53:12.862244" elapsed="0.000000"/>
</kw>
<kw name="Press Key" owner="Integration">
<arg>${driver_mobile}</arg>
<arg>4</arg>
<doc>Effectue un appui sur une touche spécifique via son keycode.</doc>
<status status="NOT RUN" start="2025-04-23T00:53:12.862244" elapsed="0.000000"/>
</kw>
<kw name="Press Key" owner="Integration">
<arg>${driver_mobile}</arg>
<arg>176</arg>
<doc>Effectue un appui sur une touche spécifique via son keycode.</doc>
<status status="NOT RUN" start="2025-04-23T00:53:12.862244" elapsed="0.000000"/>
</kw>
<kw name="Wait Until Keyword Succeeds" owner="BuiltIn">
<arg>30s</arg>
<arg>2s</arg>
<arg>Click Element By Text Att</arg>
<arg>${driver_mobile}</arg>
<arg>Bluetooth, pairing</arg>
<doc>Runs the specified keyword and retries if it fails.</doc>
<status status="NOT RUN" start="2025-04-23T00:53:12.863242" elapsed="0.000000"/>
</kw>
<kw name="Wait Until Keyword Succeeds" owner="BuiltIn">
<arg>30s</arg>
<arg>2s</arg>
<arg>Click Element By Text Att</arg>
<arg>${driver}</arg>
<arg>${pairing}</arg>
<doc>Runs the specified keyword and retries if it fails.</doc>
<status status="NOT RUN" start="2025-04-23T00:53:12.863242" elapsed="0.000000"/>
</kw>
<kw name="Wait Until Keyword Succeeds" owner="BuiltIn">
<arg>30s</arg>
<arg>2s</arg>
<arg>Click Element By Text Att</arg>
<arg>${driver}</arg>
<arg>${name_bluetooth_mobile}</arg>
<doc>Runs the specified keyword and retries if it fails.</doc>
<status status="NOT RUN" start="2025-04-23T00:53:12.863242" elapsed="0.000000"/>
</kw>
<kw name="Wait Until Keyword Succeeds" owner="BuiltIn">
<arg>30s</arg>
<arg>2s</arg>
<arg>Click Element By Text Att</arg>
<arg>${driver_mobile}</arg>
<arg>Pair</arg>
<doc>Runs the specified keyword and retries if it fails.</doc>
<status status="NOT RUN" start="2025-04-23T00:53:12.863242" elapsed="0.000000"/>
</kw>
<kw name="Wait Until Keyword Succeeds" owner="BuiltIn">
<arg>10s</arg>
<arg>2s</arg>
<arg>Click Element By Text Att</arg>
<arg>${driver}</arg>
<arg>${pairing_conf}</arg>
<doc>Runs the specified keyword and retries if it fails.</doc>
<status status="NOT RUN" start="2025-04-23T00:53:12.863242" elapsed="0.000000"/>
</kw>
<kw name="Wait Until Keyword Succeeds" owner="BuiltIn">
<arg>30s</arg>
<arg>2s</arg>
<arg>Click Element By Text Att</arg>
<arg>${driver_mobile}</arg>
<arg>Allow</arg>
<doc>Runs the specified keyword and retries if it fails.</doc>
<status status="NOT RUN" start="2025-04-23T00:53:12.863242" elapsed="0.000000"/>
</kw>
<kw name="Wait Until Keyword Succeeds" owner="BuiltIn">
<arg>30s</arg>
<arg>2s</arg>
<arg>Click Element By Text Att</arg>
<arg>${driver}</arg>
<arg>${pairing_conf2}</arg>
<doc>Runs the specified keyword and retries if it fails.</doc>
<status status="NOT RUN" start="2025-04-23T00:53:12.863242" elapsed="0.001001"/>
</kw>
<kw name="Is Bluetooth Connected" owner="Integration">
<var>${verif_adb}</var>
<arg>${driver}</arg>
<arg>${name_bluetooth_mobile}</arg>
<doc>Vérifie si un appareil Bluetooth spécifique est connecté.</doc>
<status status="NOT RUN" start="2025-04-23T00:53:12.864243" elapsed="0.000000"/>
</kw>
<kw name="Should Be True" owner="BuiltIn">
<arg>${verif_adb}</arg>
<arg>Le Bluetooth n'est pas connecté (via ADB).</arg>
<doc>Fails if the given condition is not true.</doc>
<status status="NOT RUN" start="2025-04-23T00:53:12.864243" elapsed="0.000000"/>
</kw>
<status status="FAIL" start="2025-04-23T00:53:10.753240" elapsed="2.111522">WebDriverException: Message: An unknown server-side error occurred while processing the command. Original error: 'POST /actions' cannot be proxied to UiAutomator2 server because the instrumentation process is not running (probably crashed). Check the server log and/or the logcat output for more details
Stacktrace:
UnknownError: An unknown server-side error occurred while processing the command. Original error: 'POST /actions' cannot be proxied to UiAutomator2 server because the instrumentation process is not running (probably crashed). Check the server log and/or the logcat output for more details
    at UIA2Proxy.command (C:\Users\bahae\AppData\Roaming\npm\node_modules\appium\node_modules\@appium\base-driver\lib\jsonwp-proxy\proxy.js:350:13)
    at processTicksAndRejections (node:internal/process/task_queues:95:5)
    at AndroidUiautomator2Driver.performActions (C:\Users\bahae\.appium\node_modules\appium-uiautomator2-driver\lib\commands\actions.js:88:3)</status>
</test>
<test id="s1-t3" name="Test Call Bluetooth" line="125">
<kw name="Simulate Incoming Call" owner="Integration">
<msg time="2025-04-23T00:53:14.548553" level="INFO">[ERREUR] Réponse inattendue :</msg>
<msg time="2025-04-23T00:53:14.548553" level="INFO">${call} = False</msg>
<var>${call}</var>
<arg>${driver_mobile}</arg>
<arg>52440030</arg>
<doc>Simule un appel entrant sur un émulateur Android via ADB et vérifie si la commande a réussi.</doc>
<status status="PASS" start="2025-04-23T00:53:12.864762" elapsed="1.683791"/>
</kw>
<kw name="Sleep" owner="BuiltIn">
<msg time="2025-04-23T00:53:19.549562" level="INFO">Slept 5 seconds.</msg>
<arg>5s</arg>
<doc>Pauses the test executed for the given time.</doc>
<status status="PASS" start="2025-04-23T00:53:14.548553" elapsed="5.001009"/>
</kw>
<kw name="Wait Until Keyword Succeeds" owner="BuiltIn">
<kw name="Get Text Bounds Driver" owner="script_IA">
<msg time="2025-04-23T00:53:19.558562" level="FAIL">WebDriverException: Message: An unknown server-side error occurred while processing the command. Original error: 'GET /screenshot' cannot be proxied to UiAutomator2 server because the instrumentation process is not running (probably crashed). Check the server log and/or the logcat output for more details
Stacktrace:
UnknownError: An unknown server-side error occurred while processing the command. Original error: 'GET /screenshot' cannot be proxied to UiAutomator2 server because the instrumentation process is not running (probably crashed). Check the server log and/or the logcat output for more details
    at UIA2Proxy.command (C:\Users\bahae\AppData\Roaming\npm\node_modules\appium\node_modules\@appium\base-driver\lib\jsonwp-proxy\proxy.js:350:13)
    at processTicksAndRejections (node:internal/process/task_queues:95:5)
    at AndroidUiautomator2Driver.getScreenshot (C:\Users\bahae\.appium\node_modules\appium-uiautomator2-driver\lib\commands\screenshot.js:42:5)</msg>
<arg>${driver_mobile}</arg>
<arg>52440030</arg>
<doc>Capture une capture d'écran du navigateur et extrait les coordonnées du texte.</doc>
<status status="FAIL" start="2025-04-23T00:53:19.549562" elapsed="0.009000">WebDriverException: Message: An unknown server-side error occurred while processing the command. Original error: 'GET /screenshot' cannot be proxied to UiAutomator2 server because the instrumentation process is not running (probably crashed). Check the server log and/or the logcat output for more details
Stacktrace:
UnknownError: An unknown server-side error occurred while processing the command. Original error: 'GET /screenshot' cannot be proxied to UiAutomator2 server because the instrumentation process is not running (probably crashed). Check the server log and/or the logcat output for more details
    at UIA2Proxy.command (C:\Users\bahae\AppData\Roaming\npm\node_modules\appium\node_modules\@appium\base-driver\lib\jsonwp-proxy\proxy.js:350:13)
    at processTicksAndRejections (node:internal/process/task_queues:95:5)
    at AndroidUiautomator2Driver.getScreenshot (C:\Users\bahae\.appium\node_modules\appium-uiautomator2-driver\lib\commands\screenshot.js:42:5)</status>
</kw>
<kw name="Get Text Bounds Driver" owner="script_IA">
<msg time="2025-04-23T00:53:21.562593" level="FAIL">WebDriverException: Message: An unknown server-side error occurred while processing the command. Original error: 'GET /screenshot' cannot be proxied to UiAutomator2 server because the instrumentation process is not running (probably crashed). Check the server log and/or the logcat output for more details
Stacktrace:
UnknownError: An unknown server-side error occurred while processing the command. Original error: 'GET /screenshot' cannot be proxied to UiAutomator2 server because the instrumentation process is not running (probably crashed). Check the server log and/or the logcat output for more details
    at UIA2Proxy.command (C:\Users\bahae\AppData\Roaming\npm\node_modules\appium\node_modules\@appium\base-driver\lib\jsonwp-proxy\proxy.js:350:13)
    at processTicksAndRejections (node:internal/process/task_queues:95:5)
    at AndroidUiautomator2Driver.getScreenshot (C:\Users\bahae\.appium\node_modules\appium-uiautomator2-driver\lib\commands\screenshot.js:42:5)</msg>
<arg>${driver_mobile}</arg>
<arg>52440030</arg>
<doc>Capture une capture d'écran du navigateur et extrait les coordonnées du texte.</doc>
<status status="FAIL" start="2025-04-23T00:53:21.559624" elapsed="0.003968">WebDriverException: Message: An unknown server-side error occurred while processing the command. Original error: 'GET /screenshot' cannot be proxied to UiAutomator2 server because the instrumentation process is not running (probably crashed). Check the server log and/or the logcat output for more details
Stacktrace:
UnknownError: An unknown server-side error occurred while processing the command. Original error: 'GET /screenshot' cannot be proxied to UiAutomator2 server because the instrumentation process is not running (probably crashed). Check the server log and/or the logcat output for more details
    at UIA2Proxy.command (C:\Users\bahae\AppData\Roaming\npm\node_modules\appium\node_modules\@appium\base-driver\lib\jsonwp-proxy\proxy.js:350:13)
    at processTicksAndRejections (node:internal/process/task_queues:95:5)
    at AndroidUiautomator2Driver.getScreenshot (C:\Users\bahae\.appium\node_modules\appium-uiautomator2-driver\lib\commands\screenshot.js:42:5)</status>
</kw>
<kw name="Get Text Bounds Driver" owner="script_IA">
<msg time="2025-04-23T00:53:23.570538" level="FAIL">WebDriverException: Message: An unknown server-side error occurred while processing the command. Original error: 'GET /screenshot' cannot be proxied to UiAutomator2 server because the instrumentation process is not running (probably crashed). Check the server log and/or the logcat output for more details
Stacktrace:
UnknownError: An unknown server-side error occurred while processing the command. Original error: 'GET /screenshot' cannot be proxied to UiAutomator2 server because the instrumentation process is not running (probably crashed). Check the server log and/or the logcat output for more details
    at UIA2Proxy.command (C:\Users\bahae\AppData\Roaming\npm\node_modules\appium\node_modules\@appium\base-driver\lib\jsonwp-proxy\proxy.js:350:13)
    at processTicksAndRejections (node:internal/process/task_queues:95:5)
    at AndroidUiautomator2Driver.getScreenshot (C:\Users\bahae\.appium\node_modules\appium-uiautomator2-driver\lib\commands\screenshot.js:42:5)</msg>
<arg>${driver_mobile}</arg>
<arg>52440030</arg>
<doc>Capture une capture d'écran du navigateur et extrait les coordonnées du texte.</doc>
<status status="FAIL" start="2025-04-23T00:53:23.564567" elapsed="0.005971">WebDriverException: Message: An unknown server-side error occurred while processing the command. Original error: 'GET /screenshot' cannot be proxied to UiAutomator2 server because the instrumentation process is not running (probably crashed). Check the server log and/or the logcat output for more details
Stacktrace:
UnknownError: An unknown server-side error occurred while processing the command. Original error: 'GET /screenshot' cannot be proxied to UiAutomator2 server because the instrumentation process is not running (probably crashed). Check the server log and/or the logcat output for more details
    at UIA2Proxy.command (C:\Users\bahae\AppData\Roaming\npm\node_modules\appium\node_modules\@appium\base-driver\lib\jsonwp-proxy\proxy.js:350:13)
    at processTicksAndRejections (node:internal/process/task_queues:95:5)
    at AndroidUiautomator2Driver.getScreenshot (C:\Users\bahae\.appium\node_modules\appium-uiautomator2-driver\lib\commands\screenshot.js:42:5)</status>
</kw>
<kw name="Get Text Bounds Driver" owner="script_IA">
<msg time="2025-04-23T00:53:25.574150" level="FAIL">WebDriverException: Message: An unknown server-side error occurred while processing the command. Original error: 'GET /screenshot' cannot be proxied to UiAutomator2 server because the instrumentation process is not running (probably crashed). Check the server log and/or the logcat output for more details
Stacktrace:
UnknownError: An unknown server-side error occurred while processing the command. Original error: 'GET /screenshot' cannot be proxied to UiAutomator2 server because the instrumentation process is not running (probably crashed). Check the server log and/or the logcat output for more details
    at UIA2Proxy.command (C:\Users\bahae\AppData\Roaming\npm\node_modules\appium\node_modules\@appium\base-driver\lib\jsonwp-proxy\proxy.js:350:13)
    at processTicksAndRejections (node:internal/process/task_queues:95:5)
    at AndroidUiautomator2Driver.getScreenshot (C:\Users\bahae\.appium\node_modules\appium-uiautomator2-driver\lib\commands\screenshot.js:42:5)</msg>
<arg>${driver_mobile}</arg>
<arg>52440030</arg>
<doc>Capture une capture d'écran du navigateur et extrait les coordonnées du texte.</doc>
<status status="FAIL" start="2025-04-23T00:53:25.571150" elapsed="0.004001">WebDriverException: Message: An unknown server-side error occurred while processing the command. Original error: 'GET /screenshot' cannot be proxied to UiAutomator2 server because the instrumentation process is not running (probably crashed). Check the server log and/or the logcat output for more details
Stacktrace:
UnknownError: An unknown server-side error occurred while processing the command. Original error: 'GET /screenshot' cannot be proxied to UiAutomator2 server because the instrumentation process is not running (probably crashed). Check the server log and/or the logcat output for more details
    at UIA2Proxy.command (C:\Users\bahae\AppData\Roaming\npm\node_modules\appium\node_modules\@appium\base-driver\lib\jsonwp-proxy\proxy.js:350:13)
    at processTicksAndRejections (node:internal/process/task_queues:95:5)
    at AndroidUiautomator2Driver.getScreenshot (C:\Users\bahae\.appium\node_modules\appium-uiautomator2-driver\lib\commands\screenshot.js:42:5)</status>
</kw>
<kw name="Get Text Bounds Driver" owner="script_IA">
<msg time="2025-04-23T00:53:27.584117" level="FAIL">WebDriverException: Message: An unknown server-side error occurred while processing the command. Original error: 'GET /screenshot' cannot be proxied to UiAutomator2 server because the instrumentation process is not running (probably crashed). Check the server log and/or the logcat output for more details
Stacktrace:
UnknownError: An unknown server-side error occurred while processing the command. Original error: 'GET /screenshot' cannot be proxied to UiAutomator2 server because the instrumentation process is not running (probably crashed). Check the server log and/or the logcat output for more details
    at UIA2Proxy.command (C:\Users\bahae\AppData\Roaming\npm\node_modules\appium\node_modules\@appium\base-driver\lib\jsonwp-proxy\proxy.js:350:13)
    at processTicksAndRejections (node:internal/process/task_queues:95:5)
    at AndroidUiautomator2Driver.getScreenshot (C:\Users\bahae\.appium\node_modules\appium-uiautomator2-driver\lib\commands\screenshot.js:42:5)</msg>
<arg>${driver_mobile}</arg>
<arg>52440030</arg>
<doc>Capture une capture d'écran du navigateur et extrait les coordonnées du texte.</doc>
<status status="FAIL" start="2025-04-23T00:53:27.576129" elapsed="0.008987">WebDriverException: Message: An unknown server-side error occurred while processing the command. Original error: 'GET /screenshot' cannot be proxied to UiAutomator2 server because the instrumentation process is not running (probably crashed). Check the server log and/or the logcat output for more details
Stacktrace:
UnknownError: An unknown server-side error occurred while processing the command. Original error: 'GET /screenshot' cannot be proxied to UiAutomator2 server because the instrumentation process is not running (probably crashed). Check the server log and/or the logcat output for more details
    at UIA2Proxy.command (C:\Users\bahae\AppData\Roaming\npm\node_modules\appium\node_modules\@appium\base-driver\lib\jsonwp-proxy\proxy.js:350:13)
    at processTicksAndRejections (node:internal/process/task_queues:95:5)
    at AndroidUiautomator2Driver.getScreenshot (C:\Users\bahae\.appium\node_modules\appium-uiautomator2-driver\lib\commands\screenshot.js:42:5)</status>
</kw>
<kw name="Get Text Bounds Driver" owner="script_IA">
<msg time="2025-04-23T00:53:29.592308" level="FAIL">WebDriverException: Message: An unknown server-side error occurred while processing the command. Original error: 'GET /screenshot' cannot be proxied to UiAutomator2 server because the instrumentation process is not running (probably crashed). Check the server log and/or the logcat output for more details
Stacktrace:
UnknownError: An unknown server-side error occurred while processing the command. Original error: 'GET /screenshot' cannot be proxied to UiAutomator2 server because the instrumentation process is not running (probably crashed). Check the server log and/or the logcat output for more details
    at UIA2Proxy.command (C:\Users\bahae\AppData\Roaming\npm\node_modules\appium\node_modules\@appium\base-driver\lib\jsonwp-proxy\proxy.js:350:13)
    at processTicksAndRejections (node:internal/process/task_queues:95:5)
    at AndroidUiautomator2Driver.getScreenshot (C:\Users\bahae\.appium\node_modules\appium-uiautomator2-driver\lib\commands\screenshot.js:42:5)</msg>
<arg>${driver_mobile}</arg>
<arg>52440030</arg>
<doc>Capture une capture d'écran du navigateur et extrait les coordonnées du texte.</doc>
<status status="FAIL" start="2025-04-23T00:53:29.585310" elapsed="0.007998">WebDriverException: Message: An unknown server-side error occurred while processing the command. Original error: 'GET /screenshot' cannot be proxied to UiAutomator2 server because the instrumentation process is not running (probably crashed). Check the server log and/or the logcat output for more details
Stacktrace:
UnknownError: An unknown server-side error occurred while processing the command. Original error: 'GET /screenshot' cannot be proxied to UiAutomator2 server because the instrumentation process is not running (probably crashed). Check the server log and/or the logcat output for more details
    at UIA2Proxy.command (C:\Users\bahae\AppData\Roaming\npm\node_modules\appium\node_modules\@appium\base-driver\lib\jsonwp-proxy\proxy.js:350:13)
    at processTicksAndRejections (node:internal/process/task_queues:95:5)
    at AndroidUiautomator2Driver.getScreenshot (C:\Users\bahae\.appium\node_modules\appium-uiautomator2-driver\lib\commands\screenshot.js:42:5)</status>
</kw>
<kw name="Get Text Bounds Driver" owner="script_IA">
<msg time="2025-04-23T00:53:31.597819" level="FAIL">WebDriverException: Message: An unknown server-side error occurred while processing the command. Original error: 'GET /screenshot' cannot be proxied to UiAutomator2 server because the instrumentation process is not running (probably crashed). Check the server log and/or the logcat output for more details
Stacktrace:
UnknownError: An unknown server-side error occurred while processing the command. Original error: 'GET /screenshot' cannot be proxied to UiAutomator2 server because the instrumentation process is not running (probably crashed). Check the server log and/or the logcat output for more details
    at UIA2Proxy.command (C:\Users\bahae\AppData\Roaming\npm\node_modules\appium\node_modules\@appium\base-driver\lib\jsonwp-proxy\proxy.js:350:13)
    at processTicksAndRejections (node:internal/process/task_queues:95:5)
    at AndroidUiautomator2Driver.getScreenshot (C:\Users\bahae\.appium\node_modules\appium-uiautomator2-driver\lib\commands\screenshot.js:42:5)</msg>
<arg>${driver_mobile}</arg>
<arg>52440030</arg>
<doc>Capture une capture d'écran du navigateur et extrait les coordonnées du texte.</doc>
<status status="FAIL" start="2025-04-23T00:53:31.593821" elapsed="0.003998">WebDriverException: Message: An unknown server-side error occurred while processing the command. Original error: 'GET /screenshot' cannot be proxied to UiAutomator2 server because the instrumentation process is not running (probably crashed). Check the server log and/or the logcat output for more details
Stacktrace:
UnknownError: An unknown server-side error occurred while processing the command. Original error: 'GET /screenshot' cannot be proxied to UiAutomator2 server because the instrumentation process is not running (probably crashed). Check the server log and/or the logcat output for more details
    at UIA2Proxy.command (C:\Users\bahae\AppData\Roaming\npm\node_modules\appium\node_modules\@appium\base-driver\lib\jsonwp-proxy\proxy.js:350:13)
    at processTicksAndRejections (node:internal/process/task_queues:95:5)
    at AndroidUiautomator2Driver.getScreenshot (C:\Users\bahae\.appium\node_modules\appium-uiautomator2-driver\lib\commands\screenshot.js:42:5)</status>
</kw>
<kw name="Get Text Bounds Driver" owner="script_IA">
<msg time="2025-04-23T00:53:33.604219" level="FAIL">WebDriverException: Message: An unknown server-side error occurred while processing the command. Original error: 'GET /screenshot' cannot be proxied to UiAutomator2 server because the instrumentation process is not running (probably crashed). Check the server log and/or the logcat output for more details
Stacktrace:
UnknownError: An unknown server-side error occurred while processing the command. Original error: 'GET /screenshot' cannot be proxied to UiAutomator2 server because the instrumentation process is not running (probably crashed). Check the server log and/or the logcat output for more details
    at UIA2Proxy.command (C:\Users\bahae\AppData\Roaming\npm\node_modules\appium\node_modules\@appium\base-driver\lib\jsonwp-proxy\proxy.js:350:13)
    at processTicksAndRejections (node:internal/process/task_queues:95:5)
    at AndroidUiautomator2Driver.getScreenshot (C:\Users\bahae\.appium\node_modules\appium-uiautomator2-driver\lib\commands\screenshot.js:42:5)</msg>
<arg>${driver_mobile}</arg>
<arg>52440030</arg>
<doc>Capture une capture d'écran du navigateur et extrait les coordonnées du texte.</doc>
<status status="FAIL" start="2025-04-23T00:53:33.598216" elapsed="0.007001">WebDriverException: Message: An unknown server-side error occurred while processing the command. Original error: 'GET /screenshot' cannot be proxied to UiAutomator2 server because the instrumentation process is not running (probably crashed). Check the server log and/or the logcat output for more details
Stacktrace:
UnknownError: An unknown server-side error occurred while processing the command. Original error: 'GET /screenshot' cannot be proxied to UiAutomator2 server because the instrumentation process is not running (probably crashed). Check the server log and/or the logcat output for more details
    at UIA2Proxy.command (C:\Users\bahae\AppData\Roaming\npm\node_modules\appium\node_modules\@appium\base-driver\lib\jsonwp-proxy\proxy.js:350:13)
    at processTicksAndRejections (node:internal/process/task_queues:95:5)
    at AndroidUiautomator2Driver.getScreenshot (C:\Users\bahae\.appium\node_modules\appium-uiautomator2-driver\lib\commands\screenshot.js:42:5)</status>
</kw>
<kw name="Get Text Bounds Driver" owner="script_IA">
<msg time="2025-04-23T00:53:35.609643" level="FAIL">WebDriverException: Message: An unknown server-side error occurred while processing the command. Original error: 'GET /screenshot' cannot be proxied to UiAutomator2 server because the instrumentation process is not running (probably crashed). Check the server log and/or the logcat output for more details
Stacktrace:
UnknownError: An unknown server-side error occurred while processing the command. Original error: 'GET /screenshot' cannot be proxied to UiAutomator2 server because the instrumentation process is not running (probably crashed). Check the server log and/or the logcat output for more details
    at UIA2Proxy.command (C:\Users\bahae\AppData\Roaming\npm\node_modules\appium\node_modules\@appium\base-driver\lib\jsonwp-proxy\proxy.js:350:13)
    at processTicksAndRejections (node:internal/process/task_queues:95:5)
    at AndroidUiautomator2Driver.getScreenshot (C:\Users\bahae\.appium\node_modules\appium-uiautomator2-driver\lib\commands\screenshot.js:42:5)</msg>
<arg>${driver_mobile}</arg>
<arg>52440030</arg>
<doc>Capture une capture d'écran du navigateur et extrait les coordonnées du texte.</doc>
<status status="FAIL" start="2025-04-23T00:53:35.605656" elapsed="0.003987">WebDriverException: Message: An unknown server-side error occurred while processing the command. Original error: 'GET /screenshot' cannot be proxied to UiAutomator2 server because the instrumentation process is not running (probably crashed). Check the server log and/or the logcat output for more details
Stacktrace:
UnknownError: An unknown server-side error occurred while processing the command. Original error: 'GET /screenshot' cannot be proxied to UiAutomator2 server because the instrumentation process is not running (probably crashed). Check the server log and/or the logcat output for more details
    at UIA2Proxy.command (C:\Users\bahae\AppData\Roaming\npm\node_modules\appium\node_modules\@appium\base-driver\lib\jsonwp-proxy\proxy.js:350:13)
    at processTicksAndRejections (node:internal/process/task_queues:95:5)
    at AndroidUiautomator2Driver.getScreenshot (C:\Users\bahae\.appium\node_modules\appium-uiautomator2-driver\lib\commands\screenshot.js:42:5)</status>
</kw>
<kw name="Get Text Bounds Driver" owner="script_IA">
<msg time="2025-04-23T00:53:37.625677" level="FAIL">WebDriverException: Message: An unknown server-side error occurred while processing the command. Original error: 'GET /screenshot' cannot be proxied to UiAutomator2 server because the instrumentation process is not running (probably crashed). Check the server log and/or the logcat output for more details
Stacktrace:
UnknownError: An unknown server-side error occurred while processing the command. Original error: 'GET /screenshot' cannot be proxied to UiAutomator2 server because the instrumentation process is not running (probably crashed). Check the server log and/or the logcat output for more details
    at UIA2Proxy.command (C:\Users\bahae\AppData\Roaming\npm\node_modules\appium\node_modules\@appium\base-driver\lib\jsonwp-proxy\proxy.js:350:13)
    at processTicksAndRejections (node:internal/process/task_queues:95:5)
    at AndroidUiautomator2Driver.getScreenshot (C:\Users\bahae\.appium\node_modules\appium-uiautomator2-driver\lib\commands\screenshot.js:42:5)</msg>
<arg>${driver_mobile}</arg>
<arg>52440030</arg>
<doc>Capture une capture d'écran du navigateur et extrait les coordonnées du texte.</doc>
<status status="FAIL" start="2025-04-23T00:53:37.611699" elapsed="0.014973">WebDriverException: Message: An unknown server-side error occurred while processing the command. Original error: 'GET /screenshot' cannot be proxied to UiAutomator2 server because the instrumentation process is not running (probably crashed). Check the server log and/or the logcat output for more details
Stacktrace:
UnknownError: An unknown server-side error occurred while processing the command. Original error: 'GET /screenshot' cannot be proxied to UiAutomator2 server because the instrumentation process is not running (probably crashed). Check the server log and/or the logcat output for more details
    at UIA2Proxy.command (C:\Users\bahae\AppData\Roaming\npm\node_modules\appium\node_modules\@appium\base-driver\lib\jsonwp-proxy\proxy.js:350:13)
    at processTicksAndRejections (node:internal/process/task_queues:95:5)
    at AndroidUiautomator2Driver.getScreenshot (C:\Users\bahae\.appium\node_modules\appium-uiautomator2-driver\lib\commands\screenshot.js:42:5)</status>
</kw>
<kw name="Get Text Bounds Driver" owner="script_IA">
<msg time="2025-04-23T00:53:41.816627" level="WARN">Retrying (Retry(total=2, connect=None, read=None, redirect=None, status=None)) after connection broken by 'NewConnectionError('&lt;urllib3.connection.HTTPConnection object at 0x000002063C16B2F0&gt;: Failed to establish a new connection: [WinError 10061] Aucune connexion n’a pu être établie car l’ordinateur cible l’a expressément refusée')': /session/ac4b4327-e7ce-4c1c-8a3c-0a8ea967cf3f/screenshot</msg>
<msg time="2025-04-23T00:53:43.849663" level="WARN">Retrying (Retry(total=1, connect=None, read=None, redirect=None, status=None)) after connection broken by 'NewConnectionError('&lt;urllib3.connection.HTTPConnection object at 0x000002063C16ACF0&gt;: Failed to establish a new connection: [WinError 10061] Aucune connexion n’a pu être établie car l’ordinateur cible l’a expressément refusée')': /session/ac4b4327-e7ce-4c1c-8a3c-0a8ea967cf3f/screenshot</msg>
<msg time="2025-04-23T00:53:45.895407" level="WARN">Retrying (Retry(total=0, connect=None, read=None, redirect=None, status=None)) after connection broken by 'NewConnectionError('&lt;urllib3.connection.HTTPConnection object at 0x000002063C16BA10&gt;: Failed to establish a new connection: [WinError 10061] Aucune connexion n’a pu être établie car l’ordinateur cible l’a expressément refusée')': /session/ac4b4327-e7ce-4c1c-8a3c-0a8ea967cf3f/screenshot</msg>
<msg time="2025-04-23T00:53:47.944527" level="FAIL">MaxRetryError: HTTPConnectionPool(host='127.0.0.1', port=4723): Max retries exceeded with url: /session/ac4b4327-e7ce-4c1c-8a3c-0a8ea967cf3f/screenshot (Caused by NewConnectionError('&lt;urllib3.connection.HTTPConnection object at 0x000002063B2DE1E0&gt;: Failed to establish a new connection: [WinError 10061] Aucune connexion n’a pu être établie car l’ordinateur cible l’a expressément refusée'))</msg>
<arg>${driver_mobile}</arg>
<arg>52440030</arg>
<doc>Capture une capture d'écran du navigateur et extrait les coordonnées du texte.</doc>
<status status="FAIL" start="2025-04-23T00:53:39.627659" elapsed="8.352853">MaxRetryError: HTTPConnectionPool(host='127.0.0.1', port=4723): Max retries exceeded with url: /session/ac4b4327-e7ce-4c1c-8a3c-0a8ea967cf3f/screenshot (Caused by NewConnectionError('&lt;urllib3.connection.HTTPConnection object at 0x000002063B2DE1E0&gt;: Failed to establish a new connection: [WinError 10061] Aucune connexion n’a pu être établie car l’ordinateur cible l’a expressément refusée'))</status>
</kw>
<kw name="Get Text Bounds Driver" owner="script_IA">
<msg time="2025-04-23T00:53:52.011343" level="WARN">Retrying (Retry(total=2, connect=None, read=None, redirect=None, status=None)) after connection broken by 'NewConnectionError('&lt;urllib3.connection.HTTPConnection object at 0x000002063C13EA50&gt;: Failed to establish a new connection: [WinError 10061] Aucune connexion n’a pu être établie car l’ordinateur cible l’a expressément refusée')': /session/ac4b4327-e7ce-4c1c-8a3c-0a8ea967cf3f/screenshot</msg>
<msg time="2025-04-23T00:53:54.051971" level="WARN">Retrying (Retry(total=1, connect=None, read=None, redirect=None, status=None)) after connection broken by 'NewConnectionError('&lt;urllib3.connection.HTTPConnection object at 0x000002063C13D5E0&gt;: Failed to establish a new connection: [WinError 10061] Aucune connexion n’a pu être établie car l’ordinateur cible l’a expressément refusée')': /session/ac4b4327-e7ce-4c1c-8a3c-0a8ea967cf3f/screenshot</msg>
<msg time="2025-04-23T00:53:56.105655" level="WARN">Retrying (Retry(total=0, connect=None, read=None, redirect=None, status=None)) after connection broken by 'NewConnectionError('&lt;urllib3.connection.HTTPConnection object at 0x000002063C13FA40&gt;: Failed to establish a new connection: [WinError 10061] Aucune connexion n’a pu être établie car l’ordinateur cible l’a expressément refusée')': /session/ac4b4327-e7ce-4c1c-8a3c-0a8ea967cf3f/screenshot</msg>
<msg time="2025-04-23T00:53:58.131499" level="FAIL">MaxRetryError: HTTPConnectionPool(host='127.0.0.1', port=4723): Max retries exceeded with url: /session/ac4b4327-e7ce-4c1c-8a3c-0a8ea967cf3f/screenshot (Caused by NewConnectionError('&lt;urllib3.connection.HTTPConnection object at 0x000002063C13D220&gt;: Failed to establish a new connection: [WinError 10061] Aucune connexion n’a pu être établie car l’ordinateur cible l’a expressément refusée'))</msg>
<arg>${driver_mobile}</arg>
<arg>52440030</arg>
<doc>Capture une capture d'écran du navigateur et extrait les coordonnées du texte.</doc>
<status status="FAIL" start="2025-04-23T00:53:49.980729" elapsed="8.151738">MaxRetryError: HTTPConnectionPool(host='127.0.0.1', port=4723): Max retries exceeded with url: /session/ac4b4327-e7ce-4c1c-8a3c-0a8ea967cf3f/screenshot (Caused by NewConnectionError('&lt;urllib3.connection.HTTPConnection object at 0x000002063C13D220&gt;: Failed to establish a new connection: [WinError 10061] Aucune connexion n’a pu être établie car l’ordinateur cible l’a expressément refusée'))</status>
</kw>
<msg time="2025-04-23T00:53:58.132467" level="FAIL">Keyword 'Get Text Bounds Driver' failed after retrying for 30 seconds. The last error was: MaxRetryError: HTTPConnectionPool(host='127.0.0.1', port=4723): Max retries exceeded with url: /session/ac4b4327-e7ce-4c1c-8a3c-0a8ea967cf3f/screenshot (Caused by NewConnectionError('&lt;urllib3.connection.HTTPConnection object at 0x000002063C13D220&gt;: Failed to establish a new connection: [WinError 10061] Aucune connexion n’a pu être établie car l’ordinateur cible l’a expressément refusée'))</msg>
<var>${bounds}</var>
<arg>30s</arg>
<arg>2s</arg>
<arg>Get Text Bounds Driver</arg>
<arg>${driver_mobile}</arg>
<arg>52440030</arg>
<doc>Runs the specified keyword and retries if it fails.</doc>
<status status="FAIL" start="2025-04-23T00:53:19.549562" elapsed="38.584902">Keyword 'Get Text Bounds Driver' failed after retrying for 30 seconds. The last error was: MaxRetryError: HTTPConnectionPool(host='127.0.0.1', port=4723): Max retries exceeded with url: /session/ac4b4327-e7ce-4c1c-8a3c-0a8ea967cf3f/screenshot (Caused by NewConnectionError('&lt;urllib3.connection.HTTPConnection object at 0x000002063C13D220&gt;: Failed to establish a new connection: [WinError 10061] Aucune connexion n’a pu être établie car l’ordinateur cible l’a expressément refusée'))</status>
</kw>
<kw name="Log" owner="BuiltIn">
<arg>${bounds}</arg>
<doc>Logs the given message with the given level.</doc>
<status status="NOT RUN" start="2025-04-23T00:53:58.134464" elapsed="0.000000"/>
</kw>
<kw name="Should Not Be Equal" owner="BuiltIn">
<arg>${bounds}</arg>
<arg>${None}</arg>
<arg>Le numéro 52440030 n'a pas été trouvé à l'écran</arg>
<doc>Fails if the given objects are equal.</doc>
<status status="NOT RUN" start="2025-04-23T00:53:58.134464" elapsed="0.000000"/>
</kw>
<status status="FAIL" start="2025-04-23T00:53:12.864762" elapsed="45.269702">Keyword 'Get Text Bounds Driver' failed after retrying for 30 seconds. The last error was: MaxRetryError: HTTPConnectionPool(host='127.0.0.1', port=4723): Max retries exceeded with url: /session/ac4b4327-e7ce-4c1c-8a3c-0a8ea967cf3f/screenshot (Caused by NewConnectionError('&lt;urllib3.connection.HTTPConnection object at 0x000002063C13D220&gt;: Failed to establish a new connection: [WinError 10061] Aucune connexion n’a pu être établie car l’ordinateur cible l’a expressément refusée'))</status>
</test>
<test id="s1-t4" name="Test Supprimer Bluetooth" line="133">
<kw name="Get System Language" owner="Integration">
<msg time="2025-04-23T00:53:58.149466" level="INFO">Erreur lors de l'exécution d'ADB : Command '['adb', '-s', 'emulator-5554', 'shell', 'settings', 'get', 'system', 'system_locales']' returned non-zero exit status 1.</msg>
<msg time="2025-04-23T00:53:58.149466" level="INFO">${lang} = eng</msg>
<var>${lang}</var>
<arg>${Device}</arg>
<status status="PASS" start="2025-04-23T00:53:58.134464" elapsed="0.015002"/>
</kw>
<if>
<branch type="IF" condition="'${lang}' == 'fr'">
<kw name="Set Variable" owner="BuiltIn">
<var>${System}</var>
<arg>Système</arg>
<doc>Returns the given values which can then be assigned to a variables.</doc>
<status status="NOT RUN" start="2025-04-23T00:53:58.150468" elapsed="0.000000"/>
</kw>
<kw name="Set Variable" owner="BuiltIn">
<var>${Setting}</var>
<arg>Paramètres</arg>
<doc>Returns the given values which can then be assigned to a variables.</doc>
<status status="NOT RUN" start="2025-04-23T00:53:58.150468" elapsed="0.000000"/>
</kw>
<kw name="Set Variable" owner="BuiltIn">
<var>${apps}</var>
<arg>Applis</arg>
<doc>Returns the given values which can then be assigned to a variables.</doc>
<status status="NOT RUN" start="2025-04-23T00:53:58.150468" elapsed="0.000000"/>
</kw>
<kw name="Set Variable" owner="BuiltIn">
<var>${Consulter_allapps}</var>
<arg>Voir les</arg>
<doc>Returns the given values which can then be assigned to a variables.</doc>
<status status="NOT RUN" start="2025-04-23T00:53:58.150468" elapsed="0.000000"/>
</kw>
<kw name="Set Variable" owner="BuiltIn">
<var>${DesButton}</var>
<arg>Désinstaller</arg>
<doc>Returns the given values which can then be assigned to a variables.</doc>
<status status="NOT RUN" start="2025-04-23T00:53:58.150468" elapsed="0.000000"/>
</kw>
<kw name="Set Variable" owner="BuiltIn">
<var>${confirme}</var>
<arg>OK</arg>
<doc>Returns the given values which can then be assigned to a variables.</doc>
<status status="NOT RUN" start="2025-04-23T00:53:58.151464" elapsed="0.000000"/>
</kw>
<kw name="Set Variable" owner="BuiltIn">
<var>${pairing}</var>
<arg>Associer un nouvel appareil</arg>
<doc>Returns the given values which can then be assigned to a variables.</doc>
<status status="NOT RUN" start="2025-04-23T00:53:58.151464" elapsed="0.000000"/>
</kw>
<kw name="Set Variable" owner="BuiltIn">
<var>${pairing_conf}</var>
<arg>Associer</arg>
<doc>Returns the given values which can then be assigned to a variables.</doc>
<status status="NOT RUN" start="2025-04-23T00:53:58.151464" elapsed="0.000000"/>
</kw>
<kw name="Set Variable" owner="BuiltIn">
<var>${pairing_conf2}</var>
<arg>Continuer</arg>
<doc>Returns the given values which can then be assigned to a variables.</doc>
<status status="NOT RUN" start="2025-04-23T00:53:58.151464" elapsed="0.000000"/>
</kw>
<kw name="Set Variable" owner="BuiltIn">
<var>${supp}</var>
<arg>Supprimer</arg>
<doc>Returns the given values which can then be assigned to a variables.</doc>
<status status="NOT RUN" start="2025-04-23T00:53:58.151464" elapsed="0.000000"/>
</kw>
<status status="NOT RUN" start="2025-04-23T00:53:58.150468" elapsed="0.000996"/>
</branch>
<branch type="ELSE">
<kw name="Set Variable" owner="BuiltIn">
<msg time="2025-04-23T00:53:58.151464" level="INFO">${System} = System</msg>
<var>${System}</var>
<arg>System</arg>
<doc>Returns the given values which can then be assigned to a variables.</doc>
<status status="PASS" start="2025-04-23T00:53:58.151464" elapsed="0.000000"/>
</kw>
<kw name="Set Variable" owner="BuiltIn">
<msg time="2025-04-23T00:53:58.152465" level="INFO">${Setting} = Settings</msg>
<var>${Setting}</var>
<arg>Settings</arg>
<doc>Returns the given values which can then be assigned to a variables.</doc>
<status status="PASS" start="2025-04-23T00:53:58.151464" elapsed="0.001001"/>
</kw>
<kw name="Set Variable" owner="BuiltIn">
<msg time="2025-04-23T00:53:58.152465" level="INFO">${apps} = Applis</msg>
<var>${apps}</var>
<arg>Applis</arg>
<doc>Returns the given values which can then be assigned to a variables.</doc>
<status status="PASS" start="2025-04-23T00:53:58.152465" elapsed="0.000000"/>
</kw>
<kw name="Set Variable" owner="BuiltIn">
<msg time="2025-04-23T00:53:58.152465" level="INFO">${Consulter_allapps} = Voir les</msg>
<var>${Consulter_allapps}</var>
<arg>Voir les</arg>
<doc>Returns the given values which can then be assigned to a variables.</doc>
<status status="PASS" start="2025-04-23T00:53:58.152465" elapsed="0.000000"/>
</kw>
<kw name="Set Variable" owner="BuiltIn">
<msg time="2025-04-23T00:53:58.152465" level="INFO">${DesButton} = Désinstaller</msg>
<var>${DesButton}</var>
<arg>Désinstaller</arg>
<doc>Returns the given values which can then be assigned to a variables.</doc>
<status status="PASS" start="2025-04-23T00:53:58.152465" elapsed="0.000000"/>
</kw>
<kw name="Set Variable" owner="BuiltIn">
<msg time="2025-04-23T00:53:58.152465" level="INFO">${confirme} = OK</msg>
<var>${confirme}</var>
<arg>OK</arg>
<doc>Returns the given values which can then be assigned to a variables.</doc>
<status status="PASS" start="2025-04-23T00:53:58.152465" elapsed="0.000000"/>
</kw>
<kw name="Set Variable" owner="BuiltIn">
<msg time="2025-04-23T00:53:58.153465" level="INFO">${pairing} = Pair new device</msg>
<var>${pairing}</var>
<arg>Pair new device</arg>
<doc>Returns the given values which can then be assigned to a variables.</doc>
<status status="PASS" start="2025-04-23T00:53:58.152465" elapsed="0.001000"/>
</kw>
<kw name="Set Variable" owner="BuiltIn">
<msg time="2025-04-23T00:53:58.153465" level="INFO">${pairing_conf} = Pair</msg>
<var>${pairing_conf}</var>
<arg>Pair</arg>
<doc>Returns the given values which can then be assigned to a variables.</doc>
<status status="PASS" start="2025-04-23T00:53:58.153465" elapsed="0.000000"/>
</kw>
<kw name="Set Variable" owner="BuiltIn">
<msg time="2025-04-23T00:53:58.153465" level="INFO">${pairing_conf2} = Continue</msg>
<var>${pairing_conf2}</var>
<arg>Continue</arg>
<doc>Returns the given values which can then be assigned to a variables.</doc>
<status status="PASS" start="2025-04-23T00:53:58.153465" elapsed="0.001000"/>
</kw>
<kw name="Set Variable" owner="BuiltIn">
<msg time="2025-04-23T00:53:58.154465" level="INFO">${supp} = Supprimer</msg>
<var>${supp}</var>
<arg>Supprimer</arg>
<doc>Returns the given values which can then be assigned to a variables.</doc>
<status status="PASS" start="2025-04-23T00:53:58.154465" elapsed="0.000000"/>
</kw>
<status status="PASS" start="2025-04-23T00:53:58.151464" elapsed="0.003001"/>
</branch>
<status status="PASS" start="2025-04-23T00:53:58.150468" elapsed="0.003997"/>
</if>
<kw name="Open Application With Click" owner="Integration">
<msg time="2025-04-23T00:54:00.193365" level="WARN">Retrying (Retry(total=2, connect=None, read=None, redirect=None, status=None)) after connection broken by 'NewConnectionError('&lt;urllib3.connection.HTTPConnection object at 0x000002063C191C40&gt;: Failed to establish a new connection: [WinError 10061] Aucune connexion n’a pu être établie car l’ordinateur cible l’a expressément refusée')': /session/f4e261fc-1182-4f37-acdf-a8c96b8963f1/actions</msg>
<msg time="2025-04-23T00:54:02.240471" level="WARN">Retrying (Retry(total=1, connect=None, read=None, redirect=None, status=None)) after connection broken by 'NewConnectionError('&lt;urllib3.connection.HTTPConnection object at 0x000002063C157E00&gt;: Failed to establish a new connection: [WinError 10061] Aucune connexion n’a pu être établie car l’ordinateur cible l’a expressément refusée')': /session/f4e261fc-1182-4f37-acdf-a8c96b8963f1/actions</msg>
<msg time="2025-04-23T00:54:04.275671" level="WARN">Retrying (Retry(total=0, connect=None, read=None, redirect=None, status=None)) after connection broken by 'NewConnectionError('&lt;urllib3.connection.HTTPConnection object at 0x000002063C156030&gt;: Failed to establish a new connection: [WinError 10061] Aucune connexion n’a pu être établie car l’ordinateur cible l’a expressément refusée')': /session/f4e261fc-1182-4f37-acdf-a8c96b8963f1/actions</msg>
<msg time="2025-04-23T00:54:06.306414" level="FAIL">MaxRetryError: HTTPConnectionPool(host='127.0.0.1', port=4723): Max retries exceeded with url: /session/f4e261fc-1182-4f37-acdf-a8c96b8963f1/actions (Caused by NewConnectionError('&lt;urllib3.connection.HTTPConnection object at 0x000002063C12D4C0&gt;: Failed to establish a new connection: [WinError 10061] Aucune connexion n’a pu être établie car l’ordinateur cible l’a expressément refusée'))</msg>
<var>${resultat}</var>
<arg>${driver}</arg>
<arg>${Setting}</arg>
<status status="FAIL" start="2025-04-23T00:53:58.154465" elapsed="8.153969">MaxRetryError: HTTPConnectionPool(host='127.0.0.1', port=4723): Max retries exceeded with url: /session/f4e261fc-1182-4f37-acdf-a8c96b8963f1/actions (Caused by NewConnectionError('&lt;urllib3.connection.HTTPConnection object at 0x000002063C12D4C0&gt;: Failed to establish a new connection: [WinError 10061] Aucune connexion n’a pu être établie car l’ordinateur cible l’a expressément refusée'))</status>
</kw>
<kw name="Setup Driver Mobile" owner="script_mobile">
<var>${driver_mobile}</var>
<arg>${Device_mobile}</arg>
<doc>Initialise et retourne le driver Appium.</doc>
<status status="NOT RUN" start="2025-04-23T00:54:06.308434" elapsed="0.000000"/>
</kw>
<kw name="Clique Sur Setting" owner="Integration">
<arg>${driver}</arg>
<arg>Bluetooth</arg>
<arg>${Setting_menu}</arg>
<status status="NOT RUN" start="2025-04-23T00:54:06.308434" elapsed="0.000000"/>
</kw>
<kw name="Get Bluetooth Name" owner="script_mobile">
<var>${name_bluetooth_mobile}</var>
<arg>${driver_mobile}</arg>
<doc>Récupère le nom de l'appareil Bluetooth via ADB.</doc>
<status status="NOT RUN" start="2025-04-23T00:54:06.308434" elapsed="0.000000"/>
</kw>
<kw name="Log" owner="BuiltIn">
<arg>${name_bluetooth_mobile}</arg>
<doc>Logs the given message with the given level.</doc>
<status status="NOT RUN" start="2025-04-23T00:54:06.308434" elapsed="0.000000"/>
</kw>
<kw name="Press Key" owner="Integration">
<arg>${driver_mobile}</arg>
<arg>4</arg>
<doc>Effectue un appui sur une touche spécifique via son keycode.</doc>
<status status="NOT RUN" start="2025-04-23T00:54:06.308434" elapsed="0.000993"/>
</kw>
<kw name="Press Key" owner="Integration">
<arg>${driver_mobile}</arg>
<arg>176</arg>
<doc>Effectue un appui sur une touche spécifique via son keycode.</doc>
<status status="NOT RUN" start="2025-04-23T00:54:06.309427" elapsed="0.000000"/>
</kw>
<kw name="Wait Until Keyword Succeeds" owner="BuiltIn">
<arg>30s</arg>
<arg>2s</arg>
<arg>Click Element By Text Att</arg>
<arg>${driver_mobile}</arg>
<arg>Bluetooth, pairing</arg>
<doc>Runs the specified keyword and retries if it fails.</doc>
<status status="NOT RUN" start="2025-04-23T00:54:06.309427" elapsed="0.000000"/>
</kw>
<kw name="Wait Until Keyword Succeeds" owner="BuiltIn">
<arg>30s</arg>
<arg>2s</arg>
<arg>Click Element By Text Att</arg>
<arg>${driver}</arg>
<arg>${name_bluetooth_mobile}</arg>
<doc>Runs the specified keyword and retries if it fails.</doc>
<status status="NOT RUN" start="2025-04-23T00:54:06.309427" elapsed="0.000000"/>
</kw>
<kw name="Wait Until Keyword Succeeds" owner="BuiltIn">
<arg>30s</arg>
<arg>2s</arg>
<arg>Click Element By Text Att</arg>
<arg>${driver}</arg>
<arg>${supp}</arg>
<doc>Runs the specified keyword and retries if it fails.</doc>
<status status="NOT RUN" start="2025-04-23T00:54:06.309427" elapsed="0.000000"/>
</kw>
<kw name="Is Bluetooth Connected" owner="Integration">
<var>${verif_adb}</var>
<arg>${driver}</arg>
<arg>${name_bluetooth_mobile}</arg>
<doc>Vérifie si un appareil Bluetooth spécifique est connecté.</doc>
<status status="NOT RUN" start="2025-04-23T00:54:06.309427" elapsed="0.000000"/>
</kw>
<kw name="Should Not Be True" owner="BuiltIn">
<arg>${verif_adb}</arg>
<arg>Le Bluetooth n'est pas connecté (via ADB).</arg>
<doc>Fails if the given condition is true.</doc>
<status status="NOT RUN" start="2025-04-23T00:54:06.309427" elapsed="0.000000"/>
</kw>
<status status="FAIL" start="2025-04-23T00:53:58.134464" elapsed="8.174963">MaxRetryError: HTTPConnectionPool(host='127.0.0.1', port=4723): Max retries exceeded with url: /session/f4e261fc-1182-4f37-acdf-a8c96b8963f1/actions (Caused by NewConnectionError('&lt;urllib3.connection.HTTPConnection object at 0x000002063C12D4C0&gt;: Failed to establish a new connection: [WinError 10061] Aucune connexion n’a pu être établie car l’ordinateur cible l’a expressément refusée'))</status>
</test>
<test id="s1-t5" name="Test Fermer Bluetooth" line="188">
<kw name="Get System Language" owner="Integration">
<msg time="2025-04-23T00:54:06.330397" level="INFO">Erreur lors de l'exécution d'ADB : Command '['adb', '-s', 'emulator-5554', 'shell', 'settings', 'get', 'system', 'system_locales']' returned non-zero exit status 1.</msg>
<msg time="2025-04-23T00:54:06.330397" level="INFO">${lang} = eng</msg>
<var>${lang}</var>
<arg>${Device}</arg>
<status status="PASS" start="2025-04-23T00:54:06.310426" elapsed="0.019971"/>
</kw>
<if>
<branch type="IF" condition="'${lang}' == 'fr'">
<kw name="Set Variable" owner="BuiltIn">
<var>${System}</var>
<arg>Système</arg>
<doc>Returns the given values which can then be assigned to a variables.</doc>
<status status="NOT RUN" start="2025-04-23T00:54:06.330397" elapsed="0.000000"/>
</kw>
<kw name="Set Variable" owner="BuiltIn">
<var>${Setting}</var>
<arg>Paramètres</arg>
<doc>Returns the given values which can then be assigned to a variables.</doc>
<status status="NOT RUN" start="2025-04-23T00:54:06.331399" elapsed="0.000000"/>
</kw>
<kw name="Set Variable" owner="BuiltIn">
<var>${apps}</var>
<arg>Applis</arg>
<doc>Returns the given values which can then be assigned to a variables.</doc>
<status status="NOT RUN" start="2025-04-23T00:54:06.331399" elapsed="0.000000"/>
</kw>
<kw name="Set Variable" owner="BuiltIn">
<var>${Consulter_allapps}</var>
<arg>Voir les</arg>
<doc>Returns the given values which can then be assigned to a variables.</doc>
<status status="NOT RUN" start="2025-04-23T00:54:06.331399" elapsed="0.000000"/>
</kw>
<kw name="Set Variable" owner="BuiltIn">
<var>${DesButton}</var>
<arg>Désinstaller</arg>
<doc>Returns the given values which can then be assigned to a variables.</doc>
<status status="NOT RUN" start="2025-04-23T00:54:06.331399" elapsed="0.000000"/>
</kw>
<kw name="Set Variable" owner="BuiltIn">
<var>${confirme}</var>
<arg>OK</arg>
<doc>Returns the given values which can then be assigned to a variables.</doc>
<status status="NOT RUN" start="2025-04-23T00:54:06.331399" elapsed="0.000000"/>
</kw>
<status status="NOT RUN" start="2025-04-23T00:54:06.330397" elapsed="0.001002"/>
</branch>
<branch type="ELSE">
<kw name="Set Variable" owner="BuiltIn">
<msg time="2025-04-23T00:54:06.331399" level="INFO">${System} = System</msg>
<var>${System}</var>
<arg>System</arg>
<doc>Returns the given values which can then be assigned to a variables.</doc>
<status status="PASS" start="2025-04-23T00:54:06.331399" elapsed="0.000999"/>
</kw>
<kw name="Set Variable" owner="BuiltIn">
<msg time="2025-04-23T00:54:06.332398" level="INFO">${Setting} = Settings</msg>
<var>${Setting}</var>
<arg>Settings</arg>
<doc>Returns the given values which can then be assigned to a variables.</doc>
<status status="PASS" start="2025-04-23T00:54:06.332398" elapsed="0.000000"/>
</kw>
<kw name="Set Variable" owner="BuiltIn">
<msg time="2025-04-23T00:54:06.332398" level="INFO">${apps} = Applis</msg>
<var>${apps}</var>
<arg>Applis</arg>
<doc>Returns the given values which can then be assigned to a variables.</doc>
<status status="PASS" start="2025-04-23T00:54:06.332398" elapsed="0.000000"/>
</kw>
<kw name="Set Variable" owner="BuiltIn">
<msg time="2025-04-23T00:54:06.333414" level="INFO">${Consulter_allapps} = Voir les</msg>
<var>${Consulter_allapps}</var>
<arg>Voir les</arg>
<doc>Returns the given values which can then be assigned to a variables.</doc>
<status status="PASS" start="2025-04-23T00:54:06.332398" elapsed="0.001016"/>
</kw>
<kw name="Set Variable" owner="BuiltIn">
<msg time="2025-04-23T00:54:06.333414" level="INFO">${DesButton} = Désinstaller</msg>
<var>${DesButton}</var>
<arg>Désinstaller</arg>
<doc>Returns the given values which can then be assigned to a variables.</doc>
<status status="PASS" start="2025-04-23T00:54:06.333414" elapsed="0.000000"/>
</kw>
<kw name="Set Variable" owner="BuiltIn">
<msg time="2025-04-23T00:54:06.333414" level="INFO">${confirme} = OK</msg>
<var>${confirme}</var>
<arg>OK</arg>
<doc>Returns the given values which can then be assigned to a variables.</doc>
<status status="PASS" start="2025-04-23T00:54:06.333414" elapsed="0.000000"/>
</kw>
<status status="PASS" start="2025-04-23T00:54:06.331399" elapsed="0.002015"/>
</branch>
<status status="PASS" start="2025-04-23T00:54:06.330397" elapsed="0.003017"/>
</if>
<kw name="Open Application With Click" owner="Integration">
<msg time="2025-04-23T00:54:08.366499" level="WARN">Retrying (Retry(total=2, connect=None, read=None, redirect=None, status=None)) after connection broken by 'NewConnectionError('&lt;urllib3.connection.HTTPConnection object at 0x000002063C114BC0&gt;: Failed to establish a new connection: [WinError 10061] Aucune connexion n’a pu être établie car l’ordinateur cible l’a expressément refusée')': /session/f4e261fc-1182-4f37-acdf-a8c96b8963f1/actions</msg>
<msg time="2025-04-23T00:54:10.408476" level="WARN">Retrying (Retry(total=1, connect=None, read=None, redirect=None, status=None)) after connection broken by 'NewConnectionError('&lt;urllib3.connection.HTTPConnection object at 0x000002063C107E60&gt;: Failed to establish a new connection: [WinError 10061] Aucune connexion n’a pu être établie car l’ordinateur cible l’a expressément refusée')': /session/f4e261fc-1182-4f37-acdf-a8c96b8963f1/actions</msg>
<msg time="2025-04-23T00:54:12.462329" level="WARN">Retrying (Retry(total=0, connect=None, read=None, redirect=None, status=None)) after connection broken by 'NewConnectionError('&lt;urllib3.connection.HTTPConnection object at 0x000002063C106870&gt;: Failed to establish a new connection: [WinError 10061] Aucune connexion n’a pu être établie car l’ordinateur cible l’a expressément refusée')': /session/f4e261fc-1182-4f37-acdf-a8c96b8963f1/actions</msg>
<msg time="2025-04-23T00:54:14.494554" level="FAIL">MaxRetryError: HTTPConnectionPool(host='127.0.0.1', port=4723): Max retries exceeded with url: /session/f4e261fc-1182-4f37-acdf-a8c96b8963f1/actions (Caused by NewConnectionError('&lt;urllib3.connection.HTTPConnection object at 0x000002063C105EB0&gt;: Failed to establish a new connection: [WinError 10061] Aucune connexion n’a pu être établie car l’ordinateur cible l’a expressément refusée'))</msg>
<var>${resultat}</var>
<arg>${driver}</arg>
<arg>${Setting}</arg>
[...]
</kw>
<kw name="Click Icon Ia" owner="script_IA">
<var>${Click_setting}</var>
<arg>${driver}</arg>
<arg>setting</arg>
<status status="NOT RUN" start="2025-04-23T00:54:22.679280" elapsed="0.000000"/>
</kw>
<kw name="Click Icon Ia" owner="script_IA">
<var>${Click_grid}</var>
<arg>${driver}</arg>
<arg>bluetooth_menu</arg>
<status status="NOT RUN" start="2025-04-23T00:54:22.679280" elapsed="0.000000"/>
</kw>
<kw name="Click Icon Ia" owner="script_IA">
<var>${Click_grid}</var>
<arg>${driver}</arg>
<arg>toggle_off</arg>
<status status="NOT RUN" start="2025-04-23T00:54:22.679280" elapsed="0.000000"/>
</kw>
<kw name="Est Bluetooth Active" owner="Integration">
<var>${verfier_ble_adb}</var>
<arg>${Device}</arg>
<status status="NOT RUN" start="2025-04-23T00:54:22.679280" elapsed="0.000000"/>
</kw>
<kw name="Should Be True" owner="BuiltIn">
<arg>${verfier_ble_adb}</arg>
<arg>Le Bluetooth ne s'active pas (via adb).</arg>
<doc>Fails if the given condition is not true.</doc>
<status status="NOT RUN" start="2025-04-23T00:54:22.679280" elapsed="0.000000"/>
</kw>
<status status="FAIL" start="2025-04-23T00:54:14.498655" elapsed="8.180625">MaxRetryError: HTTPConnectionPool(host='127.0.0.1', port=4723): Max retries exceeded with url: /session/f4e261fc-1182-4f37-acdf-a8c96b8963f1/screenshot (Caused by NewConnectionError('&lt;urllib3.connection.HTTPConnection object at 0x000002063C16B6E0&gt;: Failed to establish a new connection: [WinError 10061] Aucune connexion n’a pu être établie car l’ordinateur cible l’a expressément refusée'))</status>
</test>
<kw name="Fermer Driver" type="TEARDOWN">
<kw name="Run Keyword If" owner="BuiltIn">
<kw name="Close Driver" owner="Integration">
<msg time="2025-04-23T00:54:24.725148" level="WARN">Retrying (Retry(total=2, connect=None, read=None, redirect=None, status=None)) after connection broken by 'NewConnectionError('&lt;urllib3.connection.HTTPConnection object at 0x000002063C0E9820&gt;: Failed to establish a new connection: [WinError 10061] Aucune connexion n’a pu être établie car l’ordinateur cible l’a expressément refusée')': /session/f4e261fc-1182-4f37-acdf-a8c96b8963f1</msg>
<msg time="2025-04-23T00:54:26.780370" level="WARN">Retrying (Retry(total=1, connect=None, read=None, redirect=None, status=None)) after connection broken by 'NewConnectionError('&lt;urllib3.connection.HTTPConnection object at 0x000002063C0EB230&gt;: Failed to establish a new connection: [WinError 10061] Aucune connexion n’a pu être établie car l’ordinateur cible l’a expressément refusée')': /session/f4e261fc-1182-4f37-acdf-a8c96b8963f1</msg>
<msg time="2025-04-23T00:54:28.823968" level="WARN">Retrying (Retry(total=0, connect=None, read=None, redirect=None, status=None)) after connection broken by 'NewConnectionError('&lt;urllib3.connection.HTTPConnection object at 0x000002063C0EA930&gt;: Failed to establish a new connection: [WinError 10061] Aucune connexion n’a pu être établie car l’ordinateur cible l’a expressément refusée')': /session/f4e261fc-1182-4f37-acdf-a8c96b8963f1</msg>
<msg time="2025-04-23T00:54:30.876258" level="FAIL">MaxRetryError: HTTPConnectionPool(host='127.0.0.1', port=4723): Max retries exceeded with url: /session/f4e261fc-1182-4f37-acdf-a8c96b8963f1 (Caused by NewConnectionError('&lt;urllib3.connection.HTTPConnection object at 0x000002063C0EA150&gt;: Failed to establish a new connection: [WinError 10061] Aucune connexion n’a pu être établie car l’ordinateur cible l’a expressément refusée'))</msg>
<arg>${driver}</arg>
<doc>Ferme proprement le driver Appium.</doc>
<status status="FAIL" start="2025-04-23T00:54:22.680363" elapsed="8.196895">MaxRetryError: HTTPConnectionPool(host='127.0.0.1', port=4723): Max retries exceeded with url: /session/f4e261fc-1182-4f37-acdf-a8c96b8963f1 (Caused by NewConnectionError('&lt;urllib3.connection.HTTPConnection object at 0x000002063C0EA150&gt;: Failed to establish a new connection: [WinError 10061] Aucune connexion n’a pu être établie car l’ordinateur cible l’a expressément refusée'))</status>
</kw>
<arg>'${driver}' != 'None'</arg>
<arg>Close Driver</arg>
<arg>${driver}</arg>
<doc>Runs the given keyword with the given arguments, if ``condition`` is true.</doc>
<status status="FAIL" start="2025-04-23T00:54:22.680363" elapsed="8.196895">MaxRetryError: HTTPConnectionPool(host='127.0.0.1', port=4723): Max retries exceeded with url: /session/f4e261fc-1182-4f37-acdf-a8c96b8963f1 (Caused by NewConnectionError('&lt;urllib3.connection.HTTPConnection object at 0x000002063C0EA150&gt;: Failed to establish a new connection: [WinError 10061] Aucune connexion n’a pu être établie car l’ordinateur cible l’a expressément refusée'))</status>
</kw>
<kw name="Run Keyword If" owner="BuiltIn">
<kw name="Close Driver" owner="Integration">
<msg time="2025-04-23T00:54:32.911839" level="WARN">Retrying (Retry(total=2, connect=None, read=None, redirect=None, status=None)) after connection broken by 'NewConnectionError('&lt;urllib3.connection.HTTPConnection object at 0x000002063C115190&gt;: Failed to establish a new connection: [WinError 10061] Aucune connexion n’a pu être établie car l’ordinateur cible l’a expressément refusée')': /session/ac4b4327-e7ce-4c1c-8a3c-0a8ea967cf3f</msg>
<msg time="2025-04-23T00:54:34.955806" level="WARN">Retrying (Retry(total=1, connect=None, read=None, redirect=None, status=None)) after connection broken by 'NewConnectionError('&lt;urllib3.connection.HTTPConnection object at 0x000002063C0EAA50&gt;: Failed to establish a new connection: [WinError 10061] Aucune connexion n’a pu être établie car l’ordinateur cible l’a expressément refusée')': /session/ac4b4327-e7ce-4c1c-8a3c-0a8ea967cf3f</msg>
<msg time="2025-04-23T00:54:37.000350" level="WARN">Retrying (Retry(total=0, connect=None, read=None, redirect=None, status=None)) after connection broken by 'NewConnectionError('&lt;urllib3.connection.HTTPConnection object at 0x000002063C117740&gt;: Failed to establish a new connection: [WinError 10061] Aucune connexion n’a pu être établie car l’ordinateur cible l’a expressément refusée')': /session/ac4b4327-e7ce-4c1c-8a3c-0a8ea967cf3f</msg>
<msg time="2025-04-23T00:54:39.039694" level="FAIL">MaxRetryError: HTTPConnectionPool(host='127.0.0.1', port=4723): Max retries exceeded with url: /session/ac4b4327-e7ce-4c1c-8a3c-0a8ea967cf3f (Caused by NewConnectionError('&lt;urllib3.connection.HTTPConnection object at 0x000002063C169850&gt;: Failed to establish a new connection: [WinError 10061] Aucune connexion n’a pu être établie car l’ordinateur cible l’a expressément refusée'))</msg>
<arg>${driver_mobile}</arg>
<doc>Ferme proprement le driver Appium.</doc>
<status status="FAIL" start="2025-04-23T00:54:30.878258" elapsed="8.165455">MaxRetryError: HTTPConnectionPool(host='127.0.0.1', port=4723): Max retries exceeded with url: /session/ac4b4327-e7ce-4c1c-8a3c-0a8ea967cf3f (Caused by NewConnectionError('&lt;urllib3.connection.HTTPConnection object at 0x000002063C169850&gt;: Failed to establish a new connection: [WinError 10061] Aucune connexion n’a pu être établie car l’ordinateur cible l’a expressément refusée'))</status>
</kw>
<arg>'${driver_mobile}' != 'None'</arg>
<arg>Close Driver</arg>
<arg>${driver_mobile}</arg>
<doc>Runs the given keyword with the given arguments, if ``condition`` is true.</doc>
<status status="FAIL" start="2025-04-23T00:54:30.878258" elapsed="8.165455">MaxRetryError: HTTPConnectionPool(host='127.0.0.1', port=4723): Max retries exceeded with url: /session/ac4b4327-e7ce-4c1c-8a3c-0a8ea967cf3f (Caused by NewConnectionError('&lt;urllib3.connection.HTTPConnection object at 0x000002063C169850&gt;: Failed to establish a new connection: [WinError 10061] Aucune connexion n’a pu être établie car l’ordinateur cible l’a expressément refusée'))</status>
</kw>
<status status="FAIL" start="2025-04-23T00:54:22.680363" elapsed="16.363350">Several failures occurred:

1) MaxRetryError: HTTPConnectionPool(host='127.0.0.1', port=4723): Max retries exceeded with url: /session/f4e261fc-1182-4f37-acdf-a8c96b8963f1 (Caused by NewConnectionError('&lt;urllib3.connection.HTTPConnection object at 0x000002063C0EA150&gt;: Failed to establish a new connection: [WinError 10061] Aucune connexion n’a pu être établie car l’ordinateur cible l’a expressément refusée'))

2) MaxRetryError: HTTPConnectionPool(host='127.0.0.1', port=4723): Max retries exceeded with url: /session/ac4b4327-e7ce-4c1c-8a3c-0a8ea967cf3f (Caused by NewConnectionError('&lt;urllib3.connection.HTTPConnection object at 0x000002063C169850&gt;: Failed to establish a new connection: [WinError 10061] Aucune connexion n’a pu être établie car l’ordinateur cible l’a expressément refusée'))</status>
</kw>
<doc>Ce fichier contient des tests d'activation et de désactivation du Bluetooth sur un appareil Android. Les tests vérifient que les paramètres Bluetooth sont accessibles et que les actions d'activation/désactivation fonctionnent correctement. Les tests prennent en charge les interfaces en français et en anglais.</doc>
<status status="FAIL" start="2025-04-23T00:52:42.251940" elapsed="116.791773">Suite teardown failed:
Several failures occurred:

1) MaxRetryError: HTTPConnectionPool(host='127.0.0.1', port=4723): Max retries exceeded with url: /session/f4e261fc-1182-4f37-acdf-a8c96b8963f1 (Caused by NewConnectionError('&lt;urllib3.connection.HTTPConnection object at 0x000002063C0EA150&gt;: Failed to establish a new connection: [WinError 10061] Aucune connexion n’a pu être établie car l’ordinateur cible l’a expressément refusée'))

2) MaxRetryError: HTTPConnectionPool(host='127.0.0.1', port=4723): Max retries exceeded with url: /session/ac4b4327-e7ce-4c1c-8a3c-0a8ea967cf3f (Caused by NewConnectionError('&lt;urllib3.connection.HTTPConnection object at 0x000002063C169850&gt;: Failed to establish a new connection: [WinError 10061] Aucune connexion n’a pu être établie car l’ordinateur cible l’a expressément refusée'))</status>
</suite>
<statistics>
<total>
<stat pass="0" fail="6" skip="0">All Tests</stat>
</total>
<tag>
</tag>
<suite>
<stat name="FonctionnaliteBluetooth" id="s1" pass="0" fail="6" skip="0">FonctionnaliteBluetooth</stat>
</suite>
</statistics>
<errors>
<msg time="2025-04-23T00:53:41.816627" level="WARN">Retrying (Retry(total=2, connect=None, read=None, redirect=None, status=None)) after connection broken by 'NewConnectionError('&lt;urllib3.connection.HTTPConnection object at 0x000002063C16B2F0&gt;: Failed to establish a new connection: [WinError 10061] Aucune connexion n’a pu être établie car l’ordinateur cible l’a expressément refusée')': /session/ac4b4327-e7ce-4c1c-8a3c-0a8ea967cf3f/screenshot</msg>
<msg time="2025-04-23T00:53:43.849663" level="WARN">Retrying (Retry(total=1, connect=None, read=None, redirect=None, status=None)) after connection broken by 'NewConnectionError('&lt;urllib3.connection.HTTPConnection object at 0x000002063C16ACF0&gt;: Failed to establish a new connection: [WinError 10061] Aucune connexion n’a pu être établie car l’ordinateur cible l’a expressément refusée')': /session/ac4b4327-e7ce-4c1c-8a3c-0a8ea967cf3f/screenshot</msg>
<msg time="2025-04-23T00:53:45.895407" level="WARN">Retrying (Retry(total=0, connect=None, read=None, redirect=None, status=None)) after connection broken by 'NewConnectionError('&lt;urllib3.connection.HTTPConnection object at 0x000002063C16BA10&gt;: Failed to establish a new connection: [WinError 10061] Aucune connexion n’a pu être établie car l’ordinateur cible l’a expressément refusée')': /session/ac4b4327-e7ce-4c1c-8a3c-0a8ea967cf3f/screenshot</msg>
<msg time="2025-04-23T00:53:52.011343" level="WARN">Retrying (Retry(total=2, connect=None, read=None, redirect=None, status=None)) after connection broken by 'NewConnectionError('&lt;urllib3.connection.HTTPConnection object at 0x000002063C13EA50&gt;: Failed to establish a new connection: [WinError 10061] Aucune connexion n’a pu être établie car l’ordinateur cible l’a expressément refusée')': /session/ac4b4327-e7ce-4c1c-8a3c-0a8ea967cf3f/screenshot</msg>
<msg time="2025-04-23T00:53:54.051971" level="WARN">Retrying (Retry(total=1, connect=None, read=None, redirect=None, status=None)) after connection broken by 'NewConnectionError('&lt;urllib3.connection.HTTPConnection object at 0x000002063C13D5E0&gt;: Failed to establish a new connection: [WinError 10061] Aucune connexion n’a pu être établie car l’ordinateur cible l’a expressément refusée')': /session/ac4b4327-e7ce-4c1c-8a3c-0a8ea967cf3f/screenshot</msg>
<msg time="2025-04-23T00:53:56.105655" level="WARN">Retrying (Retry(total=0, connect=None, read=None, redirect=None, status=None)) after connection broken by 'NewConnectionError('&lt;urllib3.connection.HTTPConnection object at 0x000002063C13FA40&gt;: Failed to establish a new connection: [WinError 10061] Aucune connexion n’a pu être établie car l’ordinateur cible l’a expressément refusée')': /session/ac4b4327-e7ce-4c1c-8a3c-0a8ea967cf3f/screenshot</msg>
<msg time="2025-04-23T00:54:00.193365" level="WARN">Retrying (Retry(total=2, connect=None, read=None, redirect=None, status=None)) after connection broken by 'NewConnectionError('&lt;urllib3.connection.HTTPConnection object at 0x000002063C191C40&gt;: Failed to establish a new connection: [WinError 10061] Aucune connexion n’a pu être établie car l’ordinateur cible l’a expressément refusée')': /session/f4e261fc-1182-4f37-acdf-a8c96b8963f1/actions</msg>
<msg time="2025-04-23T00:54:02.240471" level="WARN">Retrying (Retry(total=1, connect=None, read=None, redirect=None, status=None)) after connection broken by 'NewConnectionError('&lt;urllib3.connection.HTTPConnection object at 0x000002063C157E00&gt;: Failed to establish a new connection: [WinError 10061] Aucune connexion n’a pu être établie car l’ordinateur cible l’a expressément refusée')': /session/f4e261fc-1182-4f37-acdf-a8c96b8963f1/actions</msg>
<msg time="2025-04-23T00:54:04.275671" level="WARN">Retrying (Retry(total=0, connect=None, read=None, redirect=None, status=None)) after connection broken by 'NewConnectionError('&lt;urllib3.connection.HTTPConnection object at 0x000002063C156030&gt;: Failed to establish a new connection: [WinError 10061] Aucune connexion n’a pu être établie car l’ordinateur cible l’a expressément refusée')': /session/f4e261fc-1182-4f37-acdf-a8c96b8963f1/actions</msg>
<msg time="2025-04-23T00:54:08.366499" level="WARN">Retrying (Retry(total=2, connect=None, read=None, redirect=None, status=None)) after connection broken by 'NewConnectionError('&lt;urllib3.connection.HTTPConnection object at 0x000002063C114BC0&gt;: Failed to establish a new connection: [WinError 10061] Aucune connexion n’a pu être établie car l’ordinateur cible l’a expressément refusée')': /session/f4e261fc-1182-4f37-acdf-a8c96b8963f1/actions</msg>
<msg time="2025-04-23T00:54:10.408476" level="WARN">Retrying (Retry(total=1, connect=None, read=None, redirect=None, status=None)) after connection broken by 'NewConnectionError('&lt;urllib3.connection.HTTPConnection object at 0x000002063C107E60&gt;: Failed to establish a new connection: [WinError 10061] Aucune connexion n’a pu être établie car l’ordinateur cible l’a expressément refusée')': /session/f4e261fc-1182-4f37-acdf-a8c96b8963f1/actions</msg>
<msg time="2025-04-23T00:54:12.462329" level="WARN">Retrying (Retry(total=0, connect=None, read=None, redirect=None, status=None)) after connection broken by 'NewConnectionError('&lt;urllib3.connection.HTTPConnection object at 0x000002063C106870&gt;: Failed to establish a new connection: [WinError 10061] Aucune connexion n’a pu être établie car l’ordinateur cible l’a expressément refusée')': /session/f4e261fc-1182-4f37-acdf-a8c96b8963f1/actions</msg>
<msg time="2025-04-23T00:54:16.528440" level="WARN">Retrying (Retry(total=2, connect=None, read=None, redirect=None, status=None)) after connection broken by 'NewConnectionError('&lt;urllib3.connection.HTTPConnection object at 0x000002063C1169C0&gt;: Failed to establish a new connection: [WinError 10061] Aucune connexion n’a pu être établie car l’ordinateur cible l’a expressément refusée')': /session/f4e261fc-1182-4f37-acdf-a8c96b8963f1/screenshot</msg>
<msg time="2025-04-23T00:54:18.584435" level="WARN">Retrying (Retry(total=1, connect=None, read=None, redirect=None, status=None)) after connection broken by 'NewConnectionError('&lt;urllib3.connection.HTTPConnection object at 0x000002063C1147A0&gt;: Failed to establish a new connection: [WinError 10061] Aucune connexion n’a pu être établie car l’ordinateur cible l’a expressément refusée')': /session/f4e261fc-1182-4f37-acdf-a8c96b8963f1/screenshot</msg>
<msg time="2025-04-23T00:54:20.620658" level="WARN">Retrying (Retry(total=0, connect=None, read=None, redirect=None, status=None)) after connection broken by 'NewConnectionError('&lt;urllib3.connection.HTTPConnection object at 0x000002063C169730&gt;: Failed to establish a new connection: [WinError 10061] Aucune connexion n’a pu être établie car l’ordinateur cible l’a expressément refusée')': /session/f4e261fc-1182-4f37-acdf-a8c96b8963f1/screenshot</msg>
<msg time="2025-04-23T00:54:24.725148" level="WARN">Retrying (Retry(total=2, connect=None, read=None, redirect=None, status=None)) after connection broken by 'NewConnectionError('&lt;urllib3.connection.HTTPConnection object at 0x000002063C0E9820&gt;: Failed to establish a new connection: [WinError 10061] Aucune connexion n’a pu être établie car l’ordinateur cible l’a expressément refusée')': /session/f4e261fc-1182-4f37-acdf-a8c96b8963f1</msg>
<msg time="2025-04-23T00:54:26.780370" level="WARN">Retrying (Retry(total=1, connect=None, read=None, redirect=None, status=None)) after connection broken by 'NewConnectionError('&lt;urllib3.connection.HTTPConnection object at 0x000002063C0EB230&gt;: Failed to establish a new connection: [WinError 10061] Aucune connexion n’a pu être établie car l’ordinateur cible l’a expressément refusée')': /session/f4e261fc-1182-4f37-acdf-a8c96b8963f1</msg>
<msg time="2025-04-23T00:54:28.823968" level="WARN">Retrying (Retry(total=0, connect=None, read=None, redirect=None, status=None)) after connection broken by 'NewConnectionError('&lt;urllib3.connection.HTTPConnection object at 0x000002063C0EA930&gt;: Failed to establish a new connection: [WinError 10061] Aucune connexion n’a pu être établie car l’ordinateur cible l’a expressément refusée')': /session/f4e261fc-1182-4f37-acdf-a8c96b8963f1</msg>
<msg time="2025-04-23T00:54:32.911839" level="WARN">Retrying (Retry(total=2, connect=None, read=None, redirect=None, status=None)) after connection broken by 'NewConnectionError('&lt;urllib3.connection.HTTPConnection object at 0x000002063C115190&gt;: Failed to establish a new connection: [WinError 10061] Aucune connexion n’a pu être établie car l’ordinateur cible l’a expressément refusée')': /session/ac4b4327-e7ce-4c1c-8a3c-0a8ea967cf3f</msg>
<msg time="2025-04-23T00:54:34.955806" level="WARN">Retrying (Retry(total=1, connect=None, read=None, redirect=None, status=None)) after connection broken by 'NewConnectionError('&lt;urllib3.connection.HTTPConnection object at 0x000002063C0EAA50&gt;: Failed to establish a new connection: [WinError 10061] Aucune connexion n’a pu être établie car l’ordinateur cible l’a expressément refusée')': /session/ac4b4327-e7ce-4c1c-8a3c-0a8ea967cf3f</msg>
<msg time="2025-04-23T00:54:37.000350" level="WARN">Retrying (Retry(total=0, connect=None, read=None, redirect=None, status=None)) after connection broken by 'NewConnectionError('&lt;urllib3.connection.HTTPConnection object at 0x000002063C117740&gt;: Failed to establish a new connection: [WinError 10061] Aucune connexion n’a pu être établie car l’ordinateur cible l’a expressément refusée')': /session/ac4b4327-e7ce-4c1c-8a3c-0a8ea967cf3f</msg>
</errors>
</robot>
