<?xml version="1.0" encoding="UTF-8"?>
<robot generator="Robot 7.2.2 (Python 3.12.5 on win32)" generated="2025-05-28T16:52:13.623424" rpa="false" schemaversion="5">
<suite id="s1" name="TestsAudio" source="C:\Users\bahae\Documents\PfeProject\test_cases\TestsAudio.robot">
<kw name="Démarrer Driver" type="SETUP">
<kw name="Log" owner="BuiltIn">
<msg time="2025-05-28T16:52:16.378549" level="INFO">Tentative d'initialisation du driver Appium...</msg>
<arg>Tentative d'initialisation du driver Appium...</arg>
<doc>Logs the given message with the given level.</doc>
<status status="PASS" start="2025-05-28T16:52:16.378035" elapsed="0.000514"/>
</kw>
<kw name="Log" owner="BuiltIn">
<msg time="2025-05-28T16:52:16.379064" level="INFO">URL Appium: C:\Users\bahae\Documents\PfeProject\test_cases\..\config.py</msg>
<arg>URL Appium: C:\\Users\\bahae\\Documents\\PfeProject\\test_cases${/}..${/}config.py</arg>
<doc>Logs the given message with the given level.</doc>
<status status="PASS" start="2025-05-28T16:52:16.378549" elapsed="0.000515"/>
</kw>
<kw name="Run Keyword And Ignore Error" owner="BuiltIn">
<kw name="Setup Driver" owner="Integration">
<arg>${Device}</arg>
<doc>Initialise et retourne le driver Appium.</doc>
<status status="PASS" start="2025-05-28T16:52:16.379064" elapsed="4.571596"/>
</kw>
<msg time="2025-05-28T16:52:20.950660" level="INFO">${result} = ('PASS', &lt;appium.webdriver.webdriver.WebDriver (session="67505470-51dc-44ec-9562-5a411074642c")&gt;)</msg>
<var>${result}</var>
<arg>setup driver</arg>
<arg>${Device}</arg>
<doc>Runs the given keyword with the given arguments and ignores possible error.</doc>
<status status="PASS" start="2025-05-28T16:52:16.379064" elapsed="4.571596"/>
</kw>
<kw name="Set Variable" owner="BuiltIn">
<msg time="2025-05-28T16:52:20.950660" level="INFO">${status} = PASS</msg>
<msg time="2025-05-28T16:52:20.950660" level="INFO">${driver} = &lt;appium.webdriver.webdriver.WebDriver (session="67505470-51dc-44ec-9562-5a411074642c")&gt;</msg>
<var>${status}</var>
<var>${driver}</var>
<arg>${result}</arg>
<doc>Returns the given values which can then be assigned to a variables.</doc>
<status status="PASS" start="2025-05-28T16:52:20.950660" elapsed="0.000999"/>
</kw>
<if>
<branch type="IF" condition="'${status}' == 'FAIL'">
<kw name="Log" owner="BuiltIn">
<arg>Échec de l'initialisation du driver: ${driver}</arg>
<doc>Logs the given message with the given level.</doc>
<status status="NOT RUN" start="2025-05-28T16:52:20.951659" elapsed="0.000000"/>
</kw>
<kw name="Fail" owner="BuiltIn">
<arg>Impossible d'initialiser le driver Appium: ${driver}</arg>
<doc>Fails the test with the given message and optionally alters its tags.</doc>
<status status="NOT RUN" start="2025-05-28T16:52:20.951659" elapsed="0.000000"/>
</kw>
<status status="NOT RUN" start="2025-05-28T16:52:20.951659" elapsed="0.000000"/>
</branch>
<status status="PASS" start="2025-05-28T16:52:20.951659" elapsed="0.000000"/>
</if>
<kw name="Set Suite Variable" owner="BuiltIn">
<msg time="2025-05-28T16:52:20.951659" level="INFO">${driver} = &lt;appium.webdriver.webdriver.WebDriver (session="67505470-51dc-44ec-9562-5a411074642c")&gt;</msg>
<arg>${driver}</arg>
<doc>Makes a variable available everywhere within the scope of the current suite.</doc>
<status status="PASS" start="2025-05-28T16:52:20.951659" elapsed="0.000000"/>
</kw>
<kw name="Log" owner="BuiltIn">
<msg time="2025-05-28T16:52:20.952658" level="INFO">Driver Appium initialisé avec succès</msg>
<arg>Driver Appium initialisé avec succès</arg>
<doc>Logs the given message with the given level.</doc>
<status status="PASS" start="2025-05-28T16:52:20.951659" elapsed="0.000999"/>
</kw>
<status status="PASS" start="2025-05-28T16:52:16.377033" elapsed="4.575625"/>
</kw>
<test id="s1-t1" name="Test Audio Player And Playback" line="243">
<kw name="Navigate To Audio Player App">
<kw name="Start Activity Code" owner="Integration">
<arg>${driver}</arg>
<arg>com.example.audioapplicationtest/.AudioPlayerActivity</arg>
<doc>Lance une activité spécifique sur un appareil Android via Appium.</doc>
<status status="PASS" start="2025-05-28T16:52:20.953180" elapsed="0.060349"/>
</kw>
<kw name="Sleep" owner="BuiltIn">
<msg time="2025-05-28T16:52:24.014683" level="INFO">Slept 3 seconds.</msg>
<arg>3s</arg>
<doc>Pauses the test executed for the given time.</doc>
<status status="PASS" start="2025-05-28T16:52:21.014531" elapsed="3.000152"/>
</kw>
<kw name="Print Activity" owner="Integration">
<msg time="2025-05-28T16:52:24.107164" level="INFO">${current_activity} = com.example.audioapplicationtest/.AudioPlayerActivity</msg>
<var>${current_activity}</var>
<arg>${driver}</arg>
<doc>Retourne l'activité complète sous la forme 'com.android.car.messenger/.ui.launcher.MessageLauncherActivity'.</doc>
<status status="PASS" start="2025-05-28T16:52:24.014683" elapsed="0.093483"/>
</kw>
<kw name="Should Contain" owner="BuiltIn">
<arg>${current_activity}</arg>
<arg>com.example.audioapplicationtest/.AudioPlayerActivity</arg>
<arg>L'application n'est pas correctement lancée</arg>
<doc>Fails if ``container`` does not contain ``item`` one or more times.</doc>
<status status="PASS" start="2025-05-28T16:52:24.108166" elapsed="0.000000"/>
</kw>
<status status="PASS" start="2025-05-28T16:52:20.953180" elapsed="3.154986"/>
</kw>
<kw name="Record Audio" owner="Integration">
<msg time="2025-05-28T16:52:24.117203" level="INFO">✅ Enregistrement audio réussi : Enregistrement audio démarré</msg>
<msg time="2025-05-28T16:52:24.117203" level="INFO">${recording_success} = True</msg>
<var>${recording_success}</var>
<arg>${driver}</arg>
<arg>23</arg>
<doc>Enregistre l'audio du système via l'API Flask.</doc>
<status status="PASS" start="2025-05-28T16:52:24.108166" elapsed="0.009037"/>
</kw>
<kw name="Should Be True" owner="BuiltIn">
<arg>${recording_success}</arg>
<arg>L'enregistrement audio a échoué</arg>
<doc>Fails if the given condition is not true.</doc>
<status status="PASS" start="2025-05-28T16:52:24.118203" elapsed="0.000000"/>
</kw>
<kw name="Sleep" owner="BuiltIn">
<msg time="2025-05-28T16:52:25.118724" level="INFO">Slept 1 second.</msg>
<arg>1s</arg>
<doc>Pauses the test executed for the given time.</doc>
<status status="PASS" start="2025-05-28T16:52:24.118203" elapsed="1.000521"/>
</kw>
<kw name="Click Play Button">
<kw name="Wait For Record Button">
<kw name="Wait Until Keyword Succeeds" owner="BuiltIn">
<kw name="Check Element Exists" owner="Integration">
<arg>${driver}</arg>
<arg>//android.widget.Button[@text="START"]</arg>
<doc>Vérifie si un élément existe en utilisant le XPath donné.</doc>
<status status="PASS" start="2025-05-28T16:52:25.119709" elapsed="0.723562"/>
</kw>
<arg>${timeout}</arg>
<arg>${QUICK_WAIT}</arg>
<arg>Check Element Exists</arg>
<arg>${driver}</arg>
<arg>//android.widget.Button[@text="START"]</arg>
<doc>Runs the specified keyword and retries if it fails.</doc>
<status status="PASS" start="2025-05-28T16:52:25.118724" elapsed="0.724547"/>
</kw>
<status status="PASS" start="2025-05-28T16:52:25.118724" elapsed="0.724547"/>
</kw>
<kw name="Check Element Exists" owner="Integration">
<msg time="2025-05-28T16:52:25.945792" level="INFO">${button_exists} = True</msg>
<var>${button_exists}</var>
<arg>${driver}</arg>
<arg>//android.widget.Button[@text="PLAY TEST WAV"]</arg>
<doc>Vérifie si un élément existe en utilisant le XPath donné.</doc>
<status status="PASS" start="2025-05-28T16:52:25.843271" elapsed="0.102521"/>
</kw>
<kw name="Should Be True" owner="BuiltIn">
<arg>${button_exists}</arg>
<arg>Le bouton PLAY TEST WAV n'est pas visible</arg>
<doc>Fails if the given condition is not true.</doc>
<status status="PASS" start="2025-05-28T16:52:25.945792" elapsed="0.001000"/>
</kw>
<kw name="Run Keyword And Return Status" owner="BuiltIn">
<kw name="Click Element By Xpath Bounds" owner="Integration">
<arg>${driver}</arg>
<arg>//android.widget.Button[@text="PLAY TEST WAV"]</arg>
<doc>Trouve un élément par XPath et clique dessus en utilisant ses bounds.</doc>
<status status="PASS" start="2025-05-28T16:52:25.946792" elapsed="0.518093"/>
</kw>
<msg time="2025-05-28T16:52:26.465884" level="INFO">${success} = True</msg>
<var>${success}</var>
<arg>click_element_by_xpath_bounds</arg>
<arg>${driver}</arg>
<arg>//android.widget.Button[@text="PLAY TEST WAV"]</arg>
<doc>Runs the given keyword with given arguments and returns the status as a Boolean value.</doc>
<status status="PASS" start="2025-05-28T16:52:25.946792" elapsed="0.519092"/>
</kw>
<kw name="Should Be True" owner="BuiltIn">
<arg>${success}</arg>
<arg>Impossible de cliquer sur le bouton START</arg>
<doc>Fails if the given condition is not true.</doc>
<status status="PASS" start="2025-05-28T16:52:26.465884" elapsed="0.000000"/>
</kw>
<status status="PASS" start="2025-05-28T16:52:25.118724" elapsed="1.347160"/>
</kw>
<kw name="Sleep" owner="BuiltIn">
<msg time="2025-05-28T16:52:48.466405" level="INFO">Slept 22 seconds.</msg>
<arg>22s</arg>
<doc>Pauses the test executed for the given time.</doc>
<status status="PASS" start="2025-05-28T16:52:26.465884" elapsed="22.000521"/>
</kw>
<kw name="Compare Audio Files Play">
<kw name="Compare With Latest Recorded Play">
<msg time="2025-05-28T16:52:48.468940" level="FAIL">No keyword with name 'Compare With Latest Recorded Play' found.</msg>
<var>${test_passed}</var>
<var>${metrics}</var>
<arg>${original_audio}</arg>
<status status="FAIL" start="2025-05-28T16:52:48.467943" elapsed="0.000997">No keyword with name 'Compare With Latest Recorded Play' found.</status>
</kw>
<kw name="Log" owner="BuiltIn">
<arg>SNR: ${metrics['snr']} dB (seuil: 20 dB)</arg>
<doc>Logs the given message with the given level.</doc>
<status status="NOT RUN" start="2025-05-28T16:52:48.468940" elapsed="0.000000"/>
</kw>
<kw name="Log" owner="BuiltIn">
<arg>Corrélation: ${metrics['correlation']} (seuil: 0.9)</arg>
<doc>Logs the given message with the given level.</doc>
<status status="NOT RUN" start="2025-05-28T16:52:48.468940" elapsed="0.000000"/>
</kw>
<kw name="Log" owner="BuiltIn">
<arg>MOS: ${metrics['mos']}/5 (seuil: 3.0)</arg>
<doc>Logs the given message with the given level.</doc>
<status status="NOT RUN" start="2025-05-28T16:52:48.468940" elapsed="0.000000"/>
</kw>
<kw name="Log" owner="BuiltIn">
<arg>Clarté: ${metrics['clarity']} (seuil: 0.8)</arg>
<doc>Logs the given message with the given level.</doc>
<status status="NOT RUN" start="2025-05-28T16:52:48.468940" elapsed="0.000000"/>
</kw>
<kw name="Evaluate" owner="BuiltIn">
<var>${snr_ok}</var>
<arg>${metrics['snr']} &gt;= 20</arg>
<doc>Evaluates the given expression in Python and returns the result.</doc>
<status status="NOT RUN" start="2025-05-28T16:52:48.468940" elapsed="0.000000"/>
</kw>
<kw name="Evaluate" owner="BuiltIn">
<var>${correlation_ok}</var>
<arg>${metrics['correlation']} &gt;= 0.9</arg>
<doc>Evaluates the given expression in Python and returns the result.</doc>
<status status="NOT RUN" start="2025-05-28T16:52:48.468940" elapsed="0.000000"/>
</kw>
<kw name="Evaluate" owner="BuiltIn">
<var>${mos_ok}</var>
<arg>${metrics['mos']} &gt;= 3.0</arg>
<doc>Evaluates the given expression in Python and returns the result.</doc>
<status status="NOT RUN" start="2025-05-28T16:52:48.468940" elapsed="0.000000"/>
</kw>
<kw name="Evaluate" owner="BuiltIn">
<var>${clarity_ok}</var>
<arg>${metrics['clarity']} &gt;= 0.8</arg>
<doc>Evaluates the given expression in Python and returns the result.</doc>
<status status="NOT RUN" start="2025-05-28T16:52:48.469940" elapsed="0.000000"/>
</kw>
<kw name="Evaluate" owner="BuiltIn">
<var>${test_passed}</var>
<arg>${snr_ok} and ${correlation_ok} and ${mos_ok} and ${clarity_ok}</arg>
<doc>Evaluates the given expression in Python and returns the result.</doc>
<status status="NOT RUN" start="2025-05-28T16:52:48.469940" elapsed="0.000000"/>
</kw>
<if>
<branch type="IF" condition="not ${test_passed}">
<kw name="Log" owner="BuiltIn">
<arg>❌ Test échoué - Métriques critiques non satisfaites</arg>
<doc>Logs the given message with the given level.</doc>
<status status="NOT RUN" start="2025-05-28T16:52:48.469940" elapsed="0.000000"/>
</kw>
<kw name="Fail" owner="BuiltIn">
<arg>Test audio échoué - Vérifiez les métriques dans les logs</arg>
<doc>Fails the test with the given message and optionally alters its tags.</doc>
<status status="NOT RUN" start="2025-05-28T16:52:48.469940" elapsed="0.000000"/>
</kw>
<status status="NOT RUN" start="2025-05-28T16:52:48.469940" elapsed="0.000522"/>
</branch>
<branch type="ELSE">
<kw name="Log" owner="BuiltIn">
<arg>✅ Test réussi - Toutes les métriques sont satisfaites</arg>
<doc>Logs the given message with the given level.</doc>
<status status="NOT RUN" start="2025-05-28T16:52:48.470462" elapsed="0.000000"/>
</kw>
<status status="NOT RUN" start="2025-05-28T16:52:48.470462" elapsed="0.000000"/>
</branch>
<status status="NOT RUN" start="2025-05-28T16:52:48.469940" elapsed="0.000522"/>
</if>
<return>
<value>${test_passed}</value>
<value>${metrics}</value>
<status status="NOT RUN" start="2025-05-28T16:52:48.470462" elapsed="0.000000"/>
</return>
<arg>C:\\Users\\bahae\\Documents\\PfeProject\\test_cases${/}test.wav</arg>
<status status="FAIL" start="2025-05-28T16:52:48.466915" elapsed="0.003547">No keyword with name 'Compare With Latest Recorded Play' found.</status>
</kw>
<doc>Verifies audio recording and playback functionality
- Navigates to audio recording app
- Records audio for a specified duration
- Plays audio
- Supports both French and English interfaces</doc>
<tag>audio</tag>
<tag>playback</tag>
<tag>recording</tag>
<status status="FAIL" start="2025-05-28T16:52:20.952658" elapsed="27.517804">No keyword with name 'Compare With Latest Recorded Play' found.</status>
</test>
<kw name="Fermer Driver" type="TEARDOWN">
<kw name="Run Keyword And Return Status" owner="BuiltIn">
<kw name="Variable Should Exist" owner="BuiltIn">
<arg>${driver}</arg>
<doc>Fails unless the given variable exists within the current scope.</doc>
<status status="PASS" start="2025-05-28T16:52:48.471455" elapsed="0.000000"/>
</kw>
<msg time="2025-05-28T16:52:48.471455" level="INFO">${driver_exists} = True</msg>
<var>${driver_exists}</var>
<arg>Variable Should Exist</arg>
<arg>${driver}</arg>
<doc>Runs the given keyword with given arguments and returns the status as a Boolean value.</doc>
<status status="PASS" start="2025-05-28T16:52:48.471455" elapsed="0.000000"/>
</kw>
<if>
<branch type="IF" condition="${driver_exists}">
<kw name="Run Keyword And Return Status" owner="BuiltIn">
<kw name="Close Driver" owner="Integration">
<arg>${driver}</arg>
<doc>Ferme proprement le driver Appium.</doc>
<status status="PASS" start="2025-05-28T16:52:48.471455" elapsed="0.194469"/>
</kw>
<msg time="2025-05-28T16:52:48.665924" level="INFO">${close_success} = True</msg>
<var>${close_success}</var>
<arg>Close Driver</arg>
<arg>${driver}</arg>
<doc>Runs the given keyword with given arguments and returns the status as a Boolean value.</doc>
<status status="PASS" start="2025-05-28T16:52:48.471455" elapsed="0.195468"/>
</kw>
<if>
<branch type="IF" condition="not ${close_success}">
<kw name="Log" owner="BuiltIn">
<arg>Warning: Impossible de fermer proprement le driver Appium</arg>
<doc>Logs the given message with the given level.</doc>
<status status="NOT RUN" start="2025-05-28T16:52:48.666923" elapsed="0.000000"/>
</kw>
<status status="NOT RUN" start="2025-05-28T16:52:48.666923" elapsed="0.000000"/>
</branch>
<status status="PASS" start="2025-05-28T16:52:48.666923" elapsed="0.000000"/>
</if>
<status status="PASS" start="2025-05-28T16:52:48.471455" elapsed="0.195468"/>
</branch>
<status status="PASS" start="2025-05-28T16:52:48.471455" elapsed="0.195468"/>
</if>
<status status="PASS" start="2025-05-28T16:52:48.471455" elapsed="0.195468"/>
</kw>
<doc>Tests for audio recording and playback functionality
- Verifies audio recording capabilities
- Verifies audio playback capabilities
- Supports both French and English interfaces</doc>
<status status="FAIL" start="2025-05-28T16:52:13.632973" elapsed="35.033950"/>
</suite>
<statistics>
<total>
<stat pass="0" fail="1" skip="0">All Tests</stat>
</total>
<tag>
<stat pass="0" fail="1" skip="0">audio</stat>
<stat pass="0" fail="1" skip="0">playback</stat>
<stat pass="0" fail="1" skip="0">recording</stat>
</tag>
<suite>
<stat name="TestsAudio" id="s1" pass="0" fail="1" skip="0">TestsAudio</stat>
</suite>
</statistics>
<errors>
<msg time="2025-05-28T16:52:16.371515" level="ERROR">Error in file 'C:\Users\bahae\Documents\PfeProject\test_cases\TestsAudio.robot' on line 10: Importing library 'C:\Users\bahae\Documents\PfeProject\test_cases\TestAudio.py' failed: ModuleNotFoundError: No module named 'matplotlib'
Traceback (most recent call last):
  File "C:\Users\bahae\Documents\PfeProject\test_cases\TestAudio.py", line 3, in &lt;module&gt;
    import matplotlib
PYTHONPATH:
  C:\Users\bahae\Documents\PfeProject\test_cases
  C:\Users\bahae\AppData\Roaming\JetBrains\PyCharm2024.3\plugins\robotframework-intellij\lib\robotframework_debug_adapter
  C:\Users\bahae\Documents\PfeProject
  C:\Users\bahae\AppData\Roaming\JetBrains\PyCharm2024.3\plugins\robotframework-intellij\lib
  C:\Users\bahae\AppData\Roaming\JetBrains\PyCharm2024.3\plugins\robotframework-intellij\lib\robotframework_ls\vendored
  C:\Users\bahae\AppData\Local\Programs\Python\Python312\python312.zip
  C:\Users\bahae\AppData\Local\Programs\Python\Python312\DLLs
  C:\Users\bahae\AppData\Local\Programs\Python\Python312\Lib
  C:\Users\bahae\AppData\Local\Programs\Python\Python312
  C:\Users\bahae\AppData\Local\Programs\Python\Python312\Lib\site-packages</msg>
</errors>
</robot>
