<?xml version="1.0" encoding="UTF-8"?>
<robot generator="Robot 7.2.2 (Python 3.12.5 on win32)" generated="2025-04-29T14:30:09.170861" rpa="false" schemaversion="5">
<suite id="s1" name="FonctionnaliteMaps" source="C:\Users\bahae\Desktop\PfeProject\test_cases\FonctionnaliteMaps.robot">
<kw name="Démarrer Driver" type="SETUP">
<kw name="Setup Driver" owner="Integration">
<msg time="2025-04-29T14:30:17.121265" level="INFO">${driver} = &lt;appium.webdriver.webdriver.WebDriver (session="a920fdc4-92ba-4fb4-82cc-9450d9a74022")&gt;</msg>
<var>${driver}</var>
<arg>${Device}</arg>
<doc>Initialise et retourne le driver Appium.</doc>
<status status="PASS" start="2025-04-29T14:30:09.806850" elapsed="7.315430"/>
</kw>
<kw name="Set Suite Variable" owner="BuiltIn">
<msg time="2025-04-29T14:30:17.122280" level="INFO">${driver} = &lt;appium.webdriver.webdriver.WebDriver (session="a920fdc4-92ba-4fb4-82cc-9450d9a74022")&gt;</msg>
<arg>${driver}</arg>
<doc>Makes a variable available everywhere within the scope of the current suite.</doc>
<status status="PASS" start="2025-04-29T14:30:17.122280" elapsed="0.000986"/>
</kw>
<status status="PASS" start="2025-04-29T14:30:09.805851" elapsed="7.317415"/>
</kw>
<test id="s1-t1" name="Test GPS Location Functionality" line="33">
<kw name="Set Location ViaAdb" owner="Integration">
<msg time="2025-04-29T14:30:17.202225" level="INFO">[OK] Position définie : -74.0060, 40.7128</msg>
<arg>${Device}</arg>
<arg>${Longitude}</arg>
<arg>${Latitude}</arg>
<doc>Définit une nouvelle position GPS via une API Flask sur le host.</doc>
<status status="PASS" start="2025-04-29T14:30:17.123266" elapsed="0.078959"/>
</kw>
<kw name="Sleep" owner="BuiltIn">
<msg time="2025-04-29T14:30:19.203720" level="INFO">Slept 2 seconds.</msg>
<arg>2s</arg>
<doc>Pauses the test executed for the given time.</doc>
<status status="PASS" start="2025-04-29T14:30:17.203226" elapsed="2.000494"/>
</kw>
<kw name="Get Location ViaAdb" owner="Integration">
<msg time="2025-04-29T14:30:19.270702" level="INFO">${current_latitude} = 40.7128</msg>
<msg time="2025-04-29T14:30:19.270702" level="INFO">${current_longitude} = -74.006</msg>
<var>${current_latitude}</var>
<var>${current_longitude}</var>
<arg>${Device}</arg>
<status status="PASS" start="2025-04-29T14:30:19.203720" elapsed="0.066982"/>
</kw>
<kw name="Should Be Equal As Numbers" owner="BuiltIn">
<msg time="2025-04-29T14:30:19.271222" level="INFO">Argument types are:
&lt;class 'float'&gt;
&lt;class 'str'&gt;</msg>
<arg>${current_latitude}</arg>
<arg>${Latitude}</arg>
<doc>Fails if objects are unequal after converting them to real numbers.</doc>
<status status="PASS" start="2025-04-29T14:30:19.271222" elapsed="0.000000"/>
</kw>
<kw name="Should Be Equal As Numbers" owner="BuiltIn">
<msg time="2025-04-29T14:30:19.271222" level="INFO">Argument types are:
&lt;class 'float'&gt;
&lt;class 'str'&gt;</msg>
<arg>${current_longitude}</arg>
<arg>${Longitude}</arg>
<doc>Fails if objects are unequal after converting them to real numbers.</doc>
<status status="PASS" start="2025-04-29T14:30:19.271222" elapsed="0.000000"/>
</kw>
<doc>Ce test définit la localisation GPS et vérifie qu'elle est correcte.</doc>
<tag>gps</tag>
<status status="PASS" start="2025-04-29T14:30:17.123266" elapsed="2.147956"/>
</test>
<kw name="Fermer Driver" type="TEARDOWN">
<kw name="Close Driver" owner="Integration">
<arg>${driver}</arg>
<doc>Ferme proprement le driver Appium.</doc>
<status status="PASS" start="2025-04-29T14:30:19.272217" elapsed="0.242663"/>
</kw>
<status status="PASS" start="2025-04-29T14:30:19.272217" elapsed="0.242663"/>
</kw>
<status status="PASS" start="2025-04-29T14:30:09.184456" elapsed="10.330424"/>
</suite>
<statistics>
<total>
<stat pass="1" fail="0" skip="0">All Tests</stat>
</total>
<tag>
<stat pass="1" fail="0" skip="0">gps</stat>
</tag>
<suite>
<stat name="FonctionnaliteMaps" id="s1" pass="1" fail="0" skip="0">FonctionnaliteMaps</stat>
</suite>
</statistics>
<errors>
</errors>
</robot>
