<?xml version="1.0" encoding="UTF-8"?>
<robot generator="Robot 7.2.2 (Python 3.12.5 on win32)" generated="2025-05-05T01:51:11.461061" rpa="false" schemaversion="5">
<suite id="s1" name="FonctionnaliteBluetooth" source="C:\Users\bahae\Desktop\PfeProject\test_cases\FonctionnaliteBluetooth.robot">
<kw name="Démarrer Driver" type="SETUP">
<kw name="Setup Driver" owner="Integration">
<msg time="2025-05-05T01:51:27.672261" level="INFO">${driver} = &lt;appium.webdriver.webdriver.WebDriver (session="d9960e48-c752-4c0c-ab16-879df6722c22")&gt;</msg>
<var>${driver}</var>
<arg>${Device}</arg>
<doc>Initialise et retourne le driver Appium.</doc>
<status status="PASS" start="2025-05-05T01:51:21.500428" elapsed="6.173832"/>
</kw>
<kw name="Log" owner="BuiltIn">
<msg time="2025-05-05T01:51:27.675262" level="INFO">Driver for emulator-5556: &lt;appium.webdriver.webdriver.WebDriver (session="d9960e48-c752-4c0c-ab16-879df6722c22")&gt;</msg>
<arg>Driver for ${Device}: ${driver}</arg>
<doc>Logs the given message with the given level.</doc>
<status status="PASS" start="2025-05-05T01:51:27.675262" elapsed="0.000000"/>
</kw>
<kw name="Setup Driver Mobile" owner="script_mobile">
<msg time="2025-05-05T01:51:33.160667" level="INFO">${driver_mobile} = &lt;appium.webdriver.webdriver.WebDriver (session="c02f1a52-84d5-4279-9265-c98c17ec0e47")&gt;</msg>
<var>${driver_mobile}</var>
<arg>${Device_mobile}</arg>
<doc>Initialise et retourne le driver Appium.</doc>
<status status="PASS" start="2025-05-05T01:51:27.676264" elapsed="5.484403"/>
</kw>
<kw name="Set Suite Variable" owner="BuiltIn">
<msg time="2025-05-05T01:51:33.160667" level="INFO">${driver} = &lt;appium.webdriver.webdriver.WebDriver (session="d9960e48-c752-4c0c-ab16-879df6722c22")&gt;</msg>
<arg>${driver}</arg>
<doc>Makes a variable available everywhere within the scope of the current suite.</doc>
<status status="PASS" start="2025-05-05T01:51:33.160667" elapsed="0.001003"/>
</kw>
<kw name="Set Suite Variable" owner="BuiltIn">
<msg time="2025-05-05T01:51:33.161670" level="INFO">${driver_mobile} = &lt;appium.webdriver.webdriver.WebDriver (session="c02f1a52-84d5-4279-9265-c98c17ec0e47")&gt;</msg>
<arg>${driver_mobile}</arg>
<doc>Makes a variable available everywhere within the scope of the current suite.</doc>
<status status="PASS" start="2025-05-05T01:51:33.161670" elapsed="0.000000"/>
</kw>
<status status="PASS" start="2025-05-05T01:51:21.499429" elapsed="11.662241"/>
</kw>
<test id="s1-t1" name="Test Pairing Bluetooth" line="87">
<kw name="Get System Language" owner="Integration">
<msg time="2025-05-05T01:51:33.212242" level="INFO">${lang} = fr</msg>
<var>${lang}</var>
<arg>${Device}</arg>
<status status="PASS" start="2025-05-05T01:51:33.162671" elapsed="0.050573"/>
</kw>
<if>
<branch type="IF" condition="'${lang}' == 'fr'">
<kw name="Set Variable" owner="BuiltIn">
<msg time="2025-05-05T01:51:33.214243" level="INFO">${System} = Système</msg>
<var>${System}</var>
<arg>Système</arg>
<doc>Returns the given values which can then be assigned to a variables.</doc>
<status status="PASS" start="2025-05-05T01:51:33.213244" elapsed="0.000999"/>
</kw>
<kw name="Set Variable" owner="BuiltIn">
<msg time="2025-05-05T01:51:33.214243" level="INFO">${Setting} = Paramètres</msg>
<var>${Setting}</var>
<arg>Paramètres</arg>
<doc>Returns the given values which can then be assigned to a variables.</doc>
<status status="PASS" start="2025-05-05T01:51:33.214243" elapsed="0.000000"/>
</kw>
<kw name="Set Variable" owner="BuiltIn">
<msg time="2025-05-05T01:51:33.214243" level="INFO">${apps} = Applis</msg>
<var>${apps}</var>
<arg>Applis</arg>
<doc>Returns the given values which can then be assigned to a variables.</doc>
<status status="PASS" start="2025-05-05T01:51:33.214243" elapsed="0.000000"/>
</kw>
<kw name="Set Variable" owner="BuiltIn">
<msg time="2025-05-05T01:51:33.215241" level="INFO">${Consulter_allapps} = Voir les</msg>
<var>${Consulter_allapps}</var>
<arg>Voir les</arg>
<doc>Returns the given values which can then be assigned to a variables.</doc>
<status status="PASS" start="2025-05-05T01:51:33.215241" elapsed="0.000000"/>
</kw>
<kw name="Set Variable" owner="BuiltIn">
<msg time="2025-05-05T01:51:33.215241" level="INFO">${DesButton} = Désinstaller</msg>
<var>${DesButton}</var>
<arg>Désinstaller</arg>
<doc>Returns the given values which can then be assigned to a variables.</doc>
<status status="PASS" start="2025-05-05T01:51:33.215241" elapsed="0.000000"/>
</kw>
<kw name="Set Variable" owner="BuiltIn">
<msg time="2025-05-05T01:51:33.216242" level="INFO">${confirme} = OK</msg>
<var>${confirme}</var>
<arg>OK</arg>
<doc>Returns the given values which can then be assigned to a variables.</doc>
<status status="PASS" start="2025-05-05T01:51:33.215241" elapsed="0.001001"/>
</kw>
<kw name="Set Variable" owner="BuiltIn">
<msg time="2025-05-05T01:51:33.216242" level="INFO">${pairing} = Associer un nouvel appareil</msg>
<var>${pairing}</var>
<arg>Associer un nouvel appareil</arg>
<doc>Returns the given values which can then be assigned to a variables.</doc>
<status status="PASS" start="2025-05-05T01:51:33.216242" elapsed="0.000000"/>
</kw>
<kw name="Set Variable" owner="BuiltIn">
<msg time="2025-05-05T01:51:33.216242" level="INFO">${pairing_conf} = Associer</msg>
<var>${pairing_conf}</var>
<arg>Associer</arg>
<doc>Returns the given values which can then be assigned to a variables.</doc>
<status status="PASS" start="2025-05-05T01:51:33.216242" elapsed="0.000000"/>
</kw>
<kw name="Set Variable" owner="BuiltIn">
<msg time="2025-05-05T01:51:33.217256" level="INFO">${pairing_conf2} = Continuer</msg>
<var>${pairing_conf2}</var>
<arg>Continuer</arg>
<doc>Returns the given values which can then be assigned to a variables.</doc>
<status status="PASS" start="2025-05-05T01:51:33.216242" elapsed="0.001014"/>
</kw>
<status status="PASS" start="2025-05-05T01:51:33.213244" elapsed="0.004012"/>
</branch>
<branch type="ELSE">
<kw name="Set Variable" owner="BuiltIn">
<var>${System}</var>
<arg>System</arg>
<doc>Returns the given values which can then be assigned to a variables.</doc>
<status status="NOT RUN" start="2025-05-05T01:51:33.217256" elapsed="0.000000"/>
</kw>
<kw name="Set Variable" owner="BuiltIn">
<var>${Setting}</var>
<arg>Settings</arg>
<doc>Returns the given values which can then be assigned to a variables.</doc>
<status status="NOT RUN" start="2025-05-05T01:51:33.217256" elapsed="0.000000"/>
</kw>
<kw name="Set Variable" owner="BuiltIn">
<var>${apps}</var>
<arg>Apps</arg>
<doc>Returns the given values which can then be assigned to a variables.</doc>
<status status="NOT RUN" start="2025-05-05T01:51:33.217256" elapsed="0.000000"/>
</kw>
<kw name="Set Variable" owner="BuiltIn">
<var>${Consulter_allapps}</var>
<arg>See all</arg>
<doc>Returns the given values which can then be assigned to a variables.</doc>
<status status="NOT RUN" start="2025-05-05T01:51:33.218242" elapsed="0.000000"/>
</kw>
<kw name="Set Variable" owner="BuiltIn">
<var>${DesButton}</var>
<arg>Uninstall</arg>
<doc>Returns the given values which can then be assigned to a variables.</doc>
<status status="NOT RUN" start="2025-05-05T01:51:33.218242" elapsed="0.000000"/>
</kw>
<kw name="Set Variable" owner="BuiltIn">
<var>${confirme}</var>
<arg>OK</arg>
<doc>Returns the given values which can then be assigned to a variables.</doc>
<status status="NOT RUN" start="2025-05-05T01:51:33.218242" elapsed="0.000000"/>
</kw>
<kw name="Set Variable" owner="BuiltIn">
<var>${pairing}</var>
<arg>Pair new device</arg>
<doc>Returns the given values which can then be assigned to a variables.</doc>
<status status="NOT RUN" start="2025-05-05T01:51:33.218242" elapsed="0.000000"/>
</kw>
<kw name="Set Variable" owner="BuiltIn">
<var>${pairing_conf}</var>
<arg>Pair</arg>
<doc>Returns the given values which can then be assigned to a variables.</doc>
<status status="NOT RUN" start="2025-05-05T01:51:33.218242" elapsed="0.000000"/>
</kw>
<kw name="Set Variable" owner="BuiltIn">
<var>${pairing_conf2}</var>
<arg>Continue</arg>
<doc>Returns the given values which can then be assigned to a variables.</doc>
<status status="NOT RUN" start="2025-05-05T01:51:33.218242" elapsed="0.000000"/>
</kw>
<status status="NOT RUN" start="2025-05-05T01:51:33.217256" elapsed="0.002000"/>
</branch>
<status status="PASS" start="2025-05-05T01:51:33.213244" elapsed="0.006012"/>
</if>
<kw name="Open Application With Click" owner="Integration">
<msg time="2025-05-05T01:51:48.119893" level="INFO">📌 Liste des applications détectées : ['Agenda', 'Appium Settings', 'ARD Audiothek', 'Audio Bluetooth', 'Crunchyroll', 'Enregistreur vocal', 'Google Assistant', 'Google\xa0Actualités', 'Home Assistant', 'Local Media Player', 'Maps', 'Paramètres', 'Play\xa0Store', 'Prime Video', 'SMS']
📌 First Home Page détectée : ['Agenda', 'Appium Settings', 'ARD Audiothek', 'Audio Bluetooth', 'Crunchyroll', 'Enregistreur vocal', 'Google Assistant', 'Google\xa0Actualités', 'Home Assistant', 'Local Media Player', 'Maps', 'Paramètres', 'Play\xa0Store', 'Prime Video', 'SMS']

📌 Liste des applications détectées : ['Agenda', 'Appium Settings', 'ARD Audiothek', 'Audio Bluetooth', 'Crunchyroll', 'Enregistreur vocal', 'Google Assistant', 'Google\xa0Actualités', 'Home Assistant', 'Local Media Player', 'Maps', 'Paramètres', 'Play\xa0Store', 'Prime Video', 'SMS']
✅ Retour à la first home page !

📌 Liste des applications détectées : ['Agenda', 'Appium Settings', 'ARD Audiothek', 'Audio Bluetooth', 'Crunchyroll', 'Enregistreur vocal', 'Google Assistant', 'Google\xa0Actualités', 'Home Assistant', 'Local Media Player', 'Maps', 'Paramètres', 'Play\xa0Store', 'Prime Video', 'SMS']
378 619 522 657</msg>
<msg time="2025-05-05T01:51:48.120893" level="INFO">${resultat} = True</msg>
<var>${resultat}</var>
<arg>${driver}</arg>
<arg>${Setting}</arg>
<status status="PASS" start="2025-05-05T01:51:33.219256" elapsed="14.901637"/>
</kw>
<kw name="Clique Sur Setting" owner="Integration">
<msg time="2025-05-05T01:51:49.959150" level="INFO">(0, 76, 550, 696)
✅ 'Bluetooth' trouvé sans swipe. Appui en cours...</msg>
<arg>${driver}</arg>
<arg>Bluetooth</arg>
<arg>${Setting_menu}</arg>
<status status="PASS" start="2025-05-05T01:51:48.120893" elapsed="1.838257"/>
</kw>
<kw name="Get Bluetooth Name" owner="script_mobile">
<msg time="2025-05-05T01:51:50.032379" level="INFO">${name_bluetooth_mobile} = sdk_gphone64_x86_64</msg>
<var>${name_bluetooth_mobile}</var>
<arg>${driver_mobile}</arg>
<doc>Récupère le nom de l'appareil Bluetooth via ADB.</doc>
<status status="PASS" start="2025-05-05T01:51:49.959150" elapsed="0.073229"/>
</kw>
<kw name="Log" owner="BuiltIn">
<msg time="2025-05-05T01:51:50.032379" level="INFO">sdk_gphone64_x86_64</msg>
<arg>${name_bluetooth_mobile}</arg>
<doc>Logs the given message with the given level.</doc>
<status status="PASS" start="2025-05-05T01:51:50.032379" elapsed="0.000000"/>
</kw>
<kw name="Is Bluetooth Connected" owner="Integration">
<msg time="2025-05-05T01:51:50.083418" level="INFO">${verif_adb} = True</msg>
<var>${verif_adb}</var>
<arg>${driver}</arg>
<arg>${name_bluetooth_mobile}</arg>
<doc>Vérifie si un appareil Bluetooth spécifique est connecté.</doc>
<status status="PASS" start="2025-05-05T01:51:50.033398" elapsed="0.050020"/>
</kw>
<if>
<branch type="IF" condition="not ${verif_adb}">
<kw name="Press Key" owner="Integration">
<arg>${driver_mobile}</arg>
<arg>4</arg>
<doc>Effectue un appui sur une touche spécifique via son keycode.</doc>
<status status="NOT RUN" start="2025-05-05T01:51:50.084418" elapsed="0.000000"/>
</kw>
<kw name="Press Key" owner="Integration">
<arg>${driver_mobile}</arg>
<arg>176</arg>
<doc>Effectue un appui sur une touche spécifique via son keycode.</doc>
<status status="NOT RUN" start="2025-05-05T01:51:50.084418" elapsed="0.000000"/>
</kw>
<kw name="Wait Until Keyword Succeeds" owner="BuiltIn">
<arg>30s</arg>
<arg>2s</arg>
<arg>Click Element By Text Att</arg>
<arg>${driver_mobile}</arg>
<arg>Bluetooth, pairing</arg>
<doc>Runs the specified keyword and retries if it fails.</doc>
<status status="NOT RUN" start="2025-05-05T01:51:50.084418" elapsed="0.000000"/>
</kw>
<kw name="Wait Until Keyword Succeeds" owner="BuiltIn">
<arg>30s</arg>
<arg>2s</arg>
<arg>Click Element By Text Att</arg>
<arg>${driver}</arg>
<arg>${pairing}</arg>
<doc>Runs the specified keyword and retries if it fails.</doc>
<status status="NOT RUN" start="2025-05-05T01:51:50.084418" elapsed="0.000000"/>
</kw>
<kw name="Wait Until Keyword Succeeds" owner="BuiltIn">
<arg>30s</arg>
<arg>2s</arg>
<arg>Click Element By Text Att</arg>
<arg>${driver}</arg>
<arg>${name_bluetooth_mobile}</arg>
<doc>Runs the specified keyword and retries if it fails.</doc>
<status status="NOT RUN" start="2025-05-05T01:51:50.084418" elapsed="0.000000"/>
</kw>
<kw name="Wait Until Keyword Succeeds" owner="BuiltIn">
<arg>30s</arg>
<arg>2s</arg>
<arg>Click Element By Text Att</arg>
<arg>${driver_mobile}</arg>
<arg>Pair</arg>
<doc>Runs the specified keyword and retries if it fails.</doc>
<status status="NOT RUN" start="2025-05-05T01:51:50.085421" elapsed="0.000000"/>
</kw>
<kw name="Wait Until Keyword Succeeds" owner="BuiltIn">
<arg>10s</arg>
<arg>2s</arg>
<arg>Click Element By Text Att</arg>
<arg>${driver}</arg>
<arg>${pairing_conf}</arg>
<doc>Runs the specified keyword and retries if it fails.</doc>
<status status="NOT RUN" start="2025-05-05T01:51:50.085421" elapsed="0.000000"/>
</kw>
<kw name="Wait Until Keyword Succeeds" owner="BuiltIn">
<arg>30s</arg>
<arg>2s</arg>
<arg>Click Element By Text Att</arg>
<arg>${driver_mobile}</arg>
<arg>Allow</arg>
<doc>Runs the specified keyword and retries if it fails.</doc>
<status status="NOT RUN" start="2025-05-05T01:51:50.085421" elapsed="0.000000"/>
</kw>
<kw name="Wait Until Keyword Succeeds" owner="BuiltIn">
<arg>30s</arg>
<arg>2s</arg>
<arg>Click Element By Text Att</arg>
<arg>${driver}</arg>
<arg>${pairing_conf2}</arg>
<doc>Runs the specified keyword and retries if it fails.</doc>
<status status="NOT RUN" start="2025-05-05T01:51:50.085421" elapsed="0.000000"/>
</kw>
<status status="NOT RUN" start="2025-05-05T01:51:50.084418" elapsed="0.001003"/>
</branch>
<status status="PASS" start="2025-05-05T01:51:50.084418" elapsed="0.001003"/>
</if>
<kw name="Is Bluetooth Connected" owner="Integration">
<msg time="2025-05-05T01:51:50.143458" level="INFO">${verif_adb} = True</msg>
<var>${verif_adb}</var>
<arg>${driver}</arg>
<arg>${name_bluetooth_mobile}</arg>
<doc>Vérifie si un appareil Bluetooth spécifique est connecté.</doc>
<status status="PASS" start="2025-05-05T01:51:50.085421" elapsed="0.058037"/>
</kw>
<kw name="Should Be True" owner="BuiltIn">
<arg>${verif_adb}</arg>
<arg>Le Bluetooth n'est pas connecté (via ADB).</arg>
<doc>Fails if the given condition is not true.</doc>
<status status="PASS" start="2025-05-05T01:51:50.143458" elapsed="0.001001"/>
</kw>
<doc>Teste l'appairage Bluetooth entre les deux appareils
- Vérifie la langue du système
- Ouvre les paramètres Bluetooth
- Récupère le nom Bluetooth du mobile
- Vérifie si l'appairage existe déjà
- Si non, initie le processus d'appairage
- Valide l'appairage des deux côtés
- Vérifie que l'appairage est effectif via ADB</doc>
<status status="PASS" start="2025-05-05T01:51:33.161670" elapsed="16.983368"/>
</test>
<kw name="Fermer Driver" type="TEARDOWN">
<kw name="Close Driver" owner="Integration">
<arg>${driver}</arg>
<doc>Ferme proprement le driver Appium.</doc>
<status status="PASS" start="2025-05-05T01:51:50.145980" elapsed="0.177121"/>
</kw>
<kw name="Close Driver" owner="Integration">
<arg>${driver_mobile}</arg>
<doc>Ferme proprement le driver Appium.</doc>
<status status="PASS" start="2025-05-05T01:51:50.324100" elapsed="0.239899"/>
</kw>
<status status="PASS" start="2025-05-05T01:51:50.145038" elapsed="0.419965"/>
</kw>
<doc>Ce fichier contient des tests d'activation, désactivation, appairage et gestion d'appels via Bluetooth sur des appareils Android.
Les tests vérifient que les paramètres Bluetooth sont accessibles, que les actions d'activation/désactivation fonctionnent correctement,
que l'appairage entre appareils fonctionne, et que les fonctionnalités d'appel via Bluetooth opèrent correctement.
Les tests prennent en charge les interfaces en français et en anglais.Library    Process</doc>
<status status="PASS" start="2025-05-05T01:51:11.484635" elapsed="39.080368"/>
</suite>
<statistics>
<total>
<stat pass="1" fail="0" skip="0">All Tests</stat>
</total>
<tag>
</tag>
<suite>
<stat name="FonctionnaliteBluetooth" id="s1" pass="1" fail="0" skip="0">FonctionnaliteBluetooth</stat>
</suite>
</statistics>
<errors>
</errors>
</robot>
                                                                                                                                                                                                                                                                                                                                                                                                                                                                                                                                                                                                                                                                                                                                                                                                                                                                                                                                                                                                                                                                                                                                                                                                                                                                                                                                                                                                                                                                                                                                                                                                                                                                                                                                                                                                                                                                                                                                                                                                                                                                                                                                                                                                                                                                                                                                                                                                                                                                                                                                                                                                                                                                                                                                                                                                                                                                                                                                                                                                                                                                                                                                                                                                                                                                                                                                                                                                                                                                                                                                                                                                                                                                                                                                                                                                                                                                                                                                                                                                                                                                                                                                                                                                                                                                                                                                                                                                                                                                                                                                                                                                                                                                                                                                                                                                                                                                                                                                                                                                                                                                                                                                                                                                                                                                                                                                                                                                                                                                                                                                                                                                                                                                                                                                                                                                                                                                                                                                                                                                                                                                                                                                                                                                                                                                                                                                                                                                                                                                                                                                                                                                                                                                                                                                                                                                                                                                                                                                                                                                                                                                                                                                                                                                                                                                                                                                                                                                                                                                                                                                                                                                                                                                                                                                                                                                                                                                                                                                                                                                                                                                                                                                                                                                                                                                                                                                                                                                                                                                                                                                                                                                                                                                                                                                                                                                                                                                                                                                                                                                                                                                                                                                                                                                                                                                                                                                                                                                                                                                                                                                                                                                                                                                                                                                                                                                                                                                                                                                                                                                                                                                                                                                                                                                                                                                                                                                                                                                                                                                                                                                                                                                                                                                                                                                                                                                                                                                                                                                                                                                                                                                                                                                                                                                                                                                                                                                                                                                                                                                                                                                                                                                                                                                                                                                                                                                                                                                                                                                                                                                                                                                                                                                                                                                                                                                                                                                                                                                                                                                                                                                                                                                                                                                                                                                                                                                                                                                                                                                                                                                                                                                                                                                                                                                                                                                                                                                                                                                                                                                                                                                                                                                                                                                                                                                                                                                                                                                                                                                                                                                                                                                                                                                                                                                                                                                                                                                                                                                                                                                                                                                                                                                                                                                                                                                                                                                                                                                                                                                                                                                                                                                                                                                                                                                                                                                                                                                                                                                                                                                                                                                                                                                                                                                                                                                                                                                                                                                                                                                                                                                                                                                                                                                                                                                                                                                                                                                                                                                                                                                                                                                                                                                                                                                                                                                                                                                                                                                                                                                                                                                                                                                                                                                                                                                                                                                                                                                                                                                                                                                                                                                                                                                                                                                                                                                                                                                                                                                                                                                                                                                                                                                                                                                                                                                                                                                                                                                                                                                                                                                                                                                                                                                                                                                                                                                                                                                                                                                                                                                                                                                                                                                                                                                                                                                                                                                                                                                                                                                                                                                                                                                                                                                                                                                                                                                                                                                                                                                                                                                                                                                                                                                                                                                                                                                                                                                                                                                                                                                                                                                                                                                                                                                                                                                                                                                                                                                                                                                                                                                                                                                                                                                                                                                                                                                                                                                                                                                                                                                                                                                                                                                                                                                                                                                                                                                                                                                                                                                                                                                                                                                                                                                                                                                                                                                                                                                                                                                                                                                                                                                                                                                                                                                                                                                                                                                                                                                                                                                                                                                                                                                                                                                                                                                                                                                                                                                                                                                                                                                                                                                                                                                                                                                                                                                                                                                                                                                                                                                                                                                                                                                                                                                                                                                                                                                                                                                                                                                                                                                                                                                                                                                                                                                                                                                                                                                                                                                                                                                                                                                                                                                                                                                                                                                                                                                                                                                                                                                                                                                                                                                                                                                                                                                                                                                                                                                                                                                                                                                                                                                                                                      </doc>
<status status="PASS" start="2025-05-05T01:51:03.692489" elapsed="2.519354"/>
</kw>
<msg time="2025-05-05T01:51:06.211843" level="INFO">${bounds} = (743, 344, 872, 379)</msg>
<var>${bounds}</var>
<arg>Wait Until Keyword Succeeds</arg>
<arg>30s</arg>
<arg>2s</arg>
<arg>Get Text Bounds Driver</arg>
<arg>${driver_mobile}</arg>
<arg>${answer}</arg>
<doc>Runs the keyword and continues execution even if a failure occurs.</doc>
<status status="PASS" start="2025-05-05T01:51:03.692489" elapsed="2.520356"/>
</kw>
<kw name="Log" owner="BuiltIn">
<msg time="2025-05-05T01:51:06.212845" level="INFO">(743, 344, 872, 379)</msg>
<arg>${bounds}</arg>
<doc>Logs the given message with the given level.</doc>
<status status="PASS" start="2025-05-05T01:51:06.212845" elapsed="0.000000"/>
</kw>
<kw name="Run Keyword And Continue On Failure" owner="BuiltIn">
<kw name="Click Sur Bound" owner="Integration">
<arg>${driver_mobile}</arg>
<arg>${bounds}</arg>
<status status="PASS" start="2025-05-05T01:51:06.212845" elapsed="0.397577"/>
</kw>
<arg>Click Sur Bound</arg>
<arg>${driver_mobile}</arg>
<arg>${bounds}</arg>
<doc>Runs the keyword and continues execution even if a failure occurs.</doc>
<status status="PASS" start="2025-05-05T01:51:06.212845" elapsed="0.397577"/>
</kw>
<kw name="Sleep" owner="BuiltIn">
<msg time="2025-05-05T01:51:09.610947" level="INFO">Slept 3 seconds.</msg>
<arg>3s</arg>
<doc>Pauses the test executed for the given time.</doc>
<status status="PASS" start="2025-05-05T01:51:06.610422" elapsed="3.000525"/>
</kw>
<kw name="Run Keyword And Continue On Failure" owner="BuiltIn">
<kw name="Wait Until Keyword Succeeds" owner="BuiltIn">
<kw name="Find Icon Position" owner="script_IA">
<arg>${driver}</arg>
<arg>callsAnswer</arg>
<doc>Trouve la position d'une icône sur l'écran du device Android.</doc>
<status status="PASS" start="2025-05-05T01:51:09.611951" elapsed="0.411758"/>
</kw>
<arg>30s</arg>
<arg>2s</arg>
<arg>Find Icon Position</arg>
<arg>${driver}</arg>
<arg>callsAnswer</arg>
<doc>Runs the specified keyword and retries if it fails.</doc>
<status status="PASS" start="2025-05-05T01:51:09.610947" elapsed="0.412762"/>
</kw>
<msg time="2025-05-05T01:51:10.024708" level="INFO">${Verifcall} = (813, 17, 37, 40)</msg>
<var>${Verifcall}</var>
<arg>Wait Until Keyword Succeeds</arg>
<arg>30s</arg>
<arg>2s</arg>
<arg>Find Icon Position</arg>
<arg>${driver}</arg>
<arg>callsAnswer</arg>
<doc>Runs the keyword and continues execution even if a failure occurs.</doc>
<status status="PASS" start="2025-05-05T01:51:09.610947" elapsed="0.413761"/>
</kw>
<kw name="Run Keyword And Continue On Failure" owner="BuiltIn">
<kw name="Should Not Be Equal" owner="BuiltIn">
<msg time="2025-05-05T01:51:10.025708" level="INFO">Argument types are:
&lt;class 'tuple'&gt;
&lt;class 'NoneType'&gt;</msg>
<arg>${Verifcall}</arg>
<arg>${None}</arg>
<arg>problem lors de repondre</arg>
<doc>Fails if the given objects are equal.</doc>
<status status="PASS" start="2025-05-05T01:51:10.024708" elapsed="0.001000"/>
</kw>
<arg>Should Not Be Equal</arg>
<arg>${Verifcall}</arg>
<arg>${None}</arg>
<arg>problem lors de repondre</arg>
<doc>Runs the keyword and continues execution even if a failure occurs.</doc>
<status status="PASS" start="2025-05-05T01:51:10.024708" elapsed="0.001000"/>
</kw>
<doc>Teste la réponse à un appel via Bluetooth
- Localise et clique sur le bouton "Répondre"
- Vérifie que l'interface d'appel est active
- Continue l'exécution même en cas d'échec partiel</doc>
<status status="PASS" start="2025-05-05T01:51:03.621817" elapsed="6.403891"/>
</test>
<test id="s1-t5" name="Test End Call Bluetooth" line="182">
<kw name="Get System Language" owner="Integration">
<msg time="2025-05-05T01:51:10.091782" level="INFO">${lang} = fr</msg>
<var>${lang}</var>
<arg>${Device}</arg>
<status status="PASS" start="2025-05-05T01:51:10.026708" elapsed="0.066071"/>
</kw>
<if>
<branch type="IF" condition="'${lang}' == 'fr'">
<kw name="Set Variable" owner="BuiltIn">
<msg time="2025-05-05T01:51:10.092779" level="INFO">${phone} = Téléphone</msg>
<var>${phone}</var>
<arg>Téléphone</arg>
<doc>Returns the given values which can then be assigned to a variables.</doc>
<status status="PASS" start="2025-05-05T01:51:10.092779" elapsed="0.000000"/>
</kw>
<kw name="Set Variable" owner="BuiltIn">
<msg time="2025-05-05T01:51:10.093779" level="INFO">${Setting} = Paramètres</msg>
<var>${Setting}</var>
<arg>Paramètres</arg>
<doc>Returns the given values which can then be assigned to a variables.</doc>
<status status="PASS" start="2025-05-05T01:51:10.093779" elapsed="0.000000"/>
</kw>
<kw name="Set Variable" owner="BuiltIn">
<msg time="2025-05-05T01:51:10.093779" level="INFO">${phone} = Phone</msg>
<var>${phone}</var>
<arg>Phone</arg>
<doc>Returns the given values which can then be assigned to a variables.</doc>
<status status="PASS" start="2025-05-05T01:51:10.093779" elapsed="0.000000"/>
</kw>
<kw name="Set Variable" owner="BuiltIn">
<msg time="2025-05-05T01:51:10.093779" level="INFO">${Setting} = Settings</msg>
<var>${Setting}</var>
<arg>Settings</arg>
<doc>Returns the given values which can then be assigned to a variables.</doc>
<status status="PASS" start="2025-05-05T01:51:10.093779" elapsed="0.001000"/>
</kw>
<status status="PASS" start="2025-05-05T01:51:10.092779" elapsed="0.002000"/>
</branch>
<status status="PASS" start="2025-05-05T01:51:10.092779" elapsed="0.002000"/>
</if>
<kw name="Run Keyword And Continue On Failure" owner="BuiltIn">
<kw name="Open Application With Click" owner="Integration">
<msg time="2025-05-05T01:51:23.106093" level="INFO">📌 Liste des applications détectées : ['Agenda', 'Appium Settings', 'ARD Audiothek', 'Audio Bluetooth', 'Crunchyroll', 'Enregistreur vocal', 'Google Assistant', 'Google\xa0Actualités', 'Home Assistant', 'Local Media Player', 'Maps', 'Paramètres', 'Play\xa0Store', 'Prime Video', 'SMS']
📌 First Home Page détectée : ['Agenda', 'Appium Settings', 'ARD Audiothek', 'Audio Bluetooth', 'Crunchyroll', 'Enregistreur vocal', 'Google Assistant', 'Google\xa0Actualités', 'Home Assistant', 'Local Media Player', 'Maps', 'Paramètres', 'Play\xa0Store', 'Prime Video', 'SMS']
Erreur lors de la récupération d'un élément : Message: An unknown server-side error occurred while processing the command. Original error: Could not proxy command to the remote server. Original error: socket hang up
Stacktrace:
UnknownError: An unknown server-side error occurred while processing the command. Original error: Could not proxy command to the remote server. Original error: socket hang up
    at UIA2Proxy.command (C:\Users\bahae\AppData\Roaming\npm\node_modules\appium\node_modules\@appium\base-driver\lib\jsonwp-proxy\proxy.js:350:13)
    at processTicksAndRejections (node:internal/process/task_queues:95:5)
    at AndroidUiautomator2Driver.getAttribute (C:\Users\bahae\.appium\node_modules\appium-uiautomator2-driver\lib\commands\element.js:26:5)
Erreur lors de la récupération d'un élément : Message: An unknown server-side error occurred while processing the command. Original error: Could not proxy command to the remote server. Original error: socket hang up
Stacktrace:
UnknownError: An unknown server-side error occurred while processing the command. Original error: Could not proxy command to the remote server. Original error: socket hang up
    at UIA2Proxy.command (C:\Users\bahae\AppData\Roaming\npm\node_modules\appium\node_modules\@appium\base-driver\lib\jsonwp-proxy\proxy.js:350:13)
    at processTicksAndRejections (node:internal/process/task_queues:95:5)
    at AndroidUiautomator2Driver.getAttribute (C:\Users\bahae\.appium\node_modules\appium-uiautomator2-driver\lib\commands\element.js:26:5)

📌 Liste des applications détectées : ['Spotify', 'TestNotificationapk', 'Téléphone', 'Vivaldi Browser', 'YouTube']
🔄 Swipe en cours...</msg>
<msg time="2025-05-05T01:51:23.107094" level="FAIL">WebDriverException: Message: An unknown server-side error occurred while processing the command. Original error: Could not proxy command to the remote server. Original error: socket hang up
Stacktrace:
UnknownError: An unknown server-side error occurred while processing the command. Original error: Could not proxy command to the remote server. Original error: socket hang up
    at UIA2Proxy.command (C:\Users\bahae\AppData\Roaming\npm\node_modules\appium\node_modules\@appium\base-driver\lib\jsonwp-proxy\proxy.js:350:13)
    at processTicksAndRejections (node:internal/process/task_queues:95:5)
    at AndroidUiautomator2Driver.performActions (C:\Users\bahae\.appium\node_modules\appium-uiautomator2-driver\lib\commands\actions.js:88:3)</msg>
<arg>${driver}</arg>
<arg>${phone}</arg>
<status status="FAIL" start="2025-05-05T01:51:10.094779" elapsed="13.017315">WebDriverException: Message: An unknown server-side error occurred while processing the command. Original error: Could not proxy command to the remote server. Original error: socket hang up
Stacktrace:
UnknownError: An unknown server-side error occurred while processing the command. Original error: Could not proxy command to the remote server. Original error: socket hang up
    at UIA2Proxy.command (C:\Users\bahae\AppData\Roaming\npm\node_modules\appium\node_modules\@appium\base-driver\lib\jsonwp-proxy\proxy.js:350:13)
    at processTicksAndRejections (node:internal/process/task_queues:95:5)
    at AndroidUiautomator2Driver.performActions (C:\Users\bahae\.appium\node_modules\appium-uiautomator2-driver\lib\commands\actions.js:88:3)</status>
</kw>
<msg time="2025-05-05T01:51:23.113096" level="INFO">${resultat} = None</msg>
<var>${resultat}</var>
<arg>Open Application With Click</arg>
<arg>${driver}</arg>
<arg>${phone}</arg>
<doc>Runs the keyword and continues execution even if a failure occurs.</doc>
<status status="FAIL" start="2025-05-05T01:51:10.094779" elapsed="13.018317">WebDriverException: Message: An unknown server-side error occurred while processing the command. Original error: Could not proxy command to the remote server. Original error: socket hang up
Stacktrace:
UnknownError: An unknown server-side error occurred while processing the command. Original error: Could not proxy command to the remote server. Original error: socket hang up
    at UIA2Proxy.command (C:\Users\bahae\AppData\Roaming\npm\node_modules\appium\node_modules\@appium\base-driver\lib\jsonwp-proxy\proxy.js:350:13)
    at processTicksAndRejections (node:internal/process/task_queues:95:5)
    at AndroidUiautomator2Driver.performActions (C:\Users\bahae\.appium\node_modules\appium-uiautomator2-driver\lib\commands\actions.js:88:3)</status>
</kw>
<kw name="Sleep" owner="BuiltIn">
<msg time="2025-05-05T01:51:26.114628" level="INFO">Slept 3 seconds.</msg>
<arg>3s</arg>
<doc>Pauses the test executed for the given time.</doc>
<status status="PASS" start="2025-05-05T01:51:23.113096" elapsed="3.001532"/>
</kw>
<kw name="Run Keyword And Continue On Failure" owner="BuiltIn">
<kw name="Wait Until Keyword Succeeds" owner="BuiltIn">
<kw name="Click Icon Ia" owner="script_IA">
<msg time="2025-05-05T01:51:26.118630" level="FAIL">WebDriverException: Message: An unknown server-side error occurred while processing the command. Original error: 'GET /screenshot' cannot be proxied to UiAutomator2 server because the instrumentation process is not running (probably crashed). Check the server log and/or the logcat output for more details
Stacktrace:
UnknownError: An unknown server-side error occurred while processing the command. Original error: 'GET /screenshot' cannot be proxied to UiAutomator2 server because the instrumentation process is not running (probably crashed). Check the server log and/or the logcat output for more details
    at UIA2Proxy.command (C:\Users\bahae\AppData\Roaming\npm\node_modules\appium\node_modules\@appium\base-driver\lib\jsonwp-proxy\proxy.js:350:13)
    at processTicksAndRejections (node:internal/process/task_queues:95:5)
    at AndroidUiautomator2Driver.getScreenshot (C:\Users\bahae\.appium\node_modules\appium-uiautomator2-driver\lib\commands\screenshot.js:42:5)</msg>
<arg>${driver}</arg>
<arg>endcall</arg>
<status status="FAIL" start="2025-05-05T01:51:26.114628" elapsed="0.004002">WebDriverException: Message: An unknown server-side error occurred while processing the command. Original error: 'GET /screenshot' cannot be proxied to UiAutomator2 server because the instrumentation process is not running (probably crashed). Check the server log and/or the logcat output for more details
Stacktrace:
UnknownError: An unknown server-side error occurred while processing the command. Original error: 'GET /screenshot' cannot be proxied to UiAutomator2 server because the instrumentation process is not running (probably crashed). Check the server log and/or the logcat output for more details
    at UIA2Proxy.command (C:\Users\bahae\AppData\Roaming\npm\node_modules\appium\node_modules\@appium\base-driver\lib\jsonwp-proxy\proxy.js:350:13)
    at processTicksAndRejections (node:internal/process/task_queues:95:5)
    at AndroidUiautomator2Driver.getScreenshot (C:\Users\bahae\.appium\node_modules\appium-uiautomator2-driver\lib\commands\screenshot.js:42:5)</status>
</kw>
<kw name="Click Icon Ia" owner="script_IA">
<msg time="2025-05-05T01:51:28.129559" level="FAIL">WebDriverException: Message: An unknown server-side error occurred while processing the command. Original error: 'GET /screenshot' cannot be proxied to UiAutomator2 server because the instrumentation process is not running (probably crashed). Check the server log and/or the logcat output for more details
Stacktrace:
UnknownError: An unknown server-side error occurred while processing the command. Original error: 'GET /screenshot' cannot be proxied to UiAutomator2 server because the instrumentation process is not running (probably crashed). Check the server log and/or the logcat output for more details
    at UIA2Proxy.command (C:\Users\bahae\AppData\Roaming\npm\node_modules\appium\node_modules\@appium\base-driver\lib\jsonwp-proxy\proxy.js:350:13)
    at processTicksAndRejections (node:internal/process/task_queues:95:5)
    at AndroidUiautomator2Driver.getScreenshot (C:\Users\bahae\.appium\node_modules\appium-uiautomator2-driver\lib\commands\screenshot.js:42:5)</msg>
<arg>${driver}</arg>
<arg>endcall</arg>
<status status="FAIL" start="2025-05-05T01:51:28.120563" elapsed="0.009997">WebDriverException: Message: An unknown server-side error occurred while processing the command. Original error: 'GET /screenshot' cannot be proxied to UiAutomator2 server because the instrumentation process is not running (probably crashed). Check the server log and/or the logcat output for more details
Stacktrace:
UnknownError: An unknown server-side error occurred while processing the command. Original error: 'GET /screenshot' cannot be proxied to UiAutomator2 server because the instrumentation process is not running (probably crashed). Check the server log and/or the logcat output for more details
    at UIA2Proxy.command (C:\Users\bahae\AppData\Roaming\npm\node_modules\appium\node_modules\@appium\base-driver\lib\jsonwp-proxy\proxy.js:350:13)
    at processTicksAndRejections (node:internal/process/task_queues:95:5)
    at AndroidUiautomator2Driver.getScreenshot (C:\Users\bahae\.appium\node_modules\appium-uiautomator2-driver\lib\commands\screenshot.js:42:5)</status>
</kw>
<kw name="Click Icon Ia" owner="script_IA">
<msg time="2025-05-05T01:51:30.137356" level="FAIL">WebDriverException: Message: An unknown server-side error occurred while processing the command. Original error: 'GET /screenshot' cannot be proxied to UiAutomator2 server because the instrumentation process is not running (probably crashed). Check the server log and/or the logcat output for more details
Stacktrace:
UnknownError: An unknown server-side error occurred while processing the command. Original error: 'GET /screenshot' cannot be proxied to UiAutomator2 server because the instrumentation process is not running (probably crashed). Check the server log and/or the logcat output for more details
    at UIA2Proxy.command (C:\Users\bahae\AppData\Roaming\npm\node_modules\appium\node_modules\@appium\base-driver\lib\jsonwp-proxy\proxy.js:350:13)
    at processTicksAndRejections (node:internal/process/task_queues:95:5)
    at AndroidUiautomator2Driver.getScreenshot (C:\Users\bahae\.appium\node_modules\appium-uiautomator2-driver\lib\commands\screenshot.js:42:5)</msg>
<arg>${driver}</arg>
<arg>endcall</arg>
<status status="FAIL" start="2025-05-05T01:51:30.131354" elapsed="0.007003">WebDriverException: Message: An unknown server-side error occurred while processing the command. Original error: 'GET /screenshot' cannot be proxied to UiAutomator2 server because the instrumentation process is not running (probably crashed). Check the server log and/or the logcat output for more details
Stacktrace:
UnknownError: An unknown server-side error occurred while processing the command. Original error: 'GET /screenshot' cannot be proxied to UiAutomator2 server because the instrumentation process is not running (probably crashed). Check the server log and/or the logcat output for more details
    at UIA2Proxy.command (C:\Users\bahae\AppData\Roaming\npm\node_modules\appium\node_modules\@appium\base-driver\lib\jsonwp-proxy\proxy.js:350:13)
    at processTicksAndRejections (node:internal/process/task_queues:95:5)
    at AndroidUiautomator2Driver.getScreenshot (C:\Users\bahae\.appium\node_modules\appium-uiautomator2-driver\lib\commands\screenshot.js:42:5)</status>
</kw>
<kw name="Click Icon Ia" owner="script_IA">
<msg time="2025-05-05T01:51:32.143510" level="FAIL">WebDriverException: Message: An unknown server-side error occurred while processing the command. Original error: 'GET /screenshot' cannot be proxied to UiAutomator2 server because the instrumentation process is not running (probably crashed). Check the server log and/or the logcat output for more details
Stacktrace:
UnknownError: An unknown server-side error occurred while processing the command. Original error: 'GET /screenshot' cannot be proxied to UiAutomator2 server because the instrumentation process is not running (probably crashed). Check the server log and/or the logcat output for more details
    at UIA2Proxy.command (C:\Users\bahae\AppData\Roaming\npm\node_modules\appium\node_modules\@appium\base-driver\lib\jsonwp-proxy\proxy.js:350:13)
    at processTicksAndRejections (node:internal/process/task_queues:95:5)
    at AndroidUiautomator2Driver.getScreenshot (C:\Users\bahae\.appium\node_modules\appium-uiautomator2-driver\lib\commands\screenshot.js:42:5)</msg>
<arg>${driver}</arg>
<arg>endcall</arg>
<status status="FAIL" start="2025-05-05T01:51:32.138505" elapsed="0.006006">WebDriverException: Message: An unknown server-side error occurred while processing the command. Original error: 'GET /screenshot' cannot be proxied to UiAutomator2 server because the instrumentation process is not running (probably crashed). Check the server log and/or the logcat output for more details
Stacktrace:
UnknownError: An unknown server-side error occurred while processing the command. Original error: 'GET /screenshot' cannot be proxied to UiAutomator2 server because the instrumentation process is not running (probably crashed). Check the server log and/or the logcat output for more details
    at UIA2Proxy.command (C:\Users\bahae\AppData\Roaming\npm\node_modules\appium\node_modules\@appium\base-driver\lib\jsonwp-proxy\proxy.js:350:13)
    at processTicksAndRejections (node:internal/process/task_queues:95:5)
    at AndroidUiautomator2Driver.getScreenshot (C:\Users\bahae\.appium\node_modules\appium-uiautomator2-driver\lib\commands\screenshot.js:42:5)</status>
</kw>
<kw name="Click Icon Ia" owner="script_IA">
<msg time="2025-05-05T01:51:34.147967" level="FAIL">WebDriverException: Message: An unknown server-side error occurred while processing the command. Original error: 'GET /screenshot' cannot be proxied to UiAutomator2 server because the instrumentation process is not running (probably crashed). Check the server log and/or the logcat output for more details
Stacktrace:
UnknownError: An unknown server-side error occurred while processing the command. Original error: 'GET /screenshot' cannot be proxied to UiAutomator2 server because the instrumentation process is not running (probably crashed). Check the server log and/or the logcat output for more details
    at UIA2Proxy.command (C:\Users\bahae\AppData\Roaming\npm\node_modules\appium\node_modules\@appium\base-driver\lib\jsonwp-proxy\proxy.js:350:13)
    at processTicksAndRejections (node:internal/process/task_queues:95:5)
    at AndroidUiautomator2Driver.getScreenshot (C:\Users\bahae\.appium\node_modules\appium-uiautomator2-driver\lib\commands\screenshot.js:42:5)</msg>
<arg>${driver}</arg>
<arg>endcall</arg>
<status status="FAIL" start="2025-05-05T01:51:34.144967" elapsed="0.004000">WebDriverException: Message: An unknown server-side error occurred while processing the command. Original error: 'GET /screenshot' cannot be proxied to UiAutomator2 server because the instrumentation process is not running (probably crashed). Check the server log and/or the logcat output for more details
Stacktrace:
UnknownError: An unknown server-side error occurred while processing the command. Original error: 'GET /screenshot' cannot be proxied to UiAutomator2 server because the instrumentation process is not running (probably crashed). Check the server log and/or the logcat output for more details
    at UIA2Proxy.command (C:\Users\bahae\AppData\Roaming\npm\node_modules\appium\node_modules\@appium\base-driver\lib\jsonwp-proxy\proxy.js:350:13)
    at processTicksAndRejections (node:internal/process/task_queues:95:5)
    at AndroidUiautomator2Driver.getScreenshot (C:\Users\bahae\.appium\node_modules\appium-uiautomator2-driver\lib\commands\screenshot.js:42:5)</status>
</kw>
<kw name="Click Icon Ia" owner="script_IA">
<msg time="2025-05-05T01:51:36.153461" level="FAIL">WebDriverException: Message: An unknown server-side error occurred while processing the command. Original error: 'GET /screenshot' cannot be proxied to UiAutomator2 server because the instrumentation process is not running (probably crashed). Check the server log and/or the logcat output for more details
Stacktrace:
UnknownError: An unknown server-side error occurred while processing the command. Original error: 'GET /screenshot' cannot be proxied to UiAutomator2 server because the instrumentation process is not running (probably crashed). Check the server log and/or the logcat output for more details
    at UIA2Proxy.command (C:\Users\bahae\AppData\Roaming\npm\node_modules\appium\node_modules\@appium\base-driver\lib\jsonwp-proxy\proxy.js:350:13)
    at processTicksAndRejections (node:internal/process/task_queues:95:5)
    at AndroidUiautomator2Driver.getScreenshot (C:\Users\bahae\.appium\node_modules\appium-uiautomator2-driver\lib\commands\screenshot.js:42:5)</msg>
<arg>${driver}</arg>
<arg>endcall</arg>
<status status="FAIL" start="2025-05-05T01:51:36.149462" elapsed="0.003999">WebDriverException: Message: An unknown server-side error occurred while processing the command. Original error: 'GET /screenshot' cannot be proxied to UiAutomator2 server because the instrumentation process is not running (probably crashed). Check the server log and/or the logcat output for more details
Stacktrace:
UnknownError: An unknown server-side error occurred while processing the command. Original error: 'GET /screenshot' cannot be proxied to UiAutomator2 server because the instrumentation process is not running (probably crashed). Check the server log and/or the logcat output for more details
    at UIA2Proxy.command (C:\Users\bahae\AppData\Roaming\npm\node_modules\appium\node_modules\@appium\base-driver\lib\jsonwp-proxy\proxy.js:350:13)
    at processTicksAndRejections (node:internal/process/task_queues:95:5)
    at AndroidUiautomator2Driver.getScreenshot (C:\Users\bahae\.appium\node_modules\appium-uiautomator2-driver\lib\commands\screenshot.js:42:5)</status>
</kw>
<kw name="Click Icon Ia" owner="script_IA">
<msg time="2025-05-05T01:51:38.157751" level="FAIL">WebDriverException: Message: An unknown server-side error occurred while processing the command. Original error: 'GET /screenshot' cannot be proxied to UiAutomator2 server because the instrumentation process is not running (probably crashed). Check the server log and/or the logcat output for more details
Stacktrace:
UnknownError: An unknown server-side error occurred while processing the command. Original error: 'GET /screenshot' cannot be proxied to UiAutomator2 server because the instrumentation process is not running (probably crashed). Check the server log and/or the logcat output for more details
    at UIA2Proxy.command (C:\Users\bahae\AppData\Roaming\npm\node_modules\appium\node_modules\@appium\base-driver\lib\jsonwp-proxy\proxy.js:350:13)
    at processTicksAndRejections (node:internal/process/task_queues:95:5)
    at AndroidUiautomator2Driver.getScreenshot (C:\Users\bahae\.appium\node_modules\appium-uiautomator2-driver\lib\commands\screenshot.js:42:5)</msg>
<arg>${driver}</arg>
<arg>endcall</arg>
<status status="FAIL" start="2025-05-05T01:51:38.153753" elapsed="0.005000">WebDriverException: Message: An unknown server-side error occurred while processing the command. Original error: 'GET /screenshot' cannot be proxied to UiAutomator2 server because the instrumentation process is not running (probably crashed). Check the server log and/or the logcat output for more details
Stacktrace:
UnknownError: An unknown server-side error occurred while processing the command. Original error: 'GET /screenshot' cannot be proxied to UiAutomator2 server because the instrumentation process is not running (probably crashed). Check the server log and/or the logcat output for more details
    at UIA2Proxy.command (C:\Users\bahae\AppData\Roaming\npm\node_modules\appium\node_modules\@appium\base-driver\lib\jsonwp-proxy\proxy.js:350:13)
    at processTicksAndRejections (node:internal/process/task_queues:95:5)
    at AndroidUiautomator2Driver.getScreenshot (C:\Users\bahae\.appium\node_modules\appium-uiautomator2-driver\lib\commands\screenshot.js:42:5)</status>
</kw>
<kw name="Click Icon Ia" owner="script_IA">
<msg time="2025-05-05T01:51:40.164098" level="FAIL">WebDriverException: Message: An unknown server-side error occurred while processing the command. Original error: 'GET /screenshot' cannot be proxied to UiAutomator2 server because the instrumentation process is not running (probably crashed). Check the server log and/or the logcat output for more details
Stacktrace:
UnknownError: An unknown server-side error occurred while processing the command. Original error: 'GET /screenshot' cannot be proxied to UiAutomator2 server because the instrumentation process is not running (probably crashed). Check the server log and/or the logcat output for more details
    at UIA2Proxy.command (C:\Users\bahae\AppData\Roaming\npm\node_modules\appium\node_modules\@appium\base-driver\lib\jsonwp-proxy\proxy.js:350:13)
    at processTicksAndRejections (node:internal/process/task_queues:95:5)
    at AndroidUiautomator2Driver.getScreenshot (C:\Users\bahae\.appium\node_modules\appium-uiautomator2-driver\lib\commands\screenshot.js:42:5)</msg>
<arg>${driver}</arg>
<arg>endcall</arg>
<status status="FAIL" start="2025-05-05T01:51:40.160579" elapsed="0.004519">WebDriverException: Message: An unknown server-side error occurred while processing the command. Original error: 'GET /screenshot' cannot be proxied to UiAutomator2 server because the instrumentation process is not running (probably crashed). Check the server log and/or the logcat output for more details
Stacktrace:
UnknownError: An unknown server-side error occurred while processing the command. Original error: 'GET /screenshot' cannot be proxied to UiAutomator2 server because the instrumentation process is not running (probably crashed). Check the server log and/or the logcat output for more details
    at UIA2Proxy.command (C:\Users\bahae\AppData\Roaming\npm\node_modules\appium\node_modules\@appium\base-driver\lib\jsonwp-proxy\proxy.js:350:13)
    at processTicksAndRejections (node:internal/process/task_queues:95:5)
    at AndroidUiautomator2Driver.getScreenshot (C:\Users\bahae\.appium\node_modules\appium-uiautomator2-driver\lib\commands\screenshot.js:42:5)</status>
</kw>
<kw name="Click Icon Ia" owner="script_IA">
<msg time="2025-05-05T01:51:42.168641" level="FAIL">WebDriverException: Message: An unknown server-side error occurred while processing the command. Original error: 'GET /screenshot' cannot be proxied to UiAutomator2 server because the instrumentation process is not running (probably crashed). Check the server log and/or the logcat output for more details
Stacktrace:
UnknownError: An unknown server-side error occurred while processing the command. Original error: 'GET /screenshot' cannot be proxied to UiAutomator2 server because the instrumentation process is not running (probably crashed). Check the server log and/or the logcat output for more details
    at UIA2Proxy.command (C:\Users\bahae\AppData\Roaming\npm\node_modules\appium\node_modules\@appium\base-driver\lib\jsonwp-proxy\proxy.js:350:13)
    at processTicksAndRejections (node:internal/process/task_queues:95:5)
    at AndroidUiautomator2Driver.getScreenshot (C:\Users\bahae\.appium\node_modules\appium-uiautomator2-driver\lib\commands\screenshot.js:42:5)</msg>
<arg>${driver}</arg>
<arg>endcall</arg>
<status status="FAIL" start="2025-05-05T01:51:42.165639" elapsed="0.003002">WebDriverException: Message: An unknown server-side error occurred while processing the command. Original error: 'GET /screenshot' cannot be proxied to UiAutomator2 server because the instrumentation process is not running (probably crashed). Check the server log and/or the logcat output for more details
Stacktrace:
UnknownError: An unknown server-side error occurred while processing the command. Original error: 'GET /screenshot' cannot be proxied to UiAutomator2 server because the instrumentation process is not running (probably crashed). Check the server log and/or the logcat output for more details
    at UIA2Proxy.command (C:\Users\bahae\AppData\Roaming\npm\node_modules\appium\node_modules\@appium\base-driver\lib\jsonwp-proxy\proxy.js:350:13)
    at processTicksAndRejections (node:internal/process/task_queues:95:5)
    at AndroidUiautomator2Driver.getScreenshot (C:\Users\bahae\.appium\node_modules\appium-uiautomator2-driver\lib\commands\screenshot.js:42:5)</status>
</kw>
<kw name="Click Icon Ia" owner="script_IA">
<msg time="2025-05-05T01:51:44.172519" level="FAIL">WebDriverException: Message: An unknown server-side error occurred while processing the command. Original error: 'GET /screenshot' cannot be proxied to UiAutomator2 server because the instrumentation process is not running (probably crashed). Check the server log and/or the logcat output for more details
Stacktrace:
UnknownError: An unknown server-side error occurred while processing the command. Original error: 'GET /screenshot' cannot be proxied to UiAutomator2 server because the instrumentation process is not running (probably crashed). Check the server log and/or the logcat output for more details
    at UIA2Proxy.command (C:\Users\bahae\AppData\Roaming\npm\node_modules\appium\node_modules\@appium\base-driver\lib\jsonwp-proxy\proxy.js:350:13)
    at processTicksAndRejections (node:internal/process/task_queues:95:5)
    at AndroidUiautomator2Driver.getScreenshot (C:\Users\bahae\.appium\node_modules\appium-uiautomator2-driver\lib\commands\screenshot.js:42:5)</msg>
<arg>${driver}</arg>
<arg>endcall</arg>
<status status="FAIL" start="2025-05-05T01:51:44.169005" elapsed="0.004516">WebDriverException: Message: An unknown server-side error occurred while processing the command. Original error: 'GET /screenshot' cannot be proxied to UiAutomator2 server because the instrumentation process is not running (probably crashed). Check the server log and/or the logcat output for more details
Stacktrace:
UnknownError: An unknown server-side error occurred while processing the command. Original error: 'GET /screenshot' cannot be proxied to UiAutomator2 server because the instrumentation process is not running (probably crashed). Check the server log and/or the logcat output for more details
    at UIA2Proxy.command (C:\Users\bahae\AppData\Roaming\npm\node_modules\appium\node_modules\@appium\base-driver\lib\jsonwp-proxy\proxy.js:350:13)
    at processTicksAndRejections (node:internal/process/task_queues:95:5)
    at AndroidUiautomator2Driver.getScreenshot (C:\Users\bahae\.appium\node_modules\appium-uiautomator2-driver\lib\commands\screenshot.js:42:5)</status>
</kw>
<kw name="Click Icon Ia" owner="script_IA">
<msg time="2025-05-05T01:51:46.177671" level="FAIL">WebDriverException: Message: An unknown server-side error occurred while processing the command. Original error: 'GET /screenshot' cannot be proxied to UiAutomator2 server because the instrumentation process is not running (probably crashed). Check the server log and/or the logcat output for more details
Stacktrace:
UnknownError: An unknown server-side error occurred while processing the command. Original error: 'GET /screenshot' cannot be proxied to UiAutomator2 server because the instrumentation process is not running (probably crashed). Check the server log and/or the logcat output for more details
    at UIA2Proxy.command (C:\Users\bahae\AppData\Roaming\npm\node_modules\appium\node_modules\@appium\base-driver\lib\jsonwp-proxy\proxy.js:350:13)
    at processTicksAndRejections (node:internal/process/task_queues:95:5)
    at AndroidUiautomator2Driver.getScreenshot (C:\Users\bahae\.appium\node_modules\appium-uiautomator2-driver\lib\commands\screenshot.js:42:5)</msg>
<arg>${driver}</arg>
<arg>endcall</arg>
<status status="FAIL" start="2025-05-05T01:51:46.173670" elapsed="0.005000">WebDriverException: Message: An unknown server-side error occurred while processing the command. Original error: 'GET /screenshot' cannot be proxied to UiAutomator2 server because the instrumentation process is not running (probably crashed). Check the server log and/or the logcat output for more details
Stacktrace:
UnknownError: An unknown server-side error occurred while processing the command. Original error: 'GET /screenshot' cannot be proxied to UiAutomator2 server because the instrumentation process is not running (probably crashed). Check the server log and/or the logcat output for more details
    at UIA2Proxy.command (C:\Users\bahae\AppData\Roaming\npm\node_modules\appium\node_modules\@appium\base-driver\lib\jsonwp-proxy\proxy.js:350:13)
    at processTicksAndRejections (node:internal/process/task_queues:95:5)
    at AndroidUiautomator2Driver.getScreenshot (C:\Users\bahae\.appium\node_modules\appium-uiautomator2-driver\lib\commands\screenshot.js:42:5)</status>
</kw>
<kw name="Click Icon Ia" owner="script_IA">
<msg time="2025-05-05T01:51:48.190022" level="FAIL">WebDriverException: Message: An unknown server-side error occurred while processing the command. Original error: 'GET /screenshot' cannot be proxied to UiAutomator2 server because the instrumentation process is not running (probably crashed). Check the server log and/or the logcat output for more details
Stacktrace:
UnknownError: An unknown server-side error occurred while processing the command. Original error: 'GET /screenshot' cannot be proxied to UiAutomator2 server because the instrumentation process is not running (probably crashed). Check the server log and/or the logcat output for more details
    at UIA2Proxy.command (C:\Users\bahae\AppData\Roaming\npm\node_modules\appium\node_modules\@appium\base-driver\lib\jsonwp-proxy\proxy.js:350:13)
    at processTicksAndRejections (node:internal/process/task_queues:95:5)
    at AndroidUiautomator2Driver.getScreenshot (C:\Users\bahae\.appium\node_modules\appium-uiautomator2-driver\lib\commands\screenshot.js:42:5)</msg>
<arg>${driver}</arg>
<arg>endcall</arg>
<status status="FAIL" start="2025-05-05T01:51:48.179034" elapsed="0.011985">WebDriverException: Message: An unknown server-side error occurred while processing the command. Original error: 'GET /screenshot' cannot be proxied to UiAutomator2 server because the instrumentation process is not running (probably crashed). Check the server log and/or the logcat output for more details
Stacktrace:
UnknownError: An unknown server-side error occurred while processing the command. Original error: 'GET /screenshot' cannot be proxied to UiAutomator2 server because the instrumentation process is not running (probably crashed). Check the server log and/or the logcat output for more details
    at UIA2Proxy.command (C:\Users\bahae\AppData\Roaming\npm\node_modules\appium\node_modules\@appium\base-driver\lib\jsonwp-proxy\proxy.js:350:13)
    at processTicksAndRejections (node:internal/process/task_queues:95:5)
    at AndroidUiautomator2Driver.getScreenshot (C:\Users\bahae\.appium\node_modules\appium-uiautomator2-driver\lib\commands\screenshot.js:42:5)</status>
</kw>
<kw name="Click Icon Ia" owner="script_IA">
<msg time="2025-05-05T01:51:50.196031" level="FAIL">WebDriverException: Message: An unknown server-side error occurred while processing the command. Original error: 'GET /screenshot' cannot be proxied to UiAutomator2 server because the instrumentation process is not running (probably crashed). Check the server log and/or the logcat output for more details
Stacktrace:
[...]
<status status="NOT RUN" start="2025-05-05T01:51:56.270826" elapsed="0.000000"/>
</kw>
<kw name="Set Variable" owner="BuiltIn">
<var>${confirme}</var>
<arg>OK</arg>
<doc>Returns the given values which can then be assigned to a variables.</doc>
<status status="NOT RUN" start="2025-05-05T01:51:56.270826" elapsed="0.000000"/>
</kw>
<kw name="Set Variable" owner="BuiltIn">
<var>${pairing}</var>
<arg>Pair new device</arg>
<doc>Returns the given values which can then be assigned to a variables.</doc>
<status status="NOT RUN" start="2025-05-05T01:51:56.270826" elapsed="0.000000"/>
</kw>
<kw name="Set Variable" owner="BuiltIn">
<var>${pairing_conf}</var>
<arg>Pair</arg>
<doc>Returns the given values which can then be assigned to a variables.</doc>
<status status="NOT RUN" start="2025-05-05T01:51:56.270826" elapsed="0.000000"/>
</kw>
<kw name="Set Variable" owner="BuiltIn">
<var>${pairing_conf2}</var>
<arg>Continue</arg>
<doc>Returns the given values which can then be assigned to a variables.</doc>
<status status="NOT RUN" start="2025-05-05T01:51:56.270826" elapsed="0.000000"/>
</kw>
<kw name="Set Variable" owner="BuiltIn">
<var>${supp}</var>
<arg>Forget</arg>
<doc>Returns the given values which can then be assigned to a variables.</doc>
<status status="NOT RUN" start="2025-05-05T01:51:56.270826" elapsed="0.000000"/>
</kw>
<status status="NOT RUN" start="2025-05-05T01:51:56.269826" elapsed="0.001000"/>
</branch>
<status status="PASS" start="2025-05-05T01:51:56.267826" elapsed="0.004002"/>
</if>
<kw name="Open Application With Click" owner="Integration">
<msg time="2025-05-05T01:51:56.278356" level="FAIL">WebDriverException: Message: An unknown server-side error occurred while processing the command. Original error: 'POST /actions' cannot be proxied to UiAutomator2 server because the instrumentation process is not running (probably crashed). Check the server log and/or the logcat output for more details
Stacktrace:
UnknownError: An unknown server-side error occurred while processing the command. Original error: 'POST /actions' cannot be proxied to UiAutomator2 server because the instrumentation process is not running (probably crashed). Check the server log and/or the logcat output for more details
    at UIA2Proxy.command (C:\Users\bahae\AppData\Roaming\npm\node_modules\appium\node_modules\@appium\base-driver\lib\jsonwp-proxy\proxy.js:350:13)
    at processTicksAndRejections (node:internal/process/task_queues:95:5)
    at AndroidUiautomator2Driver.performActions (C:\Users\bahae\.appium\node_modules\appium-uiautomator2-driver\lib\commands\actions.js:88:3)</msg>
<var>${resultat}</var>
<arg>${driver}</arg>
<arg>${Setting}</arg>
<status status="FAIL" start="2025-05-05T01:51:56.271828" elapsed="0.007521">WebDriverException: Message: An unknown server-side error occurred while processing the command. Original error: 'POST /actions' cannot be proxied to UiAutomator2 server because the instrumentation process is not running (probably crashed). Check the server log and/or the logcat output for more details
Stacktrace:
UnknownError: An unknown server-side error occurred while processing the command. Original error: 'POST /actions' cannot be proxied to UiAutomator2 server because the instrumentation process is not running (probably crashed). Check the server log and/or the logcat output for more details
    at UIA2Proxy.command (C:\Users\bahae\AppData\Roaming\npm\node_modules\appium\node_modules\@appium\base-driver\lib\jsonwp-proxy\proxy.js:350:13)
    at processTicksAndRejections (node:internal/process/task_queues:95:5)
    at AndroidUiautomator2Driver.performActions (C:\Users\bahae\.appium\node_modules\appium-uiautomator2-driver\lib\commands\actions.js:88:3)</status>
</kw>
<kw name="Clique Sur Setting" owner="Integration">
<arg>${driver}</arg>
<arg>Bluetooth</arg>
<arg>${Setting_menu}</arg>
<status status="NOT RUN" start="2025-05-05T01:51:56.279349" elapsed="0.000000"/>
</kw>
<kw name="Get Bluetooth Name" owner="script_mobile">
<var>${name_bluetooth_mobile}</var>
<arg>${driver_mobile}</arg>
<doc>Récupère le nom de l'appareil Bluetooth via ADB.</doc>
<status status="NOT RUN" start="2025-05-05T01:51:56.279349" elapsed="0.000000"/>
</kw>
<kw name="Log" owner="BuiltIn">
<arg>${name_bluetooth_mobile}</arg>
<doc>Logs the given message with the given level.</doc>
<status status="NOT RUN" start="2025-05-05T01:51:56.279349" elapsed="0.000000"/>
</kw>
<kw name="Press Key" owner="Integration">
<arg>${driver_mobile}</arg>
<arg>4</arg>
<doc>Effectue un appui sur une touche spécifique via son keycode.</doc>
<status status="NOT RUN" start="2025-05-05T01:51:56.280349" elapsed="0.000000"/>
</kw>
<kw name="Press Key" owner="Integration">
<arg>${driver_mobile}</arg>
<arg>176</arg>
<doc>Effectue un appui sur une touche spécifique via son keycode.</doc>
<status status="NOT RUN" start="2025-05-05T01:51:56.280349" elapsed="0.000000"/>
</kw>
<kw name="Wait Until Keyword Succeeds" owner="BuiltIn">
<arg>30s</arg>
<arg>2s</arg>
<arg>Click Element By Text Att</arg>
<arg>${driver_mobile}</arg>
<arg>Bluetooth, pairing</arg>
<doc>Runs the specified keyword and retries if it fails.</doc>
<status status="NOT RUN" start="2025-05-05T01:51:56.280349" elapsed="0.000000"/>
</kw>
<kw name="Wait Until Keyword Succeeds" owner="BuiltIn">
<arg>30s</arg>
<arg>2s</arg>
<arg>Click Element By Text Att</arg>
<arg>${driver}</arg>
<arg>${name_bluetooth_mobile}</arg>
<doc>Runs the specified keyword and retries if it fails.</doc>
<status status="NOT RUN" start="2025-05-05T01:51:56.280349" elapsed="0.000000"/>
</kw>
<kw name="Wait Until Keyword Succeeds" owner="BuiltIn">
<arg>30s</arg>
<arg>2s</arg>
<arg>Click Element By Text Att</arg>
<arg>${driver}</arg>
<arg>${supp}</arg>
<doc>Runs the specified keyword and retries if it fails.</doc>
<status status="NOT RUN" start="2025-05-05T01:51:56.280349" elapsed="0.000000"/>
</kw>
<kw name="Is Bluetooth Connected" owner="Integration">
<var>${verif_adb}</var>
<arg>${driver}</arg>
<arg>${name_bluetooth_mobile}</arg>
<doc>Vérifie si un appareil Bluetooth spécifique est connecté.</doc>
<status status="NOT RUN" start="2025-05-05T01:51:56.280349" elapsed="0.000000"/>
</kw>
<kw name="Run Keyword And Continue On Failure" owner="BuiltIn">
<arg>Should Not Be True</arg>
<arg>${verif_adb}</arg>
<arg>Le Bluetooth n'est pas connecté (via ADB).</arg>
<doc>Runs the keyword and continues execution even if a failure occurs.</doc>
<status status="NOT RUN" start="2025-05-05T01:51:56.280349" elapsed="0.000000"/>
</kw>
<doc>Teste la suppression de l'appairage Bluetooth
- Vérifie la langue du système
- Ouvre les paramètres Bluetooth
- Récupère le nom Bluetooth du mobile
- Supprime l'appareil appairé
- Vérifie que l'appairage n'est plus actif via ADB
- Continue l'exécution même en cas d'échec partiel</doc>
<status status="FAIL" start="2025-05-05T01:51:56.211798" elapsed="0.069551">WebDriverException: Message: An unknown server-side error occurred while processing the command. Original error: 'POST /actions' cannot be proxied to UiAutomator2 server because the instrumentation process is not running (probably crashed). Check the server log and/or the logcat output for more details
Stacktrace:
UnknownError: An unknown server-side error occurred while processing the command. Original error: 'POST /actions' cannot be proxied to UiAutomator2 server because the instrumentation process is not running (probably crashed). Check the server log and/or the logcat output for more details
    at UIA2Proxy.command (C:\Users\bahae\AppData\Roaming\npm\node_modules\appium\node_modules\@appium\base-driver\lib\jsonwp-proxy\proxy.js:350:13)
    at processTicksAndRejections (node:internal/process/task_queues:95:5)
    at AndroidUiautomator2Driver.performActions (C:\Users\bahae\.appium\node_modules\appium-uiautomator2-driver\lib\commands\actions.js:88:3)</status>
</test>
<test id="s1-t7" name="Test Fermer Bluetooth" line="270">
<kw name="Get System Language" owner="Integration">
<msg time="2025-05-05T01:51:56.326562" level="INFO">${lang} = fr</msg>
<var>${lang}</var>
<arg>${Device}</arg>
<status status="PASS" start="2025-05-05T01:51:56.281349" elapsed="0.046214"/>
</kw>
<if>
<branch type="IF" condition="'${lang}' == 'fr'">
<kw name="Set Variable" owner="BuiltIn">
<msg time="2025-05-05T01:51:56.328088" level="INFO">${System} = Système</msg>
<var>${System}</var>
<arg>Système</arg>
<doc>Returns the given values which can then be assigned to a variables.</doc>
<status status="PASS" start="2025-05-05T01:51:56.327563" elapsed="0.000525"/>
</kw>
<kw name="Set Variable" owner="BuiltIn">
<msg time="2025-05-05T01:51:56.328088" level="INFO">${Setting} = Paramètres</msg>
<var>${Setting}</var>
<arg>Paramètres</arg>
<doc>Returns the given values which can then be assigned to a variables.</doc>
<status status="PASS" start="2025-05-05T01:51:56.328088" elapsed="0.000000"/>
</kw>
<kw name="Set Variable" owner="BuiltIn">
<msg time="2025-05-05T01:51:56.328088" level="INFO">${apps} = Applis</msg>
<var>${apps}</var>
<arg>Applis</arg>
<doc>Returns the given values which can then be assigned to a variables.</doc>
<status status="PASS" start="2025-05-05T01:51:56.328088" elapsed="0.000000"/>
</kw>
<kw name="Set Variable" owner="BuiltIn">
<msg time="2025-05-05T01:51:56.328088" level="INFO">${Consulter_allapps} = Voir les</msg>
<var>${Consulter_allapps}</var>
<arg>Voir les</arg>
<doc>Returns the given values which can then be assigned to a variables.</doc>
<status status="PASS" start="2025-05-05T01:51:56.328088" elapsed="0.000000"/>
</kw>
<kw name="Set Variable" owner="BuiltIn">
<msg time="2025-05-05T01:51:56.329081" level="INFO">${DesButton} = Désinstaller</msg>
<var>${DesButton}</var>
<arg>Désinstaller</arg>
<doc>Returns the given values which can then be assigned to a variables.</doc>
<status status="PASS" start="2025-05-05T01:51:56.329081" elapsed="0.000000"/>
</kw>
<kw name="Set Variable" owner="BuiltIn">
<msg time="2025-05-05T01:51:56.329081" level="INFO">${confirme} = OK</msg>
<var>${confirme}</var>
<arg>OK</arg>
<doc>Returns the given values which can then be assigned to a variables.</doc>
<status status="PASS" start="2025-05-05T01:51:56.329081" elapsed="0.000000"/>
</kw>
<status status="PASS" start="2025-05-05T01:51:56.327563" elapsed="0.001518"/>
</branch>
<branch type="ELSE">
<kw name="Set Variable" owner="BuiltIn">
<var>${System}</var>
<arg>System</arg>
<doc>Returns the given values which can then be assigned to a variables.</doc>
<status status="NOT RUN" start="2025-05-05T01:51:56.329081" elapsed="0.000000"/>
</kw>
<kw name="Set Variable" owner="BuiltIn">
<var>${Setting}</var>
<arg>Settings</arg>
<doc>Returns the given values which can then be assigned to a variables.</doc>
<status status="NOT RUN" start="2025-05-05T01:51:56.329081" elapsed="0.000000"/>
</kw>
<kw name="Set Variable" owner="BuiltIn">
<var>${apps}</var>
<arg>Applis</arg>
<doc>Returns the given values which can then be assigned to a variables.</doc>
<status status="NOT RUN" start="2025-05-05T01:51:56.329081" elapsed="0.000000"/>
</kw>
<kw name="Set Variable" owner="BuiltIn">
<var>${Consulter_allapps}</var>
<arg>Voir les</arg>
<doc>Returns the given values which can then be assigned to a variables.</doc>
<status status="NOT RUN" start="2025-05-05T01:51:56.329081" elapsed="0.001020"/>
</kw>
<kw name="Set Variable" owner="BuiltIn">
<var>${DesButton}</var>
<arg>Désinstaller</arg>
<doc>Returns the given values which can then be assigned to a variables.</doc>
<status status="NOT RUN" start="2025-05-05T01:51:56.330101" elapsed="0.000000"/>
</kw>
<kw name="Set Variable" owner="BuiltIn">
<var>${confirme}</var>
<arg>OK</arg>
<doc>Returns the given values which can then be assigned to a variables.</doc>
<status status="NOT RUN" start="2025-05-05T01:51:56.330101" elapsed="0.000000"/>
</kw>
<status status="NOT RUN" start="2025-05-05T01:51:56.329081" elapsed="0.001020"/>
</branch>
<status status="PASS" start="2025-05-05T01:51:56.327563" elapsed="0.002538"/>
</if>
<kw name="Open Application With Click" owner="Integration">
<msg time="2025-05-05T01:51:56.334600" level="FAIL">WebDriverException: Message: An unknown server-side error occurred while processing the command. Original error: 'POST /actions' cannot be proxied to UiAutomator2 server because the instrumentation process is not running (probably crashed). Check the server log and/or the logcat output for more details
Stacktrace:
UnknownError: An unknown server-side error occurred while processing the command. Original error: 'POST /actions' cannot be proxied to UiAutomator2 server because the instrumentation process is not running (probably crashed). Check the server log and/or the logcat output for more details
    at UIA2Proxy.command (C:\Users\bahae\AppData\Roaming\npm\node_modules\appium\node_modules\@appium\base-driver\lib\jsonwp-proxy\proxy.js:350:13)
    at processTicksAndRejections (node:internal/process/task_queues:95:5)
    at AndroidUiautomator2Driver.performActions (C:\Users\bahae\.appium\node_modules\appium-uiautomator2-driver\lib\commands\actions.js:88:3)</msg>
<var>${resultat}</var>
<arg>${driver}</arg>
<arg>${Setting}</arg>
<status status="FAIL" start="2025-05-05T01:51:56.330101" elapsed="0.005499">WebDriverException: Message: An unknown server-side error occurred while processing the command. Original error: 'POST /actions' cannot be proxied to UiAutomator2 server because the instrumentation process is not running (probably crashed). Check the server log and/or the logcat output for more details
Stacktrace:
UnknownError: An unknown server-side error occurred while processing the command. Original error: 'POST /actions' cannot be proxied to UiAutomator2 server because the instrumentation process is not running (probably crashed). Check the server log and/or the logcat output for more details
    at UIA2Proxy.command (C:\Users\bahae\AppData\Roaming\npm\node_modules\appium\node_modules\@appium\base-driver\lib\jsonwp-proxy\proxy.js:350:13)
    at processTicksAndRejections (node:internal/process/task_queues:95:5)
    at AndroidUiautomator2Driver.performActions (C:\Users\bahae\.appium\node_modules\appium-uiautomator2-driver\lib\commands\actions.js:88:3)</status>
</kw>
<kw name="Sleep" owner="BuiltIn">
<arg>2s</arg>
<doc>Pauses the test executed for the given time.</doc>
<status status="NOT RUN" start="2025-05-05T01:51:56.335600" elapsed="0.000000"/>
</kw>
<kw name="Check Element Exists By Id" owner="Integration">
<var>${Verfier}</var>
<arg>${driver}</arg>
<arg>${Setting_xpath_id}</arg>
<doc>Vérifie si un élément existe en utilisant son ID.</doc>
<status status="NOT RUN" start="2025-05-05T01:51:56.335600" elapsed="0.000000"/>
</kw>
<kw name="Should Be True" owner="BuiltIn">
<arg>${Verfier}</arg>
<arg>Setting n'est pas affiché.</arg>
<doc>Fails if the given condition is not true.</doc>
<status status="NOT RUN" start="2025-05-05T01:51:56.335600" elapsed="0.000000"/>
</kw>
<kw name="Clique Sur Setting" owner="Integration">
<arg>${driver}</arg>
<arg>Bluetooth</arg>
<arg>${Setting_menu}</arg>
<status status="NOT RUN" start="2025-05-05T01:51:56.335600" elapsed="0.000000"/>
</kw>
<kw name="Element Existe Par Accessibility Id" owner="Integration">
<var>${ble}</var>
<arg>${driver}</arg>
<arg>Bluetooth toggle switch</arg>
<status status="NOT RUN" start="2025-05-05T01:51:56.335600" elapsed="0.001001"/>
</kw>
<kw name="Should Be True" owner="BuiltIn">
<arg>${ble}</arg>
<arg>Les paramètres de Bluetooth ne s'affichent pas.</arg>
<doc>Fails if the given condition is not true.</doc>
<status status="NOT RUN" start="2025-05-05T01:51:56.336601" elapsed="0.000000"/>
</kw>
<kw name="Desactive Bluetooth Si Activer" owner="Integration">
<arg>${driver}</arg>
<arg>android:id/switch_widget</arg>
<status status="NOT RUN" start="2025-05-05T01:51:56.336601" elapsed="0.000000"/>
</kw>
<kw name="Sleep" owner="BuiltIn">
<arg>3s</arg>
<doc>Pauses the test executed for the given time.</doc>
<status status="NOT RUN" start="2025-05-05T01:51:56.336601" elapsed="0.000000"/>
</kw>
<kw name="Verfier Bluetooth Activer" owner="Integration">
<var>${verifier_ble_ui}</var>
<arg>${driver}</arg>
<arg>android:id/switch_widget</arg>
<status status="NOT RUN" start="2025-05-05T01:51:56.336601" elapsed="0.000000"/>
</kw>
<kw name="Should Not Be True" owner="BuiltIn">
<arg>${verifier_ble_ui}</arg>
<arg>Le Bluetooth ne desactive pas (ui).</arg>
<doc>Fails if the given condition is true.</doc>
<status status="NOT RUN" start="2025-05-05T01:51:56.336601" elapsed="0.000000"/>
</kw>
<kw name="Est Bluetooth Active" owner="Integration">
<var>${verfier_ble_adb}</var>
<arg>${Device}</arg>
<status status="NOT RUN" start="2025-05-05T01:51:56.337601" elapsed="0.000000"/>
</kw>
<kw name="Should Not Be True" owner="BuiltIn">
<arg>${verfier_ble_adb}</arg>
<arg>Le Bluetooth ne desactive pas (via adb).</arg>
<doc>Fails if the given condition is true.</doc>
<status status="NOT RUN" start="2025-05-05T01:51:56.337601" elapsed="0.000000"/>
</kw>
<doc>Teste la désactivation du Bluetooth sur l'appareil principal
- Vérifie la langue du système
- Ouvre les paramètres
- Accède aux paramètres Bluetooth
- Désactive le Bluetooth s'il est activé
- Vérifie que le Bluetooth est bien désactivé (UI et ADB)</doc>
<status status="FAIL" start="2025-05-05T01:51:56.281349" elapsed="0.056252">WebDriverException: Message: An unknown server-side error occurred while processing the command. Original error: 'POST /actions' cannot be proxied to UiAutomator2 server because the instrumentation process is not running (probably crashed). Check the server log and/or the logcat output for more details
Stacktrace:
UnknownError: An unknown server-side error occurred while processing the command. Original error: 'POST /actions' cannot be proxied to UiAutomator2 server because the instrumentation process is not running (probably crashed). Check the server log and/or the logcat output for more details
    at UIA2Proxy.command (C:\Users\bahae\AppData\Roaming\npm\node_modules\appium\node_modules\@appium\base-driver\lib\jsonwp-proxy\proxy.js:350:13)
    at processTicksAndRejections (node:internal/process/task_queues:95:5)
    at AndroidUiautomator2Driver.performActions (C:\Users\bahae\.appium\node_modules\appium-uiautomator2-driver\lib\commands\actions.js:88:3)</status>
</test>
<kw name="Fermer Driver" type="TEARDOWN">
<kw name="Close Driver" owner="Integration">
<arg>${driver}</arg>
<doc>Ferme proprement le driver Appium.</doc>
<status status="PASS" start="2025-05-05T01:51:56.338603" elapsed="0.110087"/>
</kw>
<kw name="Close Driver" owner="Integration">
<arg>${driver_mobile}</arg>
<doc>Ferme proprement le driver Appium.</doc>
<status status="PASS" start="2025-05-05T01:51:56.448690" elapsed="0.109037"/>
</kw>
<status status="PASS" start="2025-05-05T01:51:56.337601" elapsed="0.221125"/>
</kw>
<doc>Ce fichier contient des tests d'activation, désactivation, appairage et gestion d'appels via Bluetooth sur des appareils Android.
Les tests vérifient que les paramètres Bluetooth sont accessibles, que les actions d'activation/désactivation fonctionnent correctement,
que l'appairage entre appareils fonctionne, et que les fonctionnalités d'appel via Bluetooth opèrent correctement.
Les tests prennent en charge les interfaces en français et en anglais.Library    Process</doc>
<status status="FAIL" start="2025-05-05T01:48:38.242353" elapsed="198.316373"/>
</suite>
<statistics>
<total>
<stat pass="3" fail="4" skip="0">All Tests</stat>
</total>
<tag>
</tag>
<suite>
<stat name="FonctionnaliteBluetooth" id="s1" pass="3" fail="4" skip="0">FonctionnaliteBluetooth</stat>
</suite>
</statistics>
<errors>
</errors>
</robot>
