<?xml version="1.0" encoding="UTF-8"?>
<robot generator="Robot 7.2.2 (Python 3.12.5 on win32)" generated="2025-05-06T17:55:16.866199" rpa="false" schemaversion="5">
<suite id="s1" name="FonctionnaliteBluetooth" source="C:\Users\bahae\Desktop\PfeProject\test_cases\FonctionnaliteBluetooth.robot">
<kw name="Démarrer Driver" type="SETUP">
<kw name="Setup Driver" owner="Integration">
<msg time="2025-05-06T17:55:30.178842" level="INFO">${driver} = &lt;appium.webdriver.webdriver.WebDriver (session="cf31b560-6868-4d54-b315-a0c57eb67695")&gt;</msg>
<var>${driver}</var>
<arg>${Device}</arg>
<doc>Initialise et retourne le driver Appium.</doc>
<status status="PASS" start="2025-05-06T17:55:24.357504" elapsed="5.822337"/>
</kw>
<kw name="Log" owner="BuiltIn">
<msg time="2025-05-06T17:55:30.180842" level="INFO">Driver for emulator-5554: &lt;appium.webdriver.webdriver.WebDriver (session="cf31b560-6868-4d54-b315-a0c57eb67695")&gt;</msg>
<arg>Driver for ${Device}: ${driver}</arg>
<doc>Logs the given message with the given level.</doc>
<status status="PASS" start="2025-05-06T17:55:30.179841" elapsed="0.001001"/>
</kw>
<kw name="Setup Driver Mobile" owner="script_mobile">
<msg time="2025-05-06T17:55:35.610634" level="INFO">${driver_mobile} = &lt;appium.webdriver.webdriver.WebDriver (session="3a6b9341-fce1-4d5b-909c-7b3fd2088246")&gt;</msg>
<var>${driver_mobile}</var>
<arg>${Device_mobile}</arg>
<doc>Initialise et retourne le driver Appium.</doc>
<status status="PASS" start="2025-05-06T17:55:30.180842" elapsed="5.429792"/>
</kw>
<kw name="Set Suite Variable" owner="BuiltIn">
<msg time="2025-05-06T17:55:35.610634" level="INFO">${driver} = &lt;appium.webdriver.webdriver.WebDriver (session="cf31b560-6868-4d54-b315-a0c57eb67695")&gt;</msg>
<arg>${driver}</arg>
<doc>Makes a variable available everywhere within the scope of the current suite.</doc>
<status status="PASS" start="2025-05-06T17:55:35.610634" elapsed="0.001000"/>
</kw>
<kw name="Set Suite Variable" owner="BuiltIn">
<msg time="2025-05-06T17:55:35.611634" level="INFO">${driver_mobile} = &lt;appium.webdriver.webdriver.WebDriver (session="3a6b9341-fce1-4d5b-909c-7b3fd2088246")&gt;</msg>
<arg>${driver_mobile}</arg>
<doc>Makes a variable available everywhere within the scope of the current suite.</doc>
<status status="PASS" start="2025-05-06T17:55:35.611634" elapsed="0.000000"/>
</kw>
<status status="PASS" start="2025-05-06T17:55:24.356480" elapsed="11.255154"/>
</kw>
<test id="s1-t1" name="Test Ouvrir Bluetooth" line="74">
<kw name="Get System Language" owner="Integration">
<msg time="2025-05-06T17:55:35.662203" level="INFO">${lang} = fr</msg>
<var>${lang}</var>
<arg>${Device}</arg>
<status status="PASS" start="2025-05-06T17:55:35.612636" elapsed="0.049567"/>
</kw>
<if>
<branch type="IF" condition="'${lang}' == 'fr'">
<kw name="Set Variable" owner="BuiltIn">
<msg time="2025-05-06T17:55:35.662203" level="INFO">${System} = Système</msg>
<var>${System}</var>
<arg>Système</arg>
<doc>Returns the given values which can then be assigned to a variables.</doc>
<status status="PASS" start="2025-05-06T17:55:35.662203" elapsed="0.001024"/>
</kw>
<kw name="Set Variable" owner="BuiltIn">
<msg time="2025-05-06T17:55:35.663227" level="INFO">${Setting} = Paramètres</msg>
<var>${Setting}</var>
<arg>Paramètres</arg>
<doc>Returns the given values which can then be assigned to a variables.</doc>
<status status="PASS" start="2025-05-06T17:55:35.663227" elapsed="0.000000"/>
</kw>
<kw name="Set Variable" owner="BuiltIn">
<msg time="2025-05-06T17:55:35.663227" level="INFO">${apps} = Applis</msg>
<var>${apps}</var>
<arg>Applis</arg>
<doc>Returns the given values which can then be assigned to a variables.</doc>
<status status="PASS" start="2025-05-06T17:55:35.663227" elapsed="0.000000"/>
</kw>
<kw name="Set Variable" owner="BuiltIn">
<msg time="2025-05-06T17:55:35.663227" level="INFO">${Consulter_allapps} = Voir les</msg>
<var>${Consulter_allapps}</var>
<arg>Voir les</arg>
<doc>Returns the given values which can then be assigned to a variables.</doc>
<status status="PASS" start="2025-05-06T17:55:35.663227" elapsed="0.000000"/>
</kw>
<kw name="Set Variable" owner="BuiltIn">
<msg time="2025-05-06T17:55:35.664204" level="INFO">${DesButton} = Désinstaller</msg>
<var>${DesButton}</var>
<arg>Désinstaller</arg>
<doc>Returns the given values which can then be assigned to a variables.</doc>
<status status="PASS" start="2025-05-06T17:55:35.663227" elapsed="0.000977"/>
</kw>
<kw name="Set Variable" owner="BuiltIn">
<msg time="2025-05-06T17:55:35.664204" level="INFO">${confirme} = OK</msg>
<var>${confirme}</var>
<arg>OK</arg>
<doc>Returns the given values which can then be assigned to a variables.</doc>
<status status="PASS" start="2025-05-06T17:55:35.664204" elapsed="0.000000"/>
</kw>
<status status="PASS" start="2025-05-06T17:55:35.662203" elapsed="0.002001"/>
</branch>
<branch type="ELSE">
<kw name="Set Variable" owner="BuiltIn">
<var>${System}</var>
<arg>System</arg>
<doc>Returns the given values which can then be assigned to a variables.</doc>
<status status="NOT RUN" start="2025-05-06T17:55:35.664204" elapsed="0.000000"/>
</kw>
<kw name="Set Variable" owner="BuiltIn">
<var>${Setting}</var>
<arg>Settings</arg>
<doc>Returns the given values which can then be assigned to a variables.</doc>
<status status="NOT RUN" start="2025-05-06T17:55:35.664204" elapsed="0.000000"/>
</kw>
<kw name="Set Variable" owner="BuiltIn">
<var>${apps}</var>
<arg>Applis</arg>
<doc>Returns the given values which can then be assigned to a variables.</doc>
<status status="NOT RUN" start="2025-05-06T17:55:35.664204" elapsed="0.000000"/>
</kw>
<kw name="Set Variable" owner="BuiltIn">
<var>${Consulter_allapps}</var>
<arg>Voir les</arg>
<doc>Returns the given values which can then be assigned to a variables.</doc>
<status status="NOT RUN" start="2025-05-06T17:55:35.664204" elapsed="0.000000"/>
</kw>
<kw name="Set Variable" owner="BuiltIn">
<var>${DesButton}</var>
<arg>Désinstaller</arg>
<doc>Returns the given values which can then be assigned to a variables.</doc>
<status status="NOT RUN" start="2025-05-06T17:55:35.664204" elapsed="0.000000"/>
</kw>
<kw name="Set Variable" owner="BuiltIn">
<var>${confirme}</var>
<arg>OK</arg>
<doc>Returns the given values which can then be assigned to a variables.</doc>
<status status="NOT RUN" start="2025-05-06T17:55:35.665203" elapsed="0.000000"/>
</kw>
<status status="NOT RUN" start="2025-05-06T17:55:35.664204" elapsed="0.000999"/>
</branch>
<status status="PASS" start="2025-05-06T17:55:35.662203" elapsed="0.003000"/>
</if>
<kw name="Open Application With Click" owner="Integration">
<msg time="2025-05-06T17:55:55.231351" level="INFO">📌 Liste des applications détectées : ['Agenda', 'Appium Settings', 'ARD Audiothek', 'Audio Bluetooth', 'Crunchyroll', 'Enregistreur vocal', 'Google Assistant', 'Google\xa0Actualités', 'Home Assistant', 'Local Media Player', 'Maps', 'Paramètres', 'Play\xa0Store', 'Prime Video', 'SMS']
📌 First Home Page détectée : ['Agenda', 'Appium Settings', 'ARD Audiothek', 'Audio Bluetooth', 'Crunchyroll', 'Enregistreur vocal', 'Google Assistant', 'Google\xa0Actualités', 'Home Assistant', 'Local Media Player', 'Maps', 'Paramètres', 'Play\xa0Store', 'Prime Video', 'SMS']

📌 Liste des applications détectées : ['Agenda', 'Appium Settings', 'ARD Audiothek', 'Audio Bluetooth', 'Crunchyroll', 'Enregistreur vocal', 'Google Assistant', 'Google\xa0Actualités', 'Home Assistant', 'Local Media Player', 'Maps', 'Paramètres', 'Play\xa0Store', 'Prime Video', 'SMS']
✅ Retour à la first home page !

📌 Liste des applications détectées : ['Agenda', 'Appium Settings', 'ARD Audiothek', 'Audio Bluetooth', 'Crunchyroll', 'Enregistreur vocal', 'Google Assistant', 'Google\xa0Actualités', 'Home Assistant', 'Local Media Player', 'Maps', 'Paramètres', 'Play\xa0Store', 'Prime Video', 'SMS']
378 619 522 657</msg>
<msg time="2025-05-06T17:55:55.231351" level="INFO">${resultat} = True</msg>
<var>${resultat}</var>
<arg>${driver}</arg>
<arg>${Setting}</arg>
<status status="PASS" start="2025-05-06T17:55:35.665203" elapsed="19.566148"/>
</kw>
<kw name="Sleep" owner="BuiltIn">
<msg time="2025-05-06T17:55:57.233222" level="INFO">Slept 2 seconds.</msg>
<arg>2s</arg>
<doc>Pauses the test executed for the given time.</doc>
<status status="PASS" start="2025-05-06T17:55:55.231351" elapsed="2.001871"/>
</kw>
<kw name="Check Element Exists By Id" owner="Integration">
<msg time="2025-05-06T17:55:57.276016" level="INFO">${Verfier} = True</msg>
<var>${Verfier}</var>
<arg>${driver}</arg>
<arg>${Setting_xpath_id}</arg>
<doc>Vérifie si un élément existe en utilisant son ID.</doc>
<status status="PASS" start="2025-05-06T17:55:57.233222" elapsed="0.042794"/>
</kw>
<kw name="Should Be True" owner="BuiltIn">
<arg>${Verfier}</arg>
<arg>Setting n'est pas affiché.</arg>
<doc>Fails if the given condition is not true.</doc>
<status status="PASS" start="2025-05-06T17:55:57.276016" elapsed="0.000994"/>
</kw>
<kw name="Clique Sur Setting" owner="Integration">
<msg time="2025-05-06T17:55:58.496097" level="INFO">(0, 76, 550, 696)
✅ 'Bluetooth' trouvé sans swipe. Appui en cours...</msg>
<arg>${driver}</arg>
<arg>Bluetooth</arg>
<arg>${Setting_menu}</arg>
<status status="PASS" start="2025-05-06T17:55:57.277010" elapsed="1.219087"/>
</kw>
<kw name="Element Existe Par Accessibility Id" owner="Integration">
<msg time="2025-05-06T17:55:58.553899" level="INFO">${ble} = True</msg>
<var>${ble}</var>
<arg>${driver}</arg>
<arg>Bluetooth toggle switch</arg>
<status status="PASS" start="2025-05-06T17:55:58.496097" elapsed="0.057802"/>
</kw>
<kw name="Should Be True" owner="BuiltIn">
<arg>${ble}</arg>
<arg>Les paramètres de Bluetooth ne s'affichent pas.</arg>
<doc>Fails if the given condition is not true.</doc>
<status status="PASS" start="2025-05-06T17:55:58.553899" elapsed="0.000000"/>
</kw>
<kw name="Activer Bluetooth Si Desactive" owner="Integration">
<msg time="2025-05-06T17:55:59.392069" level="INFO">❌ Le Bluetooth est désactivé. Activation en cours...
✅ Bluetooth activé avec succès !</msg>
<arg>${driver}</arg>
<arg>android:id/switch_widget</arg>
<status status="PASS" start="2025-05-06T17:55:58.554897" elapsed="0.837172"/>
</kw>
<kw name="Sleep" owner="BuiltIn">
<msg time="2025-05-06T17:56:02.392117" level="INFO">Slept 3 seconds.</msg>
<arg>3s</arg>
<doc>Pauses the test executed for the given time.</doc>
<status status="PASS" start="2025-05-06T17:55:59.392069" elapsed="3.000048"/>
</kw>
<kw name="Verfier Bluetooth Activer" owner="Integration">
<msg time="2025-05-06T17:56:02.482750" level="INFO">${verifier_ble_ui} = True</msg>
<var>${verifier_ble_ui}</var>
<arg>${driver}</arg>
<arg>android:id/switch_widget</arg>
<status status="PASS" start="2025-05-06T17:56:02.392117" elapsed="0.090633"/>
</kw>
<kw name="Should Be True" owner="BuiltIn">
<arg>${verifier_ble_ui}</arg>
<arg>Le Bluetooth ne s'active pas (ui).</arg>
<doc>Fails if the given condition is not true.</doc>
<status status="PASS" start="2025-05-06T17:56:02.482750" elapsed="0.000000"/>
</kw>
<kw name="Est Bluetooth Active" owner="Integration">
<msg time="2025-05-06T17:56:02.531496" level="INFO">✅ Bluetooth est activé.</msg>
<msg time="2025-05-06T17:56:02.532494" level="INFO">${verfier_ble_adb} = True</msg>
<var>${verfier_ble_adb}</var>
<arg>${Device}</arg>
<status status="PASS" start="2025-05-06T17:56:02.482750" elapsed="0.049744"/>
</kw>
<kw name="Should Be True" owner="BuiltIn">
<arg>${verfier_ble_adb}</arg>
<arg>Le Bluetooth ne s'active pas (via adb).</arg>
<doc>Fails if the given condition is not true.</doc>
<status status="PASS" start="2025-05-06T17:56:02.532494" elapsed="0.000000"/>
</kw>
<doc>Teste l'activation du Bluetooth sur l'appareil principal
- Vérifie la langue du système
- Ouvre les paramètres
- Accède aux paramètres Bluetooth
- Active le Bluetooth s'il est désactivé
- Vérifie que le Bluetooth est bien activé (UI et ADB)</doc>
<status status="PASS" start="2025-05-06T17:55:35.611634" elapsed="26.920860"/>
</test>
<test id="s1-t2" name="Test Pairing Bluetooth" line="116">
<kw name="Get System Language" owner="Integration">
<msg time="2025-05-06T17:56:02.579792" level="INFO">${lang} = fr</msg>
<var>${lang}</var>
<arg>${Device}</arg>
<status status="PASS" start="2025-05-06T17:56:02.533494" elapsed="0.047299"/>
</kw>
<if>
<branch type="IF" condition="'${lang}' == 'fr'">
<kw name="Set Variable" owner="BuiltIn">
<msg time="2025-05-06T17:56:02.580793" level="INFO">${System} = Système</msg>
<var>${System}</var>
<arg>Système</arg>
<doc>Returns the given values which can then be assigned to a variables.</doc>
<status status="PASS" start="2025-05-06T17:56:02.580793" elapsed="0.000000"/>
</kw>
<kw name="Set Variable" owner="BuiltIn">
<msg time="2025-05-06T17:56:02.580793" level="INFO">${Setting} = Paramètres</msg>
<var>${Setting}</var>
<arg>Paramètres</arg>
<doc>Returns the given values which can then be assigned to a variables.</doc>
<status status="PASS" start="2025-05-06T17:56:02.580793" elapsed="0.000000"/>
</kw>
<kw name="Set Variable" owner="BuiltIn">
<msg time="2025-05-06T17:56:02.581792" level="INFO">${apps} = Applis</msg>
<var>${apps}</var>
<arg>Applis</arg>
<doc>Returns the given values which can then be assigned to a variables.</doc>
<status status="PASS" start="2025-05-06T17:56:02.580793" elapsed="0.000999"/>
</kw>
<kw name="Set Variable" owner="BuiltIn">
<msg time="2025-05-06T17:56:02.581792" level="INFO">${Consulter_allapps} = Voir les</msg>
<var>${Consulter_allapps}</var>
<arg>Voir les</arg>
<doc>Returns the given values which can then be assigned to a variables.</doc>
<status status="PASS" start="2025-05-06T17:56:02.581792" elapsed="0.000000"/>
</kw>
<kw name="Set Variable" owner="BuiltIn">
<msg time="2025-05-06T17:56:02.581792" level="INFO">${DesButton} = Désinstaller</msg>
<var>${DesButton}</var>
<arg>Désinstaller</arg>
<doc>Returns the given values which can then be assigned to a variables.</doc>
<status status="PASS" start="2025-05-06T17:56:02.581792" elapsed="0.000000"/>
</kw>
<kw name="Set Variable" owner="BuiltIn">
<msg time="2025-05-06T17:56:02.581792" level="INFO">${confirme} = OK</msg>
<var>${confirme}</var>
<arg>OK</arg>
<doc>Returns the given values which can then be assigned to a variables.</doc>
<status status="PASS" start="2025-05-06T17:56:02.581792" elapsed="0.000000"/>
</kw>
<kw name="Set Variable" owner="BuiltIn">
<msg time="2025-05-06T17:56:02.581792" level="INFO">${pairing} = Associer un nouvel appareil</msg>
<var>${pairing}</var>
<arg>Associer un nouvel appareil</arg>
<doc>Returns the given values which can then be assigned to a variables.</doc>
<status status="PASS" start="2025-05-06T17:56:02.581792" elapsed="0.000000"/>
</kw>
<kw name="Set Variable" owner="BuiltIn">
<msg time="2025-05-06T17:56:02.582809" level="INFO">${pairing_conf} = Associer</msg>
<var>${pairing_conf}</var>
<arg>Associer</arg>
<doc>Returns the given values which can then be assigned to a variables.</doc>
<status status="PASS" start="2025-05-06T17:56:02.582809" elapsed="0.000000"/>
</kw>
<kw name="Set Variable" owner="BuiltIn">
<msg time="2025-05-06T17:56:02.582809" level="INFO">${pairing_conf2} = Continuer</msg>
<var>${pairing_conf2}</var>
<arg>Continuer</arg>
<doc>Returns the given values which can then be assigned to a variables.</doc>
<status status="PASS" start="2025-05-06T17:56:02.582809" elapsed="0.000000"/>
</kw>
<status status="PASS" start="2025-05-06T17:56:02.580793" elapsed="0.002016"/>
</branch>
<branch type="ELSE">
<kw name="Set Variable" owner="BuiltIn">
<var>${System}</var>
<arg>System</arg>
<doc>Returns the given values which can then be assigned to a variables.</doc>
<status status="NOT RUN" start="2025-05-06T17:56:02.582809" elapsed="0.000000"/>
</kw>
<kw name="Set Variable" owner="BuiltIn">
<var>${Setting}</var>
<arg>Settings</arg>
<doc>Returns the given values which can then be assigned to a variables.</doc>
<status status="NOT RUN" start="2025-05-06T17:56:02.582809" elapsed="0.000000"/>
</kw>
<kw name="Set Variable" owner="BuiltIn">
<var>${apps}</var>
<arg>Apps</arg>
<doc>Returns the given values which can then be assigned to a variables.</doc>
<status status="NOT RUN" start="2025-05-06T17:56:02.582809" elapsed="0.000000"/>
</kw>
<kw name="Set Variable" owner="BuiltIn">
<var>${Consulter_allapps}</var>
<arg>See all</arg>
<doc>Returns the given values which can then be assigned to a variables.</doc>
<status status="NOT RUN" start="2025-05-06T17:56:02.583791" elapsed="0.000000"/>
</kw>
<kw name="Set Variable" owner="BuiltIn">
<var>${DesButton}</var>
<arg>Uninstall</arg>
<doc>Returns the given values which can then be assigned to a variables.</doc>
<status status="NOT RUN" start="2025-05-06T17:56:02.583791" elapsed="0.000000"/>
</kw>
<kw name="Set Variable" owner="BuiltIn">
<var>${confirme}</var>
<arg>OK</arg>
<doc>Returns the given values which can then be assigned to a variables.</doc>
<status status="NOT RUN" start="2025-05-06T17:56:02.583791" elapsed="0.000000"/>
</kw>
<kw name="Set Variable" owner="BuiltIn">
<var>${pairing}</var>
<arg>Pair new device</arg>
<doc>Returns the given values which can then be assigned to a variables.</doc>
<status status="NOT RUN" start="2025-05-06T17:56:02.583791" elapsed="0.000000"/>
</kw>
<kw name="Set Variable" owner="BuiltIn">
<var>${pairing_conf}</var>
<arg>Pair</arg>
<doc>Returns the given values which can then be assigned to a variables.</doc>
<status status="NOT RUN" start="2025-05-06T17:56:02.583791" elapsed="0.000000"/>
</kw>
<kw name="Set Variable" owner="BuiltIn">
<var>${pairing_conf2}</var>
<arg>Continue</arg>
<doc>Returns the given values which can then be assigned to a variables.</doc>
<status status="NOT RUN" start="2025-05-06T17:56:02.583791" elapsed="0.000000"/>
</kw>
<status status="NOT RUN" start="2025-05-06T17:56:02.582809" elapsed="0.000982"/>
</branch>
<status status="PASS" start="2025-05-06T17:56:02.580793" elapsed="0.002998"/>
</if>
<kw name="Open Application With Click" owner="Integration">
<msg time="2025-05-06T17:56:20.680779" level="INFO">📌 Liste des applications détectées : ['Agenda', 'Appium Settings', 'ARD Audiothek', 'Audio Bluetooth', 'Crunchyroll', 'Enregistreur vocal', 'Google Assistant', 'Google\xa0Actualités', 'Home Assistant', 'Local Media Player', 'Maps', 'Paramètres', 'Play\xa0Store', 'Prime Video', 'SMS']
📌 First Home Page détectée : ['Agenda', 'Appium Settings', 'ARD Audiothek', 'Audio Bluetooth', 'Crunchyroll', 'Enregistreur vocal', 'Google Assistant', 'Google\xa0Actualités', 'Home Assistant', 'Local Media Player', 'Maps', 'Paramètres', 'Play\xa0Store', 'Prime Video', 'SMS']

📌 Liste des applications détectées : ['Agenda', 'Appium Settings', 'ARD Audiothek', 'Audio Bluetooth', 'Crunchyroll', 'Enregistreur vocal', 'Google Assistant', 'Google\xa0Actualités', 'Home Assistant', 'Local Media Player', 'Maps', 'Paramètres', 'Play\xa0Store', 'Prime Video', 'SMS']
✅ Retour à la first home page !

📌 Liste des applications détectées : ['Agenda', 'Appium Settings', 'ARD Audiothek', 'Audio Bluetooth', 'Crunchyroll', 'Enregistreur vocal', 'Google Assistant', 'Google\xa0Actualités', 'Home Assistant', 'Local Media Player', 'Maps', 'Paramètres', 'Play\xa0Store', 'Prime Video', 'SMS']
378 619 522 657</msg>
<msg time="2025-05-06T17:56:20.680779" level="INFO">${resultat} = True</msg>
<var>${resultat}</var>
<arg>${driver}</arg>
<arg>${Setting}</arg>
<status status="PASS" start="2025-05-06T17:56:02.583791" elapsed="18.096988"/>
</kw>
<kw name="Clique Sur Setting" owner="Integration">
<msg time="2025-05-06T17:56:22.345570" level="INFO">(0, 76, 550, 696)
✅ 'Bluetooth' trouvé sans swipe. Appui en cours...</msg>
<arg>${driver}</arg>
<arg>Bluetooth</arg>
<arg>${Setting_menu}</arg>
<status status="PASS" start="2025-05-06T17:56:20.680779" elapsed="1.664791"/>
</kw>
<kw name="Get Bluetooth Name" owner="script_mobile">
<msg time="2025-05-06T17:56:22.406097" level="INFO">${name_bluetooth_mobile} = sdk_gphone64_x86_64</msg>
<var>${name_bluetooth_mobile}</var>
<arg>${driver_mobile}</arg>
<doc>Récupère le nom de l'appareil Bluetooth via ADB.</doc>
<status status="PASS" start="2025-05-06T17:56:22.346604" elapsed="0.060706"/>
</kw>
<kw name="Log" owner="BuiltIn">
<msg time="2025-05-06T17:56:22.407310" level="INFO">sdk_gphone64_x86_64</msg>
<arg>${name_bluetooth_mobile}</arg>
<doc>Logs the given message with the given level.</doc>
<status status="PASS" start="2025-05-06T17:56:22.407310" elapsed="0.000000"/>
</kw>
<kw name="Is Bluetooth Connected" owner="Integration">
<msg time="2025-05-06T17:56:22.459471" level="INFO">${verif_adb} = False</msg>
<var>${verif_adb}</var>
<arg>${driver}</arg>
<arg>${name_bluetooth_mobile}</arg>
<doc>Vérifie si un appareil Bluetooth spécifique est connecté.</doc>
<status status="PASS" start="2025-05-06T17:56:22.407310" elapsed="0.052161"/>
</kw>
<if>
<branch type="IF" condition="not ${verif_adb}">
<kw name="Press Key" owner="Integration">
<msg time="2025-05-06T17:56:24.140842" level="INFO">Keycode 4 pressé.</msg>
<arg>${driver_mobile}</arg>
<arg>4</arg>
<doc>Effectue un appui sur une touche spécifique via son keycode.</doc>
<status status="PASS" start="2025-05-06T17:56:22.459471" elapsed="1.681371"/>
</kw>
<kw name="Press Key" owner="Integration">
<msg time="2025-05-06T17:56:24.282441" level="INFO">Keycode 176 pressé.</msg>
<arg>${driver_mobile}</arg>
<arg>176</arg>
<doc>Effectue un appui sur une touche spécifique via son keycode.</doc>
<status status="PASS" start="2025-05-06T17:56:24.140842" elapsed="0.141599"/>
</kw>
<kw name="Wait Until Keyword Succeeds" owner="BuiltIn">
<kw name="Click Element By Text Att" owner="Integration">
<arg>${driver_mobile}</arg>
<arg>Bluetooth, pairing</arg>
<status status="PASS" start="2025-05-06T17:56:24.282441" elapsed="0.410144"/>
</kw>
<arg>30s</arg>
<arg>2s</arg>
<arg>Click Element By Text Att</arg>
<arg>${driver_mobile}</arg>
<arg>Bluetooth, pairing</arg>
<doc>Runs the specified keyword and retries if it fails.</doc>
<status status="PASS" start="2025-05-06T17:56:24.282441" elapsed="0.410144"/>
</kw>
<kw name="Wait Until Keyword Succeeds" owner="BuiltIn">
<kw name="Click Element By Text Att" owner="Integration">
<arg>${driver}</arg>
<arg>${pairing}</arg>
<status status="PASS" start="2025-05-06T17:56:24.693584" elapsed="0.769329"/>
</kw>
<arg>30s</arg>
<arg>2s</arg>
<arg>Click Element By Text Att</arg>
<arg>${driver}</arg>
<arg>${pairing}</arg>
<doc>Runs the specified keyword and retries if it fails.</doc>
<status status="PASS" start="2025-05-06T17:56:24.692585" elapsed="0.770328"/>
</kw>
<kw name="Wait Until Keyword Succeeds" owner="BuiltIn">
<kw name="Click Element By Text Att" owner="Integration">
<arg>${driver}</arg>
<arg>${name_bluetooth_mobile}</arg>
<status status="PASS" start="2025-05-06T17:56:25.463914" elapsed="3.085213"/>
</kw>
<arg>30s</arg>
<arg>2s</arg>
<arg>Click Element By Text Att</arg>
<arg>${driver}</arg>
<arg>${name_bluetooth_mobile}</arg>
<doc>Runs the specified keyword and retries if it fails.</doc>
<status status="PASS" start="2025-05-06T17:56:25.462913" elapsed="3.087214"/>
</kw>
<kw name="Wait Until Keyword Succeeds" owner="BuiltIn">
<kw name="Click Element By Text Att" owner="Integration">
<arg>${driver_mobile}</arg>
<arg>Pair</arg>
<status status="PASS" start="2025-05-06T17:56:28.550127" elapsed="3.378791"/>
</kw>
<arg>30s</arg>
<arg>2s</arg>
<arg>Click Element By Text Att</arg>
<arg>${driver_mobile}</arg>
<arg>Pair</arg>
<doc>Runs the specified keyword and retries if it fails.</doc>
<status status="PASS" start="2025-05-06T17:56:28.550127" elapsed="3.378791"/>
</kw>
<kw name="Wait Until Keyword Succeeds" owner="BuiltIn">
<kw name="Click Element By Text Att" owner="Integration">
<arg>${driver}</arg>
<arg>${pairing_conf}</arg>
<status status="PASS" start="2025-05-06T17:56:31.929917" elapsed="1.128586"/>
</kw>
<arg>10s</arg>
<arg>2s</arg>
<arg>Click Element By Text Att</arg>
<arg>${driver}</arg>
<arg>${pairing_conf}</arg>
<doc>Runs the specified keyword and retries if it fails.</doc>
<status status="PASS" start="2025-05-06T17:56:31.929917" elapsed="1.128586"/>
</kw>
<kw name="Wait Until Keyword Succeeds" owner="BuiltIn">
<kw name="Click Element By Text Att" owner="Integration">
<arg>${driver_mobile}</arg>
<arg>Allow</arg>
<status status="PASS" start="2025-05-06T17:56:33.058503" elapsed="3.961417"/>
</kw>
<arg>30s</arg>
<arg>2s</arg>
<arg>Click Element By Text Att</arg>
<arg>${driver_mobile}</arg>
<arg>Allow</arg>
<doc>Runs the specified keyword and retries if it fails.</doc>
<status status="PASS" start="2025-05-06T17:56:33.058503" elapsed="3.961417"/>
</kw>
<kw name="Wait Until Keyword Succeeds" owner="BuiltIn">
<kw name="Click Element By Text Att" owner="Integration">
<arg>${driver}</arg>
<arg>${pairing_conf2}</arg>
<status status="PASS" start="2025-05-06T17:56:37.020915" elapsed="3.928193"/>
</kw>
<arg>30s</arg>
<arg>2s</arg>
<arg>Click Element By Text Att</arg>
<arg>${driver}</arg>
<arg>${pairing_conf2}</arg>
<doc>Runs the specified keyword and retries if it fails.</doc>
<status status="PASS" start="2025-05-06T17:56:37.019920" elapsed="3.929188"/>
</kw>
<status status="PASS" start="2025-05-06T17:56:22.459471" elapsed="18.490639"/>
</branch>
<status status="PASS" start="2025-05-06T17:56:22.459471" elapsed="18.490639"/>
</if>
<kw name="Is Bluetooth Connected" owner="Integration">
<msg time="2025-05-06T17:56:41.029021" level="INFO">${verif_adb} = True</msg>
<var>${verif_adb}</var>
<arg>${driver}</arg>
<arg>${name_bluetooth_mobile}</arg>
<doc>Vérifie si un appareil Bluetooth spécifique est connecté.</doc>
<status status="PASS" start="2025-05-06T17:56:40.950110" elapsed="0.078911"/>
</kw>
<kw name="Should Be True" owner="BuiltIn">
<arg>${verif_adb}</arg>
<arg>Le Bluetooth n'est pas connecté (via ADB).</arg>
<doc>Fails if the given condition is not true.</doc>
<status status="PASS" start="2025-05-06T17:56:41.029021" elapsed="0.001002"/>
</kw>
<doc>Teste l'appairage Bluetooth entre les deux appareils
- Vérifie la langue du système
- Ouvre les paramètres Bluetooth
- Récupère le nom Bluetooth du mobile
- Vérifie si l'appairage existe déjà
- Si non, initie le processus d'appairage
- Valide l'appairage des deux côtés
- Vérifie que l'appairage est effectif via ADB</doc>
<status status="PASS" start="2025-05-06T17:56:02.532494" elapsed="38.497529"/>
</test>
<test id="s1-t3" name="Test Call Bluetooth" line="175">
<kw name="Run Keyword And Continue On Failure" owner="BuiltIn">
<kw name="Simulate Incoming Call" owner="Integration">
<msg time="2025-05-06T17:56:41.058999" level="INFO">[OK] Appel simulé : 52440030 vers emulator-5556.</msg>
<arg>${driver_mobile}</arg>
<arg>52440030</arg>
<doc>Simule un appel entrant sur un émulateur Android en envoyant une requête à l'endpoint /call.</doc>
<status status="PASS" start="2025-05-06T17:56:41.031021" elapsed="0.027978"/>
</kw>
<msg time="2025-05-06T17:56:41.058999" level="INFO">${call} = True</msg>
<var>${call}</var>
<arg>Simulate Incoming Call</arg>
<arg>${driver_mobile}</arg>
<arg>52440030</arg>
<doc>Runs the keyword and continues execution even if a failure occurs.</doc>
<status status="PASS" start="2025-05-06T17:56:41.031021" elapsed="0.027978"/>
</kw>
<kw name="Sleep" owner="BuiltIn">
<msg time="2025-05-06T17:56:46.060698" level="INFO">Slept 5 seconds.</msg>
<arg>5s</arg>
<doc>Pauses the test executed for the given time.</doc>
<status status="PASS" start="2025-05-06T17:56:41.060000" elapsed="5.000698"/>
</kw>
<kw name="Run Keyword And Continue On Failure" owner="BuiltIn">
<kw name="Wait Until Keyword Succeeds" owner="BuiltIn">
<kw name="Get Text Bounds Driver" owner="script_IA">
<arg>${driver_mobile}</arg>
<arg>52440030</arg>
<doc>Capture une capture d'écran du navigateur et extrait les coordonnées du texte.</doc>
<status status="PASS" start="2025-05-06T17:56:46.060698" elapsed="1.582350"/>
</kw>
<arg>30s</arg>
<arg>2s</arg>
<arg>Get Text Bounds Driver</arg>
<arg>${driver_mobile}</arg>
<arg>52440030</arg>
<doc>Runs the specified keyword and retries if it fails.</doc>
<status status="PASS" start="2025-05-06T17:56:46.060698" elapsed="1.582350"/>
</kw>
<msg time="2025-05-06T17:56:47.643048" level="INFO">${bounds} = (251, 147, 446, 187)</msg>
<var>${bounds}</var>
<arg>Wait Until Keyword Succeeds</arg>
<arg>30s</arg>
<arg>2s</arg>
<arg>Get Text Bounds Driver</arg>
<arg>${driver_mobile}</arg>
<arg>52440030</arg>
<doc>Runs the keyword and continues execution even if a failure occurs.</doc>
<status status="PASS" start="2025-05-06T17:56:46.060698" elapsed="1.582350"/>
</kw>
<kw name="Run Keyword And Continue On Failure" owner="BuiltIn">
<kw name="Log" owner="BuiltIn">
<msg time="2025-05-06T17:56:47.644049" level="INFO">(251, 147, 446, 187)</msg>
<arg>${bounds}</arg>
<doc>Logs the given message with the given level.</doc>
<status status="PASS" start="2025-05-06T17:56:47.644049" elapsed="0.000000"/>
</kw>
<arg>Log</arg>
<arg>${bounds}</arg>
<doc>Runs the keyword and continues execution even if a failure occurs.</doc>
<status status="PASS" start="2025-05-06T17:56:47.644049" elapsed="0.000000"/>
</kw>
<kw name="Run Keyword And Continue On Failure" owner="BuiltIn">
<kw name="Should Not Be Equal" owner="BuiltIn">
<msg time="2025-05-06T17:56:47.645048" level="INFO">Argument types are:
&lt;class 'tuple'&gt;
&lt;class 'NoneType'&gt;</msg>
<arg>${bounds}</arg>
<arg>${None}</arg>
<arg>Le numéro 52440030 n'a pas été trouvé à l'écran</arg>
<doc>Fails if the given objects are equal.</doc>
<status status="PASS" start="2025-05-06T17:56:47.644049" elapsed="0.000999"/>
</kw>
<arg>Should Not Be Equal</arg>
<arg>${bounds}</arg>
<arg>${None}</arg>
<arg>Le numéro 52440030 n'a pas été trouvé à l'écran</arg>
<doc>Runs the keyword and continues execution even if a failure occurs.</doc>
<status status="PASS" start="2025-05-06T17:56:47.644049" elapsed="0.000999"/>
</kw>
<doc>Teste la réception d'un appel via Bluetooth
- Simule un appel entrant sur le mobile
- Vérifie que le numéro appelant est affiché à l'écran
- Continue l'exécution même en cas d'échec partiel</doc>
<status status="PASS" start="2025-05-06T17:56:41.030023" elapsed="6.615025"/>
</test>
<test id="s1-t4" name="Test Answer Call Bluetooth" line="187">
<kw name="Get System Language" owner="Integration">
<msg time="2025-05-06T17:56:47.693714" level="INFO">${lang} = fr</msg>
<var>${lang}</var>
<arg>${Device}</arg>
<status status="PASS" start="2025-05-06T17:56:47.646048" elapsed="0.047666"/>
</kw>
<if>
<branch type="IF" condition="'${lang}' == 'fr'">
<kw name="Set Variable" owner="BuiltIn">
<msg time="2025-05-06T17:56:47.694717" level="INFO">${answer} = Répondre</msg>
<var>${answer}</var>
<arg>Répondre</arg>
<doc>Returns the given values which can then be assigned to a variables.</doc>
<status status="PASS" start="2025-05-06T17:56:47.694717" elapsed="0.000000"/>
</kw>
<kw name="Set Variable" owner="BuiltIn">
<msg time="2025-05-06T17:56:47.694717" level="INFO">${accept} = Accepter</msg>
<var>${accept}</var>
<arg>Accepter</arg>
<doc>Returns the given values which can then be assigned to a variables.</doc>
<status status="PASS" start="2025-05-06T17:56:47.694717" elapsed="0.000000"/>
</kw>
<kw name="Set Variable" owner="BuiltIn">
<msg time="2025-05-06T17:56:47.694717" level="INFO">${Setting} = Paramètres</msg>
<var>${Setting}</var>
<arg>Paramètres</arg>
<doc>Returns the given values which can then be assigned to a variables.</doc>
<status status="PASS" start="2025-05-06T17:56:47.694717" elapsed="0.000000"/>
</kw>
<status status="PASS" start="2025-05-06T17:56:47.693714" elapsed="0.001003"/>
</branch>
<branch type="ELSE">
<kw name="Set Variable" owner="BuiltIn">
<var>${answer}</var>
<arg>Answer</arg>
<doc>Returns the given values which can then be assigned to a variables.</doc>
<status status="NOT RUN" start="2025-05-06T17:56:47.694717" elapsed="0.001026"/>
</kw>
<kw name="Set Variable" owner="BuiltIn">
<var>${accept}</var>
<arg>Accept</arg>
<doc>Returns the given values which can then be assigned to a variables.</doc>
<status status="NOT RUN" start="2025-05-06T17:56:47.695849" elapsed="0.000000"/>
</kw>
<kw name="Set Variable" owner="BuiltIn">
<var>${Setting}</var>
<arg>Settings</arg>
<doc>Returns the given values which can then be assigned to a variables.</doc>
<status status="NOT RUN" start="2025-05-06T17:56:47.695849" elapsed="0.000000"/>
</kw>
<status status="NOT RUN" start="2025-05-06T17:56:47.694717" elapsed="0.001132"/>
</branch>
<status status="PASS" start="2025-05-06T17:56:47.693714" elapsed="0.002135"/>
</if>
<kw name="Sleep" owner="BuiltIn">
<msg time="2025-05-06T17:56:52.697270" level="INFO">Slept 5 seconds.</msg>
<arg>5s</arg>
<doc>Pauses the test executed for the given time.</doc>
<status status="PASS" start="2025-05-06T17:56:47.695849" elapsed="5.001421"/>
</kw>
<kw name="Create List" owner="BuiltIn">
<msg time="2025-05-06T17:56:52.697270" level="INFO">${possible_texts} = ['Répondre', 'Accepter', 'Accept', 'Answer', 'Répondre', 'Accepter']</msg>
<var>${possible_texts}</var>
<arg>${answer}</arg>
<arg>${accept}</arg>
<arg>Accept</arg>
<arg>Answer</arg>
<arg>Répondre</arg>
<arg>Accepter</arg>
<doc>Returns a list containing given items.</doc>
<status status="PASS" start="2025-05-06T17:56:52.697270" elapsed="0.000000"/>
</kw>
<kw name="Set Variable" owner="BuiltIn">
<msg time="2025-05-06T17:56:52.698270" level="INFO">${call_answered} = False</msg>
<var>${call_answered}</var>
<arg>${FALSE}</arg>
<doc>Returns the given values which can then be assigned to a variables.</doc>
<status status="PASS" start="2025-05-06T17:56:52.697270" elapsed="0.001000"/>
</kw>
<for flavor="IN">
<iter>
<try>
<branch type="TRY">
<kw name="Get Text Bounds Driver" owner="script_IA">
<msg time="2025-05-06T17:56:54.200335" level="INFO">${bounds} = None</msg>
<var>${bounds}</var>
<arg>${driver_mobile}</arg>
<arg>${text}</arg>
<doc>Capture une capture d'écran du navigateur et extrait les coordonnées du texte.</doc>
<status status="PASS" start="2025-05-06T17:56:52.698270" elapsed="1.502065"/>
</kw>
<if>
<branch type="IF" condition="${bounds} != ${None}">
<kw name="Click Sur Bound" owner="Integration">
<arg>${driver_mobile}</arg>
<arg>${bounds}</arg>
<doc>Clique sur un élément en utilisant ses coordonnées.</doc>
<status status="NOT RUN" start="2025-05-06T17:56:54.200335" elapsed="0.000997"/>
</kw>
<kw name="Sleep" owner="BuiltIn">
<arg>5s</arg>
<doc>Pauses the test executed for the given time.</doc>
<status status="NOT RUN" start="2025-05-06T17:56:54.201332" elapsed="0.000000"/>
</kw>
<try>
<branch type="TRY">
<kw name="Find Icon Position" owner="script_IA">
<var>${Verifcall}</var>
<arg>${driver}</arg>
<arg>callsAnswer</arg>
<doc>Trouve la position d'une icône sur l'écran du device Android.</doc>
<status status="NOT RUN" start="2025-05-06T17:56:54.201332" elapsed="0.000000"/>
</kw>
<if>
<branch type="IF" condition="${Verifcall} != ${None}">
<kw name="Log" owner="BuiltIn">
<arg>Appel répondu avec succès (vérifié via icône)</arg>
<doc>Logs the given message with the given level.</doc>
<status status="NOT RUN" start="2025-05-06T17:56:54.201332" elapsed="0.000000"/>
</kw>
<kw name="Set Variable" owner="BuiltIn">
<var>${call_answered}</var>
<arg>${TRUE}</arg>
<doc>Returns the given values which can then be assigned to a variables.</doc>
<status status="NOT RUN" start="2025-05-06T17:56:54.201332" elapsed="0.000000"/>
</kw>
<break>
<status status="NOT RUN" start="2025-05-06T17:56:54.201332" elapsed="0.000000"/>
</break>
<status status="NOT RUN" start="2025-05-06T17:56:54.201332" elapsed="0.000000"/>
</branch>
<status status="NOT RUN" start="2025-05-06T17:56:54.201332" elapsed="0.000000"/>
</if>
<status status="NOT RUN" start="2025-05-06T17:56:54.201332" elapsed="0.001000"/>
</branch>
<branch type="EXCEPT" assign="${error}">
<kw name="Log" owner="BuiltIn">
<arg>Erreur lors de la recherche de l'icône: ${error}</arg>
<doc>Logs the given message with the given level.</doc>
<status status="NOT RUN" start="2025-05-06T17:56:54.202332" elapsed="0.000000"/>
</kw>
<status status="NOT RUN" start="2025-05-06T17:56:54.202332" elapsed="0.000000"/>
</branch>
<status status="NOT RUN" start="2025-05-06T17:56:54.201332" elapsed="0.001000"/>
</try>
<status status="NOT RUN" start="2025-05-06T17:56:54.200335" elapsed="0.001997"/>
</branch>
<status status="PASS" start="2025-05-06T17:56:54.200335" elapsed="0.001997"/>
</if>
<status status="PASS" start="2025-05-06T17:56:52.698270" elapsed="1.504062"/>
</branch>
<branch type="EXCEPT" assign="${error}">
<kw name="Log" owner="BuiltIn">
<arg>Erreur lors de la tentative avec "${text}": ${error}</arg>
<doc>Logs the given message with the given level.</doc>
<status status="NOT RUN" start="2025-05-06T17:56:54.202332" elapsed="0.000000"/>
</kw>
<kw name="Continue For Loop" owner="BuiltIn">
<doc>Skips the current FOR loop iteration and continues from the next.</doc>
<status status="NOT RUN" start="2025-05-06T17:56:54.202332" elapsed="0.000000"/>
</kw>
<status status="NOT RUN" start="2025-05-06T17:56:54.202332" elapsed="0.000000"/>
</branch>
<status status="PASS" start="2025-05-06T17:56:52.698270" elapsed="1.504062"/>
</try>
<var name="${text}">Répondre</var>
<status status="PASS" start="2025-05-06T17:56:52.698270" elapsed="1.504062"/>
</iter>
<iter>
<try>
<branch type="TRY">
<kw name="Get Text Bounds Driver" owner="script_IA">
<msg time="2025-05-06T17:56:55.663936" level="INFO">${bounds} = None</msg>
<var>${bounds}</var>
<arg>${driver_mobile}</arg>
<arg>${text}</arg>
<doc>Capture une capture d'écran du navigateur et extrait les coordonnées du texte.</doc>
<status status="PASS" start="2025-05-06T17:56:54.203332" elapsed="1.460604"/>
</kw>
<if>
<branch type="IF" condition="${bounds} != ${None}">
<kw name="Click Sur Bound" owner="Integration">
<arg>${driver_mobile}</arg>
<arg>${bounds}</arg>
<doc>Clique sur un élément en utilisant ses coordonnées.</doc>
<status status="NOT RUN" start="2025-05-06T17:56:55.664935" elapsed="0.000000"/>
</kw>
<kw name="Sleep" owner="BuiltIn">
<arg>5s</arg>
<doc>Pauses the test executed for the given time.</doc>
<status status="NOT RUN" start="2025-05-06T17:56:55.664935" elapsed="0.000000"/>
</kw>
<try>
<branch type="TRY">
<kw name="Find Icon Position" owner="script_IA">
<var>${Verifcall}</var>
<arg>${driver}</arg>
<arg>callsAnswer</arg>
<doc>Trouve la position d'une icône sur l'écran du device Android.</doc>
<status status="NOT RUN" start="2025-05-06T17:56:55.664935" elapsed="0.000000"/>
</kw>
<if>
<branch type="IF" condition="${Verifcall} != ${None}">
<kw name="Log" owner="BuiltIn">
<arg>Appel répondu avec succès (vérifié via icône)</arg>
<doc>Logs the given message with the given level.</doc>
<status status="NOT RUN" start="2025-05-06T17:56:55.664935" elapsed="0.000000"/>
</kw>
<kw name="Set Variable" owner="BuiltIn">
<var>${call_answered}</var>
<arg>${TRUE}</arg>
<doc>Returns the given values which can then be assigned to a variables.</doc>
<status status="NOT RUN" start="2025-05-06T17:56:55.664935" elapsed="0.000000"/>
</kw>
<break>
<status status="NOT RUN" start="2025-05-06T17:56:55.664935" elapsed="0.000000"/>
</break>
<status status="NOT RUN" start="2025-05-06T17:56:55.664935" elapsed="0.001000"/>
</branch>
<status status="NOT RUN" start="2025-05-06T17:56:55.664935" elapsed="0.001000"/>
</if>
<status status="NOT RUN" start="2025-05-06T17:56:55.664935" elapsed="0.001000"/>
</branch>
<branch type="EXCEPT" assign="${error}">
<kw name="Log" owner="BuiltIn">
<arg>Erreur lors de la recherche de l'icône: ${error}</arg>
<doc>Logs the given message with the given level.</doc>
<status status="NOT RUN" start="2025-05-06T17:56:55.665935" elapsed="0.000000"/>
</kw>
<status status="NOT RUN" start="2025-05-06T17:56:55.665935" elapsed="0.000000"/>
</branch>
<status status="NOT RUN" start="2025-05-06T17:56:55.664935" elapsed="0.001000"/>
</try>
<status status="NOT RUN" start="2025-05-06T17:56:55.663936" elapsed="0.001999"/>
</branch>
<status status="PASS" start="2025-05-06T17:56:55.663936" elapsed="0.001999"/>
</if>
<status status="PASS" start="2025-05-06T17:56:54.203332" elapsed="1.462603"/>
</branch>
<branch type="EXCEPT" assign="${error}">
<kw name="Log" owner="BuiltIn">
<arg>Erreur lors de la tentative avec "${text}": ${error}</arg>
<doc>Logs the given message with the given level.</doc>
<status status="NOT RUN" start="2025-05-06T17:56:55.665935" elapsed="0.000000"/>
</kw>
<kw name="Continue For Loop" owner="BuiltIn">
<doc>Skips the current FOR loop iteration and continues from the next.</doc>
<status status="NOT RUN" start="2025-05-06T17:56:55.665935" elapsed="0.000000"/>
</kw>
<status status="NOT RUN" start="2025-05-06T17:56:55.665935" elapsed="0.000000"/>
</branch>
<status status="PASS" start="2025-05-06T17:56:54.203332" elapsed="1.462603"/>
</try>
<var name="${text}">Accepter</var>
<status status="PASS" start="2025-05-06T17:56:54.203332" elapsed="1.462603"/>
</iter>
<iter>
<try>
<branch type="TRY">
<kw name="Get Text Bounds Driver" owner="script_IA">
<msg time="2025-05-06T17:56:57.144915" level="INFO">${bounds} = None</msg>
<var>${bounds}</var>
<arg>${driver_mobile}</arg>
<arg>${text}</arg>
<doc>Capture une capture d'écran du navigateur et extrait les coordonnées du texte.</doc>
<status status="PASS" start="2025-05-06T17:56:55.666936" elapsed="1.477979"/>
</kw>
<if>
<branch type="IF" condition="${bounds} != ${None}">
<kw name="Click Sur Bound" owner="Integration">
<arg>${driver_mobile}</arg>
<arg>${bounds}</arg>
<doc>Clique sur un élément en utilisant ses coordonnées.</doc>
<status status="NOT RUN" start="2025-05-06T17:56:57.144915" elapsed="0.000000"/>
</kw>
<kw name="Sleep" owner="BuiltIn">
<arg>5s</arg>
<doc>Pauses the test executed for the given time.</doc>
<status status="NOT RUN" start="2025-05-06T17:56:57.145915" elapsed="0.000000"/>
</kw>
<try>
<branch type="TRY">
<kw name="Find Icon Position" owner="script_IA">
<var>${Verifcall}</var>
<arg>${driver}</arg>
<arg>callsAnswer</arg>
<doc>Trouve la position d'une icône sur l'écran du device Android.</doc>
<status status="NOT RUN" start="2025-05-06T17:56:57.145915" elapsed="0.000000"/>
</kw>
<if>
<branch type="IF" condition="${Verifcall} != ${None}">
<kw name="Log" owner="BuiltIn">
<arg>Appel répondu avec succès (vérifié via icône)</arg>
<doc>Logs the given message with the given level.</doc>
<status status="NOT RUN" start="2025-05-06T17:56:57.145915" elapsed="0.000000"/>
</kw>
<kw name="Set Variable" owner="BuiltIn">
<var>${call_answered}</var>
<arg>${TRUE}</arg>
<doc>Returns the given values which can then be assigned to a variables.</doc>
<status status="NOT RUN" start="2025-05-06T17:56:57.145915" elapsed="0.000000"/>
</kw>
<break>
<status status="NOT RUN" start="2025-05-06T17:56:57.145915" elapsed="0.000000"/>
</break>
<status status="NOT RUN" start="2025-05-06T17:56:57.145915" elapsed="0.000000"/>
</branch>
<status status="NOT RUN" start="2025-05-06T17:56:57.145915" elapsed="0.000000"/>
</if>
<status status="NOT RUN" start="2025-05-06T17:56:57.145915" elapsed="0.000000"/>
</branch>
<branch type="EXCEPT" assign="${error}">
<kw name="Log" owner="BuiltIn">
<arg>Erreur lors de la recherche de l'icône: ${error}</arg>
<doc>Logs the given message with the given level.</doc>
<status status="NOT RUN" start="2025-05-06T17:56:57.146918" elapsed="0.000000"/>
</kw>
<status status="NOT RUN" start="2025-05-06T17:56:57.145915" elapsed="0.001003"/>
</branch>
<status status="NOT RUN" start="2025-05-06T17:56:57.145915" elapsed="0.001003"/>
</try>
<status status="NOT RUN" start="2025-05-06T17:56:57.144915" elapsed="0.002003"/>
</branch>
<status status="PASS" start="2025-05-06T17:56:57.144915" elapsed="0.002003"/>
</if>
<status status="PASS" start="2025-05-06T17:56:55.666936" elapsed="1.479982"/>
</branch>
<branch type="EXCEPT" assign="${error}">
<kw name="Log" owner="BuiltIn">
<arg>Erreur lors de la tentative avec "${text}": ${error}</arg>
<doc>Logs the given message with the given level.</doc>
<status status="NOT RUN" start="2025-05-06T17:56:57.146918" elapsed="0.000000"/>
</kw>
<kw name="Continue For Loop" owner="BuiltIn">
<doc>Skips the current FOR loop iteration and continues from the next.</doc>
<status status="NOT RUN" start="2025-05-06T17:56:57.146918" elapsed="0.000000"/>
</kw>
<status status="NOT RUN" start="2025-05-06T17:56:57.146918" elapsed="0.000000"/>
</branch>
<status status="PASS" start="2025-05-06T17:56:55.666936" elapsed="1.479982"/>
</try>
<var name="${text}">Accept</var>
<status status="PASS" start="2025-05-06T17:56:55.666936" elapsed="1.479982"/>
</iter>
<iter>
<try>
<branch type="TRY">
<kw name="Get Text Bounds Driver" owner="script_IA">
<msg time="2025-05-06T17:56:58.679620" level="INFO">${bounds} = (743, 344, 872, 379)</msg>
<var>${bounds}</var>
<arg>${driver_mobile}</arg>
<arg>${text}</arg>
<doc>Capture une capture d'écran du navigateur et extrait les coordonnées du texte.</doc>
<status status="PASS" start="2025-05-06T17:56:57.147920" elapsed="1.531700"/>
</kw>
<if>
<branch type="IF" condition="${bounds} != ${None}">
<kw name="Click Sur Bound" owner="Integration">
<msg time="2025-05-06T17:56:59.072374" level="INFO">Clic effectué aux coordonnées (807, 361)</msg>
<arg>${driver_mobile}</arg>
<arg>${bounds}</arg>
<doc>Clique sur un élément en utilisant ses coordonnées.</doc>
<status status="PASS" start="2025-05-06T17:56:58.680620" elapsed="0.391754"/>
</kw>
<kw name="Sleep" owner="BuiltIn">
<msg time="2025-05-06T17:57:04.072494" level="INFO">Slept 5 seconds.</msg>
<arg>5s</arg>
<doc>Pauses the test executed for the given time.</doc>
<status status="PASS" start="2025-05-06T17:56:59.072374" elapsed="5.000120"/>
</kw>
<try>
<branch type="TRY">
<kw name="Find Icon Position" owner="script_IA">
<msg time="2025-05-06T17:57:05.490454" level="INFO">${Verifcall} = (813, 17, 37, 40)</msg>
<var>${Verifcall}</var>
<arg>${driver}</arg>
<arg>callsAnswer</arg>
<doc>Trouve la position d'une icône sur l'écran du device Android.</doc>
<status status="PASS" start="2025-05-06T17:57:04.072494" elapsed="1.417960"/>
</kw>
<if>
<branch type="IF" condition="${Verifcall} != ${None}">
<kw name="Log" owner="BuiltIn">
<msg time="2025-05-06T17:57:05.491452" level="INFO">Appel répondu avec succès (vérifié via icône)</msg>
<arg>Appel répondu avec succès (vérifié via icône)</arg>
<doc>Logs the given message with the given level.</doc>
<status status="PASS" start="2025-05-06T17:57:05.490454" elapsed="0.000998"/>
</kw>
<kw name="Set Variable" owner="BuiltIn">
<msg time="2025-05-06T17:57:05.491452" level="INFO">${call_answered} = True</msg>
<var>${call_answered}</var>
<arg>${TRUE}</arg>
<doc>Returns the given values which can then be assigned to a variables.</doc>
<status status="PASS" start="2025-05-06T17:57:05.491452" elapsed="0.000000"/>
</kw>
<break>
<status status="PASS" start="2025-05-06T17:57:05.491452" elapsed="0.000000"/>
</break>
<status status="PASS" start="2025-05-06T17:57:05.490454" elapsed="0.000998"/>
</branch>
<status status="PASS" start="2025-05-06T17:57:05.490454" elapsed="0.000998"/>
</if>
<status status="PASS" start="2025-05-06T17:57:04.072494" elapsed="1.418958"/>
</branch>
<branch type="EXCEPT" assign="${error}">
<kw name="Log" owner="BuiltIn">
<arg>Erreur lors de la recherche de l'icône: ${error}</arg>
<doc>Logs the given message with the given level.</doc>
<status status="NOT RUN" start="2025-05-06T17:57:05.491452" elapsed="0.000000"/>
</kw>
<status status="NOT RUN" start="2025-05-06T17:57:05.491452" elapsed="0.000999"/>
</branch>
<status status="PASS" start="2025-05-06T17:57:04.072494" elapsed="1.419957"/>
</try>
<status status="PASS" start="2025-05-06T17:56:58.679620" elapsed="6.812831"/>
</branch>
<status status="PASS" start="2025-05-06T17:56:58.679620" elapsed="6.812831"/>
</if>
<status status="PASS" start="2025-05-06T17:56:57.147920" elapsed="8.344531"/>
</branch>
<branch type="EXCEPT" assign="${error}">
<kw name="Log" owner="BuiltIn">
<arg>Erreur lors de la tentative avec "${text}": ${error}</arg>
<doc>Logs the given message with the given level.</doc>
<status status="NOT RUN" start="2025-05-06T17:57:05.492451" elapsed="0.000000"/>
</kw>
<kw name="Continue For Loop" owner="BuiltIn">
<doc>Skips the current FOR loop iteration and continues from the next.</doc>
<status status="NOT RUN" start="2025-05-06T17:57:05.492451" elapsed="0.000000"/>
</kw>
<status status="NOT RUN" start="2025-05-06T17:57:05.492451" elapsed="0.000000"/>
</branch>
<status status="PASS" start="2025-05-06T17:56:57.146918" elapsed="8.345533"/>
</try>
<var name="${text}">Answer</var>
<status status="PASS" start="2025-05-06T17:56:57.146918" elapsed="8.345533"/>
</iter>
<var>${text}</var>
<value>@{possible_texts}</value>
<status status="PASS" start="2025-05-06T17:56:52.698270" elapsed="12.794181"/>
</for>
<if>
<branch type="IF" condition="not ${call_answered}">
<kw name="Log" owner="BuiltIn">
<arg>Avertissement: Impossible de confirmer que l'appel a été répondu</arg>
<doc>Logs the given message with the given level.</doc>
<status status="NOT RUN" start="2025-05-06T17:57:05.493452" elapsed="0.000000"/>
</kw>
<status status="NOT RUN" start="2025-05-06T17:57:05.492451" elapsed="0.001001"/>
</branch>
<status status="PASS" start="2025-05-06T17:57:05.492451" elapsed="0.001001"/>
</if>
<doc>Teste la réponse à un appel via Bluetooth
- Localise et clique sur le bouton "Répondre"
- Vérifie que l'interface d'appel est active
- Continue l'exécution même en cas d'échec partiel</doc>
<status status="PASS" start="2025-05-06T17:56:47.645048" elapsed="17.848404"/>
</test>
<test id="s1-t5" name="Test End Call Bluetooth" line="243">
<kw name="Get System Language" owner="Integration">
<msg time="2025-05-06T17:57:05.550400" level="INFO">${lang} = fr</msg>
<var>${lang}</var>
<arg>${Device}</arg>
<status status="PASS" start="2025-05-06T17:57:05.494454" elapsed="0.055946"/>
</kw>
<if>
<branch type="IF" condition="'${lang}' == 'fr'">
<kw name="Set Variable" owner="BuiltIn">
<msg time="2025-05-06T17:57:05.550928" level="INFO">${phone} = Téléphone</msg>
<var>${phone}</var>
<arg>Téléphone</arg>
<doc>Returns the given values which can then be assigned to a variables.</doc>
<status status="PASS" start="2025-05-06T17:57:05.550928" elapsed="0.000000"/>
</kw>
<kw name="Set Variable" owner="BuiltIn">
<msg time="2025-05-06T17:57:05.550928" level="INFO">${Setting} = Paramètres</msg>
<var>${Setting}</var>
<arg>Paramètres</arg>
<doc>Returns the given values which can then be assigned to a variables.</doc>
<status status="PASS" start="2025-05-06T17:57:05.550928" elapsed="0.000507"/>
</kw>
<kw name="Set Variable" owner="BuiltIn">
<msg time="2025-05-06T17:57:05.551465" level="INFO">${end_call} = Terminer</msg>
<var>${end_call}</var>
<arg>Terminer</arg>
<doc>Returns the given values which can then be assigned to a variables.</doc>
<status status="PASS" start="2025-05-06T17:57:05.551465" elapsed="0.000000"/>
</kw>
<status status="PASS" start="2025-05-06T17:57:05.550400" elapsed="0.001065"/>
</branch>
<branch type="ELSE">
<kw name="Set Variable" owner="BuiltIn">
<var>${phone}</var>
<arg>Phone</arg>
<doc>Returns the given values which can then be assigned to a variables.</doc>
<status status="NOT RUN" start="2025-05-06T17:57:05.551465" elapsed="0.000000"/>
</kw>
<kw name="Set Variable" owner="BuiltIn">
<var>${Setting}</var>
<arg>Settings</arg>
<doc>Returns the given values which can then be assigned to a variables.</doc>
<status status="NOT RUN" start="2025-05-06T17:57:05.551465" elapsed="0.000524"/>
</kw>
<kw name="Set Variable" owner="BuiltIn">
<var>${end_call}</var>
<arg>End</arg>
<doc>Returns the given values which can then be assigned to a variables.</doc>
<status status="NOT RUN" start="2025-05-06T17:57:05.552002" elapsed="0.000000"/>
</kw>
<status status="NOT RUN" start="2025-05-06T17:57:05.551465" elapsed="0.000537"/>
</branch>
<status status="PASS" start="2025-05-06T17:57:05.550400" elapsed="0.001602"/>
</if>
<kw name="Open Application With Click" owner="Integration">
<msg time="2025-05-06T17:57:34.556811" level="INFO">📌 Liste des applications détectées : ['Agenda', 'Appium Settings', 'ARD Audiothek', 'Audio Bluetooth', 'Crunchyroll', 'Enregistreur vocal', 'Google Assistant', 'Google\xa0Actualités', 'Home Assistant', 'Local Media Player', 'Maps', 'Paramètres', 'Play\xa0Store', 'Prime Video', 'SMS']
📌 First Home Page détectée : ['Agenda', 'Appium Settings', 'ARD Audiothek', 'Audio Bluetooth', 'Crunchyroll', 'Enregistreur vocal', 'Google Assistant', 'Google\xa0Actualités', 'Home Assistant', 'Local Media Player', 'Maps', 'Paramètres', 'Play\xa0Store', 'Prime Video', 'SMS']

📌 Liste des applications détectées : ['Agenda', 'Appium Settings', 'ARD Audiothek', 'Audio Bluetooth', 'Crunchyroll', 'Enregistreur vocal', 'Google Assistant', 'Google\xa0Actualités', 'Home Assistant', 'Local Media Player', 'Maps', 'Paramètres', 'Play\xa0Store', 'Prime Video', 'SMS']
✅ Retour à la first home page !

📌 Liste des applications détectées : ['Agenda', 'Appium Settings', 'ARD Audiothek', 'Audio Bluetooth', 'Crunchyroll', 'Enregistreur vocal', 'Google Assistant', 'Google\xa0Actualités', 'Home Assistant', 'Local Media Player', 'Maps', 'Paramètres', 'Play\xa0Store', 'Prime Video', 'SMS']

📌 Liste des applications détectées : ['Spotify', 'Téléphone', 'Vivaldi Browser', 'YouTube', 'TestNotificationapk']
🔄 Swipe en cours...

📌 Liste des applications détectées : ['Spotify', 'Téléphone', 'Vivaldi Browser', 'YouTube', 'TestNotificationapk']
386 209 516 247</msg>
<msg time="2025-05-06T17:57:34.557818" level="INFO">${resultat} = True</msg>
<var>${resultat}</var>
<arg>${driver}</arg>
<arg>${phone}</arg>
<status status="PASS" start="2025-05-06T17:57:05.552002" elapsed="29.005816"/>
</kw>
<kw name="Should Be True" owner="BuiltIn">
<arg>${resultat}</arg>
<arg>Impossible d'ouvrir l'application téléphone</arg>
<doc>Fails if the given condition is not true.</doc>
<status status="PASS" start="2025-05-06T17:57:34.557818" elapsed="0.000000"/>
</kw>
<kw name="Sleep" owner="BuiltIn">
<msg time="2025-05-06T17:57:39.559217" level="INFO">Slept 5 seconds.</msg>
<arg>5s</arg>
<doc>Pauses the test executed for the given time.</doc>
<status status="PASS" start="2025-05-06T17:57:34.557818" elapsed="5.001399"/>
</kw>
<kw name="Wait Until Keyword Succeeds" owner="BuiltIn">
<kw name="Get Text Bounds Driver" owner="script_IA">
<arg>${driver}</arg>
<arg>${end_call}</arg>
<doc>Capture une capture d'écran du navigateur et extrait les coordonnées du texte.</doc>
<status status="PASS" start="2025-05-06T17:57:39.559217" elapsed="1.674408"/>
</kw>
<msg time="2025-05-06T17:57:41.233625" level="INFO">${bounds} = None</msg>
<var>${bounds}</var>
<arg>30s</arg>
<arg>2s</arg>
<arg>Get Text Bounds Driver</arg>
<arg>${driver}</arg>
<arg>${end_call}</arg>
<doc>Runs the specified keyword and retries if it fails.</doc>
<status status="PASS" start="2025-05-06T17:57:39.559217" elapsed="1.674408"/>
</kw>
<if>
<branch type="IF" condition="${bounds} is not None">
<kw name="Click Sur Bound" owner="Integration">
<arg>${driver}</arg>
<arg>${bounds}</arg>
<doc>Clique sur un élément en utilisant ses coordonnées.</doc>
<status status="NOT RUN" start="2025-05-06T17:57:41.234623" elapsed="0.000000"/>
</kw>
<status status="NOT RUN" start="2025-05-06T17:57:41.233625" elapsed="0.000998"/>
</branch>
<branch type="ELSE">
<kw name="Wait Until Keyword Succeeds" owner="BuiltIn">
<kw name="Find Icon Position" owner="script_IA">
<arg>${driver}</arg>
<arg>endcall</arg>
<doc>Trouve la position d'une icône sur l'écran du device Android.</doc>
<status status="PASS" start="2025-05-06T17:57:41.235149" elapsed="0.611623"/>
</kw>
<msg time="2025-05-06T17:57:41.846772" level="INFO">${end_call_pos} = (645, 564, 115, 109)</msg>
<var>${end_call_pos}</var>
<arg>30s</arg>
<arg>2s</arg>
<arg>Find Icon Position</arg>
<arg>${driver}</arg>
<arg>endcall</arg>
<doc>Runs the specified keyword and retries if it fails.</doc>
<status status="PASS" start="2025-05-06T17:57:41.234623" elapsed="0.612149"/>
</kw>
<if>
<branch type="IF" condition="${end_call_pos} is not None">
<kw name="Click Icon Ia" owner="script_IA">
<arg>${driver}</arg>
<arg>endcall</arg>
<doc>Clique sur une icône trouvée sur l'écran.</doc>
<status status="PASS" start="2025-05-06T17:57:41.847764" elapsed="1.143208"/>
</kw>
<status status="PASS" start="2025-05-06T17:57:41.846772" elapsed="1.144200"/>
</branch>
<branch type="ELSE">
<kw name="Fail" owner="BuiltIn">
<arg>Impossible de trouver le bouton pour terminer l'appel</arg>
<doc>Fails the test with the given message and optionally alters its tags.</doc>
<status status="NOT RUN" start="2025-05-06T17:57:42.991971" elapsed="0.000000"/>
</kw>
<status status="NOT RUN" start="2025-05-06T17:57:42.991971" elapsed="0.000000"/>
</branch>
<status status="PASS" start="2025-05-06T17:57:41.846772" elapsed="1.145199"/>
</if>
<status status="PASS" start="2025-05-06T17:57:41.234623" elapsed="1.757348"/>
</branch>
<status status="PASS" start="2025-05-06T17:57:41.233625" elapsed="1.758346"/>
</if>
<kw name="Sleep" owner="BuiltIn">
<msg time="2025-05-06T17:57:45.993041" level="INFO">Slept 3 seconds.</msg>
<arg>3s</arg>
<doc>Pauses the test executed for the given time.</doc>
<status status="PASS" start="2025-05-06T17:57:42.991971" elapsed="3.001070"/>
</kw>
<doc>Teste la fin d'un appel via Bluetooth
- Ouvre l'application téléphone
- Localise et clique sur le bouton "Terminer l'appel"
- Continue l'exécution même en cas d'échec partiel</doc>
<status status="PASS" start="2025-05-06T17:57:05.493452" elapsed="40.499589"/>
</test>
<test id="s1-t6" name="Test Supprimer Bluetooth" line="281">
<kw name="Get System Language" owner="Integration">
<msg time="2025-05-06T17:57:46.061698" level="INFO">${lang} = fr</msg>
<var>${lang}</var>
<arg>${Device}</arg>
<status status="PASS" start="2025-05-06T17:57:45.994044" elapsed="0.067654"/>
</kw>
<if>
<branch type="IF" condition="'${lang}' == 'fr'">
<kw name="Set Variable" owner="BuiltIn">
<msg time="2025-05-06T17:57:46.062698" level="INFO">${System} = Système</msg>
<var>${System}</var>
<arg>Système</arg>
<doc>Returns the given values which can then be assigned to a variables.</doc>
<status status="PASS" start="2025-05-06T17:57:46.061698" elapsed="0.001000"/>
</kw>
<kw name="Set Variable" owner="BuiltIn">
<msg time="2025-05-06T17:57:46.062698" level="INFO">${Setting} = Paramètres</msg>
<var>${Setting}</var>
<arg>Paramètres</arg>
<doc>Returns the given values which can then be assigned to a variables.</doc>
<status status="PASS" start="2025-05-06T17:57:46.062698" elapsed="0.000000"/>
</kw>
<kw name="Set Variable" owner="BuiltIn">
<msg time="2025-05-06T17:57:46.062698" level="INFO">${apps} = Applis</msg>
<var>${apps}</var>
<arg>Applis</arg>
<doc>Returns the given values which can then be assigned to a variables.</doc>
<status status="PASS" start="2025-05-06T17:57:46.062698" elapsed="0.000000"/>
</kw>
<kw name="Set Variable" owner="BuiltIn">
<msg time="2025-05-06T17:57:46.063698" level="INFO">${Consulter_allapps} = Voir les</msg>
<var>${Consulter_allapps}</var>
<arg>Voir les</arg>
<doc>Returns the given values which can then be assigned to a variables.</doc>
<status status="PASS" start="2025-05-06T17:57:46.063698" elapsed="0.000000"/>
</kw>
<kw name="Set Variable" owner="BuiltIn">
<msg time="2025-05-06T17:57:46.063698" level="INFO">${DesButton} = Désinstaller</msg>
<var>${DesButton}</var>
<arg>Désinstaller</arg>
<doc>Returns the given values which can then be assigned to a variables.</doc>
<status status="PASS" start="2025-05-06T17:57:46.063698" elapsed="0.000000"/>
</kw>
<kw name="Set Variable" owner="BuiltIn">
<msg time="2025-05-06T17:57:46.063698" level="INFO">${confirme} = OK</msg>
<var>${confirme}</var>
<arg>OK</arg>
<doc>Returns the given values which can then be assigned to a variables.</doc>
<status status="PASS" start="2025-05-06T17:57:46.063698" elapsed="0.000000"/>
</kw>
<kw name="Set Variable" owner="BuiltIn">
<msg time="2025-05-06T17:57:46.064697" level="INFO">${pairing} = Associer un nouvel appareil</msg>
<var>${pairing}</var>
<arg>Associer un nouvel appareil</arg>
<doc>Returns the given values which can then be assigned to a variables.</doc>
<status status="PASS" start="2025-05-06T17:57:46.063698" elapsed="0.000999"/>
</kw>
<kw name="Set Variable" owner="BuiltIn">
<msg time="2025-05-06T17:57:46.064697" level="INFO">${pairing_conf} = Associer</msg>
<var>${pairing_conf}</var>
<arg>Associer</arg>
<doc>Returns the given values which can then be assigned to a variables.</doc>
<status status="PASS" start="2025-05-06T17:57:46.064697" elapsed="0.000000"/>
</kw>
<kw name="Set Variable" owner="BuiltIn">
<msg time="2025-05-06T17:57:46.064697" level="INFO">${pairing_conf2} = Continuer</msg>
<var>${pairing_conf2}</var>
<arg>Continuer</arg>
<doc>Returns the given values which can then be assigned to a variables.</doc>
<status status="PASS" start="2025-05-06T17:57:46.064697" elapsed="0.000000"/>
</kw>
<kw name="Set Variable" owner="BuiltIn">
<msg time="2025-05-06T17:57:46.065698" level="INFO">${supp} = Supprimer</msg>
<var>${supp}</var>
<arg>Supprimer</arg>
<doc>Returns the given values which can then be assigned to a variables.</doc>
<status status="PASS" start="2025-05-06T17:57:46.064697" elapsed="0.001001"/>
</kw>
<status status="PASS" start="2025-05-06T17:57:46.061698" elapsed="0.004000"/>
</branch>
<branch type="ELSE">
<kw name="Set Variable" owner="BuiltIn">
<var>${System}</var>
<arg>System</arg>
<doc>Returns the given values which can then be assigned to a variables.</doc>
<status status="NOT RUN" start="2025-05-06T17:57:46.065698" elapsed="0.000000"/>
</kw>
<kw name="Set Variable" owner="BuiltIn">
<var>${Setting}</var>
<arg>Settings</arg>
<doc>Returns the given values which can then be assigned to a variables.</doc>
<status status="NOT RUN" start="2025-05-06T17:57:46.065698" elapsed="0.000000"/>
</kw>
<kw name="Set Variable" owner="BuiltIn">
<var>${apps}</var>
<arg>Apps</arg>
<doc>Returns the given values which can then be assigned to a variables.</doc>
<status status="NOT RUN" start="2025-05-06T17:57:46.065698" elapsed="0.000000"/>
</kw>
<kw name="Set Variable" owner="BuiltIn">
<var>${Consulter_allapps}</var>
<arg>See all</arg>
<doc>Returns the given values which can then be assigned to a variables.</doc>
<status status="NOT RUN" start="2025-05-06T17:57:46.065698" elapsed="0.000000"/>
</kw>
<kw name="Set Variable" owner="BuiltIn">
<var>${DesButton}</var>
<arg>Uninstall</arg>
<doc>Returns the given values which can then be assigned to a variables.</doc>
<status status="NOT RUN" start="2025-05-06T17:57:46.066698" elapsed="0.000000"/>
</kw>
<kw name="Set Variable" owner="BuiltIn">
<var>${confirme}</var>
<arg>OK</arg>
<doc>Returns the given values which can then be assigned to a variables.</doc>
<status status="NOT RUN" start="2025-05-06T17:57:46.066698" elapsed="0.000000"/>
</kw>
<kw name="Set Variable" owner="BuiltIn">
<var>${pairing}</var>
<arg>Pair new device</arg>
<doc>Returns the given values which can then be assigned to a variables.</doc>
<status status="NOT RUN" start="2025-05-06T17:57:46.066698" elapsed="0.000000"/>
</kw>
<kw name="Set Variable" owner="BuiltIn">
<var>${pairing_conf}</var>
<arg>Pair</arg>
<doc>Returns the given values which can then be assigned to a variables.</doc>
<status status="NOT RUN" start="2025-05-06T17:57:46.066698" elapsed="0.000000"/>
</kw>
<kw name="Set Variable" owner="BuiltIn">
<var>${pairing_conf2}</var>
<arg>Continue</arg>
<doc>Returns the given values which can then be assigned to a variables.</doc>
<status status="NOT RUN" start="2025-05-06T17:57:46.066698" elapsed="0.000000"/>
</kw>
<kw name="Set Variable" owner="BuiltIn">
<var>${supp}</var>
<arg>Forget</arg>
<doc>Returns the given values which can then be assigned to a variables.</doc>
<status status="NOT RUN" start="2025-05-06T17:57:46.066698" elapsed="0.000000"/>
</kw>
<status status="NOT RUN" start="2025-05-06T17:57:46.065698" elapsed="0.001000"/>
</branch>
<status status="PASS" start="2025-05-06T17:57:46.061698" elapsed="0.006000"/>
</if>
<kw name="Open Application With Click" owner="Integration">
<msg time="2025-05-06T17:58:05.813713" level="INFO">📌 Liste des applications détectées : ['Agenda', 'Appium Settings', 'ARD Audiothek', 'Audio Bluetooth', 'Crunchyroll', 'Enregistreur vocal', 'Google Assistant', 'Google\xa0Actualités', 'Home Assistant', 'Local Media Player', 'Maps', 'Paramètres', 'Play\xa0Store', 'Prime Video', 'SMS']
📌 First Home Page détectée : ['Agenda', 'Appium Settings', 'ARD Audiothek', 'Audio Bluetooth', 'Crunchyroll', 'Enregistreur vocal', 'Google Assistant', 'Google\xa0Actualités', 'Home Assistant', 'Local Media Player', 'Maps', 'Paramètres', 'Play\xa0Store', 'Prime Video', 'SMS']

📌 Liste des applications détectées : ['Agenda', 'Appium Settings', 'ARD Audiothek', 'Audio Bluetooth', 'Crunchyroll', 'Enregistreur vocal', 'Google Assistant', 'Google\xa0Actualités', 'Home Assistant', 'Local Media Player', 'Maps', 'Paramètres', 'Play\xa0Store', 'Prime Video', 'SMS']
✅ Retour à la first home page !

📌 Liste des applications détectées : ['Agenda', 'Appium Settings', 'ARD Audiothek', 'Audio Bluetooth', 'Crunchyroll', 'Enregistreur vocal', 'Google Assistant', 'Google\xa0Actualités', 'Home Assistant', 'Local Media Player', 'Maps', 'Paramètres', 'Play\xa0Store', 'Prime Video', 'SMS']
378 619 522 657</msg>
<msg time="2025-05-06T17:58:05.813713" level="INFO">${resultat} = True</msg>
<var>${resultat}</var>
<arg>${driver}</arg>
<arg>${Setting}</arg>
<status status="PASS" start="2025-05-06T17:57:46.067698" elapsed="19.746015"/>
</kw>
<kw name="Should Be True" owner="BuiltIn">
<arg>${resultat}</arg>
<arg>Impossible d'ouvrir les paramètres</arg>
<doc>Fails if the given condition is not true.</doc>
<status status="PASS" start="2025-05-06T17:58:05.813713" elapsed="0.000000"/>
</kw>
<kw name="Clique Sur Setting" owner="Integration">
<msg time="2025-05-06T17:58:08.580584" level="INFO">(0, 76, 550, 696)
✅ 'Bluetooth' trouvé sans swipe. Appui en cours...</msg>
<arg>${driver}</arg>
<arg>Bluetooth</arg>
<arg>${Setting_menu}</arg>
<status status="PASS" start="2025-05-06T17:58:05.814713" elapsed="2.765871"/>
</kw>
<kw name="Sleep" owner="BuiltIn">
<msg time="2025-05-06T17:58:10.582584" level="INFO">Slept 2 seconds.</msg>
<arg>2s</arg>
<doc>Pauses the test executed for the given time.</doc>
<status status="PASS" start="2025-05-06T17:58:08.581575" elapsed="2.001009"/>
</kw>
<kw name="Get Bluetooth Name" owner="script_mobile">
<msg time="2025-05-06T17:58:10.630991" level="INFO">${name_bluetooth_mobile} = sdk_gphone64_x86_64</msg>
<var>${name_bluetooth_mobile}</var>
<arg>${driver_mobile}</arg>
<doc>Récupère le nom de l'appareil Bluetooth via ADB.</doc>
<status status="PASS" start="2025-05-06T17:58:10.582584" elapsed="0.048407"/>
</kw>
<kw name="Should Not Be Empty" owner="BuiltIn">
<msg time="2025-05-06T17:58:10.631989" level="INFO">Length is 19.</msg>
<arg>${name_bluetooth_mobile}</arg>
<arg>Impossible de récupérer le nom Bluetooth du mobile</arg>
<doc>Verifies that the given item is not empty.</doc>
<status status="PASS" start="2025-05-06T17:58:10.631989" elapsed="0.000000"/>
</kw>
<kw name="Is Bluetooth Connected" owner="Integration">
<msg time="2025-05-06T17:58:10.680003" level="INFO">${verif_adb} = True</msg>
<var>${verif_adb}</var>
<arg>${driver}</arg>
<arg>${name_bluetooth_mobile}</arg>
<doc>Vérifie si un appareil Bluetooth spécifique est connecté.</doc>
<status status="PASS" start="2025-05-06T17:58:10.631989" elapsed="0.048014"/>
</kw>
<kw name="Should Be True" owner="BuiltIn">
<arg>${verif_adb}</arg>
<arg>L'appareil n'est pas appairé</arg>
<doc>Fails if the given condition is not true.</doc>
<status status="PASS" start="2025-05-06T17:58:10.681001" elapsed="0.000000"/>
</kw>
<kw name="Wait Until Keyword Succeeds" owner="BuiltIn">
<kw name="Click Element By Text Att" owner="Integration">
<arg>${driver}</arg>
<arg>${name_bluetooth_mobile}</arg>
<status status="PASS" start="2025-05-06T17:58:10.681001" elapsed="0.248330"/>
</kw>
<arg>30s</arg>
<arg>2s</arg>
<arg>Click Element By Text Att</arg>
<arg>${driver}</arg>
<arg>${name_bluetooth_mobile}</arg>
<doc>Runs the specified keyword and retries if it fails.</doc>
<status status="PASS" start="2025-05-06T17:58:10.681001" elapsed="0.248330"/>
</kw>
<kw name="Sleep" owner="BuiltIn">
<msg time="2025-05-06T17:58:12.930275" level="INFO">Slept 2 seconds.</msg>
<arg>2s</arg>
<doc>Pauses the test executed for the given time.</doc>
<status status="PASS" start="2025-05-06T17:58:10.929331" elapsed="2.000944"/>
</kw>
<kw name="Wait Until Keyword Succeeds" owner="BuiltIn">
<kw name="Click Element By Text Att" owner="Integration">
<arg>${driver}</arg>
<arg>${supp}</arg>
<status status="PASS" start="2025-05-06T17:58:12.930275" elapsed="1.762706"/>
</kw>
<arg>30s</arg>
<arg>2s</arg>
<arg>Click Element By Text Att</arg>
<arg>${driver}</arg>
<arg>${supp}</arg>
<doc>Runs the specified keyword and retries if it fails.</doc>
<status status="PASS" start="2025-05-06T17:58:12.930275" elapsed="1.762706"/>
</kw>
<kw name="Sleep" owner="BuiltIn">
<msg time="2025-05-06T17:58:16.694997" level="INFO">Slept 2 seconds.</msg>
<arg>2s</arg>
<doc>Pauses the test executed for the given time.</doc>
<status status="PASS" start="2025-05-06T17:58:14.692981" elapsed="2.002016"/>
</kw>
<kw name="Is Bluetooth Connected" owner="Integration">
<msg time="2025-05-06T17:58:16.879143" level="INFO">${verif_adb} = False</msg>
<var>${verif_adb}</var>
<arg>${driver}</arg>
<arg>${name_bluetooth_mobile}</arg>
<doc>Vérifie si un appareil Bluetooth spécifique est connecté.</doc>
<status status="PASS" start="2025-05-06T17:58:16.694997" elapsed="0.184146"/>
</kw>
<kw name="Should Not Be True" owner="BuiltIn">
<arg>${verif_adb}</arg>
<arg>L'appairage n'a pas été supprimé</arg>
<doc>Fails if the given condition is true.</doc>
<status status="PASS" start="2025-05-06T17:58:16.879143" elapsed="0.000000"/>
</kw>
<doc>Teste la suppression de l'appairage Bluetooth
- Vérifie la langue du système
- Ouvre les paramètres Bluetooth
- Récupère le nom Bluetooth du mobile
- Supprime l'appareil appairé
- Vérifie que l'appairage n'est plus actif via ADB</doc>
<status status="PASS" start="2025-05-06T17:57:45.993041" elapsed="30.886102"/>
</test>
<test id="s1-t7" name="Test Fermer Bluetooth" line="339">
<kw name="Get System Language" owner="Integration">
<msg time="2025-05-06T17:58:16.930483" level="INFO">${lang} = fr</msg>
<var>${lang}</var>
<arg>${Device}</arg>
<status status="PASS" start="2025-05-06T17:58:16.880146" elapsed="0.050337"/>
</kw>
<if>
<branch type="IF" condition="'${lang}' == 'fr'">
<kw name="Set Variable" owner="BuiltIn">
<msg time="2025-05-06T17:58:16.931482" level="INFO">${System} = Système</msg>
<var>${System}</var>
<arg>Système</arg>
<doc>Returns the given values which can then be assigned to a variables.</doc>
<status status="PASS" start="2025-05-06T17:58:16.931482" elapsed="0.000000"/>
</kw>
<kw name="Set Variable" owner="BuiltIn">
<msg time="2025-05-06T17:58:16.931482" level="INFO">${Setting} = Paramètres</msg>
<var>${Setting}</var>
<arg>Paramètres</arg>
<doc>Returns the given values which can then be assigned to a variables.</doc>
<status status="PASS" start="2025-05-06T17:58:16.931482" elapsed="0.000000"/>
</kw>
<kw name="Set Variable" owner="BuiltIn">
<msg time="2025-05-06T17:58:16.931482" level="INFO">${apps} = Applis</msg>
<var>${apps}</var>
<arg>Applis</arg>
<doc>Returns the given values which can then be assigned to a variables.</doc>
<status status="PASS" start="2025-05-06T17:58:16.931482" elapsed="0.000000"/>
</kw>
<kw name="Set Variable" owner="BuiltIn">
<msg time="2025-05-06T17:58:16.932499" level="INFO">${Consulter_allapps} = Voir les</msg>
<var>${Consulter_allapps}</var>
<arg>Voir les</arg>
<doc>Returns the given values which can then be assigned to a variables.</doc>
<status status="PASS" start="2025-05-06T17:58:16.931482" elapsed="0.001017"/>
</kw>
<kw name="Set Variable" owner="BuiltIn">
<msg time="2025-05-06T17:58:16.932499" level="INFO">${DesButton} = Désinstaller</msg>
<var>${DesButton}</var>
<arg>Désinstaller</arg>
<doc>Returns the given values which can then be assigned to a variables.</doc>
<status status="PASS" start="2025-05-06T17:58:16.932499" elapsed="0.000000"/>
</kw>
<kw name="Set Variable" owner="BuiltIn">
<msg time="2025-05-06T17:58:16.932499" level="INFO">${confirme} = OK</msg>
<var>${confirme}</var>
<arg>OK</arg>
<doc>Returns the given values which can then be assigned to a variables.</doc>
<status status="PASS" start="2025-05-06T17:58:16.932499" elapsed="0.000000"/>
</kw>
<status status="PASS" start="2025-05-06T17:58:16.930483" elapsed="0.002016"/>
</branch>
<branch type="ELSE">
<kw name="Set Variable" owner="BuiltIn">
<var>${System}</var>
<arg>System</arg>
<doc>Returns the given values which can then be assigned to a variables.</doc>
<status status="NOT RUN" start="2025-05-06T17:58:16.932499" elapsed="0.000000"/>
</kw>
<kw name="Set Variable" owner="BuiltIn">
<var>${Setting}</var>
<arg>Settings</arg>
<doc>Returns the given values which can then be assigned to a variables.</doc>
<status status="NOT RUN" start="2025-05-06T17:58:16.932499" elapsed="0.000000"/>
</kw>
<kw name="Set Variable" owner="BuiltIn">
<var>${apps}</var>
<arg>Apps</arg>
<doc>Returns the given values which can then be assigned to a variables.</doc>
<status status="NOT RUN" start="2025-05-06T17:58:16.932499" elapsed="0.000000"/>
</kw>
<kw name="Set Variable" owner="BuiltIn">
<var>${Consulter_allapps}</var>
<arg>See all</arg>
<doc>Returns the given values which can then be assigned to a variables.</doc>
<status status="NOT RUN" start="2025-05-06T17:58:16.933483" elapsed="0.000000"/>
</kw>
<kw name="Set Variable" owner="BuiltIn">
<var>${DesButton}</var>
<arg>Uninstall</arg>
<doc>Returns the given values which can then be assigned to a variables.</doc>
<status status="NOT RUN" start="2025-05-06T17:58:16.933483" elapsed="0.000000"/>
</kw>
<kw name="Set Variable" owner="BuiltIn">
<var>${confirme}</var>
<arg>OK</arg>
<doc>Returns the given values which can then be assigned to a variables.</doc>
<status status="NOT RUN" start="2025-05-06T17:58:16.933483" elapsed="0.000000"/>
</kw>
<status status="NOT RUN" start="2025-05-06T17:58:16.932499" elapsed="0.000984"/>
</branch>
<status status="PASS" start="2025-05-06T17:58:16.930483" elapsed="0.003000"/>
</if>
<kw name="Run Keyword And Return Status" owner="BuiltIn">
<kw name="Get Source" owner="AppiumLibrary">
<kw name="Capture Page Screenshot" owner="AppiumLibrary">
<msg time="2025-05-06T17:58:16.933483" level="FAIL">No application is open</msg>
<doc>Takes a screenshot of the current page and embeds it into the log.</doc>
<status status="FAIL" start="2025-05-06T17:58:16.933483" elapsed="0.003126">No application is open</status>
</kw>
<msg time="2025-05-06T17:58:16.936636" level="WARN">Keyword 'Capture Page Screenshot' could not be run on failure: No application is open</msg>
<msg time="2025-05-06T17:58:16.937620" level="FAIL">No application is open</msg>
<doc>Returns the entire source of the current page.</doc>
<status status="FAIL" start="2025-05-06T17:58:16.933483" elapsed="0.004137">No application is open</status>
</kw>
<msg time="2025-05-06T17:58:16.937620" level="INFO">${app_open} = False</msg>
<var>${app_open}</var>
<arg>Get Source</arg>
<doc>Runs the given keyword with given arguments and returns the status as a Boolean value.</doc>
<status status="PASS" start="2025-05-06T17:58:16.933483" elapsed="0.004137"/>
</kw>
<if>
<branch type="IF" condition="not ${app_open}">
<kw name="Open Application With Click" owner="Integration">
<msg time="2025-05-06T17:58:32.516858" level="INFO">📌 Liste des applications détectées : ['Agenda', 'Appium Settings', 'ARD Audiothek', 'Audio Bluetooth', 'Crunchyroll', 'Enregistreur vocal', 'Google Assistant', 'Google\xa0Actualités', 'Home Assistant', 'Local Media Player', 'Maps', 'Paramètres', 'Play\xa0Store', 'Prime Video', 'SMS']
📌 First Home Page détectée : ['Agenda', 'Appium Settings', 'ARD Audiothek', 'Audio Bluetooth', 'Crunchyroll', 'Enregistreur vocal', 'Google Assistant', 'Google\xa0Actualités', 'Home Assistant', 'Local Media Player', 'Maps', 'Paramètres', 'Play\xa0Store', 'Prime Video', 'SMS']

📌 Liste des applications détectées : ['Agenda', 'Appium Settings', 'ARD Audiothek', 'Audio Bluetooth', 'Crunchyroll', 'Enregistreur vocal', 'Google Assistant', 'Google\xa0Actualités', 'Home Assistant', 'Local Media Player', 'Maps', 'Paramètres', 'Play\xa0Store', 'Prime Video', 'SMS']
✅ Retour à la first home page !

📌 Liste des applications détectées : ['Agenda', 'Appium Settings', 'ARD Audiothek', 'Audio Bluetooth', 'Crunchyroll', 'Enregistreur vocal', 'Google Assistant', 'Google\xa0Actualités', 'Home Assistant', 'Local Media Player', 'Maps', 'Paramètres', 'Play\xa0Store', 'Prime Video', 'SMS']
378 619 522 657</msg>
<msg time="2025-05-06T17:58:32.517841" level="INFO">${resultat} = True</msg>
<var>${resultat}</var>
<arg>${driver}</arg>
<arg>${Setting}</arg>
<status status="PASS" start="2025-05-06T17:58:16.938621" elapsed="15.579220"/>
</kw>
<kw name="Should Be True" owner="BuiltIn">
<arg>${resultat}</arg>
<arg>Impossible d'ouvrir les paramètres</arg>
<doc>Fails if the given condition is not true.</doc>
<status status="PASS" start="2025-05-06T17:58:32.517841" elapsed="0.000000"/>
</kw>
<kw name="Sleep" owner="BuiltIn">
<msg time="2025-05-06T17:58:34.518477" level="INFO">Slept 2 seconds.</msg>
<arg>2s</arg>
<doc>Pauses the test executed for the given time.</doc>
<status status="PASS" start="2025-05-06T17:58:32.517841" elapsed="2.000636"/>
</kw>
<status status="PASS" start="2025-05-06T17:58:16.938621" elapsed="17.579856"/>
</branch>
<status status="PASS" start="2025-05-06T17:58:16.937620" elapsed="17.580857"/>
</if>
<kw name="Check Element Exists By Id" owner="Integration">
<msg time="2025-05-06T17:58:34.588934" level="INFO">${Verfier} = True</msg>
<var>${Verfier}</var>
<arg>${driver}</arg>
<arg>${Setting_xpath_id}</arg>
<doc>Vérifie si un élément existe en utilisant son ID.</doc>
<status status="PASS" start="2025-05-06T17:58:34.518477" elapsed="0.070457"/>
</kw>
<kw name="Should Be True" owner="BuiltIn">
<arg>${Verfier}</arg>
<arg>Les paramètres ne sont pas affichés</arg>
<doc>Fails if the given condition is not true.</doc>
<status status="PASS" start="2025-05-06T17:58:34.589934" elapsed="0.000000"/>
</kw>
<kw name="Clique Sur Setting" owner="Integration">
<msg time="2025-05-06T17:58:35.628829" level="INFO">(0, 76, 550, 696)
✅ 'Bluetooth' trouvé sans swipe. Appui en cours...</msg>
<arg>${driver}</arg>
<arg>Bluetooth</arg>
<arg>${Setting_menu}</arg>
<status status="PASS" start="2025-05-06T17:58:34.589934" elapsed="1.038895"/>
</kw>
<kw name="Sleep" owner="BuiltIn">
<msg time="2025-05-06T17:58:37.629358" level="INFO">Slept 2 seconds.</msg>
<arg>2s</arg>
<doc>Pauses the test executed for the given time.</doc>
<status status="PASS" start="2025-05-06T17:58:35.628829" elapsed="2.000529"/>
</kw>
<kw name="Element Existe Par Accessibility Id" owner="Integration">
<msg time="2025-05-06T17:58:37.681383" level="INFO">${ble} = True</msg>
<var>${ble}</var>
<arg>${driver}</arg>
<arg>Bluetooth toggle switch</arg>
<status status="PASS" start="2025-05-06T17:58:37.629358" elapsed="0.052904"/>
</kw>
<kw name="Should Be True" owner="BuiltIn">
<arg>${ble}</arg>
<arg>Les paramètres Bluetooth ne s'affichent pas</arg>
<doc>Fails if the given condition is not true.</doc>
<status status="PASS" start="2025-05-06T17:58:37.682262" elapsed="0.000000"/>
</kw>
<kw name="Verfier Bluetooth Activer" owner="Integration">
<msg time="2025-05-06T17:58:37.739373" level="INFO">${ble_active} = True</msg>
<var>${ble_active}</var>
<arg>${driver}</arg>
<arg>android:id/switch_widget</arg>
<status status="PASS" start="2025-05-06T17:58:37.682262" elapsed="0.057111"/>
</kw>
<if>
<branch type="IF" condition="${ble_active}">
<kw name="Desactive Bluetooth Si Activer" owner="Integration">
<msg time="2025-05-06T17:58:39.056224" level="INFO">✅ Le Bluetooth est désactivé.</msg>
<arg>${driver}</arg>
<arg>android:id/switch_widget</arg>
<status status="PASS" start="2025-05-06T17:58:37.739373" elapsed="1.316851"/>
</kw>
<kw name="Sleep" owner="BuiltIn">
<msg time="2025-05-06T17:58:42.056354" level="INFO">Slept 3 seconds.</msg>
<arg>3s</arg>
<doc>Pauses the test executed for the given time.</doc>
<status status="PASS" start="2025-05-06T17:58:39.056224" elapsed="3.000130"/>
</kw>
<kw name="Verfier Bluetooth Activer" owner="Integration">
<msg time="2025-05-06T17:58:42.109578" level="INFO">${verifier_ble_ui} = False</msg>
<var>${verifier_ble_ui}</var>
<arg>${driver}</arg>
<arg>android:id/switch_widget</arg>
<status status="PASS" start="2025-05-06T17:58:42.056354" elapsed="0.053224"/>
</kw>
<kw name="Should Not Be True" owner="BuiltIn">
<arg>${verifier_ble_ui}</arg>
<arg>Le Bluetooth n'est pas désactivé dans l'interface</arg>
<doc>Fails if the given condition is true.</doc>
<status status="PASS" start="2025-05-06T17:58:42.109578" elapsed="0.001028"/>
</kw>
<kw name="Est Bluetooth Active" owner="Integration">
<msg time="2025-05-06T17:58:42.146500" level="INFO">❌ Bluetooth est désactivé.</msg>
<msg time="2025-05-06T17:58:42.147324" level="INFO">${verfier_ble_adb} = False</msg>
<var>${verfier_ble_adb}</var>
<arg>${Device}</arg>
<status status="PASS" start="2025-05-06T17:58:42.110606" elapsed="0.036718"/>
</kw>
<kw name="Should Not Be True" owner="BuiltIn">
<arg>${verfier_ble_adb}</arg>
<arg>Le Bluetooth n'est pas désactivé via ADB</arg>
<doc>Fails if the given condition is true.</doc>
<status status="PASS" start="2025-05-06T17:58:42.147324" elapsed="0.000000"/>
</kw>
<kw name="Log" owner="BuiltIn">
<msg time="2025-05-06T17:58:42.147324" level="INFO">Bluetooth est désactivé.</msg>
<arg>Bluetooth est désactivé.</arg>
<doc>Logs the given message with the given level.</doc>
<status status="PASS" start="2025-05-06T17:58:42.147324" elapsed="0.000000"/>
</kw>
<status status="PASS" start="2025-05-06T17:58:37.739373" elapsed="4.407951"/>
</branch>
<branch type="ELSE">
<kw name="Log" owner="BuiltIn">
<arg>Le Bluetooth est déjà désactivé</arg>
<doc>Logs the given message with the given level.</doc>
<status status="NOT RUN" start="2025-05-06T17:58:42.148358" elapsed="0.000000"/>
</kw>
<status status="NOT RUN" start="2025-05-06T17:58:42.148358" elapsed="0.000000"/>
</branch>
<status status="PASS" start="2025-05-06T17:58:37.739373" elapsed="4.408985"/>
</if>
<doc>Teste la désactivation du Bluetooth sur l'appareil principal
- Vérifie la langue du système
- Ouvre les paramètres
- Accède aux paramètres Bluetooth
- Désactive le Bluetooth s'il est activé
- Vérifie que le Bluetooth est bien désactivé (UI et ADB)</doc>
<status status="PASS" start="2025-05-06T17:58:16.879143" elapsed="25.269215"/>
</test>
<kw name="Fermer Driver" type="TEARDOWN">
<try>
<branch type="TRY">
<kw name="Run Keyword And Return Status" owner="BuiltIn">
<kw name="Get Source" owner="AppiumLibrary">
<kw name="Capture Page Screenshot" owner="AppiumLibrary">
<msg time="2025-05-06T17:58:42.150301" level="FAIL">No application is open</msg>
<doc>Takes a screenshot of the current page and embeds it into the log.</doc>
<status status="FAIL" start="2025-05-06T17:58:42.149336" elapsed="0.000965">No application is open</status>
</kw>
<msg time="2025-05-06T17:58:42.151281" level="WARN">Keyword 'Capture Page Screenshot' could not be run on failure: No application is open</msg>
<msg time="2025-05-06T17:58:42.151281" level="FAIL">No application is open</msg>
<doc>Returns the entire source of the current page.</doc>
<status status="FAIL" start="2025-05-06T17:58:42.149336" elapsed="0.002944">No application is open</status>
</kw>
<msg time="2025-05-06T17:58:42.152280" level="INFO">${session_active} = False</msg>
<var>${session_active}</var>
<arg>Get Source</arg>
<doc>Runs the given keyword with given arguments and returns the status as a Boolean value.</doc>
<status status="PASS" start="2025-05-06T17:58:42.149336" elapsed="0.002944"/>
</kw>
<if>
<branch type="IF" condition="${session_active}">
<kw name="Close Driver" owner="Integration">
<arg>${driver}</arg>
<doc>Ferme proprement le driver Appium.</doc>
<status status="NOT RUN" start="2025-05-06T17:58:42.152280" elapsed="0.000000"/>
</kw>
<kw name="Log" owner="BuiltIn">
<arg>Driver principal fermé avec succès</arg>
<doc>Logs the given message with the given level.</doc>
<status status="NOT RUN" start="2025-05-06T17:58:42.152280" elapsed="0.000000"/>
</kw>
<status status="NOT RUN" start="2025-05-06T17:58:42.152280" elapsed="0.000000"/>
</branch>
<branch type="ELSE">
<kw name="Log" owner="BuiltIn">
<msg time="2025-05-06T17:58:42.153281" level="INFO">Le driver principal n'était pas actif</msg>
<arg>Le driver principal n'était pas actif</arg>
<doc>Logs the given message with the given level.</doc>
<status status="PASS" start="2025-05-06T17:58:42.152280" elapsed="0.001001"/>
</kw>
<status status="PASS" start="2025-05-06T17:58:42.152280" elapsed="0.001001"/>
</branch>
<status status="PASS" start="2025-05-06T17:58:42.152280" elapsed="0.001001"/>
</if>
<status status="PASS" start="2025-05-06T17:58:42.149336" elapsed="0.003945"/>
</branch>
<branch type="EXCEPT" assign="${error}">
<kw name="Log" owner="BuiltIn">
<arg>Erreur lors de la vérification du driver principal: ${error}</arg>
<doc>Logs the given message with the given level.</doc>
<status status="NOT RUN" start="2025-05-06T17:58:42.153281" elapsed="0.000000"/>
</kw>
<status status="NOT RUN" start="2025-05-06T17:58:42.153281" elapsed="0.000000"/>
</branch>
<status status="PASS" start="2025-05-06T17:58:42.149336" elapsed="0.003945"/>
</try>
<try>
<branch type="TRY">
<kw name="Run Keyword And Return Status" owner="BuiltIn">
<kw name="Get Source" owner="AppiumLibrary">
<kw name="Capture Page Screenshot" owner="AppiumLibrary">
<msg time="2025-05-06T17:58:42.153281" level="FAIL">No application is open</msg>
<doc>Takes a screenshot of the current page and embeds it into the log.</doc>
<status status="FAIL" start="2025-05-06T17:58:42.153281" elapsed="0.001031">No application is open</status>
</kw>
<msg time="2025-05-06T17:58:42.155298" level="WARN">Keyword 'Capture Page Screenshot' could not be run on failure: No application is open</msg>
<msg time="2025-05-06T17:58:42.155298" level="FAIL">No application is open</msg>
<doc>Returns the entire source of the current page.</doc>
<status status="FAIL" start="2025-05-06T17:58:42.153281" elapsed="0.002017">No application is open</status>
</kw>
<msg time="2025-05-06T17:58:42.155298" level="INFO">${session_active_mobile} = False</msg>
<var>${session_active_mobile}</var>
<arg>Get Source</arg>
<doc>Runs the given keyword with given arguments and returns the status as a Boolean value.</doc>
<status status="PASS" start="2025-05-06T17:58:42.153281" elapsed="0.002017"/>
</kw>
<if>
<branch type="IF" condition="${session_active_mobile}">
<kw name="Close Driver" owner="Integration">
<arg>${driver_mobile}</arg>
<doc>Ferme proprement le driver Appium.</doc>
<status status="NOT RUN" start="2025-05-06T17:58:42.156280" elapsed="0.000000"/>
</kw>
<kw name="Log" owner="BuiltIn">
<arg>Driver mobile fermé avec succès</arg>
<doc>Logs the given message with the given level.</doc>
<status status="NOT RUN" start="2025-05-06T17:58:42.156280" elapsed="0.000000"/>
</kw>
<status status="NOT RUN" start="2025-05-06T17:58:42.156280" elapsed="0.000000"/>
</branch>
<branch type="ELSE">
<kw name="Log" owner="BuiltIn">
<msg time="2025-05-06T17:58:42.156280" level="INFO">Le driver mobile n'était pas actif</msg>
<arg>Le driver mobile n'était pas actif</arg>
<doc>Logs the given message with the given level.</doc>
<status status="PASS" start="2025-05-06T17:58:42.156280" elapsed="0.000000"/>
</kw>
<status status="PASS" start="2025-05-06T17:58:42.156280" elapsed="0.000000"/>
</branch>
<status status="PASS" start="2025-05-06T17:58:42.156280" elapsed="0.000000"/>
</if>
<status status="PASS" start="2025-05-06T17:58:42.153281" elapsed="0.002999"/>
</branch>
<branch type="EXCEPT" assign="${error}">
<kw name="Log" owner="BuiltIn">
<arg>Erreur lors de la vérification du driver mobile: ${error}</arg>
<doc>Logs the given message with the given level.</doc>
<status status="NOT RUN" start="2025-05-06T17:58:42.156280" elapsed="0.000000"/>
</kw>
<status status="NOT RUN" start="2025-05-06T17:58:42.156280" elapsed="0.000000"/>
</branch>
<status status="PASS" start="2025-05-06T17:58:42.153281" elapsed="0.002999"/>
</try>
<kw name="Set Suite Variable" owner="BuiltIn">
<msg time="2025-05-06T17:58:42.157280" level="INFO">${driver} = None</msg>
<arg>${driver}</arg>
<arg>${None}</arg>
<doc>Makes a variable available everywhere within the scope of the current suite.</doc>
<status status="PASS" start="2025-05-06T17:58:42.156280" elapsed="0.001000"/>
</kw>
<kw name="Set Suite Variable" owner="BuiltIn">
<msg time="2025-05-06T17:58:42.157280" level="INFO">${driver_mobile} = None</msg>
<arg>${driver_mobile}</arg>
<arg>${None}</arg>
<doc>Makes a variable available everywhere within the scope of the current suite.</doc>
<status status="PASS" start="2025-05-06T17:58:42.157280" elapsed="0.000000"/>
</kw>
<status status="PASS" start="2025-05-06T17:58:42.149336" elapsed="0.007944"/>
</kw>
<doc>Ce fichier contient des tests d'activation, désactivation, appairage et gestion d'appels via Bluetooth sur des appareils Android.
Les tests vérifient que les paramètres Bluetooth sont accessibles, que les actions d'activation/désactivation fonctionnent correctement,
que l'appairage entre appareils fonctionne, et que les fonctionnalités d'appel via Bluetooth opèrent correctement.
Les tests prennent en charge les interfaces en français et en anglais.</doc>
<status status="PASS" start="2025-05-06T17:55:16.878198" elapsed="205.279082"/>
</suite>
<statistics>
<total>
<stat pass="7" fail="0" skip="0">All Tests</stat>
</total>
<tag>
</tag>
<suite>
<stat name="FonctionnaliteBluetooth" id="s1" pass="7" fail="0" skip="0">FonctionnaliteBluetooth</stat>
</suite>
</statistics>
<errors>
<msg time="2025-05-06T17:58:16.936636" level="WARN">Keyword 'Capture Page Screenshot' could not be run on failure: No application is open</msg>
<msg time="2025-05-06T17:58:42.151281" level="WARN">Keyword 'Capture Page Screenshot' could not be run on failure: No application is open</msg>
<msg time="2025-05-06T17:58:42.155298" level="WARN">Keyword 'Capture Page Screenshot' could not be run on failure: No application is open</msg>
</errors>
</robot>
