<?xml version="1.0" encoding="UTF-8"?>
<robot generator="Robot 7.2.2 (Python 3.12.5 on win32)" generated="2025-07-13T22:42:08.578402" rpa="false" schemaversion="5">
<suite id="s1" name="MisesAJourAndReseau" source="C:\Users\bahae\Documents\PfeProject\test_cases\MisesAJourAndReseau.robot">
<kw name="Démarrer Driver" type="SETUP">
<kw name="Setup Driver" owner="Integration">
<msg time="2025-07-13T22:42:15.352900" level="INFO">${driver} = &lt;appium.webdriver.webdriver.WebDriver (session="a53425f0-c66a-4b6e-a51e-f917d92e132a")&gt;</msg>
<var>${driver}</var>
<arg>${Device}</arg>
<doc>Initialise et retourne le driver Appium avec des options de stabilité.</doc>
<status status="PASS" start="2025-07-13T22:42:11.325407" elapsed="4.027493"/>
</kw>
<kw name="Set Suite Variable" owner="BuiltIn">
<msg time="2025-07-13T22:42:15.353899" level="INFO">${driver} = &lt;appium.webdriver.webdriver.WebDriver (session="a53425f0-c66a-4b6e-a51e-f917d92e132a")&gt;</msg>
<arg>${driver}</arg>
<doc>Makes a variable available everywhere within the scope of the current suite.</doc>
<status status="PASS" start="2025-07-13T22:42:15.353899" elapsed="0.000506"/>
</kw>
<status status="PASS" start="2025-07-13T22:42:11.324384" elapsed="4.030069"/>
</kw>
<test id="s1-t1" name="Test Verfier Mise A Jour System" line="95">
<kw name="Evaluate" owner="BuiltIn">
<msg time="2025-07-13T22:42:15.354453" level="INFO">${monitor} = &lt;ResourceMonitor(Thread-2, initial daemon)&gt;</msg>
<var>${monitor}</var>
<arg>__import__('resource_monitor').ResourceMonitor()</arg>
<doc>Evaluates the given expression in Python and returns the result.</doc>
<status status="PASS" start="2025-07-13T22:42:15.354453" elapsed="0.000000"/>
</kw>
<kw name="Create Dictionary" owner="BuiltIn">
<msg time="2025-07-13T22:42:15.355433" level="INFO">${namespace} = {'monitor': &lt;ResourceMonitor(Thread-2, initial daemon)&gt;}</msg>
<var>${namespace}</var>
<arg>monitor=${monitor}</arg>
<doc>Creates and returns a dictionary based on the given ``items``.</doc>
<status status="PASS" start="2025-07-13T22:42:15.354453" elapsed="0.000980"/>
</kw>
<kw name="Evaluate" owner="BuiltIn">
<arg>monitor.start()</arg>
<arg>namespace=${namespace}</arg>
<doc>Evaluates the given expression in Python and returns the result.</doc>
<status status="PASS" start="2025-07-13T22:42:15.355433" elapsed="0.000000"/>
</kw>
<kw name="Execute Test With Retry">
<kw name="Set Variable" owner="BuiltIn">
<msg time="2025-07-13T22:42:15.356434" level="INFO">${attempt} = 1</msg>
<var>${attempt}</var>
<arg>1</arg>
<doc>Returns the given values which can then be assigned to a variables.</doc>
<status status="PASS" start="2025-07-13T22:42:15.356434" elapsed="0.000000"/>
</kw>
<kw name="Set Variable" owner="BuiltIn">
<msg time="2025-07-13T22:42:15.357433" level="INFO">${test_status} = False</msg>
<var>${test_status}</var>
<arg>${FALSE}</arg>
<doc>Returns the given values which can then be assigned to a variables.</doc>
<status status="PASS" start="2025-07-13T22:42:15.357433" elapsed="0.000000"/>
</kw>
<for flavor="IN RANGE">
<iter>
<kw name="Run Keyword And Return Status" owner="BuiltIn">
<kw name="Vérifier Mise A Jour System">
<kw name="Initialize Language Settings">
<kw name="Get System Language" owner="Integration">
<msg time="2025-07-13T22:42:15.407789" level="INFO">${lang} = fr</msg>
<var>${lang}</var>
<arg>${Device}</arg>
<status status="PASS" start="2025-07-13T22:42:15.358491" elapsed="0.049298"/>
</kw>
<kw name="Set Variable If" owner="BuiltIn">
<msg time="2025-07-13T22:42:15.407789" level="INFO">${lang_dict} = {'System': 'Système', 'Setting': 'Paramètres', 'System_update': 'Mise à jour du système', 'System_update_check': 'Rechercher les mises à jour'}</msg>
<var>${lang_dict}</var>
<arg>'${lang}' == 'fr'</arg>
<arg>${LANG_FR}</arg>
<arg>${LANG_EN}</arg>
<doc>Sets variable based on the given condition.</doc>
<status status="PASS" start="2025-07-13T22:42:15.407789" elapsed="0.000000"/>
</kw>
<kw name="Set Suite Variable" owner="BuiltIn">
<msg time="2025-07-13T22:42:15.407789" level="INFO">${LANG_DICT} = {'System': 'Système', 'Setting': 'Paramètres', 'System_update': 'Mise à jour du système', 'System_update_check': 'Rechercher les mises à jour'}</msg>
<arg>${LANG_DICT}</arg>
<arg>${lang_dict}</arg>
<doc>Makes a variable available everywhere within the scope of the current suite.</doc>
<status status="PASS" start="2025-07-13T22:42:15.407789" elapsed="0.001001"/>
</kw>
<status status="PASS" start="2025-07-13T22:42:15.358491" elapsed="0.050299"/>
</kw>
<kw name="Aller Dans Paramètres">
<kw name="Get Localized Text">
<return>
<value>${LANG_DICT.${key}}</value>
<status status="PASS" start="2025-07-13T22:42:15.408790" elapsed="0.000000"/>
</return>
<msg time="2025-07-13T22:42:15.409790" level="INFO">${setting} = Paramètres</msg>
<var>${setting}</var>
<arg>Setting</arg>
<status status="PASS" start="2025-07-13T22:42:15.408790" elapsed="0.001000"/>
</kw>
<kw name="Open Application With Click" owner="Integration">
<msg time="2025-07-13T22:42:15.759331" level="INFO">🔄 Tentative d'ouverture de Paramètres via l'activité: com.android.car.settings/.Settings_Launcher_Homepage
com.android.car.settings/.Settings_Launcher_Homepage
✅ Paramètres ouvert avec succès via l'activité</msg>
<arg>${driver}</arg>
<arg>${setting}</arg>
<doc>Ouvre une application soit par son activité si connue, soit par recherche visuelle</doc>
<status status="PASS" start="2025-07-13T22:42:15.409790" elapsed="0.349541"/>
</kw>
<kw name="Clique Sur Setting" owner="Integration">
<msg time="2025-07-13T22:42:23.433962" level="INFO">(0, 76, 550, 696)
🔽 Swipe vers le bas #1
🛑 Plus de nouveaux éléments en bas. Fin de balayage.
🔼 Swipe vers le haut #1
🔼 Swipe vers le haut #2
🔼 Swipe vers le haut #3
🛑 Aucun nouvel élément en haut. Fin de balayage.
❌ 'System' introuvable après balayage complet.</msg>
<arg>${driver}</arg>
<arg>${System}</arg>
<arg>${Setting_menu}</arg>
<status status="PASS" start="2025-07-13T22:42:15.759331" elapsed="7.674631"/>
</kw>
<status status="PASS" start="2025-07-13T22:42:15.408790" elapsed="8.025172"/>
</kw>
<kw name="Aller Dans Mise A Jour">
<kw name="Get Localized Text">
<return>
<value>${LANG_DICT.${key}}</value>
<status status="PASS" start="2025-07-13T22:42:23.434962" elapsed="0.000000"/>
</return>
<msg time="2025-07-13T22:42:23.435478" level="INFO">${system} = Système</msg>
<var>${system}</var>
<arg>System</arg>
<status status="PASS" start="2025-07-13T22:42:23.434962" elapsed="0.000516"/>
</kw>
<kw name="Clique Sur Setting" owner="Integration">
<msg time="2025-07-13T22:42:24.249819" level="INFO">(0, 76, 550, 696)
✅ 'Système' trouvé sans swipe. Appui en cours...</msg>
<arg>${driver}</arg>
<arg>${system}</arg>
<arg>${Setting_menu}</arg>
<status status="PASS" start="2025-07-13T22:42:23.435478" elapsed="0.814341"/>
</kw>
<kw name="Get Localized Text">
<return>
<value>${LANG_DICT.${key}}</value>
<status status="PASS" start="2025-07-13T22:42:24.250820" elapsed="0.000000"/>
</return>
<msg time="2025-07-13T22:42:24.250820" level="INFO">${system_update} = Mise à jour du système</msg>
<var>${system_update}</var>
<arg>System_update</arg>
<status status="PASS" start="2025-07-13T22:42:24.250820" elapsed="0.000000"/>
</kw>
<kw name="Clique Sur Setting Include" owner="Integration">
<msg time="2025-07-13T22:43:09.439898" level="INFO">📌 Liste des applications détectées : ['Accessibilité', 'Sécurité', 'Applis', 'Assistant et voix', 'Système', 'Google', 'Mise à jour du système', 'Langues et saisie', 'Unités', 'Date et heure', 'Stockage']
📌 First Home Page détectée : ['Accessibilité', 'Sécurité', 'Applis', 'Assistant et voix', 'Système', 'Google', 'Mise à jour du système', 'Langues et saisie', 'Unités', 'Date et heure', 'Stockage']
🔄 Swipe #1 en cours...

📌 Liste des applications détectées : ['Notifications', 'Son', 'Écran', 'Profils et comptes', 'Position', 'Confidentialité', 'Accessibilité', 'Mise à jour du système', 'Langues et saisie', 'Unités', 'Date et heure', 'Stockage']
🔄 Swipe #2 en cours...

📌 Liste des applications détectées : ['Bluetooth', 'Réseau et Internet', 'Notifications', 'Son', 'Écran', 'Profils et comptes', 'Position', 'Mise à jour du système', 'Langues et saisie', 'Unités', 'Date et heure', 'Stockage']
🔄 Swipe #3 en cours...

📌 Liste des applications détectées : ['Bluetooth', 'Réseau et Internet', 'Notifications', 'Son', 'Écran', 'Profils et comptes', 'Position', 'Mise à jour du système', 'Langues et saisie', 'Unités', 'Date et heure', 'Stockage']
✅ Retour à la first home page !
First Home Page détectée : ['Unités', 'Stockage', 'Mise à jour du système', 'Langues et saisie', 'Date et heure']
 Mise à jour du système trouvé ! Appui sur le texte contenant 'Mise à jour du système'.</msg>
<arg>${driver}</arg>
<arg>${system_update}</arg>
<arg>${Setting_system}</arg>
<status status="PASS" start="2025-07-13T22:42:24.250820" elapsed="45.189078"/>
</kw>
<status status="PASS" start="2025-07-13T22:42:23.433962" elapsed="46.005936"/>
</kw>
<kw name="Lancer Recherche Mise A Jour">
<kw name="Get Localized Text">
<return>
<value>${LANG_DICT.${key}}</value>
<status status="PASS" start="2025-07-13T22:43:09.440886" elapsed="0.000000"/>
</return>
<msg time="2025-07-13T22:43:09.440886" level="INFO">${system_update_check} = Rechercher les mises à jour</msg>
<var>${system_update_check}</var>
<arg>System_update_check</arg>
<status status="PASS" start="2025-07-13T22:43:09.440886" elapsed="0.000000"/>
</kw>
<kw name="Click Element By Text" owner="Integration">
<msg time="2025-07-13T22:43:10.168339" level="INFO">Clic effectué sur l'élément avec le texte: Rechercher les mises à jour</msg>
<arg>${driver}</arg>
<arg>${system_update_check}</arg>
<status status="PASS" start="2025-07-13T22:43:09.440886" elapsed="0.728466"/>
</kw>
<status status="PASS" start="2025-07-13T22:43:09.439898" elapsed="0.729454"/>
</kw>
<status status="PASS" start="2025-07-13T22:42:15.358491" elapsed="54.810861"/>
</kw>
<msg time="2025-07-13T22:43:10.169352" level="INFO">${test_status} = True</msg>
<var>${test_status}</var>
<arg>${test_keyword}</arg>
<doc>Runs the given keyword with given arguments and returns the status as a Boolean value.</doc>
<status status="PASS" start="2025-07-13T22:42:15.357969" elapsed="54.811383"/>
</kw>
<if>
<branch type="IF" condition="${test_status}">
<kw name="Log" owner="BuiltIn">
<msg time="2025-07-13T22:43:10.169352" level="INFO">Test Test Verfier Mise A Jour System réussi</msg>
<arg>Test ${test_name} réussi</arg>
<doc>Logs the given message with the given level.</doc>
<status status="PASS" start="2025-07-13T22:43:10.169352" elapsed="0.000000"/>
</kw>
<kw name="Exit For Loop" owner="BuiltIn">
<msg time="2025-07-13T22:43:10.170354" level="INFO">Exiting for loop altogether.</msg>
<doc>Stops executing the enclosing FOR loop.</doc>
<status status="PASS" start="2025-07-13T22:43:10.169352" elapsed="0.001002"/>
</kw>
<status status="PASS" start="2025-07-13T22:43:10.169352" elapsed="0.001002"/>
</branch>
<branch type="ELSE">
<kw name="Evaluate" owner="BuiltIn">
<var>${attempt}</var>
<arg>${attempt} + 1</arg>
<doc>Evaluates the given expression in Python and returns the result.</doc>
<status status="NOT RUN" start="2025-07-13T22:43:10.170354" elapsed="0.000000"/>
</kw>
<if>
<branch type="IF" condition="${attempt} &lt;= ${MAX_RETRIES}">
<kw name="Log" owner="BuiltIn">
<arg>Test ${test_name} échoué - Tentative ${attempt}/${MAX_RETRIES}</arg>
<doc>Logs the given message with the given level.</doc>
<status status="NOT RUN" start="2025-07-13T22:43:10.170907" elapsed="0.000000"/>
</kw>
<kw name="Sleep" owner="BuiltIn">
<arg>${RETRY_DELAY}</arg>
<doc>Pauses the test executed for the given time.</doc>
<status status="NOT RUN" start="2025-07-13T22:43:10.170907" elapsed="0.000000"/>
</kw>
<status status="NOT RUN" start="2025-07-13T22:43:10.170907" elapsed="0.000000"/>
</branch>
<status status="NOT RUN" start="2025-07-13T22:43:10.170907" elapsed="0.000000"/>
</if>
<status status="NOT RUN" start="2025-07-13T22:43:10.170354" elapsed="0.000553"/>
</branch>
<status status="PASS" start="2025-07-13T22:43:10.169352" elapsed="0.001555"/>
</if>
<var name="${index}">0</var>
<status status="PASS" start="2025-07-13T22:42:15.357969" elapsed="54.812938"/>
</iter>
<var>${index}</var>
<value>${MAX_RETRIES}</value>
<status status="PASS" start="2025-07-13T22:42:15.357433" elapsed="54.813474"/>
</for>
<if>
<branch type="IF" condition="not ${test_status}">
<kw name="Fail" owner="BuiltIn">
<arg>Le test ${test_name} a échoué après ${MAX_RETRIES} tentatives</arg>
<doc>Fails the test with the given message and optionally alters its tags.</doc>
<status status="NOT RUN" start="2025-07-13T22:43:10.170907" elapsed="0.000000"/>
</kw>
<status status="NOT RUN" start="2025-07-13T22:43:10.170907" elapsed="0.000000"/>
</branch>
<status status="PASS" start="2025-07-13T22:43:10.170907" elapsed="0.000000"/>
</if>
<arg>Vérifier Mise A Jour System</arg>
<arg>Test Verfier Mise A Jour System</arg>
<status status="PASS" start="2025-07-13T22:42:15.356434" elapsed="54.814473"/>
</kw>
<kw name="Evaluate" owner="BuiltIn">
<arg>monitor.stop()</arg>
<arg>namespace=${namespace}</arg>
<doc>Evaluates the given expression in Python and returns the result.</doc>
<status status="PASS" start="2025-07-13T22:43:10.170907" elapsed="0.713973"/>
</kw>
<kw name="Evaluate" owner="BuiltIn">
<msg time="2025-07-13T22:43:10.884880" level="INFO">${cpu} = 57.40909090909091</msg>
<msg time="2025-07-13T22:43:10.884880" level="INFO">${mem} = 2717.627618963068</msg>
<var>${cpu}</var>
<var>${mem}</var>
<arg>monitor.get_averages()</arg>
<arg>namespace=${namespace}</arg>
<doc>Evaluates the given expression in Python and returns the result.</doc>
<status status="PASS" start="2025-07-13T22:43:10.884880" elapsed="0.000000"/>
</kw>
<kw name="Append To File" owner="OperatingSystem">
<msg time="2025-07-13T22:43:10.886381" level="INFO" html="true">Appended to file '&lt;a href="file://C:\Users\bahae\Documents\PfeProject\cpu_usage.log"&gt;C:\Users\bahae\Documents\PfeProject\cpu_usage.log&lt;/a&gt;'.</msg>
<arg>cpu_usage.log</arg>
<arg>Test Verfier Mise A Jour System:${cpu}\n</arg>
<doc>Appends the given content to the specified file.</doc>
<status status="PASS" start="2025-07-13T22:43:10.885866" elapsed="0.000515"/>
</kw>
<kw name="Log" owner="BuiltIn">
<msg time="2025-07-13T22:43:10.886381" level="INFO">CPU value saved to cpu_usage.log</msg>
<arg>CPU value saved to cpu_usage.log</arg>
<doc>Logs the given message with the given level.</doc>
<status status="PASS" start="2025-07-13T22:43:10.886381" elapsed="0.000000"/>
</kw>
<kw name="Append To File" owner="OperatingSystem">
<msg time="2025-07-13T22:43:10.886381" level="INFO" html="true">Appended to file '&lt;a href="file://C:\Users\bahae\Documents\PfeProject\mem_usage.log"&gt;C:\Users\bahae\Documents\PfeProject\mem_usage.log&lt;/a&gt;'.</msg>
<arg>mem_usage.log</arg>
<arg>Test Verfier Mise A Jour System:${mem}\n</arg>
<doc>Appends the given content to the specified file.</doc>
<status status="PASS" start="2025-07-13T22:43:10.886381" elapsed="0.001001"/>
</kw>
<kw name="Log" owner="BuiltIn">
<msg time="2025-07-13T22:43:10.887382" level="INFO">RAM value saved to mem_usage.log</msg>
<arg>RAM value saved to mem_usage.log</arg>
<doc>Logs the given message with the given level.</doc>
<status status="PASS" start="2025-07-13T22:43:10.887382" elapsed="0.000000"/>
</kw>
<doc>Verifies system update functionality
- Navigates to system update section
- Checks for available updates
- Supports both French and English interfaces</doc>
<status status="PASS" start="2025-07-13T22:42:15.354453" elapsed="55.532929"/>
</test>
<kw name="Fermer Driver" type="TEARDOWN">
<kw name="Close Driver" owner="Integration">
<arg>${driver}</arg>
<doc>Ferme proprement le driver Appium.</doc>
<status status="PASS" start="2025-07-13T22:43:10.888381" elapsed="0.204430"/>
</kw>
<status status="PASS" start="2025-07-13T22:43:10.887382" elapsed="0.205952"/>
</kw>
<doc>Tests for system update verification
- Verifies system update functionality
- Supports both French and English interfaces</doc>
<status status="PASS" start="2025-07-13T22:42:08.589488" elapsed="62.503846"/>
</suite>
<statistics>
<total>
<stat pass="1" fail="0" skip="0">All Tests</stat>
</total>
<tag>
</tag>
<suite>
<stat name="MisesAJourAndReseau" id="s1" pass="1" fail="0" skip="0">MisesAJourAndReseau</stat>
</suite>
</statistics>
<errors>
<msg time="2025-07-13T22:42:11.322438" level="WARN">Imported library 'C:\Users\bahae\Documents\PfeProject\test_cases\resource_monitor.py' contains no keywords.</msg>
</errors>
</robot>
