<?xml version="1.0" encoding="UTF-8"?>
<robot generator="Robot 7.2.2 (Python 3.12.5 on win32)" generated="2025-05-29T10:02:10.415083" rpa="false" schemaversion="5">
<suite id="s1" name="FonctionnaliteBluetooth" source="C:\Users\bahae\Documents\PfeProject\test_cases\FonctionnaliteBluetooth.robot">
<kw name="Démarrer Driver" type="SETUP">
<kw name="Setup Driver" owner="Integration">
<msg time="2025-05-29T10:02:27.614960" level="WARN">Retrying (Retry(total=2, connect=None, read=None, redirect=None, status=None)) after connection broken by 'NewConnectionError('&lt;urllib3.connection.HTTPConnection object at 0x000001C37E7717C0&gt;: Failed to establish a new connection: [WinError 10061] Aucune connexion n’a pu être établie car l’ordinateur cible l’a expressément refusée')': /session</msg>
<msg time="2025-05-29T10:02:29.650541" level="WARN">Retrying (Retry(total=1, connect=None, read=None, redirect=None, status=None)) after connection broken by 'NewConnectionError('&lt;urllib3.connection.HTTPConnection object at 0x000001C37D43C530&gt;: Failed to establish a new connection: [WinError 10061] Aucune connexion n’a pu être établie car l’ordinateur cible l’a expressément refusée')': /session</msg>
<msg time="2025-05-29T10:02:31.688841" level="WARN">Retrying (Retry(total=0, connect=None, read=None, redirect=None, status=None)) after connection broken by 'NewConnectionError('&lt;urllib3.connection.HTTPConnection object at 0x000001C37EE8CBC0&gt;: Failed to establish a new connection: [WinError 10061] Aucune connexion n’a pu être établie car l’ordinateur cible l’a expressément refusée')': /session</msg>
<msg time="2025-05-29T10:02:33.720189" level="FAIL">MaxRetryError: HTTPConnectionPool(host='127.0.0.1', port=4723): Max retries exceeded with url: /session (Caused by NewConnectionError('&lt;urllib3.connection.HTTPConnection object at 0x000001C37EE8D370&gt;: Failed to establish a new connection: [WinError 10061] Aucune connexion n’a pu être établie car l’ordinateur cible l’a expressément refusée'))</msg>
<var>${driver}</var>
<arg>${Device}</arg>
<doc>Initialise et retourne le driver Appium.</doc>
<status status="FAIL" start="2025-05-29T10:02:25.465566" elapsed="8.266764">MaxRetryError: HTTPConnectionPool(host='127.0.0.1', port=4723): Max retries exceeded with url: /session (Caused by NewConnectionError('&lt;urllib3.connection.HTTPConnection object at 0x000001C37EE8D370&gt;: Failed to establish a new connection: [WinError 10061] Aucune connexion n’a pu être établie car l’ordinateur cible l’a expressément refusée'))</status>
</kw>
<kw name="Log" owner="BuiltIn">
<arg>Driver for ${Device}: ${driver}</arg>
<doc>Logs the given message with the given level.</doc>
<status status="NOT RUN" start="2025-05-29T10:02:33.732330" elapsed="0.000000"/>
</kw>
<kw name="Setup Driver Mobile" owner="script_mobile">
<var>${driver_mobile}</var>
<arg>${Device_mobile}</arg>
<doc>Initialise et retourne le driver Appium.</doc>
<status status="NOT RUN" start="2025-05-29T10:02:33.732330" elapsed="0.000000"/>
</kw>
<kw name="Set Suite Variable" owner="BuiltIn">
<arg>${driver}</arg>
<doc>Makes a variable available everywhere within the scope of the current suite.</doc>
<status status="NOT RUN" start="2025-05-29T10:02:33.732330" elapsed="0.000000"/>
</kw>
<kw name="Set Suite Variable" owner="BuiltIn">
<arg>${driver_mobile}</arg>
<doc>Makes a variable available everywhere within the scope of the current suite.</doc>
<status status="NOT RUN" start="2025-05-29T10:02:33.732330" elapsed="0.000000"/>
</kw>
<status status="FAIL" start="2025-05-29T10:02:25.464566" elapsed="8.267764">MaxRetryError: HTTPConnectionPool(host='127.0.0.1', port=4723): Max retries exceeded with url: /session (Caused by NewConnectionError('&lt;urllib3.connection.HTTPConnection object at 0x000001C37EE8D370&gt;: Failed to establish a new connection: [WinError 10061] Aucune connexion n’a pu être établie car l’ordinateur cible l’a expressément refusée'))</status>
</kw>
<test id="s1-t1" name="Test Ouvrir Bluetooth" line="100">
<doc>Teste l'activation du Bluetooth sur l'appareil principal
- Vérifie la langue du système
- Ouvre les paramètres
- Accède aux paramètres Bluetooth
- Active le Bluetooth s'il est désactivé
- Vérifie que le Bluetooth est bien activé (UI et ADB)</doc>
<status status="FAIL" start="2025-05-29T10:02:33.732330" elapsed="0.000998">Parent suite setup failed:
MaxRetryError: HTTPConnectionPool(host='127.0.0.1', port=4723): Max retries exceeded with url: /session (Caused by NewConnectionError('&lt;urllib3.connection.HTTPConnection object at 0x000001C37EE8D370&gt;: Failed to establish a new connection: [WinError 10061] Aucune connexion n’a pu être établie car l’ordinateur cible l’a expressément refusée'))</status>
</test>
<test id="s1-t2" name="Test Pairing Bluetooth" line="110">
<doc>Teste l'appairage Bluetooth entre les deux appareils
- Vérifie la langue du système
- Ouvre les paramètres Bluetooth
- Récupère le nom Bluetooth du mobile
- Vérifie si l'appairage existe déjà
- Si non, initie le processus d'appairage
- Valide l'appairage des deux côtés
- Vérifie que l'appairage est effectif via ADB</doc>
<status status="FAIL" start="2025-05-29T10:02:33.733328" elapsed="0.000000">Parent suite setup failed:
MaxRetryError: HTTPConnectionPool(host='127.0.0.1', port=4723): Max retries exceeded with url: /session (Caused by NewConnectionError('&lt;urllib3.connection.HTTPConnection object at 0x000001C37EE8D370&gt;: Failed to establish a new connection: [WinError 10061] Aucune connexion n’a pu être établie car l’ordinateur cible l’a expressément refusée'))</status>
</test>
<test id="s1-t3" name="Test Call Bluetooth" line="122">
<doc>Teste la réception d'un appel via Bluetooth
- Simule un appel entrant sur le mobile
- Vérifie que le numéro appelant est affiché à l'écran
- Continue l'exécution même en cas d'échec partiel</doc>
<status status="FAIL" start="2025-05-29T10:02:33.733328" elapsed="0.000999">Parent suite setup failed:
MaxRetryError: HTTPConnectionPool(host='127.0.0.1', port=4723): Max retries exceeded with url: /session (Caused by NewConnectionError('&lt;urllib3.connection.HTTPConnection object at 0x000001C37EE8D370&gt;: Failed to establish a new connection: [WinError 10061] Aucune connexion n’a pu être établie car l’ordinateur cible l’a expressément refusée'))</status>
</test>
<test id="s1-t4" name="Test Answer Call Bluetooth" line="130">
<doc>Teste la réponse à un appel via Bluetooth
- Localise et clique sur le bouton "Répondre"
- Vérifie que l'interface d'appel est active
- Continue l'exécution même en cas d'échec partiel</doc>
<status status="FAIL" start="2025-05-29T10:02:33.734327" elapsed="0.000000">Parent suite setup failed:
MaxRetryError: HTTPConnectionPool(host='127.0.0.1', port=4723): Max retries exceeded with url: /session (Caused by NewConnectionError('&lt;urllib3.connection.HTTPConnection object at 0x000001C37EE8D370&gt;: Failed to establish a new connection: [WinError 10061] Aucune connexion n’a pu être établie car l’ordinateur cible l’a expressément refusée'))</status>
</test>
<test id="s1-t5" name="Test End Call Bluetooth" line="138">
<doc>Teste la fin d'un appel via Bluetooth
- Ouvre l'application téléphone
- Localise et clique sur le bouton "Terminer l'appel"
- Continue l'exécution même en cas d'échec partiel</doc>
<status status="FAIL" start="2025-05-29T10:02:33.734327" elapsed="0.000580">Parent suite setup failed:
MaxRetryError: HTTPConnectionPool(host='127.0.0.1', port=4723): Max retries exceeded with url: /session (Caused by NewConnectionError('&lt;urllib3.connection.HTTPConnection object at 0x000001C37EE8D370&gt;: Failed to establish a new connection: [WinError 10061] Aucune connexion n’a pu être établie car l’ordinateur cible l’a expressément refusée'))</status>
</test>
<test id="s1-t6" name="Test Supprimer Bluetooth" line="146">
<doc>Teste la suppression de l'appairage Bluetooth
- Vérifie la langue du système
- Ouvre les paramètres Bluetooth
- Récupère le nom Bluetooth du mobile
- Supprime l'appareil appairé
- Vérifie que l'appairage n'est plus actif via ADB</doc>
<status status="FAIL" start="2025-05-29T10:02:33.734907" elapsed="0.000000">Parent suite setup failed:
MaxRetryError: HTTPConnectionPool(host='127.0.0.1', port=4723): Max retries exceeded with url: /session (Caused by NewConnectionError('&lt;urllib3.connection.HTTPConnection object at 0x000001C37EE8D370&gt;: Failed to establish a new connection: [WinError 10061] Aucune connexion n’a pu être établie car l’ordinateur cible l’a expressément refusée'))</status>
</test>
<test id="s1-t7" name="Test Fermer Bluetooth" line="156">
<doc>Teste la désactivation du Bluetooth sur l'appareil principal
- Vérifie la langue du système
- Ouvre les paramètres
- Accède aux paramètres Bluetooth
- Désactive le Bluetooth s'il est activé
- Vérifie que le Bluetooth est bien désactivé (UI et ADB)</doc>
<status status="FAIL" start="2025-05-29T10:02:33.735846" elapsed="0.000000">Parent suite setup failed:
MaxRetryError: HTTPConnectionPool(host='127.0.0.1', port=4723): Max retries exceeded with url: /session (Caused by NewConnectionError('&lt;urllib3.connection.HTTPConnection object at 0x000001C37EE8D370&gt;: Failed to establish a new connection: [WinError 10061] Aucune connexion n’a pu être établie car l’ordinateur cible l’a expressément refusée'))</status>
</test>
<kw name="Fermer Driver" type="TEARDOWN">
<try>
<branch type="TRY">
<kw name="Run Keyword And Return Status" owner="BuiltIn">
<kw name="Get Source" owner="AppiumLibrary">
<kw name="Capture Page Screenshot" owner="AppiumLibrary">
<msg time="2025-05-29T10:02:33.738390" level="FAIL">No application is open</msg>
<doc>Takes a screenshot of the current page and embeds it into the log.</doc>
<status status="FAIL" start="2025-05-29T10:02:33.736846" elapsed="0.004516">No application is open</status>
</kw>
<msg time="2025-05-29T10:02:33.742365" level="WARN">Keyword 'Capture Page Screenshot' could not be run on failure: No application is open</msg>
<msg time="2025-05-29T10:02:33.743364" level="FAIL">No application is open</msg>
<doc>Returns the entire source of the current page.</doc>
<status status="FAIL" start="2025-05-29T10:02:33.736846" elapsed="0.007049">No application is open</status>
</kw>
<msg time="2025-05-29T10:02:33.743895" level="INFO">${session_active} = False</msg>
<var>${session_active}</var>
<arg>Get Source</arg>
<doc>Runs the given keyword with given arguments and returns the status as a Boolean value.</doc>
<status status="PASS" start="2025-05-29T10:02:33.736846" elapsed="0.007049"/>
</kw>
<if>
<branch type="IF" condition="${session_active}">
<kw name="Close Driver" owner="Integration">
<arg>${driver}</arg>
<doc>Ferme proprement le driver Appium.</doc>
<status status="NOT RUN" start="2025-05-29T10:02:33.743895" elapsed="0.000000"/>
</kw>
<kw name="Log" owner="BuiltIn">
<arg>Driver principal fermé avec succès</arg>
<doc>Logs the given message with the given level.</doc>
<status status="NOT RUN" start="2025-05-29T10:02:33.743895" elapsed="0.000000"/>
</kw>
<status status="NOT RUN" start="2025-05-29T10:02:33.743895" elapsed="0.000000"/>
</branch>
<branch type="ELSE">
<kw name="Log" owner="BuiltIn">
<msg time="2025-05-29T10:02:33.744888" level="INFO">Le driver principal n'était pas actif</msg>
<arg>Le driver principal n'était pas actif</arg>
<doc>Logs the given message with the given level.</doc>
<status status="PASS" start="2025-05-29T10:02:33.743895" elapsed="0.000993"/>
</kw>
<status status="PASS" start="2025-05-29T10:02:33.743895" elapsed="0.000993"/>
</branch>
<status status="PASS" start="2025-05-29T10:02:33.743895" elapsed="0.000993"/>
</if>
<status status="PASS" start="2025-05-29T10:02:33.736846" elapsed="0.008042"/>
</branch>
<branch type="EXCEPT" assign="${error}">
<kw name="Log" owner="BuiltIn">
<arg>Erreur lors de la vérification du driver principal: ${error}</arg>
<doc>Logs the given message with the given level.</doc>
<status status="NOT RUN" start="2025-05-29T10:02:33.744888" elapsed="0.000000"/>
</kw>
<status status="NOT RUN" start="2025-05-29T10:02:33.744888" elapsed="0.000000"/>
</branch>
<status status="PASS" start="2025-05-29T10:02:33.736846" elapsed="0.008042"/>
</try>
<try>
<branch type="TRY">
<kw name="Run Keyword And Return Status" owner="BuiltIn">
<kw name="Get Source" owner="AppiumLibrary">
<kw name="Capture Page Screenshot" owner="AppiumLibrary">
<msg time="2025-05-29T10:02:33.745888" level="FAIL">No application is open</msg>
<doc>Takes a screenshot of the current page and embeds it into the log.</doc>
<status status="FAIL" start="2025-05-29T10:02:33.744888" elapsed="0.001000">No application is open</status>
</kw>
<msg time="2025-05-29T10:02:33.747448" level="WARN">Keyword 'Capture Page Screenshot' could not be run on failure: No application is open</msg>
<msg time="2025-05-29T10:02:33.747448" level="FAIL">No application is open</msg>
<doc>Returns the entire source of the current page.</doc>
<status status="FAIL" start="2025-05-29T10:02:33.744888" elapsed="0.003527">No application is open</status>
</kw>
<msg time="2025-05-29T10:02:33.748415" level="INFO">${session_active_mobile} = False</msg>
<var>${session_active_mobile}</var>
<arg>Get Source</arg>
<doc>Runs the given keyword with given arguments and returns the status as a Boolean value.</doc>
<status status="PASS" start="2025-05-29T10:02:33.744888" elapsed="0.003527"/>
</kw>
<if>
<branch type="IF" condition="${session_active_mobile}">
<kw name="Close Driver" owner="Integration">
<arg>${driver_mobile}</arg>
<doc>Ferme proprement le driver Appium.</doc>
<status status="NOT RUN" start="2025-05-29T10:02:33.748415" elapsed="0.000000"/>
</kw>
<kw name="Log" owner="BuiltIn">
<arg>Driver mobile fermé avec succès</arg>
<doc>Logs the given message with the given level.</doc>
<status status="NOT RUN" start="2025-05-29T10:02:33.748415" elapsed="0.000000"/>
</kw>
<status status="NOT RUN" start="2025-05-29T10:02:33.748415" elapsed="0.001002"/>
</branch>
<branch type="ELSE">
<kw name="Log" owner="BuiltIn">
<msg time="2025-05-29T10:02:33.749417" level="INFO">Le driver mobile n'était pas actif</msg>
<arg>Le driver mobile n'était pas actif</arg>
<doc>Logs the given message with the given level.</doc>
<status status="PASS" start="2025-05-29T10:02:33.749417" elapsed="0.000000"/>
</kw>
<status status="PASS" start="2025-05-29T10:02:33.749417" elapsed="0.000000"/>
</branch>
<status status="PASS" start="2025-05-29T10:02:33.748415" elapsed="0.001002"/>
</if>
<status status="PASS" start="2025-05-29T10:02:33.744888" elapsed="0.004529"/>
</branch>
<branch type="EXCEPT" assign="${error}">
<kw name="Log" owner="BuiltIn">
<arg>Erreur lors de la vérification du driver mobile: ${error}</arg>
<doc>Logs the given message with the given level.</doc>
<status status="NOT RUN" start="2025-05-29T10:02:33.749417" elapsed="0.000000"/>
</kw>
<status status="NOT RUN" start="2025-05-29T10:02:33.749417" elapsed="0.000000"/>
</branch>
<status status="PASS" start="2025-05-29T10:02:33.744888" elapsed="0.004529"/>
</try>
<kw name="Set Suite Variable" owner="BuiltIn">
<msg time="2025-05-29T10:02:33.750955" level="INFO">${driver} = None</msg>
<arg>${driver}</arg>
<arg>${None}</arg>
<doc>Makes a variable available everywhere within the scope of the current suite.</doc>
<status status="PASS" start="2025-05-29T10:02:33.749417" elapsed="0.001538"/>
</kw>
<kw name="Set Suite Variable" owner="BuiltIn">
<msg time="2025-05-29T10:02:33.751942" level="INFO">${driver_mobile} = None</msg>
<arg>${driver_mobile}</arg>
<arg>${None}</arg>
<doc>Makes a variable available everywhere within the scope of the current suite.</doc>
<status status="PASS" start="2025-05-29T10:02:33.750955" elapsed="0.000987"/>
</kw>
<status status="PASS" start="2025-05-29T10:02:33.736846" elapsed="0.015096"/>
</kw>
<doc>Ce fichier contient des tests d'activation, désactivation, appairage et gestion d'appels via Bluetooth sur des appareils Android.
Les tests vérifient que les paramètres Bluetooth sont accessibles, que les actions d'activation/désactivation fonctionnent correctement,
que l'appairage entre appareils fonctionne, et que les fonctionnalités d'appel via Bluetooth opèrent correctement.
Les tests prennent en charge les interfaces en français et en anglais.</doc>
<status status="FAIL" start="2025-05-29T10:02:10.417600" elapsed="23.334342">Suite setup failed:
MaxRetryError: HTTPConnectionPool(host='127.0.0.1', port=4723): Max retries exceeded with url: /session (Caused by NewConnectionError('&lt;urllib3.connection.HTTPConnection object at 0x000001C37EE8D370&gt;: Failed to establish a new connection: [WinError 10061] Aucune connexion n’a pu être établie car l’ordinateur cible l’a expressément refusée'))</status>
</suite>
<statistics>
<total>
<stat pass="0" fail="7" skip="0">All Tests</stat>
</total>
<tag>
</tag>
<suite>
<stat name="FonctionnaliteBluetooth" id="s1" pass="0" fail="7" skip="0">FonctionnaliteBluetooth</stat>
</suite>
</statistics>
<errors>
<msg time="2025-05-29T10:02:27.614960" level="WARN">Retrying (Retry(total=2, connect=None, read=None, redirect=None, status=None)) after connection broken by 'NewConnectionError('&lt;urllib3.connection.HTTPConnection object at 0x000001C37E7717C0&gt;: Failed to establish a new connection: [WinError 10061] Aucune connexion n’a pu être établie car l’ordinateur cible l’a expressément refusée')': /session</msg>
<msg time="2025-05-29T10:02:29.650541" level="WARN">Retrying (Retry(total=1, connect=None, read=None, redirect=None, status=None)) after connection broken by 'NewConnectionError('&lt;urllib3.connection.HTTPConnection object at 0x000001C37D43C530&gt;: Failed to establish a new connection: [WinError 10061] Aucune connexion n’a pu être établie car l’ordinateur cible l’a expressément refusée')': /session</msg>
<msg time="2025-05-29T10:02:31.688841" level="WARN">Retrying (Retry(total=0, connect=None, read=None, redirect=None, status=None)) after connection broken by 'NewConnectionError('&lt;urllib3.connection.HTTPConnection object at 0x000001C37EE8CBC0&gt;: Failed to establish a new connection: [WinError 10061] Aucune connexion n’a pu être établie car l’ordinateur cible l’a expressément refusée')': /session</msg>
<msg time="2025-05-29T10:02:33.742365" level="WARN">Keyword 'Capture Page Screenshot' could not be run on failure: No application is open</msg>
<msg time="2025-05-29T10:02:33.747448" level="WARN">Keyword 'Capture Page Screenshot' could not be run on failure: No application is open</msg>
</errors>
</robot>
