<?xml version="1.0" encoding="UTF-8"?>
<robot generator="Robot 7.2.2 (Python 3.12.9 on linux)" generated="2025-03-26T11:08:35.154189" rpa="false" schemaversion="5">
<suite id="s1" name="FonctionnaliteDeBase" source="/app/test_cases/FonctionnaliteDeBase.robot">
<test id="s1-t1" name="Test Home_Button" line="21">
<kw name="Setup Driver" owner="Integration">
<msg time="2025-03-26T11:09:14.479197" level="FAIL">WebDriverException: Message: An unknown server-side error occurred while processing the command. Original error: The instrumentation process cannot be initialized within 30000ms timeout. Make sure the application under test does not crash and investigate the logcat output. You could also try to increase the value of 'uiautomator2ServerLaunchTimeout' capability
Stacktrace:
UnknownError: An unknown server-side error occurred while processing the command. Original error: The instrumentation process cannot be initialized within 30000ms timeout. Make sure the application under test does not crash and investigate the logcat output. You could also try to increase the value of 'uiautomator2ServerLaunchTimeout' capability
    at getResponseForW3CError (/usr/lib/node_modules/appium/node_modules/@appium/base-driver/lib/protocol/errors.js:1143:9)
    at asyncHandler (/usr/lib/node_modules/appium/node_modules/@appium/base-driver/lib/protocol/protocol.js:487:57)</msg>
<var>${driver}</var>
<arg>${Device}</arg>
<doc>Initialise et retourne le driver Appium.</doc>
<status status="FAIL" start="2025-03-26T11:08:35.318560" elapsed="39.165126">WebDriverException: Message: An unknown server-side error occurred while processing the command. Original error: The instrumentation process cannot be initialized within 30000ms timeout. Make sure the application under test does not crash and investigate the logcat output. You could also try to increase the value of 'uiautomator2ServerLaunchTimeout' capability
Stacktrace:
UnknownError: An unknown server-side error occurred while processing the command. Original error: The instrumentation process cannot be initialized within 30000ms timeout. Make sure the application under test does not crash and investigate the logcat output. You could also try to increase the value of 'uiautomator2ServerLaunchTimeout' capability
    at getResponseForW3CError (/usr/lib/node_modules/appium/node_modules/@appium/base-driver/lib/protocol/errors.js:1143:9)
    at asyncHandler (/usr/lib/node_modules/appium/node_modules/@appium/base-driver/lib/protocol/protocol.js:487:57)</status>
</kw>
<kw name="Revenir A La Home Page" owner="Integration">
<arg>${driver}</arg>
<status status="NOT RUN" start="2025-03-26T11:09:14.483948" elapsed="0.000035"/>
</kw>
<doc>Ce test vérifie si le bouton "Home" fonctionne correctement en revenant à la page d'accueil de l'appareil.</doc>
<status status="FAIL" start="2025-03-26T11:08:35.317556" elapsed="39.166597">WebDriverException: Message: An unknown server-side error occurred while processing the command. Original error: The instrumentation process cannot be initialized within 30000ms timeout. Make sure the application under test does not crash and investigate the logcat output. You could also try to increase the value of 'uiautomator2ServerLaunchTimeout' capability
Stacktrace:
UnknownError: An unknown server-side error occurred while processing the command. Original error: The instrumentation process cannot be initialized within 30000ms timeout. Make sure the application under test does not crash and investigate the logcat output. You could also try to increase the value of 'uiautomator2ServerLaunchTimeout' capability
    at getResponseForW3CError (/usr/lib/node_modules/appium/node_modules/@appium/base-driver/lib/protocol/errors.js:1143:9)
    at asyncHandler (/usr/lib/node_modules/appium/node_modules/@appium/base-driver/lib/protocol/protocol.js:487:57)</status>
</test>
<test id="s1-t2" name="Test Ouvrir YouTube App" line="26">
<kw name="Setup Driver" owner="Integration">
<msg time="2025-03-26T11:09:21.628495" level="INFO">${driver} = &lt;appium.webdriver.webdriver.WebDriver (session="cb1d198a-7bf3-4943-bd87-c7b60c31f28f")&gt;</msg>
<var>${driver}</var>
<arg>${Device}</arg>
<doc>Initialise et retourne le driver Appium.</doc>
<status status="PASS" start="2025-03-26T11:09:14.484915" elapsed="7.143625"/>
</kw>
<kw name="Sleep" owner="BuiltIn">
<msg time="2025-03-26T11:09:23.629093" level="INFO">Slept 2 seconds.</msg>
<arg>2</arg>
<doc>Pauses the test executed for the given time.</doc>
<status status="PASS" start="2025-03-26T11:09:21.628666" elapsed="2.000615"/>
</kw>
<kw name="Revenir A La Home Page" owner="Integration">
<msg time="2025-03-26T11:09:35.423296" level="INFO">Erreur lors de la récupération d'un élément : Message: Cached elements 'By.xpath: //*' do not exist in DOM anymore; For documentation on this error, please visit: https://www.selenium.dev/documentation/webdriver/troubleshooting/errors#stale-element-reference-exception
Stacktrace:
io.appium.uiautomator2.common.exceptions.StaleElementReferenceException: Cached elements 'By.xpath: //*' do not exist in DOM anymore
	at io.appium.uiautomator2.model.ElementsCache.restore(ElementsCache.java:78)
	at io.appium.uiautomator2.model.ElementsCache.get(ElementsCache.java:153)
	at io.appium.uiautomator2.handler.GetElementAttribute.safeHandle(GetElementAttribute.java:23)
	at io.appium.uiautomator2.handler.request.SafeRequestHandler.handle(SafeRequestHandler.java:59)
	at io.appium.uiautomator2.server.AppiumServlet.handleRequest(AppiumServlet.java:259)
	at io.appium.uiautomator2.server.AppiumServlet.handleHttpRequest(AppiumServlet.java:253)
	at io.appium.uiautomator2.http.ServerHandler.channelRead(ServerHandler.java:77)
	at io.netty.channel.AbstractChannelHandlerContext.invokeChannelRead(AbstractChannelHandlerContext.java:366)
	at io.netty.channel.AbstractChannelHandlerContext.invokeChannelRead(AbstractChannelHandlerContext.java:352)
	at io.netty.channel.AbstractChannelHandlerContext.fireChannelRead(AbstractChannelHandlerContext.java:345)
	at io.netty.handler.codec.MessageToMessageDecoder.channelRead(MessageToMessageDecoder.java:102)
	at io.netty.channel.AbstractChannelHandlerContext.invokeChannelRead(AbstractChannelHandlerContext.java:366)
	at io.netty.channel.AbstractChannelHandlerContext.invokeChannelRead(AbstractChannelHandlerContext.java:352)
	at io.netty.channel.AbstractChannelHandlerContext.fireChannelRead(AbstractChannelHandlerContext.java:345)
	at io.netty.channel.CombinedChannelDuplexHandler$DelegatingChannelHandlerContext.fireChannelRead(CombinedChannelDuplexHandler.java:435)
	at io.netty.handler.codec.ByteToMessageDecoder.fireChannelRead(ByteToMessageDecoder.java:293)
	at io.netty.handler.codec.ByteToMessageDecoder.channelRead(ByteToMessageDecoder.java:267)
	at io.netty.channel.CombinedChannelDuplexHandler.channelRead(CombinedChannelDuplexHandler.java:250)
	at io.netty.channel.AbstractChannelHandlerContext.invokeChannelRead(AbstractChannelHandlerContext.java:366)
	at io.netty.channel.AbstractChannelHandlerContext.invokeChannelRead(AbstractChannelHandlerContext.java:352)
	at io.netty.channel.AbstractChannelHandlerContext.fireChannelRead(AbstractChannelHandlerContext.java:345)
	at io.netty.handler.timeout.IdleStateHandler.channelRead(IdleStateHandler.java:266)
	at io.netty.channel.AbstractChannelHandlerContext.invokeChannelRead(AbstractChannelHandlerContext.java:366)
	at io.netty.channel.AbstractChannelHandlerContext.invokeChannelRead(AbstractChannelHandlerContext.java:352)
	at io.netty.channel.AbstractChannelHandlerContext.fireChannelRead(AbstractChannelHandlerContext.java:345)
	at io.netty.channel.DefaultChannelPipeline$HeadContext.channelRead(DefaultChannelPipeline.java:1294)
	at io.netty.channel.AbstractChannelHandlerContext.invokeChannelRead(AbstractChannelHandlerContext.java:366)
	at io.netty.channel.AbstractChannelHandlerContext.invokeChannelRead(AbstractChannelHandlerContext.java:352)
	at io.netty.channel.DefaultChannelPipeline.fireChannelRead(DefaultChannelPipeline.java:911)
	at io.netty.channel.nio.AbstractNioByteChannel$NioByteUnsafe.read(AbstractNioByteChannel.java:131)
	at io.netty.channel.nio.NioEventLoop.processSelectedKey(NioEventLoop.java:611)
	at io.netty.channel.nio.NioEventLoop.processSelectedKeysOptimized(NioEventLoop.java:552)
	at io.netty.channel.nio.NioEventLoop.processSelectedKeys(NioEventLoop.java:466)
	at io.netty.channel.nio.NioEventLoop.run(NioEventLoop.java:438)
	at io.netty.util.concurrent.SingleThreadEventExecutor$2.run(SingleThreadEventExecutor.java:140)
	at io.netty.util.concurrent.DefaultThreadFactory$DefaultRunnableDecorator.run(DefaultThreadFactory.java:144)
	at java.lang.Thread.run(Thread.java:1012)

Erreur lors de la récupération d'un élément : Message: Cached elements 'By.xpath: //*' do not exist in DOM anymore; For documentation on this error, please visit: https://www.selenium.dev/documentation/webdriver/troubleshooting/errors#stale-element-reference-exception
Stacktrace:
io.appium.uiautomator2.common.exceptions.StaleElementReferenceException: Cached elements 'By.xpath: //*' do not exist in DOM anymore
	at io.appium.uiautomator2.model.ElementsCache.restore(ElementsCache.java:78)
	at io.appium.uiautomator2.model.ElementsCache.get(ElementsCache.java:153)
	at io.appium.uiautomator2.handler.GetElementAttribute.safeHandle(GetElementAttribute.java:23)
	at io.appium.uiautomator2.handler.request.SafeRequestHandler.handle(SafeRequestHandler.java:59)
	at io.appium.uiautomator2.server.AppiumServlet.handleRequest(AppiumServlet.java:259)
	at io.appium.uiautomator2.server.AppiumServlet.handleHttpRequest(AppiumServlet.java:253)
	at io.appium.uiautomator2.http.ServerHandler.channelRead(ServerHandler.java:77)
	at io.netty.channel.AbstractChannelHandlerContext.invokeChannelRead(AbstractChannelHandlerContext.java:366)
	at io.netty.channel.AbstractChannelHandlerContext.invokeChannelRead(AbstractChannelHandlerContext.java:352)
	at io.netty.channel.AbstractChannelHandlerContext.fireChannelRead(AbstractChannelHandlerContext.java:345)
	at io.netty.handler.codec.MessageToMessageDecoder.channelRead(MessageToMessageDecoder.java:102)
	at io.netty.channel.AbstractChannelHandlerContext.invokeChannelRead(AbstractChannelHandlerContext.java:366)
	at io.netty.channel.AbstractChannelHandlerContext.invokeChannelRead(AbstractChannelHandlerContext.java:352)
	at io.netty.channel.AbstractChannelHandlerContext.fireChannelRead(AbstractChannelHandlerContext.java:345)
	at io.netty.channel.CombinedChannelDuplexHandler$DelegatingChannelHandlerContext.fireChannelRead(CombinedChannelDuplexHandler.java:435)
	at io.netty.handler.codec.ByteToMessageDecoder.fireChannelRead(ByteToMessageDecoder.java:293)
	at io.netty.handler.codec.ByteToMessageDecoder.channelRead(ByteToMessageDecoder.java:267)
	at io.netty.channel.CombinedChannelDuplexHandler.channelRead(CombinedChannelDuplexHandler.java:250)
	at io.netty.channel.AbstractChannelHandlerContext.invokeChannelRead(AbstractChannelHandlerContext.java:366)
	at io.netty.channel.AbstractChannelHandlerContext.invokeChannelRead(AbstractChannelHandlerContext.java:352)
	at io.netty.channel.AbstractChannelHandlerContext.fireChannelRead(AbstractChannelHandlerContext.java:345)
	at io.netty.handler.timeout.IdleStateHandler.channelRead(IdleStateHandler.java:266)
	at io.netty.channel.AbstractChannelHandlerContext.invokeChannelRead(AbstractChannelHandlerContext.java:366)
	at io.netty.channel.AbstractChannelHandlerContext.invokeChannelRead(AbstractChannelHandlerContext.java:352)
	at io.netty.channel.AbstractChannelHandlerContext.fireChannelRead(AbstractChannelHandlerContext.java:345)
	at io.netty.channel.DefaultChannelPipeline$HeadContext.channelRead(DefaultChannelPipeline.java:1294)
	at io.netty.channel.AbstractChannelHandlerContext.invokeChannelRead(AbstractChannelHandlerContext.java:366)
	at io.netty.channel.AbstractChannelHandlerContext.invokeChannelRead(AbstractChannelHandlerContext.java:352)
	at io.netty.channel.DefaultChannelPipeline.fireChannelRead(DefaultChannelPipeline.java:911)
	at io.netty.channel.nio.AbstractNioByteChannel$NioByteUnsafe.read(AbstractNioByteChannel.java:131)
	at io.netty.channel.nio.NioEventLoop.processSelectedKey(NioEventLoop.java:611)
	at io.netty.channel.nio.NioEventLoop.processSelectedKeysOptimized(NioEventLoop.java:552)
	at io.netty.channel.nio.NioEventLoop.processSelectedKeys(NioEventLoop.java:466)
	at io.netty.channel.nio.NioEventLoop.run(NioEventLoop.java:438)
	at io.netty.util.concurrent.SingleThreadEventExecutor$2.run(SingleThreadEventExecutor.java:140)
	at io.netty.util.concurrent.DefaultThreadFactory$DefaultRunnableDecorator.run(DefaultThreadFactory.java:144)
	at java.lang.Thread.run(Thread.java:1012)

Erreur lors de la récupération d'un élément : Message: Cached elements 'By.xpath: //*' do not exist in DOM anymore; For documentation on this error, please visit: https://www.selenium.dev/documentation/webdriver/troubleshooting/errors#stale-element-reference-exception
Stacktrace:
io.appium.uiautomator2.common.exceptions.StaleElementReferenceException: Cached elements 'By.xpath: //*' do not exist in DOM anymore
	at io.appium.uiautomator2.model.ElementsCache.restore(ElementsCache.java:78)
	at io.appium.uiautomator2.model.ElementsCache.get(ElementsCache.java:153)
	at io.appium.uiautomator2.handler.GetElementAttribute.safeHandle(GetElementAttribute.java:23)
	at io.appium.uiautomator2.handler.request.SafeRequestHandler.handle(SafeRequestHandler.java:59)
	at io.appium.uiautomator2.server.AppiumServlet.handleRequest(AppiumServlet.java:259)
	at io.appium.uiautomator2.server.AppiumServlet.handleHttpRequest(AppiumServlet.java:253)
	at io.appium.uiautomator2.http.ServerHandler.channelRead(ServerHandler.java:77)
	at io.netty.channel.AbstractChannelHandlerContext.invokeChannelRead(AbstractChannelHandlerContext.java:366)
	at io.netty.channel.AbstractChannelHandlerContext.invokeChannelRead(AbstractChannelHandlerContext.java:352)
	at io.netty.channel.AbstractChannelHandlerContext.fireChannelRead(AbstractChannelHandlerContext.java:345)
	at io.netty.handler.codec.MessageToMessageDecoder.channelRead(MessageToMessageDecoder.java:102)
	at io.netty.channel.AbstractChannelHandlerContext.invokeChannelRead(AbstractChannelHandlerContext.java:366)
	at io.netty.channel.AbstractChannelHandlerContext.invokeChannelRead(AbstractChannelHandlerContext.java:352)
	at io.netty.channel.AbstractChannelHandlerContext.fireChannelRead(AbstractChannelHandlerContext.java:345)
	at io.netty.channel.CombinedChannelDuplexHandler$DelegatingChannelHandlerContext.fireChannelRead(CombinedChannelDuplexHandler.java:435)
	at io.netty.handler.codec.ByteToMessageDecoder.fireChannelRead(ByteToMessageDecoder.java:293)
	at io.netty.handler.codec.ByteToMessageDecoder.channelRead(ByteToMessageDecoder.java:267)
	at io.netty.channel.CombinedChannelDuplexHandler.channelRead(CombinedChannelDuplexHandler.java:250)
	at io.netty.channel.AbstractChannelHandlerContext.invokeChannelRead(AbstractChannelHandlerContext.java:366)
	at io.netty.channel.AbstractChannelHandlerContext.invokeChannelRead(AbstractChannelHandlerContext.java:352)
	at io.netty.channel.AbstractChannelHandlerContext.fireChannelRead(AbstractChannelHandlerContext.java:345)
	at io.netty.handler.timeout.IdleStateHandler.channelRead(IdleStateHandler.java:266)
	at io.netty.channel.AbstractChannelHandlerContext.invokeChannelRead(AbstractChannelHandlerContext.java:366)
	at io.netty.channel.AbstractChannelHandlerContext.invokeChannelRead(AbstractChannelHandlerContext.java:352)
	at io.netty.channel.AbstractChannelHandlerContext.fireChannelRead(AbstractChannelHandlerContext.java:345)
	at io.netty.channel.DefaultChannelPipeline$HeadContext.channelRead(DefaultChannelPipeline.java:1294)
	at io.netty.channel.AbstractChannelHandlerContext.invokeChannelRead(AbstractChannelHandlerContext.java:366)
	at io.netty.channel.AbstractChannelHandlerContext.invokeChannelRead(AbstractChannelHandlerContext.java:352)
	at io.netty.channel.DefaultChannelPipeline.fireChannelRead(DefaultChannelPipeline.java:911)
	at io.netty.channel.nio.AbstractNioByteChannel$NioByteUnsafe.read(AbstractNioByteChannel.java:131)
	at io.netty.channel.nio.NioEventLoop.processSelectedKey(NioEventLoop.java:611)
	at io.netty.channel.nio.NioEventLoop.processSelectedKeysOptimized(NioEventLoop.java:552)
	at io.netty.channel.nio.NioEventLoop.processSelectedKeys(NioEventLoop.java:466)
	at io.netty.channel.nio.NioEventLoop.run(NioEventLoop.java:438)
	at io.netty.util.concurrent.SingleThreadEventExecutor$2.run(SingleThreadEventExecutor.java:140)
	at io.netty.util.concurrent.DefaultThreadFactory$DefaultRunnableDecorator.run(DefaultThreadFactory.java:144)
	at java.lang.Thread.run(Thread.java:1012)


📌 Liste des applications détectées : []
📌 First Home Page détectée : []

📌 Liste des applications détectées : []
✅ Retour à la first home page !</msg>
<arg>${driver}</arg>
<status status="PASS" start="2025-03-26T11:09:23.629506" elapsed="11.794798"/>
</kw>
<kw name="Open Application With Click" owner="Integration">
<msg time="2025-03-26T11:09:43.385869" level="INFO">Erreur lors de la récupération d'un élément : Message: Cached elements 'By.xpath: //*' do not exist in DOM anymore; For documentation on this error, please visit: https://www.selenium.dev/documentation/webdriver/troubleshooting/errors#stale-element-reference-exception
Stacktrace:
io.appium.uiautomator2.common.exceptions.StaleElementReferenceException: Cached elements 'By.xpath: //*' do not exist in DOM anymore
	at io.appium.uiautomator2.model.ElementsCache.restore(ElementsCache.java:78)
	at io.appium.uiautomator2.model.ElementsCache.get(ElementsCache.java:153)
	at io.appium.uiautomator2.handler.GetElementAttribute.safeHandle(GetElementAttribute.java:23)
	at io.appium.uiautomator2.handler.request.SafeRequestHandler.handle(SafeRequestHandler.java:59)
	at io.appium.uiautomator2.server.AppiumServlet.handleRequest(AppiumServlet.java:259)
	at io.appium.uiautomator2.server.AppiumServlet.handleHttpRequest(AppiumServlet.java:253)
	at io.appium.uiautomator2.http.ServerHandler.channelRead(ServerHandler.java:77)
	at io.netty.channel.AbstractChannelHandlerContext.invokeChannelRead(AbstractChannelHandlerContext.java:366)
	at io.netty.channel.AbstractChannelHandlerContext.invokeChannelRead(AbstractChannelHandlerContext.java:352)
	at io.netty.channel.AbstractChannelHandlerContext.fireChannelRead(AbstractChannelHandlerContext.java:345)
	at io.netty.handler.codec.MessageToMessageDecoder.channelRead(MessageToMessageDecoder.java:102)
	at io.netty.channel.AbstractChannelHandlerContext.invokeChannelRead(AbstractChannelHandlerContext.java:366)
	at io.netty.channel.AbstractChannelHandlerContext.invokeChannelRead(AbstractChannelHandlerContext.java:352)
	at io.netty.channel.AbstractChannelHandlerContext.fireChannelRead(AbstractChannelHandlerContext.java:345)
	at io.netty.channel.CombinedChannelDuplexHandler$DelegatingChannelHandlerContext.fireChannelRead(CombinedChannelDuplexHandler.java:435)
	at io.netty.handler.codec.ByteToMessageDecoder.fireChannelRead(ByteToMessageDecoder.java:293)
	at io.netty.handler.codec.ByteToMessageDecoder.channelRead(ByteToMessageDecoder.java:267)
	at io.netty.channel.CombinedChannelDuplexHandler.channelRead(CombinedChannelDuplexHandler.java:250)
	at io.netty.channel.AbstractChannelHandlerContext.invokeChannelRead(AbstractChannelHandlerContext.java:366)
	at io.netty.channel.AbstractChannelHandlerContext.invokeChannelRead(AbstractChannelHandlerContext.java:352)
	at io.netty.channel.AbstractChannelHandlerContext.fireChannelRead(AbstractChannelHandlerContext.java:345)
	at io.netty.handler.timeout.IdleStateHandler.channelRead(IdleStateHandler.java:266)
	at io.netty.channel.AbstractChannelHandlerContext.invokeChannelRead(AbstractChannelHandlerContext.java:366)
	at io.netty.channel.AbstractChannelHandlerContext.invokeChannelRead(AbstractChannelHandlerContext.java:352)
	at io.netty.channel.AbstractChannelHandlerContext.fireChannelRead(AbstractChannelHandlerContext.java:345)
	at io.netty.channel.DefaultChannelPipeline$HeadContext.channelRead(DefaultChannelPipeline.java:1294)
	at io.netty.channel.AbstractChannelHandlerContext.invokeChannelRead(AbstractChannelHandlerContext.java:366)
	at io.netty.channel.AbstractChannelHandlerContext.invokeChannelRead(AbstractChannelHandlerContext.java:352)
	at io.netty.channel.DefaultChannelPipeline.fireChannelRead(DefaultChannelPipeline.java:911)
	at io.netty.channel.nio.AbstractNioByteChannel$NioByteUnsafe.read(AbstractNioByteChannel.java:131)
	at io.netty.channel.nio.NioEventLoop.processSelectedKey(NioEventLoop.java:611)
	at io.netty.channel.nio.NioEventLoop.processSelectedKeysOptimized(NioEventLoop.java:552)
	at io.netty.channel.nio.NioEventLoop.processSelectedKeys(NioEventLoop.java:466)
	at io.netty.channel.nio.NioEventLoop.run(NioEventLoop.java:438)
	at io.netty.util.concurrent.SingleThreadEventExecutor$2.run(SingleThreadEventExecutor.java:140)
	at io.netty.util.concurrent.DefaultThreadFactory$DefaultRunnableDecorator.run(DefaultThreadFactory.java:144)
	at java.lang.Thread.run(Thread.java:1012)

Erreur lors de la récupération d'un élément : Message: Cached elements 'By.xpath: //*' do not exist in DOM anymore; For documentation on this error, please visit: https://www.selenium.dev/documentation/webdriver/troubleshooting/errors#stale-element-reference-exception
Stacktrace:
io.appium.uiautomator2.common.exceptions.StaleElementReferenceException: Cached elements 'By.xpath: //*' do not exist in DOM anymore
	at io.appium.uiautomator2.model.ElementsCache.restore(ElementsCache.java:78)
	at io.appium.uiautomator2.model.ElementsCache.get(ElementsCache.java:153)
	at io.appium.uiautomator2.handler.GetElementAttribute.safeHandle(GetElementAttribute.java:23)
	at io.appium.uiautomator2.handler.request.SafeRequestHandler.handle(SafeRequestHandler.java:59)
	at io.appium.uiautomator2.server.AppiumServlet.handleRequest(AppiumServlet.java:259)
	at io.appium.uiautomator2.server.AppiumServlet.handleHttpRequest(AppiumServlet.java:253)
	at io.appium.uiautomator2.http.ServerHandler.channelRead(ServerHandler.java:77)
	at io.netty.channel.AbstractChannelHandlerContext.invokeChannelRead(AbstractChannelHandlerContext.java:366)
	at io.netty.channel.AbstractChannelHandlerContext.invokeChannelRead(AbstractChannelHandlerContext.java:352)
	at io.netty.channel.AbstractChannelHandlerContext.fireChannelRead(AbstractChannelHandlerContext.java:345)
	at io.netty.handler.codec.MessageToMessageDecoder.channelRead(MessageToMessageDecoder.java:102)
	at io.netty.channel.AbstractChannelHandlerContext.invokeChannelRead(AbstractChannelHandlerContext.java:366)
	at io.netty.channel.AbstractChannelHandlerContext.invokeChannelRead(AbstractChannelHandlerContext.java:352)
	at io.netty.channel.AbstractChannelHandlerContext.fireChannelRead(AbstractChannelHandlerContext.java:345)
	at io.netty.channel.CombinedChannelDuplexHandler$DelegatingChannelHandlerContext.fireChannelRead(CombinedChannelDuplexHandler.java:435)
	at io.netty.handler.codec.ByteToMessageDecoder.fireChannelRead(ByteToMessageDecoder.java:293)
	at io.netty.handler.codec.ByteToMessageDecoder.channelRead(ByteToMessageDecoder.java:267)
	at io.netty.channel.CombinedChannelDuplexHandler.channelRead(CombinedChannelDuplexHandler.java:250)
	at io.netty.channel.AbstractChannelHandlerContext.invokeChannelRead(AbstractChannelHandlerContext.java:366)
	at io.netty.channel.AbstractChannelHandlerContext.invokeChannelRead(AbstractChannelHandlerContext.java:352)
	at io.netty.channel.AbstractChannelHandlerContext.fireChannelRead(AbstractChannelHandlerContext.java:345)
	at io.netty.handler.timeout.IdleStateHandler.channelRead(IdleStateHandler.java:266)
	at io.netty.channel.AbstractChannelHandlerContext.invokeChannelRead(AbstractChannelHandlerContext.java:366)
	at io.netty.channel.AbstractChannelHandlerContext.invokeChannelRead(AbstractChannelHandlerContext.java:352)
	at io.netty.channel.AbstractChannelHandlerContext.fireChannelRead(AbstractChannelHandlerContext.java:345)
	at io.netty.channel.DefaultChannelPipeline$HeadContext.channelRead(DefaultChannelPipeline.java:1294)
	at io.netty.channel.AbstractChannelHandlerContext.invokeChannelRead(AbstractChannelHandlerContext.java:366)
	at io.netty.channel.AbstractChannelHandlerContext.invokeChannelRead(AbstractChannelHandlerContext.java:352)
	at io.netty.channel.DefaultChannelPipeline.fireChannelRead(DefaultChannelPipeline.java:911)
	at io.netty.channel.nio.AbstractNioByteChannel$NioByteUnsafe.read(AbstractNioByteChannel.java:131)
	at io.netty.channel.nio.NioEventLoop.processSelectedKey(NioEventLoop.java:611)
	at io.netty.channel.nio.NioEventLoop.processSelectedKeysOptimized(NioEventLoop.java:552)
	at io.netty.channel.nio.NioEventLoop.processSelectedKeys(NioEventLoop.java:466)
	at io.netty.channel.nio.NioEventLoop.run(NioEventLoop.java:438)
	at io.netty.util.concurrent.SingleThreadEventExecutor$2.run(SingleThreadEventExecutor.java:140)
	at io.netty.util.concurrent.DefaultThreadFactory$DefaultRunnableDecorator.run(DefaultThreadFactory.java:144)
	at java.lang.Thread.run(Thread.java:1012)

Erreur lors de la récupération d'un élément : Message: Cached elements 'By.xpath: //*' do not exist in DOM anymore; For documentation on this error, please visit: https://www.selenium.dev/documentation/webdriver/troubleshooting/errors#stale-element-reference-exception
Stacktrace:
io.appium.uiautomator2.common.exceptions.StaleElementReferenceException: Cached elements 'By.xpath: //*' do not exist in DOM anymore
	at io.appium.uiautomator2.model.ElementsCache.restore(ElementsCache.java:78)
	at io.appium.uiautomator2.model.ElementsCache.get(ElementsCache.java:153)
	at io.appium.uiautomator2.handler.GetElementAttribute.safeHandle(GetElementAttribute.java:23)
	at io.appium.uiautomator2.handler.request.SafeRequestHandler.handle(SafeRequestHandler.java:59)
	at io.appium.uiautomator2.server.AppiumServlet.handleRequest(AppiumServlet.java:259)
	at io.appium.uiautomator2.server.AppiumServlet.handleHttpRequest(AppiumServlet.java:253)
	at io.appium.uiautomator2.http.ServerHandler.channelRead(ServerHandler.java:77)
	at io.netty.channel.AbstractChannelHandlerContext.invokeChannelRead(AbstractChannelHandlerContext.java:366)
	at io.netty.channel.AbstractChannelHandlerContext.invokeChannelRead(AbstractChannelHandlerContext.java:352)
	at io.netty.channel.AbstractChannelHandlerContext.fireChannelRead(AbstractChannelHandlerContext.java:345)
	at io.netty.handler.codec.MessageToMessageDecoder.channelRead(MessageToMessageDecoder.java:102)
	at io.netty.channel.AbstractChannelHandlerContext.invokeChannelRead(AbstractChannelHandlerContext.java:366)
	at io.netty.channel.AbstractChannelHandlerContext.invokeChannelRead(AbstractChannelHandlerContext.java:352)
	at io.netty.channel.AbstractChannelHandlerContext.fireChannelRead(AbstractChannelHandlerContext.java:345)
	at io.netty.channel.CombinedChannelDuplexHandler$DelegatingChannelHandlerContext.fireChannelRead(CombinedChannelDuplexHandler.java:435)
	at io.netty.handler.codec.ByteToMessageDecoder.fireChannelRead(ByteToMessageDecoder.java:293)
	at io.netty.handler.codec.ByteToMessageDecoder.channelRead(ByteToMessageDecoder.java:267)
	at io.netty.channel.CombinedChannelDuplexHandler.channelRead(CombinedChannelDuplexHandler.java:250)
	at io.netty.channel.AbstractChannelHandlerContext.invokeChannelRead(AbstractChannelHandlerContext.java:366)
	at io.netty.channel.AbstractChannelHandlerContext.invokeChannelRead(AbstractChannelHandlerContext.java:352)
	at io.netty.channel.AbstractChannelHandlerContext.fireChannelRead(AbstractChannelHandlerContext.java:345)
	at io.netty.handler.timeout.IdleStateHandler.channelRead(IdleStateHandler.java:266)
	at io.netty.channel.AbstractChannelHandlerContext.invokeChannelRead(AbstractChannelHandlerContext.java:366)
	at io.netty.channel.AbstractChannelHandlerContext.invokeChannelRead(AbstractChannelHandlerContext.java:352)
	at io.netty.channel.AbstractChannelHandlerContext.fireChannelRead(AbstractChannelHandlerContext.java:345)
	at io.netty.channel.DefaultChannelPipeline$HeadContext.channelRead(DefaultChannelPipeline.java:1294)
	at io.netty.channel.AbstractChannelHandlerContext.invokeChannelRead(AbstractChannelHandlerContext.java:366)
	at io.netty.channel.AbstractChannelHandlerContext.invokeChannelRead(AbstractChannelHandlerContext.java:352)
	at io.netty.channel.DefaultChannelPipeline.fireChannelRead(DefaultChannelPipeline.java:911)
	at io.netty.channel.nio.AbstractNioByteChannel$NioByteUnsafe.read(AbstractNioByteChannel.java:131)
	at io.netty.channel.nio.NioEventLoop.processSelectedKey(NioEventLoop.java:611)
	at io.netty.channel.nio.NioEventLoop.processSelectedKeysOptimized(NioEventLoop.java:552)
	at io.netty.channel.nio.NioEventLoop.processSelectedKeys(NioEventLoop.java:466)
	at io.netty.channel.nio.NioEventLoop.run(NioEventLoop.java:438)
	at io.netty.util.concurrent.SingleThreadEventExecutor$2.run(SingleThreadEventExecutor.java:140)
	at io.netty.util.concurrent.DefaultThreadFactory$DefaultRunnableDecorator.run(DefaultThreadFactory.java:144)
	at java.lang.Thread.run(Thread.java:1012)


📌 Liste des applications détectées : []
📌 First Home Page détectée : []
Erreur lors de la récupération d'un élément : Message: Could not proxy command to the remote server. Original error: socket hang up
Stacktrace:
ProxyRequestError: Could not proxy command to the remote server. Original error: socket hang up
    at UIA2Proxy.proxy (/usr/lib/node_modules/appium/node_modules/@appium/base-driver/lib/jsonwp-proxy/proxy.js:278:13)
    at processTicksAndRejections (node:internal/process/task_queues:105:5)
    at ProtocolConverter.convertAndProxy (/usr/lib/node_modules/appium/node_modules/@appium/base-driver/lib/jsonwp-proxy/protocol-converter.js:270:12)
    at UIA2Proxy.proxyCommand (/usr/lib/node_modules/appium/node_modules/@appium/base-driver/lib/jsonwp-proxy/proxy.js:334:12)
    at UIA2Proxy.proxyCommand (/home/androidusr/.appium/node_modules/appium-uiautomator2-driver/lib/uiautomator2.js:35:12)
    at UIA2Proxy.proxyReqRes (/usr/lib/node_modules/appium/node_modules/@appium/base-driver/lib/jsonwp-proxy/proxy.js:408:32)
Erreur lors de la récupération d'un élément : Message: An unknown server-side error occurred while processing the command. Original error: Could not proxy command to the remote server. Original error: socket hang up
Stacktrace:
UnknownError: An unknown server-side error occurred while processing the command. Original error: Could not proxy command to the remote server. Original error: socket hang up
    at UIA2Proxy.command (/usr/lib/node_modules/appium/node_modules/@appium/base-driver/lib/jsonwp-proxy/proxy.js:353:13)
    at processTicksAndRejections (node:internal/process/task_queues:105:5)
    at AndroidUiautomator2Driver.getAttribute (/home/androidusr/.appium/node_modules/appium-uiautomator2-driver/lib/commands/element.js:26:5)
Erreur lors de la récupération d'un élément : Message: An unknown server-side error occurred while processing the command. Original error: Could not proxy command to the remote server. Original error: socket hang up
Stacktrace:
UnknownError: An unknown server-side error occurred while processing the command. Original error: Could not proxy command to the remote server. Original error: socket hang up
    at UIA2Proxy.command (/usr/lib/node_modules/appium/node_modules/@appium/base-driver/lib/jsonwp-proxy/proxy.js:353:13)
    at processTicksAndRejections (node:internal/process/task_queues:105:5)
    at AndroidUiautomator2Driver.getAttribute (/home/androidusr/.appium/node_modules/appium-uiautomator2-driver/lib/commands/element.js:26:5)
Erreur lors de la récupération d'un élément : Message: An unknown server-side error occurred while processing the command. Original error: Could not proxy command to the remote server. Original error: socket hang up
Stacktrace:
UnknownError: An unknown server-side error occurred while processing the command. Original error: Could not proxy command to the remote server. Original error: socket hang up
    at UIA2Proxy.command (/usr/lib/node_modules/appium/node_modules/@appium/base-driver/lib/jsonwp-proxy/proxy.js:353:13)
    at processTicksAndRejections (node:internal/process/task_queues:105:5)
    at AndroidUiautomator2Driver.getAttribute (/home/androidusr/.appium/node_modules/appium-uiautomator2-driver/lib/commands/element.js:26:5)
Erreur lors de la récupération d'un élément : Message: An unknown server-side error occurred while processing the command. Original error: Could not proxy command to the remote server. Original error: socket hang up
Stacktrace:
UnknownError: An unknown server-side error occurred while processing the command. Original error: Could not proxy command to the remote server. Original error: socket hang up
    at UIA2Proxy.command (/usr/lib/node_modules/appium/node_modules/@appium/base-driver/lib/jsonwp-proxy/proxy.js:353:13)
    at processTicksAndRejections (node:internal/process/task_queues:105:5)
    at AndroidUiautomator2Driver.getAttribute (/home/androidusr/.appium/node_modules/appium-uiautomator2-driver/lib/commands/element.js:26:5)
Erreur lors de la récupération d'un élément : Message: An unknown server-side error occurred while processing the command. Original error: Could not proxy command to the remote server. Original error: socket hang up
Stacktrace:
UnknownError: An unknown server-side error occurred while processing the command. Original error: Could not proxy command to the remote server. Original error: socket hang up
    at UIA2Proxy.command (/usr/lib/node_modules/appium/node_modules/@appium/base-driver/lib/jsonwp-proxy/proxy.js:353:13)
    at processTicksAndRejections (node:internal/process/task_queues:105:5)
    at AndroidUiautomator2Driver.getAttribute (/home/androidusr/.appium/node_modules/appium-uiautomator2-driver/lib/commands/element.js:26:5)
Erreur lors de la récupération d'un élément : Message: An unknown server-side error occurred while processing the command. Original error: Could not proxy command to the remote server. Original error: socket hang up
Stacktrace:
UnknownError: An unknown server-side error occurred while processing the command. Original error: Could not proxy command to the remote server. Original error: socket hang up
    at UIA2Proxy.command (/usr/lib/node_modules/appium/node_modules/@appium/base-driver/lib/jsonwp-proxy/proxy.js:353:13)
    at processTicksAndRejections (node:internal/process/task_queues:105:5)
    at AndroidUiautomator2Driver.getAttribute (/home/androidusr/.appium/node_modules/appium-uiautomator2-driver/lib/commands/element.js:26:5)
Erreur lors de la récupération d'un élément : Message: An unknown server-side error occurred while processing the command. Original error: Could not proxy command to the remote server. Original error: socket hang up
Stacktrace:
UnknownError: An unknown server-side error occurred while processing the command. Original error: Could not proxy command to the remote server. Original error: socket hang up
    at UIA2Proxy.command (/usr/lib/node_modules/appium/node_modules/@appium/base-driver/lib/jsonwp-proxy/proxy.js:353:13)
    at processTicksAndRejections (node:internal/process/task_queues:105:5)
    at AndroidUiautomator2Driver.getAttribute (/home/androidusr/.appium/node_modules/appium-uiautomator2-driver/lib/commands/element.js:26:5)
Erreur lors de la récupération d'un élément : Message: An unknown server-side error occurred while processing the command. Original error: Could not proxy command to the remote server. Original error: socket hang up
Stacktrace:
UnknownError: An unknown server-side error occurred while processing the command. Original error: Could not proxy command to the remote server. Original error: socket hang up
    at UIA2Proxy.command (/usr/lib/node_modules/appium/node_modules/@appium/base-driver/lib/jsonwp-proxy/proxy.js:353:13)
    at processTicksAndRejections (node:internal/process/task_queues:105:5)
    at AndroidUiautomator2Driver.getAttribute (/home/androidusr/.appium/node_modules/appium-uiautomator2-driver/lib/commands/element.js:26:5)
Erreur lors de la récupération d'un élément : Message: An unknown server-side error occurred while processing the command. Original error: Could not proxy command to the remote server. Original error: socket hang up
Stacktrace:
UnknownError: An unknown server-side error occurred while processing the command. Original error: Could not proxy command to the remote server. Original error: socket hang up
    at UIA2Proxy.command (/usr/lib/node_modules/appium/node_modules/@appium/base-driver/lib/jsonwp-proxy/proxy.js:353:13)
    at processTicksAndRejections (node:internal/process/task_queues:105:5)
    at AndroidUiautomator2Driver.getAttribute (/home/androidusr/.appium/node_modules/appium-uiautomator2-driver/lib/commands/element.js:26:5)

📌 Liste des applications détectées : []
✅ Retour à la first home page !
111111111111111111111
2222222222222222</msg>
<msg time="2025-03-26T11:09:43.386662" level="FAIL">WebDriverException: Message: An unknown server-side error occurred while processing the command. Original error: Could not proxy command to the remote server. Original error: socket hang up
Stacktrace:
UnknownError: An unknown server-side error occurred while processing the command. Original error: Could not proxy command to the remote server. Original error: socket hang up
    at UIA2Proxy.command (/usr/lib/node_modules/appium/node_modules/@appium/base-driver/lib/jsonwp-proxy/proxy.js:353:13)
    at processTicksAndRejections (node:internal/process/task_queues:105:5)
    at AndroidUiautomator2Driver.doFindElementOrEls (/home/androidusr/.appium/node_modules/appium-uiautomator2-driver/lib/commands/find.js:40:5)
    at doFind (/home/androidusr/.appium/node_modules/appium-uiautomator2-driver/node_modules/appium-android-driver/lib/commands/find.ts:47:17)
    at wrappedCondFn (/usr/lib/node_modules/appium/node_modules/@appium/base-driver/lib/basedriver/commands/timeout.ts:141:14)
    at spin (/usr/lib/node_modules/appium/node_modules/asyncbox/lib/asyncbox.js:219:20)
    at waitForCondition (/usr/lib/node_modules/appium/node_modules/asyncbox/lib/asyncbox.js:236:10)
    at AndroidUiautomator2Driver.implicitWaitForCondition (/usr/lib/node_modules/appium/node_modules/@appium/base-driver/lib/basedriver/commands/timeout.ts:143:12)
    at AndroidUiautomator2Driver.findElOrEls (/home/androidusr/.appium/node_modules/appium-uiautomator2-driver/node_modules/appium-android-driver/lib/commands/find.ts:70:5)
    at AndroidUiautomator2Driver.findElOrElsWithProcessing (/usr/lib/node_modules/appium/node_modules/@appium/base-driver/lib/basedriver/commands/find.ts:60:12)
    at AndroidUiautomator2Driver.findElements (/usr/lib/node_modules/appium/node_modules/@appium/base-driver/lib/basedriver/commands/find.ts:79:12)</msg>
<var>${resultat}</var>
<arg>${driver}</arg>
<arg>YouTube</arg>
<status status="FAIL" start="2025-03-26T11:09:35.424473" elapsed="7.964282">WebDriverException: Message: An unknown server-side error occurred while processing the command. Original error: Could not proxy command to the remote server. Original error: socket hang up
Stacktrace:
UnknownError: An unknown server-side error occurred while processing the command. Original error: Could not proxy command to the remote server. Original error: socket hang up
    at UIA2Proxy.command (/usr/lib/node_modules/appium/node_modules/@appium/base-driver/lib/jsonwp-proxy/proxy.js:353:13)
    at processTicksAndRejections (node:internal/process/task_queues:105:5)
    at AndroidUiautomator2Driver.doFindElementOrEls (/home/androidusr/.appium/node_modules/appium-uiautomator2-driver/lib/commands/find.js:40:5)
    at doFind (/home/androidusr/.appium/node_modules/appium-uiautomator2-driver/node_modules/appium-android-driver/lib/commands/find.ts:47:17)
    at wrappedCondFn (/usr/lib/node_modules/appium/node_modules/@appium/base-driver/lib/basedriver/commands/timeout.ts:141:14)
    at spin (/usr/lib/node_modules/appium/node_modules/asyncbox/lib/asyncbox.js:219:20)
    at waitForCondition (/usr/lib/node_modules/appium/node_modules/asyncbox/lib/asyncbox.js:236:10)
    at AndroidUiautomator2Driver.implicitWaitForCondition (/usr/lib/node_modules/appium/node_modules/@appium/base-driver/lib/basedriver/commands/timeout.ts:143:12)
    at AndroidUiautomator2Driver.findElOrEls (/home/androidusr/.appium/node_modules/appium-uiautomator2-driver/node_modules/appium-android-driver/lib/commands/find.ts:70:5)
    at AndroidUiautomator2Driver.findElOrElsWithProcessing (/usr/lib/node_modules/appium/node_modules/@appium/base-driver/lib/basedriver/commands/find.ts:60:12)
    at AndroidUiautomator2Driver.findElements (/usr/lib/node_modules/appium/node_modules/@appium/base-driver/lib/basedriver/commands/find.ts:79:12)</status>
</kw>
<kw name="Should Be True" owner="BuiltIn">
<arg>${resultat}</arg>
<arg>L'activité YouTube n'est pas trouvée.</arg>
<doc>Fails if the given condition is not true.</doc>
<status status="NOT RUN" start="2025-03-26T11:09:43.388959" elapsed="0.000027"/>
</kw>
<kw name="Print Activity2" owner="Integration">
<var>${Activity}</var>
<arg>${driver}</arg>
<doc>Retourne l'activité complète sous la forme 'com.android.car.messenger/.ui.launcher.MessageLauncherActivity'.</doc>
<status status="NOT RUN" start="2025-03-26T11:09:43.389066" elapsed="0.000017"/>
</kw>
<kw name="Sleep" owner="BuiltIn">
<arg>5s</arg>
<doc>Pauses the test executed for the given time.</doc>
<status status="NOT RUN" start="2025-03-26T11:09:43.389147" elapsed="0.000013"/>
</kw>
<kw name="Log" owner="BuiltIn">
<arg>${Activity}</arg>
<doc>Logs the given message with the given level.</doc>
<status status="NOT RUN" start="2025-03-26T11:09:43.389246" elapsed="0.000025"/>
</kw>
<kw name="Check Element Exists By Id" owner="Integration">
<var>${is_element_present}</var>
<arg>${driver}</arg>
<arg>com.google.android.apps.automotive.youtube:id/decor_content_parent</arg>
<doc>Vérifie si un élément existe en utilisant son ID.</doc>
<status status="NOT RUN" start="2025-03-26T11:09:43.389378" elapsed="0.000018"/>
</kw>
<kw name="Should Be True" owner="BuiltIn">
<arg>${is_element_present}</arg>
<arg>L'élément YouTube n'est pas affiché.</arg>
<doc>Fails if the given condition is not true.</doc>
<status status="NOT RUN" start="2025-03-26T11:09:43.389491" elapsed="0.000018"/>
</kw>
<doc>Ce test vérifie si l'application YouTube peut être ouverte et si son activité est correctement lancée sur l'appareil Android.</doc>
<status status="FAIL" start="2025-03-26T11:09:14.484457" elapsed="28.905257">WebDriverException: Message: An unknown server-side error occurred while processing the command. Original error: Could not proxy command to the remote server. Original error: socket hang up
Stacktrace:
UnknownError: An unknown server-side error occurred while processing the command. Original error: Could not proxy command to the remote server. Original error: socket hang up
    at UIA2Proxy.command (/usr/lib/node_modules/appium/node_modules/@appium/base-driver/lib/jsonwp-proxy/proxy.js:353:13)
    at processTicksAndRejections (node:internal/process/task_queues:105:5)
    at AndroidUiautomator2Driver.doFindElementOrEls (/home/androidusr/.appium/node_modules/appium-uiautomator2-driver/lib/commands/find.js:40:5)
    at doFind (/home/androidusr/.appium/node_modules/appium-uiautomator2-driver/node_modules/appium-android-driver/lib/commands/find.ts:47:17)
    at wrappedCondFn (/usr/lib/node_modules/appium/node_modules/@appium/base-driver/lib/basedriver/commands/timeout.ts:141:14)
    at spin (/usr/lib/node_modules/appium/node_modules/asyncbox/lib/asyncbox.js:219:20)
    at waitForCondition (/usr/lib/node_modules/appium/node_modules/asyncbox/lib/asyncbox.js:236:10)
    at AndroidUiautomator2Driver.implicitWaitForCondition (/usr/lib/node_modules/appium/node_modules/@appium/base-driver/lib/basedriver/commands/timeout.ts:143:12)
    at AndroidUiautomator2Driver.findElOrEls (/home/androidusr/.appium/node_modules/appium-uiautomator2-driver/node_modules/appium-android-driver/lib/commands/find.ts:70:5)
    at AndroidUiautomator2Driver.findElOrElsWithProcessing (/usr/lib/node_modules/appium/node_modules/@appium/base-driver/lib/basedriver/commands/find.ts:60:12)
    at AndroidUiautomator2Driver.findElements (/usr/lib/node_modules/appium/node_modules/@appium/base-driver/lib/basedriver/commands/find.ts:79:12)</status>
</test>
<test id="s1-t3" name="Test Modifier Languages" line="39">
<kw name="Setup Driver" owner="Integration">
<msg time="2025-03-26T11:10:03.183057" level="FAIL">WebDriverException: Message: An unknown server-side error occurred while processing the command. Original error: Could not proxy command to the remote server. Original error: socket hang up
Stacktrace:
UnknownError: An unknown server-side error occurred while processing the command. Original error: Could not proxy command to the remote server. Original error: socket hang up
    at UIA2Proxy.command (/usr/lib/node_modules/appium/node_modules/@appium/base-driver/lib/jsonwp-proxy/proxy.js:353:13)
    at processTicksAndRejections (node:internal/process/task_queues:105:5)
    at UiAutomator2Server.startSession (/home/androidusr/.appium/node_modules/appium-uiautomator2-driver/lib/uiautomator2.js:316:5)
    at AndroidUiautomator2Driver.performSessionExecution (/home/androidusr/.appium/node_modules/appium-uiautomator2-driver/lib/driver.ts:611:5)
    at AndroidUiautomator2Driver.startUiAutomator2Session (/home/androidusr/.appium/node_modules/appium-uiautomator2-driver/lib/driver.ts:676:5)
    at AndroidUiautomator2Driver.createSession (/home/androidusr/.appium/node_modules/appium-uiautomator2-driver/lib/driver.ts:400:22)
    at AppiumDriver.createSession (/usr/lib/node_modules/appium/lib/appium.js:392:35)</msg>
<var>${driver}</var>
<arg>${Device}</arg>
<doc>Initialise et retourne le driver Appium.</doc>
<status status="FAIL" start="2025-03-26T11:09:43.390435" elapsed="19.794743">WebDriverException: Message: An unknown server-side error occurred while processing the command. Original error: Could not proxy command to the remote server. Original error: socket hang up
Stacktrace:
UnknownError: An unknown server-side error occurred while processing the command. Original error: Could not proxy command to the remote server. Original error: socket hang up
    at UIA2Proxy.command (/usr/lib/node_modules/appium/node_modules/@appium/base-driver/lib/jsonwp-proxy/proxy.js:353:13)
    at processTicksAndRejections (node:internal/process/task_queues:105:5)
    at UiAutomator2Server.startSession (/home/androidusr/.appium/node_modules/appium-uiautomator2-driver/lib/uiautomator2.js:316:5)
    at AndroidUiautomator2Driver.performSessionExecution (/home/androidusr/.appium/node_modules/appium-uiautomator2-driver/lib/driver.ts:611:5)
    at AndroidUiautomator2Driver.startUiAutomator2Session (/home/androidusr/.appium/node_modules/appium-uiautomator2-driver/lib/driver.ts:676:5)
    at AndroidUiautomator2Driver.createSession (/home/androidusr/.appium/node_modules/appium-uiautomator2-driver/lib/driver.ts:400:22)
    at AppiumDriver.createSession (/usr/lib/node_modules/appium/lib/appium.js:392:35)</status>
</kw>
<kw name="Get System Language" owner="Integration">
<var>${lang}</var>
<arg>${Device}</arg>
<status status="NOT RUN" start="2025-03-26T11:10:03.185364" elapsed="0.000025"/>
</kw>
<if>
<branch type="IF" condition="'${lang}' == 'fr'">
<kw name="Set Variable" owner="BuiltIn">
<var>${System}</var>
<arg>Système</arg>
<doc>Returns the given values which can then be assigned to a variables.</doc>
<status status="NOT RUN" start="2025-03-26T11:10:03.185577" elapsed="0.000014"/>
</kw>
<kw name="Set Variable" owner="BuiltIn">
<var>${Setting}</var>
<arg>Paramètres</arg>
<doc>Returns the given values which can then be assigned to a variables.</doc>
<status status="NOT RUN" start="2025-03-26T11:10:03.185678" elapsed="0.000017"/>
</kw>
<kw name="Set Variable" owner="BuiltIn">
<var>${Langue1}</var>
<arg>Langues et saisie</arg>
<doc>Returns the given values which can then be assigned to a variables.</doc>
<status status="NOT RUN" start="2025-03-26T11:10:03.185761" elapsed="0.000013"/>
</kw>
<kw name="Set Variable" owner="BuiltIn">
<var>${Langue2}</var>
<arg>Langues</arg>
<doc>Returns the given values which can then be assigned to a variables.</doc>
<status status="NOT RUN" start="2025-03-26T11:10:03.185834" elapsed="0.000011"/>
</kw>
<status status="NOT RUN" start="2025-03-26T11:10:03.185484" elapsed="0.000383"/>
</branch>
<branch type="ELSE">
<kw name="Set Variable" owner="BuiltIn">
<var>${System}</var>
<arg>System</arg>
<doc>Returns the given values which can then be assigned to a variables.</doc>
<status status="NOT RUN" start="2025-03-26T11:10:03.185957" elapsed="0.000013"/>
</kw>
<kw name="Set Variable" owner="BuiltIn">
<var>${Setting}</var>
<arg>Settings</arg>
<doc>Returns the given values which can then be assigned to a variables.</doc>
<status status="NOT RUN" start="2025-03-26T11:10:03.186031" elapsed="0.000012"/>
</kw>
<kw name="Set Variable" owner="BuiltIn">
<var>${Langue1}</var>
<arg>Languages &amp; input</arg>
<doc>Returns the given values which can then be assigned to a variables.</doc>
<status status="NOT RUN" start="2025-03-26T11:10:03.186097" elapsed="0.000012"/>
</kw>
<kw name="Set Variable" owner="BuiltIn">
<var>${Langue2}</var>
<arg>Languages</arg>
<doc>Returns the given values which can then be assigned to a variables.</doc>
<status status="NOT RUN" start="2025-03-26T11:10:03.186162" elapsed="0.000022"/>
</kw>
<status status="NOT RUN" start="2025-03-26T11:10:03.185893" elapsed="0.000311"/>
</branch>
<status status="NOT RUN" start="2025-03-26T11:10:03.185452" elapsed="0.000769"/>
</if>
<kw name="Revenir A La Home Page" owner="Integration">
<arg>${driver}</arg>
<status status="NOT RUN" start="2025-03-26T11:10:03.186284" elapsed="0.000012"/>
</kw>
<kw name="Open Application With Click" owner="Integration">
<var>${resultat}</var>
<arg>${driver}</arg>
<arg>${Setting}</arg>
<status status="NOT RUN" start="2025-03-26T11:10:03.186356" elapsed="0.000015"/>
</kw>
<kw name="Sleep" owner="BuiltIn">
<arg>1s</arg>
<doc>Pauses the test executed for the given time.</doc>
<status status="NOT RUN" start="2025-03-26T11:10:03.186434" elapsed="0.000014"/>
</kw>
<kw name="Check Element Exists By Id" owner="Integration">
<var>${Verfier}</var>
<arg>${driver}</arg>
<arg>${Setting_xpath_id}</arg>
<doc>Vérifie si un élément existe en utilisant son ID.</doc>
<status status="NOT RUN" start="2025-03-26T11:10:03.186505" elapsed="0.000012"/>
</kw>
<kw name="Should Be True" owner="BuiltIn">
<arg>${Verfier}</arg>
<arg>Settings n'est pas affiché.</arg>
<doc>Fails if the given condition is not true.</doc>
<status status="NOT RUN" start="2025-03-26T11:10:03.186587" elapsed="0.000016"/>
</kw>
<kw name="Clique Sur Setting" owner="Integration">
<arg>${driver}</arg>
<arg>${System}</arg>
<arg>${Setting_menu}</arg>
<status status="NOT RUN" start="2025-03-26T11:10:03.186703" elapsed="0.000021"/>
</kw>
<kw name="Clique Sur Setting" owner="Integration">
<arg>${driver}</arg>
<arg>${Langue1}</arg>
<arg>${Setting_system}</arg>
<status status="NOT RUN" start="2025-03-26T11:10:03.186802" elapsed="0.000017"/>
</kw>
<kw name="Clique Sur Setting" owner="Integration">
<arg>${driver}</arg>
<arg>${Langue2}</arg>
<arg>${Setting_system}</arg>
<status status="NOT RUN" start="2025-03-26T11:10:03.186899" elapsed="0.000019"/>
</kw>
<kw name="Clique Sur Setting" owner="Integration">
<arg>${driver}</arg>
<arg>English</arg>
<arg>${Setting_system}</arg>
<status status="NOT RUN" start="2025-03-26T11:10:03.186989" elapsed="0.000013"/>
</kw>
<kw name="Clique Sur Setting" owner="Integration">
<arg>${driver}</arg>
<arg>English (United States)</arg>
<arg>${Setting_system}</arg>
<status status="NOT RUN" start="2025-03-26T11:10:03.187061" elapsed="0.000012"/>
</kw>
<kw name="Sleep" owner="BuiltIn">
<arg>4s</arg>
<doc>Pauses the test executed for the given time.</doc>
<status status="NOT RUN" start="2025-03-26T11:10:03.187141" elapsed="0.000014"/>
</kw>
<kw name="Check Language Change" owner="Integration">
<var>${verfieadb}</var>
<arg>${Device}</arg>
<arg>en-US</arg>
<status status="NOT RUN" start="2025-03-26T11:10:03.187211" elapsed="0.000012"/>
</kw>
<kw name="Should Be True" owner="BuiltIn">
<arg>${verfieadb}</arg>
<arg>Modifier Languages ne s'active pas (via adb).</arg>
<doc>Fails if the given condition is not true.</doc>
<status status="NOT RUN" start="2025-03-26T11:10:03.187278" elapsed="0.000011"/>
</kw>
<kw name="Get System Language" owner="Integration">
<var>${lang}</var>
<arg>${Device}</arg>
<status status="NOT RUN" start="2025-03-26T11:10:03.187345" elapsed="0.000010"/>
</kw>
<if>
<branch type="IF" condition="'${lang}' == 'fr'">
<kw name="Set Variable" owner="BuiltIn">
<var>${System}</var>
<arg>Système</arg>
<doc>Returns the given values which can then be assigned to a variables.</doc>
<status status="NOT RUN" start="2025-03-26T11:10:03.187484" elapsed="0.000013"/>
</kw>
<kw name="Set Variable" owner="BuiltIn">
<var>${Setting}</var>
<arg>Paramètres</arg>
<doc>Returns the given values which can then be assigned to a variables.</doc>
<status status="NOT RUN" start="2025-03-26T11:10:03.187559" elapsed="0.000013"/>
</kw>
<kw name="Set Variable" owner="BuiltIn">
<var>${Langue1}</var>
<arg>Langues et saisie</arg>
<doc>Returns the given values which can then be assigned to a variables.</doc>
<status status="NOT RUN" start="2025-03-26T11:10:03.187654" elapsed="0.000019"/>
</kw>
<kw name="Set Variable" owner="BuiltIn">
<var>${Langue2}</var>
<arg>Langues</arg>
<doc>Returns the given values which can then be assigned to a variables.</doc>
<status status="NOT RUN" start="2025-03-26T11:10:03.187746" elapsed="0.000019"/>
</kw>
<status status="NOT RUN" start="2025-03-26T11:10:03.187414" elapsed="0.000371"/>
</branch>
<branch type="ELSE">
<kw name="Set Variable" owner="BuiltIn">
<var>${System}</var>
<arg>System</arg>
<doc>Returns the given values which can then be assigned to a variables.</doc>
<status status="NOT RUN" start="2025-03-26T11:10:03.187881" elapsed="0.000013"/>
</kw>
<kw name="Set Variable" owner="BuiltIn">
<var>${Setting}</var>
<arg>Settings</arg>
<doc>Returns the given values which can then be assigned to a variables.</doc>
<status status="NOT RUN" start="2025-03-26T11:10:03.188385" elapsed="0.000032"/>
</kw>
<kw name="Set Variable" owner="BuiltIn">
<var>${Langue1}</var>
<arg>Languages &amp; input</arg>
<doc>Returns the given values which can then be assigned to a variables.</doc>
<status status="NOT RUN" start="2025-03-26T11:10:03.188501" elapsed="0.000015"/>
</kw>
<kw name="Set Variable" owner="BuiltIn">
<var>${Langue2}</var>
<arg>Languages</arg>
<doc>Returns the given values which can then be assigned to a variables.</doc>
<status status="NOT RUN" start="2025-03-26T11:10:03.188581" elapsed="0.000018"/>
</kw>
<status status="NOT RUN" start="2025-03-26T11:10:03.187806" elapsed="0.000870"/>
</branch>
<status status="NOT RUN" start="2025-03-26T11:10:03.187396" elapsed="0.001328"/>
</if>
<kw name="Revenir A La Home Page" owner="Integration">
<arg>${driver}</arg>
<status status="NOT RUN" start="2025-03-26T11:10:03.188826" elapsed="0.000018"/>
</kw>
<kw name="Open Application With Click" owner="Integration">
<var>${resultat}</var>
<arg>${driver}</arg>
<arg>${Setting}</arg>
<status status="NOT RUN" start="2025-03-26T11:10:03.188917" elapsed="0.000014"/>
</kw>
<kw name="Sleep" owner="BuiltIn">
<arg>1s</arg>
<doc>Pauses the test executed for the given time.</doc>
<status status="NOT RUN" start="2025-03-26T11:10:03.188987" elapsed="0.000012"/>
</kw>
<kw name="Check Element Exists By Id" owner="Integration">
<var>${Verfier}</var>
<arg>${driver}</arg>
<arg>${Setting_xpath_id}</arg>
<doc>Vérifie si un élément existe en utilisant son ID.</doc>
<status status="NOT RUN" start="2025-03-26T11:10:03.189051" elapsed="0.000011"/>
</kw>
<kw name="Should Be True" owner="BuiltIn">
<arg>${Verfier}</arg>
<arg>Settings n'est pas affiché.</arg>
<doc>Fails if the given condition is not true.</doc>
<status status="NOT RUN" start="2025-03-26T11:10:03.189116" elapsed="0.000011"/>
</kw>
<kw name="Clique Sur Setting" owner="Integration">
<arg>${driver}</arg>
<arg>${System}</arg>
<arg>${Setting_menu}</arg>
<status status="NOT RUN" start="2025-03-26T11:10:03.189187" elapsed="0.000013"/>
</kw>
<kw name="Clique Sur Setting" owner="Integration">
<arg>${driver}</arg>
<arg>${Langue1}</arg>
<arg>${Setting_system}</arg>
<status status="NOT RUN" start="2025-03-26T11:10:03.189256" elapsed="0.000011"/>
</kw>
<kw name="Clique Sur Setting" owner="Integration">
<arg>${driver}</arg>
<arg>${Langue2}</arg>
<arg>${Setting_system}</arg>
<status status="NOT RUN" start="2025-03-26T11:10:03.189316" elapsed="0.000010"/>
</kw>
<kw name="Clique Sur Setting" owner="Integration">
<arg>${driver}</arg>
<arg>Français</arg>
<arg>${Setting_system}</arg>
<status status="NOT RUN" start="2025-03-26T11:10:03.189374" elapsed="0.000009"/>
</kw>
<kw name="Clique Sur Setting" owner="Integration">
<arg>${driver}</arg>
<arg>Français (France)</arg>
<arg>${Setting_system}</arg>
<status status="NOT RUN" start="2025-03-26T11:10:03.189429" elapsed="0.000011"/>
</kw>
<kw name="Sleep" owner="BuiltIn">
<arg>4s</arg>
<doc>Pauses the test executed for the given time.</doc>
<status status="NOT RUN" start="2025-03-26T11:10:03.189489" elapsed="0.000011"/>
</kw>
<kw name="Check Language Change" owner="Integration">
<var>${verfieadb}</var>
<arg>${Device}</arg>
<arg>fr-FR</arg>
<status status="NOT RUN" start="2025-03-26T11:10:03.189547" elapsed="0.000011"/>
</kw>
<kw name="Should Be True" owner="BuiltIn">
<arg>${verfieadb}</arg>
<arg>Modifier Languages ne s'active pas (via adb).</arg>
<doc>Fails if the given condition is not true.</doc>
<status status="NOT RUN" start="2025-03-26T11:10:03.189607" elapsed="0.000011"/>
</kw>
<doc>Ce test vérifie si la modification de la langue du système fonctionne correctement sur l'appareil, en fonction de la langue actuelle de l'appareil.</doc>
<status status="FAIL" start="2025-03-26T11:09:43.389983" elapsed="19.799803">WebDriverException: Message: An unknown server-side error occurred while processing the command. Original error: Could not proxy command to the remote server. Original error: socket hang up
Stacktrace:
UnknownError: An unknown server-side error occurred while processing the command. Original error: Could not proxy command to the remote server. Original error: socket hang up
    at UIA2Proxy.command (/usr/lib/node_modules/appium/node_modules/@appium/base-driver/lib/jsonwp-proxy/proxy.js:353:13)
    at processTicksAndRejections (node:internal/process/task_queues:105:5)
    at UiAutomator2Server.startSession (/home/androidusr/.appium/node_modules/appium-uiautomator2-driver/lib/uiautomator2.js:316:5)
    at AndroidUiautomator2Driver.performSessionExecution (/home/androidusr/.appium/node_modules/appium-uiautomator2-driver/lib/driver.ts:611:5)
    at AndroidUiautomator2Driver.startUiAutomator2Session (/home/androidusr/.appium/node_modules/appium-uiautomator2-driver/lib/driver.ts:676:5)
    at AndroidUiautomator2Driver.createSession (/home/androidusr/.appium/node_modules/appium-uiautomator2-driver/lib/driver.ts:400:22)
    at AppiumDriver.createSession (/usr/lib/node_modules/appium/lib/appium.js:392:35)</status>
</test>
<test id="s1-t4" name="Test Notification Réception" line="98">
<kw name="Setup Driver" owner="Integration">
<msg time="2025-03-26T11:10:16.419985" level="FAIL">WebDriverException: Message: An unknown server-side error occurred while processing the command. Original error: The instrumentation process cannot be initialized. Make sure the application under test does not crash and investigate the logcat output.
Stacktrace:
UnknownError: An unknown server-side error occurred while processing the command. Original error: The instrumentation process cannot be initialized. Make sure the application under test does not crash and investigate the logcat output.
    at getResponseForW3CError (/usr/lib/node_modules/appium/node_modules/@appium/base-driver/lib/protocol/errors.js:1143:9)
    at asyncHandler (/usr/lib/node_modules/appium/node_modules/@appium/base-driver/lib/protocol/protocol.js:487:57)</msg>
<var>${driver}</var>
<arg>${Device}</arg>
<doc>Initialise et retourne le driver Appium.</doc>
<status status="FAIL" start="2025-03-26T11:10:03.190840" elapsed="13.230942">WebDriverException: Message: An unknown server-side error occurred while processing the command. Original error: The instrumentation process cannot be initialized. Make sure the application under test does not crash and investigate the logcat output.
Stacktrace:
UnknownError: An unknown server-side error occurred while processing the command. Original error: The instrumentation process cannot be initialized. Make sure the application under test does not crash and investigate the logcat output.
    at getResponseForW3CError (/usr/lib/node_modules/appium/node_modules/@appium/base-driver/lib/protocol/errors.js:1143:9)
    at asyncHandler (/usr/lib/node_modules/appium/node_modules/@appium/base-driver/lib/protocol/protocol.js:487:57)</status>
</kw>
<kw name="Install Apk" owner="Integration">
<arg>${driver}</arg>
<arg>automotive-Notification_Test.apk</arg>
<doc>Installe un fichier APK sur un appareil Android via ADB.</doc>
<status status="NOT RUN" start="2025-03-26T11:10:16.421967" elapsed="0.000023"/>
</kw>
<kw name="Is App Installed" owner="Integration">
<var>${isIns}</var>
<arg>${driver}</arg>
<arg>actia.pfe25.testnotificationapk</arg>
<doc>Vérifie si une application est installée sur l'appareil via ADB.</doc>
<status status="NOT RUN" start="2025-03-26T11:10:16.422055" elapsed="0.000013"/>
</kw>
<kw name="Log" owner="BuiltIn">
<arg>${isIns}</arg>
<doc>Logs the given message with the given level.</doc>
<status status="NOT RUN" start="2025-03-26T11:10:16.422134" elapsed="0.000012"/>
</kw>
<kw name="Get System Language" owner="Integration">
<var>${lang}</var>
<arg>${Device}</arg>
<status status="NOT RUN" start="2025-03-26T11:10:16.422199" elapsed="0.000011"/>
</kw>
<if>
<branch type="IF" condition="'${lang}' == 'fr'">
<kw name="Set Variable" owner="BuiltIn">
<var>${System}</var>
<arg>Système</arg>
<doc>Returns the given values which can then be assigned to a variables.</doc>
<status status="NOT RUN" start="2025-03-26T11:10:16.422612" elapsed="0.000031"/>
</kw>
<kw name="Set Variable" owner="BuiltIn">
<var>${Setting}</var>
<arg>Paramètres</arg>
<doc>Returns the given values which can then be assigned to a variables.</doc>
<status status="NOT RUN" start="2025-03-26T11:10:16.422718" elapsed="0.000013"/>
</kw>
<kw name="Set Variable" owner="BuiltIn">
<var>${Noti}</var>
<arg>Notifications</arg>
<doc>Returns the given values which can then be assigned to a variables.</doc>
<status status="NOT RUN" start="2025-03-26T11:10:16.422785" elapsed="0.000011"/>
</kw>
<status status="NOT RUN" start="2025-03-26T11:10:16.422270" elapsed="0.000546"/>
</branch>
<branch type="ELSE">
<kw name="Set Variable" owner="BuiltIn">
<var>${System}</var>
<arg>System</arg>
<doc>Returns the given values which can then be assigned to a variables.</doc>
<status status="NOT RUN" start="2025-03-26T11:10:16.422925" elapsed="0.000012"/>
</kw>
<kw name="Set Variable" owner="BuiltIn">
<var>${Setting}</var>
<arg>Settings</arg>
<doc>Returns the given values which can then be assigned to a variables.</doc>
<status status="NOT RUN" start="2025-03-26T11:10:16.422990" elapsed="0.000010"/>
</kw>
<kw name="Set Variable" owner="BuiltIn">
<var>${Noti}</var>
<arg>Notifications</arg>
<doc>Returns the given values which can then be assigned to a variables.</doc>
<status status="NOT RUN" start="2025-03-26T11:10:16.423047" elapsed="0.000010"/>
</kw>
<status status="NOT RUN" start="2025-03-26T11:10:16.422861" elapsed="0.000214"/>
</branch>
<status status="NOT RUN" start="2025-03-26T11:10:16.422249" elapsed="0.000840"/>
</if>
<kw name="Open Application With Click" owner="Integration">
<var>${resultat}</var>
<arg>${driver}</arg>
<arg>${Setting}</arg>
<status status="NOT RUN" start="2025-03-26T11:10:16.423146" elapsed="0.000012"/>
</kw>
<kw name="Sleep" owner="BuiltIn">
<arg>1s</arg>
<doc>Pauses the test executed for the given time.</doc>
<status status="NOT RUN" start="2025-03-26T11:10:16.423211" elapsed="0.000011"/>
</kw>
<kw name="Check Element Exists By Id" owner="Integration">
<var>${Verfier}</var>
<arg>${driver}</arg>
<arg>${Setting_xpath_id}</arg>
<doc>Vérifie si un élément existe en utilisant son ID.</doc>
<status status="NOT RUN" start="2025-03-26T11:10:16.423273" elapsed="0.000011"/>
</kw>
<kw name="Should Be True" owner="BuiltIn">
<arg>${Verfier}</arg>
<arg>Settings n'est pas affiché.</arg>
<doc>Fails if the given condition is not true.</doc>
<status status="NOT RUN" start="2025-03-26T11:10:16.423337" elapsed="0.000072"/>
</kw>
<kw name="Clique Sur Setting" owner="Integration">
<arg>${driver}</arg>
<arg>${Noti}</arg>
<arg>${Setting_menu}</arg>
<status status="NOT RUN" start="2025-03-26T11:10:16.423560" elapsed="0.000027"/>
</kw>
<kw name="Clique Sur Setting" owner="Integration">
<arg>${driver}</arg>
<arg>TestNotificationapk</arg>
<arg>${Setting_system}</arg>
<status status="NOT RUN" start="2025-03-26T11:10:16.423721" elapsed="0.000027"/>
</kw>
<kw name="Activer Notification Si Desactive" owner="Integration">
<arg>${driver}</arg>
<arg>android:id/switch_widget</arg>
<status status="NOT RUN" start="2025-03-26T11:10:16.423825" elapsed="0.000015"/>
</kw>
<kw name="Open Application With Click" owner="Integration">
<var>${resultat}</var>
<arg>${driver}</arg>
<arg>TestNotificationapk</arg>
<status status="NOT RUN" start="2025-03-26T11:10:16.423920" elapsed="0.000015"/>
</kw>
<kw name="Click Element By Text Att" owner="Integration">
<arg>${driver}</arg>
<arg>ENVOYER NOTIFICATION</arg>
<status status="NOT RUN" start="2025-03-26T11:10:16.423993" elapsed="0.000012"/>
</kw>
<kw name="Sleep" owner="BuiltIn">
<arg>2</arg>
<doc>Pauses the test executed for the given time.</doc>
<status status="NOT RUN" start="2025-03-26T11:10:16.424060" elapsed="0.000012"/>
</kw>
<kw name="Afficher Notification" owner="Integration">
<arg>${driver}</arg>
<status status="NOT RUN" start="2025-03-26T11:10:16.424121" elapsed="0.000011"/>
</kw>
<kw name="Sleep" owner="BuiltIn">
<arg>2s</arg>
<doc>Pauses the test executed for the given time.</doc>
<status status="NOT RUN" start="2025-03-26T11:10:16.424177" elapsed="0.000010"/>
</kw>
<kw name="Check Element Exists By Id" owner="Integration">
<var>${Verfier}</var>
<arg>${driver}</arg>
<arg>com.android.systemui:id/notifications</arg>
<doc>Vérifie si un élément existe en utilisant son ID.</doc>
<status status="NOT RUN" start="2025-03-26T11:10:16.424238" elapsed="0.000010"/>
</kw>
<kw name="Should Be True" owner="BuiltIn">
<arg>${Verfier}</arg>
<arg>Notification n'est pas affiché.</arg>
<doc>Fails if the given condition is not true.</doc>
<status status="NOT RUN" start="2025-03-26T11:10:16.424301" elapsed="0.000011"/>
</kw>
<kw name="Check Element Exists By Text" owner="Integration">
<var>${VerfierNotif}</var>
<arg>${driver}</arg>
<arg>Bouton appuyé !</arg>
<doc>Vérifie si un élément contenant le texte spécifié existe sur la page.</doc>
<status status="NOT RUN" start="2025-03-26T11:10:16.424362" elapsed="0.000010"/>
</kw>
<doc>Ce test vérifie la réception d'une notification après l'activation des paramètres nécessaires et l'envoi de la notification depuis une application tierce.</doc>
<status status="FAIL" start="2025-03-26T11:10:03.189967" elapsed="13.234583">WebDriverException: Message: An unknown server-side error occurred while processing the command. Original error: The instrumentation process cannot be initialized. Make sure the application under test does not crash and investigate the logcat output.
Stacktrace:
UnknownError: An unknown server-side error occurred while processing the command. Original error: The instrumentation process cannot be initialized. Make sure the application under test does not crash and investigate the logcat output.
    at getResponseForW3CError (/usr/lib/node_modules/appium/node_modules/@appium/base-driver/lib/protocol/errors.js:1143:9)
    at asyncHandler (/usr/lib/node_modules/appium/node_modules/@appium/base-driver/lib/protocol/protocol.js:487:57)</status>
</test>
<test id="s1-t5" name="Test Notification Supprimer" line="134">
<kw name="Setup Driver" owner="Integration">
<msg time="2025-03-26T11:10:55.141944" level="FAIL">WebDriverException: Message: An unknown server-side error occurred while processing the command. Original error: The instrumentation process cannot be initialized within 30000ms timeout. Make sure the application under test does not crash and investigate the logcat output. You could also try to increase the value of 'uiautomator2ServerLaunchTimeout' capability
Stacktrace:
UnknownError: An unknown server-side error occurred while processing the command. Original error: The instrumentation process cannot be initialized within 30000ms timeout. Make sure the application under test does not crash and investigate the logcat output. You could also try to increase the value of 'uiautomator2ServerLaunchTimeout' capability
    at getResponseForW3CError (/usr/lib/node_modules/appium/node_modules/@appium/base-driver/lib/protocol/errors.js:1143:9)
    at asyncHandler (/usr/lib/node_modules/appium/node_modules/@appium/base-driver/lib/protocol/protocol.js:487:57)</msg>
<var>${driver}</var>
<arg>${Device}</arg>
<doc>Initialise et retourne le driver Appium.</doc>
<status status="FAIL" start="2025-03-26T11:10:16.424962" elapsed="38.718844">WebDriverException: Message: An unknown server-side error occurred while processing the command. Original error: The instrumentation process cannot be initialized within 30000ms timeout. Make sure the application under test does not crash and investigate the logcat output. You could also try to increase the value of 'uiautomator2ServerLaunchTimeout' capability
Stacktrace:
UnknownError: An unknown server-side error occurred while processing the command. Original error: The instrumentation process cannot be initialized within 30000ms timeout. Make sure the application under test does not crash and investigate the logcat output. You could also try to increase the value of 'uiautomator2ServerLaunchTimeout' capability
    at getResponseForW3CError (/usr/lib/node_modules/appium/node_modules/@appium/base-driver/lib/protocol/errors.js:1143:9)
    at asyncHandler (/usr/lib/node_modules/appium/node_modules/@appium/base-driver/lib/protocol/protocol.js:487:57)</status>
</kw>
<kw name="Get System Language" owner="Integration">
<var>${lang}</var>
<arg>${Device}</arg>
<status status="NOT RUN" start="2025-03-26T11:10:55.144294" elapsed="0.000036"/>
</kw>
<if>
<branch type="IF" condition="'${lang}' == 'fr'">
<kw name="Set Variable" owner="BuiltIn">
<var>${System}</var>
<arg>Système</arg>
<doc>Returns the given values which can then be assigned to a variables.</doc>
<status status="NOT RUN" start="2025-03-26T11:10:55.144490" elapsed="0.000013"/>
</kw>
<kw name="Set Variable" owner="BuiltIn">
<var>${Setting}</var>
<arg>Paramètres</arg>
<doc>Returns the given values which can then be assigned to a variables.</doc>
<status status="NOT RUN" start="2025-03-26T11:10:55.144563" elapsed="0.000012"/>
</kw>
<kw name="Set Variable" owner="BuiltIn">
<var>${Langue1}</var>
<arg>Langues et saisie</arg>
<doc>Returns the given values which can then be assigned to a variables.</doc>
<status status="NOT RUN" start="2025-03-26T11:10:55.144630" elapsed="0.000010"/>
</kw>
<kw name="Set Variable" owner="BuiltIn">
<var>${Langue2}</var>
<arg>Langues</arg>
<doc>Returns the given values which can then be assigned to a variables.</doc>
<status status="NOT RUN" start="2025-03-26T11:10:55.144693" elapsed="0.000011"/>
</kw>
<kw name="Set Variable" owner="BuiltIn">
<var>${Btn_clear}</var>
<arg>Tout effacer</arg>
<doc>Returns the given values which can then be assigned to a variables.</doc>
<status status="NOT RUN" start="2025-03-26T11:10:55.144753" elapsed="0.000027"/>
</kw>
<status status="NOT RUN" start="2025-03-26T11:10:55.144411" elapsed="0.000403"/>
</branch>
<branch type="ELSE">
<kw name="Set Variable" owner="BuiltIn">
<var>${System}</var>
<arg>System</arg>
<doc>Returns the given values which can then be assigned to a variables.</doc>
<status status="NOT RUN" start="2025-03-26T11:10:55.144914" elapsed="0.000013"/>
</kw>
<kw name="Set Variable" owner="BuiltIn">
<var>${Setting}</var>
<arg>Settings</arg>
<doc>Returns the given values which can then be assigned to a variables.</doc>
<status status="NOT RUN" start="2025-03-26T11:10:55.144980" elapsed="0.000010"/>
</kw>
<kw name="Set Variable" owner="BuiltIn">
<var>${Langue2}</var>
<arg>Languages</arg>
<doc>Returns the given values which can then be assigned to a variables.</doc>
<status status="NOT RUN" start="2025-03-26T11:10:55.145041" elapsed="0.000011"/>
</kw>
<kw name="Set Variable" owner="BuiltIn">
<var>${Btn_clear}</var>
<arg>Clear all</arg>
<doc>Returns the given values which can then be assigned to a variables.</doc>
<status status="NOT RUN" start="2025-03-26T11:10:55.145101" elapsed="0.000010"/>
</kw>
<status status="NOT RUN" start="2025-03-26T11:10:55.144847" elapsed="0.000282"/>
</branch>
<status status="NOT RUN" start="2025-03-26T11:10:55.144391" elapsed="0.000752"/>
</if>
<kw name="Afficher Notification" owner="Integration">
<arg>${driver}</arg>
<status status="NOT RUN" start="2025-03-26T11:10:55.145198" elapsed="0.000012"/>
</kw>
<kw name="Sleep" owner="BuiltIn">
<arg>2s</arg>
<doc>Pauses the test executed for the given time.</doc>
<status status="NOT RUN" start="2025-03-26T11:10:55.145260" elapsed="0.000010"/>
</kw>
<kw name="Check Element Exists By Text" owner="Integration">
<var>${VerfierNotif}</var>
<arg>${driver}</arg>
<arg>Bouton appuyé !</arg>
<doc>Vérifie si un élément contenant le texte spécifié existe sur la page.</doc>
<status status="NOT RUN" start="2025-03-26T11:10:55.145346" elapsed="0.000014"/>
</kw>
<kw name="Should Be True" owner="BuiltIn">
<arg>${VerfierNotif}</arg>
<arg>La notification n'est pas affichée.</arg>
<doc>Fails if the given condition is not true.</doc>
<status status="NOT RUN" start="2025-03-26T11:10:55.145417" elapsed="0.000011"/>
</kw>
<kw name="Sleep" owner="BuiltIn">
<arg>2s</arg>
<doc>Pauses the test executed for the given time.</doc>
<status status="NOT RUN" start="2025-03-26T11:10:55.145476" elapsed="0.000010"/>
</kw>
<kw name="Click Element By Text" owner="Integration">
<arg>${driver}</arg>
<arg>${Btn_clear}</arg>
<status status="NOT RUN" start="2025-03-26T11:10:55.145531" elapsed="0.000011"/>
</kw>
<kw name="Sleep" owner="BuiltIn">
<arg>1s</arg>
<doc>Pauses the test executed for the given time.</doc>
<status status="NOT RUN" start="2025-03-26T11:10:55.145587" elapsed="0.000009"/>
</kw>
<kw name="Check Element Exists By Text" owner="Integration">
<var>${VerfierNotif}</var>
<arg>${driver}</arg>
<arg>Bouton appuyé !</arg>
<doc>Vérifie si un élément contenant le texte spécifié existe sur la page.</doc>
<status status="NOT RUN" start="2025-03-26T11:10:55.145643" elapsed="0.000011"/>
</kw>
<kw name="Run Keyword If" owner="BuiltIn">
<arg>'${VerfierNotif}' == 'False'</arg>
<arg>Log</arg>
<arg>La notification a été supprimée correctement.</arg>
<doc>Runs the given keyword with the given arguments, if ``condition`` is true.</doc>
<status status="NOT RUN" start="2025-03-26T11:10:55.145726" elapsed="0.000012"/>
</kw>
<kw name="Run Keyword If" owner="BuiltIn">
<arg>'${VerfierNotif}' == 'True'</arg>
<arg>Fail</arg>
<arg>La notification n'a pas été supprimée correctement.</arg>
<doc>Runs the given keyword with the given arguments, if ``condition`` is true.</doc>
<status status="NOT RUN" start="2025-03-26T11:10:55.145797" elapsed="0.000011"/>
</kw>
<status status="FAIL" start="2025-03-26T11:10:16.424741" elapsed="38.721229">WebDriverException: Message: An unknown server-side error occurred while processing the command. Original error: The instrumentation process cannot be initialized within 30000ms timeout. Make sure the application under test does not crash and investigate the logcat output. You could also try to increase the value of 'uiautomator2ServerLaunchTimeout' capability
Stacktrace:
UnknownError: An unknown server-side error occurred while processing the command. Original error: The instrumentation process cannot be initialized within 30000ms timeout. Make sure the application under test does not crash and investigate the logcat output. You could also try to increase the value of 'uiautomator2ServerLaunchTimeout' capability
    at getResponseForW3CError (/usr/lib/node_modules/appium/node_modules/@appium/base-driver/lib/protocol/errors.js:1143:9)
    at asyncHandler (/usr/lib/node_modules/appium/node_modules/@appium/base-driver/lib/protocol/protocol.js:487:57)</status>
</test>
<test id="s1-t6" name="Test Disable Notification" line="172">
<kw name="Setup Driver" owner="Integration">
<msg time="2025-03-26T11:11:01.581688" level="INFO">${driver} = &lt;appium.webdriver.webdriver.WebDriver (session="2ad0b2b8-fea7-42f5-a843-2d0da927cc81")&gt;</msg>
<var>${driver}</var>
<arg>${Device}</arg>
<doc>Initialise et retourne le driver Appium.</doc>
<status status="PASS" start="2025-03-26T11:10:55.146407" elapsed="6.435326"/>
</kw>
<kw name="Get System Language" owner="Integration">
<msg time="2025-03-26T11:11:01.619242" level="INFO">${lang} = eng</msg>
<var>${lang}</var>
<arg>${Device}</arg>
<status status="PASS" start="2025-03-26T11:11:01.581890" elapsed="0.037393"/>
</kw>
<if>
<branch type="IF" condition="'${lang}' == 'fr'">
<kw name="Set Variable" owner="BuiltIn">
<var>${System}</var>
<arg>Système</arg>
<doc>Returns the given values which can then be assigned to a variables.</doc>
<status status="NOT RUN" start="2025-03-26T11:11:01.619602" elapsed="0.000046"/>
</kw>
<kw name="Set Variable" owner="BuiltIn">
<var>${Setting}</var>
<arg>Paramètres</arg>
<doc>Returns the given values which can then be assigned to a variables.</doc>
<status status="NOT RUN" start="2025-03-26T11:11:01.619727" elapsed="0.000013"/>
</kw>
<kw name="Set Variable" owner="BuiltIn">
<var>${Noti}</var>
<arg>Notifications</arg>
<doc>Returns the given values which can then be assigned to a variables.</doc>
<status status="NOT RUN" start="2025-03-26T11:11:01.619797" elapsed="0.000012"/>
</kw>
<status status="NOT RUN" start="2025-03-26T11:11:01.619388" elapsed="0.000441"/>
</branch>
<branch type="ELSE">
<kw name="Set Variable" owner="BuiltIn">
<msg time="2025-03-26T11:11:01.620433" level="INFO">${System} = System</msg>
<var>${System}</var>
<arg>System</arg>
<doc>Returns the given values which can then be assigned to a variables.</doc>
<status status="PASS" start="2025-03-26T11:11:01.619944" elapsed="0.000516"/>
</kw>
<kw name="Set Variable" owner="BuiltIn">
<msg time="2025-03-26T11:11:01.621020" level="INFO">${Setting} = Settings</msg>
<var>${Setting}</var>
<arg>Settings</arg>
<doc>Returns the given values which can then be assigned to a variables.</doc>
<status status="PASS" start="2025-03-26T11:11:01.620876" elapsed="0.000167"/>
</kw>
<kw name="Set Variable" owner="BuiltIn">
<msg time="2025-03-26T11:11:01.621204" level="INFO">${Noti} = Notifications</msg>
<var>${Noti}</var>
<arg>Notifications</arg>
<doc>Returns the given values which can then be assigned to a variables.</doc>
<status status="PASS" start="2025-03-26T11:11:01.621120" elapsed="0.000100"/>
</kw>
<status status="PASS" start="2025-03-26T11:11:01.619851" elapsed="0.001420"/>
</branch>
<status status="PASS" start="2025-03-26T11:11:01.619363" elapsed="0.001932"/>
</if>
<kw name="Open Application With Click" owner="Integration">
<msg time="2025-03-26T11:11:11.258648" level="INFO">Erreur lors de la récupération d'un élément : Message: Cached elements 'By.xpath: //*' do not exist in DOM anymore; For documentation on this error, please visit: https://www.selenium.dev/documentation/webdriver/troubleshooting/errors#stale-element-reference-exception
Stacktrace:
[...]
	at io.netty.channel.AbstractChannelHandlerContext.invokeChannelRead(AbstractChannelHandlerContext.java:352)
	at io.netty.channel.AbstractChannelHandlerContext.fireChannelRead(AbstractChannelHandlerContext.java:345)
	at io.netty.channel.CombinedChannelDuplexHandler$DelegatingChannelHandlerContext.fireChannelRead(CombinedChannelDuplexHandler.java:435)
	at io.netty.handler.codec.ByteToMessageDecoder.fireChannelRead(ByteToMessageDecoder.java:293)
	at io.netty.handler.codec.ByteToMessageDecoder.channelRead(ByteToMessageDecoder.java:267)
	at io.netty.channel.CombinedChannelDuplexHandler.channelRead(CombinedChannelDuplexHandler.java:250)
	at io.netty.channel.AbstractChannelHandlerContext.invokeChannelRead(AbstractChannelHandlerContext.java:366)
	at io.netty.channel.AbstractChannelHandlerContext.invokeChannelRead(AbstractChannelHandlerContext.java:352)
	at io.netty.channel.AbstractChannelHandlerContext.fireChannelRead(AbstractChannelHandlerContext.java:345)
	at io.netty.handler.timeout.IdleStateHandler.channelRead(IdleStateHandler.java:266)
	at io.netty.channel.AbstractChannelHandlerContext.invokeChannelRead(AbstractChannelHandlerContext.java:366)
	at io.netty.channel.AbstractChannelHandlerContext.invokeChannelRead(AbstractChannelHandlerContext.java:352)
	at io.netty.channel.AbstractChannelHandlerContext.fireChannelRead(AbstractChannelHandlerContext.java:345)
	at io.netty.channel.DefaultChannelPipeline$HeadContext.channelRead(DefaultChannelPipeline.java:1294)
	at io.netty.channel.AbstractChannelHandlerContext.invokeChannelRead(AbstractChannelHandlerContext.java:366)
	at io.netty.channel.AbstractChannelHandlerContext.invokeChannelRead(AbstractChannelHandlerContext.java:352)
	at io.netty.channel.DefaultChannelPipeline.fireChannelRead(DefaultChannelPipeline.java:911)
	at io.netty.channel.nio.AbstractNioByteChannel$NioByteUnsafe.read(AbstractNioByteChannel.java:131)
	at io.netty.channel.nio.NioEventLoop.processSelectedKey(NioEventLoop.java:611)
	at io.netty.channel.nio.NioEventLoop.processSelectedKeysOptimized(NioEventLoop.java:552)
	at io.netty.channel.nio.NioEventLoop.processSelectedKeys(NioEventLoop.java:466)
	at io.netty.channel.nio.NioEventLoop.run(NioEventLoop.java:438)
	at io.netty.util.concurrent.SingleThreadEventExecutor$2.run(SingleThreadEventExecutor.java:140)
	at io.netty.util.concurrent.DefaultThreadFactory$DefaultRunnableDecorator.run(DefaultThreadFactory.java:144)
	at java.lang.Thread.run(Thread.java:1012)


📌 Liste des applications détectées : []
📌 First Home Page détectée : []

📌 Liste des applications détectées : []
✅ Retour à la first home page !
111111111111111111111
2222222222222222

📌 Liste des applications détectées : []
444444444444444444444'

📌 Liste des applications détectées : []
55555555555555555
✅ Retour à la first home page !</msg>
<msg time="2025-03-26T11:11:11.259354" level="INFO">${resultat} = False</msg>
<var>${resultat}</var>
<arg>${driver}</arg>
<arg>${Setting}</arg>
<status status="PASS" start="2025-03-26T11:11:01.621363" elapsed="9.638036"/>
</kw>
<kw name="Sleep" owner="BuiltIn">
<msg time="2025-03-26T11:11:12.260148" level="INFO">Slept 1 second.</msg>
<arg>1s</arg>
<doc>Pauses the test executed for the given time.</doc>
<status status="PASS" start="2025-03-26T11:11:11.259629" elapsed="1.000634"/>
</kw>
<kw name="Check Element Exists By Id" owner="Integration">
<msg time="2025-03-26T11:11:12.310582" level="INFO">${Verfier} = False</msg>
<var>${Verfier}</var>
<arg>${driver}</arg>
<arg>${Setting_xpath_id}</arg>
<doc>Vérifie si un élément existe en utilisant son ID.</doc>
<status status="PASS" start="2025-03-26T11:11:12.260414" elapsed="0.050207"/>
</kw>
<kw name="Should Be True" owner="BuiltIn">
<msg time="2025-03-26T11:11:12.311075" level="FAIL">Settings n'est pas affiché.</msg>
<arg>${Verfier}</arg>
<arg>Settings n'est pas affiché.</arg>
<doc>Fails if the given condition is not true.</doc>
<status status="FAIL" start="2025-03-26T11:11:12.310805" elapsed="0.000337">Settings n'est pas affiché.</status>
</kw>
<kw name="Clique Sur Setting" owner="Integration">
<arg>${driver}</arg>
<arg>${Noti}</arg>
<arg>${Setting_menu}</arg>
<status status="NOT RUN" start="2025-03-26T11:11:12.311237" elapsed="0.000018"/>
</kw>
<kw name="Clique Sur Setting" owner="Integration">
<arg>${driver}</arg>
<arg>TestNotificationapk</arg>
<arg>${Setting_system}</arg>
<status status="NOT RUN" start="2025-03-26T11:11:12.311358" elapsed="0.000015"/>
</kw>
<kw name="Desactive Notification Si Activer" owner="Integration">
<arg>${driver}</arg>
<arg>android:id/switch_widget</arg>
<status status="NOT RUN" start="2025-03-26T11:11:12.311429" elapsed="0.000012"/>
</kw>
<kw name="Open Application With Click" owner="Integration">
<var>${resultat}</var>
<arg>${driver}</arg>
<arg>TestNotificationapk</arg>
<status status="NOT RUN" start="2025-03-26T11:11:12.311498" elapsed="0.000011"/>
</kw>
<kw name="Click Element By Text" owner="Integration">
<arg>${driver}</arg>
<arg>ENVOYER NOTIFICATION</arg>
<status status="NOT RUN" start="2025-03-26T11:11:12.311563" elapsed="0.000011"/>
</kw>
<kw name="Sleep" owner="BuiltIn">
<arg>2</arg>
<doc>Pauses the test executed for the given time.</doc>
<status status="NOT RUN" start="2025-03-26T11:11:12.311627" elapsed="0.000012"/>
</kw>
<kw name="Afficher Notification" owner="Integration">
<arg>${driver}</arg>
<status status="NOT RUN" start="2025-03-26T11:11:12.311698" elapsed="0.000011"/>
</kw>
<kw name="Sleep" owner="BuiltIn">
<arg>2s</arg>
<doc>Pauses the test executed for the given time.</doc>
<status status="NOT RUN" start="2025-03-26T11:11:12.311757" elapsed="0.000011"/>
</kw>
<kw name="Check Element Exists By Text" owner="Integration">
<var>${VerfierNotif}</var>
<arg>${driver}</arg>
<arg>Bouton appuyé !</arg>
<doc>Vérifie si un élément contenant le texte spécifié existe sur la page.</doc>
<status status="NOT RUN" start="2025-03-26T11:11:12.311853" elapsed="0.000017"/>
</kw>
<kw name="Run Keyword If" owner="BuiltIn">
<arg>'${VerfierNotif}' == 'True'</arg>
<arg>Fail</arg>
<arg>La notification a été supprimée correctement.</arg>
<doc>Runs the given keyword with the given arguments, if ``condition`` is true.</doc>
<status status="NOT RUN" start="2025-03-26T11:11:12.311948" elapsed="0.000012"/>
</kw>
<kw name="Run Keyword If" owner="BuiltIn">
<arg>'${VerfierNotif}' == 'False'</arg>
<arg>Log</arg>
<arg>La notification n'a pas été supprimée correctement.</arg>
<doc>Runs the given keyword with the given arguments, if ``condition`` is true.</doc>
<status status="NOT RUN" start="2025-03-26T11:11:12.312020" elapsed="0.000011"/>
</kw>
<status status="FAIL" start="2025-03-26T11:10:55.146144" elapsed="17.166015">Settings n'est pas affiché.</status>
</test>
<test id="s1-t7" name="Test Modifier Manuellement Date" line="217">
<kw name="Setup Driver" owner="Integration">
<msg time="2025-03-26T11:11:18.971963" level="INFO">${driver} = &lt;appium.webdriver.webdriver.WebDriver (session="9bc3d33b-526b-4291-b146-661a53d841e2")&gt;</msg>
<var>${driver}</var>
<arg>${Device}</arg>
<doc>Initialise et retourne le driver Appium.</doc>
<status status="PASS" start="2025-03-26T11:11:12.312633" elapsed="6.659379"/>
</kw>
<kw name="Get System Language" owner="Integration">
<msg time="2025-03-26T11:11:19.044112" level="INFO">${lang} = eng</msg>
<var>${lang}</var>
<arg>${Device}</arg>
<status status="PASS" start="2025-03-26T11:11:18.972189" elapsed="0.071989"/>
</kw>
<if>
<branch type="IF" condition="'${lang}' == 'fr'">
<kw name="Set Variable" owner="BuiltIn">
<var>${System}</var>
<arg>Système</arg>
<doc>Returns the given values which can then be assigned to a variables.</doc>
<status status="NOT RUN" start="2025-03-26T11:11:19.044675" elapsed="0.000069"/>
</kw>
<kw name="Set Variable" owner="BuiltIn">
<var>${Setting}</var>
<arg>Paramètres</arg>
<doc>Returns the given values which can then be assigned to a variables.</doc>
<status status="NOT RUN" start="2025-03-26T11:11:19.044867" elapsed="0.000022"/>
</kw>
<kw name="Set Variable" owner="BuiltIn">
<var>${Date}</var>
<arg>Date et heure</arg>
<doc>Returns the given values which can then be assigned to a variables.</doc>
<status status="NOT RUN" start="2025-03-26T11:11:19.044954" elapsed="0.000012"/>
</kw>
<kw name="Set Variable" owner="BuiltIn">
<var>${Btn_Heure}</var>
<arg>Définir l'heure</arg>
<doc>Returns the given values which can then be assigned to a variables.</doc>
<status status="NOT RUN" start="2025-03-26T11:11:19.045021" elapsed="0.000011"/>
</kw>
<status status="NOT RUN" start="2025-03-26T11:11:19.044322" elapsed="0.000732"/>
</branch>
<branch type="ELSE">
<kw name="Set Variable" owner="BuiltIn">
<msg time="2025-03-26T11:11:19.045323" level="INFO">${System} = System</msg>
<var>${System}</var>
<arg>System</arg>
<doc>Returns the given values which can then be assigned to a variables.</doc>
<status status="PASS" start="2025-03-26T11:11:19.045189" elapsed="0.000153"/>
</kw>
<kw name="Set Variable" owner="BuiltIn">
<msg time="2025-03-26T11:11:19.045503" level="INFO">${Setting} = Settings</msg>
<var>${Setting}</var>
<arg>Settings</arg>
<doc>Returns the given values which can then be assigned to a variables.</doc>
<status status="PASS" start="2025-03-26T11:11:19.045410" elapsed="0.000108"/>
</kw>
<kw name="Set Variable" owner="BuiltIn">
<msg time="2025-03-26T11:11:19.045702" level="INFO">${Date} = Date &amp; time</msg>
<var>${Date}</var>
<arg>Date &amp; time</arg>
<doc>Returns the given values which can then be assigned to a variables.</doc>
<status status="PASS" start="2025-03-26T11:11:19.045583" elapsed="0.000137"/>
</kw>
<kw name="Set Variable" owner="BuiltIn">
<msg time="2025-03-26T11:11:19.045863" level="INFO">${Btn_Heure} = Définir l'heure</msg>
<var>${Btn_Heure}</var>
<arg>Définir l'heure</arg>
<doc>Returns the given values which can then be assigned to a variables.</doc>
<status status="PASS" start="2025-03-26T11:11:19.045786" elapsed="0.000092"/>
</kw>
<status status="PASS" start="2025-03-26T11:11:19.045104" elapsed="0.000795"/>
</branch>
<status status="PASS" start="2025-03-26T11:11:19.044287" elapsed="0.001629"/>
</if>
<kw name="Revenir A La Home Page" owner="Integration">
<msg time="2025-03-26T11:11:25.575292" level="INFO">Erreur lors de la récupération d'un élément : Message: An unknown server-side error occurred while processing the command. Original error: Could not proxy command to the remote server. Original error: socket hang up
Stacktrace:
UnknownError: An unknown server-side error occurred while processing the command. Original error: Could not proxy command to the remote server. Original error: socket hang up
    at UIA2Proxy.command (/usr/lib/node_modules/appium/node_modules/@appium/base-driver/lib/jsonwp-proxy/proxy.js:353:13)
    at processTicksAndRejections (node:internal/process/task_queues:105:5)
    at AndroidUiautomator2Driver.getAttribute (/home/androidusr/.appium/node_modules/appium-uiautomator2-driver/lib/commands/element.js:26:5)
Erreur lors de la récupération d'un élément : Message: An unknown server-side error occurred while processing the command. Original error: 'GET /element/00000000-0000-000a-ffff-ffff00000091/attribute/class' cannot be proxied to UiAutomator2 server because the instrumentation process is not running (probably crashed). Check the server log and/or the logcat output for more details
Stacktrace:
UnknownError: An unknown server-side error occurred while processing the command. Original error: 'GET /element/00000000-0000-000a-ffff-ffff00000091/attribute/class' cannot be proxied to UiAutomator2 server because the instrumentation process is not running (probably crashed). Check the server log and/or the logcat output for more details
    at UIA2Proxy.command (/usr/lib/node_modules/appium/node_modules/@appium/base-driver/lib/jsonwp-proxy/proxy.js:353:13)
    at AndroidUiautomator2Driver.getAttribute (/home/androidusr/.appium/node_modules/appium-uiautomator2-driver/lib/commands/element.js:26:5)
Erreur lors de la récupération d'un élément : Message: An unknown server-side error occurred while processing the command. Original error: 'GET /element/00000000-0000-000a-ffff-ffff00000695/attribute/class' cannot be proxied to UiAutomator2 server because the instrumentation process is not running (probably crashed). Check the server log and/or the logcat output for more details
Stacktrace:
UnknownError: An unknown server-side error occurred while processing the command. Original error: 'GET /element/00000000-0000-000a-ffff-ffff00000695/attribute/class' cannot be proxied to UiAutomator2 server because the instrumentation process is not running (probably crashed). Check the server log and/or the logcat output for more details
    at UIA2Proxy.command (/usr/lib/node_modules/appium/node_modules/@appium/base-driver/lib/jsonwp-proxy/proxy.js:353:13)
    at AndroidUiautomator2Driver.getAttribute (/home/androidusr/.appium/node_modules/appium-uiautomator2-driver/lib/commands/element.js:26:5)
Erreur lors de la récupération d'un élément : Message: An unknown server-side error occurred while processing the command. Original error: 'GET /element/00000000-0000-000a-ffff-ffff00000696/attribute/class' cannot be proxied to UiAutomator2 server because the instrumentation process is not running (probably crashed). Check the server log and/or the logcat output for more details
Stacktrace:
UnknownError: An unknown server-side error occurred while processing the command. Original error: 'GET /element/00000000-0000-000a-ffff-ffff00000696/attribute/class' cannot be proxied to UiAutomator2 server because the instrumentation process is not running (probably crashed). Check the server log and/or the logcat output for more details
    at UIA2Proxy.command (/usr/lib/node_modules/appium/node_modules/@appium/base-driver/lib/jsonwp-proxy/proxy.js:353:13)
    at AndroidUiautomator2Driver.getAttribute (/home/androidusr/.appium/node_modules/appium-uiautomator2-driver/lib/commands/element.js:26:5)
Erreur lors de la récupération d'un élément : Message: An unknown server-side error occurred while processing the command. Original error: 'GET /element/00000000-0000-000a-ffff-ffff00000697/attribute/class' cannot be proxied to UiAutomator2 server because the instrumentation process is not running (probably crashed). Check the server log and/or the logcat output for more details
Stacktrace:
UnknownError: An unknown server-side error occurred while processing the command. Original error: 'GET /element/00000000-0000-000a-ffff-ffff00000697/attribute/class' cannot be proxied to UiAutomator2 server because the instrumentation process is not running (probably crashed). Check the server log and/or the logcat output for more details
    at UIA2Proxy.command (/usr/lib/node_modules/appium/node_modules/@appium/base-driver/lib/jsonwp-proxy/proxy.js:353:13)
    at AndroidUiautomator2Driver.getAttribute (/home/androidusr/.appium/node_modules/appium-uiautomator2-driver/lib/commands/element.js:26:5)
Erreur lors de la récupération d'un élément : Message: An unknown server-side error occurred while processing the command. Original error: 'GET /element/00000000-0000-000a-ffff-ffff0000069f/attribute/class' cannot be proxied to UiAutomator2 server because the instrumentation process is not running (probably crashed). Check the server log and/or the logcat output for more details
Stacktrace:
UnknownError: An unknown server-side error occurred while processing the command. Original error: 'GET /element/00000000-0000-000a-ffff-ffff0000069f/attribute/class' cannot be proxied to UiAutomator2 server because the instrumentation process is not running (probably crashed). Check the server log and/or the logcat output for more details
    at UIA2Proxy.command (/usr/lib/node_modules/appium/node_modules/@appium/base-driver/lib/jsonwp-proxy/proxy.js:353:13)
    at AndroidUiautomator2Driver.getAttribute (/home/androidusr/.appium/node_modules/appium-uiautomator2-driver/lib/commands/element.js:26:5)
Erreur lors de la récupération d'un élément : Message: An unknown server-side error occurred while processing the command. Original error: 'GET /element/00000000-0000-000a-ffff-ffff000006a0/attribute/class' cannot be proxied to UiAutomator2 server because the instrumentation process is not running (probably crashed). Check the server log and/or the logcat output for more details
Stacktrace:
UnknownError: An unknown server-side error occurred while processing the command. Original error: 'GET /element/00000000-0000-000a-ffff-ffff000006a0/attribute/class' cannot be proxied to UiAutomator2 server because the instrumentation process is not running (probably crashed). Check the server log and/or the logcat output for more details
    at UIA2Proxy.command (/usr/lib/node_modules/appium/node_modules/@appium/base-driver/lib/jsonwp-proxy/proxy.js:353:13)
    at AndroidUiautomator2Driver.getAttribute (/home/androidusr/.appium/node_modules/appium-uiautomator2-driver/lib/commands/element.js:26:5)
Erreur lors de la récupération d'un élément : Message: An unknown server-side error occurred while processing the command. Original error: 'GET /element/00000000-0000-000a-ffff-ffff000006a1/attribute/class' cannot be proxied to UiAutomator2 server because the instrumentation process is not running (probably crashed). Check the server log and/or the logcat output for more details
Stacktrace:
UnknownError: An unknown server-side error occurred while processing the command. Original error: 'GET /element/00000000-0000-000a-ffff-ffff000006a1/attribute/class' cannot be proxied to UiAutomator2 server because the instrumentation process is not running (probably crashed). Check the server log and/or the logcat output for more details
    at UIA2Proxy.command (/usr/lib/node_modules/appium/node_modules/@appium/base-driver/lib/jsonwp-proxy/proxy.js:353:13)
    at AndroidUiautomator2Driver.getAttribute (/home/androidusr/.appium/node_modules/appium-uiautomator2-driver/lib/commands/element.js:26:5)
Erreur lors de la récupération d'un élément : Message: An unknown server-side error occurred while processing the command. Original error: 'GET /element/00000000-0000-000a-ffff-ffff0000069a/attribute/class' cannot be proxied to UiAutomator2 server because the instrumentation process is not running (probably crashed). Check the server log and/or the logcat output for more details
Stacktrace:
UnknownError: An unknown server-side error occurred while processing the command. Original error: 'GET /element/00000000-0000-000a-ffff-ffff0000069a/attribute/class' cannot be proxied to UiAutomator2 server because the instrumentation process is not running (probably crashed). Check the server log and/or the logcat output for more details
    at UIA2Proxy.command (/usr/lib/node_modules/appium/node_modules/@appium/base-driver/lib/jsonwp-proxy/proxy.js:353:13)
    at AndroidUiautomator2Driver.getAttribute (/home/androidusr/.appium/node_modules/appium-uiautomator2-driver/lib/commands/element.js:26:5)
Erreur lors de la récupération d'un élément : Message: An unknown server-side error occurred while processing the command. Original error: 'GET /element/00000000-0000-000a-ffff-ffff0000069b/attribute/class' cannot be proxied to UiAutomator2 server because the instrumentation process is not running (probably crashed). Check the server log and/or the logcat output for more details
Stacktrace:
UnknownError: An unknown server-side error occurred while processing the command. Original error: 'GET /element/00000000-0000-000a-ffff-ffff0000069b/attribute/class' cannot be proxied to UiAutomator2 server because the instrumentation process is not running (probably crashed). Check the server log and/or the logcat output for more details
    at UIA2Proxy.command (/usr/lib/node_modules/appium/node_modules/@appium/base-driver/lib/jsonwp-proxy/proxy.js:353:13)
    at AndroidUiautomator2Driver.getAttribute (/home/androidusr/.appium/node_modules/appium-uiautomator2-driver/lib/commands/element.js:26:5)

📌 Liste des applications détectées : []
📌 First Home Page détectée : []