<?xml version="1.0" encoding="UTF-8"?>
<robot generator="Robot 7.2.2 (Python 3.12.9 on linux)" generated="2025-03-26T11:07:10.955292" rpa="false" schemaversion="5">
<suite id="s1" name="FonctionnaliteBluetooth" source="/app/test_cases/FonctionnaliteBluetooth.robot">
<test id="s1-t1" name="Test Ouvrir Bluetooth" line="25">
<kw name="Setup Driver" owner="Integration">
<msg time="2025-03-26T11:07:25.313548" level="FAIL">WebDriverException: Message: An unknown server-side error occurred while processing the command. Original error: The instrumentation process cannot be initialized. Make sure the application under test does not crash and investigate the logcat output.
Stacktrace:
UnknownError: An unknown server-side error occurred while processing the command. Original error: The instrumentation process cannot be initialized. Make sure the application under test does not crash and investigate the logcat output.
    at getResponseForW3CError (/usr/lib/node_modules/appium/node_modules/@appium/base-driver/lib/protocol/errors.js:1143:9)
    at asyncHandler (/usr/lib/node_modules/appium/node_modules/@appium/base-driver/lib/protocol/protocol.js:487:57)</msg>
<var>${driver}</var>
<arg>${Device}</arg>
<doc>Initialise et retourne le driver Appium.</doc>
<status status="FAIL" start="2025-03-26T11:07:11.164773" elapsed="14.155315">WebDriverException: Message: An unknown server-side error occurred while processing the command. Original error: The instrumentation process cannot be initialized. Make sure the application under test does not crash and investigate the logcat output.
Stacktrace:
UnknownError: An unknown server-side error occurred while processing the command. Original error: The instrumentation process cannot be initialized. Make sure the application under test does not crash and investigate the logcat output.
    at getResponseForW3CError (/usr/lib/node_modules/appium/node_modules/@appium/base-driver/lib/protocol/errors.js:1143:9)
    at asyncHandler (/usr/lib/node_modules/appium/node_modules/@appium/base-driver/lib/protocol/protocol.js:487:57)</status>
</kw>
<kw name="Get System Language" owner="Integration">
<var>${lang}</var>
<arg>${Device}</arg>
<status status="NOT RUN" start="2025-03-26T11:07:25.320313" elapsed="0.000036"/>
</kw>
<if>
<branch type="IF" condition="'${lang}' == 'fr'">
<kw name="Set Variable" owner="BuiltIn">
<var>${System}</var>
<arg>Système</arg>
<doc>Returns the given values which can then be assigned to a variables.</doc>
<status status="NOT RUN" start="2025-03-26T11:07:25.320538" elapsed="0.000016"/>
</kw>
<kw name="Set Variable" owner="BuiltIn">
<var>${Setting}</var>
<arg>Paramètres</arg>
<doc>Returns the given values which can then be assigned to a variables.</doc>
<status status="NOT RUN" start="2025-03-26T11:07:25.320625" elapsed="0.000013"/>
</kw>
<kw name="Set Variable" owner="BuiltIn">
<var>${apps}</var>
<arg>Applis</arg>
<doc>Returns the given values which can then be assigned to a variables.</doc>
<status status="NOT RUN" start="2025-03-26T11:07:25.320701" elapsed="0.000012"/>
</kw>
<kw name="Set Variable" owner="BuiltIn">
<var>${Consulter_allapps}</var>
<arg>Voir les</arg>
<doc>Returns the given values which can then be assigned to a variables.</doc>
<status status="NOT RUN" start="2025-03-26T11:07:25.320775" elapsed="0.000012"/>
</kw>
<kw name="Set Variable" owner="BuiltIn">
<var>${DesButton}</var>
<arg>Désinstaller</arg>
<doc>Returns the given values which can then be assigned to a variables.</doc>
<status status="NOT RUN" start="2025-03-26T11:07:25.320845" elapsed="0.000012"/>
</kw>
<kw name="Set Variable" owner="BuiltIn">
<var>${confirme}</var>
<arg>OK</arg>
<doc>Returns the given values which can then be assigned to a variables.</doc>
<status status="NOT RUN" start="2025-03-26T11:07:25.320915" elapsed="0.000012"/>
</kw>
<status status="NOT RUN" start="2025-03-26T11:07:25.320443" elapsed="0.000504"/>
</branch>
<branch type="ELSE">
<kw name="Set Variable" owner="BuiltIn">
<var>${System}</var>
<arg>System</arg>
<doc>Returns the given values which can then be assigned to a variables.</doc>
<status status="NOT RUN" start="2025-03-26T11:07:25.321034" elapsed="0.000013"/>
</kw>
<kw name="Set Variable" owner="BuiltIn">
<var>${Setting}</var>
<arg>Settings</arg>
<doc>Returns the given values which can then be assigned to a variables.</doc>
<status status="NOT RUN" start="2025-03-26T11:07:25.321104" elapsed="0.000011"/>
</kw>
<kw name="Set Variable" owner="BuiltIn">
<var>${apps}</var>
<arg>Applis</arg>
<doc>Returns the given values which can then be assigned to a variables.</doc>
<status status="NOT RUN" start="2025-03-26T11:07:25.321170" elapsed="0.000014"/>
</kw>
<kw name="Set Variable" owner="BuiltIn">
<var>${Consulter_allapps}</var>
<arg>Voir les</arg>
<doc>Returns the given values which can then be assigned to a variables.</doc>
<status status="NOT RUN" start="2025-03-26T11:07:25.321256" elapsed="0.000016"/>
</kw>
<kw name="Set Variable" owner="BuiltIn">
<var>${DesButton}</var>
<arg>Désinstaller</arg>
<doc>Returns the given values which can then be assigned to a variables.</doc>
<status status="NOT RUN" start="2025-03-26T11:07:25.321338" elapsed="0.000013"/>
</kw>
<kw name="Set Variable" owner="BuiltIn">
<var>${confirme}</var>
<arg>OK</arg>
<doc>Returns the given values which can then be assigned to a variables.</doc>
<status status="NOT RUN" start="2025-03-26T11:07:25.321412" elapsed="0.000012"/>
</kw>
<status status="NOT RUN" start="2025-03-26T11:07:25.320971" elapsed="0.000475"/>
</branch>
<status status="NOT RUN" start="2025-03-26T11:07:25.320418" elapsed="0.001048"/>
</if>
<kw name="Open Application With Click" owner="Integration">
<var>${resultat}</var>
<arg>${driver}</arg>
<arg>${Setting}</arg>
<status status="NOT RUN" start="2025-03-26T11:07:25.321533" elapsed="0.000013"/>
</kw>
<kw name="Sleep" owner="BuiltIn">
<arg>2s</arg>
<doc>Pauses the test executed for the given time.</doc>
<status status="NOT RUN" start="2025-03-26T11:07:25.321611" elapsed="0.000013"/>
</kw>
<kw name="Check Element Exists By Id" owner="Integration">
<var>${Verfier}</var>
<arg>${driver}</arg>
<arg>${Setting_xpath_id}</arg>
<doc>Vérifie si un élément existe en utilisant son ID.</doc>
<status status="NOT RUN" start="2025-03-26T11:07:25.321685" elapsed="0.000012"/>
</kw>
<kw name="Should Be True" owner="BuiltIn">
<arg>${Verfier}</arg>
<arg>Setting n'est pas affiché.</arg>
<doc>Fails if the given condition is not true.</doc>
<status status="NOT RUN" start="2025-03-26T11:07:25.321764" elapsed="0.000013"/>
</kw>
<kw name="Clique Sur Setting" owner="Integration">
<arg>${driver}</arg>
<arg>Bluetooth</arg>
<arg>${Setting_menu}</arg>
<status status="NOT RUN" start="2025-03-26T11:07:25.321836" elapsed="0.000012"/>
</kw>
<kw name="Element Existe Par Accessibility Id" owner="Integration">
<var>${ble}</var>
<arg>${driver}</arg>
<arg>Bluetooth toggle switch</arg>
<status status="NOT RUN" start="2025-03-26T11:07:25.321907" elapsed="0.000024"/>
</kw>
<kw name="Should Be True" owner="BuiltIn">
<arg>${ble}</arg>
<arg>Les paramètres de Bluetooth ne s'affichent pas.</arg>
<doc>Fails if the given condition is not true.</doc>
<status status="NOT RUN" start="2025-03-26T11:07:25.322003" elapsed="0.000014"/>
</kw>
<kw name="Activer Bluetooth Si Desactive" owner="Integration">
<arg>${driver}</arg>
<arg>android:id/switch_widget</arg>
<status status="NOT RUN" start="2025-03-26T11:07:25.322077" elapsed="0.000012"/>
</kw>
<kw name="Sleep" owner="BuiltIn">
<arg>3s</arg>
<doc>Pauses the test executed for the given time.</doc>
<status status="NOT RUN" start="2025-03-26T11:07:25.322145" elapsed="0.000013"/>
</kw>
<kw name="Verfier Bluetooth Activer" owner="Integration">
<var>${verifier_ble_ui}</var>
<arg>${driver}</arg>
<arg>android:id/switch_widget</arg>
<status status="NOT RUN" start="2025-03-26T11:07:25.322214" elapsed="0.000012"/>
</kw>
<kw name="Should Be True" owner="BuiltIn">
<arg>${verifier_ble_ui}</arg>
<arg>Le Bluetooth ne s'active pas (ui).</arg>
<doc>Fails if the given condition is not true.</doc>
<status status="NOT RUN" start="2025-03-26T11:07:25.322316" elapsed="0.000014"/>
</kw>
<kw name="Est Bluetooth Active" owner="Integration">
<var>${verfier_ble_adb}</var>
<arg>${Device}</arg>
<status status="NOT RUN" start="2025-03-26T11:07:25.322393" elapsed="0.000012"/>
</kw>
<kw name="Should Be True" owner="BuiltIn">
<arg>${verfier_ble_adb}</arg>
<arg>Le Bluetooth ne s'active pas (via adb).</arg>
<doc>Fails if the given condition is not true.</doc>
<status status="NOT RUN" start="2025-03-26T11:07:25.322976" elapsed="0.000040"/>
</kw>
<doc>Ce test vérifie si le Bluetooth peut être activé sur l'appareil en accédant aux paramètres.  Il vérifie que l'élément Bluetooth est bien présent, puis tente de activer Bluetooth et de vérifier son statut.</doc>
<status status="FAIL" start="2025-03-26T11:07:11.163379" elapsed="14.159857">WebDriverException: Message: An unknown server-side error occurred while processing the command. Original error: The instrumentation process cannot be initialized. Make sure the application under test does not crash and investigate the logcat output.
Stacktrace:
UnknownError: An unknown server-side error occurred while processing the command. Original error: The instrumentation process cannot be initialized. Make sure the application under test does not crash and investigate the logcat output.
    at getResponseForW3CError (/usr/lib/node_modules/appium/node_modules/@appium/base-driver/lib/protocol/errors.js:1143:9)
    at asyncHandler (/usr/lib/node_modules/appium/node_modules/@appium/base-driver/lib/protocol/protocol.js:487:57)</status>
</test>
<test id="s1-t2" name="Test Pairing Bluetooth" line="61">
<kw name="Setup Driver" owner="Integration">
<msg time="2025-03-26T11:07:56.298566" level="FAIL">WebDriverException: Message: An unknown server-side error occurred while processing the command. Original error: The instrumentation process cannot be initialized within 30000ms timeout. Make sure the application under test does not crash and investigate the logcat output. You could also try to increase the value of 'uiautomator2ServerLaunchTimeout' capability
Stacktrace:
UnknownError: An unknown server-side error occurred while processing the command. Original error: The instrumentation process cannot be initialized within 30000ms timeout. Make sure the application under test does not crash and investigate the logcat output. You could also try to increase the value of 'uiautomator2ServerLaunchTimeout' capability
    at getResponseForW3CError (/usr/lib/node_modules/appium/node_modules/@appium/base-driver/lib/protocol/errors.js:1143:9)
    at asyncHandler (/usr/lib/node_modules/appium/node_modules/@appium/base-driver/lib/protocol/protocol.js:487:57)</msg>
<var>${driver}</var>
<arg>${Device}</arg>
<doc>Initialise et retourne le driver Appium.</doc>
<status status="FAIL" start="2025-03-26T11:07:25.323901" elapsed="30.976851">WebDriverException: Message: An unknown server-side error occurred while processing the command. Original error: The instrumentation process cannot be initialized within 30000ms timeout. Make sure the application under test does not crash and investigate the logcat output. You could also try to increase the value of 'uiautomator2ServerLaunchTimeout' capability
Stacktrace:
UnknownError: An unknown server-side error occurred while processing the command. Original error: The instrumentation process cannot be initialized within 30000ms timeout. Make sure the application under test does not crash and investigate the logcat output. You could also try to increase the value of 'uiautomator2ServerLaunchTimeout' capability
    at getResponseForW3CError (/usr/lib/node_modules/appium/node_modules/@appium/base-driver/lib/protocol/errors.js:1143:9)
    at asyncHandler (/usr/lib/node_modules/appium/node_modules/@appium/base-driver/lib/protocol/protocol.js:487:57)</status>
</kw>
<kw name="Get System Language" owner="Integration">
<var>${lang}</var>
<arg>${Device}</arg>
<status status="NOT RUN" start="2025-03-26T11:07:56.301039" elapsed="0.000047"/>
</kw>
<if>
<branch type="IF" condition="'${lang}' == 'fr'">
<kw name="Set Variable" owner="BuiltIn">
<var>${System}</var>
<arg>Système</arg>
<doc>Returns the given values which can then be assigned to a variables.</doc>
<status status="NOT RUN" start="2025-03-26T11:07:56.301323" elapsed="0.000015"/>
</kw>
<kw name="Set Variable" owner="BuiltIn">
<var>${Setting}</var>
<arg>Paramètres</arg>
<doc>Returns the given values which can then be assigned to a variables.</doc>
<status status="NOT RUN" start="2025-03-26T11:07:56.301405" elapsed="0.000011"/>
</kw>
<kw name="Set Variable" owner="BuiltIn">
<var>${apps}</var>
<arg>Applis</arg>
<doc>Returns the given values which can then be assigned to a variables.</doc>
<status status="NOT RUN" start="2025-03-26T11:07:56.301473" elapsed="0.000013"/>
</kw>
<kw name="Set Variable" owner="BuiltIn">
<var>${Consulter_allapps}</var>
<arg>Voir les</arg>
<doc>Returns the given values which can then be assigned to a variables.</doc>
<status status="NOT RUN" start="2025-03-26T11:07:56.301588" elapsed="0.000020"/>
</kw>
<kw name="Set Variable" owner="BuiltIn">
<var>${DesButton}</var>
<arg>Désinstaller</arg>
<doc>Returns the given values which can then be assigned to a variables.</doc>
<status status="NOT RUN" start="2025-03-26T11:07:56.301684" elapsed="0.000014"/>
</kw>
<kw name="Set Variable" owner="BuiltIn">
<var>${confirme}</var>
<arg>OK</arg>
<doc>Returns the given values which can then be assigned to a variables.</doc>
<status status="NOT RUN" start="2025-03-26T11:07:56.301761" elapsed="0.000013"/>
</kw>
<kw name="Set Variable" owner="BuiltIn">
<var>${pairing}</var>
<arg>Associer un nouvel appareil</arg>
<doc>Returns the given values which can then be assigned to a variables.</doc>
<status status="NOT RUN" start="2025-03-26T11:07:56.301845" elapsed="0.000013"/>
</kw>
<kw name="Set Variable" owner="BuiltIn">
<var>${pairing_conf}</var>
<arg>Associer</arg>
<doc>Returns the given values which can then be assigned to a variables.</doc>
<status status="NOT RUN" start="2025-03-26T11:07:56.301921" elapsed="0.000012"/>
</kw>
<kw name="Set Variable" owner="BuiltIn">
<var>${pairing_conf2}</var>
<arg>Continuer</arg>
<doc>Returns the given values which can then be assigned to a variables.</doc>
<status status="NOT RUN" start="2025-03-26T11:07:56.301993" elapsed="0.000011"/>
</kw>
<status status="NOT RUN" start="2025-03-26T11:07:56.301218" elapsed="0.000810"/>
</branch>
<branch type="ELSE">
<kw name="Set Variable" owner="BuiltIn">
<var>${System}</var>
<arg>System</arg>
<doc>Returns the given values which can then be assigned to a variables.</doc>
<status status="NOT RUN" start="2025-03-26T11:07:56.302149" elapsed="0.000017"/>
</kw>
<kw name="Set Variable" owner="BuiltIn">
<var>${Setting}</var>
<arg>Settings</arg>
<doc>Returns the given values which can then be assigned to a variables.</doc>
<status status="NOT RUN" start="2025-03-26T11:07:56.302234" elapsed="0.000013"/>
</kw>
<kw name="Set Variable" owner="BuiltIn">
<var>${apps}</var>
<arg>Applis</arg>
<doc>Returns the given values which can then be assigned to a variables.</doc>
<status status="NOT RUN" start="2025-03-26T11:07:56.302307" elapsed="0.000012"/>
</kw>
<kw name="Set Variable" owner="BuiltIn">
<var>${Consulter_allapps}</var>
<arg>Voir les</arg>
<doc>Returns the given values which can then be assigned to a variables.</doc>
<status status="NOT RUN" start="2025-03-26T11:07:56.302380" elapsed="0.000012"/>
</kw>
<kw name="Set Variable" owner="BuiltIn">
<var>${DesButton}</var>
<arg>Désinstaller</arg>
<doc>Returns the given values which can then be assigned to a variables.</doc>
<status status="NOT RUN" start="2025-03-26T11:07:56.302451" elapsed="0.000012"/>
</kw>
<kw name="Set Variable" owner="BuiltIn">
<var>${confirme}</var>
<arg>OK</arg>
<doc>Returns the given values which can then be assigned to a variables.</doc>
<status status="NOT RUN" start="2025-03-26T11:07:56.302523" elapsed="0.000012"/>
</kw>
<kw name="Set Variable" owner="BuiltIn">
<var>${pairing}</var>
<arg>Associer un nouvel appareil</arg>
<doc>Returns the given values which can then be assigned to a variables.</doc>
<status status="NOT RUN" start="2025-03-26T11:07:56.302593" elapsed="0.000014"/>
</kw>
<kw name="Set Variable" owner="BuiltIn">
<var>${pairing_conf}</var>
<arg>Associer</arg>
<doc>Returns the given values which can then be assigned to a variables.</doc>
<status status="NOT RUN" start="2025-03-26T11:07:56.302689" elapsed="0.000016"/>
</kw>
<kw name="Set Variable" owner="BuiltIn">
<var>${pairing_conf2}</var>
<arg>Continuer</arg>
<doc>Returns the given values which can then be assigned to a variables.</doc>
<status status="NOT RUN" start="2025-03-26T11:07:56.303124" elapsed="0.000025"/>
</kw>
<status status="NOT RUN" start="2025-03-26T11:07:56.302056" elapsed="0.001150"/>
</branch>
<status status="NOT RUN" start="2025-03-26T11:07:56.301179" elapsed="0.002051"/>
</if>
<kw name="Setup Driver Mobile" owner="script_mobile">
<var>${driver_mobile}</var>
<arg>${Device_mobile}</arg>
<doc>Initialise et retourne le driver Appium.</doc>
<status status="NOT RUN" start="2025-03-26T11:07:56.303305" elapsed="0.000014"/>
</kw>
<kw name="Get Bluetooth Name" owner="script_mobile">
<var>${name_bluetooth_mobile}</var>
<arg>${driver_mobile}</arg>
<doc>Récupère le nom de l'appareil Bluetooth via ADB.</doc>
<status status="NOT RUN" start="2025-03-26T11:07:56.303381" elapsed="0.000012"/>
</kw>
<kw name="Log" owner="BuiltIn">
<arg>${name_bluetooth_mobile}</arg>
<doc>Logs the given message with the given level.</doc>
<status status="NOT RUN" start="2025-03-26T11:07:56.303455" elapsed="0.000012"/>
</kw>
<kw name="Press Key" owner="Integration">
<arg>${driver_mobile}</arg>
<arg>176</arg>
<doc>Effectue un appui sur une touche spécifique via son keycode.</doc>
<status status="NOT RUN" start="2025-03-26T11:07:56.303520" elapsed="0.000011"/>
</kw>
<kw name="Click Element By Text Att" owner="Integration">
<arg>${driver_mobile}</arg>
<arg>Bluetooth, pairing</arg>
<status status="NOT RUN" start="2025-03-26T11:07:56.303589" elapsed="0.000010"/>
</kw>
<kw name="Sleep" owner="BuiltIn">
<arg>2s</arg>
<doc>Pauses the test executed for the given time.</doc>
<status status="NOT RUN" start="2025-03-26T11:07:56.303653" elapsed="0.000011"/>
</kw>
<kw name="Click Element By Text Att" owner="Integration">
<arg>${driver}</arg>
<arg>${pairing}</arg>
<status status="NOT RUN" start="2025-03-26T11:07:56.303733" elapsed="0.000015"/>
</kw>
<kw name="Click Element By Text Att" owner="Integration">
<arg>${driver}</arg>
<arg>${name_bluetooth_mobile}</arg>
<status status="NOT RUN" start="2025-03-26T11:07:56.303801" elapsed="0.000011"/>
</kw>
<kw name="Sleep" owner="BuiltIn">
<arg>2s</arg>
<doc>Pauses the test executed for the given time.</doc>
<status status="NOT RUN" start="2025-03-26T11:07:56.303868" elapsed="0.000011"/>
</kw>
<kw name="Click Element By Text Att" owner="Integration">
<arg>${driver_mobile}</arg>
<arg>Pair</arg>
<status status="NOT RUN" start="2025-03-26T11:07:56.303926" elapsed="0.000010"/>
</kw>
<kw name="Click Element By Text Att" owner="Integration">
<arg>${driver}</arg>
<arg>${pairing_conf}</arg>
<status status="NOT RUN" start="2025-03-26T11:07:56.303984" elapsed="0.000010"/>
</kw>
<kw name="Sleep" owner="BuiltIn">
<arg>2s</arg>
<doc>Pauses the test executed for the given time.</doc>
<status status="NOT RUN" start="2025-03-26T11:07:56.304041" elapsed="0.000010"/>
</kw>
<kw name="Click Element By Text Att" owner="Integration">
<arg>${driver_mobile}</arg>
<arg>Allow</arg>
<status status="NOT RUN" start="2025-03-26T11:07:56.304097" elapsed="0.000010"/>
</kw>
<kw name="Click Element By Text Att" owner="Integration">
<arg>${driver}</arg>
<arg>${pairing_conf2}</arg>
<status status="NOT RUN" start="2025-03-26T11:07:56.304152" elapsed="0.000009"/>
</kw>
<kw name="Sleep" owner="BuiltIn">
<arg>2s</arg>
<doc>Pauses the test executed for the given time.</doc>
<status status="NOT RUN" start="2025-03-26T11:07:56.304207" elapsed="0.000036"/>
</kw>
<kw name="Is Bluetooth Connected" owner="Integration">
<var>${verif_adb}</var>
<arg>${driver}</arg>
<arg>${name_bluetooth_mobile}</arg>
<doc>Vérifie si un appareil Bluetooth spécifique est connecté.</doc>
<status status="NOT RUN" start="2025-03-26T11:07:56.304303" elapsed="0.000013"/>
</kw>
<kw name="Should Be True" owner="BuiltIn">
<arg>${verif_adb}</arg>
<arg>Le Bluetooth n'est pas connecté (via ADB).</arg>
<doc>Fails if the given condition is not true.</doc>
<status status="NOT RUN" start="2025-03-26T11:07:56.304377" elapsed="0.000010"/>
</kw>
<status status="FAIL" start="2025-03-26T11:07:25.323618" elapsed="30.980966">WebDriverException: Message: An unknown server-side error occurred while processing the command. Original error: The instrumentation process cannot be initialized within 30000ms timeout. Make sure the application under test does not crash and investigate the logcat output. You could also try to increase the value of 'uiautomator2ServerLaunchTimeout' capability
Stacktrace:
UnknownError: An unknown server-side error occurred while processing the command. Original error: The instrumentation process cannot be initialized within 30000ms timeout. Make sure the application under test does not crash and investigate the logcat output. You could also try to increase the value of 'uiautomator2ServerLaunchTimeout' capability
    at getResponseForW3CError (/usr/lib/node_modules/appium/node_modules/@appium/base-driver/lib/protocol/errors.js:1143:9)
    at asyncHandler (/usr/lib/node_modules/appium/node_modules/@appium/base-driver/lib/protocol/protocol.js:487:57)</status>
</test>
<test id="s1-t3" name="Test Fermer Bluetooth" line="118">
<kw name="Setup Driver" owner="Integration">
<msg time="2025-03-26T11:08:32.744640" level="INFO">${driver} = &lt;appium.webdriver.webdriver.WebDriver (session="2ab96265-bb01-4d36-8fa7-780ef2a19df6")&gt;</msg>
<var>${driver}</var>
<arg>${Device}</arg>
<doc>Initialise et retourne le driver Appium.</doc>
<status status="PASS" start="2025-03-26T11:07:56.305474" elapsed="36.439209"/>
</kw>
<kw name="Get System Language" owner="Integration">
<msg time="2025-03-26T11:08:32.812742" level="INFO">${lang} = eng</msg>
<var>${lang}</var>
<arg>${Device}</arg>
<status status="PASS" start="2025-03-26T11:08:32.744863" elapsed="0.067930"/>
</kw>
<if>
<branch type="IF" condition="'${lang}' == 'fr'">
<kw name="Set Variable" owner="BuiltIn">
<var>${System}</var>
<arg>Système</arg>
<doc>Returns the given values which can then be assigned to a variables.</doc>
<status status="NOT RUN" start="2025-03-26T11:08:32.813141" elapsed="0.000019"/>
</kw>
<kw name="Set Variable" owner="BuiltIn">
<var>${Setting}</var>
<arg>Paramètres</arg>
<doc>Returns the given values which can then be assigned to a variables.</doc>
<status status="NOT RUN" start="2025-03-26T11:08:32.813235" elapsed="0.000014"/>
</kw>
<kw name="Set Variable" owner="BuiltIn">
<var>${apps}</var>
<arg>Applis</arg>
<doc>Returns the given values which can then be assigned to a variables.</doc>
<status status="NOT RUN" start="2025-03-26T11:08:32.813309" elapsed="0.000012"/>
</kw>
<kw name="Set Variable" owner="BuiltIn">
<var>${Consulter_allapps}</var>
<arg>Voir les</arg>
<doc>Returns the given values which can then be assigned to a variables.</doc>
<status status="NOT RUN" start="2025-03-26T11:08:32.813408" elapsed="0.000015"/>
</kw>
<kw name="Set Variable" owner="BuiltIn">
<var>${DesButton}</var>
<arg>Désinstaller</arg>
<doc>Returns the given values which can then be assigned to a variables.</doc>
<status status="NOT RUN" start="2025-03-26T11:08:32.813485" elapsed="0.000013"/>
</kw>
<kw name="Set Variable" owner="BuiltIn">
<var>${confirme}</var>
<arg>OK</arg>
<doc>Returns the given values which can then be assigned to a variables.</doc>
<status status="NOT RUN" start="2025-03-26T11:08:32.813552" elapsed="0.000011"/>
</kw>
<status status="NOT RUN" start="2025-03-26T11:08:32.812914" elapsed="0.000669"/>
</branch>
<branch type="ELSE">
<kw name="Set Variable" owner="BuiltIn">
<msg time="2025-03-26T11:08:32.813819" level="INFO">${System} = System</msg>
<var>${System}</var>
<arg>System</arg>
<doc>Returns the given values which can then be assigned to a variables.</doc>
<status status="PASS" start="2025-03-26T11:08:32.813669" elapsed="0.000168"/>
</kw>
<kw name="Set Variable" owner="BuiltIn">
<msg time="2025-03-26T11:08:32.813989" level="INFO">${Setting} = Settings</msg>
<var>${Setting}</var>
<arg>Settings</arg>
<doc>Returns the given values which can then be assigned to a variables.</doc>
<status status="PASS" start="2025-03-26T11:08:32.813901" elapsed="0.000104"/>
</kw>
<kw name="Set Variable" owner="BuiltIn">
<msg time="2025-03-26T11:08:32.814630" level="INFO">${apps} = Applis</msg>
<var>${apps}</var>
<arg>Applis</arg>
<doc>Returns the given values which can then be assigned to a variables.</doc>
<status status="PASS" start="2025-03-26T11:08:32.814464" elapsed="0.000190"/>
</kw>
<kw name="Set Variable" owner="BuiltIn">
<msg time="2025-03-26T11:08:32.814834" level="INFO">${Consulter_allapps} = Voir les</msg>
<var>${Consulter_allapps}</var>
<arg>Voir les</arg>
<doc>Returns the given values which can then be assigned to a variables.</doc>
<status status="PASS" start="2025-03-26T11:08:32.814741" elapsed="0.000111"/>
</kw>
<kw name="Set Variable" owner="BuiltIn">
<msg time="2025-03-26T11:08:32.815012" level="INFO">${DesButton} = Désinstaller</msg>
<var>${DesButton}</var>
<arg>Désinstaller</arg>
<doc>Returns the given values which can then be assigned to a variables.</doc>
<status status="PASS" start="2025-03-26T11:08:32.814924" elapsed="0.000106"/>
</kw>
<kw name="Set Variable" owner="BuiltIn">
<msg time="2025-03-26T11:08:32.815187" level="INFO">${confirme} = OK</msg>
<var>${confirme}</var>
<arg>OK</arg>
<doc>Returns the given values which can then be assigned to a variables.</doc>
<status status="PASS" start="2025-03-26T11:08:32.815098" elapsed="0.000106"/>
</kw>
<status status="PASS" start="2025-03-26T11:08:32.813608" elapsed="0.001621"/>
</branch>
<status status="PASS" start="2025-03-26T11:08:32.812885" elapsed="0.002367"/>
</if>
<kw name="Open Application With Click" owner="Integration">
<msg time="2025-03-26T11:08:32.829330" level="FAIL">WebDriverException: Message: An unknown server-side error occurred while processing the command. Original error: Could not proxy command to the remote server. Original error: socket hang up
Stacktrace:
UnknownError: An unknown server-side error occurred while processing the command. Original error: Could not proxy command to the remote server. Original error: socket hang up
    at UIA2Proxy.command (/usr/lib/node_modules/appium/node_modules/@appium/base-driver/lib/jsonwp-proxy/proxy.js:353:13)
    at processTicksAndRejections (node:internal/process/task_queues:105:5)
    at AndroidUiautomator2Driver.performActions (/home/androidusr/.appium/node_modules/appium-uiautomator2-driver/lib/commands/actions.js:88:3)</msg>
<var>${resultat}</var>
<arg>${driver}</arg>
<arg>${Setting}</arg>
<status status="FAIL" start="2025-03-26T11:08:32.815329" elapsed="0.015810">WebDriverException: Message: An unknown server-side error occurred while processing the command. Original error: Could not proxy command to the remote server. Original error: socket hang up
Stacktrace:
UnknownError: An unknown server-side error occurred while processing the command. Original error: Could not proxy command to the remote server. Original error: socket hang up
    at UIA2Proxy.command (/usr/lib/node_modules/appium/node_modules/@appium/base-driver/lib/jsonwp-proxy/proxy.js:353:13)
    at processTicksAndRejections (node:internal/process/task_queues:105:5)
    at AndroidUiautomator2Driver.performActions (/home/androidusr/.appium/node_modules/appium-uiautomator2-driver/lib/commands/actions.js:88:3)</status>
</kw>
<kw name="Sleep" owner="BuiltIn">
<arg>2s</arg>
<doc>Pauses the test executed for the given time.</doc>
<status status="NOT RUN" start="2025-03-26T11:08:32.831304" elapsed="0.000023"/>
</kw>
<kw name="Check Element Exists By Id" owner="Integration">
<var>${Verfier}</var>
<arg>${driver}</arg>
<arg>${Setting_xpath_id}</arg>
<doc>Vérifie si un élément existe en utilisant son ID.</doc>
<status status="NOT RUN" start="2025-03-26T11:08:32.831417" elapsed="0.000017"/>
</kw>
<kw name="Should Be True" owner="BuiltIn">
<arg>${Verfier}</arg>
<arg>Setting n'est pas affiché.</arg>
<doc>Fails if the given condition is not true.</doc>
<status status="NOT RUN" start="2025-03-26T11:08:32.831505" elapsed="0.000012"/>
</kw>
<kw name="Clique Sur Setting" owner="Integration">
<arg>${driver}</arg>
<arg>Bluetooth</arg>
<arg>${Setting_menu}</arg>
<status status="NOT RUN" start="2025-03-26T11:08:32.831572" elapsed="0.000011"/>
</kw>
<kw name="Element Existe Par Accessibility Id" owner="Integration">
<var>${ble}</var>
<arg>${driver}</arg>
<arg>Bluetooth toggle switch</arg>
<status status="NOT RUN" start="2025-03-26T11:08:32.831638" elapsed="0.000011"/>
</kw>
<kw name="Should Be True" owner="BuiltIn">
<arg>${ble}</arg>
<arg>Les paramètres de Bluetooth ne s'affichent pas.</arg>
<doc>Fails if the given condition is not true.</doc>
<status status="NOT RUN" start="2025-03-26T11:08:32.831701" elapsed="0.000011"/>
</kw>
<kw name="Desactive Bluetooth Si Activer" owner="Integration">
<arg>${driver}</arg>
<arg>android:id/switch_widget</arg>
<status status="NOT RUN" start="2025-03-26T11:08:32.831763" elapsed="0.000011"/>
</kw>
<kw name="Sleep" owner="BuiltIn">
<arg>3s</arg>
<doc>Pauses the test executed for the given time.</doc>
<status status="NOT RUN" start="2025-03-26T11:08:32.831822" elapsed="0.000011"/>
</kw>
<kw name="Verfier Bluetooth Activer" owner="Integration">
<var>${verifier_ble_ui}</var>
<arg>${driver}</arg>
<arg>android:id/switch_widget</arg>
<status status="NOT RUN" start="2025-03-26T11:08:32.831883" elapsed="0.000011"/>
</kw>
<kw name="Should Not Be True" owner="BuiltIn">
<arg>${verifier_ble_ui}</arg>
<arg>Le Bluetooth ne desactive pas (ui).</arg>
<doc>Fails if the given condition is true.</doc>
<status status="NOT RUN" start="2025-03-26T11:08:32.831946" elapsed="0.000010"/>
</kw>
<kw name="Est Bluetooth Active" owner="Integration">
<var>${verfier_ble_adb}</var>
<arg>${Device}</arg>
<status status="NOT RUN" start="2025-03-26T11:08:32.832009" elapsed="0.000012"/>
</kw>
<kw name="Should Not Be True" owner="BuiltIn">
<arg>${verfier_ble_adb}</arg>
<arg>Le Bluetooth ne desactive pas (via adb).</arg>
<doc>Fails if the given condition is true.</doc>
<status status="NOT RUN" start="2025-03-26T11:08:32.832071" elapsed="0.000011"/>
</kw>
<doc>Ce test vérifie si le Bluetooth peut être désactivé sur l'appareil en accédant aux paramètres.  Il vérifie que l'élément Bluetooth est bien présent, puis tente de désactiver Bluetooth et de vérifier son statut.</doc>
<status status="FAIL" start="2025-03-26T11:07:56.304835" elapsed="36.527381">WebDriverException: Message: An unknown server-side error occurred while processing the command. Original error: Could not proxy command to the remote server. Original error: socket hang up
Stacktrace:
UnknownError: An unknown server-side error occurred while processing the command. Original error: Could not proxy command to the remote server. Original error: socket hang up
    at UIA2Proxy.command (/usr/lib/node_modules/appium/node_modules/@appium/base-driver/lib/jsonwp-proxy/proxy.js:353:13)
    at processTicksAndRejections (node:internal/process/task_queues:105:5)
    at AndroidUiautomator2Driver.performActions (/home/androidusr/.appium/node_modules/appium-uiautomator2-driver/lib/commands/actions.js:88:3)</status>
</test>
<doc>Ce fichier contient des tests d'activation et de désactivation du Bluetooth sur un appareil Android. Les tests vérifient que les paramètres Bluetooth sont accessibles et que les actions d'activation/désactivation fonctionnent correctement. Les tests prennent en charge les interfaces en français et en anglais.</doc>
<status status="FAIL" start="2025-03-26T11:07:10.957695" elapsed="81.874942"/>
</suite>
<statistics>
<total>
<stat pass="0" fail="3" skip="0">All Tests</stat>
</total>
<tag>
</tag>
<suite>
<stat name="FonctionnaliteBluetooth" id="s1" pass="0" fail="3" skip="0">FonctionnaliteBluetooth</stat>
</suite>
</statistics>
<errors>
</errors>
</robot>
