<?xml version="1.0" encoding="UTF-8"?>
<robot generator="Robot 7.2.2 (Python 3.12.5 on win32)" generated="2025-04-15T14:50:39.404778" rpa="false" schemaversion="5">
<suite id="s1" name="InstallationApplications" source="C:\Users\bahae\Desktop\PfeProject\test_cases\InstallationApplications.robot">
<kw name="Démarrer Driver" type="SETUP">
<kw name="Setup Driver" owner="Integration">
<msg time="2025-04-15T14:50:46.258329" level="INFO">${driver} = &lt;appium.webdriver.webdriver.WebDriver (session="39a1327a-559e-43af-bf05-6693d13349fc")&gt;</msg>
<var>${driver}</var>
<arg>${Device}</arg>
<doc>Initialise et retourne le driver Appium.</doc>
<status status="PASS" start="2025-04-15T14:50:39.633370" elapsed="6.624959"/>
</kw>
<kw name="Set Suite Variable" owner="BuiltIn">
<msg time="2025-04-15T14:50:46.259329" level="INFO">${driver} = &lt;appium.webdriver.webdriver.WebDriver (session="39a1327a-559e-43af-bf05-6693d13349fc")&gt;</msg>
<arg>${driver}</arg>
<doc>Makes a variable available everywhere within the scope of the current suite.</doc>
<status status="PASS" start="2025-04-15T14:50:46.258329" elapsed="0.001000"/>
</kw>
<status status="PASS" start="2025-04-15T14:50:39.632369" elapsed="6.626960"/>
</kw>
<test id="s1-t1" name="Test Install Apk" line="26">
<kw name="Setup Driver" owner="Integration">
<msg time="2025-04-15T14:50:52.456789" level="INFO">${driver} = &lt;appium.webdriver.webdriver.WebDriver (session="91e00043-653a-48c3-84b7-4a8611b202de")&gt;</msg>
<var>${driver}</var>
<arg>${Device}</arg>
<doc>Initialise et retourne le driver Appium.</doc>
<status status="PASS" start="2025-04-15T14:50:46.259329" elapsed="6.197460"/>
</kw>
<kw name="Set Global Variable" owner="BuiltIn">
<msg time="2025-04-15T14:50:52.456789" level="INFO">${driver} = &lt;appium.webdriver.webdriver.WebDriver (session="91e00043-653a-48c3-84b7-4a8611b202de")&gt;</msg>
<arg>${driver}</arg>
<doc>Makes a variable available globally in all tests and suites.</doc>
<status status="PASS" start="2025-04-15T14:50:52.456789" elapsed="0.000000"/>
</kw>
<kw name="Search Application" owner="Integration">
<msg time="2025-04-15T14:51:32.609098" level="INFO">📌 Liste des applications détectées : ['Appium Settings', 'ARD Audiothek', 'Audio Bluetooth', 'Agenda', 'Crunchyroll', 'Google Assistant', 'Home Assistant', 'Local Media Player', 'Maps', 'Google\xa0Actualités', 'Téléphone', 'Play\xa0Store', 'Prime Video', 'Paramètres', 'SMS']
📌 First Home Page détectée : ['Appium Settings', 'ARD Audiothek', 'Audio Bluetooth', 'Agenda', 'Crunchyroll', 'Google Assistant', 'Home Assistant', 'Local Media Player', 'Maps', 'Google\xa0Actualités', 'Téléphone', 'Play\xa0Store', 'Prime Video', 'Paramètres', 'SMS']

📌 Liste des applications détectées : ['Appium Settings', 'ARD Audiothek', 'Audio Bluetooth', 'Agenda', 'Crunchyroll', 'Google Assistant', 'Home Assistant', 'Local Media Player', 'Maps', 'Google\xa0Actualités', 'Téléphone', 'Play\xa0Store', 'Prime Video', 'Paramètres', 'SMS']
✅ Retour à la first home page !
111111111111111111111
2222222222222222

📌 Liste des applications détectées : ['Appium Settings', 'ARD Audiothek', 'Audio Bluetooth', 'Agenda', 'Crunchyroll', 'Google Assistant', 'Home Assistant', 'Local Media Player', 'Maps', 'Google\xa0Actualités', 'Téléphone', 'Play\xa0Store', 'Prime Video', 'Paramètres', 'SMS']
444444444444444444444'

📌 Liste des applications détectées : ['Spotify', 'Vivaldi Browser', 'YouTube']
6666666666666666666
🔄 Swipe en cours...
2222222222222222

📌 Liste des applications détectées : ['Spotify', 'Vivaldi Browser', 'YouTube']
444444444444444444444'

📌 Liste des applications détectées : ['Spotify', 'Vivaldi Browser', 'YouTube']
55555555555555555
✅ Retour à la first home page !</msg>
<msg time="2025-04-15T14:51:32.609098" level="INFO">${isInsUi} = False</msg>
<var>${isInsUi}</var>
<arg>${driver}</arg>
<arg>TestNotificationapk</arg>
<status status="PASS" start="2025-04-15T14:50:52.456789" elapsed="40.152309"/>
</kw>
<kw name="Log" owner="BuiltIn">
<msg time="2025-04-15T14:51:32.609098" level="INFO">False</msg>
<arg>${isInsUi}</arg>
<doc>Logs the given message with the given level.</doc>
<status status="PASS" start="2025-04-15T14:51:32.609098" elapsed="0.000000"/>
</kw>
<kw name="Is App Installed" owner="Integration">
<msg time="2025-04-15T14:51:32.674715" level="INFO">${isIns} = True</msg>
<var>${isIns}</var>
<arg>${driver}</arg>
<arg>actia.pfe25.testnotificationapk</arg>
<doc>Vérifie si une application est installée sur l'appareil via ADB.</doc>
<status status="PASS" start="2025-04-15T14:51:32.609098" elapsed="0.065617"/>
</kw>
<kw name="Log" owner="BuiltIn">
<msg time="2025-04-15T14:51:32.674715" level="INFO">True</msg>
<arg>${isIns}</arg>
<doc>Logs the given message with the given level.</doc>
<status status="PASS" start="2025-04-15T14:51:32.674715" elapsed="0.000000"/>
</kw>
<kw name="Install Apk" owner="Integration">
<msg time="2025-04-15T14:51:33.629740" level="INFO">Installation réussie : Performing Streamed Install
Success</msg>
<arg>${driver}</arg>
<arg>automotive-Notification_Test.apk</arg>
<doc>Installe un fichier APK sur un appareil Android via ADB.</doc>
<status status="PASS" start="2025-04-15T14:51:32.674715" elapsed="0.955025"/>
</kw>
<kw name="Is App Installed" owner="Integration">
<msg time="2025-04-15T14:51:33.819763" level="INFO">${isIns} = True</msg>
<var>${isIns}</var>
<arg>${driver}</arg>
<arg>actia.pfe25.testnotificationapk</arg>
<doc>Vérifie si une application est installée sur l'appareil via ADB.</doc>
<status status="PASS" start="2025-04-15T14:51:33.629740" elapsed="0.190023"/>
</kw>
<kw name="Log" owner="BuiltIn">
<msg time="2025-04-15T14:51:33.820765" level="INFO">True</msg>
<arg>${isIns}</arg>
<doc>Logs the given message with the given level.</doc>
<status status="PASS" start="2025-04-15T14:51:33.820765" elapsed="0.000000"/>
</kw>
<kw name="Run Keyword And Continue On Failure" owner="BuiltIn">
<kw name="Should Be True" owner="BuiltIn">
<arg>${isIns}</arg>
<arg>The application is not installed via adb</arg>
<doc>Fails if the given condition is not true.</doc>
<status status="PASS" start="2025-04-15T14:51:33.820765" elapsed="0.000000"/>
</kw>
<arg>Should Be True</arg>
<arg>${isIns}</arg>
<arg>The application is not installed via adb</arg>
<doc>Runs the keyword and continues execution even if a failure occurs.</doc>
<status status="PASS" start="2025-04-15T14:51:33.820765" elapsed="0.000000"/>
</kw>
<kw name="Search Application" owner="Integration">
<msg time="2025-04-15T14:52:21.646425" level="INFO">📌 Liste des applications détectées : ['Appium Settings', 'ARD Audiothek', 'Audio Bluetooth', 'Agenda', 'Crunchyroll', 'Google Assistant', 'Home Assistant', 'Local Media Player', 'Maps', 'Google\xa0Actualités', 'Téléphone', 'Play\xa0Store', 'Prime Video', 'Paramètres', 'SMS']
📌 First Home Page détectée : ['Appium Settings', 'ARD Audiothek', 'Audio Bluetooth', 'Agenda', 'Crunchyroll', 'Google Assistant', 'Home Assistant', 'Local Media Player', 'Maps', 'Google\xa0Actualités', 'Téléphone', 'Play\xa0Store', 'Prime Video', 'Paramètres', 'SMS']

📌 Liste des applications détectées : ['Appium Settings', 'ARD Audiothek', 'Audio Bluetooth', 'Agenda', 'Crunchyroll', 'Google Assistant', 'Home Assistant', 'Local Media Player', 'Maps', 'Google\xa0Actualités', 'Téléphone', 'Play\xa0Store', 'Prime Video', 'Paramètres', 'SMS']
✅ Retour à la first home page !
111111111111111111111
2222222222222222

📌 Liste des applications détectées : ['Appium Settings', 'ARD Audiothek', 'Audio Bluetooth', 'Agenda', 'Crunchyroll', 'Google Assistant', 'Home Assistant', 'Local Media Player', 'Maps', 'Google\xa0Actualités', 'Téléphone', 'Play\xa0Store', 'Prime Video', 'Paramètres', 'SMS']
444444444444444444444'

📌 Liste des applications détectées : ['Spotify', 'Vivaldi Browser', 'YouTube', 'TestNotificationapk']
6666666666666666666
🔄 Swipe en cours...
2222222222222222

📌 Liste des applications détectées : ['Spotify', 'Vivaldi Browser', 'YouTube', 'TestNotificationapk']
3333333333333333333
837 209 1078 247</msg>
<msg time="2025-04-15T14:52:21.647425" level="INFO">${isInsUi} = True</msg>
<var>${isInsUi}</var>
<arg>${driver}</arg>
<arg>TestNotificationapk</arg>
<status status="PASS" start="2025-04-15T14:51:33.820765" elapsed="47.826660"/>
</kw>
<kw name="Run Keyword And Continue On Failure" owner="BuiltIn">
<kw name="Should Be True" owner="BuiltIn">
<arg>${isInsUi}</arg>
<arg>The installed application is not displayed (via adb)</arg>
<doc>Fails if the given condition is not true.</doc>
<status status="PASS" start="2025-04-15T14:52:21.647425" elapsed="0.000000"/>
</kw>
<arg>Should Be True</arg>
<arg>${isInsUi}</arg>
<arg>The installed application is not displayed (via adb)</arg>
<doc>Runs the keyword and continues execution even if a failure occurs.</doc>
<status status="PASS" start="2025-04-15T14:52:21.647425" elapsed="0.000000"/>
</kw>
<status status="PASS" start="2025-04-15T14:50:46.259329" elapsed="95.388096"/>
</test>
<test id="s1-t2" name="Test Uninstall Application" line="44">
<kw name="Get System Language" owner="Integration">
<msg time="2025-04-15T14:52:21.710423" level="INFO">${lang} = fr</msg>
<var>${lang}</var>
<arg>${Device}</arg>
<status status="PASS" start="2025-04-15T14:52:21.648423" elapsed="0.062000"/>
</kw>
<if>
<branch type="IF" condition="'${lang}' == 'fr'">
<kw name="Set Variable" owner="BuiltIn">
<msg time="2025-04-15T14:52:21.711422" level="INFO">${System} = Système</msg>
<var>${System}</var>
<arg>Système</arg>
<doc>Returns the given values which can then be assigned to a variables.</doc>
<status status="PASS" start="2025-04-15T14:52:21.710423" elapsed="0.000999"/>
</kw>
<kw name="Set Variable" owner="BuiltIn">
<msg time="2025-04-15T14:52:21.711422" level="INFO">${Setting} = Paramètres</msg>
<var>${Setting}</var>
<arg>Paramètres</arg>
<doc>Returns the given values which can then be assigned to a variables.</doc>
<status status="PASS" start="2025-04-15T14:52:21.711422" elapsed="0.000000"/>
</kw>
<kw name="Set Variable" owner="BuiltIn">
<msg time="2025-04-15T14:52:21.711422" level="INFO">${apps} = Applis</msg>
<var>${apps}</var>
<arg>Applis</arg>
<doc>Returns the given values which can then be assigned to a variables.</doc>
<status status="PASS" start="2025-04-15T14:52:21.711422" elapsed="0.000000"/>
</kw>
<kw name="Set Variable" owner="BuiltIn">
<msg time="2025-04-15T14:52:21.711422" level="INFO">${Consulter_allapps} = Voir les</msg>
<var>${Consulter_allapps}</var>
<arg>Voir les</arg>
<doc>Returns the given values which can then be assigned to a variables.</doc>
<status status="PASS" start="2025-04-15T14:52:21.711422" elapsed="0.000000"/>
</kw>
<kw name="Set Variable" owner="BuiltIn">
<msg time="2025-04-15T14:52:21.711422" level="INFO">${DesButton} = Désinstaller</msg>
<var>${DesButton}</var>
<arg>Désinstaller</arg>
<doc>Returns the given values which can then be assigned to a variables.</doc>
<status status="PASS" start="2025-04-15T14:52:21.711422" elapsed="0.000000"/>
</kw>
<kw name="Set Variable" owner="BuiltIn">
<msg time="2025-04-15T14:52:21.711422" level="INFO">${confirme} = OK</msg>
<var>${confirme}</var>
<arg>OK</arg>
<doc>Returns the given values which can then be assigned to a variables.</doc>
<status status="PASS" start="2025-04-15T14:52:21.711422" elapsed="0.000000"/>
</kw>
<status status="PASS" start="2025-04-15T14:52:21.710423" elapsed="0.000999"/>
</branch>
<branch type="ELSE">
<kw name="Set Variable" owner="BuiltIn">
<var>${System}</var>
<arg>System</arg>
<doc>Returns the given values which can then be assigned to a variables.</doc>
<status status="NOT RUN" start="2025-04-15T14:52:21.711422" elapsed="0.000000"/>
</kw>
<kw name="Set Variable" owner="BuiltIn">
<var>${Setting}</var>
<arg>Settings</arg>
<doc>Returns the given values which can then be assigned to a variables.</doc>
<status status="NOT RUN" start="2025-04-15T14:52:21.711422" elapsed="0.000000"/>
</kw>
<kw name="Set Variable" owner="BuiltIn">
<var>${apps}</var>
<arg>Apps</arg>
<doc>Returns the given values which can then be assigned to a variables.</doc>
<status status="NOT RUN" start="2025-04-15T14:52:21.711422" elapsed="0.000000"/>
</kw>
<kw name="Set Variable" owner="BuiltIn">
<var>${Consulter_allapps}</var>
<arg>View all</arg>
<doc>Returns the given values which can then be assigned to a variables.</doc>
<status status="NOT RUN" start="2025-04-15T14:52:21.711422" elapsed="0.000000"/>
</kw>
<kw name="Set Variable" owner="BuiltIn">
<var>${DesButton}</var>
<arg>Uninstall</arg>
<doc>Returns the given values which can then be assigned to a variables.</doc>
<status status="NOT RUN" start="2025-04-15T14:52:21.711422" elapsed="0.000000"/>
</kw>
<kw name="Set Variable" owner="BuiltIn">
<var>${confirme}</var>
<arg>OK</arg>
<doc>Returns the given values which can then be assigned to a variables.</doc>
<status status="NOT RUN" start="2025-04-15T14:52:21.712423" elapsed="0.000000"/>
</kw>
<status status="NOT RUN" start="2025-04-15T14:52:21.711422" elapsed="0.001001"/>
</branch>
<status status="PASS" start="2025-04-15T14:52:21.710423" elapsed="0.002000"/>
</if>
<kw name="Open Application With Click" owner="Integration">
<msg time="2025-04-15T14:52:51.066586" level="INFO">Erreur lors de la récupération d'un élément : Message: Cached elements 'By.xpath: //*' do not exist in DOM anymore; For documentation on this error, please visit: https://www.selenium.dev/documentation/webdriver/troubleshooting/errors#stale-element-reference-exception
Stacktrace:
io.appium.uiautomator2.common.exceptions.StaleElementReferenceException: Cached elements 'By.xpath: //*' do not exist in DOM anymore
	at io.appium.uiautomator2.model.ElementsCache.restore(ElementsCache.java:78)
	at io.appium.uiautomator2.model.ElementsCache.get(ElementsCache.java:153)
	at io.appium.uiautomator2.handler.GetElementAttribute.safeHandle(GetElementAttribute.java:23)
	at io.appium.uiautomator2.handler.request.SafeRequestHandler.handle(SafeRequestHandler.java:59)
	at io.appium.uiautomator2.server.AppiumServlet.handleRequest(AppiumServlet.java:259)
	at io.appium.uiautomator2.server.AppiumServlet.handleHttpRequest(AppiumServlet.java:253)
	at io.appium.uiautomator2.http.ServerHandler.channelRead(ServerHandler.java:77)
	at io.netty.channel.AbstractChannelHandlerContext.invokeChannelRead(AbstractChannelHandlerContext.java:366)
	at io.netty.channel.AbstractChannelHandlerContext.invokeChannelRead(AbstractChannelHandlerContext.java:352)
	at io.netty.channel.AbstractChannelHandlerContext.fireChannelRead(AbstractChannelHandlerContext.java:345)
	at io.netty.handler.codec.MessageToMessageDecoder.channelRead(MessageToMessageDecoder.java:102)
	at io.netty.channel.AbstractChannelHandlerContext.invokeChannelRead(AbstractChannelHandlerContext.java:366)
	at io.netty.channel.AbstractChannelHandlerContext.invokeChannelRead(AbstractChannelHandlerContext.java:352)
	at io.netty.channel.AbstractChannelHandlerContext.fireChannelRead(AbstractChannelHandlerContext.java:345)
	at io.netty.channel.CombinedChannelDuplexHandler$DelegatingChannelHandlerContext.fireChannelRead(CombinedChannelDuplexHandler.java:435)
	at io.netty.handler.codec.ByteToMessageDecoder.fireChannelRead(ByteToMessageDecoder.java:293)
	at io.netty.handler.codec.ByteToMessageDecoder.channelRead(ByteToMessageDecoder.java:267)
	at io.netty.channel.CombinedChannelDuplexHandler.channelRead(CombinedChannelDuplexHandler.java:250)
	at io.netty.channel.AbstractChannelHandlerContext.invokeChannelRead(AbstractChannelHandlerContext.java:366)
	at io.netty.channel.AbstractChannelHandlerContext.invokeChannelRead(AbstractChannelHandlerContext.java:352)
	at io.netty.channel.AbstractChannelHandlerContext.fireChannelRead(AbstractChannelHandlerContext.java:345)
	at io.netty.handler.timeout.IdleStateHandler.channelRead(IdleStateHandler.java:266)
	at io.netty.channel.AbstractChannelHandlerContext.invokeChannelRead(AbstractChannelHandlerContext.java:366)
	at io.netty.channel.AbstractChannelHandlerContext.invokeChannelRead(AbstractChannelHandlerContext.java:352)
	at io.netty.channel.AbstractChannelHandlerContext.fireChannelRead(AbstractChannelHandlerContext.java:345)
	at io.netty.channel.DefaultChannelPipeline$HeadContext.channelRead(DefaultChannelPipeline.java:1294)
	at io.netty.channel.AbstractChannelHandlerContext.invokeChannelRead(AbstractChannelHandlerContext.java:366)
	at io.netty.channel.AbstractChannelHandlerContext.invokeChannelRead(AbstractChannelHandlerContext.java:352)
	at io.netty.channel.DefaultChannelPipeline.fireChannelRead(DefaultChannelPipeline.java:911)
	at io.netty.channel.nio.AbstractNioByteChannel$NioByteUnsafe.read(AbstractNioByteChannel.java:131)
	at io.netty.channel.nio.NioEventLoop.processSelectedKey(NioEventLoop.java:611)
	at io.netty.channel.nio.NioEventLoop.processSelectedKeysOptimized(NioEventLoop.java:552)
	at io.netty.channel.nio.NioEventLoop.processSelectedKeys(NioEventLoop.java:466)
	at io.netty.channel.nio.NioEventLoop.run(NioEventLoop.java:438)
	at io.netty.util.concurrent.SingleThreadEventExecutor$2.run(SingleThreadEventExecutor.java:140)
	at io.netty.util.concurrent.DefaultThreadFactory$DefaultRunnableDecorator.run(DefaultThreadFactory.java:144)
	at java.lang.Thread.run(Thread.java:1012)


📌 Liste des applications détectées : []
📌 First Home Page détectée : []

📌 Liste des applications détectées : ['Appium Settings', 'ARD Audiothek', 'Audio Bluetooth', 'Agenda', 'Crunchyroll', 'Google Assistant', 'Home Assistant', 'Local Media Player', 'Maps', 'Google\xa0Actualités', 'Téléphone', 'Play\xa0Store', 'Prime Video', 'Paramètres', 'SMS']
🔄 Swipe en cours...

📌 Liste des applications détectées : ['Appium Settings', 'ARD Audiothek', 'Audio Bluetooth', 'Agenda', 'Crunchyroll', 'Google Assistant', 'Home Assistant', 'Local Media Player', 'Maps', 'Google\xa0Actualités', 'Téléphone', 'Play\xa0Store', 'Prime Video', 'Paramètres', 'SMS']
✅ Retour à la first home page !

📌 Liste des applications détectées : ['Appium Settings', 'ARD Audiothek', 'Audio Bluetooth', 'Agenda', 'Crunchyroll', 'Google Assistant', 'Home Assistant', 'Local Media Player', 'Maps', 'Google\xa0Actualités', 'Téléphone', 'Play\xa0Store', 'Prime Video', 'Paramètres', 'SMS']
884 619 1028 657</msg>
<msg time="2025-04-15T14:52:51.067587" level="INFO">${resultat} = True</msg>
<var>${resultat}</var>
<arg>${driver}</arg>
<arg>${Setting}</arg>
<status status="PASS" start="2025-04-15T14:52:21.712423" elapsed="29.355164"/>
</kw>
<kw name="Sleep" owner="BuiltIn">
<msg time="2025-04-15T14:52:52.068448" level="INFO">Slept 1 second.</msg>
<arg>1s</arg>
<doc>Pauses the test executed for the given time.</doc>
<status status="PASS" start="2025-04-15T14:52:51.067587" elapsed="1.000861"/>
</kw>
<kw name="Check Element Exists By Id" owner="Integration">
<msg time="2025-04-15T14:52:52.123183" level="INFO">${Verfier} = True</msg>
<var>${Verfier}</var>
<arg>${driver}</arg>
<arg>${Setting_xpath_id}</arg>
<doc>Vérifie si un élément existe en utilisant son ID.</doc>
<status status="PASS" start="2025-04-15T14:52:52.068448" elapsed="0.055737"/>
</kw>
<kw name="Should Be True" owner="BuiltIn">
<arg>${Verfier}</arg>
<arg>Settings is not displayed.</arg>
<doc>Fails if the given condition is not true.</doc>
<status status="PASS" start="2025-04-15T14:52:52.124185" elapsed="0.000000"/>
</kw>
<kw name="Clique Sur Setting" owner="Integration">
<msg time="2025-04-15T14:53:16.449745" level="INFO">📌 Liste des applications détectées : ['Bluetooth', 'Réseau et Internet', 'Notifications', 'Son', 'Écran', 'Profils et comptes', 'Position', 'Comptes de Driver', 'bahaeddine1919@gmail.com', 'Ajouter un compte']
📌 First Home Page détectée : ['Bluetooth', 'Réseau et Internet', 'Notifications', 'Son', 'Écran', 'Profils et comptes', 'Position', 'Comptes de Driver', 'bahaeddine1919@gmail.com', 'Ajouter un compte']
🔄 Swipe #1 en cours...

📌 Liste des applications détectées : ['Bluetooth', 'Réseau et Internet', 'Notifications', 'Son', 'Écran', 'Profils et comptes', 'Position', 'Comptes de Driver', 'bahaeddine1919@gmail.com', 'Ajouter un compte']
✅ Retour à la first home page !
📌 First Home Page détectée : ['Son', 'Bluetooth', 'Écran', 'Position', 'Profils et comptes', 'Réseau et Internet', 'Notifications']
🔄 Swipe #1 effectué...
✅ 'Applis' trouvé ! Appui en cours...</msg>
<arg>${driver}</arg>
<arg>${apps}</arg>
<arg>${Setting_menu}</arg>
<status status="PASS" start="2025-04-15T14:52:52.124185" elapsed="24.325560"/>
</kw>
<kw name="Clique Sur Setting Include" owner="Integration">
<msg time="2025-04-15T14:54:01.542172" level="INFO">📌 Liste des applications détectées : ['Position', 'Confidentialité', 'Accessibilité', 'Sécurité', 'Applis', 'Assistant et voix', 'Système', 'Ouvertes récemment', 'Maps', 'Google Assistant', 'YouTube', 'Voir les 20\xa0applis']
📌 First Home Page détectée : ['Position', 'Confidentialité', 'Accessibilité', 'Sécurité', 'Applis', 'Assistant et voix', 'Système', 'Ouvertes récemment', 'Maps', 'Google Assistant', 'YouTube', 'Voir les 20\xa0applis']
🔄 Swipe #1 en cours...

📌 Liste des applications détectées : ['Bluetooth', 'Réseau et Internet', 'Notifications', 'Son', 'Écran', 'Profils et comptes', 'Position', 'Ouvertes récemment', 'Maps', 'Google Assistant', 'YouTube', 'Voir les 20\xa0applis']
🔄 Swipe #2 en cours...

📌 Liste des applications détectées : ['Bluetooth', 'Réseau et Internet', 'Notifications', 'Son', 'Écran', 'Profils et comptes', 'Position', 'Ouvertes récemment', 'Maps', 'Google Assistant', 'YouTube', 'Voir les 20\xa0applis']
✅ Retour à la first home page !
First Home Page détectée : ['Il y a 52 secondes', 'Google Assistant', 'YouTube', 'Maps', 'Il y a 27 secondes', 'Ouvertes récemment', 'Voir les 20\xa0applis']
 Voir les trouvé ! Appui sur le texte contenant 'Voir les 20 applis'.</msg>
<arg>${driver}</arg>
<arg>${Consulter_allapps}</arg>
<arg>${Setting_system}</arg>
<status status="PASS" start="2025-04-15T14:53:16.449745" elapsed="45.092427"/>
</kw>
<kw name="Clique Sur Setting" owner="Integration">
<msg time="2025-04-15T14:54:43.933270" level="INFO">📌 Liste des applications détectées : ['Bluetooth', 'Réseau et Internet', 'Notifications', 'Son', 'Écran', 'Profils et comptes', 'Position', 'Masquer les applications système', 'Agenda', "Alertes d'urgence sans fil", 'Appium Settings', 'ARD Audiothek']
📌 First Home Page détectée : ['Bluetooth', 'Réseau et Internet', 'Notifications', 'Son', 'Écran', 'Profils et comptes', 'Position', 'Masquer les applications système', 'Agenda', "Alertes d'urgence sans fil", 'Appium Settings', 'ARD Audiothek']
🔄 Swipe #1 en cours...

📌 Liste des applications détectées : ['Bluetooth', 'Réseau et Internet', 'Notifications', 'Son', 'Écran', 'Profils et comptes', 'Position', 'Masquer les applications système', 'Agenda', "Alertes d'urgence sans fil", 'Appium Settings', 'ARD Audiothek']
✅ Retour à la first home page !
📌 First Home Page détectée : ['Appium Settings', '32,77\u202fko', '90,11\u202fko', "Alertes d'urgence sans fil", 'Agenda', 'Masquer les applications système', 'ARD Audiothek', '2,88\u202fMo']
🔄 Swipe #1 effectué...
🔄 Swipe #2 effectué...
🔄 Swipe #3 effectué...
🔄 Swipe #4 effectué...
✅ 'TestNotificationapk' trouvé ! Appui en cours...</msg>
<arg>${driver}</arg>
<arg>TestNotificationapk</arg>
<arg>${Setting_system}</arg>
<status status="PASS" start="2025-04-15T14:54:01.543173" elapsed="42.390097"/>
</kw>
<kw name="Click Element By Text Att" owner="Integration">
<arg>${driver}</arg>
<arg>${DesButton}</arg>
<status status="PASS" start="2025-04-15T14:54:43.933270" elapsed="1.527794"/>
</kw>
<kw name="Sleep" owner="BuiltIn">
<msg time="2025-04-15T14:54:46.461440" level="INFO">Slept 1 second.</msg>
<arg>1s</arg>
<doc>Pauses the test executed for the given time.</doc>
<status status="PASS" start="2025-04-15T14:54:45.461064" elapsed="1.000376"/>
</kw>
<kw name="Click Element By Text" owner="Integration">
<msg time="2025-04-15T14:54:47.409258" level="INFO">Clic effectué sur l'élément avec le texte: OK</msg>
<arg>${driver}</arg>
<arg>${confirme}</arg>
<status status="PASS" start="2025-04-15T14:54:46.461440" elapsed="0.947818"/>
</kw>
<kw name="Search Application" owner="Integration">
<msg time="2025-04-15T14:55:26.449894" level="INFO">📌 Liste des applications détectées : ['Appium Settings', 'ARD Audiothek', 'Audio Bluetooth', 'Agenda', 'Crunchyroll', 'Google Assistant', 'Home Assistant', 'Local Media Player', 'Maps', 'Google\xa0Actualités', 'Téléphone', 'Play\xa0Store', 'Prime Video', 'Paramètres', 'SMS']
📌 First Home Page détectée : ['Appium Settings', 'ARD Audiothek', 'Audio Bluetooth', 'Agenda', 'Crunchyroll', 'Google Assistant', 'Home Assistant', 'Local Media Player', 'Maps', 'Google\xa0Actualités', 'Téléphone', 'Play\xa0Store', 'Prime Video', 'Paramètres', 'SMS']

📌 Liste des applications détectées : ['Appium Settings', 'ARD Audiothek', 'Audio Bluetooth', 'Agenda', 'Crunchyroll', 'Google Assistant', 'Home Assistant', 'Local Media Player', 'Maps', 'Google\xa0Actualités', 'Téléphone', 'Play\xa0Store', 'Prime Video', 'Paramètres', 'SMS']
✅ Retour à la first home page !
111111111111111111111
2222222222222222

📌 Liste des applications détectées : ['Appium Settings', 'ARD Audiothek', 'Audio Bluetooth', 'Agenda', 'Crunchyroll', 'Google Assistant', 'Home Assistant', 'Local Media Player', 'Maps', 'Google\xa0Actualités', 'Téléphone', 'Play\xa0Store', 'Prime Video', 'Paramètres', 'SMS']
444444444444444444444'

📌 Liste des applications détectées : ['Spotify', 'Vivaldi Browser', 'YouTube', 'TestNotificationapk']
6666666666666666666
🔄 Swipe en cours...
2222222222222222

📌 Liste des applications détectées : ['Spotify', 'Vivaldi Browser', 'YouTube', 'TestNotificationapk']
3333333333333333333
837 209 1078 247</msg>
<msg time="2025-04-15T14:55:26.449894" level="INFO">${isInsUi} = True</msg>
<var>${isInsUi}</var>
<arg>${driver}</arg>
<arg>TestNotificationapk</arg>
<status status="PASS" start="2025-04-15T14:54:47.409258" elapsed="39.040636"/>
</kw>
<kw name="Run Keyword And Continue On Failure" owner="BuiltIn">
<kw name="Should Not Be True" owner="BuiltIn">
<msg time="2025-04-15T14:55:26.450895" level="FAIL">The uninstalled application is displayed</msg>
<arg>${isInsUi}</arg>
<arg>The uninstalled application is displayed</arg>
<doc>Fails if the given condition is true.</doc>
<status status="FAIL" start="2025-04-15T14:55:26.450895" elapsed="0.000000">The uninstalled application is displayed</status>
</kw>
<arg>Should Not Be True</arg>
<arg>${isInsUi}</arg>
<arg>The uninstalled application is displayed</arg>
<doc>Runs the keyword and continues execution even if a failure occurs.</doc>
<status status="FAIL" start="2025-04-15T14:55:26.450895" elapsed="0.000000">The uninstalled application is displayed</status>
</kw>
<kw name="Is App Installed" owner="Integration">
<msg time="2025-04-15T14:55:26.513894" level="INFO">${isIns} = True</msg>
<var>${isIns}</var>
<arg>${driver}</arg>
<arg>actia.pfe25.testnotificationapk</arg>
<doc>Vérifie si une application est installée sur l'appareil via ADB.</doc>
<status status="PASS" start="2025-04-15T14:55:26.450895" elapsed="0.062999"/>
</kw>
<kw name="Log" owner="BuiltIn">
<msg time="2025-04-15T14:55:26.513894" level="INFO">True</msg>
<arg>${isIns}</arg>
<doc>Logs the given message with the given level.</doc>
<status status="PASS" start="2025-04-15T14:55:26.513894" elapsed="0.000000"/>
</kw>
<kw name="Run Keyword And Continue On Failure" owner="BuiltIn">
<kw name="Should Not Be True" owner="BuiltIn">
<msg time="2025-04-15T14:55:26.513894" level="FAIL">The application is not uninstalled correctly (via adb)</msg>
<arg>${isIns}</arg>
<arg>The application is not uninstalled correctly (via adb)</arg>
<doc>Fails if the given condition is true.</doc>
<status status="FAIL" start="2025-04-15T14:55:26.513894" elapsed="0.000000">The application is not uninstalled correctly (via adb)</status>
</kw>
<arg>Should Not Be True</arg>
<arg>${isIns}</arg>
<arg>The application is not uninstalled correctly (via adb)</arg>
<doc>Runs the keyword and continues execution even if a failure occurs.</doc>
<status status="FAIL" start="2025-04-15T14:55:26.513894" elapsed="0.000000">The application is not uninstalled correctly (via adb)</status>
</kw>
<kw name="Close Driver" owner="Integration">
<arg>${driver}</arg>
<doc>Ferme proprement le driver Appium.</doc>
<status status="PASS" start="2025-04-15T14:55:26.513894" elapsed="0.228859"/>
</kw>
<status status="FAIL" start="2025-04-15T14:52:21.648423" elapsed="185.094330">Several failures occurred:

1) The uninstalled application is displayed

2) The application is not uninstalled correctly (via adb)</status>
</test>
<kw name="Fermer Driver" type="TEARDOWN">
<kw name="Close Driver" owner="Integration">
<msg time="2025-04-15T14:55:26.748751" level="FAIL">InvalidSessionIdException: Message: A session is either terminated or not started
Stacktrace:
NoSuchDriverError: A session is either terminated or not started
    at asyncHandler (C:\Users\bahae\AppData\Roaming\npm\node_modules\appium\node_modules\@appium\base-driver\lib\protocol\protocol.js:309:15)
    at C:\Users\bahae\AppData\Roaming\npm\node_modules\appium\node_modules\@appium\base-driver\lib\protocol\protocol.js:512:15
    at Layer.handle [as handle_request] (C:\Users\bahae\AppData\Roaming\npm\node_modules\appium\node_modules\express\lib\router\layer.js:95:5)
    at next (C:\Users\bahae\AppData\Roaming\npm\node_modules\appium\node_modules\express\lib\router\route.js:149:13)
    at Route.dispatch (C:\Users\bahae\AppData\Roaming\npm\node_modules\appium\node_modules\express\lib\router\route.js:119:3)
    at Layer.handle [as handle_request] (C:\Users\bahae\AppData\Roaming\npm\node_modules\appium\node_modules\express\lib\router\layer.js:95:5)
    at C:\Users\bahae\AppData\Roaming\npm\node_modules\appium\node_modules\express\lib\router\index.js:284:15
    at param (C:\Users\bahae\AppData\Roaming\npm\node_modules\appium\node_modules\express\lib\router\index.js:365:14)
    at param (C:\Users\bahae\AppData\Roaming\npm\node_modules\appium\node_modules\express\lib\router\index.js:376:14)
    at Function.process_params (C:\Users\bahae\AppData\Roaming\npm\node_modules\appium\node_modules\express\lib\router\index.js:421:3)
    at next (C:\Users\bahae\AppData\Roaming\npm\node_modules\appium\node_modules\express\lib\router\index.js:280:10)
    at logger (C:\Users\bahae\AppData\Roaming\npm\node_modules\appium\node_modules\morgan\index.js:144:5)
    at Layer.handle [as handle_request] (C:\Users\bahae\AppData\Roaming\npm\node_modules\appium\node_modules\express\lib\router\layer.js:95:5)
    at trim_prefix (C:\Users\bahae\AppData\Roaming\npm\node_modules\appium\node_modules\express\lib\router\index.js:328:13)
    at C:\Users\bahae\AppData\Roaming\npm\node_modules\appium\node_modules\express\lib\router\index.js:286:9
    at Function.process_params (C:\Users\bahae\AppData\Roaming\npm\node_modules\appium\node_modules\express\lib\router\index.js:346:12)
    at next (C:\Users\bahae\AppData\Roaming\npm\node_modules\appium\node_modules\express\lib\router\index.js:280:10)
    at jsonParser (C:\Users\bahae\AppData\Roaming\npm\node_modules\appium\node_modules\body-parser\lib\types\json.js:113:7)
    at Layer.handle [as handle_request] (C:\Users\bahae\AppData\Roaming\npm\node_modules\appium\node_modules\express\lib\router\layer.js:95:5)
    at trim_prefix (C:\Users\bahae\AppData\Roaming\npm\node_modules\appium\node_modules\express\lib\router\index.js:328:13)
    at C:\Users\bahae\AppData\Roaming\npm\node_modules\appium\node_modules\express\lib\router\index.js:286:9
    at Function.process_params (C:\Users\bahae\AppData\Roaming\npm\node_modules\appium\node_modules\express\lib\router\index.js:346:12)</msg>
<arg>${driver}</arg>
<doc>Ferme proprement le driver Appium.</doc>
<status status="FAIL" start="2025-04-15T14:55:26.743751" elapsed="0.006004">InvalidSessionIdException: Message: A session is either terminated or not started
Stacktrace:
NoSuchDriverError: A session is either terminated or not started
    at asyncHandler (C:\Users\bahae\AppData\Roaming\npm\node_modules\appium\node_modules\@appium\base-driver\lib\protocol\protocol.js:309:15)
    at C:\Users\bahae\AppData\Roaming\npm\node_modules\appium\node_modules\@appium\base-driver\lib\protocol\protocol.js:512:15
    at Layer.handle [as handle_request] (C:\Users\bahae\AppData\Roaming\npm\node_modules\appium\node_modules\express\lib\router\layer.js:95:5)
    at next (C:\Users\bahae\AppData\Roaming\npm\node_modules\appium\node_modules\express\lib\router\route.js:149:13)
    at Route.dispatch (C:\Users\bahae\AppData\Roaming\npm\node_modules\appium\node_modules\express\lib\router\route.js:119:3)
    at Layer.handle [as handle_request] (C:\Users\bahae\AppData\Roaming\npm\node_modules\appium\node_modules\express\lib\router\layer.js:95:5)
    at C:\Users\bahae\AppData\Roaming\npm\node_modules\appium\node_modules\express\lib\router\index.js:284:15
    at param (C:\Users\bahae\AppData\Roaming\npm\node_modules\appium\node_modules\express\lib\router\index.js:365:14)
    [ Message content over the limit has been removed. ]
    at Layer.handle [as handle_request] (C:\Users\bahae\AppData\Roaming\npm\node_modules\appium\node_modules\express\lib\router\layer.js:95:5)
    at trim_prefix (C:\Users\bahae\AppData\Roaming\npm\node_modules\appium\node_modules\express\lib\router\index.js:328:13)
    at C:\Users\bahae\AppData\Roaming\npm\node_modules\appium\node_modules\express\lib\router\index.js:286:9
    at Function.process_params (C:\Users\bahae\AppData\Roaming\npm\node_modules\appium\node_modules\express\lib\router\index.js:346:12)
    at next (C:\Users\bahae\AppData\Roaming\npm\node_modules\appium\node_modules\express\lib\router\index.js:280:10)
    at jsonParser (C:\Users\bahae\AppData\Roaming\npm\node_modules\appium\node_modules\body-parser\lib\types\json.js:113:7)
    at Layer.handle [as handle_request] (C:\Users\bahae\AppData\Roaming\npm\node_modules\appium\node_modules\express\lib\router\layer.js:95:5)
    at trim_prefix (C:\Users\bahae\AppData\Roaming\npm\node_modules\appium\node_modules\express\lib\router\index.js:328:13)
    at C:\Users\bahae\AppData\Roaming\npm\node_modules\appium\node_modules\express\lib\router\index.js:286:9
    at Function.process_params (C:\Users\bahae\AppData\Roaming\npm\node_modules\appium\node_modules\express\lib\router\index.js:346:12)</status>
</kw>
<status status="FAIL" start="2025-04-15T14:55:26.742753" elapsed="0.008000">InvalidSessionIdException: Message: A session is either terminated or not started
Stacktrace:
NoSuchDriverError: A session is either terminated or not started
    at asyncHandler (C:\Users\bahae\AppData\Roaming\npm\node_modules\appium\node_modules\@appium\base-driver\lib\protocol\protocol.js:309:15)
    at C:\Users\bahae\AppData\Roaming\npm\node_modules\appium\node_modules\@appium\base-driver\lib\protocol\protocol.js:512:15
    at Layer.handle [as handle_request] (C:\Users\bahae\AppData\Roaming\npm\node_modules\appium\node_modules\express\lib\router\layer.js:95:5)
    at next (C:\Users\bahae\AppData\Roaming\npm\node_modules\appium\node_modules\express\lib\router\route.js:149:13)
    at Route.dispatch (C:\Users\bahae\AppData\Roaming\npm\node_modules\appium\node_modules\express\lib\router\route.js:119:3)
    at Layer.handle [as handle_request] (C:\Users\bahae\AppData\Roaming\npm\node_modules\appium\node_modules\express\lib\router\layer.js:95:5)
    at C:\Users\bahae\AppData\Roaming\npm\node_modules\appium\node_modules\express\lib\router\index.js:284:15
    at param (C:\Users\bahae\AppData\Roaming\npm\node_modules\appium\node_modules\express\lib\router\index.js:365:14)
    [ Message content over the limit has been removed. ]
    at Layer.handle [as handle_request] (C:\Users\bahae\AppData\Roaming\npm\node_modules\appium\node_modules\express\lib\router\layer.js:95:5)
    at trim_prefix (C:\Users\bahae\AppData\Roaming\npm\node_modules\appium\node_modules\express\lib\router\index.js:328:13)
    at C:\Users\bahae\AppData\Roaming\npm\node_modules\appium\node_modules\express\lib\router\index.js:286:9
    at Function.process_params (C:\Users\bahae\AppData\Roaming\npm\node_modules\appium\node_modules\express\lib\router\index.js:346:12)
    at next (C:\Users\bahae\AppData\Roaming\npm\node_modules\appium\node_modules\express\lib\router\index.js:280:10)
    at jsonParser (C:\Users\bahae\AppData\Roaming\npm\node_modules\appium\node_modules\body-parser\lib\types\json.js:113:7)
    at Layer.handle [as handle_request] (C:\Users\bahae\AppData\Roaming\npm\node_modules\appium\node_modules\express\lib\router\layer.js:95:5)
    at trim_prefix (C:\Users\bahae\AppData\Roaming\npm\node_modules\appium\node_modules\express\lib\router\index.js:328:13)
    at C:\Users\bahae\AppData\Roaming\npm\node_modules\appium\node_modules\express\lib\router\index.js:286:9
    at Function.process_params (C:\Users\bahae\AppData\Roaming\npm\node_modules\appium\node_modules\express\lib\router\index.js:346:12)</status>
</kw>
<status status="FAIL" start="2025-04-15T14:50:39.406778" elapsed="287.343975">Suite teardown failed:
InvalidSessionIdException: Message: A session is either terminated or not started
Stacktrace:
NoSuchDriverError: A session is either terminated or not started
    at asyncHandler (C:\Users\bahae\AppData\Roaming\npm\node_modules\appium\node_modules\@appium\base-driver\lib\protocol\protocol.js:309:15)
    at C:\Users\bahae\AppData\Roaming\npm\node_modules\appium\node_modules\@appium\base-driver\lib\protocol\protocol.js:512:15
    at Layer.handle [as handle_request] (C:\Users\bahae\AppData\Roaming\npm\node_modules\appium\node_modules\express\lib\router\layer.js:95:5)
    at next (C:\Users\bahae\AppData\Roaming\npm\node_modules\appium\node_modules\express\lib\router\route.js:149:13)
    at Route.dispatch (C:\Users\bahae\AppData\Roaming\npm\node_modules\appium\node_modules\express\lib\router\route.js:119:3)
    at Layer.handle [as handle_request] (C:\Users\bahae\AppData\Roaming\npm\node_modules\appium\node_modules\express\lib\router\layer.js:95:5)
    at C:\Users\bahae\AppData\Roaming\npm\node_modules\appium\node_modules\express\lib\router\index.js:284:15
    at param (C:\Users\bahae\AppData\Roaming\npm\node_modules\appium\node_modules\express\lib\router\index.js:365:14)
    [ Message content over the limit has been removed. ]
    at Layer.handle [as handle_request] (C:\Users\bahae\AppData\Roaming\npm\node_modules\appium\node_modules\express\lib\router\layer.js:95:5)
    at trim_prefix (C:\Users\bahae\AppData\Roaming\npm\node_modules\appium\node_modules\express\lib\router\index.js:328:13)
    at C:\Users\bahae\AppData\Roaming\npm\node_modules\appium\node_modules\express\lib\router\index.js:286:9
    at Function.process_params (C:\Users\bahae\AppData\Roaming\npm\node_modules\appium\node_modules\express\lib\router\index.js:346:12)
    at next (C:\Users\bahae\AppData\Roaming\npm\node_modules\appium\node_modules\express\lib\router\index.js:280:10)
    at jsonParser (C:\Users\bahae\AppData\Roaming\npm\node_modules\appium\node_modules\body-parser\lib\types\json.js:113:7)
    at Layer.handle [as handle_request] (C:\Users\bahae\AppData\Roaming\npm\node_modules\appium\node_modules\express\lib\router\layer.js:95:5)
    at trim_prefix (C:\Users\bahae\AppData\Roaming\npm\node_modules\appium\node_modules\express\lib\router\index.js:328:13)
    at C:\Users\bahae\AppData\Roaming\npm\node_modules\appium\node_modules\express\lib\router\index.js:286:9
    at Function.process_params (C:\Users\bahae\AppData\Roaming\npm\node_modules\appium\node_modules\express\lib\router\index.js:346:12)</status>
</suite>
<statistics>
<total>
<stat pass="0" fail="2" skip="0">All Tests</stat>
</total>
<tag>
</tag>
<suite>
<stat name="InstallationApplications" id="s1" pass="0" fail="2" skip="0">InstallationApplications</stat>
</suite>
</statistics>
<errors>
</errors>
</robot>
