<?xml version="1.0" encoding="UTF-8"?>
<robot generator="Robot 7.2.2 (Python 3.12.5 on win32)" generated="2025-05-29T10:16:13.300363" rpa="false" schemaversion="5">
<suite id="s1" name="InstallationApplications" source="C:\Users\bahae\Documents\PfeProject\test_cases\InstallationApplications.robot">
<kw name="DÃ©marrer Driver" type="SETUP">
<kw name="Setup Driver" owner="Integration">
<msg time="2025-05-29T10:16:19.234820" level="INFO">${driver} = &lt;appium.webdriver.webdriver.WebDriver (session="d6a6b017-07de-42f7-91d1-e5192cb6632e")&gt;</msg>
<var>${driver}</var>
<arg>${Device}</arg>
<doc>Initialise et retourne le driver Appium.</doc>
<status status="PASS" start="2025-05-29T10:16:13.749842" elapsed="5.484978"/>
</kw>
<kw name="Set Suite Variable" owner="BuiltIn">
<msg time="2025-05-29T10:16:19.235820" level="INFO">${driver} = &lt;appium.webdriver.webdriver.WebDriver (session="d6a6b017-07de-42f7-91d1-e5192cb6632e")&gt;</msg>
<arg>${driver}</arg>
<doc>Makes a variable available everywhere within the scope of the current suite.</doc>
<status status="PASS" start="2025-05-29T10:16:19.234820" elapsed="0.001000"/>
</kw>
<kw name="Initialize Language Settings">
<kw name="Get System Language" owner="Integration">
<msg time="2025-05-29T10:16:19.297203" level="INFO">${lang} = fr</msg>
<var>${lang}</var>
<arg>${Device}</arg>
<status status="PASS" start="2025-05-29T10:16:19.235820" elapsed="0.061383"/>
</kw>
<kw name="Set Variable If" owner="BuiltIn">
<msg time="2025-05-29T10:16:19.297203" level="INFO">${lang_dict} = {'System': 'SystÃ¨me', 'Setting': 'ParamÃ¨tres', 'apps': 'Applis', 'view_all': 'Voir les', 'uninstall': 'DÃ©sinstaller', 'confirm': 'OK'}</msg>
<var>${lang_dict}</var>
<arg>'${lang}' == 'fr'</arg>
<arg>${LANG_FR}</arg>
<arg>${LANG_EN}</arg>
<doc>Sets variable based on the given condition.</doc>
<status status="PASS" start="2025-05-29T10:16:19.297203" elapsed="0.000000"/>
</kw>
<kw name="Set Suite Variable" owner="BuiltIn">
<msg time="2025-05-29T10:16:19.297203" level="INFO">${LANG_DICT} = {'System': 'SystÃ¨me', 'Setting': 'ParamÃ¨tres', 'apps': 'Applis', 'view_all': 'Voir les', 'uninstall': 'DÃ©sinstaller', 'confirm': 'OK'}</msg>
<arg>${LANG_DICT}</arg>
<arg>${lang_dict}</arg>
<doc>Makes a variable available everywhere within the scope of the current suite.</doc>
<status status="PASS" start="2025-05-29T10:16:19.297203" elapsed="0.000000"/>
</kw>
<doc>Sets up language-specific variables based on system language</doc>
<status status="PASS" start="2025-05-29T10:16:19.235820" elapsed="0.062381"/>
</kw>
<doc>Initializes the test driver</doc>
<status status="PASS" start="2025-05-29T10:16:13.748842" elapsed="5.549359"/>
</kw>
<test id="s1-t1" name="Test Install Apk" line="198">
<kw name="Execute Test With Retry">
<kw name="Set Variable" owner="BuiltIn">
<msg time="2025-05-29T10:16:19.298201" level="INFO">${attempt} = 1</msg>
<var>${attempt}</var>
<arg>1</arg>
<doc>Returns the given values which can then be assigned to a variables.</doc>
<status status="PASS" start="2025-05-29T10:16:19.298201" elapsed="0.000000"/>
</kw>
<kw name="Set Variable" owner="BuiltIn">
<msg time="2025-05-29T10:16:19.298201" level="INFO">${test_status} = False</msg>
<var>${test_status}</var>
<arg>${FALSE}</arg>
<doc>Returns the given values which can then be assigned to a variables.</doc>
<status status="PASS" start="2025-05-29T10:16:19.298201" elapsed="0.001000"/>
</kw>
<for flavor="IN RANGE">
<iter>
<kw name="Run Keyword And Return Status" owner="BuiltIn">
<kw name="Execute Install Apk Test">
<kw name="Uninstall App If Exists">
<kw name="Search Application" owner="Integration">
<msg time="2025-05-29T10:16:40.958057" level="INFO">ðŸ“Œ Liste des applications dÃ©tectÃ©es : ['Agenda', 'Appium Settings', 'ARD Audiothek', 'Audio Bluetooth', 'Crunchyroll', 'Enregistreur vocal', 'Google Assistant', 'Google\xa0ActualitÃ©s', 'Home Assistant', 'Local Media Player', 'Google\xa0Maps', 'ParamÃ¨tres', 'Play\xa0Store', 'Prime Video', 'SMS']
ðŸ“Œ First Home Page dÃ©tectÃ©e : ['Agenda', 'Appium Settings', 'ARD Audiothek', 'Audio Bluetooth', 'Crunchyroll', 'Enregistreur vocal', 'Google Assistant', 'Google\xa0ActualitÃ©s', 'Home Assistant', 'Local Media Player', 'Google\xa0Maps', 'ParamÃ¨tres', 'Play\xa0Store', 'Prime Video', 'SMS']

ðŸ“Œ Liste des applications dÃ©tectÃ©es : ['Agenda', 'Appium Settings', 'ARD Audiothek', 'Audio Bluetooth', 'Crunchyroll', 'Enregistreur vocal', 'Google Assistant', 'Google\xa0ActualitÃ©s', 'Home Assistant', 'Local Media Player', 'Google\xa0Maps', 'ParamÃ¨tres', 'Play\xa0Store', 'Prime Video', 'SMS']
âœ… Retour Ã  la first home page !
111111111111111111111
2222222222222222

ðŸ“Œ Liste des applications dÃ©tectÃ©es : ['Agenda', 'Appium Settings', 'ARD Audiothek', 'Audio Bluetooth', 'Crunchyroll', 'Enregistreur vocal', 'Google Assistant', 'Google\xa0ActualitÃ©s', 'Home Assistant', 'Local Media Player', 'Google\xa0Maps', 'ParamÃ¨tres', 'Play\xa0Store', 'Prime Video', 'SMS']
444444444444444444444'

ðŸ“Œ Liste des applications dÃ©tectÃ©es : ['Spotify', 'Vivaldi Browser', 'TÃ©lÃ©phone', 'YouTube', 'Audio Recorder Auto', 'TestNotificationapk']
6666666666666666666
ðŸ”„ Swipe en cours...
2222222222222222

ðŸ“Œ Liste des applications dÃ©tectÃ©es : ['Spotify', 'Vivaldi Browser', 'TÃ©lÃ©phone', 'YouTube', 'Audio Recorder Auto', 'TestNotificationapk']
3333333333333333333
78 414 319 452</msg>
<msg time="2025-05-29T10:16:40.958585" level="INFO">${is_visible} = True</msg>
<var>${is_visible}</var>
<arg>${driver}</arg>
<arg>${app_name}</arg>
<status status="PASS" start="2025-05-29T10:16:19.299719" elapsed="21.658866"/>
</kw>
<kw name="Run Keyword If" owner="BuiltIn">
<kw name="Uninstall Application">
<kw name="Open Application With Click" owner="Integration">
<msg time="2025-05-29T10:16:54.227805" level="INFO">ðŸ“Œ Liste des applications dÃ©tectÃ©es : ['Agenda', 'Appium Settings', 'ARD Audiothek', 'Audio Bluetooth', 'Crunchyroll', 'Enregistreur vocal', 'Google Assistant', 'Google\xa0ActualitÃ©s', 'Home Assistant', 'Local Media Player', 'Google\xa0Maps', 'ParamÃ¨tres', 'Play\xa0Store', 'Prime Video', 'SMS']
ðŸ“Œ First Home Page dÃ©tectÃ©e : ['Agenda', 'Appium Settings', 'ARD Audiothek', 'Audio Bluetooth', 'Crunchyroll', 'Enregistreur vocal', 'Google Assistant', 'Google\xa0ActualitÃ©s', 'Home Assistant', 'Local Media Player', 'Google\xa0Maps', 'ParamÃ¨tres', 'Play\xa0Store', 'Prime Video', 'SMS']

ðŸ“Œ Liste des applications dÃ©tectÃ©es : ['Agenda', 'Appium Settings', 'ARD Audiothek', 'Audio Bluetooth', 'Crunchyroll', 'Enregistreur vocal', 'Google Assistant', 'Google\xa0ActualitÃ©s', 'Home Assistant', 'Local Media Player', 'Google\xa0Maps', 'ParamÃ¨tres', 'Play\xa0Store', 'Prime Video', 'SMS']
âœ… Retour Ã  la first home page !

ðŸ“Œ Liste des applications dÃ©tectÃ©es : ['Agenda', 'Appium Settings', 'ARD Audiothek', 'Audio Bluetooth', 'Crunchyroll', 'Enregistreur vocal', 'Google Assistant', 'Google\xa0ActualitÃ©s', 'Home Assistant', 'Local Media Player', 'Google\xa0Maps', 'ParamÃ¨tres', 'Play\xa0Store', 'Prime Video', 'SMS']
378 619 522 657</msg>
<msg time="2025-05-29T10:16:54.227805" level="INFO">${result} = True</msg>
<var>${result}</var>
<arg>${driver}</arg>
<arg>${LANG_DICT.Setting}</arg>
<status status="PASS" start="2025-05-29T10:16:40.958585" elapsed="13.269220"/>
</kw>
<kw name="Sleep" owner="BuiltIn">
<msg time="2025-05-29T10:16:54.728869" level="INFO">Slept 500 milliseconds.</msg>
<arg>${QUICK_WAIT}</arg>
<doc>Pauses the test executed for the given time.</doc>
<status status="PASS" start="2025-05-29T10:16:54.228322" elapsed="0.500547"/>
</kw>
<kw name="Wait For Element">
<for flavor="IN RANGE">
<iter>
<kw name="Run Keyword And Return Status" owner="BuiltIn">
<kw name="Check Element Exists By Id" owner="Integration">
<arg>${driver}</arg>
<arg>${locator}</arg>
<doc>VÃ©rifie si un Ã©lÃ©ment existe en utilisant son ID.</doc>
<status status="PASS" start="2025-05-29T10:16:54.729863" elapsed="0.044699"/>
</kw>
<msg time="2025-05-29T10:16:54.774562" level="INFO">${exists} = True</msg>
<var>${exists}</var>
<arg>Check Element ExistsBy Id</arg>
<arg>${driver}</arg>
<arg>${locator}</arg>
<doc>Runs the given keyword with given arguments and returns the status as a Boolean value.</doc>
<status status="PASS" start="2025-05-29T10:16:54.728869" elapsed="0.045693"/>
</kw>
<if>
<branch type="IF" condition="${exists}">
<return>
<value>${True}</value>
<status status="PASS" start="2025-05-29T10:16:54.775545" elapsed="0.000000"/>
</return>
<status status="PASS" start="2025-05-29T10:16:54.775545" elapsed="0.000000"/>
</branch>
<status status="PASS" start="2025-05-29T10:16:54.774562" elapsed="0.000983"/>
</if>
<kw name="Sleep" owner="BuiltIn">
<arg>${RETRY_DELAY}</arg>
<doc>Pauses the test executed for the given time.</doc>
<status status="NOT RUN" start="2025-05-29T10:16:54.775545" elapsed="0.000000"/>
</kw>
<var name="${i}">0</var>
<status status="PASS" start="2025-05-29T10:16:54.728869" elapsed="0.046676"/>
</iter>
<var>${i}</var>
<value>${MAX_RETRIES}</value>
<status status="PASS" start="2025-05-29T10:16:54.728869" elapsed="0.046676"/>
</for>
<return>
<value>${False}</value>
<status status="NOT RUN" start="2025-05-29T10:16:54.775545" elapsed="0.000000"/>
</return>
<msg time="2025-05-29T10:16:54.775545" level="INFO">${exists} = True</msg>
<var>${exists}</var>
<arg>${driver}</arg>
<arg>${Setting_xpath_id}</arg>
<doc>Waits for an element to be present with retry mechanism</doc>
<status status="PASS" start="2025-05-29T10:16:54.728869" elapsed="0.046676"/>
</kw>
<kw name="Should Be True" owner="BuiltIn">
<arg>${exists}</arg>
<arg>Settings screen is not displayed</arg>
<doc>Fails if the given condition is not true.</doc>
<status status="PASS" start="2025-05-29T10:16:54.776051" elapsed="0.000007"/>
</kw>
<kw name="Clique Sur Setting" owner="Integration">
<msg time="2025-05-29T10:16:59.843148" level="INFO">(0, 76, 550, 696)
ðŸ”½ Swipe vers le bas #1
ðŸ›‘ Plus de nouveaux Ã©lÃ©ments en bas. Fin de balayage.
ðŸ”¼ Swipe vers le haut #1
âœ… 'Applis' trouvÃ© en remontant ! Appui en cours...</msg>
<arg>${driver}</arg>
<arg>${LANG_DICT.apps}</arg>
<arg>${Setting_menu}</arg>
<status status="PASS" start="2025-05-29T10:16:54.776058" elapsed="5.067090"/>
</kw>
<kw name="Sleep" owner="BuiltIn">
<msg time="2025-05-29T10:17:00.344685" level="INFO">Slept 500 milliseconds.</msg>
<arg>${QUICK_WAIT}</arg>
<doc>Pauses the test executed for the given time.</doc>
<status status="PASS" start="2025-05-29T10:16:59.843148" elapsed="0.501537"/>
</kw>
<kw name="Wait For Element">
<for flavor="IN RANGE">
<iter>
<kw name="Run Keyword And Return Status" owner="BuiltIn">
<kw name="Check Element Exists By Id" owner="Integration">
<arg>${driver}</arg>
<arg>${locator}</arg>
<doc>VÃ©rifie si un Ã©lÃ©ment existe en utilisant son ID.</doc>
<status status="PASS" start="2025-05-29T10:17:00.345198" elapsed="0.059707"/>
</kw>
<msg time="2025-05-29T10:17:00.404905" level="INFO">${exists} = True</msg>
<var>${exists}</var>
<arg>Check Element ExistsBy Id</arg>
<arg>${driver}</arg>
<arg>${locator}</arg>
<doc>Runs the given keyword with given arguments and returns the status as a Boolean value.</doc>
<status status="PASS" start="2025-05-29T10:17:00.345198" elapsed="0.059707"/>
</kw>
<if>
<branch type="IF" condition="${exists}">
<return>
<value>${True}</value>
<status status="PASS" start="2025-05-29T10:17:00.404905" elapsed="0.000000"/>
</return>
<status status="PASS" start="2025-05-29T10:17:00.404905" elapsed="0.000000"/>
</branch>
<status status="PASS" start="2025-05-29T10:17:00.404905" elapsed="0.000000"/>
</if>
<kw name="Sleep" owner="BuiltIn">
<arg>${RETRY_DELAY}</arg>
<doc>Pauses the test executed for the given time.</doc>
<status status="NOT RUN" start="2025-05-29T10:17:00.404905" elapsed="0.000000"/>
</kw>
<var name="${i}">0</var>
<status status="PASS" start="2025-05-29T10:17:00.345198" elapsed="0.059707"/>
</iter>
<var>${i}</var>
<value>${MAX_RETRIES}</value>
<status status="PASS" start="2025-05-29T10:17:00.345198" elapsed="0.059707"/>
</for>
<return>
<value>${False}</value>
<status status="NOT RUN" start="2025-05-29T10:17:00.404905" elapsed="0.000000"/>
</return>
<msg time="2025-05-29T10:17:00.404905" level="INFO">${view_all_exists} = True</msg>
<var>${view_all_exists}</var>
<arg>${driver}</arg>
<arg>${Setting_system}</arg>
<doc>Waits for an element to be present with retry mechanism</doc>
<status status="PASS" start="2025-05-29T10:17:00.344685" elapsed="0.060220"/>
</kw>
<kw name="Should Be True" owner="BuiltIn">
<arg>${view_all_exists}</arg>
<arg>Apps section is not displayed</arg>
<doc>Fails if the given condition is not true.</doc>
<status status="PASS" start="2025-05-29T10:17:00.405907" elapsed="0.000000"/>
</kw>
<kw name="Clique Sur Setting Include" owner="Integration">
<msg time="2025-05-29T10:17:20.014913" level="INFO">ðŸ“Œ Liste des applications dÃ©tectÃ©es : ['Ã‰cran', 'Profils et comptes', 'Position', 'ConfidentialitÃ©', 'AccessibilitÃ©', 'SÃ©curitÃ©', 'Applis', 'Ouvertes rÃ©cemment', 'Google\xa0Maps', 'TestNotificationapk', 'YouTube', 'Voir les 24\xa0applis']
ðŸ“Œ First Home Page dÃ©tectÃ©e : ['Ã‰cran', 'Profils et comptes', 'Position', 'ConfidentialitÃ©', 'AccessibilitÃ©', 'SÃ©curitÃ©', 'Applis', 'Ouvertes rÃ©cemment', 'Google\xa0Maps', 'TestNotificationapk', 'YouTube', 'Voir les 24\xa0applis']
ðŸ”„ Swipe #1 en cours...

ðŸ“Œ Liste des applications dÃ©tectÃ©es : ['Bluetooth', 'RÃ©seau et Internet', 'Notifications', 'Son', 'Ã‰cran', 'Profils et comptes', 'Position', 'Ouvertes rÃ©cemment', 'Google\xa0Maps', 'TestNotificationapk', 'YouTube', 'Voir les 24\xa0applis']
ðŸ”„ Swipe #2 en cours...

ðŸ“Œ Liste des applications dÃ©tectÃ©es : ['Bluetooth', 'RÃ©seau et Internet', 'Notifications', 'Son', 'Ã‰cran', 'Profils et comptes', 'Position', 'Ouvertes rÃ©cemment', 'Google\xa0Maps', 'TestNotificationapk', 'YouTube', 'Voir les 24\xa0applis']
âœ… Retour Ã  la first home page !
First Home Page dÃ©tectÃ©e : ['Ouvertes rÃ©cemment', 'TestNotificationapk', 'Il y a 2 minutes', 'Google\xa0Maps', 'Il y a 15 secondes', 'YouTube', 'Voir les 24\xa0applis']
 Voir les trouvÃ© ! Appui sur le texte contenant 'Voir les 24Â applis'.</msg>
<arg>${driver}</arg>
<arg>${LANG_DICT.view_all}</arg>
<arg>${Setting_system}</arg>
<status status="PASS" start="2025-05-29T10:17:00.405907" elapsed="19.609548"/>
</kw>
<kw name="Sleep" owner="BuiltIn">
<msg time="2025-05-29T10:17:20.515901" level="INFO">Slept 500 milliseconds.</msg>
<arg>${QUICK_WAIT}</arg>
<doc>Pauses the test executed for the given time.</doc>
<status status="PASS" start="2025-05-29T10:17:20.015455" elapsed="0.500446"/>
</kw>
<kw name="Clique Sur Setting" owner="Integration">
<msg time="2025-05-29T10:17:41.056424" level="INFO">(551, 172, 1408, 696)
ðŸ”½ Swipe vers le bas #1
ðŸ›‘ Plus de nouveaux Ã©lÃ©ments en bas. Fin de balayage.
ðŸ”¼ Swipe vers le haut #1
ðŸ”¼ Swipe vers le haut #2
ðŸ”¼ Swipe vers le haut #3
ðŸ”¼ Swipe vers le haut #4
ðŸ”¼ Swipe vers le haut #5
ðŸ”¼ Swipe vers le haut #6
ðŸ”¼ Swipe vers le haut #7
ðŸ”¼ Swipe vers le haut #8
ðŸ”¼ Swipe vers le haut #9
âœ… 'TestNotificationapk' trouvÃ© en remontant ! Appui en cours...</msg>
<arg>${driver}</arg>
<arg>${app_name}</arg>
<arg>${Setting_system}</arg>
<status status="PASS" start="2025-05-29T10:17:20.515901" elapsed="20.540523"/>
</kw>
<kw name="Sleep" owner="BuiltIn">
<msg time="2025-05-29T10:17:41.558348" level="INFO">Slept 500 milliseconds.</msg>
<arg>${QUICK_WAIT}</arg>
<doc>Pauses the test executed for the given time.</doc>
<status status="PASS" start="2025-05-29T10:17:41.057400" elapsed="0.500948"/>
</kw>
<kw name="Click Element By Text Att" owner="Integration">
<arg>${driver}</arg>
<arg>${LANG_DICT.uninstall}</arg>
<status status="PASS" start="2025-05-29T10:17:41.558348" elapsed="0.608774"/>
</kw>
<kw name="Sleep" owner="BuiltIn">
<msg time="2025-05-29T10:17:42.668855" level="INFO">Slept 500 milliseconds.</msg>
<arg>${QUICK_WAIT}</arg>
<doc>Pauses the test executed for the given time.</doc>
<status status="PASS" start="2025-05-29T10:17:42.168122" elapsed="0.500733"/>
</kw>
<kw name="Click Element By Text" owner="Integration">
<msg time="2025-05-29T10:17:43.391828" level="INFO">Clic effectuÃ© sur l'Ã©lÃ©ment avec le texte: OK</msg>
<arg>${driver}</arg>
<arg>${LANG_DICT.confirm}</arg>
<status status="PASS" start="2025-05-29T10:17:42.668855" elapsed="0.722973"/>
</kw>
<kw name="Sleep" owner="BuiltIn">
<msg time="2025-05-29T10:17:43.892639" level="INFO">Slept 500 milliseconds.</msg>
<arg>${QUICK_WAIT}</arg>
<doc>Pauses the test executed for the given time.</doc>
<status status="PASS" start="2025-05-29T10:17:43.391828" elapsed="0.500811"/>
</kw>
<arg>${driver}</arg>
<arg>${app_name}</arg>
<doc>Performs the uninstallation process</doc>
<status status="PASS" start="2025-05-29T10:16:40.958585" elapsed="62.934054"/>
</kw>
<arg>${is_visible}</arg>
<arg>Uninstall Application</arg>
<arg>${driver}</arg>
<arg>${app_name}</arg>
<doc>Runs the given keyword with the given arguments, if ``condition`` is true.</doc>
<status status="PASS" start="2025-05-29T10:16:40.958585" elapsed="62.934054"/>
</kw>
<kw name="Sleep" owner="BuiltIn">
<msg time="2025-05-29T10:17:44.392819" level="INFO">Slept 500 milliseconds.</msg>
<arg>${QUICK_WAIT}</arg>
<doc>Pauses the test executed for the given time.</doc>
<status status="PASS" start="2025-05-29T10:17:43.892639" elapsed="0.500180"/>
</kw>
<arg>${driver}</arg>
<arg>${TEST_APP_NAME}</arg>
<arg>${TEST_APP_PACKAGE}</arg>
<doc>Uninstalls the application if it exists</doc>
<status status="PASS" start="2025-05-29T10:16:19.299719" elapsed="85.093100"/>
</kw>
<kw name="Install Apk" owner="Integration">
<msg time="2025-05-29T10:17:45.772511" level="INFO">Installation rÃ©ussie : Performing Streamed Install
Success</msg>
<arg>${driver}</arg>
<arg>${TEST_APK_FILE}</arg>
<doc>Installe un fichier APK sur un appareil Android via ADB.</doc>
<status status="PASS" start="2025-05-29T10:17:44.393328" elapsed="1.379183"/>
</kw>
<kw name="Sleep" owner="BuiltIn">
<msg time="2025-05-29T10:17:46.273256" level="INFO">Slept 500 milliseconds.</msg>
<arg>${QUICK_WAIT}</arg>
<doc>Pauses the test executed for the given time.</doc>
<status status="PASS" start="2025-05-29T10:17:45.772511" elapsed="0.500745"/>
</kw>
<kw name="Verify App Installation">
<kw name="Is App Installed" owner="Integration">
<msg time="2025-05-29T10:17:46.341574" level="INFO">${is_installed} = True</msg>
<var>${is_installed}</var>
<arg>${driver}</arg>
<arg>${package_name}</arg>
<doc>VÃ©rifie de maniÃ¨re fiable si une application est installÃ©e sur l'appareil via ADB.
Utilise 'pm path' pour s'assurer que le package est vraiment prÃ©sent.</doc>
<status status="PASS" start="2025-05-29T10:17:46.273256" elapsed="0.068318"/>
</kw>
<kw name="Search Application" owner="Integration">
<msg time="2025-05-29T10:18:10.065838" level="INFO">ðŸ“Œ Liste des applications dÃ©tectÃ©es : ['Agenda', 'Appium Settings', 'ARD Audiothek', 'Audio Bluetooth', 'Crunchyroll', 'Enregistreur vocal', 'Google Assistant', 'Google\xa0ActualitÃ©s', 'Home Assistant', 'Local Media Player', 'Google\xa0Maps', 'ParamÃ¨tres', 'Play\xa0Store', 'Prime Video', 'SMS']
ðŸ“Œ First Home Page dÃ©tectÃ©e : ['Agenda', 'Appium Settings', 'ARD Audiothek', 'Audio Bluetooth', 'Crunchyroll', 'Enregistreur vocal', 'Google Assistant', 'Google\xa0ActualitÃ©s', 'Home Assistant', 'Local Media Player', 'Google\xa0Maps', 'ParamÃ¨tres', 'Play\xa0Store', 'Prime Video', 'SMS']

ðŸ“Œ Liste des applications dÃ©tectÃ©es : ['Agenda', 'Appium Settings', 'ARD Audiothek', 'Audio Bluetooth', 'Crunchyroll', 'Enregistreur vocal', 'Google Assistant', 'Google\xa0ActualitÃ©s', 'Home Assistant', 'Local Media Player', 'Google\xa0Maps', 'ParamÃ¨tres', 'Play\xa0Store', 'Prime Video', 'SMS']
âœ… Retour Ã  la first home page !
111111111111111111111
2222222222222222

ðŸ“Œ Liste des applications dÃ©tectÃ©es : ['Agenda', 'Appium Settings', 'ARD Audiothek', 'Audio Bluetooth', 'Crunchyroll', 'Enregistreur vocal', 'Google Assistant', 'Google\xa0ActualitÃ©s', 'Home Assistant', 'Local Media Player', 'Google\xa0Maps', 'ParamÃ¨tres', 'Play\xa0Store', 'Prime Video', 'SMS']
444444444444444444444'

ðŸ“Œ Liste des applications dÃ©tectÃ©es : ['Spotify', 'Vivaldi Browser', 'TÃ©lÃ©phone', 'YouTube', 'Audio Recorder Auto', 'TestNotificationapk']
6666666666666666666
ðŸ”„ Swipe en cours...
2222222222222222

ðŸ“Œ Liste des applications dÃ©tectÃ©es : ['Spotify', 'Vivaldi Browser', 'TÃ©lÃ©phone', 'YouTube', 'Audio Recorder Auto', 'TestNotificationapk']
3333333333333333333
78 414 319 452</msg>
<msg time="2025-05-29T10:18:10.065838" level="INFO">${is_visible} = True</msg>
<var>${is_visible}</var>
<arg>${driver}</arg>
<arg>${app_name}</arg>
<status status="PASS" start="2025-05-29T10:17:46.341574" elapsed="23.724264"/>
</kw>
<kw name="Run Keyword And Continue On Failure" owner="BuiltIn">
<kw name="Should Be True" owner="BuiltIn">
<arg>${is_installed}</arg>
<arg>Application is not installed via ADB</arg>
<doc>Fails if the given condition is not true.</doc>
<status status="PASS" start="2025-05-29T10:18:10.065838" elapsed="0.001000"/>
</kw>
<arg>Should Be True</arg>
<arg>${is_installed}</arg>
<arg>Application is not installed via ADB</arg>
<doc>Runs the keyword and continues execution even if a failure occurs.</doc>
<status status="PASS" start="2025-05-29T10:18:10.065838" elapsed="0.001000"/>
</kw>
<kw name="Run Keyword And Continue On Failure" owner="BuiltIn">
<kw name="Should Be True" owner="BuiltIn">
<arg>${is_visible}</arg>
<arg>Application is not visible in UI</arg>
<doc>Fails if the given condition is not true.</doc>
<status status="PASS" start="2025-05-29T10:18:10.066838" elapsed="0.000000"/>
</kw>
<arg>Should Be True</arg>
<arg>${is_visible}</arg>
<arg>Application is not visible in UI</arg>
<doc>Runs the keyword and continues execution even if a failure occurs.</doc>
<status status="PASS" start="2025-05-29T10:18:10.066838" elapsed="0.000000"/>
</kw>
<arg>${driver}</arg>
<arg>${TEST_APP_NAME}</arg>
<arg>${TEST_APP_PACKAGE}</arg>
<doc>Verifies if the application is properly installed</doc>
<status status="PASS" start="2025-05-29T10:17:46.273256" elapsed="23.793582"/>
</kw>
<doc>Executes the APK installation test</doc>
<status status="PASS" start="2025-05-29T10:16:19.299719" elapsed="110.767638"/>
</kw>
<msg time="2025-05-29T10:18:10.067357" level="INFO">${test_status} = True</msg>
<var>${test_status}</var>
<arg>${test_keyword}</arg>
<doc>Runs the given keyword with given arguments and returns the status as a Boolean value.</doc>
<status status="PASS" start="2025-05-29T10:16:19.299201" elapsed="110.768156"/>
</kw>
<if>
<branch type="IF" condition="${test_status}">
<kw name="Log" owner="BuiltIn">
<msg time="2025-05-29T10:18:10.067357" level="INFO">Test Test Install Apk rÃ©ussi</msg>
<arg>Test ${test_name} rÃ©ussi</arg>
<doc>Logs the given message with the given level.</doc>
<status status="PASS" start="2025-05-29T10:18:10.067357" elapsed="0.000000"/>
</kw>
<kw name="Exit For Loop" owner="BuiltIn">
<msg time="2025-05-29T10:18:10.067357" level="INFO">Exiting for loop altogether.</msg>
<doc>Stops executing the enclosing FOR loop.</doc>
<status status="PASS" start="2025-05-29T10:18:10.067357" elapsed="0.000000"/>
</kw>
<status status="PASS" start="2025-05-29T10:18:10.067357" elapsed="0.000000"/>
</branch>
<branch type="ELSE">
<kw name="Evaluate" owner="BuiltIn">
<var>${attempt}</var>
<arg>${attempt} + 1</arg>
<doc>Evaluates the given expression in Python and returns the result.</doc>
<status status="NOT RUN" start="2025-05-29T10:18:10.067357" elapsed="0.000000"/>
</kw>
<if>
<branch type="IF" condition="${attempt} &lt;= ${MAX_RETRIES}">
<kw name="Log" owner="BuiltIn">
<arg>Test ${test_name} Ã©chouÃ© - Tentative ${attempt}/${MAX_RETRIES}</arg>
<doc>Logs the given message with the given level.</doc>
<status status="NOT RUN" start="2025-05-29T10:18:10.067357" elapsed="0.000000"/>
</kw>
<kw name="Sleep" owner="BuiltIn">
<arg>${RETRY_DELAY}</arg>
<doc>Pauses the test executed for the given time.</doc>
<status status="NOT RUN" start="2025-05-29T10:18:10.067357" elapsed="0.000000"/>
</kw>
<status status="NOT RUN" start="2025-05-29T10:18:10.067357" elapsed="0.000000"/>
</branch>
<status status="NOT RUN" start="2025-05-29T10:18:10.067357" elapsed="0.000000"/>
</if>
<status status="NOT RUN" start="2025-05-29T10:18:10.067357" elapsed="0.000000"/>
</branch>
<status status="PASS" start="2025-05-29T10:18:10.067357" elapsed="0.000000"/>
</if>
<var name="${index}">0</var>
<status status="PASS" start="2025-05-29T10:16:19.299201" elapsed="110.768156"/>
</iter>
<var>${index}</var>
<value>${MAX_RETRIES}</value>
<status status="PASS" start="2025-05-29T10:16:19.299201" elapsed="110.768156"/>
</for>
<if>
<branch type="IF" condition="not ${test_status}">
<kw name="Fail" owner="BuiltIn">
<arg>Le test ${test_name} a Ã©chouÃ© aprÃ¨s ${MAX_RETRIES} tentatives</arg>
<doc>Fails the test with the given message and optionally alters its tags.</doc>
<status status="NOT RUN" start="2025-05-29T10:18:10.068354" elapsed="0.000000"/>
</kw>
<status status="NOT RUN" start="2025-05-29T10:18:10.067357" elapsed="0.000997"/>
</branch>
<status status="PASS" start="2025-05-29T10:18:10.067357" elapsed="0.000997"/>
</if>
<arg>Execute Install Apk Test</arg>
<arg>Test Install Apk</arg>
<status status="PASS" start="2025-05-29T10:16:19.298201" elapsed="110.770153"/>
</kw>
<doc>Tests APK installation process
- Checks pre-installation state
- Installs the APK
- Verifies installation in system and UI</doc>
<tag>installation</tag>
<tag>smoke</tag>
<status status="PASS" start="2025-05-29T10:16:19.298201" elapsed="110.770153"/>
</test>
<test id="s1-t2" name="Test Uninstall Application" line="206">
<kw name="Execute Test With Retry">
<kw name="Set Variable" owner="BuiltIn">
<msg time="2025-05-29T10:18:10.069354" level="INFO">${attempt} = 1</msg>
<var>${attempt}</var>
<arg>1</arg>
<doc>Returns the given values which can then be assigned to a variables.</doc>
<status status="PASS" start="2025-05-29T10:18:10.069354" elapsed="0.000000"/>
</kw>
<kw name="Set Variable" owner="BuiltIn">
<msg time="2025-05-29T10:18:10.069354" level="INFO">${test_status} = False</msg>
<var>${test_status}</var>
<arg>${FALSE}</arg>
<doc>Returns the given values which can then be assigned to a variables.</doc>
<status status="PASS" start="2025-05-29T10:18:10.069354" elapsed="0.000000"/>
</kw>
<for flavor="IN RANGE">
<iter>
<kw name="Run Keyword And Return Status" owner="BuiltIn">
<kw name="Execute Uninstall Application Test">
<kw name="Uninstall Application">
<kw name="Open Application With Click" owner="Integration">
<msg time="2025-05-29T10:18:23.993684" level="INFO">ðŸ“Œ Liste des applications dÃ©tectÃ©es : ['Agenda', 'Appium Settings', 'ARD Audiothek', 'Audio Bluetooth', 'Crunchyroll', 'Enregistreur vocal', 'Google Assistant', 'Google\xa0ActualitÃ©s', 'Home Assistant', 'Local Media Player', 'Google\xa0Maps', 'ParamÃ¨tres', 'Play\xa0Store', 'Prime Video', 'SMS']
ðŸ“Œ First Home Page dÃ©tectÃ©e : ['Agenda', 'Appium Settings', 'ARD Audiothek', 'Audio Bluetooth', 'Crunchyroll', 'Enregistreur vocal', 'Google Assistant', 'Google\xa0ActualitÃ©s', 'Home Assistant', 'Local Media Player', 'Google\xa0Maps', 'ParamÃ¨tres', 'Play\xa0Store', 'Prime Video', 'SMS']

ðŸ“Œ Liste des applications dÃ©tectÃ©es : ['Agenda', 'Appium Settings', 'ARD Audiothek', 'Audio Bluetooth', 'Crunchyroll', 'Enregistreur vocal', 'Google Assistant', 'Google\xa0ActualitÃ©s', 'Home Assistant', 'Local Media Player', 'Google\xa0Maps', 'ParamÃ¨tres', 'Play\xa0Store', 'Prime Video', 'SMS']
âœ… Retour Ã  la first home page !

ðŸ“Œ Liste des applications dÃ©tectÃ©es : ['Agenda', 'Appium Settings', 'ARD Audiothek', 'Audio Bluetooth', 'Crunchyroll', 'Enregistreur vocal', 'Google Assistant', 'Google\xa0ActualitÃ©s', 'Home Assistant', 'Local Media Player', 'Google\xa0Maps', 'ParamÃ¨tres', 'Play\xa0Store', 'Prime Video', 'SMS']
378 619 522 657</msg>
<msg time="2025-05-29T10:18:23.993684" level="INFO">${result} = True</msg>
<var>${result}</var>
<arg>${driver}</arg>
<arg>${LANG_DICT.Setting}</arg>
<status status="PASS" start="2025-05-29T10:18:10.069354" elapsed="13.924330"/>
</kw>
<kw name="Sleep" owner="BuiltIn">
<msg time="2025-05-29T10:18:24.495072" level="INFO">Slept 500 milliseconds.</msg>
<arg>${QUICK_WAIT}</arg>
<doc>Pauses the test executed for the given time.</doc>
<status status="PASS" start="2025-05-29T10:18:23.994207" elapsed="0.500865"/>
</kw>
<kw name="Wait For Element">
<for flavor="IN RANGE">
<iter>
<kw name="Run Keyword And Return Status" owner="BuiltIn">
<kw name="Check Element Exists By Id" owner="Integration">
<arg>${driver}</arg>
<arg>${locator}</arg>
<doc>VÃ©rifie si un Ã©lÃ©ment existe en utilisant son ID.</doc>
<status status="PASS" start="2025-05-29T10:18:24.496071" elapsed="1.390996"/>
</kw>
<msg time="2025-05-29T10:18:25.888064" level="INFO">${exists} = True</msg>
<var>${exists}</var>
<arg>Check Element ExistsBy Id</arg>
<arg>${driver}</arg>
<arg>${locator}</arg>
<doc>Runs the given keyword with given arguments and returns the status as a Boolean value.</doc>
<status status="PASS" start="2025-05-29T10:18:24.496071" elapsed="1.391993"/>
</kw>
<if>
<branch type="IF" condition="${exists}">
<return>
<value>${True}</value>
<status status="PASS" start="2025-05-29T10:18:25.888064" elapsed="0.000000"/>
</return>
<status status="PASS" start="2025-05-29T10:18:25.888064" elapsed="0.000000"/>
</branch>
<status status="PASS" start="2025-05-29T10:18:25.888064" elapsed="0.000000"/>
</if>
<kw name="Sleep" owner="BuiltIn">
<arg>${RETRY_DELAY}</arg>
<doc>Pauses the test executed for the given time.</doc>
<status status="NOT RUN" start="2025-05-29T10:18:25.888064" elapsed="0.000000"/>
</kw>
<var name="${i}">0</var>
<status status="PASS" start="2025-05-29T10:18:24.496071" elapsed="1.391993"/>
</iter>
<var>${i}</var>
<value>${MAX_RETRIES}</value>
<status status="PASS" start="2025-05-29T10:18:24.495072" elapsed="1.392992"/>
</for>
<return>
<value>${False}</value>
<status status="NOT RUN" start="2025-05-29T10:18:25.888064" elapsed="0.000000"/>
</return>
<msg time="2025-05-29T10:18:25.888064" level="INFO">${exists} = True</msg>
<var>${exists}</var>
<arg>${driver}</arg>
<arg>${Setting_xpath_id}</arg>
<doc>Waits for an element to be present with retry mechanism</doc>
<status status="PASS" start="2025-05-29T10:18:24.495072" elapsed="1.392992"/>
</kw>
<kw name="Should Be True" owner="BuiltIn">
<arg>${exists}</arg>
<arg>Settings screen is not displayed</arg>
<doc>Fails if the given condition is not true.</doc>
<status status="PASS" start="2025-05-29T10:18:25.888064" elapsed="0.000000"/>
</kw>
<kw name="Clique Sur Setting" owner="Integration">
<msg time="2025-05-29T10:18:27.463661" level="INFO">(0, 76, 550, 696)
âœ… 'Applis' trouvÃ© sans swipe. Appui en cours...</msg>
<arg>${driver}</arg>
<arg>${LANG_DICT.apps}</arg>
<arg>${Setting_menu}</arg>
<status status="PASS" start="2025-05-29T10:18:25.888064" elapsed="1.575597"/>
</kw>
<kw name="Sleep" owner="BuiltIn">
<msg time="2025-05-29T10:18:27.964018" level="INFO">Slept 500 milliseconds.</msg>
<arg>${QUICK_WAIT}</arg>
<doc>Pauses the test executed for the given time.</doc>
<status status="PASS" start="2025-05-29T10:18:27.463661" elapsed="0.500357"/>
</kw>
<kw name="Wait For Element">
<for flavor="IN RANGE">
<iter>
<kw name="Run Keyword And Return Status" owner="BuiltIn">
<kw name="Check Element Exists By Id" owner="Integration">
<arg>${driver}</arg>
<arg>${locator}</arg>
<doc>VÃ©rifie si un Ã©lÃ©ment existe en utilisant son ID.</doc>
<status status="PASS" start="2025-05-29T10:18:27.965017" elapsed="0.035662"/>
</kw>
<msg time="2025-05-29T10:18:28.000679" level="INFO">${exists} = True</msg>
<var>${exists}</var>
<arg>Check Element ExistsBy Id</arg>
<arg>${driver}</arg>
<arg>${locator}</arg>
<doc>Runs the given keyword with given arguments and returns the status as a Boolean value.</doc>
<status status="PASS" start="2025-05-29T10:18:27.965017" elapsed="0.035662"/>
</kw>
<if>
<branch type="IF" condition="${exists}">
<return>
<value>${True}</value>
<status status="PASS" start="2025-05-29T10:18:28.000679" elapsed="0.000000"/>
</return>
<status status="PASS" start="2025-05-29T10:18:28.000679" elapsed="0.000000"/>
</branch>
<status status="PASS" start="2025-05-29T10:18:28.000679" elapsed="0.000000"/>
</if>
<kw name="Sleep" owner="BuiltIn">
<arg>${RETRY_DELAY}</arg>
<doc>Pauses the test executed for the given time.</doc>
<status status="NOT RUN" start="2025-05-29T10:18:28.000679" elapsed="0.000000"/>
</kw>
<var name="${i}">0</var>
<status status="PASS" start="2025-05-29T10:18:27.964018" elapsed="0.036661"/>
</iter>
<var>${i}</var>
<value>${MAX_RETRIES}</value>
<status status="PASS" start="2025-05-29T10:18:27.964018" elapsed="0.036661"/>
</for>
<return>
<value>${False}</value>
<status status="NOT RUN" start="2025-05-29T10:18:28.000679" elapsed="0.000000"/>
</return>
<msg time="2025-05-29T10:18:28.000679" level="INFO">${view_all_exists} = True</msg>
<var>${view_all_exists}</var>
<arg>${driver}</arg>
<arg>${Setting_system}</arg>
<doc>Waits for an element to be present with retry mechanism</doc>
<status status="PASS" start="2025-05-29T10:18:27.964018" elapsed="0.036661"/>
</kw>
<kw name="Should Be True" owner="BuiltIn">
<arg>${view_all_exists}</arg>
<arg>Apps section is not displayed</arg>
<doc>Fails if the given condition is not true.</doc>
<status status="PASS" start="2025-05-29T10:18:28.000679" elapsed="0.000998"/>
</kw>
<kw name="Clique Sur Setting Include" owner="Integration">
<msg time="2025-05-29T10:18:46.268676" level="INFO">ðŸ“Œ Liste des applications dÃ©tectÃ©es : ['Ã‰cran', 'Profils et comptes', 'Position', 'ConfidentialitÃ©', 'AccessibilitÃ©', 'SÃ©curitÃ©', 'Applis', 'Ouvertes rÃ©cemment', 'Google\xa0Maps', 'YouTube', 'TÃ©lÃ©phone', 'Voir les 24\xa0applis']
ðŸ“Œ First Home Page dÃ©tectÃ©e : ['Ã‰cran', 'Profils et comptes', 'Position', 'ConfidentialitÃ©', 'AccessibilitÃ©', 'SÃ©curitÃ©', 'Applis', 'Ouvertes rÃ©cemment', 'Google\xa0Maps', 'YouTube', 'TÃ©lÃ©phone', 'Voir les 24\xa0applis']
ðŸ”„ Swipe #1 en cours...

ðŸ“Œ Liste des applications dÃ©tectÃ©es : ['Bluetooth', 'RÃ©seau et Internet', 'Notifications', 'Son', 'Ã‰cran', 'Profils et comptes', 'Position', 'Ouvertes rÃ©cemment', 'Google\xa0Maps', 'YouTube', 'TÃ©lÃ©phone', 'Voir les 24\xa0applis']
ðŸ”„ Swipe #2 en cours...

ðŸ“Œ Liste des applications dÃ©tectÃ©es : ['Bluetooth', 'RÃ©seau et Internet', 'Notifications', 'Son', 'Ã‰cran', 'Profils et comptes', 'Position', 'Ouvertes rÃ©cemment', 'Google\xa0Maps', 'YouTube', 'TÃ©lÃ©phone', 'Voir les 24\xa0applis']
âœ… Retour Ã  la first home page !
First Home Page dÃ©tectÃ©e : ['Ouvertes rÃ©cemment', 'Google\xa0Maps', 'TÃ©lÃ©phone', 'YouTube', 'Il y a 3 minutes', 'Il y a 13 secondes', 'Voir les 24\xa0applis']
 Voir les trouvÃ© ! Appui sur le texte contenant 'Voir les 24Â applis'.</msg>
<arg>${driver}</arg>
<arg>${LANG_DICT.view_all}</arg>
<arg>${Setting_system}</arg>
<status status="PASS" start="2025-05-29T10:18:28.001677" elapsed="18.268048"/>
</kw>
<kw name="Sleep" owner="BuiltIn">
<msg time="2025-05-29T10:18:46.769961" level="INFO">Slept 500 milliseconds.</msg>
<arg>${QUICK_WAIT}</arg>
<doc>Pauses the test executed for the given time.</doc>
<status status="PASS" start="2025-05-29T10:18:46.269725" elapsed="0.500236"/>
</kw>
<kw name="Clique Sur Setting" owner="Integration">
<msg time="2025-05-29T10:19:05.305770" level="INFO">(551, 172, 1408, 696)
ðŸ”½ Swipe vers le bas #1
ðŸ›‘ Plus de nouveaux Ã©lÃ©ments en bas. Fin de balayage.
ðŸ”¼ Swipe vers le haut #1
ðŸ”¼ Swipe vers le haut #2
ðŸ”¼ Swipe vers le haut #3
ðŸ”¼ Swipe vers le haut #4
ðŸ”¼ Swipe vers le haut #5
ðŸ”¼ Swipe vers le haut #6
ðŸ”¼ Swipe vers le haut #7
ðŸ”¼ Swipe vers le haut #8
âœ… 'TestNotificationapk' trouvÃ© en remontant ! Appui en cours...</msg>
<arg>${driver}</arg>
<arg>${app_name}</arg>
<arg>${Setting_system}</arg>
<status status="PASS" start="2025-05-29T10:18:46.769961" elapsed="18.535809"/>
</kw>
<kw name="Sleep" owner="BuiltIn">
<msg time="2025-05-29T10:19:05.806130" level="INFO">Slept 500 milliseconds.</msg>
<arg>${QUICK_WAIT}</arg>
<doc>Pauses the test executed for the given time.</doc>
<status status="PASS" start="2025-05-29T10:19:05.305770" elapsed="0.500360"/>
</kw>
<kw name="Click Element By Text Att" owner="Integration">
<arg>${driver}</arg>
<arg>${LANG_DICT.uninstall}</arg>
<status status="PASS" start="2025-05-29T10:19:05.806130" elapsed="0.582193"/>
</kw>
<kw name="Sleep" owner="BuiltIn">
<msg time="2025-05-29T10:19:06.888487" level="INFO">Slept 500 milliseconds.</msg>
<arg>${QUICK_WAIT}</arg>
<doc>Pauses the test executed for the given time.</doc>
<status status="PASS" start="2025-05-29T10:19:06.388323" elapsed="0.500164"/>
</kw>
<kw name="Click Element By Text" owner="Integration">
<msg time="2025-05-29T10:19:07.549203" level="INFO">Clic effectuÃ© sur l'Ã©lÃ©ment avec le texte: OK</msg>
<arg>${driver}</arg>
<arg>${LANG_DICT.confirm}</arg>
<status status="PASS" start="2025-05-29T10:19:06.888487" elapsed="0.660716"/>
</kw>
<kw name="Sleep" owner="BuiltIn">
<msg time="2025-05-29T10:19:08.050609" level="INFO">Slept 500 milliseconds.</msg>
<arg>${QUICK_WAIT}</arg>
<doc>Pauses the test executed for the given time.</doc>
<status status="PASS" start="2025-05-29T10:19:07.550207" elapsed="0.500402"/>
</kw>
<arg>${driver}</arg>
<arg>${TEST_APP_NAME}</arg>
<doc>Performs the uninstallation process</doc>
<status status="PASS" start="2025-05-29T10:18:10.069354" elapsed="57.981255"/>
</kw>
<kw name="Verify App Uninstallation">
<kw name="Is App Installed" owner="Integration">
<msg time="2025-05-29T10:19:08.120341" level="INFO">${is_installed} = True</msg>
<var>${is_installed}</var>
<arg>${driver}</arg>
<arg>${package_name}</arg>
<doc>VÃ©rifie de maniÃ¨re fiable si une application est installÃ©e sur l'appareil via ADB.
Utilise 'pm path' pour s'assurer que le package est vraiment prÃ©sent.</doc>
<status status="PASS" start="2025-05-29T10:19:08.050609" elapsed="0.069732"/>
</kw>
<kw name="Search Application" owner="Integration">
<msg time="2025-05-29T10:19:30.062599" level="INFO">ðŸ“Œ Liste des applications dÃ©tectÃ©es : ['Agenda', 'Appium Settings', 'ARD Audiothek', 'Audio Bluetooth', 'Crunchyroll', 'Enregistreur vocal', 'Google Assistant', 'Google\xa0ActualitÃ©s', 'Home Assistant', 'Local Media Player', 'Google\xa0Maps', 'ParamÃ¨tres', 'Play\xa0Store', 'Prime Video', 'SMS']
ðŸ“Œ First Home Page dÃ©tectÃ©e : ['Agenda', 'Appium Settings', 'ARD Audiothek', 'Audio Bluetooth', 'Crunchyroll', 'Enregistreur vocal', 'Google Assistant', 'Google\xa0ActualitÃ©s', 'Home Assistant', 'Local Media Player', 'Google\xa0Maps', 'ParamÃ¨tres', 'Play\xa0Store', 'Prime Video', 'SMS']

ðŸ“Œ Liste des applications dÃ©tectÃ©es : ['Agenda', 'Appium Settings', 'ARD Audiothek', 'Audio Bluetooth', 'Crunchyroll', 'Enregistreur vocal', 'Google Assistant', 'Google\xa0ActualitÃ©s', 'Home Assistant', 'Local Media Player', 'Google\xa0Maps', 'ParamÃ¨tres', 'Play\xa0Store', 'Prime Video', 'SMS']
âœ… Retour Ã  la first home page !
111111111111111111111
2222222222222222

ðŸ“Œ Liste des applications dÃ©tectÃ©es : ['Agenda', 'Appium Settings', 'ARD Audiothek', 'Audio Bluetooth', 'Crunchyroll', 'Enregistreur vocal', 'Google Assistant', 'Google\xa0ActualitÃ©s', 'Home Assistant', 'Local Media Player', 'Google\xa0Maps', 'ParamÃ¨tres', 'Play\xa0Store', 'Prime Video', 'SMS']
444444444444444444444'

ðŸ“Œ Liste des applications dÃ©tectÃ©es : ['Spotify', 'Vivaldi Browser', 'TÃ©lÃ©phone', 'YouTube', 'Audio Recorder Auto']
6666666666666666666
ðŸ”„ Swipe en cours...
2222222222222222

ðŸ“Œ Liste des applications dÃ©tectÃ©es : ['Spotify', 'Vivaldi Browser', 'TÃ©lÃ©phone', 'YouTube', 'Audio Recorder Auto']
444444444444444444444'

ðŸ“Œ Liste des applications dÃ©tectÃ©es : ['Spotify', 'Vivaldi Browser', 'TÃ©lÃ©phone', 'YouTube', 'Audio Recorder Auto']
55555555555555555
âœ… Retour Ã  la first home page !</msg>
<msg time="2025-05-29T10:19:30.062599" level="INFO">${is_visible} = False</msg>
<var>${is_visible}</var>
<arg>${driver}</arg>
<arg>${app_name}</arg>
<status status="PASS" start="2025-05-29T10:19:08.120341" elapsed="21.942258"/>
</kw>
<kw name="Run Keyword And Continue On Failure" owner="BuiltIn">
<kw name="Should Not Be True" owner="BuiltIn">
<msg time="2025-05-29T10:19:30.063599" level="FAIL">Application is still installed via ADB</msg>
<arg>${is_installed}</arg>
<arg>Application is still installed via ADB</arg>
<doc>Fails if the given condition is true.</doc>
<status status="FAIL" start="2025-05-29T10:19:30.063599" elapsed="0.000000">Application is still installed via ADB</status>
</kw>
<arg>Should Not Be True</arg>
<arg>${is_installed}</arg>
<arg>Application is still installed via ADB</arg>
<doc>Runs the keyword and continues execution even if a failure occurs.</doc>
<status status="FAIL" start="2025-05-29T10:19:30.063599" elapsed="0.000533">Application is still installed via ADB</status>
</kw>
<kw name="Run Keyword And Continue On Failure" owner="BuiltIn">
<kw name="Should Not Be True" owner="BuiltIn">
<arg>${is_visible}</arg>
<arg>Application is still visible in UI</arg>
<doc>Fails if the given condition is true.</doc>
<status status="PASS" start="2025-05-29T10:19:30.064132" elapsed="0.000000"/>
</kw>
<arg>Should Not Be True</arg>
<arg>${is_visible}</arg>
<arg>Application is still visible in UI</arg>
<doc>Runs the keyword and continues execution even if a failure occurs.</doc>
<status status="PASS" start="2025-05-29T10:19:30.064132" elapsed="0.000000"/>
</kw>
<arg>${driver}</arg>
<arg>${TEST_APP_NAME}</arg>
<arg>${TEST_APP_PACKAGE}</arg>
<doc>Verifies if the application is completely uninstalled</doc>
<status status="FAIL" start="2025-05-29T10:19:08.050609" elapsed="22.013523">Application is still installed via ADB</status>
</kw>
<doc>Executes the application uninstallation test</doc>
<status status="FAIL" start="2025-05-29T10:18:10.069354" elapsed="79.994778">Application is still installed via ADB</status>
</kw>
<msg time="2025-05-29T10:19:30.064132" level="INFO">${test_status} = False</msg>
<var>${test_status}</var>
<arg>${test_keyword}</arg>
<doc>Runs the given keyword with given arguments and returns the status as a Boolean value.</doc>
<status status="PASS" start="2025-05-29T10:18:10.069354" elapsed="79.994778"/>
</kw>
<if>
<branch type="IF" condition="${test_status}">
<kw name="Log" owner="BuiltIn">
<arg>Test ${test_name} rÃ©ussi</arg>
<doc>Logs the given message with the given level.</doc>
<status status="NOT RUN" start="2025-05-29T10:19:30.064132" elapsed="0.000000"/>
</kw>
<kw name="Exit For Loop" owner="BuiltIn">
<doc>Stops executing the enclosing FOR loop.</doc>
<status status="NOT RUN" start="2025-05-29T10:19:30.064132" elapsed="0.000000"/>
</kw>
<status status="NOT RUN" start="2025-05-29T10:19:30.064132" elapsed="0.000000"/>
</branch>
<branch type="ELSE">
<kw name="Evaluate" owner="BuiltIn">
<msg time="2025-05-29T10:19:30.065112" level="INFO">${attempt} = 2</msg>
<var>${attempt}</var>
<arg>${attempt} + 1</arg>
<doc>Evaluates the given expression in Python and returns the result.</doc>
<status status="PASS" start="2025-05-29T10:19:30.065112" elapsed="0.000000"/>
</kw>
<if>
<branch type="IF" condition="${attempt} &lt;= ${MAX_RETRIES}">
<kw name="Log" owner="BuiltIn">
<msg time="2025-05-29T10:19:30.065112" level="INFO">Test Test Uninstall Application Ã©chouÃ© - Tentative 2/3</msg>
<arg>Test ${test_name} Ã©chouÃ© - Tentative ${attempt}/${MAX_RETRIES}</arg>
<doc>Logs the given message with the given level.</doc>
<status status="PASS" start="2025-05-29T10:19:30.065112" elapsed="0.000000"/>
</kw>
<kw name="Sleep" owner="BuiltIn">
<msg time="2025-05-29T10:19:32.066097" level="INFO">Slept 2 seconds.</msg>
<arg>${RETRY_DELAY}</arg>
<doc>Pauses the test executed for the given time.</doc>
<status status="PASS" start="2025-05-29T10:19:30.065112" elapsed="2.000985"/>
</kw>
<status status="PASS" start="2025-05-29T10:19:30.065112" elapsed="2.000985"/>
</branch>
<status status="PASS" start="2025-05-29T10:19:30.065112" elapsed="2.000985"/>
</if>
<status status="PASS" start="2025-05-29T10:19:30.064132" elapsed="2.001965"/>
</branch>
<status status="PASS" start="2025-05-29T10:19:30.064132" elapsed="2.001965"/>
</if>
<var name="${index}">0</var>
<status status="PASS" start="2025-05-29T10:18:10.069354" elapsed="81.996743"/>
</iter>
<iter>
<kw name="Run Keyword And Return Status" owner="BuiltIn">
<kw name="Execute Uninstall Application Test">
<kw name="Uninstall Application">
<kw name="Open Application With Click" owner="Integration">
<msg time="2025-05-29T10:19:46.214390" level="INFO">ðŸ“Œ Liste des applications dÃ©tectÃ©es : ['Agenda', 'Appium Settings', 'ARD Audiothek', 'Audio Bluetooth', 'Crunchyroll', 'Enregistreur vocal', 'Google Assistant', 'Google\xa0ActualitÃ©s', 'Home Assistant', 'Local Media Player', 'Google\xa0Maps', 'ParamÃ¨tres', 'Play\xa0Store', 'Prime Video', 'SMS']
ðŸ“Œ First Home Page dÃ©tectÃ©e : ['Agenda', 'Appium Settings', 'ARD Audiothek', 'Audio Bluetooth', 'Crunchyroll', 'Enregistreur vocal', 'Google Assistant', 'Google\xa0ActualitÃ©s', 'Home Assistant', 'Local Media Player', 'Google\xa0Maps', 'ParamÃ¨tres', 'Play\xa0Store', 'Prime Video', 'SMS']

ðŸ“Œ Liste des applications dÃ©tectÃ©es : ['Agenda', 'Appium Settings', 'ARD Audiothek', 'Audio Bluetooth', 'Crunchyroll', 'Enregistreur vocal', 'Google Assistant', 'Google\xa0ActualitÃ©s', 'Home Assistant', 'Local Media Player', 'Google\xa0Maps', 'ParamÃ¨tres', 'Play\xa0Store', 'Prime Video', 'SMS']
âœ… Retour Ã  la first home page !

ðŸ“Œ Liste des applications dÃ©tectÃ©es : ['Agenda', 'Appium Settings', 'ARD Audiothek', 'Audio Bluetooth', 'Crunchyroll', 'Enregistreur vocal', 'Google Assistant', 'Google\xa0ActualitÃ©s', 'Home Assistant', 'Local Media Player', 'Google\xa0Maps', 'ParamÃ¨tres', 'Play\xa0Store', 'Prime Video', 'SMS']
378 619 522 657</msg>
<msg time="2025-05-29T10:19:46.214390" level="INFO">${result} = True</msg>
<var>${result}</var>
<arg>${driver}</arg>
<arg>${LANG_DICT.Setting}</arg>
<status status="PASS" start="2025-05-29T10:19:32.067097" elapsed="14.147293"/>
</kw>
<kw name="Sleep" owner="BuiltIn">
<msg time="2025-05-29T10:19:46.714579" level="INFO">Slept 500 milliseconds.</msg>
<arg>${QUICK_WAIT}</arg>
<doc>Pauses the test executed for the given time.</doc>
<status status="PASS" start="2025-05-29T10:19:46.214390" elapsed="0.500189"/>
</kw>
<kw name="Wait For Element">
<for flavor="IN RANGE">
<iter>
<kw name="Run Keyword And Return Status" owner="BuiltIn">
<kw name="Check Element Exists By Id" owner="Integration">
<arg>${driver}</arg>
<arg>${locator}</arg>
<doc>VÃ©rifie si un Ã©lÃ©ment existe en utilisant son ID.</doc>
<status status="PASS" start="2025-05-29T10:19:46.715565" elapsed="1.035158"/>
</kw>
<msg time="2025-05-29T10:19:47.750723" level="INFO">${exists} = True</msg>
<var>${exists}</var>
<arg>Check Element ExistsBy Id</arg>
<arg>${driver}</arg>
<arg>${locator}</arg>
<doc>Runs the given keyword with given arguments and returns the status as a Boolean value.</doc>
<status status="PASS" start="2025-05-29T10:19:46.715565" elapsed="1.035158"/>
</kw>
<if>
<branch type="IF" condition="${exists}">
<return>
<value>${True}</value>
<status status="PASS" start="2025-05-29T10:19:47.750723" elapsed="0.000000"/>
</return>
<status status="PASS" start="2025-05-29T10:19:47.750723" elapsed="0.000000"/>
</branch>
<status status="PASS" start="2025-05-29T10:19:47.750723" elapsed="0.000000"/>
</if>
<kw name="Sleep" owner="BuiltIn">
<arg>${RETRY_DELAY}</arg>
<doc>Pauses the test executed for the given time.</doc>
<status status="NOT RUN" start="2025-05-29T10:19:47.750723" elapsed="0.000000"/>
</kw>
<var name="${i}">0</var>
<status status="PASS" start="2025-05-29T10:19:46.715565" elapsed="1.035158"/>
</iter>
<var>${i}</var>
<value>${MAX_RETRIES}</value>
<status status="PASS" start="2025-05-29T10:19:46.714579" elapsed="1.036144"/>
</for>
<return>
<value>${False}</value>
<status status="NOT RUN" start="2025-05-29T10:19:47.750723" elapsed="0.000000"/>
</return>
<msg time="2025-05-29T10:19:47.750723" level="INFO">${exists} = True</msg>
<var>${exists}</var>
<arg>${driver}</arg>
<arg>${Setting_xpath_id}</arg>
<doc>Waits for an element to be present with retry mechanism</doc>
<status status="PASS" start="2025-05-29T10:19:46.714579" elapsed="1.036144"/>
</kw>
<kw name="Should Be True" owner="BuiltIn">
<arg>${exists}</arg>
<arg>Settings screen is not displayed</arg>
<doc>Fails if the given condition is not true.</doc>
<status status="PASS" start="2025-05-29T10:19:47.750723" elapsed="0.000000"/>
</kw>
<kw name="Clique Sur Setting" owner="Integration">
<msg time="2025-05-29T10:19:49.428848" level="INFO">(0, 76, 550, 696)
âœ… 'Applis' trouvÃ© sans swipe. Appui en cours...</msg>
<arg>${driver}</arg>
<arg>${LANG_DICT.apps}</arg>
<arg>${Setting_menu}</arg>
<status status="PASS" start="2025-05-29T10:19:47.750723" elapsed="1.678125"/>
</kw>
<kw name="Sleep" owner="BuiltIn">
<msg time="2025-05-29T10:19:49.929632" level="INFO">Slept 500 milliseconds.</msg>
<arg>${QUICK_WAIT}</arg>
<doc>Pauses the test executed for the given time.</doc>
<status status="PASS" start="2025-05-29T10:19:49.428848" elapsed="0.500784"/>
</kw>
<kw name="Wait For Element">
<for flavor="IN RANGE">
<iter>
<kw name="Run Keyword And Return Status" owner="BuiltIn">
<kw name="Check Element Exists By Id" owner="Integration">
<arg>${driver}</arg>
<arg>${locator}</arg>
<doc>VÃ©rifie si un Ã©lÃ©ment existe en utilisant son ID.</doc>
<status status="PASS" start="2025-05-29T10:19:49.929632" elapsed="0.045691"/>
</kw>
<msg time="2025-05-29T10:19:49.975323" level="INFO">${exists} = True</msg>
<var>${exists}</var>
<arg>Check Element ExistsBy Id</arg>
<arg>${driver}</arg>
<arg>${locator}</arg>
<doc>Runs the given keyword with given arguments and returns the status as a Boolean value.</doc>
<status status="PASS" start="2025-05-29T10:19:49.929632" elapsed="0.045691"/>
</kw>
<if>
<branch type="IF" condition="${exists}">
<return>
<value>${True}</value>
<status status="PASS" start="2025-05-29T10:19:49.976323" elapsed="0.000000"/>
</return>
<status status="PASS" start="2025-05-29T10:19:49.975323" elapsed="0.001000"/>
</branch>
<status status="PASS" start="2025-05-29T10:19:49.975323" elapsed="0.001000"/>
</if>
<kw name="Sleep" owner="BuiltIn">
<arg>${RETRY_DELAY}</arg>
<doc>Pauses the test executed for the given time.</doc>
<status status="NOT RUN" start="2025-05-29T10:19:49.976323" elapsed="0.000000"/>
</kw>
<var name="${i}">0</var>
<status status="PASS" start="2025-05-29T10:19:49.929632" elapsed="0.046691"/>
</iter>
<var>${i}</var>
<value>${MAX_RETRIES}</value>
<status status="PASS" start="2025-05-29T10:19:49.929632" elapsed="0.046691"/>
</for>
<return>
<value>${False}</value>
<status status="NOT RUN" start="2025-05-29T10:19:49.976323" elapsed="0.000000"/>
</return>
<msg time="2025-05-29T10:19:49.976323" level="INFO">${view_all_exists} = True</msg>
<var>${view_all_exists}</var>
<arg>${driver}</arg>
<arg>${Setting_system}</arg>
<doc>Waits for an element to be present with retry mechanism</doc>
<status status="PASS" start="2025-05-29T10:19:49.929632" elapsed="0.046691"/>
</kw>
<kw name="Should Be True" owner="BuiltIn">
<arg>${view_all_exists}</arg>
<arg>Apps section is not displayed</arg>
<doc>Fails if the given condition is not true.</doc>
<status status="PASS" start="2025-05-29T10:19:49.976323" elapsed="0.000000"/>
</kw>
<kw name="Clique Sur Setting Include" owner="Integration">
<msg time="2025-05-29T10:20:08.518712" level="INFO">ðŸ“Œ Liste des applications dÃ©tectÃ©es : ['Ã‰cran', 'Profils et comptes', 'Position', 'ConfidentialitÃ©', 'AccessibilitÃ©', 'SÃ©curitÃ©', 'Applis', 'Ouvertes rÃ©cemment', 'Google\xa0Maps', 'YouTube', 'TÃ©lÃ©phone', 'Voir les 23\xa0applis']
ðŸ“Œ First Home Page dÃ©tectÃ©e : ['Ã‰cran', 'Profils et comptes', 'Position', 'ConfidentialitÃ©', 'AccessibilitÃ©', 'SÃ©curitÃ©', 'Applis', 'Ouvertes rÃ©cemment', 'Google\xa0Maps', 'YouTube', 'TÃ©lÃ©phone', 'Voir les 23\xa0applis']
ðŸ”„ Swipe #1 en cours...

ðŸ“Œ Liste des applications dÃ©tectÃ©es : ['Bluetooth', 'RÃ©seau et Internet', 'Notifications', 'Son', 'Ã‰cran', 'Profils et comptes', 'Position', 'Ouvertes rÃ©cemment', 'Google\xa0Maps', 'YouTube', 'TÃ©lÃ©phone', 'Voir les 23\xa0applis']
ðŸ”„ Swipe #2 en cours...

ðŸ“Œ Liste des applications dÃ©tectÃ©es : ['Bluetooth', 'RÃ©seau et Internet', 'Notifications', 'Son', 'Ã‰cran', 'Profils et comptes', 'Position', 'Ouvertes rÃ©cemment', 'Google\xa0Maps', 'YouTube', 'TÃ©lÃ©phone', 'Voir les 23\xa0applis']
âœ… Retour Ã  la first home page !
First Home Page dÃ©tectÃ©e : ['Ouvertes rÃ©cemment', 'Google\xa0Maps', 'TÃ©lÃ©phone', 'Voir les 23\xa0applis', 'YouTube', 'Il y a 4 minutes', 'Il y a 13 secondes']
 Voir les trouvÃ© ! Appui sur le texte contenant 'Voir les 23Â applis'.</msg>
<arg>${driver}</arg>
<arg>${LANG_DICT.view_all}</arg>
<arg>${Setting_system}</arg>
<status status="PASS" start="2025-05-29T10:19:49.976323" elapsed="18.542389"/>
</kw>
<kw name="Sleep" owner="BuiltIn">
<msg time="2025-05-29T10:20:09.020142" level="INFO">Slept 500 milliseconds.</msg>
<arg>${QUICK_WAIT}</arg>
<doc>Pauses the test executed for the given time.</doc>
<status status="PASS" start="2025-05-29T10:20:08.519711" elapsed="0.500431"/>
</kw>
<kw name="Clique Sur Setting" owner="Integration">
<msg time="2025-05-29T10:20:27.992565" level="INFO">(551, 172, 1408, 696)
ðŸ”½ Swipe vers le bas #1
ðŸ›‘ Plus de nouveaux Ã©lÃ©ments en bas. Fin de balayage.
ðŸ”¼ Swipe vers le haut #1
ðŸ”¼ Swipe vers le haut #2
ðŸ”¼ Swipe vers le haut #3
ðŸ”¼ Swipe vers le haut #4
ðŸ”¼ Swipe vers le haut #5
ðŸ”¼ Swipe vers le haut #6
ðŸ”¼ Swipe vers le haut #7
ðŸ”¼ Swipe vers le haut #8
ðŸ”¼ Swipe vers le haut #9
ðŸ›‘ Aucun nouvel Ã©lÃ©ment en haut. Fin de balayage.
âŒ 'TestNotificationapk' introuvable aprÃ¨s balayage complet.</msg>
<arg>${driver}</arg>
<arg>${app_name}</arg>
<arg>${Setting_system}</arg>
<status status="PASS" start="2025-05-29T10:20:09.020142" elapsed="18.972423"/>
</kw>
<kw name="Sleep" owner="BuiltIn">
<msg time="2025-05-29T10:20:28.493421" level="INFO">Slept 500 milliseconds.</msg>
<arg>${QUICK_WAIT}</arg>
<doc>Pauses the test executed for the given time.</doc>
<status status="PASS" start="2025-05-29T10:20:27.992565" elapsed="0.500856"/>
</kw>
<kw name="Click Element By Text Att" owner="Integration">
<msg time="2025-05-29T10:20:48.871719" level="FAIL">TimeoutException: Message: 
Stacktrace:
NoSuchElementError: An element could not be located on the page using the given search parameters.
    at AndroidUiautomator2Driver.findElOrEls (C:\Users\bahae\.appium\node_modules\appium-uiautomator2-driver\node_modules\appium-android-driver\lib\commands\find.ts:86:11)
    at processTicksAndRejections (node:internal/process/task_queues:95:5)
    at AndroidUiautomator2Driver.findElOrElsWithProcessing (C:\Users\bahae\AppData\Roaming\npm\node_modules\appium\node_modules\@appium\base-driver\lib\basedriver\commands\find.ts:60:12)
    at AndroidUiautomator2Driver.findElement (C:\Users\bahae\AppData\Roaming\npm\node_modules\appium\node_modules\@appium\base-driver\lib\basedriver\commands\find.ts:75:12)</msg>
<arg>${driver}</arg>
<arg>${LANG_DICT.uninstall}</arg>
<status status="FAIL" start="2025-05-29T10:20:28.493421" elapsed="20.381810">TimeoutException: Message: 
Stacktrace:
NoSuchElementError: An element could not be located on the page using the given search parameters.
    at AndroidUiautomator2Driver.findElOrEls (C:\Users\bahae\.appium\node_modules\appium-uiautomator2-driver\node_modules\appium-android-driver\lib\commands\find.ts:86:11)
    at processTicksAndRejections (node:internal/process/task_queues:95:5)
    at AndroidUiautomator2Driver.findElOrElsWithProcessing (C:\Users\bahae\AppData\Roaming\npm\node_modules\appium\node_modules\@appium\base-driver\lib\basedriver\commands\find.ts:60:12)
    at AndroidUiautomator2Driver.findElement (C:\Users\bahae\AppData\Roaming\npm\node_modules\appium\node_modules\@appium\base-driver\lib\basedriver\commands\find.ts:75:12)</status>
</kw>
<kw name="Sleep" owner="BuiltIn">
<arg>${QUICK_WAIT}</arg>
<doc>Pauses the test executed for the given time.</doc>
<status status="NOT RUN" start="2025-05-29T10:20:48.875231" elapsed="0.000000"/>
</kw>
<kw name="Click Element By Text" owner="Integration">
<arg>${driver}</arg>
<arg>${LANG_DICT.confirm}</arg>
<status status="NOT RUN" start="2025-05-29T10:20:48.875231" elapsed="0.000000"/>
</kw>
<kw name="Sleep" owner="BuiltIn">
<arg>${QUICK_WAIT}</arg>
<doc>Pauses the test executed for the given time.</doc>
<status status="NOT RUN" start="2025-05-29T10:20:48.875231" elapsed="0.000000"/>
</kw>
<arg>${driver}</arg>
<arg>${TEST_APP_NAME}</arg>
<doc>Performs the uninstallation process</doc>
<status status="FAIL" start="2025-05-29T10:19:32.067097" elapsed="76.808134">TimeoutException: Message: 
Stacktrace:
NoSuchElementError: An element could not be located on the page using the given search parameters.
    at AndroidUiautomator2Driver.findElOrEls (C:\Users\bahae\.appium\node_modules\appium-uiautomator2-driver\node_modules\appium-android-driver\lib\commands\find.ts:86:11)
    at processTicksAndRejections (node:internal/process/task_queues:95:5)
    at AndroidUiautomator2Driver.findElOrElsWithProcessing (C:\Users\bahae\AppData\Roaming\npm\node_modules\appium\node_modules\@appium\base-driver\lib\basedriver\commands\find.ts:60:12)
    at AndroidUiautomator2Driver.findElement (C:\Users\bahae\AppData\Roaming\npm\node_modules\appium\node_modules\@appium\base-driver\lib\basedriver\commands\find.ts:75:12)</status>
</kw>
<kw name="Verify App Uninstallation">
<arg>${driver}</arg>
<arg>${TEST_APP_NAME}</arg>
<arg>${TEST_APP_PACKAGE}</arg>
<doc>Verifies if the application is completely uninstalled</doc>
<status status="NOT RUN" start="2025-05-29T10:20:48.875231" elapsed="0.000000"/>
</kw>
<doc>Executes the application uninstallation test</doc>
<status status="FAIL" start="2025-05-29T10:19:32.066097" elapsed="76.809134">TimeoutException: Message: 
Stacktrace:
NoSuchElementError: An element could not be located on the page using the given search parameters.
    at AndroidUiautomator2Driver.findElOrEls (C:\Users\bahae\.appium\node_modules\appium-uiautomator2-driver\node_modules\appium-android-driver\lib\commands\find.ts:86:11)
    at processTicksAndRejections (node:internal/process/task_queues:95:5)
    at AndroidUiautomator2Driver.findElOrElsWithProcessing (C:\Users\bahae\AppData\Roaming\npm\node_modules\appium\node_modules\@appium\base-driver\lib\basedriver\commands\find.ts:60:12)
    at AndroidUiautomator2Driver.findElement (C:\Users\bahae\AppData\Roaming\npm\node_modules\appium\node_modules\@appium\base-driver\lib\basedriver\commands\find.ts:75:12)</status>
</kw>
<msg time="2025-05-29T10:20:48.875231" level="INFO">${test_status} = False</msg>
<var>${test_status}</var>
<arg>${test_keyword}</arg>
<doc>Runs the given keyword with given arguments and returns the status as a Boolean value.</doc>
<status status="PASS" start="2025-05-29T10:19:32.066097" elapsed="76.809134"/>
</kw>
<if>
<branch type="IF" condition="${test_status}">
<kw name="Log" owner="BuiltIn">
<arg>Test ${test_name} rÃ©ussi</arg>
<doc>Logs the given message with the given level.</doc>
<status status="NOT RUN" start="2025-05-29T10:20:48.875231" elapsed="0.000000"/>
</kw>
<kw name="Exit For Loop" owner="BuiltIn">
<doc>Stops executing the enclosing FOR loop.</doc>
<status status="NOT RUN" start="2025-05-29T10:20:48.875231" elapsed="0.000000"/>
</kw>
<status status="NOT RUN" start="2025-05-29T10:20:48.875231" elapsed="0.000000"/>
</branch>
<branch type="ELSE">
<kw name="Evaluate" owner="BuiltIn">
<msg time="2025-05-29T10:20:48.876231" level="INFO">${attempt} = 3</msg>
<var>${attempt}</var>
<arg>${attempt} + 1</arg>
<doc>Evaluates the given expression in Python and returns the result.</doc>
<status status="PASS" start="2025-05-29T10:20:48.876231" elapsed="0.000000"/>
</kw>
<if>
<branch type="IF" condition="${attempt} &lt;= ${MAX_RETRIES}">
<kw name="Log" owner="BuiltIn">
<msg time="2025-05-29T10:20:48.876231" level="INFO">Test Test Uninstall Application Ã©chouÃ© - Tentative 3/3</msg>
<arg>Test ${test_name} Ã©chouÃ© - Tentative ${attempt}/${MAX_RETRIES}</arg>
<doc>Logs the given message with the given level.</doc>
<status status="PASS" start="2025-05-29T10:20:48.876231" elapsed="0.000000"/>
</kw>
<kw name="Sleep" owner="BuiltIn">
<msg time="2025-05-29T10:20:50.876791" level="INFO">Slept 2 seconds.</msg>
<arg>${RETRY_DELAY}</arg>
<doc>Pauses the test executed for the given time.</doc>
<status status="PASS" start="2025-05-29T10:20:48.876231" elapsed="2.000560"/>
</kw>
<status status="PASS" start="2025-05-29T10:20:48.876231" elapsed="2.000560"/>
</branch>
<status status="PASS" start="2025-05-29T10:20:48.876231" elapsed="2.000560"/>
</if>
<status status="PASS" start="2025-05-29T10:20:48.875231" elapsed="2.001560"/>
</branch>
<status status="PASS" start="2025-05-29T10:20:48.875231" elapsed="2.001560"/>
</if>
<var name="${index}">1</var>
<status status="PASS" start="2025-05-29T10:19:32.066097" elapsed="78.810694"/>
</iter>
<iter>
<kw name="Run Keyword And Return Status" owner="BuiltIn">
<kw name="Execute Uninstall Application Test">
<kw name="Uninstall Application">
<kw name="Open Application With Click" owner="Integration">
<msg time="2025-05-29T10:21:04.219017" level="INFO">ðŸ“Œ Liste des applications dÃ©tectÃ©es : ['Agenda', 'Appium Settings', 'ARD Audiothek', 'Audio Bluetooth', 'Crunchyroll', 'Enregistreur vocal', 'Google Assistant', 'Google\xa0ActualitÃ©s', 'Home Assistant', 'Local Media Player', 'Google\xa0Maps', 'ParamÃ¨tres', 'Play\xa0Store', 'Prime Video', 'SMS']
ðŸ“Œ First Home Page dÃ©tectÃ©e : ['Agenda', 'Appium Settings', 'ARD Audiothek', 'Audio Bluetooth', 'Crunchyroll', 'Enregistreur vocal', 'Google Assistant', 'Google\xa0ActualitÃ©s', 'Home Assistant', 'Local Media Player', 'Google\xa0Maps', 'ParamÃ¨tres', 'Play\xa0Store', 'Prime Video', 'SMS']

ðŸ“Œ Liste des applications dÃ©tectÃ©es : ['Agenda', 'Appium Settings', 'ARD Audiothek', 'Audio Bluetooth', 'Crunchyroll', 'Enregistreur vocal', 'Google Assistant', 'Google\xa0ActualitÃ©s', 'Home Assistant', 'Local Media Player', 'Google\xa0Maps', 'ParamÃ¨tres', 'Play\xa0Store', 'Prime Video', 'SMS']
âœ… Retour Ã  la first home page !

ðŸ“Œ Liste des applications dÃ©tectÃ©es : ['Agenda', 'Appium Settings', 'ARD Audiothek', 'Audio Bluetooth', 'Crunchyroll', 'Enregistreur vocal', 'Google Assistant', 'Google\xa0ActualitÃ©s', 'Home Assistant', 'Local Media Player', 'Google\xa0Maps', 'ParamÃ¨tres', 'Play\xa0Store', 'Prime Video', 'SMS']
378 619 522 657</msg>
<msg time="2025-05-29T10:21:04.219017" level="INFO">${result} = True</msg>
<var>${result}</var>
<arg>${driver}</arg>
<arg>${LANG_DICT.Setting}</arg>
<status status="PASS" start="2025-05-29T10:20:50.877786" elapsed="13.341231"/>
</kw>
<kw name="Sleep" owner="BuiltIn">
<msg time="2025-05-29T10:21:04.719184" level="INFO">Slept 500 milliseconds.</msg>
<arg>${QUICK_WAIT}</arg>
<doc>Pauses the test executed for the given time.</doc>
<status status="PASS" start="2025-05-29T10:21:04.219017" elapsed="0.500167"/>
</kw>
<kw name="Wait For Element">
<for flavor="IN RANGE">
<iter>
<kw name="Run Keyword And Return Status" owner="BuiltIn">
<kw name="Check Element Exists By Id" owner="Integration">
<arg>${driver}</arg>
<arg>${locator}</arg>
<doc>VÃ©rifie si un Ã©lÃ©ment existe en utilisant son ID.</doc>
<status status="PASS" start="2025-05-29T10:21:04.719184" elapsed="1.179073"/>
</kw>
<msg time="2025-05-29T10:21:05.898257" level="INFO">${exists} = True</msg>
<var>${exists}</var>
<arg>Check Element ExistsBy Id</arg>
<arg>${driver}</arg>
<arg>${locator}</arg>
<doc>Runs the given keyword with given arguments and returns the status as a Boolean value.</doc>
<status status="PASS" start="2025-05-29T10:21:04.719184" elapsed="1.179073"/>
</kw>
<if>
<branch type="IF" condition="${exists}">
<return>
<value>${True}</value>
<status status="PASS" start="2025-05-29T10:21:05.898784" elapsed="0.000000"/>
</return>
<status status="PASS" start="2025-05-29T10:21:05.898784" elapsed="0.000000"/>
</branch>
<status status="PASS" start="2025-05-29T10:21:05.898784" elapsed="0.000000"/>
</if>
<kw name="Sleep" owner="BuiltIn">
<arg>${RETRY_DELAY}</arg>
<doc>Pauses the test executed for the given time.</doc>
<status status="NOT RUN" start="2025-05-29T10:21:05.898784" elapsed="0.000000"/>
</kw>
<var name="${i}">0</var>
<status status="PASS" start="2025-05-29T10:21:04.719184" elapsed="1.179600"/>
</iter>
<var>${i}</var>
<value>${MAX_RETRIES}</value>
<status status="PASS" start="2025-05-29T10:21:04.719184" elapsed="1.179600"/>
</for>
<return>
<value>${False}</value>
<status status="NOT RUN" start="2025-05-29T10:21:05.898784" elapsed="0.000000"/>
</return>
<msg time="2025-05-29T10:21:05.898784" level="INFO">${exists} = True</msg>
<var>${exists}</var>
<arg>${driver}</arg>
<arg>${Setting_xpath_id}</arg>
<doc>Waits for an element to be present with retry mechanism</doc>
<status status="PASS" start="2025-05-29T10:21:04.719184" elapsed="1.179600"/>
</kw>
<kw name="Should Be True" owner="BuiltIn">
<arg>${exists}</arg>
<arg>Settings screen is not displayed</arg>
<doc>Fails if the given condition is not true.</doc>
<status status="PASS" start="2025-05-29T10:21:05.898784" elapsed="0.000000"/>
</kw>
<kw name="Clique Sur Setting" owner="Integration">
<msg time="2025-05-29T10:21:07.479850" level="INFO">(0, 76, 550, 696)
âœ… 'Applis' trouvÃ© sans swipe. Appui en cours...</msg>
<arg>${driver}</arg>
<arg>${LANG_DICT.apps}</arg>
<arg>${Setting_menu}</arg>
<status status="PASS" start="2025-05-29T10:21:05.898784" elapsed="1.581066"/>
</kw>
<kw name="Sleep" owner="BuiltIn">
<msg time="2025-05-29T10:21:07.979951" level="INFO">Slept 500 milliseconds.</msg>
<arg>${QUICK_WAIT}</arg>
<doc>Pauses the test executed for the given time.</doc>
<status status="PASS" start="2025-05-29T10:21:07.479850" elapsed="0.500101"/>
</kw>
<kw name="Wait For Element">
<for flavor="IN RANGE">
<iter>
<kw name="Run Keyword And Return Status" owner="BuiltIn">
<kw name="Check Element Exists By Id" owner="Integration">
<arg>${driver}</arg>
<arg>${locator}</arg>
<doc>VÃ©rifie si un Ã©lÃ©ment existe en utilisant son ID.</doc>
<status status="PASS" start="2025-05-29T10:21:07.980950" elapsed="0.029698"/>
</kw>
<msg time="2025-05-29T10:21:08.010648" level="INFO">${exists} = True</msg>
<var>${exists}</var>
<arg>Check Element ExistsBy Id</arg>
<arg>${driver}</arg>
<arg>${locator}</arg>
<doc>Runs the given keyword with given arguments and returns the status as a Boolean value.</doc>
<status status="PASS" start="2025-05-29T10:21:07.980950" elapsed="0.029698"/>
</kw>
<if>
<branch type="IF" condition="${exists}">
<return>
<value>${True}</value>
<status status="PASS" start="2025-05-29T10:21:08.011648" elapsed="0.000000"/>
</return>
<status status="PASS" start="2025-05-29T10:21:08.011648" elapsed="0.000000"/>
</branch>
<status status="PASS" start="2025-05-29T10:21:08.011648" elapsed="0.000000"/>
</if>
<kw name="Sleep" owner="BuiltIn">
<arg>${RETRY_DELAY}</arg>
<doc>Pauses the test executed for the given time.</doc>
<status status="NOT RUN" start="2025-05-29T10:21:08.011648" elapsed="0.000000"/>
</kw>
<var name="${i}">0</var>
<status status="PASS" start="2025-05-29T10:21:07.980950" elapsed="0.030698"/>
</iter>
<var>${i}</var>
<value>${MAX_RETRIES}</value>
<status status="PASS" start="2025-05-29T10:21:07.979951" elapsed="0.031697"/>
</for>
<return>
<value>${False}</value>
<status status="NOT RUN" start="2025-05-29T10:21:08.011648" elapsed="0.000000"/>
</return>
<msg time="2025-05-29T10:21:08.011648" level="INFO">${view_all_exists} = True</msg>
<var>${view_all_exists}</var>
<arg>${driver}</arg>
<arg>${Setting_system}</arg>
<doc>Waits for an element to be present with retry mechanism</doc>
<status status="PASS" start="2025-05-29T10:21:07.979951" elapsed="0.031697"/>
</kw>
<kw name="Should Be True" owner="BuiltIn">
<arg>${view_all_exists}</arg>
<arg>Apps section is not displayed</arg>
<doc>Fails if the given condition is not true.</doc>
<status status="PASS" start="2025-05-29T10:21:08.011648" elapsed="0.000516"/>
</kw>
<kw name="Clique Sur Setting Include" owner="Integration">
<msg time="2025-05-29T10:21:25.438477" level="INFO">ðŸ“Œ Liste des applications dÃ©tectÃ©es : ['Ã‰cran', 'Profils et comptes', 'Position', 'ConfidentialitÃ©', 'AccessibilitÃ©', 'SÃ©curitÃ©', 'Applis', 'Ouvertes rÃ©cemment', 'Google\xa0Maps', 'YouTube', 'TÃ©lÃ©phone', 'Voir les 23\xa0applis']
ðŸ“Œ First Home Page dÃ©tectÃ©e : ['Ã‰cran', 'Profils et comptes', 'Position', 'ConfidentialitÃ©', 'AccessibilitÃ©', 'SÃ©curitÃ©', 'Applis', 'Ouvertes rÃ©cemment', 'Google\xa0Maps', 'YouTube', 'TÃ©lÃ©phone', 'Voir les 23\xa0applis']
ðŸ”„ Swipe #1 en cours...

ðŸ“Œ Liste des applications dÃ©tectÃ©es : ['Bluetooth', 'RÃ©seau et Internet', 'Notifications', 'Son', 'Ã‰cran', 'Profils et comptes', 'Position', 'Ouvertes rÃ©cemment', 'Google\xa0Maps', 'YouTube', 'TÃ©lÃ©phone', 'Voir les 23\xa0applis']
ðŸ”„ Swipe #2 en cours...

ðŸ“Œ Liste des applications dÃ©tectÃ©es : ['Bluetooth', 'RÃ©seau et Internet', 'Notifications', 'Son', 'Ã‰cran', 'Profils et comptes', 'Position', 'Ouvertes rÃ©cemment', 'Google\xa0Maps', 'YouTube', 'TÃ©lÃ©phone', 'Voir les 23\xa0applis']
âœ… Retour Ã  la first home page !
First Home Page dÃ©tectÃ©e : ['Ouvertes rÃ©cemment', 'Il y a 12 secondes', 'Il y a 6 minutes', 'Google\xa0Maps', 'TÃ©lÃ©phone', 'Voir les 23\xa0applis', 'YouTube']
 Voir les trouvÃ© ! Appui sur le texte contenant 'Voir les 23Â applis'.</msg>
<arg>${driver}</arg>
<arg>${LANG_DICT.view_all}</arg>
<arg>${Setting_system}</arg>
<status status="PASS" start="2025-05-29T10:21:08.012164" elapsed="17.426313"/>
</kw>
<kw name="Sleep" owner="BuiltIn">
<msg time="2025-05-29T10:21:25.939187" level="INFO">Slept 500 milliseconds.</msg>
<arg>${QUICK_WAIT}</arg>
<doc>Pauses the test executed for the given time.</doc>
<status status="PASS" start="2025-05-29T10:21:25.438993" elapsed="0.500194"/>
</kw>
<kw name="Clique Sur Setting" owner="Integration">
<msg time="2025-05-29T10:21:47.952721" level="INFO">(551, 172, 1408, 696)
ðŸ”½ Swipe vers le bas #1
ðŸ›‘ Plus de nouveaux Ã©lÃ©ments en bas. Fin de balayage.
ðŸ”¼ Swipe vers le haut #1
ðŸ”¼ Swipe vers le haut #2
ðŸ”¼ Swipe vers le haut #3
ðŸ”¼ Swipe vers le haut #4
ðŸ”¼ Swipe vers le haut #5
ðŸ”¼ Swipe vers le haut #6
ðŸ”¼ Swipe vers le haut #7
ðŸ”¼ Swipe vers le haut #8
ðŸ”¼ Swipe vers le haut #9
ðŸ”¼ Swipe vers le haut #10
ðŸ”¼ Swipe vers le haut #11
ðŸ›‘ Aucun nouvel Ã©lÃ©ment en haut. Fin de balayage.
âŒ 'TestNotificationapk' introuvable aprÃ¨s balayage complet.</msg>
<arg>${driver}</arg>
<arg>${app_name}</arg>
<arg>${Setting_system}</arg>
<status status="PASS" start="2025-05-29T10:21:25.939187" elapsed="22.013534"/>
</kw>
<kw name="Sleep" owner="BuiltIn">
<msg time="2025-05-29T10:21:48.453057" level="INFO">Slept 500 milliseconds.</msg>
<arg>${QUICK_WAIT}</arg>
<doc>Pauses the test executed for the given time.</doc>
<status status="PASS" start="2025-05-29T10:21:47.952721" elapsed="0.500336"/>
</kw>
<kw name="Click Element By Text Att" owner="Integration">
<msg time="2025-05-29T10:22:08.915002" level="FAIL">TimeoutException: Message: 
Stacktrace:
NoSuchElementError: An element could not be located on the page using the given search parameters.
    at AndroidUiautomator2Driver.findElOrEls (C:\Users\bahae\.appium\node_modules\appium-uiautomator2-driver\node_modules\appium-android-driver\lib\commands\find.ts:86:11)
    at processTicksAndRejections (node:internal/process/task_queues:95:5)
    at AndroidUiautomator2Driver.findElOrElsWithProcessing (C:\Users\bahae\AppData\Roaming\npm\node_modules\appium\node_modules\@appium\base-driver\lib\basedriver\commands\find.ts:60:12)
    at AndroidUiautomator2Driver.findElement (C:\Users\bahae\AppData\Roaming\npm\node_modules\appium\node_modules\@appium\base-driver\lib\basedriver\commands\find.ts:75:12)</msg>
<arg>${driver}</arg>
<arg>${LANG_DICT.uninstall}</arg>
<status status="FAIL" start="2025-05-29T10:21:48.453057" elapsed="20.461945">TimeoutException: Message: 
Stacktrace:
NoSuchElementError: An element could not be located on the page using the given search parameters.
    at AndroidUiautomator2Driver.findElOrEls (C:\Users\bahae\.appium\node_modules\appium-uiautomator2-driver\node_modules\appium-android-driver\lib\commands\find.ts:86:11)
    at processTicksAndRejections (node:internal/process/task_queues:95:5)
    at AndroidUiautomator2Driver.findElOrElsWithProcessing (C:\Users\bahae\AppData\Roaming\npm\node_modules\appium\node_modules\@appium\base-driver\lib\basedriver\commands\find.ts:60:12)
    at AndroidUiautomator2Driver.findElement (C:\Users\bahae\AppData\Roaming\npm\node_modules\appium\node_modules\@appium\base-driver\lib\basedriver\commands\find.ts:75:12)</status>
</kw>
<kw name="Sleep" owner="BuiltIn">
<arg>${QUICK_WAIT}</arg>
<doc>Pauses the test executed for the given time.</doc>
<status status="NOT RUN" start="2025-05-29T10:22:08.915002" elapsed="0.000000"/>
</kw>
<kw name="Click Element By Text" owner="Integration">
<arg>${driver}</arg>
<arg>${LANG_DICT.confirm}</arg>
<status status="NOT RUN" start="2025-05-29T10:22:08.915002" elapsed="0.000000"/>
</kw>
<kw name="Sleep" owner="BuiltIn">
<arg>${QUICK_WAIT}</arg>
<doc>Pauses the test executed for the given time.</doc>
<status status="NOT RUN" start="2025-05-29T10:22:08.915002" elapsed="0.000000"/>
</kw>
<arg>${driver}</arg>
<arg>${TEST_APP_NAME}</arg>
<doc>Performs the uninstallation process</doc>
<status status="FAIL" start="2025-05-29T10:20:50.877786" elapsed="78.037216">TimeoutException: Message: 
Stacktrace:
NoSuchElementError: An element could not be located on the page using the given search parameters.
    at AndroidUiautomator2Driver.findElOrEls (C:\Users\bahae\.appium\node_modules\appium-uiautomator2-driver\node_modules\appium-android-driver\lib\commands\find.ts:86:11)
    at processTicksAndRejections (node:internal/process/task_queues:95:5)
    at AndroidUiautomator2Driver.findElOrElsWithProcessing (C:\Users\bahae\AppData\Roaming\npm\node_modules\appium\node_modules\@appium\base-driver\lib\basedriver\commands\find.ts:60:12)
    at AndroidUiautomator2Driver.findElement (C:\Users\bahae\AppData\Roaming\npm\node_modules\appium\node_modules\@appium\base-driver\lib\basedriver\commands\find.ts:75:12)</status>
</kw>
<kw name="Verify App Uninstallation">
<arg>${driver}</arg>
<arg>${TEST_APP_NAME}</arg>
<arg>${TEST_APP_PACKAGE}</arg>
<doc>Verifies if the application is completely uninstalled</doc>
<status status="NOT RUN" start="2025-05-29T10:22:08.915970" elapsed="0.000000"/>
</kw>
<doc>Executes the application uninstallation test</doc>
<status status="FAIL" start="2025-05-29T10:20:50.877786" elapsed="78.038184">TimeoutException: Message: 
Stacktrace:
NoSuchElementError: An element could not be located on the page using the given search parameters.
    at AndroidUiautomator2Driver.findElOrEls (C:\Users\bahae\.appium\node_modules\appium-uiautomator2-driver\node_modules\appium-android-driver\lib\commands\find.ts:86:11)
    at processTicksAndRejections (node:internal/process/task_queues:95:5)
    at AndroidUiautomator2Driver.findElOrElsWithProcessing (C:\Users\bahae\AppData\Roaming\npm\node_modules\appium\node_modules\@appium\base-driver\lib\basedriver\commands\find.ts:60:12)
    at AndroidUiautomator2Driver.findElement (C:\Users\bahae\AppData\Roaming\npm\node_modules\appium\node_modules\@appium\base-driver\lib\basedriver\commands\find.ts:75:12)</status>
</kw>
<msg time="2025-05-29T10:22:08.915970" level="INFO">${test_status} = False</msg>
<var>${test_status}</var>
<arg>${test_keyword}</arg>
<doc>Runs the given keyword with given arguments and returns the status as a Boolean value.</doc>
<status status="PASS" start="2025-05-29T10:20:50.876791" elapsed="78.039179"/>
</kw>
<if>
<branch type="IF" condition="${test_status}">
<kw name="Log" owner="BuiltIn">
<arg>Test ${test_name} rÃ©ussi</arg>
<doc>Logs the given message with the given level.</doc>
<status status="NOT RUN" start="2025-05-29T10:22:08.915970" elapsed="0.000000"/>
</kw>
<kw name="Exit For Loop" owner="BuiltIn">
<doc>Stops executing the enclosing FOR loop.</doc>
<status status="NOT RUN" start="2025-05-29T10:22:08.915970" elapsed="0.000000"/>
</kw>
<status status="NOT RUN" start="2025-05-29T10:22:08.915970" elapsed="0.000000"/>
</branch>
<branch type="ELSE">
<kw name="Evaluate" owner="BuiltIn">
<msg time="2025-05-29T10:22:08.915970" level="INFO">${attempt} = 4</msg>
<var>${attempt}</var>
<arg>${attempt} + 1</arg>
<doc>Evaluates the given expression in Python and returns the result.</doc>
<status status="PASS" start="2025-05-29T10:22:08.915970" elapsed="0.000000"/>
</kw>
<if>
<branch type="IF" condition="${attempt} &lt;= ${MAX_RETRIES}">
<kw name="Log" owner="BuiltIn">
<arg>Test ${test_name} Ã©chouÃ© - Tentative ${attempt}/${MAX_RETRIES}</arg>
<doc>Logs the given message with the given level.</doc>
<status status="NOT RUN" start="2025-05-29T10:22:08.915970" elapsed="0.000000"/>
</kw>
<kw name="Sleep" owner="BuiltIn">
<arg>${RETRY_DELAY}</arg>
<doc>Pauses the test executed for the given time.</doc>
<status status="NOT RUN" start="2025-05-29T10:22:08.915970" elapsed="0.000000"/>
</kw>
<status status="NOT RUN" start="2025-05-29T10:22:08.915970" elapsed="0.000000"/>
</branch>
<status status="PASS" start="2025-05-29T10:22:08.915970" elapsed="0.000000"/>
</if>
<status status="PASS" start="2025-05-29T10:22:08.915970" elapsed="0.000000"/>
</branch>
<status status="PASS" start="2025-05-29T10:22:08.915970" elapsed="0.000000"/>
</if>
<var name="${index}">2</var>
<status status="PASS" start="2025-05-29T10:20:50.876791" elapsed="78.039179"/>
</iter>
<var>${index}</var>
<value>${MAX_RETRIES}</value>
<status status="PASS" start="2025-05-29T10:18:10.069354" elapsed="238.846616"/>
</for>
<if>
<branch type="IF" condition="not ${test_status}">
<kw name="Fail" owner="BuiltIn">
<msg time="2025-05-29T10:22:08.916970" level="FAIL">Le test Test Uninstall Application a Ã©chouÃ© aprÃ¨s 3 tentatives</msg>
<arg>Le test ${test_name} a Ã©chouÃ© aprÃ¨s ${MAX_RETRIES} tentatives</arg>
<doc>Fails the test with the given message and optionally alters its tags.</doc>
<status status="FAIL" start="2025-05-29T10:22:08.916970" elapsed="0.000000">Le test Test Uninstall Application a Ã©chouÃ© aprÃ¨s 3 tentatives</status>
</kw>
<status status="FAIL" start="2025-05-29T10:22:08.915970" elapsed="0.001000">Le test Test Uninstall Application a Ã©chouÃ© aprÃ¨s 3 tentatives</status>
</branch>
<status status="FAIL" start="2025-05-29T10:22:08.915970" elapsed="0.001000">Le test Test Uninstall Application a Ã©chouÃ© aprÃ¨s 3 tentatives</status>
</if>
<arg>Execute Uninstall Application Test</arg>
<arg>Test Uninstall Application</arg>
<status status="FAIL" start="2025-05-29T10:18:10.068354" elapsed="238.848616">Le test Test Uninstall Application a Ã©chouÃ© aprÃ¨s 3 tentatives</status>
</kw>
<doc>Tests application uninstallation
- Navigates through settings
- Performs uninstallation
- Verifies complete removal</doc>
<tag>smoke</tag>
<tag>uninstallation</tag>
<status status="FAIL" start="2025-05-29T10:18:10.068354" elapsed="238.848616">Le test Test Uninstall Application a Ã©chouÃ© aprÃ¨s 3 tentatives</status>
</test>
<kw name="Fermer Driver" type="TEARDOWN">
<try>
<branch type="TRY">
<kw name="Run Keyword And Return Status" owner="BuiltIn">
<kw name="Get Source" owner="AppiumLibrary">
<kw name="Capture Page Screenshot" owner="AppiumLibrary">
<msg time="2025-05-29T10:22:08.918487" level="FAIL">No application is open</msg>
<doc>Takes a screenshot of the current page and embeds it into the log.</doc>
<status status="FAIL" start="2025-05-29T10:22:08.917972" elapsed="0.001517">No application is open</status>
</kw>
<msg time="2025-05-29T10:22:08.919489" level="WARN">Keyword 'Capture Page Screenshot' could not be run on failure: No application is open</msg>
<msg time="2025-05-29T10:22:08.919489" level="FAIL">No application is open</msg>
<doc>Returns the entire source of the current page.</doc>
<status status="FAIL" start="2025-05-29T10:22:08.917972" elapsed="0.002518">No application is open</status>
</kw>
<msg time="2025-05-29T10:22:08.920490" level="INFO">${session_active} = False</msg>
<var>${session_active}</var>
<arg>Get Source</arg>
<doc>Runs the given keyword with given arguments and returns the status as a Boolean value.</doc>
<status status="PASS" start="2025-05-29T10:22:08.917972" elapsed="0.002518"/>
</kw>
<if>
<branch type="IF" condition="${session_active}">
<kw name="Close Driver" owner="Integration">
<arg>${driver}</arg>
<doc>Ferme proprement le driver Appium.</doc>
<status status="NOT RUN" start="2025-05-29T10:22:08.920490" elapsed="0.000000"/>
</kw>
<kw name="Log" owner="BuiltIn">
<arg>Driver fermÃ© avec succÃ¨s</arg>
<doc>Logs the given message with the given level.</doc>
<status status="NOT RUN" start="2025-05-29T10:22:08.920490" elapsed="0.000000"/>
</kw>
<status status="NOT RUN" start="2025-05-29T10:22:08.920490" elapsed="0.000515"/>
</branch>
<branch type="ELSE">
<kw name="Log" owner="BuiltIn">
<msg time="2025-05-29T10:22:08.921005" level="INFO">Le driver n'Ã©tait pas actif</msg>
<arg>Le driver n'Ã©tait pas actif</arg>
<doc>Logs the given message with the given level.</doc>
<status status="PASS" start="2025-05-29T10:22:08.921005" elapsed="0.000000"/>
</kw>
<status status="PASS" start="2025-05-29T10:22:08.921005" elapsed="0.000000"/>
</branch>
<status status="PASS" start="2025-05-29T10:22:08.920490" elapsed="0.000515"/>
</if>
<status status="PASS" start="2025-05-29T10:22:08.917972" elapsed="0.003033"/>
</branch>
<branch type="EXCEPT" assign="${error}">
<kw name="Log" owner="BuiltIn">
<arg>Erreur lors de la fermeture du driver: ${error}</arg>
<doc>Logs the given message with the given level.</doc>
<status status="NOT RUN" start="2025-05-29T10:22:08.921005" elapsed="0.000000"/>
</kw>
<status status="NOT RUN" start="2025-05-29T10:22:08.921005" elapsed="0.000000"/>
</branch>
<status status="PASS" start="2025-05-29T10:22:08.916970" elapsed="0.004035"/>
</try>
<doc>Cleans up and closes the test driver</doc>
<status status="PASS" start="2025-05-29T10:22:08.916970" elapsed="0.004035"/>
</kw>
<doc>Tests for APK installation and uninstallation
- Verifies APK installation via ADB
- Checks application visibility in UI
- Tests complete uninstallation flow</doc>
<status status="FAIL" start="2025-05-29T10:16:13.301333" elapsed="355.619672"/>
</suite>
<statistics>
<total>
<stat pass="1" fail="1" skip="0">All Tests</stat>
</total>
<tag>
<stat pass="1" fail="0" skip="0">installation</stat>
<stat pass="1" fail="1" skip="0">smoke</stat>
<stat pass="0" fail="1" skip="0">uninstallation</stat>
</tag>
<suite>
<stat name="InstallationApplications" id="s1" pass="1" fail="1" skip="0">InstallationApplications</stat>
</suite>
</statistics>
<errors>
<msg time="2025-05-29T10:22:08.919489" level="WARN">Keyword 'Capture Page Screenshot' could not be run on failure: No application is open</msg>
</errors>
</robot>
