<?xml version="1.0" encoding="UTF-8"?>
<robot generator="Robot 7.2.2 (Python 3.12.5 on win32)" generated="2025-05-08T23:17:49.753488" rpa="false" schemaversion="5">
<suite id="s1" name="FonctionnaliteMaps" source="D:\pfe\PfeProject\test_cases\FonctionnaliteMaps.robot">
<kw name="Démarrer Driver" type="SETUP">
<kw name="Setup Driver" owner="Integration">
<msg time="2025-05-08T23:18:05.145973" level="INFO">${driver} = &lt;appium.webdriver.webdriver.WebDriver (session="db030ec3-b664-40a7-bfcd-c0a322922aa2")&gt;</msg>
<var>${driver}</var>
<arg>${Device}</arg>
<doc>Initialise et retourne le driver Appium.</doc>
<status status="PASS" start="2025-05-08T23:17:59.604700" elapsed="5.541273"/>
</kw>
<kw name="Set Suite Variable" owner="BuiltIn">
<msg time="2025-05-08T23:18:05.146972" level="INFO">${driver} = &lt;appium.webdriver.webdriver.WebDriver (session="db030ec3-b664-40a7-bfcd-c0a322922aa2")&gt;</msg>
<arg>${driver}</arg>
<doc>Makes a variable available everywhere within the scope of the current suite.</doc>
<status status="PASS" start="2025-05-08T23:18:05.146972" elapsed="0.000000"/>
</kw>
<kw name="Initialize Language Settings">
<kw name="Get System Language" owner="Integration">
<msg time="2025-05-08T23:18:05.189038" level="INFO">${lang} = fr</msg>
<var>${lang}</var>
<arg>${Device}</arg>
<status status="PASS" start="2025-05-08T23:18:05.146972" elapsed="0.043066"/>
</kw>
<kw name="Set Variable If" owner="BuiltIn">
<msg time="2025-05-08T23:18:05.190038" level="INFO">${lang_dict} = {'System': 'Système', 'Setting': 'Paramètres', 'Gps': 'Position', 'use_loc': 'Utiliser la localisation', 'acces': 'Accès à la position'}</msg>
<var>${lang_dict}</var>
<arg>'${lang}' == 'fr'</arg>
<arg>${LANG_FR}</arg>
<arg>${LANG_EN}</arg>
<doc>Sets variable based on the given condition.</doc>
<status status="PASS" start="2025-05-08T23:18:05.190038" elapsed="0.000000"/>
</kw>
<kw name="Set Suite Variable" owner="BuiltIn">
<msg time="2025-05-08T23:18:05.190038" level="INFO">${LANG_DICT} = {'System': 'Système', 'Setting': 'Paramètres', 'Gps': 'Position', 'use_loc': 'Utiliser la localisation', 'acces': 'Accès à la position'}</msg>
<arg>${LANG_DICT}</arg>
<arg>${lang_dict}</arg>
<doc>Makes a variable available everywhere within the scope of the current suite.</doc>
<status status="PASS" start="2025-05-08T23:18:05.190038" elapsed="0.000000"/>
</kw>
<doc>Sets up language-specific variables based on system language</doc>
<status status="PASS" start="2025-05-08T23:18:05.146972" elapsed="0.043066"/>
</kw>
<doc>Initializes the test driver</doc>
<status status="PASS" start="2025-05-08T23:17:59.603700" elapsed="5.586338"/>
</kw>
<test id="s1-t1" name="Test Ouvrir Gps" line="123">
<kw name="Execute Test With Retry">
<kw name="Set Variable" owner="BuiltIn">
<msg time="2025-05-08T23:18:05.191037" level="INFO">${attempt} = 1</msg>
<var>${attempt}</var>
<arg>1</arg>
<doc>Returns the given values which can then be assigned to a variables.</doc>
<status status="PASS" start="2025-05-08T23:18:05.191037" elapsed="0.000000"/>
</kw>
<kw name="Set Variable" owner="BuiltIn">
<msg time="2025-05-08T23:18:05.191037" level="INFO">${test_status} = False</msg>
<var>${test_status}</var>
<arg>${FALSE}</arg>
<doc>Returns the given values which can then be assigned to a variables.</doc>
<status status="PASS" start="2025-05-08T23:18:05.191037" elapsed="0.000000"/>
</kw>
<for flavor="IN RANGE">
<iter>
<kw name="Run Keyword And Return Status" owner="BuiltIn">
<kw name="Execute Open Gps Test">
<kw name="Open Application With Click" owner="Integration">
<msg time="2025-05-08T23:18:29.047357" level="INFO">📌 Liste des applications détectées : ['Agenda', 'Appium Settings', 'ARD Audiothek', 'Audio Bluetooth', 'Crunchyroll', 'Enregistreur vocal', 'Google Assistant', 'Google\xa0Actualités', 'Home Assistant', 'Local Media Player', 'Maps', 'Paramètres', 'Play\xa0Store', 'Prime Video', 'SMS']
📌 First Home Page détectée : ['Agenda', 'Appium Settings', 'ARD Audiothek', 'Audio Bluetooth', 'Crunchyroll', 'Enregistreur vocal', 'Google Assistant', 'Google\xa0Actualités', 'Home Assistant', 'Local Media Player', 'Maps', 'Paramètres', 'Play\xa0Store', 'Prime Video', 'SMS']

📌 Liste des applications détectées : ['Agenda', 'Appium Settings', 'ARD Audiothek', 'Audio Bluetooth', 'Crunchyroll', 'Enregistreur vocal', 'Google Assistant', 'Google\xa0Actualités', 'Home Assistant', 'Local Media Player', 'Maps', 'Paramètres', 'Play\xa0Store', 'Prime Video', 'SMS']
✅ Retour à la first home page !

📌 Liste des applications détectées : ['Agenda', 'Appium Settings', 'ARD Audiothek', 'Audio Bluetooth', 'Crunchyroll', 'Enregistreur vocal', 'Google Assistant', 'Google\xa0Actualités', 'Home Assistant', 'Local Media Player', 'Maps', 'Paramètres', 'Play\xa0Store', 'Prime Video', 'SMS']
378 619 522 657</msg>
<msg time="2025-05-08T23:18:29.047357" level="INFO">${resultat} = True</msg>
<var>${resultat}</var>
<arg>${driver}</arg>
<arg>${LANG_DICT.Setting}</arg>
<status status="PASS" start="2025-05-08T23:18:05.192037" elapsed="23.855320"/>
</kw>
<kw name="Sleep" owner="BuiltIn">
<msg time="2025-05-08T23:18:29.548116" level="INFO">Slept 500 milliseconds.</msg>
<arg>${QUICK_WAIT}</arg>
<doc>Pauses the test executed for the given time.</doc>
<status status="PASS" start="2025-05-08T23:18:29.047357" elapsed="0.500759"/>
</kw>
<kw name="Clique Sur Setting Include" owner="Integration">
<msg time="2025-05-08T23:18:59.305912" level="INFO">📌 Liste des applications détectées : ['Réseau et Internet', 'Notifications', 'Son', 'Écran', 'Profils et comptes', 'Position', 'Confidentialité', "Point d'accès", 'Réseau mobile', 'Wi-Fi', 'Rejoindre un autre réseau']
📌 First Home Page détectée : ['Réseau et Internet', 'Notifications', 'Son', 'Écran', 'Profils et comptes', 'Position', 'Confidentialité', "Point d'accès", 'Réseau mobile', 'Wi-Fi', 'Rejoindre un autre réseau']
🔄 Swipe #1 en cours...

📌 Liste des applications détectées : ['Bluetooth', 'Réseau et Internet', 'Notifications', 'Son', 'Écran', 'Profils et comptes', 'Position', "Point d'accès", 'Réseau mobile', 'Wi-Fi', 'Rejoindre un autre réseau']
🔄 Swipe #2 en cours...

📌 Liste des applications détectées : ['Bluetooth', 'Réseau et Internet', 'Notifications', 'Son', 'Écran', 'Profils et comptes', 'Position', "Point d'accès", 'Réseau mobile', 'Wi-Fi', 'Rejoindre un autre réseau']
✅ Retour à la first home page !
First Home Page détectée : ['Notifications', 'Écran', 'Réseau et Internet', 'Position', 'Bluetooth', 'Son', 'Profils et comptes']
 Position trouvé ! Appui sur le texte contenant 'Position'.</msg>
<arg>${driver}</arg>
<arg>${LANG_DICT.Gps}</arg>
<arg>${Setting_menu}</arg>
<status status="PASS" start="2025-05-08T23:18:29.548116" elapsed="29.757796"/>
</kw>
<kw name="Clique Sur Setting Include" owner="Integration">
<msg time="2025-05-08T23:19:15.926488" level="INFO">📌 Liste des applications détectées : ['Bluetooth', 'Réseau et Internet', 'Notifications', 'Son', 'Écran', 'Profils et comptes', 'Position', 'Accès à la position', 'Autorisations des applis', 'Accès récent(s)', 'Maps', 'Appium Settings']
📌 First Home Page détectée : ['Bluetooth', 'Réseau et Internet', 'Notifications', 'Son', 'Écran', 'Profils et comptes', 'Position', 'Accès à la position', 'Autorisations des applis', 'Accès récent(s)', 'Maps', 'Appium Settings']
🔄 Swipe #1 en cours...

📌 Liste des applications détectées : ['Bluetooth', 'Réseau et Internet', 'Notifications', 'Son', 'Écran', 'Profils et comptes', 'Position', 'Accès à la position', 'Autorisations des applis', 'Accès récent(s)', 'Maps', 'Appium Settings']
✅ Retour à la first home page !
First Home Page détectée : ['Gérez les autorisations de chaque appli', 'Accès à la position', 'il y a 0\xa0min', 'Appium Settings', 'Maps', 'Accès récent(s)', 'Choisissez si les applis ont accès la position de votre voiture', 'Autorisations des applis']
 Accès à la position trouvé ! Appui sur le texte contenant 'Accès à la position'.</msg>
<arg>${driver}</arg>
<arg>${LANG_DICT.acces}</arg>
<arg>${Setting_system}</arg>
<status status="PASS" start="2025-05-08T23:18:59.305912" elapsed="16.620576"/>
</kw>
<kw name="Activer Toggle Si Desactive" owner="Integration">
<msg time="2025-05-08T23:19:17.153153" level="INFO">true</msg>
<arg>${driver}</arg>
<arg>${LANG_DICT.use_loc}</arg>
<status status="PASS" start="2025-05-08T23:19:15.926488" elapsed="1.226665"/>
</kw>
<kw name="Is Gps Enabled Adb" owner="Integration">
<msg time="2025-05-08T23:19:17.196184" level="INFO">✅ Le GPS est activé (location_mode = 3).</msg>
<msg time="2025-05-08T23:19:17.196184" level="INFO">${verfier_gps_adb} = True</msg>
<var>${verfier_gps_adb}</var>
<arg>${driver}</arg>
<doc>Vérifie si le GPS (services de localisation) est activé via ADB pour un device donné.</doc>
<status status="PASS" start="2025-05-08T23:19:17.153153" elapsed="0.043031"/>
</kw>
<kw name="Should Be True" owner="BuiltIn">
<arg>${verfier_gps_adb}</arg>
<arg>Le GPS ne s'active pas (via ADB)</arg>
<doc>Fails if the given condition is not true.</doc>
<status status="PASS" start="2025-05-08T23:19:17.196184" elapsed="0.000000"/>
</kw>
<doc>Tests GPS activation</doc>
<status status="PASS" start="2025-05-08T23:18:05.192037" elapsed="72.004147"/>
</kw>
<msg time="2025-05-08T23:19:17.196184" level="INFO">${test_status} = True</msg>
<var>${test_status}</var>
<arg>${test_keyword}</arg>
<doc>Runs the given keyword with given arguments and returns the status as a Boolean value.</doc>
<status status="PASS" start="2025-05-08T23:18:05.192037" elapsed="72.004147"/>
</kw>
<if>
<branch type="IF" condition="${test_status}">
<kw name="Log" owner="BuiltIn">
<msg time="2025-05-08T23:19:17.197184" level="INFO">Test Test Ouvrir Gps réussi</msg>
<arg>Test ${test_name} réussi</arg>
<doc>Logs the given message with the given level.</doc>
<status status="PASS" start="2025-05-08T23:19:17.197184" elapsed="0.000000"/>
</kw>
<kw name="Exit For Loop" owner="BuiltIn">
<msg time="2025-05-08T23:19:17.197184" level="INFO">Exiting for loop altogether.</msg>
<doc>Stops executing the enclosing FOR loop.</doc>
<status status="PASS" start="2025-05-08T23:19:17.197184" elapsed="0.000000"/>
</kw>
<status status="PASS" start="2025-05-08T23:19:17.196184" elapsed="0.001000"/>
</branch>
<branch type="ELSE">
<kw name="Evaluate" owner="BuiltIn">
<var>${attempt}</var>
<arg>${attempt} + 1</arg>
<doc>Evaluates the given expression in Python and returns the result.</doc>
<status status="NOT RUN" start="2025-05-08T23:19:17.197184" elapsed="0.000000"/>
</kw>
<if>
<branch type="IF" condition="${attempt} &lt;= ${MAX_RETRIES}">
<kw name="Log" owner="BuiltIn">
<arg>Test ${test_name} échoué - Tentative ${attempt}/${MAX_RETRIES}</arg>
<doc>Logs the given message with the given level.</doc>
<status status="NOT RUN" start="2025-05-08T23:19:17.197184" elapsed="0.000000"/>
</kw>
<kw name="Sleep" owner="BuiltIn">
<arg>${RETRY_DELAY}</arg>
<doc>Pauses the test executed for the given time.</doc>
<status status="NOT RUN" start="2025-05-08T23:19:17.197184" elapsed="0.000000"/>
</kw>
<status status="NOT RUN" start="2025-05-08T23:19:17.197184" elapsed="0.000000"/>
</branch>
<status status="NOT RUN" start="2025-05-08T23:19:17.197184" elapsed="0.000000"/>
</if>
<status status="NOT RUN" start="2025-05-08T23:19:17.197184" elapsed="0.000000"/>
</branch>
<status status="PASS" start="2025-05-08T23:19:17.196184" elapsed="0.001000"/>
</if>
<var name="${index}">0</var>
<status status="PASS" start="2025-05-08T23:18:05.192037" elapsed="72.005147"/>
</iter>
<var>${index}</var>
<value>${MAX_RETRIES}</value>
<status status="PASS" start="2025-05-08T23:18:05.191037" elapsed="72.006147"/>
</for>
<if>
<branch type="IF" condition="not ${test_status}">
<kw name="Fail" owner="BuiltIn">
<arg>Le test ${test_name} a échoué après ${MAX_RETRIES} tentatives</arg>
<doc>Fails the test with the given message and optionally alters its tags.</doc>
<status status="NOT RUN" start="2025-05-08T23:19:17.198184" elapsed="0.000000"/>
</kw>
<status status="NOT RUN" start="2025-05-08T23:19:17.197184" elapsed="0.001000"/>
</branch>
<status status="PASS" start="2025-05-08T23:19:17.197184" elapsed="0.001000"/>
</if>
<arg>Execute Open Gps Test</arg>
<arg>Test Ouvrir Gps</arg>
<status status="PASS" start="2025-05-08T23:18:05.191037" elapsed="72.007147"/>
</kw>
<doc>Teste l'activation du GPS
- Ouvre les paramètres
- Active le GPS
- Vérifie l'activation via ADB</doc>
<tag>gps</tag>
<tag>smoke</tag>
<status status="PASS" start="2025-05-08T23:18:05.190038" elapsed="72.008146"/>
</test>
<test id="s1-t2" name="Test GPS Location Functionality" line="131">
<kw name="Execute Test With Retry">
<kw name="Set Variable" owner="BuiltIn">
<msg time="2025-05-08T23:19:17.199184" level="INFO">${attempt} = 1</msg>
<var>${attempt}</var>
<arg>1</arg>
<doc>Returns the given values which can then be assigned to a variables.</doc>
<status status="PASS" start="2025-05-08T23:19:17.199184" elapsed="0.000000"/>
</kw>
<kw name="Set Variable" owner="BuiltIn">
<msg time="2025-05-08T23:19:17.199184" level="INFO">${test_status} = False</msg>
<var>${test_status}</var>
<arg>${FALSE}</arg>
<doc>Returns the given values which can then be assigned to a variables.</doc>
<status status="PASS" start="2025-05-08T23:19:17.199184" elapsed="0.000000"/>
</kw>
<for flavor="IN RANGE">
<iter>
<kw name="Run Keyword And Return Status" owner="BuiltIn">
<kw name="Execute Gps Location Test">
<kw name="Set Location ViaAdb" owner="Integration">
<msg time="2025-05-08T23:19:17.262761" level="INFO">[OK] Position définie : -74.0060, 40.7128</msg>
<arg>${Device}</arg>
<arg>${Longitude}</arg>
<arg>${Latitude}</arg>
<doc>Définit une nouvelle position GPS via une API Flask sur le host.</doc>
<status status="PASS" start="2025-05-08T23:19:17.200184" elapsed="0.062577"/>
</kw>
<kw name="Sleep" owner="BuiltIn">
<msg time="2025-05-08T23:19:17.763675" level="INFO">Slept 500 milliseconds.</msg>
<arg>${QUICK_WAIT}</arg>
<doc>Pauses the test executed for the given time.</doc>
<status status="PASS" start="2025-05-08T23:19:17.262761" elapsed="0.500914"/>
</kw>
<kw name="Get Location ViaAdb" owner="Integration">
<msg time="2025-05-08T23:19:17.850250" level="INFO">${current_latitude} = 40.7128</msg>
<msg time="2025-05-08T23:19:17.851252" level="INFO">${current_longitude} = -74.006</msg>
<var>${current_latitude}</var>
<var>${current_longitude}</var>
<arg>${Device}</arg>
<status status="PASS" start="2025-05-08T23:19:17.763675" elapsed="0.087577"/>
</kw>
<kw name="Should Be Equal As Numbers" owner="BuiltIn">
<msg time="2025-05-08T23:19:17.851252" level="INFO">Argument types are:
&lt;class 'float'&gt;
&lt;class 'str'&gt;</msg>
<arg>${current_latitude}</arg>
<arg>${Latitude}</arg>
<arg>La latitude n'a pas été mise à jour correctement</arg>
<doc>Fails if objects are unequal after converting them to real numbers.</doc>
<status status="PASS" start="2025-05-08T23:19:17.851252" elapsed="0.000000"/>
</kw>
<kw name="Should Be Equal As Numbers" owner="BuiltIn">
<msg time="2025-05-08T23:19:17.851252" level="INFO">Argument types are:
&lt;class 'float'&gt;
&lt;class 'str'&gt;</msg>
<arg>${current_longitude}</arg>
<arg>${Longitude}</arg>
<arg>La longitude n'a pas été mise à jour correctement</arg>
<doc>Fails if objects are unequal after converting them to real numbers.</doc>
<status status="PASS" start="2025-05-08T23:19:17.851252" elapsed="0.000000"/>
</kw>
<doc>Tests GPS location functionality</doc>
<status status="PASS" start="2025-05-08T23:19:17.200184" elapsed="0.651068"/>
</kw>
<msg time="2025-05-08T23:19:17.851252" level="INFO">${test_status} = True</msg>
<var>${test_status}</var>
<arg>${test_keyword}</arg>
<doc>Runs the given keyword with given arguments and returns the status as a Boolean value.</doc>
<status status="PASS" start="2025-05-08T23:19:17.199184" elapsed="0.652068"/>
</kw>
<if>
<branch type="IF" condition="${test_status}">
<kw name="Log" owner="BuiltIn">
<msg time="2025-05-08T23:19:17.851252" level="INFO">Test Test GPS Location Functionality réussi</msg>
<arg>Test ${test_name} réussi</arg>
<doc>Logs the given message with the given level.</doc>
<status status="PASS" start="2025-05-08T23:19:17.851252" elapsed="0.001017"/>
</kw>
<kw name="Exit For Loop" owner="BuiltIn">
<msg time="2025-05-08T23:19:17.852269" level="INFO">Exiting for loop altogether.</msg>
<doc>Stops executing the enclosing FOR loop.</doc>
<status status="PASS" start="2025-05-08T23:19:17.852269" elapsed="0.000000"/>
</kw>
<status status="PASS" start="2025-05-08T23:19:17.851252" elapsed="0.001017"/>
</branch>
<branch type="ELSE">
<kw name="Evaluate" owner="BuiltIn">
<var>${attempt}</var>
<arg>${attempt} + 1</arg>
<doc>Evaluates the given expression in Python and returns the result.</doc>
<status status="NOT RUN" start="2025-05-08T23:19:17.852269" elapsed="0.000000"/>
</kw>
<if>
<branch type="IF" condition="${attempt} &lt;= ${MAX_RETRIES}">
<kw name="Log" owner="BuiltIn">
<arg>Test ${test_name} échoué - Tentative ${attempt}/${MAX_RETRIES}</arg>
<doc>Logs the given message with the given level.</doc>
<status status="NOT RUN" start="2025-05-08T23:19:17.852269" elapsed="0.000000"/>
</kw>
<kw name="Sleep" owner="BuiltIn">
<arg>${RETRY_DELAY}</arg>
<doc>Pauses the test executed for the given time.</doc>
<status status="NOT RUN" start="2025-05-08T23:19:17.852269" elapsed="0.000000"/>
</kw>
<status status="NOT RUN" start="2025-05-08T23:19:17.852269" elapsed="0.000000"/>
</branch>
<status status="NOT RUN" start="2025-05-08T23:19:17.852269" elapsed="0.000000"/>
</if>
<status status="NOT RUN" start="2025-05-08T23:19:17.852269" elapsed="0.000000"/>
</branch>
<status status="PASS" start="2025-05-08T23:19:17.851252" elapsed="0.001017"/>
</if>
<var name="${index}">0</var>
<status status="PASS" start="2025-05-08T23:19:17.199184" elapsed="0.653085"/>
</iter>
<var>${index}</var>
<value>${MAX_RETRIES}</value>
<status status="PASS" start="2025-05-08T23:19:17.199184" elapsed="0.653085"/>
</for>
<if>
<branch type="IF" condition="not ${test_status}">
<kw name="Fail" owner="BuiltIn">
<arg>Le test ${test_name} a échoué après ${MAX_RETRIES} tentatives</arg>
<doc>Fails the test with the given message and optionally alters its tags.</doc>
<status status="NOT RUN" start="2025-05-08T23:19:17.852269" elapsed="0.000986"/>
</kw>
<status status="NOT RUN" start="2025-05-08T23:19:17.852269" elapsed="0.000986"/>
</branch>
<status status="PASS" start="2025-05-08T23:19:17.852269" elapsed="0.000986"/>
</if>
<arg>Execute Gps Location Test</arg>
<arg>Test GPS Location Functionality</arg>
<status status="PASS" start="2025-05-08T23:19:17.199184" elapsed="0.654071"/>
</kw>
<doc>Teste la fonctionnalité de modification de position GPS
- Définit une position GPS spécifique via ADB
- Vérifie que la position a bien été mise à jour</doc>
<tag>gps</tag>
<tag>location</tag>
<status status="PASS" start="2025-05-08T23:19:17.198184" elapsed="0.655071"/>
</test>
<kw name="Fermer Driver" type="TEARDOWN">
<try>
<branch type="TRY">
<kw name="Run Keyword And Return Status" owner="BuiltIn">
<kw name="Get Source" owner="AppiumLibrary">
<kw name="Capture Page Screenshot" owner="AppiumLibrary">
<msg time="2025-05-08T23:19:17.854255" level="FAIL">No application is open</msg>
<doc>Takes a screenshot of the current page and embeds it into the log.</doc>
<status status="FAIL" start="2025-05-08T23:19:17.853255" elapsed="0.001999">No application is open</status>
</kw>
<msg time="2025-05-08T23:19:17.856255" level="WARN">Keyword 'Capture Page Screenshot' could not be run on failure: No application is open</msg>
<msg time="2025-05-08T23:19:17.856255" level="FAIL">No application is open</msg>
<doc>Returns the entire source of the current page.</doc>
<status status="FAIL" start="2025-05-08T23:19:17.853255" elapsed="0.003000">No application is open</status>
</kw>
<msg time="2025-05-08T23:19:17.856255" level="INFO">${session_active} = False</msg>
<var>${session_active}</var>
<arg>Get Source</arg>
<doc>Runs the given keyword with given arguments and returns the status as a Boolean value.</doc>
<status status="PASS" start="2025-05-08T23:19:17.853255" elapsed="0.003000"/>
</kw>
<if>
<branch type="IF" condition="${session_active}">
<kw name="Close Driver" owner="Integration">
<arg>${driver}</arg>
<doc>Ferme proprement le driver Appium.</doc>
<status status="NOT RUN" start="2025-05-08T23:19:17.857254" elapsed="0.000000"/>
</kw>
<kw name="Log" owner="BuiltIn">
<arg>Driver fermé avec succès</arg>
<doc>Logs the given message with the given level.</doc>
<status status="NOT RUN" start="2025-05-08T23:19:17.857254" elapsed="0.000000"/>
</kw>
<status status="NOT RUN" start="2025-05-08T23:19:17.856255" elapsed="0.000999"/>
</branch>
<branch type="ELSE">
<kw name="Log" owner="BuiltIn">
<msg time="2025-05-08T23:19:17.857254" level="INFO">Le driver n'était pas actif</msg>
<arg>Le driver n'était pas actif</arg>
<doc>Logs the given message with the given level.</doc>
<status status="PASS" start="2025-05-08T23:19:17.857254" elapsed="0.000000"/>
</kw>
<status status="PASS" start="2025-05-08T23:19:17.857254" elapsed="0.000000"/>
</branch>
<status status="PASS" start="2025-05-08T23:19:17.856255" elapsed="0.000999"/>
</if>
<status status="PASS" start="2025-05-08T23:19:17.853255" elapsed="0.003999"/>
</branch>
<branch type="EXCEPT" assign="${error}">
<kw name="Log" owner="BuiltIn">
<arg>Erreur lors de la fermeture du driver: ${error}</arg>
<doc>Logs the given message with the given level.</doc>
<status status="NOT RUN" start="2025-05-08T23:19:17.857254" elapsed="0.000000"/>
</kw>
<status status="NOT RUN" start="2025-05-08T23:19:17.857254" elapsed="0.000000"/>
</branch>
<status status="PASS" start="2025-05-08T23:19:17.853255" elapsed="0.003999"/>
</try>
<doc>Cleans up and closes the test driver</doc>
<status status="PASS" start="2025-05-08T23:19:17.853255" elapsed="0.003999"/>
</kw>
<doc>Tests de fonctionnalité GPS pour appareil Android
- Vérification de la modification de position GPS
- Utilisation des commandes ADB pour contrôler l'émulateur</doc>
<status status="PASS" start="2025-05-08T23:17:49.755487" elapsed="88.101767"/>
</suite>
<statistics>
<total>
<stat pass="2" fail="0" skip="0">All Tests</stat>
</total>
<tag>
<stat pass="2" fail="0" skip="0">gps</stat>
<stat pass="1" fail="0" skip="0">location</stat>
<stat pass="1" fail="0" skip="0">smoke</stat>
</tag>
<suite>
<stat name="FonctionnaliteMaps" id="s1" pass="2" fail="0" skip="0">FonctionnaliteMaps</stat>
</suite>
</statistics>
<errors>
<msg time="2025-05-08T23:19:17.856255" level="WARN">Keyword 'Capture Page Screenshot' could not be run on failure: No application is open</msg>
</errors>
</robot>
