<?xml version="1.0" encoding="UTF-8"?>
<robot generator="Robot 7.2.2 (Python 3.12.5 on win32)" generated="2025-06-09T02:07:35.585926" rpa="false" schemaversion="5">
<suite id="s1" name="WiFiAndConnectivite" source="C:\Users\bahae\Documents\PfeProject\test_cases\WiFiAndConnectivite.robot">
<kw name="Démarrer Driver" type="SETUP">
<kw name="Setup Driver" owner="Integration">
<msg time="2025-06-09T02:07:52.302638" level="INFO">${driver} = &lt;appium.webdriver.webdriver.WebDriver (session="34c991de-5ad9-4a66-a159-b78d05099663")&gt;</msg>
<var>${driver}</var>
<arg>${Device}</arg>
<doc>Initialise et retourne le driver Appium.</doc>
<status status="PASS" start="2025-06-09T02:07:38.339465" elapsed="13.963173"/>
</kw>
<kw name="Set Suite Variable" owner="BuiltIn">
<msg time="2025-06-09T02:07:52.303637" level="INFO">${driver} = &lt;appium.webdriver.webdriver.WebDriver (session="34c991de-5ad9-4a66-a159-b78d05099663")&gt;</msg>
<arg>${driver}</arg>
<doc>Makes a variable available everywhere within the scope of the current suite.</doc>
<status status="PASS" start="2025-06-09T02:07:52.302638" elapsed="0.000999"/>
</kw>
<kw name="Initialize Language Settings">
<kw name="Get System Language" owner="Integration">
<msg time="2025-06-09T02:07:52.363653" level="INFO">${lang} = fr</msg>
<var>${lang}</var>
<arg>${Device}</arg>
<status status="PASS" start="2025-06-09T02:07:52.303637" elapsed="0.060016"/>
</kw>
<kw name="Set Variable If" owner="BuiltIn">
<msg time="2025-06-09T02:07:52.363653" level="INFO">${lang_dict} = {'System': 'Système', 'Setting': 'Paramètres', 'ReseauMenu': 'Réseau et Internet'}</msg>
<var>${lang_dict}</var>
<arg>'${lang}' == 'fr'</arg>
<arg>${LANG_FR}</arg>
<arg>${LANG_EN}</arg>
<doc>Sets variable based on the given condition.</doc>
<status status="PASS" start="2025-06-09T02:07:52.363653" elapsed="0.000985"/>
</kw>
<kw name="Set Suite Variable" owner="BuiltIn">
<msg time="2025-06-09T02:07:52.364638" level="INFO">${LANG_DICT} = {'System': 'Système', 'Setting': 'Paramètres', 'ReseauMenu': 'Réseau et Internet'}</msg>
<arg>${LANG_DICT}</arg>
<arg>${lang_dict}</arg>
<doc>Makes a variable available everywhere within the scope of the current suite.</doc>
<status status="PASS" start="2025-06-09T02:07:52.364638" elapsed="0.000000"/>
</kw>
<doc>Sets up language-specific variables based on system language</doc>
<status status="PASS" start="2025-06-09T02:07:52.303637" elapsed="0.061001"/>
</kw>
<doc>Initializes the test driver</doc>
<status status="PASS" start="2025-06-09T02:07:38.339465" elapsed="14.025173"/>
</kw>
<test id="s1-t1" name="Test Ouvrir Wifi" line="143">
<kw name="Execute Test With Retry">
<kw name="Set Variable" owner="BuiltIn">
<msg time="2025-06-09T02:07:52.365637" level="INFO">${attempt} = 1</msg>
<var>${attempt}</var>
<arg>1</arg>
<doc>Returns the given values which can then be assigned to a variables.</doc>
<status status="PASS" start="2025-06-09T02:07:52.365637" elapsed="0.000000"/>
</kw>
<kw name="Set Variable" owner="BuiltIn">
<msg time="2025-06-09T02:07:52.365637" level="INFO">${test_status} = False</msg>
<var>${test_status}</var>
<arg>${FALSE}</arg>
<doc>Returns the given values which can then be assigned to a variables.</doc>
<status status="PASS" start="2025-06-09T02:07:52.365637" elapsed="0.000000"/>
</kw>
<for flavor="IN RANGE">
<iter>
<kw name="Run Keyword And Return Status" owner="BuiltIn">
<kw name="Execute Open Wifi Test">
<kw name="Open Application With Click" owner="Integration">
<msg time="2025-06-09T02:08:11.706521" level="INFO">📌 Liste des applications détectées : ['Agenda', 'Appium Settings', 'ARD Audiothek', 'Audio Bluetooth', 'Crunchyroll', 'Enregistreur vocal', 'Google Assistant', 'Google\xa0Actualités', 'Home Assistant', 'Local Media Player', 'Google\xa0Maps', 'Paramètres', 'Play\xa0Store', 'Prime Video', 'SMS']
📌 First Home Page détectée : ['Agenda', 'Appium Settings', 'ARD Audiothek', 'Audio Bluetooth', 'Crunchyroll', 'Enregistreur vocal', 'Google Assistant', 'Google\xa0Actualités', 'Home Assistant', 'Local Media Player', 'Google\xa0Maps', 'Paramètres', 'Play\xa0Store', 'Prime Video', 'SMS']

📌 Liste des applications détectées : ['Agenda', 'Appium Settings', 'ARD Audiothek', 'Audio Bluetooth', 'Crunchyroll', 'Enregistreur vocal', 'Google Assistant', 'Google\xa0Actualités', 'Home Assistant', 'Local Media Player', 'Google\xa0Maps', 'Paramètres', 'Play\xa0Store', 'Prime Video', 'SMS']
✅ Retour à la first home page !

📌 Liste des applications détectées : ['Agenda', 'Appium Settings', 'ARD Audiothek', 'Audio Bluetooth', 'Crunchyroll', 'Enregistreur vocal', 'Google Assistant', 'Google\xa0Actualités', 'Home Assistant', 'Local Media Player', 'Google\xa0Maps', 'Paramètres', 'Play\xa0Store', 'Prime Video', 'SMS']
378 619 522 657</msg>
<msg time="2025-06-09T02:08:11.706521" level="INFO">${resultat} = True</msg>
<var>${resultat}</var>
<arg>${driver}</arg>
<arg>${LANG_DICT.Setting}</arg>
<status status="PASS" start="2025-06-09T02:07:52.366637" elapsed="19.339884"/>
</kw>
<kw name="Sleep" owner="BuiltIn">
<msg time="2025-06-09T02:08:12.207989" level="INFO">Slept 500 milliseconds.</msg>
<arg>${QUICK_WAIT}</arg>
<doc>Pauses the test executed for the given time.</doc>
<status status="PASS" start="2025-06-09T02:08:11.706521" elapsed="0.501468"/>
</kw>
<kw name="Check Element Exists By Id" owner="Integration">
<msg time="2025-06-09T02:08:12.283718" level="INFO">${Verfier} = True</msg>
<var>${Verfier}</var>
<arg>${driver}</arg>
<arg>${Setting_xpath_id}</arg>
<doc>Vérifie si un élément existe en utilisant son ID.</doc>
<status status="PASS" start="2025-06-09T02:08:12.207989" elapsed="0.075729"/>
</kw>
<kw name="Should Be True" owner="BuiltIn">
<arg>${Verfier}</arg>
<arg>Settings screen is not displayed</arg>
<doc>Fails if the given condition is not true.</doc>
<status status="PASS" start="2025-06-09T02:08:12.283718" elapsed="0.000000"/>
</kw>
<kw name="Clique Sur Setting" owner="Integration">
<msg time="2025-06-09T02:08:13.786282" level="INFO">(0, 76, 550, 696)
✅ 'Réseau et Internet' trouvé sans swipe. Appui en cours...</msg>
<arg>${driver}</arg>
<arg>${LANG_DICT.ReseauMenu}</arg>
<arg>${Setting_menu}</arg>
<status status="PASS" start="2025-06-09T02:08:12.283718" elapsed="1.502564"/>
</kw>
<kw name="Activer Wifi Si Desactive" owner="Integration">
<msg time="2025-06-09T02:08:14.659872" level="INFO">false</msg>
<arg>${driver}</arg>
<status status="PASS" start="2025-06-09T02:08:13.786282" elapsed="0.873590"/>
</kw>
<kw name="Sleep" owner="BuiltIn">
<msg time="2025-06-09T02:08:16.661571" level="INFO">Slept 2 seconds.</msg>
<arg>${WAIT_TIME}</arg>
<doc>Pauses the test executed for the given time.</doc>
<status status="PASS" start="2025-06-09T02:08:14.660872" elapsed="2.000699"/>
</kw>
<kw name="Is Active Wifi Ui" owner="Integration">
<msg time="2025-06-09T02:08:18.712517" level="INFO">État actuel du Wi-Fi : true</msg>
<msg time="2025-06-09T02:08:18.712517" level="INFO">${verifier_wifi_ui} = True</msg>
<var>${verifier_wifi_ui}</var>
<arg>${driver}</arg>
<status status="PASS" start="2025-06-09T02:08:16.661571" elapsed="2.050946"/>
</kw>
<kw name="Run Keyword And Continue On Failure" owner="BuiltIn">
<kw name="Should Be True" owner="BuiltIn">
<arg>${verifier_wifi_ui}</arg>
<arg>WiFi is not active in UI</arg>
<doc>Fails if the given condition is not true.</doc>
<status status="PASS" start="2025-06-09T02:08:18.712517" elapsed="0.000000"/>
</kw>
<arg>Should Be True</arg>
<arg>${verifier_wifi_ui}</arg>
<arg>WiFi is not active in UI</arg>
<doc>Runs the keyword and continues execution even if a failure occurs.</doc>
<status status="PASS" start="2025-06-09T02:08:18.712517" elapsed="0.000000"/>
</kw>
<kw name="Is Wifi Enabled Adb" owner="Integration">
<msg time="2025-06-09T02:08:19.110951" level="INFO">✅ Le Wi-Fi est activé.</msg>
<msg time="2025-06-09T02:08:19.110951" level="INFO">${verfier_wifi_adb} = True</msg>
<var>${verfier_wifi_adb}</var>
<arg>${driver}</arg>
<status status="PASS" start="2025-06-09T02:08:18.712517" elapsed="0.398434"/>
</kw>
<kw name="Run Keyword And Continue On Failure" owner="BuiltIn">
<kw name="Should Be True" owner="BuiltIn">
<arg>${verfier_wifi_adb}</arg>
<arg>WiFi is not active via ADB</arg>
<doc>Fails if the given condition is not true.</doc>
<status status="PASS" start="2025-06-09T02:08:19.110951" elapsed="0.000000"/>
</kw>
<arg>Should Be True</arg>
<arg>${verfier_wifi_adb}</arg>
<arg>WiFi is not active via ADB</arg>
<doc>Runs the keyword and continues execution even if a failure occurs.</doc>
<status status="PASS" start="2025-06-09T02:08:19.110951" elapsed="0.000000"/>
</kw>
<doc>Tests WiFi activation</doc>
<status status="PASS" start="2025-06-09T02:07:52.365637" elapsed="26.745314"/>
</kw>
<msg time="2025-06-09T02:08:19.110951" level="INFO">${test_status} = True</msg>
<var>${test_status}</var>
<arg>${test_keyword}</arg>
<doc>Runs the given keyword with given arguments and returns the status as a Boolean value.</doc>
<status status="PASS" start="2025-06-09T02:07:52.365637" elapsed="26.745314"/>
</kw>
<if>
<branch type="IF" condition="${test_status}">
<kw name="Log" owner="BuiltIn">
<msg time="2025-06-09T02:08:19.111953" level="INFO">Test Test Ouvrir Wifi réussi</msg>
<arg>Test ${test_name} réussi</arg>
<doc>Logs the given message with the given level.</doc>
<status status="PASS" start="2025-06-09T02:08:19.110951" elapsed="0.001002"/>
</kw>
<kw name="Exit For Loop" owner="BuiltIn">
<msg time="2025-06-09T02:08:19.111953" level="INFO">Exiting for loop altogether.</msg>
<doc>Stops executing the enclosing FOR loop.</doc>
<status status="PASS" start="2025-06-09T02:08:19.111953" elapsed="0.000000"/>
</kw>
<status status="PASS" start="2025-06-09T02:08:19.110951" elapsed="0.001002"/>
</branch>
<branch type="ELSE">
<kw name="Evaluate" owner="BuiltIn">
<var>${attempt}</var>
<arg>${attempt} + 1</arg>
<doc>Evaluates the given expression in Python and returns the result.</doc>
<status status="NOT RUN" start="2025-06-09T02:08:19.111953" elapsed="0.000000"/>
</kw>
<if>
<branch type="IF" condition="${attempt} &lt;= ${MAX_RETRIES}">
<kw name="Log" owner="BuiltIn">
<arg>Test ${test_name} échoué - Tentative ${attempt}/${MAX_RETRIES}</arg>
<doc>Logs the given message with the given level.</doc>
<status status="NOT RUN" start="2025-06-09T02:08:19.111953" elapsed="0.000000"/>
</kw>
<kw name="Sleep" owner="BuiltIn">
<arg>${RETRY_DELAY}</arg>
<doc>Pauses the test executed for the given time.</doc>
<status status="NOT RUN" start="2025-06-09T02:08:19.111953" elapsed="0.000000"/>
</kw>
<status status="NOT RUN" start="2025-06-09T02:08:19.111953" elapsed="0.000000"/>
</branch>
<status status="NOT RUN" start="2025-06-09T02:08:19.111953" elapsed="0.000000"/>
</if>
<status status="NOT RUN" start="2025-06-09T02:08:19.111953" elapsed="0.000000"/>
</branch>
<status status="PASS" start="2025-06-09T02:08:19.110951" elapsed="0.001002"/>
</if>
<var name="${index}">0</var>
<status status="PASS" start="2025-06-09T02:07:52.365637" elapsed="26.746316"/>
</iter>
<var>${index}</var>
<value>${MAX_RETRIES}</value>
<status status="PASS" start="2025-06-09T02:07:52.365637" elapsed="26.746316"/>
</for>
<if>
<branch type="IF" condition="not ${test_status}">
<kw name="Fail" owner="BuiltIn">
<arg>Le test ${test_name} a échoué après ${MAX_RETRIES} tentatives</arg>
<doc>Fails the test with the given message and optionally alters its tags.</doc>
<status status="NOT RUN" start="2025-06-09T02:08:19.111953" elapsed="0.000000"/>
</kw>
<status status="NOT RUN" start="2025-06-09T02:08:19.111953" elapsed="0.000000"/>
</branch>
<status status="PASS" start="2025-06-09T02:08:19.111953" elapsed="0.000000"/>
</if>
<arg>Execute Open Wifi Test</arg>
<arg>Test Ouvrir Wifi</arg>
<status status="PASS" start="2025-06-09T02:07:52.364638" elapsed="26.747315"/>
</kw>
<doc>Teste l'activation du WiFi
- Ouvre les paramètres
- Active le WiFi
- Vérifie l'activation via UI et ADB</doc>
<tag>smoke</tag>
<tag>wifi</tag>
<status status="PASS" start="2025-06-09T02:07:52.364638" elapsed="26.747315"/>
</test>
<kw name="Fermer Driver" type="TEARDOWN">
<try>
<branch type="TRY">
<kw name="Run Keyword And Return Status" owner="BuiltIn">
<kw name="Get Source" owner="AppiumLibrary">
<kw name="Capture Page Screenshot" owner="AppiumLibrary">
<msg time="2025-06-09T02:08:19.112952" level="FAIL">No application is open</msg>
<doc>Takes a screenshot of the current page and embeds it into the log.</doc>
<status status="FAIL" start="2025-06-09T02:08:19.112952" elapsed="0.001998">No application is open</status>
</kw>
<msg time="2025-06-09T02:08:19.115952" level="WARN">Keyword 'Capture Page Screenshot' could not be run on failure: No application is open</msg>
<msg time="2025-06-09T02:08:19.115952" level="FAIL">No application is open</msg>
<doc>Returns the entire source of the current page.</doc>
<status status="FAIL" start="2025-06-09T02:08:19.112952" elapsed="0.003000">No application is open</status>
</kw>
<msg time="2025-06-09T02:08:19.115952" level="INFO">${session_active} = False</msg>
<var>${session_active}</var>
<arg>Get Source</arg>
<doc>Runs the given keyword with given arguments and returns the status as a Boolean value.</doc>
<status status="PASS" start="2025-06-09T02:08:19.112952" elapsed="0.003000"/>
</kw>
<if>
<branch type="IF" condition="${session_active}">
<kw name="Close Driver" owner="Integration">
<arg>${driver}</arg>
<doc>Ferme proprement le driver Appium.</doc>
<status status="NOT RUN" start="2025-06-09T02:08:19.115952" elapsed="0.000000"/>
</kw>
<kw name="Log" owner="BuiltIn">
<arg>Driver fermé avec succès</arg>
<doc>Logs the given message with the given level.</doc>
<status status="NOT RUN" start="2025-06-09T02:08:19.116950" elapsed="0.000000"/>
</kw>
<status status="NOT RUN" start="2025-06-09T02:08:19.115952" elapsed="0.000998"/>
</branch>
<branch type="ELSE">
<kw name="Log" owner="BuiltIn">
<msg time="2025-06-09T02:08:19.116950" level="INFO">Le driver n'était pas actif</msg>
<arg>Le driver n'était pas actif</arg>
<doc>Logs the given message with the given level.</doc>
<status status="PASS" start="2025-06-09T02:08:19.116950" elapsed="0.000000"/>
</kw>
<status status="PASS" start="2025-06-09T02:08:19.116950" elapsed="0.000000"/>
</branch>
<status status="PASS" start="2025-06-09T02:08:19.115952" elapsed="0.000998"/>
</if>
<status status="PASS" start="2025-06-09T02:08:19.112952" elapsed="0.003998"/>
</branch>
<branch type="EXCEPT" assign="${error}">
<kw name="Log" owner="BuiltIn">
<arg>Erreur lors de la fermeture du driver: ${error}</arg>
<doc>Logs the given message with the given level.</doc>
<status status="NOT RUN" start="2025-06-09T02:08:19.116950" elapsed="0.000000"/>
</kw>
<status status="NOT RUN" start="2025-06-09T02:08:19.116950" elapsed="0.000000"/>
</branch>
<status status="PASS" start="2025-06-09T02:08:19.112952" elapsed="0.003998"/>
</try>
<doc>Cleans up and closes the test driver</doc>
<status status="PASS" start="2025-06-09T02:08:19.112952" elapsed="0.003998"/>
</kw>
<doc>Tests de connectivité WiFi pour appareil Android
- Activation du WiFi
- Désactivation du WiFi
- Vérification de l'état via UI et ADB
- Prend en charge les interfaces en français et en anglais</doc>
<status status="PASS" start="2025-06-09T02:07:35.586927" elapsed="43.530023"/>
</suite>
<statistics>
<total>
<stat pass="1" fail="0" skip="0">All Tests</stat>
</total>
<tag>
<stat pass="1" fail="0" skip="0">smoke</stat>
<stat pass="1" fail="0" skip="0">wifi</stat>
</tag>
<suite>
<stat name="WiFiAndConnectivite" id="s1" pass="1" fail="0" skip="0">WiFiAndConnectivite</stat>
</suite>
</statistics>
<errors>
<msg time="2025-06-09T02:08:19.115952" level="WARN">Keyword 'Capture Page Screenshot' could not be run on failure: No application is open</msg>
</errors>
</robot>
