<?xml version="1.0" encoding="UTF-8"?>
<robot generator="Robot 7.2.2 (Python 3.13.1 on win32)" generated="2025-03-27T12:09:59.480912" rpa="false" schemaversion="5">
<suite id="s1" name="InstallationApplications" source="C:\Users\bahae\Desktop\PfeProject\test_cases\InstallationApplications.robot">
<test id="s1-t1" name="Test Install Apk" line="18">
<kw name="Setup Driver" owner="Integration">
<msg time="2025-03-27T12:10:11.830201" level="INFO">${driver} = &lt;appium.webdriver.webdriver.WebDriver (session="560a87cd-3480-4bae-b60e-2bf44f10199a")&gt;</msg>
<var>${driver}</var>
<arg>${Device}</arg>
<doc>Initialise et retourne le driver Appium.</doc>
<status status="PASS" start="2025-03-27T12:09:59.723181" elapsed="12.107067"/>
</kw>
<kw name="Set Global Variable" owner="BuiltIn">
<msg time="2025-03-27T12:10:11.830570" level="INFO">${driver} = &lt;appium.webdriver.webdriver.WebDriver (session="560a87cd-3480-4bae-b60e-2bf44f10199a")&gt;</msg>
<arg>${driver}</arg>
<doc>Makes a variable available globally in all tests and suites.</doc>
<status status="PASS" start="2025-03-27T12:10:11.830405" elapsed="0.000198"/>
</kw>
<kw name="Search Application" owner="Integration">
<msg time="2025-03-27T12:10:40.893833" level="INFO">📌 Liste des applications détectées : ['Téléphone', 'Vivaldi Browser', 'YouTube']
📌 First Home Page détectée : ['Téléphone', 'Vivaldi Browser', 'YouTube']

📌 Liste des applications détectées : ['Agenda', 'Appium Settings', 'ARD Audiothek', 'Audio Bluetooth', 'Crunchyroll', 'Google Assistant', 'Google\xa0Actualités', 'Home Assistant', 'Local Media Player', 'Maps', 'Paramètres', 'Play\xa0Store', 'Prime Video', 'SMS', 'Spotify']
🔄 Swipe en cours...

📌 Liste des applications détectées : ['Agenda', 'Appium Settings', 'ARD Audiothek', 'Audio Bluetooth', 'Crunchyroll', 'Google Assistant', 'Google\xa0Actualités', 'Home Assistant', 'Local Media Player', 'Maps', 'Paramètres', 'Play\xa0Store', 'Prime Video', 'SMS', 'Spotify']
✅ Retour à la first home page !
111111111111111111111
2222222222222222

📌 Liste des applications détectées : ['Agenda', 'Appium Settings', 'ARD Audiothek', 'Audio Bluetooth', 'Crunchyroll', 'Google Assistant', 'Google\xa0Actualités', 'Home Assistant', 'Local Media Player', 'Maps', 'Paramètres', 'Play\xa0Store', 'Prime Video', 'SMS', 'Spotify']
444444444444444444444'

📌 Liste des applications détectées : ['Téléphone', 'Vivaldi Browser', 'YouTube']
6666666666666666666
🔄 Swipe en cours...
2222222222222222

📌 Liste des applications détectées : ['Téléphone', 'Vivaldi Browser', 'YouTube']
444444444444444444444'

📌 Liste des applications détectées : ['Téléphone', 'Vivaldi Browser', 'YouTube']
55555555555555555
✅ Retour à la first home page !</msg>
<msg time="2025-03-27T12:10:40.893982" level="INFO">${isInsUi} = False</msg>
<var>${isInsUi}</var>
<arg>${driver}</arg>
<arg>TestNotificationapk</arg>
<status status="PASS" start="2025-03-27T12:10:11.830671" elapsed="29.063337"/>
</kw>
<kw name="Log" owner="BuiltIn">
<msg time="2025-03-27T12:10:40.894270" level="INFO">False</msg>
<arg>${isInsUi}</arg>
<doc>Logs the given message with the given level.</doc>
<status status="PASS" start="2025-03-27T12:10:40.894134" elapsed="0.000169"/>
</kw>
<kw name="Is App Installed" owner="Integration">
<msg time="2025-03-27T12:10:40.958654" level="INFO">${isIns} = True</msg>
<var>${isIns}</var>
<arg>${driver}</arg>
<arg>actia.pfe25.testnotificationapk</arg>
<doc>Vérifie si une application est installée sur l'appareil via ADB.</doc>
<status status="PASS" start="2025-03-27T12:10:40.894370" elapsed="0.064321"/>
</kw>
<kw name="Log" owner="BuiltIn">
<msg time="2025-03-27T12:10:40.958939" level="INFO">True</msg>
<arg>${isIns}</arg>
<doc>Logs the given message with the given level.</doc>
<status status="PASS" start="2025-03-27T12:10:40.958815" elapsed="0.000161"/>
</kw>
<kw name="Install Apk" owner="Integration">
<msg time="2025-03-27T12:10:41.573287" level="INFO">Installation réussie : Performing Streamed Install
Success</msg>
<arg>${driver}</arg>
<arg>automotive-Notification_Test.apk</arg>
<doc>Installe un fichier APK sur un appareil Android via ADB.</doc>
<status status="PASS" start="2025-03-27T12:10:40.959079" elapsed="0.614314"/>
</kw>
<kw name="Is App Installed" owner="Integration">
<msg time="2025-03-27T12:10:41.659216" level="INFO">${isIns} = True</msg>
<var>${isIns}</var>
<arg>${driver}</arg>
<arg>actia.pfe25.testnotificationapk</arg>
<doc>Vérifie si une application est installée sur l'appareil via ADB.</doc>
<status status="PASS" start="2025-03-27T12:10:41.573596" elapsed="0.085657"/>
</kw>
<kw name="Log" owner="BuiltIn">
<msg time="2025-03-27T12:10:41.659500" level="INFO">True</msg>
<arg>${isIns}</arg>
<doc>Logs the given message with the given level.</doc>
<status status="PASS" start="2025-03-27T12:10:41.659377" elapsed="0.000156"/>
</kw>
<kw name="Run Keyword And Continue On Failure" owner="BuiltIn">
<kw name="Should Be True" owner="BuiltIn">
<arg>${isIns}</arg>
<arg>The application is not installed via adb</arg>
<doc>Fails if the given condition is not true.</doc>
<status status="PASS" start="2025-03-27T12:10:41.659706" elapsed="0.000124"/>
</kw>
<arg>Should Be True</arg>
<arg>${isIns}</arg>
<arg>The application is not installed via adb</arg>
<doc>Runs the keyword and continues execution even if a failure occurs.</doc>
<status status="PASS" start="2025-03-27T12:10:41.659610" elapsed="0.000263"/>
</kw>
<kw name="Search Application" owner="Integration">
<msg time="2025-03-27T12:11:07.651384" level="INFO">📌 Liste des applications détectées : ['Agenda', 'Appium Settings', 'ARD Audiothek', 'Audio Bluetooth', 'Crunchyroll', 'Google Assistant', 'Google\xa0Actualités', 'Home Assistant', 'Local Media Player', 'Maps', 'Paramètres', 'Play\xa0Store', 'Prime Video', 'SMS', 'Spotify']
📌 First Home Page détectée : ['Agenda', 'Appium Settings', 'ARD Audiothek', 'Audio Bluetooth', 'Crunchyroll', 'Google Assistant', 'Google\xa0Actualités', 'Home Assistant', 'Local Media Player', 'Maps', 'Paramètres', 'Play\xa0Store', 'Prime Video', 'SMS', 'Spotify']

📌 Liste des applications détectées : ['Agenda', 'Appium Settings', 'ARD Audiothek', 'Audio Bluetooth', 'Crunchyroll', 'Google Assistant', 'Google\xa0Actualités', 'Home Assistant', 'Local Media Player', 'Maps', 'Paramètres', 'Play\xa0Store', 'Prime Video', 'SMS', 'Spotify']
✅ Retour à la first home page !
111111111111111111111
2222222222222222

📌 Liste des applications détectées : ['Agenda', 'Appium Settings', 'ARD Audiothek', 'Audio Bluetooth', 'Crunchyroll', 'Google Assistant', 'Google\xa0Actualités', 'Home Assistant', 'Local Media Player', 'Maps', 'Paramètres', 'Play\xa0Store', 'Prime Video', 'SMS', 'Spotify']
444444444444444444444'

📌 Liste des applications détectées : ['Téléphone', 'Vivaldi Browser', 'YouTube', 'TestNotificationapk']
6666666666666666666
🔄 Swipe en cours...
2222222222222222

📌 Liste des applications détectées : ['Téléphone', 'Vivaldi Browser', 'YouTube', 'TestNotificationapk']
3333333333333333333
837 209 1078 247</msg>
<msg time="2025-03-27T12:11:07.651525" level="INFO">${isInsUi} = True</msg>
<var>${isInsUi}</var>
<arg>${driver}</arg>
<arg>TestNotificationapk</arg>
<status status="PASS" start="2025-03-27T12:10:41.659934" elapsed="25.991616"/>
</kw>
<kw name="Run Keyword And Continue On Failure" owner="BuiltIn">
<kw name="Should Be True" owner="BuiltIn">
<arg>${isInsUi}</arg>
<arg>The installed application is not displayed (via adb)</arg>
<doc>Fails if the given condition is not true.</doc>
<status status="PASS" start="2025-03-27T12:11:07.651830" elapsed="0.000137"/>
</kw>
<arg>Should Be True</arg>
<arg>${isInsUi}</arg>
<arg>The installed application is not displayed (via adb)</arg>
<doc>Runs the keyword and continues execution even if a failure occurs.</doc>
<status status="PASS" start="2025-03-27T12:11:07.651696" elapsed="0.000307"/>
</kw>
<status status="PASS" start="2025-03-27T12:09:59.722486" elapsed="67.929594"/>
</test>
<test id="s1-t2" name="Test Uninstall Application" line="36">
<kw name="Get System Language" owner="Integration">
<msg time="2025-03-27T12:11:07.692392" level="INFO">${lang} = fr</msg>
<var>${lang}</var>
<arg>${Device}</arg>
<status status="PASS" start="2025-03-27T12:11:07.652634" elapsed="0.039795"/>
</kw>
<if>
<branch type="IF" condition="'${lang}' == 'fr'">
<kw name="Set Variable" owner="BuiltIn">
<msg time="2025-03-27T12:11:07.693085" level="INFO">${System} = Système</msg>
<var>${System}</var>
<arg>Système</arg>
<doc>Returns the given values which can then be assigned to a variables.</doc>
<status status="PASS" start="2025-03-27T12:11:07.692917" elapsed="0.000197"/>
</kw>
<kw name="Set Variable" owner="BuiltIn">
<msg time="2025-03-27T12:11:07.693260" level="INFO">${Setting} = Paramètres</msg>
<var>${Setting}</var>
<arg>Paramètres</arg>
<doc>Returns the given values which can then be assigned to a variables.</doc>
<status status="PASS" start="2025-03-27T12:11:07.693189" elapsed="0.000086"/>
</kw>
<kw name="Set Variable" owner="BuiltIn">
<msg time="2025-03-27T12:11:07.693390" level="INFO">${apps} = Applis</msg>
<var>${apps}</var>
<arg>Applis</arg>
<doc>Returns the given values which can then be assigned to a variables.</doc>
<status status="PASS" start="2025-03-27T12:11:07.693331" elapsed="0.000072"/>
</kw>
<kw name="Set Variable" owner="BuiltIn">
<msg time="2025-03-27T12:11:07.693512" level="INFO">${Consulter_allapps} = Voir les</msg>
<var>${Consulter_allapps}</var>
<arg>Voir les</arg>
<doc>Returns the given values which can then be assigned to a variables.</doc>
<status status="PASS" start="2025-03-27T12:11:07.693453" elapsed="0.000073"/>
</kw>
<kw name="Set Variable" owner="BuiltIn">
<msg time="2025-03-27T12:11:07.693641" level="INFO">${DesButton} = Désinstaller</msg>
<var>${DesButton}</var>
<arg>Désinstaller</arg>
<doc>Returns the given values which can then be assigned to a variables.</doc>
<status status="PASS" start="2025-03-27T12:11:07.693574" elapsed="0.000080"/>
</kw>
<kw name="Set Variable" owner="BuiltIn">
<msg time="2025-03-27T12:11:07.693781" level="INFO">${confirme} = OK</msg>
<var>${confirme}</var>
<arg>OK</arg>
<doc>Returns the given values which can then be assigned to a variables.</doc>
<status status="PASS" start="2025-03-27T12:11:07.693714" elapsed="0.000081"/>
</kw>
<status status="PASS" start="2025-03-27T12:11:07.692537" elapsed="0.001278"/>
</branch>
<branch type="ELSE">
<kw name="Set Variable" owner="BuiltIn">
<var>${System}</var>
<arg>System</arg>
<doc>Returns the given values which can then be assigned to a variables.</doc>
<status status="NOT RUN" start="2025-03-27T12:11:07.693898" elapsed="0.000011"/>
</kw>
<kw name="Set Variable" owner="BuiltIn">
<var>${Setting}</var>
<arg>Settings</arg>
<doc>Returns the given values which can then be assigned to a variables.</doc>
<status status="NOT RUN" start="2025-03-27T12:11:07.693957" elapsed="0.000010"/>
</kw>
<kw name="Set Variable" owner="BuiltIn">
<var>${apps}</var>
<arg>Apps</arg>
<doc>Returns the given values which can then be assigned to a variables.</doc>
<status status="NOT RUN" start="2025-03-27T12:11:07.694009" elapsed="0.000010"/>
</kw>
<kw name="Set Variable" owner="BuiltIn">
<var>${Consulter_allapps}</var>
<arg>View all</arg>
<doc>Returns the given values which can then be assigned to a variables.</doc>
<status status="NOT RUN" start="2025-03-27T12:11:07.694066" elapsed="0.000010"/>
</kw>
<kw name="Set Variable" owner="BuiltIn">
<var>${DesButton}</var>
<arg>Uninstall</arg>
<doc>Returns the given values which can then be assigned to a variables.</doc>
<status status="NOT RUN" start="2025-03-27T12:11:07.694117" elapsed="0.000009"/>
</kw>
<kw name="Set Variable" owner="BuiltIn">
<var>${confirme}</var>
<arg>OK</arg>
<doc>Returns the given values which can then be assigned to a variables.</doc>
<status status="NOT RUN" start="2025-03-27T12:11:07.694166" elapsed="0.000009"/>
</kw>
<status status="NOT RUN" start="2025-03-27T12:11:07.693839" elapsed="0.000355"/>
</branch>
<status status="PASS" start="2025-03-27T12:11:07.692508" elapsed="0.001700"/>
</if>
<kw name="Open Application With Click" owner="Integration">
<msg time="2025-03-27T12:11:25.711204" level="INFO">📌 Liste des applications détectées : ['Agenda', 'Appium Settings', 'ARD Audiothek', 'Audio Bluetooth', 'Crunchyroll', 'Google Assistant', 'Google\xa0Actualités', 'Home Assistant', 'Local Media Player', 'Maps', 'Paramètres', 'Play\xa0Store', 'Prime Video', 'SMS', 'Spotify']
📌 First Home Page détectée : ['Agenda', 'Appium Settings', 'ARD Audiothek', 'Audio Bluetooth', 'Crunchyroll', 'Google Assistant', 'Google\xa0Actualités', 'Home Assistant', 'Local Media Player', 'Maps', 'Paramètres', 'Play\xa0Store', 'Prime Video', 'SMS', 'Spotify']

📌 Liste des applications détectées : ['Agenda', 'Appium Settings', 'ARD Audiothek', 'Audio Bluetooth', 'Crunchyroll', 'Google Assistant', 'Google\xa0Actualités', 'Home Assistant', 'Local Media Player', 'Maps', 'Paramètres', 'Play\xa0Store', 'Prime Video', 'SMS', 'Spotify']
✅ Retour à la first home page !
111111111111111111111
2222222222222222

📌 Liste des applications détectées : ['Agenda', 'Appium Settings', 'ARD Audiothek', 'Audio Bluetooth', 'Crunchyroll', 'Google Assistant', 'Google\xa0Actualités', 'Home Assistant', 'Local Media Player', 'Maps', 'Paramètres', 'Play\xa0Store', 'Prime Video', 'SMS', 'Spotify']
3333333333333333333
125 619 269 657</msg>
<msg time="2025-03-27T12:11:25.711390" level="INFO">${resultat} = True</msg>
<var>${resultat}</var>
<arg>${driver}</arg>
<arg>${Setting}</arg>
<status status="PASS" start="2025-03-27T12:11:07.694256" elapsed="18.017164"/>
</kw>
<kw name="Sleep" owner="BuiltIn">
<msg time="2025-03-27T12:11:26.712849" level="INFO">Slept 1 second.</msg>
<arg>1s</arg>
<doc>Pauses the test executed for the given time.</doc>
<status status="PASS" start="2025-03-27T12:11:25.711562" elapsed="1.001409"/>
</kw>
<kw name="Check Element Exists By Id" owner="Integration">
<msg time="2025-03-27T12:11:27.517275" level="INFO">${Verfier} = True</msg>
<var>${Verfier}</var>
<arg>${driver}</arg>
<arg>${Setting_xpath_id}</arg>
<doc>Vérifie si un élément existe en utilisant son ID.</doc>
<status status="PASS" start="2025-03-27T12:11:26.713143" elapsed="0.804190"/>
</kw>
<kw name="Should Be True" owner="BuiltIn">
<arg>${Verfier}</arg>
<arg>Settings is not displayed.</arg>
<doc>Fails if the given condition is not true.</doc>
<status status="PASS" start="2025-03-27T12:11:27.517520" elapsed="0.000176"/>
</kw>
<kw name="Clique Sur Setting" owner="Integration">
<msg time="2025-03-27T12:12:05.570231" level="INFO">📌 Liste des applications détectées : ['Écran', 'Profils et comptes', 'Position', 'Confidentialité', 'Accessibilité', 'Sécurité', 'Applis', 'SMS', 'Spotify', 'Téléphone', 'TestNotificationapk', 'Vivaldi Browser']
📌 First Home Page détectée : ['Écran', 'Profils et comptes', 'Position', 'Confidentialité', 'Accessibilité', 'Sécurité', 'Applis', 'SMS', 'Spotify', 'Téléphone', 'TestNotificationapk', 'Vivaldi Browser']

📌 Liste des applications détectées : ['Bluetooth', 'Réseau et Internet', 'Notifications', 'Son', 'Écran', 'Profils et comptes', 'Position', 'SMS', 'Spotify', 'Téléphone', 'TestNotificationapk', 'Vivaldi Browser']
🔄 Swipe en cours...

📌 Liste des applications détectées : ['Bluetooth', 'Réseau et Internet', 'Notifications', 'Son', 'Écran', 'Profils et comptes', 'Position', 'SMS', 'Spotify', 'Téléphone', 'TestNotificationapk', 'Vivaldi Browser']
✅ Retour à la first home page !
(0, 76, 550, 696)
###################################
(0, 76, 550, 696)

📌 Liste des settings détectés dans la zone : ['Bluetooth', 'Réseau et Internet', 'Notifications', 'Son', 'Écran', 'Profils et comptes', 'Position']
First Home Page détectée : ['Bluetooth', 'Réseau et Internet', 'Notifications', 'Son', 'Écran', 'Profils et comptes', 'Position']
 Swipe effectué...
(0, 76, 550, 696)
###################################
(0, 76, 550, 696)

📌 Liste des settings détectés dans la zone : ['Profils et comptes', 'Position', 'Confidentialité', 'Accessibilité', 'Sécurité', 'Applis', 'Assistant et voix']
 Applis trouvé ! Appui sur le nom.</msg>
<arg>${driver}</arg>
<arg>${apps}</arg>
<arg>${Setting_menu}</arg>
<status status="PASS" start="2025-03-27T12:11:27.517769" elapsed="38.052705"/>
</kw>
<kw name="Clique Sur Setting Include" owner="Integration">
<msg time="2025-03-27T12:12:32.234254" level="INFO">📌 Liste des applications détectées : ['Profils et comptes', 'Position', 'Confidentialité', 'Accessibilité', 'Sécurité', 'Applis', 'Assistant et voix', 'Ouvertes récemment', 'Maps', 'TestNotificationapk', 'YouTube', 'Voir les 20\xa0applis']
📌 First Home Page détectée : ['Profils et comptes', 'Position', 'Confidentialité', 'Accessibilité', 'Sécurité', 'Applis', 'Assistant et voix', 'Ouvertes récemment', 'Maps', 'TestNotificationapk', 'YouTube', 'Voir les 20\xa0applis']

📌 Liste des applications détectées : ['Bluetooth', 'Réseau et Internet', 'Notifications', 'Son', 'Écran', 'Profils et comptes', 'Position', 'Ouvertes récemment', 'Maps', 'TestNotificationapk', 'YouTube', 'Voir les 20\xa0applis']
🔄 Swipe en cours...

📌 Liste des applications détectées : ['Bluetooth', 'Réseau et Internet', 'Notifications', 'Son', 'Écran', 'Profils et comptes', 'Position', 'Ouvertes récemment', 'Maps', 'TestNotificationapk', 'YouTube', 'Voir les 20\xa0applis']
✅ Retour à la first home page !
(551, 172, 1408, 696)
###################################
(551, 172, 1408, 696)

📌 Liste des settings détectés dans la zone : ['Ouvertes récemment', 'Maps', 'TestNotificationapk', 'YouTube', 'Voir les 20\xa0applis']
First Home Page détectée : ['Ouvertes récemment', 'Maps', 'TestNotificationapk', 'YouTube', 'Voir les 20\xa0applis']
 Voir les trouvé ! Appui sur le texte contenant 'Voir les 20 applis'.</msg>
<arg>${driver}</arg>
<arg>${Consulter_allapps}</arg>
<arg>${Setting_system}</arg>
<status status="PASS" start="2025-03-27T12:12:05.570656" elapsed="26.663677"/>
</kw>
<kw name="Clique Sur Setting" owner="Integration">
<msg time="2025-03-27T12:13:27.819341" level="INFO">📌 Liste des applications détectées : ['Bluetooth', 'Réseau et Internet', 'Notifications', 'Son', 'Écran', 'Profils et comptes', 'Position', 'Masquer les applications système', 'Agenda', "Alertes d'urgence sans fil", 'Appium Settings', 'ARD Audiothek']
📌 First Home Page détectée : ['Bluetooth', 'Réseau et Internet', 'Notifications', 'Son', 'Écran', 'Profils et comptes', 'Position', 'Masquer les applications système', 'Agenda', "Alertes d'urgence sans fil", 'Appium Settings', 'ARD Audiothek']

📌 Liste des applications détectées : ['Bluetooth', 'Réseau et Internet', 'Notifications', 'Son', 'Écran', 'Profils et comptes', 'Position', 'Masquer les applications système', 'Agenda', "Alertes d'urgence sans fil", 'Appium Settings', 'ARD Audiothek']
✅ Retour à la first home page !
(551, 172, 1408, 696)
###################################
(551, 172, 1408, 696)

📌 Liste des settings détectés dans la zone : ['Masquer les applications système', 'Agenda', "Alertes d'urgence sans fil", 'Appium Settings', 'ARD Audiothek']
First Home Page détectée : ['Masquer les applications système', 'Agenda', "Alertes d'urgence sans fil", 'Appium Settings', 'ARD Audiothek']
 Swipe effectué...
(551, 172, 1408, 696)
###################################
(551, 172, 1408, 696)

📌 Liste des settings détectés dans la zone : ['ARD Audiothek', 'Car\xa0Launcher', 'Configuration du profil', 'Crunchyroll', 'Google Assistant']
 Swipe effectué...
(551, 172, 1408, 696)
###################################
(551, 172, 1408, 696)

📌 Liste des settings détectés dans la zone : ['Google Assistant', 'Google Play\xa0Store', 'Home Assistant', 'io.appium.uiautomator2.server', 'io.appium.uiautomator2.server.test']
 Swipe effectué...
(551, 172, 1408, 696)
###################################
(551, 172, 1408, 696)

📌 Liste des settings détectés dans la zone : ['io.appium.uiautomator2.server', 'io.appium.uiautomator2.server.test', 'Maps', 'Paramètres', 'Prime Video']
 Swipe effectué...
(551, 172, 1408, 696)
###################################
(551, 172, 1408, 696)

📌 Liste des settings détectés dans la zone : ['Prime Video', 'SMS', 'Spotify', 'Téléphone', 'TestNotificationapk']
 TestNotificationapk trouvé ! Appui sur le nom.</msg>
<arg>${driver}</arg>
<arg>TestNotificationapk</arg>
<arg>${Setting_system}</arg>
<status status="PASS" start="2025-03-27T12:12:32.234446" elapsed="55.584978"/>
</kw>
<kw name="Click Element By Text Att" owner="Integration">
<arg>${driver}</arg>
<arg>${DesButton}</arg>
<status status="PASS" start="2025-03-27T12:13:27.819541" elapsed="1.136975"/>
</kw>
<kw name="Sleep" owner="BuiltIn">
<msg time="2025-03-27T12:13:29.957851" level="INFO">Slept 1 second.</msg>
<arg>1s</arg>
<doc>Pauses the test executed for the given time.</doc>
<status status="PASS" start="2025-03-27T12:13:28.956662" elapsed="1.001301"/>
</kw>
<kw name="Click Element By Text" owner="Integration">
<msg time="2025-03-27T12:13:30.052121" level="INFO">Clic effectué sur l'élément avec le texte: OK</msg>
<arg>${driver}</arg>
<arg>${confirme}</arg>
<status status="PASS" start="2025-03-27T12:13:29.958109" elapsed="0.094088"/>
</kw>
<kw name="Search Application" owner="Integration">
<msg time="2025-03-27T12:13:53.058585" level="INFO">📌 Liste des applications détectées : ['Agenda', 'Appium Settings', 'ARD Audiothek', 'Audio Bluetooth', 'Crunchyroll', 'Google Assistant', 'Google\xa0Actualités', 'Home Assistant', 'Local Media Player', 'Maps', 'Paramètres', 'Play\xa0Store', 'Prime Video', 'SMS', 'Spotify']
📌 First Home Page détectée : ['Agenda', 'Appium Settings', 'ARD Audiothek', 'Audio Bluetooth', 'Crunchyroll', 'Google Assistant', 'Google\xa0Actualités', 'Home Assistant', 'Local Media Player', 'Maps', 'Paramètres', 'Play\xa0Store', 'Prime Video', 'SMS', 'Spotify']

📌 Liste des applications détectées : ['Agenda', 'Appium Settings', 'ARD Audiothek', 'Audio Bluetooth', 'Crunchyroll', 'Google Assistant', 'Google\xa0Actualités', 'Home Assistant', 'Local Media Player', 'Maps', 'Paramètres', 'Play\xa0Store', 'Prime Video', 'SMS', 'Spotify']
✅ Retour à la first home page !
111111111111111111111
2222222222222222

📌 Liste des applications détectées : ['Agenda', 'Appium Settings', 'ARD Audiothek', 'Audio Bluetooth', 'Crunchyroll', 'Google Assistant', 'Google\xa0Actualités', 'Home Assistant', 'Local Media Player', 'Maps', 'Paramètres', 'Play\xa0Store', 'Prime Video', 'SMS', 'Spotify']
444444444444444444444'

📌 Liste des applications détectées : ['Téléphone', 'Vivaldi Browser', 'YouTube']
6666666666666666666
🔄 Swipe en cours...
2222222222222222

📌 Liste des applications détectées : ['Téléphone', 'Vivaldi Browser', 'YouTube']
444444444444444444444'

📌 Liste des applications détectées : ['Téléphone', 'Vivaldi Browser', 'YouTube']
55555555555555555
✅ Retour à la first home page !</msg>
<msg time="2025-03-27T12:13:53.058699" level="INFO">${isInsUi} = False</msg>
<var>${isInsUi}</var>
<arg>${driver}</arg>
<arg>TestNotificationapk</arg>
<status status="PASS" start="2025-03-27T12:13:30.052311" elapsed="23.006405"/>
</kw>
<kw name="Run Keyword And Continue On Failure" owner="BuiltIn">
<kw name="Should Not Be True" owner="BuiltIn">
<arg>${isInsUi}</arg>
<arg>The uninstalled application is displayed</arg>
<doc>Fails if the given condition is true.</doc>
<status status="PASS" start="2025-03-27T12:13:53.058979" elapsed="0.000122"/>
</kw>
<arg>Should Not Be True</arg>
<arg>${isInsUi}</arg>
<arg>The uninstalled application is displayed</arg>
<doc>Runs the keyword and continues execution even if a failure occurs.</doc>
<status status="PASS" start="2025-03-27T12:13:53.058857" elapsed="0.000283"/>
</kw>
<kw name="Is App Installed" owner="Integration">
<msg time="2025-03-27T12:13:53.128990" level="INFO">${isIns} = True</msg>
<var>${isIns}</var>
<arg>${driver}</arg>
<arg>actia.pfe25.testnotificationapk</arg>
<doc>Vérifie si une application est installée sur l'appareil via ADB.</doc>
<status status="PASS" start="2025-03-27T12:13:53.059201" elapsed="0.069826"/>
</kw>
<kw name="Log" owner="BuiltIn">
<msg time="2025-03-27T12:13:53.129336" level="INFO">True</msg>
<arg>${isIns}</arg>
<doc>Logs the given message with the given level.</doc>
<status status="PASS" start="2025-03-27T12:13:53.129201" elapsed="0.000169"/>
</kw>
<kw name="Run Keyword And Continue On Failure" owner="BuiltIn">
<kw name="Should Not Be True" owner="BuiltIn">
<msg time="2025-03-27T12:13:53.129695" level="FAIL">The application is not uninstalled correctly (via adb)</msg>
<arg>${isIns}</arg>
<arg>The application is not uninstalled correctly (via adb)</arg>
<doc>Fails if the given condition is true.</doc>
<status status="FAIL" start="2025-03-27T12:13:53.129533" elapsed="0.000300">The application is not uninstalled correctly (via adb)</status>
</kw>
<arg>Should Not Be True</arg>
<arg>${isIns}</arg>
<arg>The application is not uninstalled correctly (via adb)</arg>
<doc>Runs the keyword and continues execution even if a failure occurs.</doc>
<status status="FAIL" start="2025-03-27T12:13:53.129449" elapsed="0.000434">The application is not uninstalled correctly (via adb)</status>
</kw>
<status status="FAIL" start="2025-03-27T12:11:07.652250" elapsed="165.477754">The application is not uninstalled correctly (via adb)</status>
</test>
<status status="FAIL" start="2025-03-27T12:09:59.482090" elapsed="233.648227"/>
</suite>
<statistics>
<total>
<stat pass="1" fail="1" skip="0">All Tests</stat>
</total>
<tag>
</tag>
<suite>
<stat name="InstallationApplications" id="s1" pass="1" fail="1" skip="0">InstallationApplications</stat>
</suite>
</statistics>
<errors>
</errors>
</robot>
