<?xml version="1.0" encoding="UTF-8"?>
<robot generator="Robot 7.2.2 (Python 3.12.5 on win32)" generated="2025-06-10T15:48:09.853831" rpa="false" schemaversion="5">
<suite id="s1" name="FonctionnaliteMaps" source="C:\Users\bahae\Documents\PfeProject\test_cases\FonctionnaliteMaps.robot">
<kw name="Démarrer Driver" type="SETUP">
<kw name="Setup Driver" owner="Integration">
<msg time="2025-06-10T15:48:18.671935" level="INFO">${driver} = &lt;appium.webdriver.webdriver.WebDriver (session="9f851b66-23ee-4e8b-8fb4-37637a944cd5")&gt;</msg>
<var>${driver}</var>
<arg>${Device}</arg>
<doc>Initialise et retourne le driver Appium.</doc>
<status status="PASS" start="2025-06-10T15:48:12.849386" elapsed="5.822549"/>
</kw>
<kw name="Set Suite Variable" owner="BuiltIn">
<msg time="2025-06-10T15:48:18.671935" level="INFO">${driver} = &lt;appium.webdriver.webdriver.WebDriver (session="9f851b66-23ee-4e8b-8fb4-37637a944cd5")&gt;</msg>
<arg>${driver}</arg>
<doc>Makes a variable available everywhere within the scope of the current suite.</doc>
<status status="PASS" start="2025-06-10T15:48:18.671935" elapsed="0.000000"/>
</kw>
<kw name="Initialize Language Settings">
<kw name="Get System Language" owner="Integration">
<msg time="2025-06-10T15:48:18.718658" level="INFO">${lang} = eng</msg>
<var>${lang}</var>
<arg>${Device}</arg>
<status status="PASS" start="2025-06-10T15:48:18.672963" elapsed="0.045695"/>
</kw>
<kw name="Set Variable If" owner="BuiltIn">
<msg time="2025-06-10T15:48:18.719659" level="INFO">${lang_dict} = {'System': 'System', 'Setting': 'Settings', 'Gps': 'Location', 'use_loc': 'Use location', 'acces': 'Location access'}</msg>
<var>${lang_dict}</var>
<arg>'${lang}' == 'fr'</arg>
<arg>${LANG_FR}</arg>
<arg>${LANG_EN}</arg>
<doc>Sets variable based on the given condition.</doc>
<status status="PASS" start="2025-06-10T15:48:18.718658" elapsed="0.001001"/>
</kw>
<kw name="Set Suite Variable" owner="BuiltIn">
<msg time="2025-06-10T15:48:18.719659" level="INFO">${LANG_DICT} = {'System': 'System', 'Setting': 'Settings', 'Gps': 'Location', 'use_loc': 'Use location', 'acces': 'Location access'}</msg>
<arg>${LANG_DICT}</arg>
<arg>${lang_dict}</arg>
<doc>Makes a variable available everywhere within the scope of the current suite.</doc>
<status status="PASS" start="2025-06-10T15:48:18.719659" elapsed="0.000000"/>
</kw>
<doc>Sets up language-specific variables based on system language</doc>
<status status="PASS" start="2025-06-10T15:48:18.671935" elapsed="0.047724"/>
</kw>
<doc>Initializes the test driver</doc>
<status status="PASS" start="2025-06-10T15:48:12.848398" elapsed="5.871261"/>
</kw>
<test id="s1-t1" name="Test Ouvrir Gps" line="149">
<kw name="Execute Test With Retry">
<kw name="Set Variable" owner="BuiltIn">
<msg time="2025-06-10T15:48:18.720659" level="INFO">${attempt} = 1</msg>
<var>${attempt}</var>
<arg>1</arg>
<doc>Returns the given values which can then be assigned to a variables.</doc>
<status status="PASS" start="2025-06-10T15:48:18.720659" elapsed="0.000000"/>
</kw>
<kw name="Set Variable" owner="BuiltIn">
<msg time="2025-06-10T15:48:18.721176" level="INFO">${test_status} = False</msg>
<var>${test_status}</var>
<arg>${FALSE}</arg>
<doc>Returns the given values which can then be assigned to a variables.</doc>
<status status="PASS" start="2025-06-10T15:48:18.720659" elapsed="0.000517"/>
</kw>
<for flavor="IN RANGE">
<iter>
<kw name="Run Keyword And Return Status" owner="BuiltIn">
<kw name="Execute Open Gps Test">
<kw name="Open Application With Click" owner="Integration">
<msg time="2025-06-10T15:48:18.722175" level="INFO">🔄 Tentative d'ouverture de Settings via l'activité: com.android.car.settings/.Settings_Launcher_Homepage
⚠️ Erreur lors de l'ouverture par activité: 'WebDriver' object has no attribute 'start_activity'
🔄 Tentative par recherche visuelle...</msg>
<msg time="2025-06-10T15:48:18.722175" level="INFO">${resultat} = None</msg>
<var>${resultat}</var>
<arg>${driver}</arg>
<arg>${LANG_DICT.Setting}</arg>
<doc>Ouvre une application soit par son activité si connue, soit par recherche visuelle</doc>
<status status="PASS" start="2025-06-10T15:48:18.721176" elapsed="0.000999"/>
</kw>
<kw name="Sleep" owner="BuiltIn">
<msg time="2025-06-10T15:48:19.222589" level="INFO">Slept 500 milliseconds.</msg>
<arg>${QUICK_WAIT}</arg>
<doc>Pauses the test executed for the given time.</doc>
<status status="PASS" start="2025-06-10T15:48:18.722175" elapsed="0.500414"/>
</kw>
<kw name="Clique Sur Setting Include" owner="Integration">
<msg time="2025-06-10T15:48:29.790969" level="INFO">📌 Liste des applications détectées : []
📌 First Home Page détectée : []
🔄 Swipe #1 en cours...

📌 Liste des applications détectées : []
✅ Retour à la first home page !
❌ Erreur : Impossible de récupérer les bounds pour 'com.android.car.settings:id/top_level_menu' -&gt; Message: An element could not be located on the page using the given search parameters.; For documentation on this error, please visit: https://www.selenium.dev/documentation/webdriver/troubleshooting/errors#no-such-element-exception
Stacktrace:
NoSuchElementError: An element could not be located on the page using the given search parameters.
    at AndroidUiautomator2Driver.findElOrEls (C:\Users\bahae\.appium\node_modules\appium-uiautomator2-driver\node_modules\appium-android-driver\lib\commands\find.ts:86:11)
    at processTicksAndRejections (node:internal/process/task_queues:95:5)
    at AndroidUiautomator2Driver.findElOrElsWithProcessing (C:\Users\bahae\AppData\Roaming\npm\node_modules\appium\node_modules\@appium\base-driver\lib\basedriver\commands\find.ts:60:12)
    at AndroidUiautomator2Driver.findElement (C:\Users\bahae\AppData\Roaming\npm\node_modules\appium\node_modules\@appium\base-driver\lib\basedriver\commands\find.ts:75:12)
First Home Page détectée : []
 Swipe effectué...
 Retour à la first home page !</msg>
<arg>${driver}</arg>
<arg>${LANG_DICT.Gps}</arg>
<arg>${Setting_menu}</arg>
<status status="PASS" start="2025-06-10T15:48:19.222589" elapsed="10.568380"/>
</kw>
<kw name="Clique Sur Setting Include" owner="Integration">
<msg time="2025-06-10T15:48:39.217118" level="INFO">📌 Liste des applications détectées : []
📌 First Home Page détectée : []
🔄 Swipe #1 en cours...

📌 Liste des applications détectées : []
✅ Retour à la first home page !
❌ Erreur : Impossible de récupérer les bounds pour 'com.android.car.settings:id/fragment_container' -&gt; Message: An element could not be located on the page using the given search parameters.; For documentation on this error, please visit: https://www.selenium.dev/documentation/webdriver/troubleshooting/errors#no-such-element-exception
Stacktrace:
NoSuchElementError: An element could not be located on the page using the given search parameters.
    at AndroidUiautomator2Driver.findElOrEls (C:\Users\bahae\.appium\node_modules\appium-uiautomator2-driver\node_modules\appium-android-driver\lib\commands\find.ts:86:11)
    at processTicksAndRejections (node:internal/process/task_queues:95:5)
    at AndroidUiautomator2Driver.findElOrElsWithProcessing (C:\Users\bahae\AppData\Roaming\npm\node_modules\appium\node_modules\@appium\base-driver\lib\basedriver\commands\find.ts:60:12)
    at AndroidUiautomator2Driver.findElement (C:\Users\bahae\AppData\Roaming\npm\node_modules\appium\node_modules\@appium\base-driver\lib\basedriver\commands\find.ts:75:12)
First Home Page détectée : []
 Swipe effectué...
 Retour à la first home page !</msg>
<arg>${driver}</arg>
<arg>${LANG_DICT.acces}</arg>
<arg>${Setting_system}</arg>
<status status="PASS" start="2025-06-10T15:48:29.790969" elapsed="9.426149"/>
</kw>
<kw name="Activer Toggle Si Desactive" owner="Integration">
<msg time="2025-06-10T15:48:39.690217" level="INFO">[ERROR] Label 'Use location' non trouvé
❌ Erreur lors de l'activation du wifi : 'NoneType' object has no attribute 'get_attribute'</msg>
<arg>${driver}</arg>
<arg>${LANG_DICT.use_loc}</arg>
<status status="PASS" start="2025-06-10T15:48:39.217118" elapsed="0.473151"/>
</kw>
<kw name="Is Gps Enabled Adb" owner="Integration">
<msg time="2025-06-10T15:48:39.736924" level="INFO">✅ Le GPS est activé (location_mode = 3).</msg>
<msg time="2025-06-10T15:48:39.737431" level="INFO">${verfier_gps_adb} = True</msg>
<var>${verfier_gps_adb}</var>
<arg>${driver}</arg>
<doc>Vérifie si le GPS (services de localisation) est activé via ADB pour un device donné.</doc>
<status status="PASS" start="2025-06-10T15:48:39.690269" elapsed="0.047162"/>
</kw>
<kw name="Should Be True" owner="BuiltIn">
<arg>${verfier_gps_adb}</arg>
<arg>Le GPS ne s'active pas (via ADB)</arg>
<doc>Fails if the given condition is not true.</doc>
<status status="PASS" start="2025-06-10T15:48:39.737552" elapsed="0.000000"/>
</kw>
<doc>Tests GPS activation</doc>
<status status="PASS" start="2025-06-10T15:48:18.721176" elapsed="21.016376"/>
</kw>
<msg time="2025-06-10T15:48:39.737552" level="INFO">${test_status} = True</msg>
<var>${test_status}</var>
<arg>${test_keyword}</arg>
<doc>Runs the given keyword with given arguments and returns the status as a Boolean value.</doc>
<status status="PASS" start="2025-06-10T15:48:18.721176" elapsed="21.016376"/>
</kw>
<if>
<branch type="IF" condition="${test_status}">
<kw name="Log" owner="BuiltIn">
<msg time="2025-06-10T15:48:39.737552" level="INFO">Test Test Ouvrir Gps réussi</msg>
<arg>Test ${test_name} réussi</arg>
<doc>Logs the given message with the given level.</doc>
<status status="PASS" start="2025-06-10T15:48:39.737552" elapsed="0.000000"/>
</kw>
<kw name="Exit For Loop" owner="BuiltIn">
<msg time="2025-06-10T15:48:39.737552" level="INFO">Exiting for loop altogether.</msg>
<doc>Stops executing the enclosing FOR loop.</doc>
<status status="PASS" start="2025-06-10T15:48:39.737552" elapsed="0.000887"/>
</kw>
<status status="PASS" start="2025-06-10T15:48:39.737552" elapsed="0.000887"/>
</branch>
<branch type="ELSE">
<kw name="Evaluate" owner="BuiltIn">
<var>${attempt}</var>
<arg>${attempt} + 1</arg>
<doc>Evaluates the given expression in Python and returns the result.</doc>
<status status="NOT RUN" start="2025-06-10T15:48:39.738439" elapsed="0.000000"/>
</kw>
<if>
<branch type="IF" condition="${attempt} &lt;= ${MAX_RETRIES}">
<kw name="Log" owner="BuiltIn">
<arg>Test ${test_name} échoué - Tentative ${attempt}/${MAX_RETRIES}</arg>
<doc>Logs the given message with the given level.</doc>
<status status="NOT RUN" start="2025-06-10T15:48:39.738439" elapsed="0.000000"/>
</kw>
<kw name="Sleep" owner="BuiltIn">
<arg>${RETRY_DELAY}</arg>
<doc>Pauses the test executed for the given time.</doc>
<status status="NOT RUN" start="2025-06-10T15:48:39.738439" elapsed="0.000000"/>
</kw>
<status status="NOT RUN" start="2025-06-10T15:48:39.738439" elapsed="0.000000"/>
</branch>
<status status="NOT RUN" start="2025-06-10T15:48:39.738439" elapsed="0.000000"/>
</if>
<status status="NOT RUN" start="2025-06-10T15:48:39.738439" elapsed="0.000000"/>
</branch>
<status status="PASS" start="2025-06-10T15:48:39.737552" elapsed="0.000887"/>
</if>
<var name="${index}">0</var>
<status status="PASS" start="2025-06-10T15:48:18.721176" elapsed="21.017263"/>
</iter>
<var>${index}</var>
<value>${MAX_RETRIES}</value>
<status status="PASS" start="2025-06-10T15:48:18.721176" elapsed="21.017263"/>
</for>
<if>
<branch type="IF" condition="not ${test_status}">
<kw name="Fail" owner="BuiltIn">
<arg>Le test ${test_name} a échoué après ${MAX_RETRIES} tentatives</arg>
<doc>Fails the test with the given message and optionally alters its tags.</doc>
<status status="NOT RUN" start="2025-06-10T15:48:39.738439" elapsed="0.000000"/>
</kw>
<status status="NOT RUN" start="2025-06-10T15:48:39.738439" elapsed="0.000000"/>
</branch>
<status status="PASS" start="2025-06-10T15:48:39.738439" elapsed="0.000000"/>
</if>
<arg>Execute Open Gps Test</arg>
<arg>Test Ouvrir Gps</arg>
<status status="PASS" start="2025-06-10T15:48:18.720659" elapsed="21.017780"/>
</kw>
<doc>Teste l'activation du GPS
- Ouvre les paramètres
- Active le GPS
- Vérifie l'activation via ADB</doc>
<tag>gps</tag>
<tag>smoke</tag>
<status status="PASS" start="2025-06-10T15:48:18.719659" elapsed="21.018780"/>
</test>
<test id="s1-t2" name="Test GPS Location Functionality" line="157">
<kw name="Execute Test With Retry">
<kw name="Set Variable" owner="BuiltIn">
<msg time="2025-06-10T15:48:39.739438" level="INFO">${attempt} = 1</msg>
<var>${attempt}</var>
<arg>1</arg>
<doc>Returns the given values which can then be assigned to a variables.</doc>
<status status="PASS" start="2025-06-10T15:48:39.739438" elapsed="0.000000"/>
</kw>
<kw name="Set Variable" owner="BuiltIn">
<msg time="2025-06-10T15:48:39.739438" level="INFO">${test_status} = False</msg>
<var>${test_status}</var>
<arg>${FALSE}</arg>
<doc>Returns the given values which can then be assigned to a variables.</doc>
<status status="PASS" start="2025-06-10T15:48:39.739438" elapsed="0.000000"/>
</kw>
<for flavor="IN RANGE">
<iter>
<kw name="Run Keyword And Return Status" owner="BuiltIn">
<kw name="Execute Gps Location Test">
<kw name="Set Location ViaAdb" owner="Integration">
<msg time="2025-06-10T15:48:41.772058" level="INFO">[ERREUR] Exception lors de la requête : HTTPConnectionPool(host='127.0.0.1', port=6000): Max retries exceeded with url: /setlocation (Caused by NewConnectionError('&lt;urllib3.connection.HTTPConnection object at 0x0000029329BC4380&gt;: Failed to establish a new connection: [WinError 10061] Aucune connexion n’a pu être établie car l’ordinateur cible l’a expressément refusée'))</msg>
<arg>${Device}</arg>
<arg>${Longitude}</arg>
<arg>${Latitude}</arg>
<doc>Définit une nouvelle position GPS via une API Flask sur le host.</doc>
<status status="PASS" start="2025-06-10T15:48:39.740437" elapsed="2.031621"/>
</kw>
<kw name="Sleep" owner="BuiltIn">
<msg time="2025-06-10T15:48:42.272304" level="INFO">Slept 500 milliseconds.</msg>
<arg>${QUICK_WAIT}</arg>
<doc>Pauses the test executed for the given time.</doc>
<status status="PASS" start="2025-06-10T15:48:41.772058" elapsed="0.500246"/>
</kw>
<kw name="Get Location ViaAdb" owner="Integration">
<msg time="2025-06-10T15:48:42.325955" level="INFO">${current_latitude} = 35.6895</msg>
<msg time="2025-06-10T15:48:42.325955" level="INFO">${current_longitude} = 139.691698</msg>
<var>${current_latitude}</var>
<var>${current_longitude}</var>
<arg>${Device}</arg>
<status status="PASS" start="2025-06-10T15:48:42.272304" elapsed="0.053651"/>
</kw>
<kw name="Should Be Equal As Numbers" owner="BuiltIn">
<msg time="2025-06-10T15:48:42.325955" level="INFO">Argument types are:
&lt;class 'float'&gt;
&lt;class 'str'&gt;</msg>
<msg time="2025-06-10T15:48:42.326953" level="FAIL">La latitude n'a pas été mise à jour correctement: 36.0 != 41.0</msg>
<arg>${current_latitude}</arg>
<arg>${Latitude}</arg>
<arg>La latitude n'a pas été mise à jour correctement</arg>
<arg>precision=0.0001</arg>
<doc>Fails if objects are unequal after converting them to real numbers.</doc>
<status status="FAIL" start="2025-06-10T15:48:42.325955" elapsed="0.000998">La latitude n'a pas été mise à jour correctement: 36.0 != 41.0</status>
</kw>
<kw name="Should Be Equal As Numbers" owner="BuiltIn">
<arg>${current_longitude}</arg>
<arg>${Longitude}</arg>
<arg>La longitude n'a pas été mise à jour correctement</arg>
<arg>precision=0.0001</arg>
<doc>Fails if objects are unequal after converting them to real numbers.</doc>
<status status="NOT RUN" start="2025-06-10T15:48:42.326953" elapsed="0.000000"/>
</kw>
<doc>Tests GPS location functionality</doc>
<status status="FAIL" start="2025-06-10T15:48:39.740437" elapsed="2.586516">La latitude n'a pas été mise à jour correctement: 36.0 != 41.0</status>
</kw>
<msg time="2025-06-10T15:48:42.326953" level="INFO">${test_status} = False</msg>
<var>${test_status}</var>
<arg>${test_keyword}</arg>
<doc>Runs the given keyword with given arguments and returns the status as a Boolean value.</doc>
<status status="PASS" start="2025-06-10T15:48:39.740437" elapsed="2.586516"/>
</kw>
<if>
<branch type="IF" condition="${test_status}">
<kw name="Log" owner="BuiltIn">
<arg>Test ${test_name} réussi</arg>
<doc>Logs the given message with the given level.</doc>
<status status="NOT RUN" start="2025-06-10T15:48:42.326953" elapsed="0.000000"/>
</kw>
<kw name="Exit For Loop" owner="BuiltIn">
<doc>Stops executing the enclosing FOR loop.</doc>
<status status="NOT RUN" start="2025-06-10T15:48:42.326953" elapsed="0.000000"/>
</kw>
<status status="NOT RUN" start="2025-06-10T15:48:42.326953" elapsed="0.000000"/>
</branch>
<branch type="ELSE">
<kw name="Evaluate" owner="BuiltIn">
<msg time="2025-06-10T15:48:42.327954" level="INFO">${attempt} = 2</msg>
<var>${attempt}</var>
<arg>${attempt} + 1</arg>
<doc>Evaluates the given expression in Python and returns the result.</doc>
<status status="PASS" start="2025-06-10T15:48:42.326953" elapsed="0.001001"/>
</kw>
<if>
<branch type="IF" condition="${attempt} &lt;= ${MAX_RETRIES}">
<kw name="Log" owner="BuiltIn">
<msg time="2025-06-10T15:48:42.327954" level="INFO">Test Test GPS Location Functionality échoué - Tentative 2/3</msg>
<arg>Test ${test_name} échoué - Tentative ${attempt}/${MAX_RETRIES}</arg>
<doc>Logs the given message with the given level.</doc>
<status status="PASS" start="2025-06-10T15:48:42.327954" elapsed="0.000000"/>
</kw>
<kw name="Sleep" owner="BuiltIn">
<msg time="2025-06-10T15:48:44.328279" level="INFO">Slept 2 seconds.</msg>
<arg>${RETRY_DELAY}</arg>
<doc>Pauses the test executed for the given time.</doc>
<status status="PASS" start="2025-06-10T15:48:42.327954" elapsed="2.000325"/>
</kw>
<status status="PASS" start="2025-06-10T15:48:42.327954" elapsed="2.000325"/>
</branch>
<status status="PASS" start="2025-06-10T15:48:42.327954" elapsed="2.000325"/>
</if>
<status status="PASS" start="2025-06-10T15:48:42.326953" elapsed="2.001326"/>
</branch>
<status status="PASS" start="2025-06-10T15:48:42.326953" elapsed="2.001326"/>
</if>
<var name="${index}">0</var>
<status status="PASS" start="2025-06-10T15:48:39.740437" elapsed="4.587842"/>
</iter>
<iter>
<kw name="Run Keyword And Return Status" owner="BuiltIn">
<kw name="Execute Gps Location Test">
<kw name="Set Location ViaAdb" owner="Integration">
<msg time="2025-06-10T15:48:46.385837" level="INFO">[ERREUR] Exception lors de la requête : HTTPConnectionPool(host='127.0.0.1', port=6000): Max retries exceeded with url: /setlocation (Caused by NewConnectionError('&lt;urllib3.connection.HTTPConnection object at 0x00000293297FA5D0&gt;: Failed to establish a new connection: [WinError 10061] Aucune connexion n’a pu être établie car l’ordinateur cible l’a expressément refusée'))</msg>
<arg>${Device}</arg>
<arg>${Longitude}</arg>
<arg>${Latitude}</arg>
<doc>Définit une nouvelle position GPS via une API Flask sur le host.</doc>
<status status="PASS" start="2025-06-10T15:48:44.329277" elapsed="2.056560"/>
</kw>
<kw name="Sleep" owner="BuiltIn">
<msg time="2025-06-10T15:48:46.886272" level="INFO">Slept 500 milliseconds.</msg>
<arg>${QUICK_WAIT}</arg>
<doc>Pauses the test executed for the given time.</doc>
<status status="PASS" start="2025-06-10T15:48:46.385837" elapsed="0.500435"/>
</kw>
<kw name="Get Location ViaAdb" owner="Integration">
<msg time="2025-06-10T15:48:46.933077" level="INFO">${current_latitude} = 35.6895</msg>
<msg time="2025-06-10T15:48:46.933077" level="INFO">${current_longitude} = 139.691698</msg>
<var>${current_latitude}</var>
<var>${current_longitude}</var>
<arg>${Device}</arg>
<status status="PASS" start="2025-06-10T15:48:46.886272" elapsed="0.046805"/>
</kw>
<kw name="Should Be Equal As Numbers" owner="BuiltIn">
<msg time="2025-06-10T15:48:46.934078" level="INFO">Argument types are:
&lt;class 'float'&gt;
&lt;class 'str'&gt;</msg>
<msg time="2025-06-10T15:48:46.934078" level="FAIL">La latitude n'a pas été mise à jour correctement: 36.0 != 41.0</msg>
<arg>${current_latitude}</arg>
<arg>${Latitude}</arg>
<arg>La latitude n'a pas été mise à jour correctement</arg>
<arg>precision=0.0001</arg>
<doc>Fails if objects are unequal after converting them to real numbers.</doc>
<status status="FAIL" start="2025-06-10T15:48:46.933077" elapsed="0.001001">La latitude n'a pas été mise à jour correctement: 36.0 != 41.0</status>
</kw>
<kw name="Should Be Equal As Numbers" owner="BuiltIn">
<arg>${current_longitude}</arg>
<arg>${Longitude}</arg>
<arg>La longitude n'a pas été mise à jour correctement</arg>
<arg>precision=0.0001</arg>
<doc>Fails if objects are unequal after converting them to real numbers.</doc>
<status status="NOT RUN" start="2025-06-10T15:48:46.934078" elapsed="0.000000"/>
</kw>
<doc>Tests GPS location functionality</doc>
<status status="FAIL" start="2025-06-10T15:48:44.328279" elapsed="2.606316">La latitude n'a pas été mise à jour correctement: 36.0 != 41.0</status>
</kw>
<msg time="2025-06-10T15:48:46.934595" level="INFO">${test_status} = False</msg>
<var>${test_status}</var>
<arg>${test_keyword}</arg>
<doc>Runs the given keyword with given arguments and returns the status as a Boolean value.</doc>
<status status="PASS" start="2025-06-10T15:48:44.328279" elapsed="2.606316"/>
</kw>
<if>
<branch type="IF" condition="${test_status}">
<kw name="Log" owner="BuiltIn">
<arg>Test ${test_name} réussi</arg>
<doc>Logs the given message with the given level.</doc>
<status status="NOT RUN" start="2025-06-10T15:48:46.934595" elapsed="0.000000"/>
</kw>
<kw name="Exit For Loop" owner="BuiltIn">
<doc>Stops executing the enclosing FOR loop.</doc>
<status status="NOT RUN" start="2025-06-10T15:48:46.934595" elapsed="0.000000"/>
</kw>
<status status="NOT RUN" start="2025-06-10T15:48:46.934595" elapsed="0.000000"/>
</branch>
<branch type="ELSE">
<kw name="Evaluate" owner="BuiltIn">
<msg time="2025-06-10T15:48:46.934595" level="INFO">${attempt} = 3</msg>
<var>${attempt}</var>
<arg>${attempt} + 1</arg>
<doc>Evaluates the given expression in Python and returns the result.</doc>
<status status="PASS" start="2025-06-10T15:48:46.934595" elapsed="0.000000"/>
</kw>
<if>
<branch type="IF" condition="${attempt} &lt;= ${MAX_RETRIES}">
<kw name="Log" owner="BuiltIn">
<msg time="2025-06-10T15:48:46.934595" level="INFO">Test Test GPS Location Functionality échoué - Tentative 3/3</msg>
<arg>Test ${test_name} échoué - Tentative ${attempt}/${MAX_RETRIES}</arg>
<doc>Logs the given message with the given level.</doc>
<status status="PASS" start="2025-06-10T15:48:46.934595" elapsed="0.000000"/>
</kw>
<kw name="Sleep" owner="BuiltIn">
<msg time="2025-06-10T15:48:48.935927" level="INFO">Slept 2 seconds.</msg>
<arg>${RETRY_DELAY}</arg>
<doc>Pauses the test executed for the given time.</doc>
<status status="PASS" start="2025-06-10T15:48:46.934595" elapsed="2.001332"/>
</kw>
<status status="PASS" start="2025-06-10T15:48:46.934595" elapsed="2.001332"/>
</branch>
<status status="PASS" start="2025-06-10T15:48:46.934595" elapsed="2.001332"/>
</if>
<status status="PASS" start="2025-06-10T15:48:46.934595" elapsed="2.001332"/>
</branch>
<status status="PASS" start="2025-06-10T15:48:46.934595" elapsed="2.001332"/>
</if>
<var name="${index}">1</var>
<status status="PASS" start="2025-06-10T15:48:44.328279" elapsed="4.607648"/>
</iter>
<iter>
<kw name="Run Keyword And Return Status" owner="BuiltIn">
<kw name="Execute Gps Location Test">
<kw name="Set Location ViaAdb" owner="Integration">
<msg time="2025-06-10T15:48:50.983029" level="INFO">[ERREUR] Exception lors de la requête : HTTPConnectionPool(host='127.0.0.1', port=6000): Max retries exceeded with url: /setlocation (Caused by NewConnectionError('&lt;urllib3.connection.HTTPConnection object at 0x0000029329BF6540&gt;: Failed to establish a new connection: [WinError 10061] Aucune connexion n’a pu être établie car l’ordinateur cible l’a expressément refusée'))</msg>
<arg>${Device}</arg>
<arg>${Longitude}</arg>
<arg>${Latitude}</arg>
<doc>Définit une nouvelle position GPS via une API Flask sur le host.</doc>
<status status="PASS" start="2025-06-10T15:48:48.935927" elapsed="2.047102"/>
</kw>
<kw name="Sleep" owner="BuiltIn">
<msg time="2025-06-10T15:48:51.483202" level="INFO">Slept 500 milliseconds.