<?xml version="1.0" encoding="UTF-8"?>
<robot generator="Robot 7.2.2 (Python 3.12.5 on win32)" generated="2025-04-22T01:32:26.187225" rpa="false" schemaversion="5">
<suite id="s1" name="InstallationApplications" source="C:\Users\bahae\Desktop\PfeProject\test_cases\InstallationApplications.robot">
<kw name="D√©marrer Driver" type="SETUP">
<kw name="Setup Driver" owner="Integration">
<msg time="2025-04-22T01:32:32.228222" level="INFO">${driver} = &lt;appium.webdriver.webdriver.WebDriver (session="4ebe1497-0cf9-4263-bc7f-dd6b35ec73c7")&gt;</msg>
<var>${driver}</var>
<arg>${Device}</arg>
<doc>Initialise et retourne le driver Appium.</doc>
<status status="PASS" start="2025-04-22T01:32:26.492993" elapsed="5.735229"/>
</kw>
<kw name="Set Suite Variable" owner="BuiltIn">
<msg time="2025-04-22T01:32:32.229218" level="INFO">${driver} = &lt;appium.webdriver.webdriver.WebDriver (session="4ebe1497-0cf9-4263-bc7f-dd6b35ec73c7")&gt;</msg>
<arg>${driver}</arg>
<doc>Makes a variable available everywhere within the scope of the current suite.</doc>
<status status="PASS" start="2025-04-22T01:32:32.229218" elapsed="0.000000"/>
</kw>
<status status="PASS" start="2025-04-22T01:32:26.492993" elapsed="5.737224"/>
</kw>
<test id="s1-t1" name="Test Install Apk" line="27">
<kw name="Search Application" owner="Integration">
<msg time="2025-04-22T01:33:02.337374" level="INFO">üìå Liste des applications d√©tect√©es : ['ARD Audiothek', 'Bluetooth Audio', 'News', 'Local Media Player', 'Spotify', 'Prime Video', 'Calendar', 'Phone', 'SMS', 'Settings', 'Play Store', 'Crunchyroll', 'YouTube', 'Maps', 'Google Assistant']
üìå First Home Page d√©tect√©e : ['ARD Audiothek', 'Bluetooth Audio', 'News', 'Local Media Player', 'Spotify', 'Prime Video', 'Calendar', 'Phone', 'SMS', 'Settings', 'Play Store', 'Crunchyroll', 'YouTube', 'Maps', 'Google Assistant']

üìå Liste des applications d√©tect√©es : ['ARD Audiothek', 'Bluetooth Audio', 'News', 'Local Media Player', 'Spotify', 'Prime Video', 'Calendar', 'Phone', 'SMS', 'Settings', 'Play Store', 'Crunchyroll', 'YouTube', 'Maps', 'Google Assistant']
‚úÖ Retour √† la first home page !
111111111111111111111
2222222222222222

üìå Liste des applications d√©tect√©es : ['ARD Audiothek', 'Bluetooth Audio', 'News', 'Local Media Player', 'Spotify', 'Prime Video', 'Calendar', 'Phone', 'SMS', 'Settings', 'Play Store', 'Crunchyroll', 'YouTube', 'Maps', 'Google Assistant']
444444444444444444444'

üìå Liste des applications d√©tect√©es : ['Voice Recorder', 'Vivaldi Browser', 'Appium Settings', 'Home Assistant', 'TestNotificationapk']
6666666666666666666
üîÑ Swipe en cours...
2222222222222222

üìå Liste des applications d√©tect√©es : ['Voice Recorder', 'Vivaldi Browser', 'Appium Settings', 'Home Assistant', 'TestNotificationapk']
3333333333333333333
1090 209 1331 247</msg>
<msg time="2025-04-22T01:33:02.337374" level="INFO">${isInsUi} = True</msg>
<var>${isInsUi}</var>
<arg>${driver}</arg>
<arg>TestNotificationapk</arg>
<status status="PASS" start="2025-04-22T01:32:32.231221" elapsed="30.106153"/>
</kw>
<kw name="Log" owner="BuiltIn">
<msg time="2025-04-22T01:33:02.337374" level="INFO">True</msg>
<arg>${isInsUi}</arg>
<doc>Logs the given message with the given level.</doc>
<status status="PASS" start="2025-04-22T01:33:02.337374" elapsed="0.000000"/>
</kw>
<kw name="Is App Installed" owner="Integration">
<msg time="2025-04-22T01:33:02.410101" level="INFO">${isIns} = True</msg>
<var>${isIns}</var>
<arg>${driver}</arg>
<arg>actia.pfe25.testnotificationapk</arg>
<doc>V√©rifie si une application est install√©e sur l'appareil via ADB.</doc>
<status status="PASS" start="2025-04-22T01:33:02.337374" elapsed="0.072727"/>
</kw>
<kw name="Log" owner="BuiltIn">
<msg time="2025-04-22T01:33:02.411101" level="INFO">True</msg>
<arg>${isIns}</arg>
<doc>Logs the given message with the given level.</doc>
<status status="PASS" start="2025-04-22T01:33:02.410101" elapsed="0.001000"/>
</kw>
<kw name="Install Apk" owner="Integration">
<msg time="2025-04-22T01:33:03.400283" level="INFO">Installation r√©ussie : Performing Streamed Install
Success</msg>
<arg>${driver}</arg>
<arg>automotive-Notification_Test.apk</arg>
<doc>Installe un fichier APK sur un appareil Android via ADB.</doc>
<status status="PASS" start="2025-04-22T01:33:02.411101" elapsed="0.989182"/>
</kw>
<kw name="Is App Installed" owner="Integration">
<msg time="2025-04-22T01:33:03.560096" level="INFO">${isIns} = True</msg>
<var>${isIns}</var>
<arg>${driver}</arg>
<arg>actia.pfe25.testnotificationapk</arg>
<doc>V√©rifie si une application est install√©e sur l'appareil via ADB.</doc>
<status status="PASS" start="2025-04-22T01:33:03.400283" elapsed="0.159813"/>
</kw>
<kw name="Log" owner="BuiltIn">
<msg time="2025-04-22T01:33:03.560096" level="INFO">True</msg>
<arg>${isIns}</arg>
<doc>Logs the given message with the given level.</doc>
<status status="PASS" start="2025-04-22T01:33:03.560096" elapsed="0.000000"/>
</kw>
<kw name="Run Keyword And Continue On Failure" owner="BuiltIn">
<kw name="Should Be True" owner="BuiltIn">
<arg>${isIns}</arg>
<arg>The application is not installed via adb</arg>
<doc>Fails if the given condition is not true.</doc>
<status status="PASS" start="2025-04-22T01:33:03.560096" elapsed="0.001001"/>
</kw>
<arg>Should Be True</arg>
<arg>${isIns}</arg>
<arg>The application is not installed via adb</arg>
<doc>Runs the keyword and continues execution even if a failure occurs.</doc>
<status status="PASS" start="2025-04-22T01:33:03.560096" elapsed="0.001001"/>
</kw>
<kw name="Search Application" owner="Integration">
<msg time="2025-04-22T01:33:32.379396" level="INFO">Erreur lors de la r√©cup√©ration d'un √©l√©ment : Message: Cached elements 'By.xpath: //*' do not exist in DOM anymore; For documentation on this error, please visit: https://www.selenium.dev/documentation/webdriver/troubleshooting/errors#stale-element-reference-exception
Stacktrace:
io.appium.uiautomator2.common.exceptions.StaleElementReferenceException: Cached elements 'By.xpath: //*' do not exist in DOM anymore
	at io.appium.uiautomator2.model.ElementsCache.restore(ElementsCache.java:78)
	at io.appium.uiautomator2.model.ElementsCache.get(ElementsCache.java:153)
	at io.appium.uiautomator2.handler.GetElementAttribute.safeHandle(GetElementAttribute.java:23)
	at io.appium.uiautomator2.handler.request.SafeRequestHandler.handle(SafeRequestHandler.java:59)
	at io.appium.uiautomator2.server.AppiumServlet.handleRequest(AppiumServlet.java:259)
	at io.appium.uiautomator2.server.AppiumServlet.handleHttpRequest(AppiumServlet.java:253)
	at io.appium.uiautomator2.http.ServerHandler.channelRead(ServerHandler.java:77)
	at io.netty.channel.AbstractChannelHandlerContext.invokeChannelRead(AbstractChannelHandlerContext.java:366)
	at io.netty.channel.AbstractChannelHandlerContext.invokeChannelRead(AbstractChannelHandlerContext.java:352)
	at io.netty.channel.AbstractChannelHandlerContext.fireChannelRead(AbstractChannelHandlerContext.java:345)
	at io.netty.handler.codec.MessageToMessageDecoder.channelRead(MessageToMessageDecoder.java:102)
	at io.netty.channel.AbstractChannelHandlerContext.invokeChannelRead(AbstractChannelHandlerContext.java:366)
	at io.netty.channel.AbstractChannelHandlerContext.invokeChannelRead(AbstractChannelHandlerContext.java:352)
	at io.netty.channel.AbstractChannelHandlerContext.fireChannelRead(AbstractChannelHandlerContext.java:345)
	at io.netty.channel.CombinedChannelDuplexHandler$DelegatingChannelHandlerContext.fireChannelRead(CombinedChannelDuplexHandler.java:435)
	at io.netty.handler.codec.ByteToMessageDecoder.fireChannelRead(ByteToMessageDecoder.java:293)
	at io.netty.handler.codec.ByteToMessageDecoder.channelRead(ByteToMessageDecoder.java:267)
	at io.netty.channel.CombinedChannelDuplexHandler.channelRead(CombinedChannelDuplexHandler.java:250)
	at io.netty.channel.AbstractChannelHandlerContext.invokeChannelRead(AbstractChannelHandlerContext.java:366)
	at io.netty.channel.AbstractChannelHandlerContext.invokeChannelRead(AbstractChannelHandlerContext.java:352)
	at io.netty.channel.AbstractChannelHandlerContext.fireChannelRead(AbstractChannelHandlerContext.java:345)
	at io.netty.handler.timeout.IdleStateHandler.channelRead(IdleStateHandler.java:266)
	at io.netty.channel.AbstractChannelHandlerContext.invokeChannelRead(AbstractChannelHandlerContext.java:366)
	at io.netty.channel.AbstractChannelHandlerContext.invokeChannelRead(AbstractChannelHandlerContext.java:352)
	at io.netty.channel.AbstractChannelHandlerContext.fireChannelRead(AbstractChannelHandlerContext.java:345)
	at io.netty.channel.DefaultChannelPipeline$HeadContext.channelRead(DefaultChannelPipeline.java:1294)
	at io.netty.channel.AbstractChannelHandlerContext.invokeChannelRead(AbstractChannelHandlerContext.java:366)
	at io.netty.channel.AbstractChannelHandlerContext.invokeChannelRead(AbstractChannelHandlerContext.java:352)
	at io.netty.channel.DefaultChannelPipeline.fireChannelRead(DefaultChannelPipeline.java:911)
	at io.netty.channel.nio.AbstractNioByteChannel$NioByteUnsafe.read(AbstractNioByteChannel.java:131)
	at io.netty.channel.nio.NioEventLoop.processSelectedKey(NioEventLoop.java:611)
	at io.netty.channel.nio.NioEventLoop.processSelectedKeysOptimized(NioEventLoop.java:552)
	at io.netty.channel.nio.NioEventLoop.processSelectedKeys(NioEventLoop.java:466)
	at io.netty.channel.nio.NioEventLoop.run(NioEventLoop.java:438)
	at io.netty.util.concurrent.SingleThreadEventExecutor$2.run(SingleThreadEventExecutor.java:140)
	at io.netty.util.concurrent.DefaultThreadFactory$DefaultRunnableDecorator.run(DefaultThreadFactory.java:144)
	at java.lang.Thread.run(Thread.java:1012)


üìå Liste des applications d√©tect√©es : []
üìå First Home Page d√©tect√©e : []

üìå Liste des applications d√©tect√©es : ['ARD Audiothek', 'Bluetooth Audio', 'News', 'Local Media Player', 'Spotify', 'Prime Video', 'Calendar', 'Phone', 'SMS', 'Settings', 'Play Store', 'Crunchyroll', 'YouTube', 'Maps', 'Google Assistant']
üîÑ Swipe en cours...

üìå Liste des applications d√©tect√©es : ['ARD Audiothek', 'Bluetooth Audio', 'News', 'Local Media Player', 'Spotify', 'Prime Video', 'Calendar', 'Phone', 'SMS', 'Settings', 'Play Store', 'Crunchyroll', 'YouTube', 'Maps', 'Google Assistant']
‚úÖ Retour √† la first home page !
111111111111111111111
2222222222222222

üìå Liste des applications d√©tect√©es : ['ARD Audiothek', 'Bluetooth Audio', 'News', 'Local Media Player', 'Spotify', 'Prime Video', 'Calendar', 'Phone', 'SMS', 'Settings', 'Play Store', 'Crunchyroll', 'YouTube', 'Maps', 'Google Assistant']
444444444444444444444'

üìå Liste des applications d√©tect√©es : ['Voice Recorder', 'Vivaldi Browser', 'Appium Settings', 'Home Assistant', 'TestNotificationapk']
6666666666666666666
üîÑ Swipe en cours...
2222222222222222

üìå Liste des applications d√©tect√©es : ['Voice Recorder', 'Vivaldi Browser', 'Appium Settings', 'Home Assistant', 'TestNotificationapk']
3333333333333333333
1090 209 1331 247</msg>
<msg time="2025-04-22T01:33:32.380398" level="INFO">${isInsUi} = True</msg>
<var>${isInsUi}</var>
<arg>${driver}</arg>
<arg>TestNotificationapk</arg>
<status status="PASS" start="2025-04-22T01:33:03.561097" elapsed="28.819301"/>
</kw>
<kw name="Run Keyword And Continue On Failure" owner="BuiltIn">
<kw name="Should Be True" owner="BuiltIn">
<arg>${isInsUi}</arg>
<arg>The installed application is not displayed (via adb)</arg>
<doc>Fails if the given condition is not true.</doc>
<status status="PASS" start="2025-04-22T01:33:32.380398" elapsed="0.000999"/>
</kw>
<arg>Should Be True</arg>
<arg>${isInsUi}</arg>
<arg>The installed application is not displayed (via adb)</arg>
<doc>Runs the keyword and continues execution even if a failure occurs.</doc>
<status status="PASS" start="2025-04-22T01:33:32.380398" elapsed="0.000999"/>
</kw>
<status status="PASS" start="2025-04-22T01:32:32.230217" elapsed="60.151180"/>
</test>
<test id="s1-t2" name="Test Uninstall Application" line="43">
<kw name="Get System Language" owner="Integration">
<msg time="2025-04-22T01:33:32.442883" level="INFO">${lang} = eng</msg>
<var>${lang}</var>
<arg>${Device}</arg>
<status status="PASS" start="2025-04-22T01:33:32.382397" elapsed="0.060486"/>
</kw>
<if>
<branch type="IF" condition="'${lang}' == 'fr'">
<kw name="Set Variable" owner="BuiltIn">
<var>${System}</var>
<arg>Syst√®me</arg>
<doc>Returns the given values which can then be assigned to a variables.</doc>
<status status="NOT RUN" start="2025-04-22T01:33:32.442883" elapsed="0.000000"/>
</kw>
<kw name="Set Variable" owner="BuiltIn">
<var>${Setting}</var>
<arg>Param√®tres</arg>
<doc>Returns the given values which can then be assigned to a variables.</doc>
<status status="NOT RUN" start="2025-04-22T01:33:32.443840" elapsed="0.000000"/>
</kw>
<kw name="Set Variable" owner="BuiltIn">
<var>${apps}</var>
<arg>Applis</arg>
<doc>Returns the given values which can then be assigned to a variables.</doc>
<status status="NOT RUN" start="2025-04-22T01:33:32.443840" elapsed="0.000000"/>
</kw>
<kw name="Set Variable" owner="BuiltIn">
<var>${Consulter_allapps}</var>
<arg>Voir les</arg>
<doc>Returns the given values which can then be assigned to a variables.</doc>
<status status="NOT RUN" start="2025-04-22T01:33:32.443840" elapsed="0.000000"/>
</kw>
<kw name="Set Variable" owner="BuiltIn">
<var>${DesButton}</var>
<arg>D√©sinstaller</arg>
<doc>Returns the given values which can then be assigned to a variables.</doc>
<status status="NOT RUN" start="2025-04-22T01:33:32.443840" elapsed="0.000000"/>
</kw>
<kw name="Set Variable" owner="BuiltIn">
<var>${confirme}</var>
<arg>OK</arg>
<doc>Returns the given values which can then be assigned to a variables.</doc>
<status status="NOT RUN" start="2025-04-22T01:33:32.443840" elapsed="0.000000"/>
</kw>
<status status="NOT RUN" start="2025-04-22T01:33:32.442883" elapsed="0.000957"/>
</branch>
<branch type="ELSE">
<kw name="Set Variable" owner="BuiltIn">
<msg time="2025-04-22T01:33:32.443840" level="INFO">${System} = System</msg>
<var>${System}</var>
<arg>System</arg>
<doc>Returns the given values which can then be assigned to a variables.</doc>
<status status="PASS" start="2025-04-22T01:33:32.443840" elapsed="0.000000"/>
</kw>
<kw name="Set Variable" owner="BuiltIn">
<msg time="2025-04-22T01:33:32.443840" level="INFO">${Setting} = Settings</msg>
<var>${Setting}</var>
<arg>Settings</arg>
<doc>Returns the given values which can then be assigned to a variables.</doc>
<status status="PASS" start="2025-04-22T01:33:32.443840" elapsed="0.000000"/>
</kw>
<kw name="Set Variable" owner="BuiltIn">
<msg time="2025-04-22T01:33:32.443840" level="INFO">${apps} = Apps</msg>
<var>${apps}</var>
<arg>Apps</arg>
<doc>Returns the given values which can then be assigned to a variables.</doc>
<status status="PASS" start="2025-04-22T01:33:32.443840" elapsed="0.000000"/>
</kw>
<kw name="Set Variable" owner="BuiltIn">
<msg time="2025-04-22T01:33:32.443840" level="INFO">${Consulter_allapps} = View all</msg>
<var>${Consulter_allapps}</var>
<arg>View all</arg>
<doc>Returns the given values which can then be assigned to a variables.</doc>
<status status="PASS" start="2025-04-22T01:33:32.443840" elapsed="0.000000"/>
</kw>
<kw name="Set Variable" owner="BuiltIn">
<msg time="2025-04-22T01:33:32.444863" level="INFO">${DesButton} = Uninstall</msg>
<var>${DesButton}</var>
<arg>Uninstall</arg>
<doc>Returns the given values which can then be assigned to a variables.</doc>
<status status="PASS" start="2025-04-22T01:33:32.444863" elapsed="0.000000"/>
</kw>
<kw name="Set Variable" owner="BuiltIn">
<msg time="2025-04-22T01:33:32.444863" level="INFO">${confirme} = OK</msg>
<var>${confirme}</var>
<arg>OK</arg>
<doc>Returns the given values which can then be assigned to a variables.</doc>
<status status="PASS" start="2025-04-22T01:33:32.444863" elapsed="0.000000"/>
</kw>
<status status="PASS" start="2025-04-22T01:33:32.443840" elapsed="0.001023"/>
</branch>
<status status="PASS" start="2025-04-22T01:33:32.442883" elapsed="0.001980"/>
</if>
<kw name="Open Application With Click" owner="Integration">
<msg time="2025-04-22T01:33:49.384338" level="INFO">üìå Liste des applications d√©tect√©es : ['ARD Audiothek', 'Bluetooth Audio', 'News', 'Local Media Player', 'Spotify', 'Prime Video', 'Calendar', 'Phone', 'SMS', 'Settings', 'Play Store', 'Crunchyroll', 'YouTube', 'Maps', 'Google Assistant']
üìå First Home Page d√©tect√©e : ['ARD Audiothek', 'Bluetooth Audio', 'News', 'Local Media Player', 'Spotify', 'Prime Video', 'Calendar', 'Phone', 'SMS', 'Settings', 'Play Store', 'Crunchyroll', 'YouTube', 'Maps', 'Google Assistant']

üìå Liste des applications d√©tect√©es : ['ARD Audiothek', 'Bluetooth Audio', 'News', 'Local Media Player', 'Spotify', 'Prime Video', 'Calendar', 'Phone', 'SMS', 'Settings', 'Play Store', 'Crunchyroll', 'YouTube', 'Maps', 'Google Assistant']
‚úÖ Retour √† la first home page !

üìå Liste des applications d√©tect√©es : ['ARD Audiothek', 'Bluetooth Audio', 'News', 'Local Media Player', 'Spotify', 'Prime Video', 'Calendar', 'Phone', 'SMS', 'Settings', 'Play Store', 'Crunchyroll', 'YouTube', 'Maps', 'Google Assistant']
1158 414 1260 452</msg>
<msg time="2025-04-22T01:33:49.384338" level="INFO">${resultat} = True</msg>
<var>${resultat}</var>
<arg>${driver}</arg>
<arg>${Setting}</arg>
<status status="PASS" start="2025-04-22T01:33:32.444863" elapsed="16.939475"/>
</kw>
<kw name="Sleep" owner="BuiltIn">
<msg time="2025-04-22T01:33:50.385668" level="INFO">Slept 1 second.</msg>
<arg>1s</arg>
<doc>Pauses the test executed for the given time.</doc>
<status status="PASS" start="2025-04-22T01:33:49.384338" elapsed="1.001330"/>
</kw>
<kw name="Check Element Exists By Id" owner="Integration">
<msg time="2025-04-22T01:33:50.544667" level="INFO">${Verfier} = True</msg>
<var>${Verfier}</var>
<arg>${driver}</arg>
<arg>${Setting_xpath_id}</arg>
<doc>V√©rifie si un √©l√©ment existe en utilisant son ID.</doc>
<status status="PASS" start="2025-04-22T01:33:50.385668" elapsed="0.158999"/>
</kw>
<kw name="Should Be True" owner="BuiltIn">
<arg>${Verfier}</arg>
<arg>Settings is not displayed.</arg>
<doc>Fails if the given condition is not true.</doc>
<status status="PASS" start="2025-04-22T01:33:50.544667" elapsed="0.000996"/>
</kw>
<kw name="Clique Sur Setting" owner="Integration">
<msg time="2025-04-22T01:33:52.443115" level="INFO">(0, 76, 550, 696)
‚úÖ 'Apps' trouv√© sans swipe. Appui en cours...</msg>
<arg>${driver}</arg>
<arg>${apps}</arg>
<arg>${Setting_menu}</arg>
<status status="PASS" start="2025-04-22T01:33:50.545663" elapsed="1.897452"/>
</kw>
<kw name="Clique Sur Setting Include" owner="Integration">
<msg time="2025-04-22T01:34:16.539669" level="INFO">üìå Liste des applications d√©tect√©es : ['Location', 'Privacy', 'Accessibility', 'Security', 'Apps', 'Assistant &amp; voice', 'System', 'Recently opened', 'Maps', 'TestNotificationapk', 'YouTube', 'View all 21 apps']
üìå First Home Page d√©tect√©e : ['Location', 'Privacy', 'Accessibility', 'Security', 'Apps', 'Assistant &amp; voice', 'System', 'Recently opened', 'Maps', 'TestNotificationapk', 'YouTube', 'View all 21 apps']
üîÑ Swipe #1 en cours...

üìå Liste des applications d√©tect√©es : ['Bluetooth', 'Network &amp; internet', 'Notifications', 'Sound', 'Display', 'Profiles &amp; accounts', 'Location', 'Recently opened', 'Maps', 'TestNotificationapk', 'YouTube', 'View all 21 apps']
üîÑ Swipe #2 en cours...

üìå Liste des applications d√©tect√©es : ['Bluetooth', 'Network &amp; internet', 'Notifications', 'Sound', 'Display', 'Profiles &amp; accounts', 'Location', 'Recently opened', 'Maps', 'TestNotificationapk', 'YouTube', 'View all 21 apps']
‚úÖ Retour √† la first home page !
First Home Page d√©tect√©e : ['Maps', '15 seconds ago', 'TestNotificationapk', 'YouTube', 'View all 21 apps', 'Recently opened', '2 minutes ago']
 View all trouv√© ! Appui sur le texte contenant 'View all 21 apps'.</msg>
<arg>${driver}</arg>
<arg>${Consulter_allapps}</arg>
<arg>${Setting_system}</arg>
<status status="PASS" start="2025-04-22T01:33:52.443115" elapsed="24.097553"/>
</kw>
<kw name="Clique Sur Setting" owner="Integration">
<msg time="2025-04-22T01:34:35.371835" level="INFO">(551, 172, 1408, 696)
üîΩ Swipe vers le bas #1
üõë Plus de nouveaux √©l√©ments en bas. Fin de balayage.
üîº Swipe vers le haut #1
üîº Swipe vers le haut #2
üîº Swipe vers le haut #3
üîº Swipe vers le haut #4
üîº Swipe vers le haut #5
üîº Swipe vers le haut #6
üîº Swipe vers le haut #7
üîº Swipe vers le haut #8
üõë Aucun nouvel √©l√©ment en haut. Fin de balayage.
‚ùå 'TestNotificationapk' introuvable apr√®s balayage complet.</msg>
<arg>${driver}</arg>
<arg>TestNotificationapk</arg>
<arg>${Setting_system}</arg>
<status status="PASS" start="2025-04-22T01:34:16.540668" elapsed="18.831167"/>
</kw>
<kw name="Click Element By Text Att" owner="Integration">
<msg time="2025-04-22T01:34:55.814425" level="FAIL">TimeoutException: Message: 
Stacktrace:
NoSuchElementError: An element could not be located on the page using the given search parameters.
    at AndroidUiautomator2Driver.findElOrEls (C:\Users\bahae\.appium\node_modules\appium-uiautomator2-driver\node_modules\appium-android-driver\lib\commands\find.ts:86:11)
    at processTicksAndRejections (node:internal/process/task_queues:95:5)
    at AndroidUiautomator2Driver.findElOrElsWithProcessing (C:\Users\bahae\AppData\Roaming\npm\node_modules\appium\node_modules\@appium\base-driver\lib\basedriver\commands\find.ts:60:12)
    at AndroidUiautomator2Driver.findElement (C:\Users\bahae\AppData\Roaming\npm\node_modules\appium\node_modules\@appium\base-driver\lib\basedriver\commands\find.ts:75:12)</msg>
<arg>${driver}</arg>
<arg>${DesButton}</arg>
<status status="FAIL" start="2025-04-22T01:34:35.371835" elapsed="20.445661">TimeoutException: Message: 
Stacktrace:
NoSuchElementError: An element could not be located on the page using the given search parameters.
    at AndroidUiautomator2Driver.findElOrEls (C:\Users\bahae\.appium\node_modules\appium-uiautomator2-driver\node_modules\appium-android-driver\lib\commands\find.ts:86:11)
    at processTicksAndRejections (node:internal/process/task_queues:95:5)
    at AndroidUiautomator2Driver.findElOrElsWithProcessing (C:\Users\bahae\AppData\Roaming\npm\node_modules\appium\node_modules\@appium\base-driver\lib\basedriver\commands\find.ts:60:12)
    at AndroidUiautomator2Driver.findElement (C:\Users\bahae\AppData\Roaming\npm\node_modules\appium\node_modules\@appium\base-driver\lib\basedriver\commands\find.ts:75:12)</status>
</kw>
<kw name="Sleep" owner="BuiltIn">
<arg>1s</arg>
<doc>Pauses the test executed for the given time.</doc>
<status status="NOT RUN" start="2025-04-22T01:34:55.817496" elapsed="0.000000"/>
</kw>
<kw name="Click Element By Text" owner="Integration">
<arg>${driver}</arg>
<arg>${confirme}</arg>
<status status="NOT RUN" start="2025-04-22T01:34:55.818497" elapsed="0.000000"/>
</kw>
<kw name="Search Application" owner="Integration">
<var>${isInsUi}</var>
<arg>${driver}</arg>
<arg>TestNotificationapk</arg>
<status status="NOT RUN" start="2025-04-22T01:34:55.818497" elapsed="0.000000"/>
</kw>
<kw name="Run Keyword And Continue On Failure" owner="BuiltIn">
<arg>Should Not Be True</arg>
<arg>${isInsUi}</arg>
<arg>The uninstalled application is displayed</arg>
<doc>Runs the keyword and continues execution even if a failure occurs.</doc>
<status status="NOT RUN" start="2025-04-22T01:34:55.818497" elapsed="0.000000"/>
</kw>
<kw name="Is App Installed" owner="Integration">
<var>${isIns}</var>
<arg>${driver}</arg>
<arg>actia.pfe25.testnotificationapk</arg>
<doc>V√©rifie si une application est install√©e sur l'appareil via ADB.</doc>
<status status="NOT RUN" start="2025-04-22T01:34:55.818497" elapsed="0.000000"/>
</kw>
<kw name="Log" owner="BuiltIn">
<arg>${isIns}</arg>
<doc>Logs the given message with the given level.</doc>
<status status="NOT RUN" start="2025-04-22T01:34:55.818497" elapsed="0.000000"/>
</kw>
<kw name="Run Keyword And Continue On Failure" owner="BuiltIn">
<arg>Should Not Be True</arg>
<arg>${isIns}</arg>
<arg>The application is not uninstalled correctly (via adb)</arg>
<doc>Runs the keyword and continues execution even if a failure occurs.</doc>
<status status="NOT RUN" start="2025-04-22T01:34:55.818497" elapsed="0.000000"/>
</kw>
<status status="FAIL" start="2025-04-22T01:33:32.381397" elapsed="83.437100">TimeoutException: Message: 
Stacktrace:
NoSuchElementError: An element could not be located on the page using the given search parameters.
    at AndroidUiautomator2Driver.findElOrEls (C:\Users\bahae\.appium\node_modules\appium-uiautomator2-driver\node_modules\appium-android-driver\lib\commands\find.ts:86:11)
    at processTicksAndRejections (node:internal/process/task_queues:95:5)
    at AndroidUiautomator2Driver.findElOrElsWithProcessing (C:\Users\bahae\AppData\Roaming\npm\node_modules\appium\node_modules\@appium\base-driver\lib\basedriver\commands\find.ts:60:12)
    at AndroidUiautomator2Driver.findElement (C:\Users\bahae\AppData\Roaming\npm\node_modules\appium\node_modules\@appium\base-driver\lib\basedriver\commands\find.ts:75:12)</status>
</test>
<kw name="Fermer Driver" type="TEARDOWN">
<kw name="Close Driver" owner="Integration">
<arg>${driver}</arg>
<doc>Ferme proprement le driver Appium.</doc>
<status status="PASS" start="2025-04-22T01:34:55.819496" elapsed="0.208001"/>
</kw>
<status status="PASS" start="2025-04-22T01:34:55.819496" elapsed="0.208001"/>
</kw>
<status status="FAIL" start="2025-04-22T01:32:26.189225" elapsed="149.838272"/>
</suite>
<statistics>
<total>
<stat pass="1" fail="1" skip="0">All Tests</stat>
</total>
<tag>
</tag>
<suite>
<stat name="InstallationApplications" id="s1" pass="1" fail="1" skip="0">InstallationApplications</stat>
</suite>
</statistics>
<errors>
</errors>
</robot>
