<?xml version="1.0" encoding="UTF-8"?>
<robot generator="Robot 7.2.2 (Python 3.12.10 on linux)" generated="2025-04-16T22:19:57.287252" rpa="false" schemaversion="5">
<suite id="s1" name="FonctionnaliteMaps" source="/app/test_cases/FonctionnaliteMaps.robot">
<kw name="Démarrer Driver" type="SETUP">
<kw name="Setup Driver" owner="Integration">
<msg time="2025-04-16T22:20:02.403609" level="INFO">${driver} = &lt;appium.webdriver.webdriver.WebDriver (session="14c43845-94cb-443d-a19e-85db14f0d139")&gt;</msg>
<var>${driver}</var>
<arg>${Device}</arg>
<doc>Initialise et retourne le driver Appium.</doc>
<status status="PASS" start="2025-04-16T22:19:57.471100" elapsed="4.932568"/>
</kw>
<kw name="Set Suite Variable" owner="BuiltIn">
<msg time="2025-04-16T22:20:02.404191" level="INFO">${driver} = &lt;appium.webdriver.webdriver.WebDriver (session="14c43845-94cb-443d-a19e-85db14f0d139")&gt;</msg>
<arg>${driver}</arg>
<doc>Makes a variable available everywhere within the scope of the current suite.</doc>
<status status="PASS" start="2025-04-16T22:20:02.403938" elapsed="0.000303"/>
</kw>
<status status="PASS" start="2025-04-16T22:19:57.470568" elapsed="4.933762"/>
</kw>
<test id="s1-t1" name="Test GPS Location Functionality" line="33">
<kw name="Set Location ViaAdb" owner="Integration">
<msg time="2025-04-16T22:20:02.407211" level="INFO">Erreur lors de la définition de la position : error: could not connect to TCP port 5554: Connection refused</msg>
<arg>${Device}</arg>
<arg>${Longitude}</arg>
<arg>${Latitude}</arg>
<doc>Définit une nouvelle position GPS sur l'émulateur ou l'appareil.</doc>
<status status="PASS" start="2025-04-16T22:20:02.404849" elapsed="0.002422"/>
</kw>
<kw name="Sleep" owner="BuiltIn">
<msg time="2025-04-16T22:20:04.407737" level="INFO">Slept 2 seconds.</msg>
<arg>2s</arg>
<doc>Pauses the test executed for the given time.</doc>
<status status="PASS" start="2025-04-16T22:20:02.407432" elapsed="2.000418"/>
</kw>
<kw name="Get Location ViaAdb" owner="Integration">
<msg time="2025-04-16T22:20:04.452052" level="INFO">${current_latitude} = 40.7128</msg>
<msg time="2025-04-16T22:20:04.452108" level="INFO">${current_longitude} = -74.006</msg>
<var>${current_latitude}</var>
<var>${current_longitude}</var>
<arg>${Device}</arg>
<status status="PASS" start="2025-04-16T22:20:04.408014" elapsed="0.044132"/>
</kw>
<kw name="Should Be Equal As Numbers" owner="BuiltIn">
<msg time="2025-04-16T22:20:04.452487" level="INFO">Argument types are:
&lt;class 'float'&gt;
&lt;class 'str'&gt;</msg>
<arg>${current_latitude}</arg>
<arg>${Latitude}</arg>
<doc>Fails if objects are unequal after converting them to real numbers.</doc>
<status status="PASS" start="2025-04-16T22:20:04.452297" elapsed="0.000244"/>
</kw>
<kw name="Should Be Equal As Numbers" owner="BuiltIn">
<msg time="2025-04-16T22:20:04.452791" level="INFO">Argument types are:
&lt;class 'float'&gt;
&lt;class 'str'&gt;</msg>
<arg>${current_longitude}</arg>
<arg>${Longitude}</arg>
<doc>Fails if objects are unequal after converting them to real numbers.</doc>
<status status="PASS" start="2025-04-16T22:20:04.452666" elapsed="0.000163"/>
</kw>
<doc>Ce test définit la localisation GPS et vérifie qu'elle est correcte.</doc>
<tag>gps</tag>
<status status="PASS" start="2025-04-16T22:20:02.404399" elapsed="2.048519"/>
</test>
<kw name="Fermer Driver" type="TEARDOWN">
<kw name="Close Driver" owner="Integration">
<arg>${driver}</arg>
<doc>Ferme proprement le driver Appium.</doc>
<status status="PASS" start="2025-04-16T22:20:04.453548" elapsed="0.129362"/>
</kw>
<status status="PASS" start="2025-04-16T22:20:04.453382" elapsed="0.129635"/>
</kw>
<status status="PASS" start="2025-04-16T22:19:57.289829" elapsed="7.293219"/>
</suite>
<statistics>
<total>
<stat pass="1" fail="0" skip="0">All Tests</stat>
</total>
<tag>
<stat pass="1" fail="0" skip="0">gps</stat>
</tag>
<suite>
<stat name="FonctionnaliteMaps" id="s1" pass="1" fail="0" skip="0">FonctionnaliteMaps</stat>
</suite>
</statistics>
<errors>
</errors>
</robot>
