<?xml version="1.0" encoding="UTF-8"?>
<robot generator="Robot 7.2.2 (Python 3.12.5 on win32)" generated="2025-04-16T01:15:55.806979" rpa="false" schemaversion="5">
<suite id="s1" name="FonctionnaliteProfilsConducteurs" source="C:\Users\bahae\Desktop\PfeProject\test_cases\FonctionnaliteProfilsConducteurs.robot">
<kw name="Démarrer Driver" type="SETUP">
<kw name="Setup Driver" owner="Integration">
<msg time="2025-04-16T01:15:59.971625" level="INFO">${driver} = &lt;appium.webdriver.webdriver.WebDriver (session="4de6cdf1-8c77-46ab-8bab-274761057fad")&gt;</msg>
<var>${driver}</var>
<arg>${Device}</arg>
<doc>Initialise et retourne le driver Appium.</doc>
<status status="PASS" start="2025-04-16T01:15:56.012631" elapsed="3.958994"/>
</kw>
<kw name="Set Suite Variable" owner="BuiltIn">
<msg time="2025-04-16T01:15:59.972624" level="INFO">${driver} = &lt;appium.webdriver.webdriver.WebDriver (session="4de6cdf1-8c77-46ab-8bab-274761057fad")&gt;</msg>
<arg>${driver}</arg>
<doc>Makes a variable available everywhere within the scope of the current suite.</doc>
<status status="PASS" start="2025-04-16T01:15:59.971625" elapsed="0.000999"/>
</kw>
<status status="PASS" start="2025-04-16T01:15:56.012631" elapsed="3.959993"/>
</kw>
<test id="s1-t1" name="Test Ajouter Utilisateur" line="29">
<kw name="Get System Language" owner="Integration">
<msg time="2025-04-16T01:16:00.061684" level="INFO">${lang} = eng</msg>
<var>${lang}</var>
<arg>${Device}</arg>
<status status="PASS" start="2025-04-16T01:15:59.972624" elapsed="0.089060"/>
</kw>
<if>
<branch type="IF" condition="'${lang}' == 'fr'">
<kw name="Set Variable" owner="BuiltIn">
<var>${System}</var>
<arg>Système</arg>
<doc>Returns the given values which can then be assigned to a variables.</doc>
<status status="NOT RUN" start="2025-04-16T01:16:00.062685" elapsed="0.000000"/>
</kw>
<kw name="Set Variable" owner="BuiltIn">
<var>${Setting}</var>
<arg>Paramètres</arg>
<doc>Returns the given values which can then be assigned to a variables.</doc>
<status status="NOT RUN" start="2025-04-16T01:16:00.062685" elapsed="0.000000"/>
</kw>
<kw name="Set Variable" owner="BuiltIn">
<var>${Profils}</var>
<arg>Profils et comptes</arg>
<doc>Returns the given values which can then be assigned to a variables.</doc>
<status status="NOT RUN" start="2025-04-16T01:16:00.062685" elapsed="0.000000"/>
</kw>
<kw name="Set Variable" owner="BuiltIn">
<var>${Ajouter}</var>
<arg>Ajouter un profil</arg>
<doc>Returns the given values which can then be assigned to a variables.</doc>
<status status="NOT RUN" start="2025-04-16T01:16:00.062685" elapsed="0.000000"/>
</kw>
<kw name="Set Variable" owner="BuiltIn">
<var>${Ok}</var>
<arg>OK</arg>
<doc>Returns the given values which can then be assigned to a variables.</doc>
<status status="NOT RUN" start="2025-04-16T01:16:00.062685" elapsed="0.000000"/>
</kw>
<status status="NOT RUN" start="2025-04-16T01:16:00.061684" elapsed="0.001001"/>
</branch>
<branch type="ELSE">
<kw name="Set Variable" owner="BuiltIn">
<msg time="2025-04-16T01:16:00.062685" level="INFO">${System} = System</msg>
<var>${System}</var>
<arg>System</arg>
<doc>Returns the given values which can then be assigned to a variables.</doc>
<status status="PASS" start="2025-04-16T01:16:00.062685" elapsed="0.000000"/>
</kw>
<kw name="Set Variable" owner="BuiltIn">
<msg time="2025-04-16T01:16:00.062685" level="INFO">${Setting} = Settings</msg>
<var>${Setting}</var>
<arg>Settings</arg>
<doc>Returns the given values which can then be assigned to a variables.</doc>
<status status="PASS" start="2025-04-16T01:16:00.062685" elapsed="0.000000"/>
</kw>
<kw name="Set Variable" owner="BuiltIn">
<msg time="2025-04-16T01:16:00.062685" level="INFO">${Profils} = Profils et comptes</msg>
<var>${Profils}</var>
<arg>Profils et comptes</arg>
<doc>Returns the given values which can then be assigned to a variables.</doc>
<status status="PASS" start="2025-04-16T01:16:00.062685" elapsed="0.000000"/>
</kw>
<kw name="Set Variable" owner="BuiltIn">
<msg time="2025-04-16T01:16:00.062685" level="INFO">${Ajouter} = Add Profile</msg>
<var>${Ajouter}</var>
<arg>Add Profile</arg>
<doc>Returns the given values which can then be assigned to a variables.</doc>
<status status="PASS" start="2025-04-16T01:16:00.062685" elapsed="0.000000"/>
</kw>
<kw name="Set Variable" owner="BuiltIn">
<msg time="2025-04-16T01:16:00.063686" level="INFO">${Ok} = OK</msg>
<var>${Ok}</var>
<arg>OK</arg>
<doc>Returns the given values which can then be assigned to a variables.</doc>
<status status="PASS" start="2025-04-16T01:16:00.062685" elapsed="0.001001"/>
</kw>
<status status="PASS" start="2025-04-16T01:16:00.062685" elapsed="0.001001"/>
</branch>
<status status="PASS" start="2025-04-16T01:16:00.061684" elapsed="0.002002"/>
</if>
<kw name="Get Android Users" owner="Integration">
<msg time="2025-04-16T01:16:00.232375" level="INFO">${old_users} = [{'id': '0', 'name': 'Driver', 'status': 'running'}, {'id': '10', 'name': 'Driver', 'status': 'active'}, {'id': '17', 'name': 'Nouveau profil', 'status': 'inactive'}]</msg>
<var>${old_users}</var>
<arg>${driver}</arg>
<doc>Récupère la liste des utilisateurs Android via ADB.</doc>
<status status="PASS" start="2025-04-16T01:16:00.063686" elapsed="0.168689"/>
</kw>
<kw name="Open Application With Click" owner="Integration">
<msg time="2025-04-16T01:16:21.979359" level="INFO">📌 Liste des applications détectées : ['Appium Settings', 'ARD Audiothek', 'Bluetooth Audio', 'Calendar', 'Crunchyroll', 'Google Assistant', 'Home Assistant', 'Local Media Player', 'Maps', 'News', 'Phone', 'Play Store', 'Prime Video', 'Settings', 'SMS']
📌 First Home Page détectée : ['Appium Settings', 'ARD Audiothek', 'Bluetooth Audio', 'Calendar', 'Crunchyroll', 'Google Assistant', 'Home Assistant', 'Local Media Player', 'Maps', 'News', 'Phone', 'Play Store', 'Prime Video', 'Settings', 'SMS']

📌 Liste des applications détectées : ['Appium Settings', 'ARD Audiothek', 'Bluetooth Audio', 'Calendar', 'Crunchyroll', 'Google Assistant', 'Home Assistant', 'Local Media Player', 'Maps', 'News', 'Phone', 'Play Store', 'Prime Video', 'Settings', 'SMS']
✅ Retour à la first home page !

📌 Liste des applications détectées : ['Appium Settings', 'ARD Audiothek', 'Bluetooth Audio', 'Calendar', 'Crunchyroll', 'Google Assistant', 'Home Assistant', 'Local Media Player', 'Maps', 'News', 'Phone', 'Play Store', 'Prime Video', 'Settings', 'SMS']
905 619 1007 657</msg>
<msg time="2025-04-16T01:16:21.979359" level="INFO">${resultat} = True</msg>
<var>${resultat}</var>
<arg>${driver}</arg>
<arg>${Setting}</arg>
<status status="PASS" start="2025-04-16T01:16:00.232375" elapsed="21.746984"/>
</kw>
<kw name="Sleep" owner="BuiltIn">
<msg time="2025-04-16T01:16:22.979528" level="INFO">Slept 1 second.</msg>
<arg>1s</arg>
<doc>Pauses the test executed for the given time.</doc>
<status status="PASS" start="2025-04-16T01:16:21.979359" elapsed="1.000169"/>
</kw>
<kw name="Check Element Exists By Id" owner="Integration">
<msg time="2025-04-16T01:16:23.036529" level="INFO">${Verfier} = True</msg>
<var>${Verfier}</var>
<arg>${driver}</arg>
<arg>${Setting_xpath_id}</arg>
<doc>Vérifie si un élément existe en utilisant son ID.</doc>
<status status="PASS" start="2025-04-16T01:16:22.979528" elapsed="0.057001"/>
</kw>
<kw name="Run Keyword And Continue On Failure" owner="BuiltIn">
<kw name="Should Be True" owner="BuiltIn">
<arg>${Verfier}</arg>
<arg>Setting n'est pas affiché.</arg>
<doc>Fails if the given condition is not true.</doc>
<status status="PASS" start="2025-04-16T01:16:23.036529" elapsed="0.000000"/>
</kw>
<arg>Should Be True</arg>
<arg>${Verfier}</arg>
<arg>Setting n'est pas affiché.</arg>
<doc>Runs the keyword and continues execution even if a failure occurs.</doc>
<status status="PASS" start="2025-04-16T01:16:23.036529" elapsed="0.000000"/>
</kw>
<kw name="Run Keyword And Continue On Failure" owner="BuiltIn">
<kw name="Clique Sur Setting" owner="Integration">
<msg time="2025-04-16T01:16:26.894702" level="INFO">(0, 76, 550, 696)
🔽 Swipe vers le bas #1
🛑 Plus de nouveaux éléments en bas. Fin de balayage.
🔼 Swipe vers le haut #1
🛑 Aucun nouvel élément en haut. Fin de balayage.
❌ 'Profils et comptes' introuvable après balayage complet.</msg>
<arg>${driver}</arg>
<arg>${Profils}</arg>
<arg>${Setting_menu}</arg>
<status status="PASS" start="2025-04-16T01:16:23.037528" elapsed="3.857174"/>
</kw>
<arg>Clique Sur Setting</arg>
<arg>${driver}</arg>
<arg>${Profils}</arg>
<arg>${Setting_menu}</arg>
<doc>Runs the keyword and continues execution even if a failure occurs.</doc>
<status status="PASS" start="2025-04-16T01:16:23.037528" elapsed="3.857174"/>
</kw>
<kw name="Click Element By Text Att" owner="Integration">
<msg time="2025-04-16T01:16:37.382354" level="FAIL">TimeoutException: Message: 
Stacktrace:
NoSuchElementError: An element could not be located on the page using the given search parameters.
    at AndroidUiautomator2Driver.findElOrEls (C:\Users\bahae\.appium\node_modules\appium-uiautomator2-driver\node_modules\appium-android-driver\lib\commands\find.ts:86:11)
    at processTicksAndRejections (node:internal/process/task_queues:95:5)
    at AndroidUiautomator2Driver.findElOrElsWithProcessing (C:\Users\bahae\AppData\Roaming\npm\node_modules\appium\node_modules\@appium\base-driver\lib\basedriver\commands\find.ts:60:12)
    at AndroidUiautomator2Driver.findElement (C:\Users\bahae\AppData\Roaming\npm\node_modules\appium\node_modules\@appium\base-driver\lib\basedriver\commands\find.ts:75:12)</msg>
<arg>${driver}</arg>
<arg>${Ajouter}</arg>
<status status="FAIL" start="2025-04-16T01:16:26.894702" elapsed="10.488653">TimeoutException: Message: 
Stacktrace:
NoSuchElementError: An element could not be located on the page using the given search parameters.
    at AndroidUiautomator2Driver.findElOrEls (C:\Users\bahae\.appium\node_modules\appium-uiautomator2-driver\node_modules\appium-android-driver\lib\commands\find.ts:86:11)
    at processTicksAndRejections (node:internal/process/task_queues:95:5)
    at AndroidUiautomator2Driver.findElOrElsWithProcessing (C:\Users\bahae\AppData\Roaming\npm\node_modules\appium\node_modules\@appium\base-driver\lib\basedriver\commands\find.ts:60:12)
    at AndroidUiautomator2Driver.findElement (C:\Users\bahae\AppData\Roaming\npm\node_modules\appium\node_modules\@appium\base-driver\lib\basedriver\commands\find.ts:75:12)</status>
</kw>
<kw name="Sleep" owner="BuiltIn">
<arg>2s</arg>
<doc>Pauses the test executed for the given time.</doc>
<status status="NOT RUN" start="2025-04-16T01:16:37.383355" elapsed="0.000000"/>
</kw>
<kw name="Click Element By Text Att" owner="Integration">
<arg>${driver}</arg>
<arg>${Ok}</arg>
<status status="NOT RUN" start="2025-04-16T01:16:37.383355" elapsed="0.000000"/>
</kw>
<kw name="Sleep" owner="BuiltIn">
<arg>5s</arg>
<doc>Pauses the test executed for the given time.</doc>
<status status="NOT RUN" start="2025-04-16T01:16:37.383355" elapsed="0.000000"/>
</kw>
<kw name="Get Android Users" owner="Integration">
<var>${new_users}</var>
<arg>${driver}</arg>
<doc>Récupère la liste des utilisateurs Android via ADB.</doc>
<status status="NOT RUN" start="2025-04-16T01:16:37.383355" elapsed="0.000000"/>
</kw>
<kw name="Get Added User" owner="Integration">
<var>${verifie_adb_add_user}</var>
<arg>${old_users}</arg>
<arg>${new_users}</arg>
<doc>Compare deux listes d'utilisateurs et retourne l'utilisateur ajouté.</doc>
<status status="NOT RUN" start="2025-04-16T01:16:37.383355" elapsed="0.000000"/>
</kw>
<kw name="Run Keyword And Continue On Failure" owner="BuiltIn">
<arg>Should Not Be Equal</arg>
<arg>${verifie_adb_add_user}</arg>
<arg>${None}</arg>
<arg>Aucun utilisateur n'a été ajouté.</arg>
<doc>Runs the keyword and continues execution even if a failure occurs.</doc>
<status status="NOT RUN" start="2025-04-16T01:16:37.383355" elapsed="0.000000"/>
</kw>
<kw name="Log" owner="BuiltIn">
<arg>Utilisateur ajouté : ${verifie_adb_add_user}</arg>
<doc>Logs the given message with the given level.</doc>
<status status="NOT RUN" start="2025-04-16T01:16:37.383355" elapsed="0.000000"/>
</kw>
<status status="FAIL" start="2025-04-16T01:15:59.972624" elapsed="37.410731">TimeoutException: Message: 
Stacktrace:
NoSuchElementError: An element could not be located on the page using the given search parameters.
    at AndroidUiautomator2Driver.findElOrEls (C:\Users\bahae\.appium\node_modules\appium-uiautomator2-driver\node_modules\appium-android-driver\lib\commands\find.ts:86:11)
    at processTicksAndRejections (node:internal/process/task_queues:95:5)
    at AndroidUiautomator2Driver.findElOrElsWithProcessing (C:\Users\bahae\AppData\Roaming\npm\node_modules\appium\node_modules\@appium\base-driver\lib\basedriver\commands\find.ts:60:12)
    at AndroidUiautomator2Driver.findElement (C:\Users\bahae\AppData\Roaming\npm\node_modules\appium\node_modules\@appium\base-driver\lib\basedriver\commands\find.ts:75:12)</status>
</test>
<test id="s1-t2" name="Test renommer Utilisateur" line="78">
<kw name="Get System Language" owner="Integration">
<msg time="2025-04-16T01:16:37.440354" level="INFO">${lang} = eng</msg>
<var>${lang}</var>
<arg>${Device}</arg>
<status status="PASS" start="2025-04-16T01:16:37.384354" elapsed="0.056000"/>
</kw>
<if>
<branch type="IF" condition="'${lang}' == 'fr'">
<kw name="Set Variable" owner="BuiltIn">
<var>${System}</var>
<arg>Système</arg>
<doc>Returns the given values which can then be assigned to a variables.</doc>
<status status="NOT RUN" start="2025-04-16T01:16:37.440354" elapsed="0.000000"/>
</kw>
<kw name="Set Variable" owner="BuiltIn">
<var>${Setting}</var>
<arg>Paramètres</arg>
<doc>Returns the given values which can then be assigned to a variables.</doc>
<status status="NOT RUN" start="2025-04-16T01:16:37.440354" elapsed="0.000000"/>
</kw>
<kw name="Set Variable" owner="BuiltIn">
<var>${Profils}</var>
<arg>Profils et comptes</arg>
<doc>Returns the given values which can then be assigned to a variables.</doc>
<status status="NOT RUN" start="2025-04-16T01:16:37.440354" elapsed="0.001001"/>
</kw>
<kw name="Set Variable" owner="BuiltIn">
<var>${Ajouter}</var>
<arg>Ajouter un profil</arg>
<doc>Returns the given values which can then be assigned to a variables.</doc>
<status status="NOT RUN" start="2025-04-16T01:16:37.441355" elapsed="0.000000"/>
</kw>
<kw name="Set Variable" owner="BuiltIn">
<var>${Ok}</var>
<arg>OK</arg>
<doc>Returns the given values which can then be assigned to a variables.</doc>
<status status="NOT RUN" start="2025-04-16T01:16:37.441355" elapsed="0.000000"/>
</kw>
<status status="NOT RUN" start="2025-04-16T01:16:37.440354" elapsed="0.001001"/>
</branch>
<branch type="ELSE">
<kw name="Set Variable" owner="BuiltIn">
<msg time="2025-04-16T01:16:37.441355" level="INFO">${System} = System</msg>
<var>${System}</var>
<arg>System</arg>
<doc>Returns the given values which can then be assigned to a variables.</doc>
<status status="PASS" start="2025-04-16T01:16:37.441355" elapsed="0.000000"/>
</kw>
<kw name="Set Variable" owner="BuiltIn">
<msg time="2025-04-16T01:16:37.441355" level="INFO">${Setting} = Settings</msg>
<var>${Setting}</var>
<arg>Settings</arg>
<doc>Returns the given values which can then be assigned to a variables.</doc>
<status status="PASS" start="2025-04-16T01:16:37.441355" elapsed="0.000000"/>
</kw>
<kw name="Set Variable" owner="BuiltIn">
<msg time="2025-04-16T01:16:37.441355" level="INFO">${Profils} = Profils et comptes</msg>
<var>${Profils}</var>
<arg>Profils et comptes</arg>
<doc>Returns the given values which can then be assigned to a variables.</doc>
<status status="PASS" start="2025-04-16T01:16:37.441355" elapsed="0.000000"/>
</kw>
<kw name="Set Variable" owner="BuiltIn">
<msg time="2025-04-16T01:16:37.441355" level="INFO">${Ajouter} = Add Profile</msg>
<var>${Ajouter}</var>
<arg>Add Profile</arg>
<doc>Returns the given values which can then be assigned to a variables.</doc>
<status status="PASS" start="2025-04-16T01:16:37.441355" elapsed="0.000000"/>
</kw>
<kw name="Set Variable" owner="BuiltIn">
<msg time="2025-04-16T01:16:37.441355" level="INFO">${Ok} = OK</msg>
<var>${Ok}</var>
<arg>OK</arg>
<doc>Returns the given values which can then be assigned to a variables.</doc>
<status status="PASS" start="2025-04-16T01:16:37.441355" elapsed="0.000000"/>
</kw>
<status status="PASS" start="2025-04-16T01:16:37.441355" elapsed="0.000000"/>
</branch>
<status status="PASS" start="2025-04-16T01:16:37.440354" elapsed="0.001001"/>
</if>
<kw name="Get Android Users" owner="Integration">
<msg time="2025-04-16T01:16:37.618354" level="INFO">${old_users} = [{'id': '0', 'name': 'Driver', 'status': 'running'}, {'id': '10', 'name': 'Driver', 'status': 'active'}, {'id': '17', 'name': 'Nouveau profil', 'status': 'inactive'}]</msg>
<var>${old_users}</var>
<arg>${driver}</arg>
<doc>Récupère la liste des utilisateurs Android via ADB.</doc>
<status status="PASS" start="2025-04-16T01:16:37.441355" elapsed="0.176999"/>
</kw>
<kw name="Open Application With Click" owner="Integration">
<msg time="2025-04-16T01:16:53.455839" level="INFO">📌 Liste des applications détectées : ['Appium Settings', 'ARD Audiothek', 'Bluetooth Audio', 'Calendar', 'Crunchyroll', 'Google Assistant', 'Home Assistant', 'Local Media Player', 'Maps', 'News', 'Phone', 'Play Store', 'Prime Video', 'Settings', 'SMS']
📌 First Home Page détectée : ['Appium Settings', 'ARD Audiothek', 'Bluetooth Audio', 'Calendar', 'Crunchyroll', 'Google Assistant', 'Home Assistant', 'Local Media Player', 'Maps', 'News', 'Phone', 'Play Store', 'Prime Video', 'Settings', 'SMS']

📌 Liste des applications détectées : ['Appium Settings', 'ARD Audiothek', 'Bluetooth Audio', 'Calendar', 'Crunchyroll', 'Google Assistant', 'Home Assistant', 'Local Media Player', 'Maps', 'News', 'Phone', 'Play Store', 'Prime Video', 'Settings', 'SMS']
✅ Retour à la first home page !

📌 Liste des applications détectées : ['Appium Settings', 'ARD Audiothek', 'Bluetooth Audio', 'Calendar', 'Crunchyroll', 'Google Assistant', 'Home Assistant', 'Local Media Player', 'Maps', 'News', 'Phone', 'Play Store', 'Prime Video', 'Settings', 'SMS']
905 619 1007 657</msg>
<msg time="2025-04-16T01:16:53.455839" level="INFO">${resultat} = True</msg>
<var>${resultat}</var>
<arg>${driver}</arg>
<arg>${Setting}</arg>
<status status="PASS" start="2025-04-16T01:16:37.618354" elapsed="15.837485"/>
</kw>
<kw name="Sleep" owner="BuiltIn">
<msg time="2025-04-16T01:16:54.456464" level="INFO">Slept 1 second.</msg>
<arg>1s</arg>
<doc>Pauses the test executed for the given time.</doc>
<status status="PASS" start="2025-04-16T01:16:53.455839" elapsed="1.000625"/>
</kw>
<kw name="Check Element Exists By Id" owner="Integration">
<msg time="2025-04-16T01:16:54.500466" level="INFO">${Verfier} = True</msg>
<var>${Verfier}</var>
<arg>${driver}</arg>
<arg>${Setting_xpath_id}</arg>
<doc>Vérifie si un élément existe en utilisant son ID.</doc>
<status status="PASS" start="2025-04-16T01:16:54.456464" elapsed="0.044002"/>
</kw>
<kw name="Run Keyword And Continue On Failure" owner="BuiltIn">
<kw name="Should Be True" owner="BuiltIn">
<arg>${Verfier}</arg>
<arg>Setting n'est pas affiché.</arg>
<doc>Fails if the given condition is not true.</doc>
<status status="PASS" start="2025-04-16T01:16:54.500466" elapsed="0.000000"/>
</kw>
<arg>Should Be True</arg>
<arg>${Verfier}</arg>
<arg>Setting n'est pas affiché.</arg>
<doc>Runs the keyword and continues execution even if a failure occurs.</doc>
<status status="PASS" start="2025-04-16T01:16:54.500466" elapsed="0.000000"/>
</kw>
<kw name="Run Keyword And Continue On Failure" owner="BuiltIn">
<kw name="Clique Sur Setting" owner="Integration">
<msg time="2025-04-16T01:16:58.721954" level="INFO">(0, 76, 550, 696)
🔽 Swipe vers le bas #1
🛑 Plus de nouveaux éléments en bas. Fin de balayage.
🔼 Swipe vers le haut #1
🛑 Aucun nouvel élément en haut. Fin de balayage.
❌ 'Profils et comptes' introuvable après balayage complet.</msg>
<arg>${driver}</arg>
<arg>${Profils}</arg>
<arg>${Setting_menu}</arg>
<status status="PASS" start="2025-04-16T01:16:54.501464" elapsed="4.221491"/>
</kw>
<arg>Clique Sur Setting</arg>
<arg>${driver}</arg>
<arg>${Profils}</arg>
<arg>${Setting_menu}</arg>
<doc>Runs the keyword and continues execution even if a failure occurs.</doc>
<status status="PASS" start="2025-04-16T01:16:54.500466" elapsed="4.222489"/>
</kw>
<kw name="Close Driver" owner="Integration">
<arg>${driver}</arg>
<doc>Ferme proprement le driver Appium.</doc>
<status status="PASS" start="2025-04-16T01:16:58.722955" elapsed="0.192162"/>
</kw>
<status status="PASS" start="2025-04-16T01:16:37.384354" elapsed="21.530763"/>
</test>
<kw name="Fermer Driver" type="TEARDOWN">
<kw name="Close Driver" owner="Integration">
<msg time="2025-04-16T01:16:58.922014" level="FAIL">InvalidSessionIdException: Message: A session is either terminated or not started
Stacktrace:
NoSuchDriverError: A session is either terminated or not started
    at asyncHandler (C:\Users\bahae\AppData\Roaming\npm\node_modules\appium\node_modules\@appium\base-driver\lib\protocol\protocol.js:309:15)
    at C:\Users\bahae\AppData\Roaming\npm\node_modules\appium\node_modules\@appium\base-driver\lib\protocol\protocol.js:512:15
    at Layer.handle [as handle_request] (C:\Users\bahae\AppData\Roaming\npm\node_modules\appium\node_modules\express\lib\router\layer.js:95:5)
    at next (C:\Users\bahae\AppData\Roaming\npm\node_modules\appium\node_modules\express\lib\router\route.js:149:13)
    at Route.dispatch (C:\Users\bahae\AppData\Roaming\npm\node_modules\appium\node_modules\express\lib\router\route.js:119:3)
    at Layer.handle [as handle_request] (C:\Users\bahae\AppData\Roaming\npm\node_modules\appium\node_modules\express\lib\router\layer.js:95:5)
    at C:\Users\bahae\AppData\Roaming\npm\node_modules\appium\node_modules\express\lib\router\index.js:284:15
    at param (C:\Users\bahae\AppData\Roaming\npm\node_modules\appium\node_modules\express\lib\router\index.js:365:14)
    at param (C:\Users\bahae\AppData\Roaming\npm\node_modules\appium\node_modules\express\lib\router\index.js:376:14)
    at Function.process_params (C:\Users\bahae\AppData\Roaming\npm\node_modules\appium\node_modules\express\lib\router\index.js:421:3)
    at next (C:\Users\bahae\AppData\Roaming\npm\node_modules\appium\node_modules\express\lib\router\index.js:280:10)
    at logger (C:\Users\bahae\AppData\Roaming\npm\node_modules\appium\node_modules\morgan\index.js:144:5)
    at Layer.handle [as handle_request] (C:\Users\bahae\AppData\Roaming\npm\node_modules\appium\node_modules\express\lib\router\layer.js:95:5)
    at trim_prefix (C:\Users\bahae\AppData\Roaming\npm\node_modules\appium\node_modules\express\lib\router\index.js:328:13)
    at C:\Users\bahae\AppData\Roaming\npm\node_modules\appium\node_modules\express\lib\router\index.js:286:9
    at Function.process_params (C:\Users\bahae\AppData\Roaming\npm\node_modules\appium\node_modules\express\lib\router\index.js:346:12)
    at next (C:\Users\bahae\AppData\Roaming\npm\node_modules\appium\node_modules\express\lib\router\index.js:280:10)
    at jsonParser (C:\Users\bahae\AppData\Roaming\npm\node_modules\appium\node_modules\body-parser\lib\types\json.js:113:7)
    at Layer.handle [as handle_request] (C:\Users\bahae\AppData\Roaming\npm\node_modules\appium\node_modules\express\lib\router\layer.js:95:5)
    at trim_prefix (C:\Users\bahae\AppData\Roaming\npm\node_modules\appium\node_modules\express\lib\router\index.js:328:13)
    at C:\Users\bahae\AppData\Roaming\npm\node_modules\appium\node_modules\express\lib\router\index.js:286:9
    at Function.process_params (C:\Users\bahae\AppData\Roaming\npm\node_modules\appium\node_modules\express\lib\router\index.js:346:12)</msg>
<arg>${driver}</arg>
<doc>Ferme proprement le driver Appium.</doc>
<status status="FAIL" start="2025-04-16T01:16:58.916016" elapsed="0.006999">InvalidSessionIdException: Message: A session is either terminated or not started
Stacktrace:
NoSuchDriverError: A session is either terminated or not started
    at asyncHandler (C:\Users\bahae\AppData\Roaming\npm\node_modules\appium\node_modules\@appium\base-driver\lib\protocol\protocol.js:309:15)
    at C:\Users\bahae\AppData\Roaming\npm\node_modules\appium\node_modules\@appium\base-driver\lib\protocol\protocol.js:512:15
    at Layer.handle [as handle_request] (C:\Users\bahae\AppData\Roaming\npm\node_modules\appium\node_modules\express\lib\router\layer.js:95:5)
    at next (C:\Users\bahae\AppData\Roaming\npm\node_modules\appium\node_modules\express\lib\router\route.js:149:13)
    at Route.dispatch (C:\Users\bahae\AppData\Roaming\npm\node_modules\appium\node_modules\express\lib\router\route.js:119:3)
    at Layer.handle [as handle_request] (C:\Users\bahae\AppData\Roaming\npm\node_modules\appium\node_modules\express\lib\router\layer.js:95:5)
    at C:\Users\bahae\AppData\Roaming\npm\node_modules\appium\node_modules\express\lib\router\index.js:284:15
    at param (C:\Users\bahae\AppData\Roaming\npm\node_modules\appium\node_modules\express\lib\router\index.js:365:14)
    [ Message content over the limit has been removed. ]
    at Layer.handle [as handle_request] (C:\Users\bahae\AppData\Roaming\npm\node_modules\appium\node_modules\express\lib\router\layer.js:95:5)
    at trim_prefix (C:\Users\bahae\AppData\Roaming\npm\node_modules\appium\node_modules\express\lib\router\index.js:328:13)
    at C:\Users\bahae\AppData\Roaming\npm\node_modules\appium\node_modules\express\lib\router\index.js:286:9
    at Function.process_params (C:\Users\bahae\AppData\Roaming\npm\node_modules\appium\node_modules\express\lib\router\index.js:346:12)
    at next (C:\Users\bahae\AppData\Roaming\npm\node_modules\appium\node_modules\express\lib\router\index.js:280:10)
    at jsonParser (C:\Users\bahae\AppData\Roaming\npm\node_modules\appium\node_modules\body-parser\lib\types\json.js:113:7)
    at Layer.handle [as handle_request] (C:\Users\bahae\AppData\Roaming\npm\node_modules\appium\node_modules\express\lib\router\layer.js:95:5)
    at trim_prefix (C:\Users\bahae\AppData\Roaming\npm\node_modules\appium\node_modules\express\lib\router\index.js:328:13)
    at C:\Users\bahae\AppData\Roaming\npm\node_modules\appium\node_modules\express\lib\router\index.js:286:9
    at Function.process_params (C:\Users\bahae\AppData\Roaming\npm\node_modules\appium\node_modules\express\lib\router\index.js:346:12)</status>
</kw>
<status status="FAIL" start="2025-04-16T01:16:58.916016" elapsed="0.007999">InvalidSessionIdException: Message: A session is either terminated or not started
Stacktrace:
NoSuchDriverError: A session is either terminated or not started
    at asyncHandler (C:\Users\bahae\AppData\Roaming\npm\node_modules\appium\node_modules\@appium\base-driver\lib\protocol\protocol.js:309:15)
    at C:\Users\bahae\AppData\Roaming\npm\node_modules\appium\node_modules\@appium\base-driver\lib\protocol\protocol.js:512:15
    at Layer.handle [as handle_request] (C:\Users\bahae\AppData\Roaming\npm\node_modules\appium\node_modules\express\lib\router\layer.js:95:5)
    at next (C:\Users\bahae\AppData\Roaming\npm\node_modules\appium\node_modules\express\lib\router\route.js:149:13)
    at Route.dispatch (C:\Users\bahae\AppData\Roaming\npm\node_modules\appium\node_modules\express\lib\router\route.js:119:3)
    at Layer.handle [as handle_request] (C:\Users\bahae\AppData\Roaming\npm\node_modules\appium\node_modules\express\lib\router\layer.js:95:5)
    at C:\Users\bahae\AppData\Roaming\npm\node_modules\appium\node_modules\express\lib\router\index.js:284:15
    at param (C:\Users\bahae\AppData\Roaming\npm\node_modules\appium\node_modules\express\lib\router\index.js:365:14)
    [ Message content over the limit has been removed. ]
    at Layer.handle [as handle_request] (C:\Users\bahae\AppData\Roaming\npm\node_modules\appium\node_modules\express\lib\router\layer.js:95:5)
    at trim_prefix (C:\Users\bahae\AppData\Roaming\npm\node_modules\appium\node_modules\express\lib\router\index.js:328:13)
    at C:\Users\bahae\AppData\Roaming\npm\node_modules\appium\node_modules\express\lib\router\index.js:286:9
    at Function.process_params (C:\Users\bahae\AppData\Roaming\npm\node_modules\appium\node_modules\express\lib\router\index.js:346:12)
    at next (C:\Users\bahae\AppData\Roaming\npm\node_modules\appium\node_modules\express\lib\router\index.js:280:10)
    at jsonParser (C:\Users\bahae\AppData\Roaming\npm\node_modules\appium\node_modules\body-parser\lib\types\json.js:113:7)
    at Layer.handle [as handle_request] (C:\Users\bahae\AppData\Roaming\npm\node_modules\appium\node_modules\express\lib\router\layer.js:95:5)
    at trim_prefix (C:\Users\bahae\AppData\Roaming\npm\node_modules\appium\node_modules\express\lib\router\index.js:328:13)
    at C:\Users\bahae\AppData\Roaming\npm\node_modules\appium\node_modules\express\lib\router\index.js:286:9
    at Function.process_params (C:\Users\bahae\AppData\Roaming\npm\node_modules\appium\node_modules\express\lib\router\index.js:346:12)</status>
</kw>
<status status="FAIL" start="2025-04-16T01:15:55.808492" elapsed="63.115523">Suite teardown failed:
InvalidSessionIdException: Message: A session is either terminated or not started
Stacktrace:
NoSuchDriverError: A session is either terminated or not started
    at asyncHandler (C:\Users\bahae\AppData\Roaming\npm\node_modules\appium\node_modules\@appium\base-driver\lib\protocol\protocol.js:309:15)
    at C:\Users\bahae\AppData\Roaming\npm\node_modules\appium\node_modules\@appium\base-driver\lib\protocol\protocol.js:512:15
    at Layer.handle [as handle_request] (C:\Users\bahae\AppData\Roaming\npm\node_modules\appium\node_modules\express\lib\router\layer.js:95:5)
    at next (C:\Users\bahae\AppData\Roaming\npm\node_modules\appium\node_modules\express\lib\router\route.js:149:13)
    at Route.dispatch (C:\Users\bahae\AppData\Roaming\npm\node_modules\appium\node_modules\express\lib\router\route.js:119:3)
    at Layer.handle [as handle_request] (C:\Users\bahae\AppData\Roaming\npm\node_modules\appium\node_modules\express\lib\router\layer.js:95:5)
    at C:\Users\bahae\AppData\Roaming\npm\node_modules\appium\node_modules\express\lib\router\index.js:284:15
    at param (C:\Users\bahae\AppData\Roaming\npm\node_modules\appium\node_modules\express\lib\router\index.js:365:14)
    [ Message content over the limit has been removed. ]
    at Layer.handle [as handle_request] (C:\Users\bahae\AppData\Roaming\npm\node_modules\appium\node_modules\express\lib\router\layer.js:95:5)
    at trim_prefix (C:\Users\bahae\AppData\Roaming\npm\node_modules\appium\node_modules\express\lib\router\index.js:328:13)
    at C:\Users\bahae\AppData\Roaming\npm\node_modules\appium\node_modules\express\lib\router\index.js:286:9
    at Function.process_params (C:\Users\bahae\AppData\Roaming\npm\node_modules\appium\node_modules\express\lib\router\index.js:346:12)
    at next (C:\Users\bahae\AppData\Roaming\npm\node_modules\appium\node_modules\express\lib\router\index.js:280:10)
    at jsonParser (C:\Users\bahae\AppData\Roaming\npm\node_modules\appium\node_modules\body-parser\lib\types\json.js:113:7)
    at Layer.handle [as handle_request] (C:\Users\bahae\AppData\Roaming\npm\node_modules\appium\node_modules\express\lib\router\layer.js:95:5)
    at trim_prefix (C:\Users\bahae\AppData\Roaming\npm\node_modules\appium\node_modules\express\lib\router\index.js:328:13)
    at C:\Users\bahae\AppData\Roaming\npm\node_modules\appium\node_modules\express\lib\router\index.js:286:9
    at Function.process_params (C:\Users\bahae\AppData\Roaming\npm\node_modules\appium\node_modules\express\lib\router\index.js:346:12)</status>
</suite>
<statistics>
<total>
<stat pass="0" fail="2" skip="0">All Tests</stat>
</total>
<tag>
</tag>
<suite>
<stat name="FonctionnaliteProfilsConducteurs" id="s1" pass="0" fail="2" skip="0">FonctionnaliteProfilsConducteurs</stat>
</suite>
</statistics>
<errors>
</errors>
</robot>
