<?xml version="1.0" encoding="UTF-8"?>
<robot generator="Robot 7.2.2 (Python 3.12.9 on linux)" generated="2025-03-26T13:40:04.054506" rpa="false" schemaversion="5">
<suite id="s1" name="FonctionnaliteDeBase" source="/app/test_cases/FonctionnaliteDeBase.robot">
<test id="s1-t1" name="Test Home_Button" line="21">
<kw name="Setup Driver" owner="Integration">
<msg time="2025-03-26T13:40:10.914333" level="INFO">${driver} = &lt;appium.webdriver.webdriver.WebDriver (session="407fb927-5665-405f-86f6-09632b4018a5")&gt;</msg>
<var>${driver}</var>
<arg>${Device}</arg>
<doc>Initialise et retourne le driver Appium.</doc>
<status status="PASS" start="2025-03-26T13:40:04.209772" elapsed="6.704635"/>
</kw>
<kw name="Revenir A La Home Page" owner="Integration">
<msg time="2025-03-26T13:40:23.290605" level="INFO">ğŸ“Œ Liste des applications dÃ©tectÃ©es : ['Agenda', 'Appium Settings', 'ARD Audiothek', 'Audio Bluetooth', 'Crunchyroll', 'Google Assistant', 'Google\xa0ActualitÃ©s', 'Home Assistant', 'Local Media Player', 'Maps', 'ParamÃ¨tres', 'Play\xa0Store', 'Prime Video', 'SMS', 'Spotify']
ğŸ“Œ First Home Page dÃ©tectÃ©e : ['Agenda', 'Appium Settings', 'ARD Audiothek', 'Audio Bluetooth', 'Crunchyroll', 'Google Assistant', 'Google\xa0ActualitÃ©s', 'Home Assistant', 'Local Media Player', 'Maps', 'ParamÃ¨tres', 'Play\xa0Store', 'Prime Video', 'SMS', 'Spotify']

ğŸ“Œ Liste des applications dÃ©tectÃ©es : ['Agenda', 'Appium Settings', 'ARD Audiothek', 'Audio Bluetooth', 'Crunchyroll', 'Google Assistant', 'Google\xa0ActualitÃ©s', 'Home Assistant', 'Local Media Player', 'Maps', 'ParamÃ¨tres', 'Play\xa0Store', 'Prime Video', 'SMS', 'Spotify']
âœ… Retour Ã  la first home page !</msg>
<arg>${driver}</arg>
<status status="PASS" start="2025-03-26T13:40:10.914633" elapsed="12.376101"/>
</kw>
<doc>Ce test vÃ©rifie si le bouton "Home" fonctionne correctement en revenant Ã  la page d'accueil de l'appareil.</doc>
<status status="PASS" start="2025-03-26T13:40:04.208700" elapsed="19.082196"/>
</test>
<test id="s1-t2" name="Test Ouvrir YouTube App" line="26">
<kw name="Setup Driver" owner="Integration">
<msg time="2025-03-26T13:40:28.365679" level="INFO">${driver} = &lt;appium.webdriver.webdriver.WebDriver (session="745806f6-00cd-4a41-834b-e44b8cd14370")&gt;</msg>
<var>${driver}</var>
<arg>${Device}</arg>
<doc>Initialise et retourne le driver Appium.</doc>
<status status="PASS" start="2025-03-26T13:40:23.291622" elapsed="5.074117"/>
</kw>
<kw name="Sleep" owner="BuiltIn">
<msg time="2025-03-26T13:40:30.366449" level="INFO">Slept 2 seconds.</msg>
<arg>2</arg>
<doc>Pauses the test executed for the given time.</doc>
<status status="PASS" start="2025-03-26T13:40:28.365894" elapsed="2.000667"/>
</kw>
<kw name="Revenir A La Home Page" owner="Integration">
<msg time="2025-03-26T13:40:42.666526" level="INFO">ğŸ“Œ Liste des applications dÃ©tectÃ©es : ['Agenda', 'Appium Settings', 'ARD Audiothek', 'Audio Bluetooth', 'Crunchyroll', 'Google Assistant', 'Google\xa0ActualitÃ©s', 'Home Assistant', 'Local Media Player', 'Maps', 'ParamÃ¨tres', 'Play\xa0Store', 'Prime Video', 'SMS', 'Spotify']
ğŸ“Œ First Home Page dÃ©tectÃ©e : ['Agenda', 'Appium Settings', 'ARD Audiothek', 'Audio Bluetooth', 'Crunchyroll', 'Google Assistant', 'Google\xa0ActualitÃ©s', 'Home Assistant', 'Local Media Player', 'Maps', 'ParamÃ¨tres', 'Play\xa0Store', 'Prime Video', 'SMS', 'Spotify']

ğŸ“Œ Liste des applications dÃ©tectÃ©es : ['Agenda', 'Appium Settings', 'ARD Audiothek', 'Audio Bluetooth', 'Crunchyroll', 'Google Assistant', 'Google\xa0ActualitÃ©s', 'Home Assistant', 'Local Media Player', 'Maps', 'ParamÃ¨tres', 'Play\xa0Store', 'Prime Video', 'SMS', 'Spotify']
âœ… Retour Ã  la first home page !</msg>
<arg>${driver}</arg>
<status status="PASS" start="2025-03-26T13:40:30.366708" elapsed="12.299913"/>
</kw>
<kw name="Open Application With Click" owner="Integration">
<msg time="2025-03-26T13:41:11.055291" level="INFO">ğŸ“Œ Liste des applications dÃ©tectÃ©es : ['Agenda', 'Appium Settings', 'ARD Audiothek', 'Audio Bluetooth', 'Crunchyroll', 'Google Assistant', 'Google\xa0ActualitÃ©s', 'Home Assistant', 'Local Media Player', 'Maps', 'ParamÃ¨tres', 'Play\xa0Store', 'Prime Video', 'SMS', 'Spotify']
ğŸ“Œ First Home Page dÃ©tectÃ©e : ['Agenda', 'Appium Settings', 'ARD Audiothek', 'Audio Bluetooth', 'Crunchyroll', 'Google Assistant', 'Google\xa0ActualitÃ©s', 'Home Assistant', 'Local Media Player', 'Maps', 'ParamÃ¨tres', 'Play\xa0Store', 'Prime Video', 'SMS', 'Spotify']

ğŸ“Œ Liste des applications dÃ©tectÃ©es : ['Agenda', 'Appium Settings', 'ARD Audiothek', 'Audio Bluetooth', 'Crunchyroll', 'Google Assistant', 'Google\xa0ActualitÃ©s', 'Home Assistant', 'Local Media Player', 'Maps', 'ParamÃ¨tres', 'Play\xa0Store', 'Prime Video', 'SMS', 'Spotify']
âœ… Retour Ã  la first home page !
111111111111111111111
2222222222222222

ğŸ“Œ Liste des applications dÃ©tectÃ©es : ['Agenda', 'Appium Settings', 'ARD Audiothek', 'Audio Bluetooth', 'Crunchyroll', 'Google Assistant', 'Google\xa0ActualitÃ©s', 'Home Assistant', 'Local Media Player', 'Maps', 'ParamÃ¨tres', 'Play\xa0Store', 'Prime Video', 'SMS', 'Spotify']
444444444444444444444'

ğŸ“Œ Liste des applications dÃ©tectÃ©es : ['TestNotificationapk', 'TÃ©lÃ©phone', 'Vivaldi Browser', 'YouTube']
6666666666666666666
ğŸ”„ Swipe en cours...
2222222222222222

ğŸ“Œ Liste des applications dÃ©tectÃ©es : ['TestNotificationapk', 'TÃ©lÃ©phone', 'Vivaldi Browser', 'YouTube']
3333333333333333333
903 209 1012 247</msg>
<msg time="2025-03-26T13:41:11.055453" level="INFO">${resultat} = True</msg>
<var>${resultat}</var>
<arg>${driver}</arg>
<arg>YouTube</arg>
<status status="PASS" start="2025-03-26T13:40:42.666785" elapsed="28.388694"/>
</kw>
<kw name="Should Be True" owner="BuiltIn">
<arg>${resultat}</arg>
<arg>L'activitÃ© YouTube n'est pas trouvÃ©e.</arg>
<doc>Fails if the given condition is not true.</doc>
<status status="PASS" start="2025-03-26T13:41:11.055673" elapsed="0.000301"/>
</kw>
<kw name="Print Activity2" owner="Integration">
<msg time="2025-03-26T13:41:11.235081" level="INFO">${Activity} = com.google.android.apps.automotive.youtube/.YoutubeWebviewFallbackActivity</msg>
<var>${Activity}</var>
<arg>${driver}</arg>
<doc>Retourne l'activitÃ© complÃ¨te sous la forme 'com.android.car.messenger/.ui.launcher.MessageLauncherActivity'.</doc>
<status status="PASS" start="2025-03-26T13:41:11.056084" elapsed="0.179100"/>
</kw>
<kw name="Sleep" owner="BuiltIn">
<msg time="2025-03-26T13:41:16.235943" level="INFO">Slept 5 seconds.</msg>
<arg>5s</arg>
<doc>Pauses the test executed for the given time.</doc>
<status status="PASS" start="2025-03-26T13:41:11.235431" elapsed="5.000619"/>
</kw>
<kw name="Log" owner="BuiltIn">
<msg time="2025-03-26T13:41:16.236354" level="INFO">com.google.android.apps.automotive.youtube/.YoutubeWebviewFallbackActivity</msg>
<arg>${Activity}</arg>
<doc>Logs the given message with the given level.</doc>
<status status="PASS" start="2025-03-26T13:41:16.236197" elapsed="0.000192"/>
</kw>
<kw name="Check Element Exists By Id" owner="Integration">
<msg time="2025-03-26T13:41:16.370619" level="INFO">${is_element_present} = True</msg>
<var>${is_element_present}</var>
<arg>${driver}</arg>
<arg>com.google.android.apps.automotive.youtube:id/decor_content_parent</arg>
<doc>VÃ©rifie si un Ã©lÃ©ment existe en utilisant son ID.</doc>
<status status="PASS" start="2025-03-26T13:41:16.236472" elapsed="0.134202"/>
</kw>
<kw name="Should Be True" owner="BuiltIn">
<arg>${is_element_present}</arg>
<arg>L'Ã©lÃ©ment YouTube n'est pas affichÃ©.</arg>
<doc>Fails if the given condition is not true.</doc>
<status status="PASS" start="2025-03-26T13:41:16.370913" elapsed="0.000265"/>
</kw>
<doc>Ce test vÃ©rifie si l'application YouTube peut Ãªtre ouverte et si son activitÃ© est correctement lancÃ©e sur l'appareil Android.</doc>
<status status="PASS" start="2025-03-26T13:40:23.291146" elapsed="53.080168"/>
</test>
<test id="s1-t3" name="Test Modifier Languages" line="39">
<kw name="Setup Driver" owner="Integration">
<msg time="2025-03-26T13:41:21.738524" level="INFO">${driver} = &lt;appium.webdriver.webdriver.WebDriver (session="fa96254c-8e50-46b9-9a52-1da5e7f2f7bd")&gt;</msg>
<var>${driver}</var>
<arg>${Device}</arg>
<doc>Initialise et retourne le driver Appium.</doc>
<status status="PASS" start="2025-03-26T13:41:16.372067" elapsed="5.366567"/>
</kw>
<kw name="Get System Language" owner="Integration">
<msg time="2025-03-26T13:41:21.822220" level="INFO">${lang} = fr</msg>
<var>${lang}</var>
<arg>${Device}</arg>
<status status="PASS" start="2025-03-26T13:41:21.739866" elapsed="0.082414"/>
</kw>
<if>
<branch type="IF" condition="'${lang}' == 'fr'">
<kw name="Set Variable" owner="BuiltIn">
<msg time="2025-03-26T13:41:21.823142" level="INFO">${System} = SystÃ¨me</msg>
<var>${System}</var>
<arg>SystÃ¨me</arg>
<doc>Returns the given values which can then be assigned to a variables.</doc>
<status status="PASS" start="2025-03-26T13:41:21.822918" elapsed="0.000261"/>
</kw>
<kw name="Set Variable" owner="BuiltIn">
<msg time="2025-03-26T13:41:21.823469" level="INFO">${Setting} = ParamÃ¨tres</msg>
<var>${Setting}</var>
<arg>ParamÃ¨tres</arg>
<doc>Returns the given values which can then be assigned to a variables.</doc>
<status status="PASS" start="2025-03-26T13:41:21.823316" elapsed="0.000182"/>
</kw>
<kw name="Set Variable" owner="BuiltIn">
<msg time="2025-03-26T13:41:21.823816" level="INFO">${Langue1} = Langues et saisie</msg>
<var>${Langue1}</var>
<arg>Langues et saisie</arg>
<doc>Returns the given values which can then be assigned to a variables.</doc>
<status status="PASS" start="2025-03-26T13:41:21.823613" elapsed="0.000243"/>
</kw>
<kw name="Set Variable" owner="BuiltIn">
<msg time="2025-03-26T13:41:21.824128" level="INFO">${Langue2} = Langues</msg>
<var>${Langue2}</var>
<arg>Langues</arg>
<doc>Returns the given values which can then be assigned to a variables.</doc>
<status status="PASS" start="2025-03-26T13:41:21.823987" elapsed="0.000169"/>
</kw>
<status status="PASS" start="2025-03-26T13:41:21.822481" elapsed="0.001713"/>
</branch>
<branch type="ELSE">
<kw name="Set Variable" owner="BuiltIn">
<var>${System}</var>
<arg>System</arg>
<doc>Returns the given values which can then be assigned to a variables.</doc>
<status status="NOT RUN" start="2025-03-26T13:41:21.824383" elapsed="0.000022"/>
</kw>
<kw name="Set Variable" owner="BuiltIn">
<var>${Setting}</var>
<arg>Settings</arg>
<doc>Returns the given values which can then be assigned to a variables.</doc>
<status status="NOT RUN" start="2025-03-26T13:41:21.824495" elapsed="0.000018"/>
</kw>
<kw name="Set Variable" owner="BuiltIn">
<var>${Langue1}</var>
<arg>Languages &amp; input</arg>
<doc>Returns the given values which can then be assigned to a variables.</doc>
<status status="NOT RUN" start="2025-03-26T13:41:21.824594" elapsed="0.000016"/>
</kw>
<kw name="Set Variable" owner="BuiltIn">
<var>${Langue2}</var>
<arg>Languages</arg>
<doc>Returns the given values which can then be assigned to a variables.</doc>
<status status="NOT RUN" start="2025-03-26T13:41:21.824730" elapsed="0.000020"/>
</kw>
<status status="NOT RUN" start="2025-03-26T13:41:21.824262" elapsed="0.000520"/>
</branch>
<status status="PASS" start="2025-03-26T13:41:21.822412" elapsed="0.002406"/>
</if>
<kw name="Revenir A La Home Page" owner="Integration">
<msg time="2025-03-26T13:41:36.773221" level="INFO">ğŸ“Œ Liste des applications dÃ©tectÃ©es : ['Agenda', 'Appium Settings', 'ARD Audiothek', 'Audio Bluetooth', 'Crunchyroll', 'Google Assistant', 'Google\xa0ActualitÃ©s', 'Home Assistant', 'Local Media Player', 'Maps', 'ParamÃ¨tres', 'Play\xa0Store', 'Prime Video', 'SMS', 'Spotify']
ğŸ“Œ First Home Page dÃ©tectÃ©e : ['Agenda', 'Appium Settings', 'ARD Audiothek', 'Audio Bluetooth', 'Crunchyroll', 'Google Assistant', 'Google\xa0ActualitÃ©s', 'Home Assistant', 'Local Media Player', 'Maps', 'ParamÃ¨tres', 'Play\xa0Store', 'Prime Video', 'SMS', 'Spotify']

ğŸ“Œ Liste des applications dÃ©tectÃ©es : ['Agenda', 'Appium Settings', 'ARD Audiothek', 'Audio Bluetooth', 'Crunchyroll', 'Google Assistant', 'Google\xa0ActualitÃ©s', 'Home Assistant', 'Local Media Player', 'Maps', 'ParamÃ¨tres', 'Play\xa0Store', 'Prime Video', 'SMS', 'Spotify']
âœ… Retour Ã  la first home page !</msg>
<arg>${driver}</arg>
<status status="PASS" start="2025-03-26T13:41:21.824907" elapsed="14.948496"/>
</kw>
<kw name="Open Application With Click" owner="Integration">
<msg time="2025-03-26T13:41:59.615780" level="INFO">ğŸ“Œ Liste des applications dÃ©tectÃ©es : ['Agenda', 'Appium Settings', 'ARD Audiothek', 'Audio Bluetooth', 'Crunchyroll', 'Google Assistant', 'Google\xa0ActualitÃ©s', 'Home Assistant', 'Local Media Player', 'Maps', 'ParamÃ¨tres', 'Play\xa0Store', 'Prime Video', 'SMS', 'Spotify']
ğŸ“Œ First Home Page dÃ©tectÃ©e : ['Agenda', 'Appium Settings', 'ARD Audiothek', 'Audio Bluetooth', 'Crunchyroll', 'Google Assistant', 'Google\xa0ActualitÃ©s', 'Home Assistant', 'Local Media Player', 'Maps', 'ParamÃ¨tres', 'Play\xa0Store', 'Prime Video', 'SMS', 'Spotify']

ğŸ“Œ Liste des applications dÃ©tectÃ©es : ['Agenda', 'Appium Settings', 'ARD Audiothek', 'Audio Bluetooth', 'Crunchyroll', 'Google Assistant', 'Google\xa0ActualitÃ©s', 'Home Assistant', 'Local Media Player', 'Maps', 'ParamÃ¨tres', 'Play\xa0Store', 'Prime Video', 'SMS', 'Spotify']
âœ… Retour Ã  la first home page !
111111111111111111111
2222222222222222

ğŸ“Œ Liste des applications dÃ©tectÃ©es : ['Agenda', 'Appium Settings', 'ARD Audiothek', 'Audio Bluetooth', 'Crunchyroll', 'Google Assistant', 'Google\xa0ActualitÃ©s', 'Home Assistant', 'Local Media Player', 'Maps', 'ParamÃ¨tres', 'Play\xa0Store', 'Prime Video', 'SMS', 'Spotify']
3333333333333333333
125 619 269 657</msg>
<msg time="2025-03-26T13:41:59.615960" level="INFO">${resultat} = True</msg>
<var>${resultat}</var>
<arg>${driver}</arg>
<arg>${Setting}</arg>
<status status="PASS" start="2025-03-26T13:41:36.773615" elapsed="22.842372"/>
</kw>
<kw name="Sleep" owner="BuiltIn">
<msg time="2025-03-26T13:42:00.616516" level="INFO">Slept 1 second.</msg>
<arg>1s</arg>
<doc>Pauses the test executed for the given time.</doc>
<status status="PASS" start="2025-03-26T13:41:59.616146" elapsed="1.000525"/>
</kw>
<kw name="Check Element Exists By Id" owner="Integration">
<msg time="2025-03-26T13:42:00.664133" level="INFO">${Verfier} = True</msg>
<var>${Verfier}</var>
<arg>${driver}</arg>
<arg>${Setting_xpath_id}</arg>
<doc>VÃ©rifie si un Ã©lÃ©ment existe en utilisant son ID.</doc>
<status status="PASS" start="2025-03-26T13:42:00.616834" elapsed="0.047348"/>
</kw>
<kw name="Should Be True" owner="BuiltIn">
<arg>${Verfier}</arg>
<arg>Settings n'est pas affichÃ©.</arg>
<doc>Fails if the given condition is not true.</doc>
<status status="PASS" start="2025-03-26T13:42:00.664356" elapsed="0.000205"/>
</kw>
<kw name="Clique Sur Setting" owner="Integration">
<msg time="2025-03-26T13:42:44.338868" level="INFO">ğŸ“Œ Liste des applications dÃ©tectÃ©es : ['Bluetooth', 'RÃ©seau et Internet', 'Notifications', 'Son', 'Ã‰cran', 'Profils et comptes', 'Position', 'Utiliser le Bluetooth', 'Associer un nouvel appareil']
ğŸ“Œ First Home Page dÃ©tectÃ©e : ['Bluetooth', 'RÃ©seau et Internet', 'Notifications', 'Son', 'Ã‰cran', 'Profils et comptes', 'Position', 'Utiliser le Bluetooth', 'Associer un nouvel appareil']

ğŸ“Œ Liste des applications dÃ©tectÃ©es : ['Bluetooth', 'RÃ©seau et Internet', 'Notifications', 'Son', 'Ã‰cran', 'Profils et comptes', 'Position', 'Utiliser le Bluetooth', 'Associer un nouvel appareil']
âœ… Retour Ã  la first home page !
(0, 76, 550, 696)
###################################
(0, 76, 550, 696)

ğŸ“Œ Liste des settings dÃ©tectÃ©s dans la zone : ['Bluetooth', 'RÃ©seau et Internet', 'Notifications', 'Son', 'Ã‰cran', 'Profils et comptes', 'Position']
First Home Page dÃ©tectÃ©e : ['Bluetooth', 'RÃ©seau et Internet', 'Notifications', 'Son', 'Ã‰cran', 'Profils et comptes', 'Position']
 Swipe effectuÃ©...
(0, 76, 550, 696)
###################################
(0, 76, 550, 696)

ğŸ“Œ Liste des settings dÃ©tectÃ©s dans la zone : ['Profils et comptes', 'Position', 'ConfidentialitÃ©', 'AccessibilitÃ©', 'SÃ©curitÃ©', 'Applis', 'Assistant et voix']
 Swipe effectuÃ©...
(0, 76, 550, 696)
###################################
(0, 76, 550, 696)

ğŸ“Œ Liste des settings dÃ©tectÃ©s dans la zone : ['ConfidentialitÃ©', 'AccessibilitÃ©', 'SÃ©curitÃ©', 'Applis', 'Assistant et voix', 'SystÃ¨me', 'Google']
 SystÃ¨me trouvÃ© ! Appui sur le nom.</msg>
<arg>${driver}</arg>
<arg>${System}</arg>
<arg>${Setting_menu}</arg>
<status status="PASS" start="2025-03-26T13:42:00.664649" elapsed="43.674747"/>
</kw>
<kw name="Clique Sur Setting" owner="Integration">
<msg time="2025-03-26T13:43:19.085684" level="INFO">ğŸ“Œ Liste des applications dÃ©tectÃ©es : ['ConfidentialitÃ©', 'AccessibilitÃ©', 'SÃ©curitÃ©', 'Applis', 'Assistant et voix', 'SystÃ¨me', 'Google', 'Mise Ã  jour du systÃ¨me', 'Langues et saisie', 'UnitÃ©s', 'Date et heure', 'Stockage']
ğŸ“Œ First Home Page dÃ©tectÃ©e : ['ConfidentialitÃ©', 'AccessibilitÃ©', 'SÃ©curitÃ©', 'Applis', 'Assistant et voix', 'SystÃ¨me', 'Google', 'Mise Ã  jour du systÃ¨me', 'Langues et saisie', 'UnitÃ©s', 'Date et heure', 'Stockage']

ğŸ“Œ Liste des applications dÃ©tectÃ©es : ['Bluetooth', 'RÃ©seau et Internet', 'Notifications', 'Son', 'Ã‰cran', 'Profils et comptes', 'Position', 'Mise Ã  jour du systÃ¨me', 'Langues et saisie', 'UnitÃ©s', 'Date et heure', 'Stockage']
ğŸ”„ Swipe en cours...

ğŸ“Œ Liste des applications dÃ©tectÃ©es : ['Bluetooth', 'RÃ©seau et Internet', 'Notifications', 'Son', 'Ã‰cran', 'Profils et comptes', 'Position', 'Mise Ã  jour du systÃ¨me', 'Langues et saisie', 'UnitÃ©s', 'Date et heure', 'Stockage']
âœ… Retour Ã  la first home page !
(551, 172, 1408, 696)
###################################
(551, 172, 1408, 696)

ğŸ“Œ Liste des settings dÃ©tectÃ©s dans la zone : ['Mise Ã  jour du systÃ¨me', 'Langues et saisie', 'UnitÃ©s', 'Date et heure', 'Stockage']
First Home Page dÃ©tectÃ©e : ['Mise Ã  jour du systÃ¨me', 'Langues et saisie', 'UnitÃ©s', 'Date et heure', 'Stockage']
 Langues et saisie trouvÃ© ! Appui sur le nom.</msg>
<arg>${driver}</arg>
<arg>${Langue1}</arg>
<arg>${Setting_system}</arg>
<status status="PASS" start="2025-03-26T13:42:44.339590" elapsed="34.746204"/>
</kw>
<kw name="Clique Sur Setting" owner="Integration">
<msg time="2025-03-26T13:43:44.785003" level="INFO">ğŸ“Œ Liste des applications dÃ©tectÃ©es : ['Bluetooth', 'RÃ©seau et Internet', 'Notifications', 'Son', 'Ã‰cran', 'Profils et comptes', 'Position', 'Langues', 'Service de saisie automatique', 'Clavier', 'SynthÃ¨se vocale']
ğŸ“Œ First Home Page dÃ©tectÃ©e : ['Bluetooth', 'RÃ©seau et Internet', 'Notifications', 'Son', 'Ã‰cran', 'Profils et comptes', 'Position', 'Langues', 'Service de saisie automatique', 'Clavier', 'SynthÃ¨se vocale']

ğŸ“Œ Liste des applications dÃ©tectÃ©es : ['Bluetooth', 'RÃ©seau et Internet', 'Notifications', 'Son', 'Ã‰cran', 'Profils et comptes', 'Position', 'Langues', 'Service de saisie automatique', 'Clavier', 'SynthÃ¨se vocale']
âœ… Retour Ã  la first home page !
(551, 172, 1408, 696)
###################################
(551, 172, 1408, 696)

ğŸ“Œ Liste des settings dÃ©tectÃ©s dans la zone : ['Langues', 'Service de saisie automatique', 'Clavier', 'SynthÃ¨se vocale']
First Home Page dÃ©tectÃ©e : ['Langues', 'Service de saisie automatique', 'Clavier', 'SynthÃ¨se vocale']
 Langues trouvÃ© ! Appui sur le nom.</msg>
<arg>${driver}</arg>
<arg>${Langue2}</arg>
<arg>${Setting_system}</arg>
<status status="PASS" start="2025-03-26T13:43:19.086015" elapsed="25.699120"/>
</kw>
<kw name="Clique Sur Setting" owner="Integration">
<msg time="2025-03-26T13:44:38.630180" level="INFO">ğŸ“Œ Liste des applications dÃ©tectÃ©es : ['Bluetooth', 'RÃ©seau et Internet', 'Notifications', 'Son', 'Ã‰cran', 'Profils et comptes', 'Position', 'Suggestions', '[Ã‰Ã±ÄÄ¼Ã®Å¡Ä¥ one two] ([ÃÅ¡Ã©Ã»Ã°Ã¶â€Ã…Ã§Ã§Ã©Ã±Å£Å¡ one two])', '\u061c\u202eArabic\u202c\u061c (\u061c\u202ePseudo\u202c\u061c-\u061c\u202eBidi\u202c\u061c)', 'CatalÃ  (FranÃ§a)', 'English (United States)']
ğŸ“Œ First Home Page dÃ©tectÃ©e : ['Bluetooth', 'RÃ©seau et Internet', 'Notifications', 'Son', 'Ã‰cran', 'Profils et comptes', 'Position', 'Suggestions', '[Ã‰Ã±ÄÄ¼Ã®Å¡Ä¥ one two] ([ÃÅ¡Ã©Ã»Ã°Ã¶â€Ã…Ã§Ã§Ã©Ã±Å£Å¡ one two])', '\u061c\u202eArabic\u202c\u061c (\u061c\u202ePseudo\u202c\u061c-\u061c\u202eBidi\u202c\u061c)', 'CatalÃ  (FranÃ§a)', 'English (United States)']

ğŸ“Œ Liste des applications dÃ©tectÃ©es : ['Bluetooth', 'RÃ©seau et Internet', 'Notifications', 'Son', 'Ã‰cran', 'Profils et comptes', 'Position', 'Suggestions', '[Ã‰Ã±ÄÄ¼Ã®Å¡Ä¥ one two] ([ÃÅ¡Ã©Ã»Ã°Ã¶â€Ã…Ã§Ã§Ã©Ã±Å£Å¡ one two])', '\u061c\u202eArabic\u202c\u061c (\u061c\u202ePseudo\u202c\u061c-\u061c\u202eBidi\u202c\u061c)', 'CatalÃ  (FranÃ§a)', 'English (United States)']
âœ… Retour Ã  la first home page !
(551, 172, 1408, 696)
###################################
(551, 172, 1408, 696)

ğŸ“Œ Liste des settings dÃ©tectÃ©s dans la zone : ['Suggestions', '[Ã‰Ã±ÄÄ¼Ã®Å¡Ä¥ one two] ([ÃÅ¡Ã©Ã»Ã°Ã¶â€Ã…Ã§Ã§Ã©Ã±Å£Å¡ one two])', '\u061c\u202eArabic\u202c\u061c (\u061c\u202ePseudo\u202c\u061c-\u061c\u202eBidi\u202c\u061c)', 'CatalÃ  (FranÃ§a)', 'English (United States)']
First Home Page dÃ©tectÃ©e : ['Suggestions', '[Ã‰Ã±ÄÄ¼Ã®Å¡Ä¥ one two] ([ÃÅ¡Ã©Ã»Ã°Ã¶â€Ã…Ã§Ã§Ã©Ã±Å£Å¡ one two])', '\u061c\u202eArabic\u202c\u061c (\u061c\u202ePseudo\u202c\u061c-\u061c\u202eBidi\u202c\u061c)', 'CatalÃ  (FranÃ§a)', 'English (United States)']
 Swipe effectuÃ©...
(551, 172, 1408, 696)
###################################
(551, 172, 1408, 696)

ğŸ“Œ Liste des settings dÃ©tectÃ©s dans la zone : ['English (United States)', 'EspaÃ±ol (Estados Unidos)', 'FranÃ§ais (France)', 'Toutes les langues', 'Afrikaans']
 Swipe effectuÃ©...
(551, 172, 1408, 696)
###################################
(551, 172, 1408, 696)

ğŸ“Œ Liste des settings dÃ©tectÃ©s dans la zone : ['Afrikaans', 'AzÉ™rbaycan (latÄ±n)', 'Bosanski (latinica)', 'CatalÃ ', 'ÄŒeÅ¡tina']
 Swipe effectuÃ©...
(551, 172, 1408, 696)
###################################
(551, 172, 1408, 696)

ğŸ“Œ Liste des settings dÃ©tectÃ©s dans la zone : ['ÄŒeÅ¡tina', 'Dansk', 'Deutsch', 'Eesti', 'English']
 English trouvÃ© ! Appui sur le nom.</msg>
<arg>${driver}</arg>
<arg>English</arg>
<arg>${Setting_system}</arg>
<status status="PASS" start="2025-03-26T13:43:44.785338" elapsed="53.844947"/>
</kw>
<kw name="Clique Sur Setting" owner="Integration">
<msg time="2025-03-26T13:45:09.307960" level="INFO">ğŸ“Œ Liste des applications dÃ©tectÃ©es : ['Bluetooth', 'RÃ©seau et Internet', 'Notifications', 'Son', 'Ã‰cran', 'Profils et comptes', 'Position', 'Suggestions', '[Ã‰Ã±ÄÄ¼Ã®Å¡Ä¥ one two] ([ÃÅ¡Ã©Ã»Ã°Ã¶â€Ã…Ã§Ã§Ã©Ã±Å£Å¡ one two])', 'English (Australia)', 'English (Canada)', 'English (India)']
ğŸ“Œ First Home Page dÃ©tectÃ©e : ['Bluetooth', 'RÃ©seau et Internet', 'Notifications', 'Son', 'Ã‰cran', 'Profils et comptes', 'Position', 'Suggestions', '[Ã‰Ã±ÄÄ¼Ã®Å¡Ä¥ one two] ([ÃÅ¡Ã©Ã»Ã°Ã¶â€Ã…Ã§Ã§Ã©Ã±Å£Å¡ one two])', 'English (Australia)', 'English (Canada)', 'English (India)']

ğŸ“Œ Liste des applications dÃ©tectÃ©es : ['Bluetooth', 'RÃ©seau et Internet', 'Notifications', 'Son', 'Ã‰cran', 'Profils et comptes', 'Position', 'Suggestions', '[Ã‰Ã±ÄÄ¼Ã®Å¡Ä¥ one two] ([ÃÅ¡Ã©Ã»Ã°Ã¶â€Ã…Ã§Ã§Ã©Ã±Å£Å¡ one two])', 'English (Australia)', 'English (Canada)', 'English (India)']
âœ… Retour Ã  la first home page !
(551, 172, 1408, 696)
###################################
(551, 172, 1408, 696)

ğŸ“Œ Liste des settings dÃ©tectÃ©s dans la zone : ['Suggestions', '[Ã‰Ã±ÄÄ¼Ã®Å¡Ä¥ one two] ([ÃÅ¡Ã©Ã»Ã°Ã¶â€Ã…Ã§Ã§Ã©Ã±Å£Å¡ one two])', 'English (Australia)', 'English (Canada)', 'English (India)']
First Home Page dÃ©tectÃ©e : ['Suggestions', '[Ã‰Ã±ÄÄ¼Ã®Å¡Ä¥ one two] ([ÃÅ¡Ã©Ã»Ã°Ã¶â€Ã…Ã§Ã§Ã©Ã±Å£Å¡ one two])', 'English (Australia)', 'English (Canada)', 'English (India)']
 Swipe effectuÃ©...
(551, 172, 1408, 696)
###################################
(551, 172, 1408, 696)

ğŸ“Œ Liste des settings dÃ©tectÃ©s dans la zone : ['English (India)', 'English (United Kingdom)', 'English (United States)', 'Toutes les langues', 'English (American Samoa)']
 English (United States) trouvÃ© ! Appui sur le nom.</msg>
<arg>${driver}</arg>
<arg>English (United States)</arg>
<arg>${Setting_system}</arg>
<status status="PASS" start="2025-03-26T13:44:38.630437" elapsed="30.677632"/>
</kw>
<kw name="Sleep" owner="BuiltIn">
<msg time="2025-03-26T13:45:13.308602" level="INFO">Slept 4 seconds.</msg>
<arg>4s</arg>
<doc>Pauses the test executed for the given time.</doc>
<status status="PASS" start="2025-03-26T13:45:09.308298" elapsed="4.000441"/>
</kw>
<kw name="Check Language Change" owner="Integration">
<msg time="2025-03-26T13:45:13.375898" level="INFO">CompletedProcess(args=['adb', '-s', 'emulator-5554', 'shell', 'settings', 'get', 'system', 'system_locales'], returncode=0, stdout='en-US\n', stderr='')
ğŸ”„ La langue a Ã©tÃ© modifiÃ©e : en-US</msg>
<msg time="2025-03-26T13:45:13.376156" level="INFO">${verfieadb} = True</msg>
<var>${verfieadb}</var>
<arg>${Device}</arg>
<arg>en-US</arg>
<status status="PASS" start="2025-03-26T13:45:13.308922" elapsed="0.067271"/>
</kw>
<kw name="Should Be True" owner="BuiltIn">
<arg>${verfieadb}</arg>
<arg>Modifier Languages ne s'active pas (via adb).</arg>
<doc>Fails if the given condition is not true.</doc>
<status status="PASS" start="2025-03-26T13:45:13.376391" elapsed="0.000306"/>
</kw>
<kw name="Get System Language" owner="Integration">
<msg time="2025-03-26T13:45:13.434196" level="INFO">${lang} = eng</msg>
<var>${lang}</var>
<arg>${Device}</arg>
<status status="PASS" start="2025-03-26T13:45:13.376804" elapsed="0.057454"/>
</kw>
<if>
<branch type="IF" condition="'${lang}' == 'fr'">
<kw name="Set Variable" owner="BuiltIn">
<var>${System}</var>
<arg>SystÃ¨me</arg>
<doc>Returns the given values which can then be assigned to a variables.</doc>
<status status="NOT RUN" start="2025-03-26T13:45:13.434809" elapsed="0.000022"/>
</kw>
<kw name="Set Variable" owner="BuiltIn">
<var>${Setting}</var>
<arg>ParamÃ¨tres</arg>
<doc>Returns the given values which can then be assigned to a variables.</doc>
<status status="NOT RUN" start="2025-03-26T13:45:13.434917" elapsed="0.000014"/>
</kw>
<kw name="Set Variable" owner="BuiltIn">
<var>${Langue1}</var>
<arg>Langues et saisie</arg>
<doc>Returns the given values which can then be assigned to a variables.</doc>
<status status="NOT RUN" start="2025-03-26T13:45:13.434997" elapsed="0.000013"/>
</kw>
<kw name="Set Variable" owner="BuiltIn">
<var>${Langue2}</var>
<arg>Langues</arg>
<doc>Returns the given values which can then be assigned to a variables.</doc>
<status status="NOT RUN" start="2025-03-26T13:45:13.435089" elapsed="0.000026"/>
</kw>
<status status="NOT RUN" start="2025-03-26T13:45:13.434484" elapsed="0.000659"/>
</branch>
<branch type="ELSE">
<kw name="Set Variable" owner="BuiltIn">
<msg time="2025-03-26T13:45:13.435392" level="INFO">${System} = System</msg>
<var>${System}</var>
<arg>System</arg>
<doc>Returns the given values which can then be assigned to a variables.</doc>
<status status="PASS" start="2025-03-26T13:45:13.435241" elapsed="0.000171"/>
</kw>
<kw name="Set Variable" owner="BuiltIn">
<msg time="2025-03-26T13:45:13.435679" level="INFO">${Setting} = Settings</msg>
<var>${Setting}</var>
<arg>Settings</arg>
<doc>Returns the given values which can then be assigned to a variables.</doc>
<status status="PASS" start="2025-03-26T13:45:13.435494" elapsed="0.000207"/>
</kw>
<kw name="Set Variable" owner="BuiltIn">
<msg time="2025-03-26T13:45:13.435865" level="INFO">${Langue1} = Languages &amp; input</msg>
<var>${Langue1}</var>
<arg>Languages &amp; input</arg>
<doc>Returns the given values which can then be assigned to a variables.</doc>
<status status="PASS" start="2025-03-26T13:45:13.435781" elapsed="0.000101"/>
</kw>
<kw name="Set Variable" owner="BuiltIn">
<msg time="2025-03-26T13:45:13.436054" level="INFO">${Langue2} = Languages</msg>
<var>${Langue2}</var>
<arg>Languages</arg>
<doc>Returns the given values which can then be assigned to a variables.</doc>
<status status="PASS" start="2025-03-26T13:45:13.435955" elapsed="0.000118"/>
</kw>
<status status="PASS" start="2025-03-26T13:45:13.435168" elapsed="0.000958"/>
</branch>
<status status="PASS" start="2025-03-26T13:45:13.434429" elapsed="0.001743"/>
</if>
<kw name="Revenir A La Home Page" owner="Integration">
<msg time="2025-03-26T13:45:28.814389" level="INFO">ğŸ“Œ Liste des applications dÃ©tectÃ©es : ['Calendar', 'Appium Settings', 'ARD Audiothek', 'Bluetooth Audio', 'Crunchyroll', 'Google Assistant', 'News', 'Home Assistant', 'Local Media Player', 'Maps', 'Settings', 'Play Store', 'Prime Video', 'SMS', 'Spotify']
ğŸ“Œ First Home Page dÃ©tectÃ©e : ['Calendar', 'Appium Settings', 'ARD Audiothek', 'Bluetooth Audio', 'Crunchyroll', 'Google Assistant', 'News', 'Home Assistant', 'Local Media Player', 'Maps', 'Settings', 'Play Store', 'Prime Video', 'SMS', 'Spotify']

ğŸ“Œ Liste des applications dÃ©tectÃ©es : ['Calendar', 'Appium Settings', 'ARD Audiothek', 'Bluetooth Audio', 'Crunchyroll', 'Google Assistant', 'News', 'Home Assistant', 'Local Media Player', 'Maps', 'Settings', 'Play Store', 'Prime Video', 'SMS', 'Spotify']
âœ… Retour Ã  la first home page !</msg>
<arg>${driver}</arg>
<status status="PASS" start="2025-03-26T13:45:13.436283" elapsed="15.378230"/>
</kw>
<kw name="Open Application With Click" owner="Integration">
<msg time="2025-03-26T13:45:51.223850" level="INFO">ğŸ“Œ Liste des applications dÃ©tectÃ©es : []
ğŸ“Œ First Home Page dÃ©tectÃ©e : []

ğŸ“Œ Liste des applications dÃ©tectÃ©es : ['Calendar', 'Appium Settings', 'ARD Audiothek', 'Bluetooth Audio', 'Crunchyroll', 'Google Assistant', 'News', 'Home Assistant', 'Local Media Player', 'Maps', 'Settings', 'Play Store', 'Prime Video', 'SMS', 'Spotify']
ğŸ”„ Swipe en cours...

ğŸ“Œ Liste des applications dÃ©tectÃ©es : ['Calendar', 'Appium Settings', 'ARD Audiothek', 'Bluetooth Audio', 'Crunchyroll', 'Google Assistant', 'News', 'Home Assistant', 'Local Media Player', 'Maps', 'Settings', 'Play Store', 'Prime Video', 'SMS', 'Spotify']
âœ… Retour Ã  la first home page !
111111111111111111111
2222222222222222

ğŸ“Œ Liste des applications dÃ©tectÃ©es : ['Calendar', 'Appium Settings', 'ARD Audiothek', 'Bluetooth Audio', 'Crunchyroll', 'Google Assistant', 'News', 'Home Assistant', 'Local Media Player', 'Maps', 'Settings', 'Play Store', 'Prime Video', 'SMS', 'Spotify']
3333333333333333333
146 619 248 657</msg>
<msg time="2025-03-26T13:45:51.224095" level="INFO">${resultat} = True</msg>
<var>${resultat}</var>
<arg>${driver}</arg>
<arg>${Setting}</arg>
<status status="PASS" start="2025-03-26T13:45:28.814778" elapsed="22.409352"/>
</kw>
<kw name="Sleep" owner="BuiltIn">
<msg time="2025-03-26T13:45:52.224727" level="INFO">Slept 1 second.</msg>
<arg>1s</arg>
<doc>Pauses the test executed for the given time.</doc>
<status status="PASS" start="2025-03-26T13:45:51.224360" elapsed="1.000518"/>
</kw>
<kw name="Check Element Exists By Id" owner="Integration">
<msg time="2025-03-26T13:45:52.385474" level="INFO">${Verfier} = True</msg>
<var>${Verfier}</var>
<arg>${driver}</arg>
<arg>${Setting_xpath_id}</arg>
<doc>VÃ©rifie si un Ã©lÃ©ment existe en utilisant son ID.</doc>
<status status="PASS" start="2025-03-26T13:45:52.225062" elapsed="0.160478"/>
</kw>
<kw name="Should Be True" owner="BuiltIn">
<arg>${Verfier}</arg>
<arg>Settings n'est pas affichÃ©.</arg>
<doc>Fails if the given condition is not true.</doc>
<status status="PASS" start="2025-03-26T13:45:52.385776" elapsed="0.000358"/>
</kw>
<kw name="Clique Sur Setting" owner="Integration">
<msg time="2025-03-26T13:46:36.223657" level="INFO">ğŸ“Œ Liste des applications dÃ©tectÃ©es : ['Location', 'Privacy', 'Accessibility', 'Security', 'Apps', 'Assistant &amp; voice', 'System', 'Languages', 'Autofill service', 'Keyboard', 'Text-to-speech output']
ğŸ“Œ First Home Page dÃ©tectÃ©e : ['Location', 'Privacy', 'Accessibility', 'Security', 'Apps', 'Assistant &amp; voice', 'System', 'Languages', 'Autofill service', 'Keyboard', 'Text-to-speech output']

ğŸ“Œ Liste des applications dÃ©tectÃ©es : ['Network &amp; internet', 'Notifications', 'Sound', 'Display', 'Profiles &amp; accounts', 'Location', 'Privacy', 'Languages', 'Autofill service', 'Keyboard', 'Text-to-speech output']
ğŸ”„ Swipe en cours...

ğŸ“Œ Liste des applications dÃ©tectÃ©es : ['Bluetooth', 'Network &amp; internet', 'Notifications', 'Sound', 'Display', 'Profiles &amp; accounts', 'Location', 'Languages', 'Autofill service', 'Keyboard', 'Text-to-speech output']
ğŸ”„ Swipe en cours...

ğŸ“Œ Liste des applications dÃ©tectÃ©es : ['Bluetooth', 'Network &amp; internet', 'Notifications', 'Sound', 'Display', 'Profiles &amp; accounts', 'Location', 'Languages', 'Autofill service', 'Keyboard', 'Text-to-speech output']
âœ… Retour Ã  la first home page !
(0, 76, 550, 696)
###################################
(0, 76, 550, 696)

ğŸ“Œ Liste des settings dÃ©tectÃ©s dans la zone : ['Bluetooth', 'Network &amp; internet', 'Notifications', 'Sound', 'Display', 'Profiles &amp; accounts', 'Location']
First Home Page dÃ©tectÃ©e : ['Bluetooth', 'Network &amp; internet', 'Notifications', 'Sound', 'Display', 'Profiles &amp; accounts', 'Location']
 Swipe effectuÃ©...
(0, 76, 550, 696)
###################################
(0, 76, 550, 696)

ğŸ“Œ Liste des settings dÃ©tectÃ©s dans la zone : ['Location', 'Privacy', 'Accessibility', 'Security', 'Apps', 'Assistant &amp; voice', 'System']
 System trouvÃ© ! Appui sur le nom.</msg>
<arg>${driver}</arg>
<arg>${System}</arg>
<arg>${Setting_menu}</arg>
<status status="PASS" start="2025-03-26T13:45:52.386307" elapsed="43.837973"/>
</kw>
<kw name="Clique Sur Setting" owner="Integration">
<msg time="2025-03-26T13:47:05.660057" level="INFO">ğŸ“Œ Liste des applications dÃ©tectÃ©es : ['Location', 'Privacy', 'Accessibility', 'Security', 'Apps', 'Assistant &amp; voice', 'System', 'System update', 'Languages &amp; input', 'Units', 'Date &amp; time', 'Storage']
ğŸ“Œ First Home Page dÃ©tectÃ©e : ['Location', 'Privacy', 'Accessibility', 'Security', 'Apps', 'Assistant &amp; voice', 'System', 'System update', 'Languages &amp; input', 'Units', 'Date &amp; time', 'Storage']

ğŸ“Œ Liste des applications dÃ©tectÃ©es : ['Bluetooth', 'Network &amp; internet', 'Notifications', 'Sound', 'Display', 'Profiles &amp; accounts', 'Location', 'System update', 'Languages &amp; input', 'Units', 'Date &amp; time', 'Storage']
ğŸ”„ Swipe en cours...

ğŸ“Œ Liste des applications dÃ©tectÃ©es : ['Bluetooth', 'Network &amp; internet', 'Notifications', 'Sound', 'Display', 'Profiles &amp; accounts', 'Location', 'System update', 'Languages &amp; input', 'Units', 'Date &amp; time', 'Storage']
âœ… Retour Ã  la first home page !
(551, 172, 1408, 696)
###################################
(551, 172, 1408, 696)

ğŸ“Œ Liste des settings dÃ©tectÃ©s dans la zone : ['System update', 'Languages &amp; input', 'Units', 'Date &amp; time', 'Storage']
First Home Page dÃ©tectÃ©e : ['System update', 'Languages &amp; input', 'Units', 'Date &amp; time', 'Storage']
 Languages &amp; input trouvÃ© ! Appui sur le nom.</msg>
<arg>${driver}</arg>
<arg>${Langue1}</arg>
<arg>${Setting_system}</arg>
<status status="PASS" start="2025-03-26T13:46:36.224524" elapsed="29.435767"/>
</kw>
<kw name="Clique Sur Setting" owner="Integration">
<msg time="2025-03-26T13:47:34.017351" level="INFO">ğŸ“Œ Liste des applications dÃ©tectÃ©es : ['Bluetooth', 'Network &amp; internet', 'Notifications', 'Sound', 'Display', 'Profiles &amp; accounts', 'Location', 'Languages', 'Autofill service', 'Keyboard', 'Text-to-speech output']
ğŸ“Œ First Home Page dÃ©tectÃ©e : ['Bluetooth', 'Network &amp; internet', 'Notifications', 'Sound', 'Display', 'Profiles &amp; accounts', 'Location', 'Languages', 'Autofill service', 'Keyboard', 'Text-to-speech output']

ğŸ“Œ Liste des applications dÃ©tectÃ©es : ['Bluetooth', 'Network &amp; internet', 'Notifications', 'Sound', 'Display', 'Profiles &amp; accounts', 'Location', 'Languages', 'Autofill service', 'Keyboard', 'Text-to-speech output']
âœ… Retour Ã  la first home page !
(551, 172, 1408, 696)
###################################
(551, 172, 1408, 696)

ğŸ“Œ Liste des settings dÃ©tectÃ©s dans la zone : ['Languages', 'Autofill service', 'Keyboard', 'Text-to-speech output']
First Home Page dÃ©tectÃ©e : ['Languages', 'Autofill service', 'Keyboard', 'Text-to-speech output']
 Languages trouvÃ© ! Appui sur le nom.</msg>
<arg>${driver}</arg>
<arg>${Langue2}</arg>
<arg>${Setting_system}</arg>
<status status="PASS" start="2025-03-26T13:47:05.660535" elapsed="28.357040"/>
</kw>
<kw name="Clique Sur Setting" owner="Integration">
<msg time="2025-03-26T13:48:35.882274" level="INFO">ğŸ“Œ Liste des applications dÃ©tectÃ©es : ['Bluetooth', 'Network &amp; internet', 'Notifications', 'Sound', 'Display', 'Profiles &amp; accounts', 'Location', 'Suggested', '[Ã‰Ã±ÄÄ¼Ã®Å¡Ä¥ one two] ([ÃÅ¡Ã©Ã»Ã°Ã¶â€Ã…Ã§Ã§Ã©Ã±Å£Å¡ one two])', '\u061c\u202eArabic\u202c\u061c (\u061c\u202ePseudo\u202c\u061c-\u061c\u202eBidi\u202c\u061c)', 'CatalÃ  (FranÃ§a)', 'English (United States)']
ğŸ“Œ First Home Page dÃ©tectÃ©e : ['Bluetooth', 'Network &amp; internet', 'Notifications', 'Sound', 'Display', 'Profiles &amp; accounts', 'Location', 'Suggested', '[Ã‰Ã±ÄÄ¼Ã®Å¡Ä¥ one two] ([ÃÅ¡Ã©Ã»Ã°Ã¶â€Ã…Ã§Ã§Ã©Ã±Å£Å¡ one two])', '\u061c\u202eArabic\u202c\u061c (\u061c\u202ePseudo\u202c\u061c-\u061c\u202eBidi\u202c\u061c)', 'CatalÃ  (FranÃ§a)', 'English (United States)']

ğŸ“Œ Liste des applications dÃ©tectÃ©es : ['Bluetooth', 'Network &amp; internet', 'Notifications', 'Sound', 'Display', 'Profiles &amp; accounts', 'Location', 'Suggested', '[Ã‰Ã±ÄÄ¼Ã®Å¡Ä¥ one two] ([ÃÅ¡Ã©Ã»Ã°Ã¶â€Ã…Ã§Ã§Ã©Ã±Å£Å¡ one two])', '\u061c\u202eArabic\u202c\u061c (\u061c\u202ePseudo\u202c\u061c-\u061c\u202eBidi\u202c\u061c)', 'CatalÃ  (FranÃ§a)', 'English (United States)']
âœ… Retour Ã  la first home page !
(551, 172, 1408, 696)
###################################
(551, 172, 1408, 696)

ğŸ“Œ Liste des settings dÃ©tectÃ©s dans la zone : ['Suggested', '[Ã‰Ã±ÄÄ¼Ã®Å¡Ä¥ one two] ([ÃÅ¡Ã©Ã»Ã°Ã¶â€Ã…Ã§Ã§Ã©Ã±Å£Å¡ one two])', '\u061c\u202eArabic\u202c\u061c (\u061c\u202ePseudo\u202c\u061c-\u061c\u202eBidi\u202c\u061c)', 'CatalÃ  (FranÃ§a)', 'English (United States)']
First Home Page dÃ©tectÃ©e : ['Suggested', '[Ã‰Ã±ÄÄ¼Ã®Å¡Ä¥ one two] ([ÃÅ¡Ã©Ã»Ã°Ã¶â€Ã…Ã§Ã§Ã©Ã±Å£Å¡ one two])', '\u061c\u202eArabic\u202c\u061c (\u061c\u202ePseudo\u202c\u061c-\u061c\u202eBidi\u202c\u061c)', 'CatalÃ  (FranÃ§a)', 'English (United States)']
 Swipe effectuÃ©...
(551, 172, 1408, 696)
###################################
(551, 172, 1408, 696)

ğŸ“Œ Liste des settings dÃ©tectÃ©s dans la zone : ['CatalÃ  (FranÃ§a)', 'English (United States)', 'EspaÃ±ol (Estados Unidos)', 'FranÃ§ais (France)', 'All languages']
 Swipe effectuÃ©...
(551, 172, 1408, 696)
###################################
(551, 172, 1408, 696)

ğŸ“Œ Liste des settings dÃ©tectÃ©s dans la zone : ['FranÃ§ais (France)', 'All languages', 'Afrikaans', 'AzÉ™rbaycan (latÄ±n)', 'Bosanski (latinica)']
 Swipe effectuÃ©...
(551, 172, 1408, 696)
###################################
(551, 172, 1408, 696)

ğŸ“Œ Liste des settings dÃ©tectÃ©s dans la zone : ['Bosanski (latinica)', 'CatalÃ ', 'ÄŒeÅ¡tina', 'Dansk', 'Deutsch']
 Swipe effectuÃ©...
(551, 172, 1408, 696)
###################################
(551, 172, 1408, 696)

ğŸ“Œ Liste des settings dÃ©tectÃ©s dans la zone : ['Deutsch', 'Eesti', 'English', 'EspaÃ±ol', 'Euskara']
 Swipe effectuÃ©...
(551, 172, 1408, 696)
###################################
(551, 172, 1408, 696)

ğŸ“Œ Liste des settings dÃ©tectÃ©s dans la zone : ['EspaÃ±ol', 'Euskara', 'Filipino', 'FranÃ§ais', 'Galego']
 FranÃ§ais trouvÃ© ! Appui sur le nom.</msg>
<arg>${driver}</arg>
<arg>FranÃ§ais</arg>
<arg>${Setting_system}</arg>
<status status="PASS" start="2025-03-26T13:47:34.017812" elapsed="61.864568"/>
</kw>
<kw name="Clique Sur Setting" owner="Integration">
<msg time="2025-03-26T13:48:57.122228" level="INFO">ğŸ“Œ Liste des applications dÃ©tectÃ©es : ['Bluetooth', 'Network &amp; internet', 'Notifications', 'Sound', 'Display', 'Profiles &amp; accounts', 'Location', 'Suggested', 'FranÃ§ais (Canada)', 'FranÃ§ais (France)', 'All languages', 'FranÃ§ais (AlgÃ©rie)']
ğŸ“Œ First Home Page dÃ©tectÃ©e : ['Bluetooth', 'Network &amp; internet', 'Notifications', 'Sound', 'Display', 'Profiles &amp; accounts', 'Location', 'Suggested', 'FranÃ§ais (Canada)', 'FranÃ§ais (France)', 'All languages', 'FranÃ§ais (AlgÃ©rie)']

ğŸ“Œ Liste des applications dÃ©tectÃ©es : ['Bluetooth', 'Network &amp; internet', 'Notifications', 'Sound', 'Display', 'Profiles &amp; accounts', 'Location', 'Suggested', 'FranÃ§ais (Canada)', 'FranÃ§ais (France)', 'All languages', 'FranÃ§ais (AlgÃ©rie)']
âœ… Retour Ã  la first home page !
(551, 172, 1408, 696)
###################################
(551, 172, 1408, 696)

ğŸ“Œ Liste des settings dÃ©tectÃ©s dans la zone : ['Suggested', 'FranÃ§ais (Canada)', 'FranÃ§ais (France)', 'All languages', 'FranÃ§ais (AlgÃ©rie)']
First Home Page dÃ©tectÃ©e : ['Suggested', 'FranÃ§ais (Canada)', 'FranÃ§ais (France)', 'All languages', 'FranÃ§ais (AlgÃ©rie)']
 FranÃ§ais (France) trouvÃ© ! Appui sur le nom.</msg>
<arg>${driver}</arg>
<arg>FranÃ§ais (France)</arg>
<arg>${Setting_system}</arg>
<status status="PASS" start="2025-03-26T13:48:35.882527" elapsed="21.239830"/>
</kw>
<kw name="Sleep" owner="BuiltIn">
<msg time="2025-03-26T13:49:01.123022" level="INFO">Slept 4 seconds.</msg>
<arg>4s</arg>
<doc>Pauses the test executed for the given time.</doc>
<status status="PASS" start="2025-03-26T13:48:57.122583" elapsed="4.000574"/>
</kw>
<kw name="Check Language Change" owner="Integration">
<msg time="2025-03-26T13:49:01.200848" level="INFO">CompletedProcess(args=['adb', '-s', 'emulator-5554', 'shell', 'settings', 'get', 'system', 'system_locales'], returncode=0, stdout='fr-FR\n', stderr='')
ğŸ”„ La langue a Ã©tÃ© modifiÃ©e : fr-FR</msg>
<msg time="2025-03-26T13:49:01.201387" level="INFO">${verfieadb} = True</msg>
<var>${verfieadb}</var>
<arg>${Device}</arg>
<arg>fr-FR</arg>
<status status="PASS" start="2025-03-26T13:49:01.123351" elapsed="0.078079"/>
</kw>
<kw name="Should Be True" owner="BuiltIn">
<arg>${verfieadb}</arg>
<arg>Modifier Languages ne s'active pas (via adb).</arg>
<doc>Fails if the given condition is not true.</doc>
<status status="PASS" start="2025-03-26T13:49:01.201581" elapsed="0.000199"/>
</kw>
<doc>Ce test vÃ©rifie si la modification de la langue du systÃ¨me fonctionne correctement sur l'appareil, en fonction de la langue actuelle de l'appareil.</doc>
<status status="PASS" start="2025-03-26T13:41:16.371583" elapsed="464.830281"/>
</test>
<test id="s1-t4" name="Test Notification RÃ©ception" line="98">
<kw name="Setup Driver" owner="Integration">
<msg time="2025-03-26T13:49:08.111830" level="INFO">${driver} = &lt;appium.webdriver.webdriver.WebDriver (session="94aec40b-57d7-4e2d-acaa-6f4238657b32")&gt;</msg>
<var>${driver}</var>
<arg>${Device}</arg>
<doc>Initialise et retourne le driver Appium.</doc>
<status status="PASS" start="2025-03-26T13:49:01.202681" elapsed="6.909192"/>
</kw>
<kw name="Install Apk" owner="Integration">
<msg time="2025-03-26T13:49:09.530856" level="INFO">Installation rÃ©ussie : Performing Streamed Install
Success</msg>
<arg>${driver}</arg>
<arg>automotive-Notification_Test.apk</arg>
<doc>Installe un fichier APK sur un appareil Android via ADB.</doc>
<status status="PASS" start="2025-03-26T13:49:08.112074" elapsed="1.418884"/>
</kw>
<kw name="Is App Installed" owner="Integration">
<msg time="2025-03-26T13:49:09.709383" level="INFO">${isIns} = True</msg>
<var>${isIns}</var>
<arg>${driver}</arg>
<arg>actia.pfe25.testnotificationapk</arg>
<doc>VÃ©rifie si une application est installÃ©e sur l'appareil via ADB.</doc>
<status status="PASS" start="2025-03-26T13:49:09.531117" elapsed="0.178310"/>
</kw>
<kw name="Log" owner="BuiltIn">
<msg time="2025-03-26T13:49:09.709761" level="INFO">True</msg>
<arg>${isIns}</arg>
<doc>Logs the given message with the given level.</doc>
<status status="PASS" start="2025-03-26T13:49:09.709583" elapsed="0.000220"/>
</kw>
<kw name="Get System Language" owner="Integration">
<msg time="2025-03-26T13:49:09.871878" level="INFO">${lang} = fr</msg>
<var>${lang}</var>
<arg>${Device}</arg>
<status status="PASS" start="2025-03-26T13:49:09.709894" elapsed="0.162059"/>
</kw>
<if>
<branch type="IF" condition="'${lang}' == 'fr'">
<kw name="Set Variable" owner="BuiltIn">
<msg time="2025-03-26T13:49:09.872513" level="INFO">${System} = SystÃ¨me</msg>
<var>${System}</var>
<arg>SystÃ¨me</arg>
<doc>Returns the given values which can then be assigned to a variables.</doc>
<status status="PASS" start="2025-03-26T13:49:09.872319" elapsed="0.000220"/>
</kw>
<kw name="Set Variable" owner="BuiltIn">
<msg time="2025-03-26T13:49:09.872731" level="INFO">${Setting} = ParamÃ¨tres</msg>
<var>${Setting}</var>
<arg>ParamÃ¨tres</arg>
<doc>Returns the given values which can then be assigned to a variables.</doc>
<status status="PASS" start="2025-03-26T13:49:09.872636" elapsed="0.000112"/>
</kw>
<kw name="Set Variable" owner="BuiltIn">
<msg time="2025-03-26T13:49:09.872898" level="INFO">${Noti} = Notifications</msg>
<var>${Noti}</var>
<arg>Notifications</arg>
<doc>Returns the given values which can then be assigned to a variables.</doc>
<status status="PASS" start="2025-03-26T13:49:09.872818" elapsed="0.000095"/>
</kw>
<status status="PASS" start="2025-03-26T13:49:09.872085" elapsed="0.000897"/>
</branch>
<branch type="ELSE">
<kw name="Set Variable" owner="BuiltIn">
<var>${System}</var>
<arg>System</arg>
<doc>Returns the given values which can then be assigned to a variables.</doc>
<status status="NOT RUN" start="2025-03-26T13:49:09.873105" elapsed="0.000015"/>
</kw>
<kw name="Set Variable" owner="BuiltIn">
<var>${Setting}</var>
<arg>Settings</arg>
<doc>Returns the given values which can then be assigned to a variables.</doc>
<status status="NOT RUN" start="2025-03-26T13:49:09.873183" elapsed="0.000012"/>
</kw>
<kw name="Set Variable" owner="BuiltIn">
<var>${Noti}</var>
<arg>Notifications</arg>
<doc>Returns the given values which can then be assigned to a variables.</doc>
<status status="NOT RUN" start="2025-03-26T13:49:09.873251" elapsed="0.000012"/>
</kw>
<status status="NOT RUN" start="2025-03-26T13:49:09.873016" elapsed="0.000268"/>
</branch>
<status status="PASS" start="2025-03-26T13:49:09.872053" elapsed="0.001247"/>
</if>
<kw name="Open Application With Click" owner="Integration">
<msg time="2025-03-26T13:49:30.666616" level="INFO">ğŸ“Œ Liste des applications dÃ©tectÃ©es : ['Agenda', 'Appium Settings', 'ARD Audiothek', 'Audio Bluetooth', 'Crunchyroll', 'Google Assistant', 'Google\xa0ActualitÃ©s', 'Home Assistant', 'Local Media Player', 'Maps', 'ParamÃ¨tres', 'Play\xa0Store', 'Prime Video', 'SMS', 'Spotify']
ğŸ“Œ First Home Page dÃ©tectÃ©e : ['Agenda', 'Appium Settings', 'ARD Audiothek', 'Audio Bluetooth', 'Crunchyroll', 'Google Assistant', 'Google\xa0ActualitÃ©s', 'Home Assistant', 'Local Media Player', 'Maps', 'ParamÃ¨tres', 'Play\xa0Store', 'Prime Video', 'SMS', 'Spotify']

ğŸ“Œ Liste des applications dÃ©tectÃ©es : ['Agenda', 'Appium Settings', 'ARD Audiothek', 'Audio Bluetooth', 'Crunchyroll', 'Google Assistant', 'Google\xa0ActualitÃ©s', 'Home Assistant', 'Local Media Player', 'Maps', 'ParamÃ¨tres', 'Play\xa0Store', 'Prime Video', 'SMS', 'Spotify']
âœ… Retour Ã  la first home page !
111111111111111111111
2222222222222222

ğŸ“Œ Liste des applications dÃ©tectÃ©es : ['Agenda', 'Appium Settings', 'ARD Audiothek', 'Audio Bluetooth', 'Crunchyroll', 'Google Assistant', 'Google\xa0ActualitÃ©s', 'Home Assistant', 'Local Media Player', 'Maps', 'ParamÃ¨tres', 'Play\xa0Store', 'Prime Video', 'SMS', 'Spotify']
3333333333333333333
125 619 269 657</msg>
<msg time="2025-03-26T13:49:30.666761" level="INFO">${resultat} = True</msg>
<var>${resultat}</var>
<arg>${driver}</arg>
<arg>${Setting}</arg>
<status status="PASS" start="2025-03-26T13:49:09.873381" elapsed="20.793403"/>
</kw>
<kw name="Sleep" owner="BuiltIn">
<msg time="2025-03-26T13:49:31.667304" level="INFO">Slept 1 second.</msg>
<arg>1s</arg>
<doc>Pauses the test executed for the given time.</doc>
<status status="PASS" start="2025-03-26T13:49:30.666932" elapsed="1.000542"/>
</kw>
<kw name="Check Element Exists By Id" owner="Integration">
<msg time="2025-03-26T13:49:31.754918" level="INFO">${Verfier} = True</msg>
<var>${Verfier}</var>
<arg>${driver}</arg>
<arg>${Setting_xpath_id}</arg>
<doc>VÃ©rifie si un Ã©lÃ©ment existe en utilisant son ID.</doc>
<status status="PASS" start="2025-03-26T13:49:31.667633" elapsed="0.087342"/>
</kw>
<kw name="Should Be True" owner="BuiltIn">
<arg>${Verfier}</arg>
<arg>Settings n'est pas affichÃ©.</arg>
<doc>Fails if the given condition is not true.</doc>
<status status="PASS" start="2025-03-26T13:49:31.755277" elapsed="0.000219"/>
</kw>
<kw name="Clique Sur Setting" owner="Integration">
<msg time="2025-03-26T13:50:06.893875" level="INFO">ğŸ“Œ Liste des applications dÃ©tectÃ©es : ['Position', 'ConfidentialitÃ©', 'AccessibilitÃ©', 'SÃ©curitÃ©', 'Applis', 'Assistant et voix', 'SystÃ¨me', 'Langues', 'Service de saisie automatique', 'Clavier', 'SynthÃ¨se vocale']
ğŸ“Œ First Home Page dÃ©tectÃ©e : ['Position', 'ConfidentialitÃ©', 'AccessibilitÃ©', 'SÃ©curitÃ©', 'Applis', 'Assistant et voix', 'SystÃ¨me', 'Langues', 'Service de saisie automatique', 'Clavier', 'SynthÃ¨se vocale']

ğŸ“Œ Liste des applications dÃ©tectÃ©es : ['Bluetooth', 'RÃ©seau et Internet', 'Notifications', 'Son', 'Ã‰cran', 'Profils et comptes', 'Position', 'Langues', 'Service de saisie automatique', 'Clavier', 'SynthÃ¨se vocale']
ğŸ”„ Swipe en cours...

ğŸ“Œ Liste des applications dÃ©tectÃ©es : ['Bluetooth', 'RÃ©seau et Internet', 'Notifications', 'Son', 'Ã‰cran', 'Profils et comptes', 'Position', 'Langues', 'Service de saisie automatique', 'Clavier', 'SynthÃ¨se vocale']
âœ… Retour Ã  la first home page !
(0, 76, 550, 696)
###################################
(0, 76, 550, 696)

ğŸ“Œ Liste des settings dÃ©tectÃ©s dans la zone : ['Bluetooth', 'RÃ©seau et Internet', 'Notifications', 'Son', 'Ã‰cran', 'Profils et comptes', 'Position']
First Home Page dÃ©tectÃ©e : ['Bluetooth', 'RÃ©seau et Internet', 'Notifications', 'Son', 'Ã‰cran', 'Profils et comptes', 'Position']
 Notifications trouvÃ© ! Appui sur le nom.</msg>
<arg>${driver}</arg>
<arg>${Noti}</arg>
<arg>${Setting_menu}</arg>
<status status="PASS" start="2025-03-26T13:49:31.755587" elapsed="35.138798"/>
</kw>
<kw name="Clique Sur Setting" owner="Integration">
<msg time="2025-03-26T13:51:02.740926" level="INFO">ğŸ“Œ Liste des applications dÃ©tectÃ©es : ['Bluetooth', 'RÃ©seau et Internet', 'Notifications', 'Son', 'Ã‰cran', 'Profils et comptes', 'Position', 'EnvoyÃ©es rÃ©cemment', 'Maps', 'Appium Settings', 'SMS', 'Toutes les applis']
ğŸ“Œ First Home Page dÃ©tectÃ©e : ['Bluetooth', 'RÃ©seau et Internet', 'Notifications', 'Son', 'Ã‰cran', 'Profils et comptes', 'Position', 'EnvoyÃ©es rÃ©cemment', 'Maps', 'Appium Settings', 'SMS', 'Toutes les applis']

ğŸ“Œ Liste des applications dÃ©tectÃ©es : ['Bluetooth', 'RÃ©seau et Internet', 'Notifications', 'Son', 'Ã‰cran', 'Profils et comptes', 'Position', 'EnvoyÃ©es rÃ©cemment', 'Maps', 'Appium Settings', 'SMS', 'Toutes les applis']
âœ… Retour Ã  la first home page !
(551, 172, 1408, 696)
###################################
(551, 172, 1408, 696)

ğŸ“Œ Liste des settings dÃ©tectÃ©s dans la zone : ['EnvoyÃ©es rÃ©cemment', 'Maps', 'Appium Settings', 'SMS', 'Toutes les applis']
First Home Page dÃ©tectÃ©e : ['EnvoyÃ©es rÃ©cemment', 'Maps', 'Appium Settings', 'SMS', 'Toutes les applis']
 Swipe effectuÃ©...
(551, 172, 1408, 696)
###################################
(551, 172, 1408, 696)

ğŸ“Œ Liste des settings dÃ©tectÃ©s dans la zone : ['SMS', 'Toutes les applis', 'Agenda', "Alertes d'urgence sans fil", 'Appium Settings']
 Swipe effectuÃ©...
(551, 172, 1408, 696)
###################################
(551, 172, 1408, 696)

ğŸ“Œ Liste des settings dÃ©tectÃ©s dans la zone : ['Appium Settings', 'ARD Audiothek', 'Car\xa0Launcher', 'Configuration du profil', 'Crunchyroll']
 Swipe effectuÃ©...
(551, 172, 1408, 696)
###################################
(551, 172, 1408, 696)
Erreur lors de la rÃ©cupÃ©ration d'un Ã©lÃ©ment : Message: An unknown server-side error occurred while processing the command. Original error: Could not proxy command to the remote server. Original error: socket hang up
Stacktrace:
UnknownError: An unknown server-side error occurred while processing the command. Original error: Could not proxy command to the remote server. Original error: socket hang up
    at UIA2Proxy.command (/usr/lib/node_modules/appium/node_modules/@appium/base-driver/lib/jsonwp-proxy/proxy.js:353:13)
    at processTicksAndRejections (node:internal/process/task_queues:105:5)
    at AndroidUiautomator2Driver.getAttribute (/home/androidusr/.appium/node_modules/appium-uiautomator2-driver/lib/commands/element.js:26:5)
Erreur lors de la rÃ©cupÃ©ration d'un Ã©lÃ©ment : Message: An unknown server-side error occurred while processing the command. Original error: 'GET /element/00000000-0000-0060-ffff-ffff0000046e/attribute/class' cannot be proxied to UiAutomator2 server because the instrumentation process is not running (probably crashed). Check the server log and/or the logcat output for more details
Stacktrace:
UnknownError: An unknown server-side error occurred while processing the command. Original error: 'GET /element/00000000-0000-0060-ffff-ffff0000046e/attribute/class' cannot be proxied to UiAutomator2 server because the instrumentation process is not running (probably crashed). Check the server log and/or the logcat output for more details
    at UIA2Proxy.command (/usr/lib/node_modules/appium/node_modules/@appium/base-driver/lib/jsonwp-proxy/proxy.js:353:13)
    at AndroidUiautomator2Driver.getAttribute (/home/androidusr/.appium/node_modules/appium-uiautomator2-driver/lib/commands/element.js:26:5)
Erreur lors de la rÃ©cupÃ©ration d'un Ã©lÃ©ment : Message: An unknown server-side error occurred while processing the command. Original error: 'GET /element/00000000-0000-0060-ffff-ffff00000470/attribute/class' cannot be proxied to UiAutomator2 server because the instrumentation process is not running (probably crashed). Check the server log and/or the logcat output for more details
Stacktrace:
UnknownError: An unknown server-side error occurred while processing the command. Original error: 'GET /element/00000000-0000-0060-ffff-ffff00000470/attribute/class' cannot be proxied to UiAutomator2 server because the instrumentation process is not running (probably crashed). Check the server log and/or the logcat output for more details
    at UIA2Proxy.command (/usr/lib/node_modules/appium/node_modules/@appium/base-driver/lib/jsonwp-proxy/proxy.js:353:13)
    at AndroidUiautomator2Driver.getAttribute (/home/androidusr/.appium/node_modules/appium-uiautomator2-driver/lib/commands/element.js:26:5)
Erreur lors de la rÃ©cupÃ©ration d'un Ã©lÃ©ment : Message: An unknown server-side error occurred while processing the command. Original error: 'GET /element/00000000-0000-0060-ffff-ffff00000471/attribute/class' cannot be proxied to UiAutomator2 server because the instrumentation process is not running (probably crashed). Check the server log and/or the logcat output for more details
Stacktrace:
UnknownError: An unknown server-side error occurred while processing the command. Original error: 'GET /element/00000000-0000-0060-ffff-ffff00000471/attribute/class' cannot be proxied to UiAutomator2 server because the instrumentation process is not running (probably crashed). Check the server log and/or the logcat output for more details
    at UIA2Proxy.command (/usr/lib/node_modules/appium/node_modules/@appium/base-driver/lib/jsonwp-proxy/proxy.js:353:13)
    at AndroidUiautomator2Driver.getAttribute (/home/androidusr/.appium/node_modules/appium-uiautomator2-driver/lib/commands/element.js:26:5)
Erreur lors de la rÃ©cupÃ©ration d'un Ã©lÃ©ment : Message: An unknown server-side error occurred while processing the command. Original error: 'GET /element/00000000-0000-0060-ffff-ffff00000472/attribute/class' cannot be proxied to UiAutomator2 server because the instrumentation process is not running (probably crashed). Check the server log and/or the logcat output for more details
Stacktrace:
UnknownError: An unknown server-side error occurred while processing the command. Original error: 'GET /element/00000000-0000-0060-ffff-ffff00000472/attribute/class' cannot be proxied to UiAutomator2 server because the instrumentation process is not running (probably crashed). Check the server log and/or the logcat output for more details
    at UIA2Proxy.command (/usr/lib/node_modules/appium/node_modules/@appium/base-driver/lib/jsonwp-proxy/proxy.js:353:13)
    at AndroidUiautomator2Driver.getAttribute (/home/androidusr/.appium/node_modules/appium-uiautomator2-driver/lib/commands/element.js:26:5)
Erreur lors de la rÃ©cupÃ©ration d'un Ã©lÃ©ment : Message: An unknown server-side error occurred while processing the command. Original error: 'GET /element/00000000-0000-0060-ffff-ffff00000473/attribute/class' cannot be proxied to UiAutomator2 server because the instrumentation process is not running (probably crashed). Check the server log and/or the logcat output for more details
Stacktrace:
UnknownError: An unknown server-side error occurred while processing the command. Original error: 'GET /element/00000000-0000-0060-ffff-ffff00000473/attribute/class' cannot be proxied to UiAutomator2 server because the instrumentation process is not running (probably crashed). Check the server log and/or the logcat output for more details
    at UIA2Proxy.command (/usr/lib/node_modules/appium/node_modules/@appium/base-driver/lib/jsonwp-proxy/proxy.js:353:13)
    at AndroidUiautomator2Driver.getAttribute (/home/androidusr/.appium/node_modules/appium-uiautomator2-driver/lib/commands/element.js:26:5)
Erreur lors de la rÃ©cupÃ©ration d'un Ã©lÃ©ment : Message: An unknown server-side error occurred while processing the command. Original error: 'GET /element/00000000-0000-0060-ffff-ffff00000474/attribute/class' cannot be proxied to UiAutomator2 server because the instrumentation process is not running (probably crashed). Check the server log and/or the logcat output for more details
Stacktrace:
UnknownError: An unknown server-side error occurred while processing the command. Original error: 'GET /element/00000000-0000-0060-ffff-ffff00000474/attribute/class' cannot be proxied to UiAutomator2 server because the instrumentation process is not running (probably crashed). Check the server log and/or the logcat output for more details
    at UIA2Proxy.command (/usr/lib/node_modules/appium/node_modules/@appium/base-driver/lib/jsonwp-proxy/proxy.js:353:13)
    at AndroidUiautomator2Driver.getAttribute (/home/androidusr/.appium/node_modules/appium-uiautomator2-driver/lib/commands/element.js:26:5)
Erreur lors de la rÃ©cupÃ©ration d'un Ã©lÃ©ment : Message: An unknown server-side error occurred while processing the command. Original error: 'GET /element/00000000-0000-0060-ffff-ffff00000476/attribute/class' cannot be proxied to UiAutomator2 server because the instrumentation process is not running (probably crashed). Check the server log and/or the logcat output for more details
Stacktrace:
UnknownError: An unknown server-side error occurred while processing the command. Original error: 'GET /element/00000000-0000-0060-ffff-ffff00000476/attribute/class' cannot be proxied to UiAutomator2 server because the instrumentation process is not running (probably crashed). Check the server log and/or the logcat output for more details
    at UIA2Proxy.command (/usr/lib/node_modules/appium/node_modules/@appium/base-driver/lib/jsonwp-proxy/proxy.js:353:13)
    at AndroidUiautomator2Driver.getAttribute (/home/androidusr/.appium/node_modules/appium-uiautomator2-driver/lib/commands/element.js:26:5)
Erreur lors de la rÃ©cupÃ©ration d'un Ã©lÃ©ment : Message: An unknown server-side error occurred while processing the command. Original error: 'GET /element/00000000-0000-0060-ffff-ffff00000477/attribute/class' cannot be proxied to UiAutomator2 server because the instrumentation process is not running (probably crashed). Check the server log and/or the logcat output for more details
Stacktrace:
UnknownError: An unknown server-side error occurred while processing the command. Original error: 'GET /element/00000000-0000-0060-ffff-ffff00000477/attribute/class' cannot be proxied to UiAutomator2 server because the instrumentation process is not running (probably crashed). Check the server log and/or the logcat output for more details
    at UIA2Proxy.command (/usr/lib/node_modules/appium/node_modules/@appium/base-driver/lib/jsonwp-proxy/proxy.js:353:13)
    at AndroidUiautomator2Driver.getAttribute (/home/androidusr/.appium/node_modules/appium-uiautomator2-driver/lib/commands/element.js:26:5)
Erreur lors de la rÃ©cupÃ©ration d'un Ã©lÃ©ment : Message: An unknown server-side error occurred while processing the command. Original error: 'GET /element/00000000-0000-0060-ffff-ffff00000478/attribute/class' cannot be proxied to UiAutomator2 server because the instrumentation process is not running (probably crashed). Check the server log and/or the logcat output for more details
Stacktrace:
UnknownError: An unknown server-side error occurred while processing the command. Original error: 'GET /element/00000000-0000-0060-ffff-ffff00000478/attribute/class' cannot be proxied to UiAutomator2 server because the instrumentation process is not running (probably crashed). Check the server log and/or the logcat output for more details
    at UIA2Proxy.command (/usr/lib/node_modules/appium/node_modules/@appium/base-driver/lib/jsonwp-proxy/proxy.js:353:13)
    at AndroidUiautomator2Driver.getAttribute (/home/androidusr/.appium/node_modules/appium-uiautomator2-driver/lib/commands/element.js:26:5)
Erreur lors de la rÃ©cupÃ©ration d'un Ã©lÃ©ment : Message: An unknown server-side error occurred while processing the command. Original error: 'GET /element/00000000-0000-0060-ffff-ffff00000479/attribute/class' cannot be proxied to UiAutomator2 server because the instrumentation process is not running (probably crashed). Check the server log and/or the logcat output for more details
Stacktrace:
UnknownError: An unknown server-side error occurred while processing the command. Original error: 'GET /element/00000000-0000-0060-ffff-ffff00000479/attribute/class' cannot be proxied to UiAutomator2 server because the instrumentation process is not running (probably crashed). Check the server log and/or the logcat output for more details
    at UIA2Proxy.command (/usr/lib/node_modules/appium/node_modules/@appium/base-driver/lib/jsonwp-proxy/proxy.js:353:13)
    at AndroidUiautomator2Driver.getAttribute (/home/androidusr/.appium/node_modules/appium-uiautomator2-driver/lib/commands/element.js:26:5)
Erreur lors de la rÃ©cupÃ©ration d'un Ã©lÃ©ment : Message: An unknown server-side error occurred while processing the command. Original error: 'GET /element/00000000-0000-0060-ffff-ffff0000047a/attribute/class' cannot be proxied to UiAutomator2 server because the instrumentation process is not running (probably crashed). Check the server log and/or the logcat output for more details
Stacktrace:
UnknownError: An unknown server-side error occurred while processing the command. Original error: 'GET /element/00000000-0000-0060-ffff-ffff0000047a/attribute/class' cannot be proxied to UiAutomator2 server because the instrumentation process is not running (probably crashed). Check the server log and/or the logcat output for more details
    at UIA2Proxy.command (/usr/lib/node_modules/appium/node_modules/@appium/base-driver/lib/jsonwp-proxy/proxy.js:353:13)
    at AndroidUiautomator2Driver.getAttribute (/home/androidusr/.appium/node_modules/appium-uiautomator2-driver/lib/commands/element.js:26:5)
Erreur lors de la rÃ©cupÃ©ration d'un Ã©lÃ©ment : Message: An unknown server-side error occurred while processing the command. Original error: 'GET /element/00000000-0000-0060-ffff-ffff0000047b/attribute/class' cannot be proxied to UiAutomator2 server because the instrumentation process is not running (probably crashed). Check the server log and/or the logcat output for more details
Stacktrace:
UnknownError: An unknown server-side error occurred while processing the command. Original error: 'GET /element/00000000-0000-0060-ffff-ffff0000047b/attribute/class' cannot be proxied to UiAutomator2 server because the instrumentation process is not running (probably crashed). Check the server log and/or the logcat output for more details
    at UIA2Proxy.command (/usr/lib/node_modules/appium/node_modules/@appium/base-driver/lib/jsonwp-proxy/proxy.js:353:13)
    at AndroidUiautomator2Driver.getAttribute (/home/androidusr/.appium/node_modules/appium-uiautomator2-driver/lib/commands/element.js:26:5)
Erreur lors de la rÃ©cupÃ©ration d'un Ã©lÃ©ment : Message: An unknown server-side error occurred while processing the command. Original error: 'GET /element/00000000-0000-0060-ffff-ffff000004cd/attribute/class' cannot be proxied to UiAutomator2 server because the instrumentation process is not running (probably crashed). Check the server log and/or the logcat output for more details
Stacktrace:
UnknownError: An unknown server-side error occurred while processing the command. Original error: 'GET /element/00000000-0000-0060-ffff-ffff000004cd/attribute/class' cannot be proxied to UiAutomator2 server because the instrumentation process is not running (probably crashed). Check the server log and/or the logcat output for more details
    at UIA2Proxy.command (/usr/lib/node_modules/appium/node_modules/@appium/base-driver/lib/jsonwp-proxy/proxy.js:353:13)
    at AndroidUiautomator2Driver.getAttribute (/home/androidusr/.appium/node_modules/appium-uiautomator2-driver/lib/commands/element.js:26:5)
Erreur lors de la rÃ©cupÃ©ration d'un Ã©lÃ©ment : Message: An unknown server-side error occurred while processing the command. Original error: 'GET /element/00000000-0000-0060-ffff-ffff000004ce/attribute/class' cannot be proxied to UiAutomator2 server because the instrumentation process is not running (probably crashed). Check the server log and/or the logcat output for more details
Stacktrace:
UnknownError: An unknown server-side error occurred while processing the command. Original error: 'GET /element/00000000-0000-0060-ffff-ffff000004ce/attribute/class' cannot be proxied to UiAutomator2 server because the instrumentation process is not running (probably crashed). Check the server log and/or the logcat output for more details
    at UIA2Proxy.command (/usr/lib/node_modules/appium/node_modules/@appium/base-driver/lib/jsonwp-proxy/proxy.js:353:13)
    at AndroidUiautomator2Driver.getAttribute (/home/androidusr/.appium/node_modules/appium-uiautomator2-driver/lib/commands/element.js:26:5)
Erreur lors de la rÃ©cupÃ©ration d'un Ã©lÃ©ment : Message: An unknown server-side error occurred while processing the command. Original error: 'GET /element/00000000-0000-0060-ffff-ffff000004cf/attribute/class' cannot be proxied to UiAutomator2 server because the instrumentation process is not running (probably crashed). Check the server log and/or the logcat output for more details
Stacktrace:
UnknownError: An unknown server-side error occurred while processing the command. Original error: 'GET /element/00000000-0000-0060-ffff-ffff000004cf/attribute/class' cannot be proxied to UiAutomator2 server because the instrumentation process is not running (probably crashed). Check the server log and/or the logcat output for more details
    at UIA2Proxy.command (/usr/lib/node_modules/appium/node_modules/@appium/base-driver/lib/jsonwp-proxy/proxy.js:353:13)
    at AndroidUiautomator2Driver.getAttribute (/home/androidusr/.appium/node_modules/appium-uiautomator2-driver/lib/commands/element.js:26:5)
Erreur lors de la rÃ©cupÃ©ration d'un Ã©lÃ©ment : Message: An unknown server-side error occurred while processing the command. Original error: 'GET /element/00000000-0000-0060-ffff-ffff000004d0/attribute/class' cannot be proxied to UiAutomator2 server because the instrumentation process is not running (probably crashed). Check the server log and/or the logcat output for more details
Stacktrace:
UnknownError: An unknown server-side error occurred while processing the command. Original error: 'GET /element/00000000-0000-0060-ffff-ffff000004d0/attribute/class' cannot be proxied to UiAutomator2 server because the instrumentation process is not running (probably crashed). Check the server log and/or the logcat output for more details
    at UIA2Proxy.command (/usr/lib/node_modules/appium/node_modules/@appium/base-driver/lib/jsonwp-proxy/proxy.js:353:13)
    at AndroidUiautomator2Driver.getAttribute (/home/androidusr/.appium/node_modules/appium-uiautomator2-driver/lib/commands/element.js:26:5)
Erreur lors de la rÃ©cupÃ©ration d'un Ã©lÃ©ment : Message: An unknown server-side error occurred while processing the command. Original error: 'GET /element/00000000-0000-0060-ffff-ffff0000050a/attribute/class' cannot be proxied to UiAutomator2 server because the instrumentation process is not running (probably crashed). Check the server log and/or the logcat output for more details
Stacktrace:
UnknownError: An unknown server-side error occurred while processing the command. Original error: 'GET /element/00000000-0000-0060-ffff-ffff0000050a/attribute/class' cannot be proxied to UiAutomator2 server because the instrumentation process is not running (probably crashed). Check the server log and/or the logcat output for more details
    at UIA2Proxy.command (/usr/lib/node_modules/appium/node_modules/@appium/base-driver/lib/jsonwp-proxy/proxy.js:353:13)
    at AndroidUiautomator2Driver.getAttribute (/home/androidusr/.appium/node_modules/appium-uiautomator2-driver/lib/commands/element.js:26:5)
Erreur lors de la rÃ©cupÃ©ration d'un Ã©lÃ©ment : Message: An unknown server-side error occurred while processing the command. Original error: 'GET /element/00000000-0000-0060-ffff-ffff0000050b/attribute/class' cannot be proxied to UiAutomator2 server because the instrumentation process is not running (probably crashed). Check the server log and/or the logcat output for more details
Stacktrace:
UnknownError: An unknown server-side error occurred while processing the command. Original error: 'GET /element/00000000-0000-0060-ffff-ffff0000050b/attribute/class' cannot be proxied to UiAutomator2 server because the instrumentation process is not running (probably crashed). Check the server log and/or the logcat output for more details
    at UIA2Proxy.command (/usr/lib/node_modules/appium/node_modules/@appium/base-driver/lib/jsonwp-proxy/proxy.js:353:13)
    at AndroidUiautomator2Driver.getAttribute (/home/androidusr/.appium/node_modules/appium-uiautomator2-driver/lib/commands/element.js:26:5)
Erreur lors de la rÃ©cupÃ©ration d'un Ã©lÃ©ment : Message: An unknown server-side error occurred while processing the command. Original error: 'GET /element/00000000-0000-0060-ffff-ffff0000050c/attribute/class' cannot be proxied to UiAutomator2 server because the instrumentation process is not running (probably crashed). Check the server log and/or the logcat output for more details
Stacktrace:
UnknownError: An unknown server-side error occurred while processing the command. Original error: 'GET /element/00000000-0000-0060-ffff-ffff0000050c/attribute/class' cannot be proxied to UiAutomator2 server because the instrumentation process is not running (probably crashed). Check the server log and/or the logcat output for more details
    at UIA2Proxy.command (/usr/lib/node_modules/appium/node_modules/@appium/base-driver/lib/jsonwp-proxy/proxy.js:353:13)
    at AndroidUiautomator2Driver.getAttribute (/home/androidusr/.appium/node_modules/appium-uiautomator2-driver/lib/commands/element.js:26:5)
Erreur lors de la rÃ©cupÃ©ration d'un Ã©lÃ©ment : Message: An unknown server-side error occurred while processing the command. Original error: 'GET /element/00000000-0000-0060-ffff-ffff0000050d/attribute/class' cannot be proxied to UiAutomator2 server because the instrumentation process is not running (probably crashed). Check the server log and/or the logcat output for more details
Stacktrace:
UnknownError: An unknown server-side error occurred while processing the command. Original error: 'GET /element/00000000-0000-0060-ffff-ffff0000050d/attribute/class' cannot be proxied to UiAutomator2 server because the instrumentation process is not running (probably crashed). Check the server log and/or the logcat output for more details
    at UIA2Proxy.command (/usr/lib/node_modules/appium/node_modules/@appium/base-driver/lib/jsonwp-proxy/proxy.js:353:13)
    at AndroidUiautomator2Driver.getAttribute (/home/androidusr/.appium/node_modules/appium-uiautomator2-driver/lib/commands/element.js:26:5)
Erreur lors de la rÃ©cupÃ©ration d'un Ã©lÃ©ment : Message: An unknown server-side error occurred while processing the command. Original error: 'GET /element/00000000-0000-0060-ffff-ffff00000516/attribute/class' cannot be proxied to UiAutomator2 server because the instrumentation process is not running (probably crashed). Check the server log and/or the logcat output for more details
Stacktrace:
UnknownError: An unknown server-side error occurred while processing the command. Original error: 'GET /element/00000000-0000-0060-ffff-ffff00000516/attribute/class' cannot be proxied to UiAutomator2 server because the instrumentation process is not running (probably crashed). Check the server log and/or the logcat output for more details
    at UIA2Proxy.command (/usr/lib/node_modules/appium/node_modules/@appium/base-driver/lib/jsonwp-proxy/proxy.js:353:13)
    at AndroidUiautomator2Driver.getAttribute (/home/androidusr/.appium/node_modules/appium-uiautomator2-driver/lib/commands/element.js:26:5)
Erreur lors de la rÃ©cupÃ©ration d'un Ã©lÃ©ment : Message: An unknown server-side error occurred while processing the command. Original error: 'GET /element/00000000-0000-0060-ffff-ffff00000517/attribute/class' cannot be proxied to UiAutomator2 server because the instrumentation process is not running (probably crashed). Check the server log and/or the logcat output for more details
Stacktrace:
UnknownError: An unknown server-side error occurred while processing the command. Original error: 'GET /element/00000000-0000-0060-ffff-ffff00000517/attribute/class' cannot be proxied to UiAutomator2 server because the instrumentation process is not running (probably crashed). Check the server log and/or the logcat output for more details
    at UIA2Proxy.command (/usr/lib/node_modules/appium/node_modules/@appium/base-driver/lib/jsonwp-proxy/proxy.js:353:13)
    at AndroidUiautomator2Driver.getAttribute (/home/androidusr/.appium/node_modules/appium-uiautomator2-driver/lib/commands/element.js:26:5)
Erreur lors de la rÃ©cupÃ©ration d'un Ã©lÃ©ment : Message: An unknown server-side error occurred while processing the command. Original error: 'GET /element/00000000-0000-0060-ffff-ffff00000518/attribute/class' cannot be proxied to UiAutomator2 server because the instrumentation process is not running (probably crashed). Check the server log and/or the logcat output for more details
Stacktrace:
UnknownError: An unknown server-side error occurred while processing the command. Original error: 'GET /element/00000000-0000-0060-ffff-ffff00000518/attribute/class' cannot be proxied to UiAutomator2 server because the instrumentation process is not running (probably crashed). Check the server log and/or the logcat output for more details
    at UIA2Proxy.command (/usr/lib/node_modules/appium/node_modules/@appium/base-driver/lib/jsonwp-proxy/proxy.js:353:13)
    at AndroidUiautomator2Driver.getAttribute (/home/androidusr/.appium/node_modules/appium-uiautomator2-driver/lib/commands/element.js:26:5)
Erreur lors de la rÃ©cupÃ©ration d'un Ã©lÃ©ment : Message: An unknown server-side error occurred while processing the command. Original error: 'GET /element/00000000-0000-0060-ffff-ffff00000519/attribute/class' cannot be proxied to UiAutomator2 server because the instrumentation process is not running (probably crashed). Check the server log and/or the logcat output for more details
Stacktrace:
UnknownError: An unknown server-side error occurred while processing the command. Original error: 'GET /element/00000000-0000-0060-ffff-ffff00000519/attribute/class' cannot be proxied to UiAutomator2 server because the instrumentation process is not running (probably crashed). Check the server log and/or the logcat output for more details
    at UIA2Proxy.command (/usr/lib/node_modules/appium/node_modules/@appium/base-driver/lib/jsonwp-proxy/proxy.js:353:13)
    at AndroidUiautomator2Driver.getAttribute (/home/androidusr/.appium/node_modules/appium-uiautomator2-driver/lib/commands/element.js:26:5)
Erreur lors de la rÃ©cupÃ©ration d'un Ã©lÃ©ment : Message: An unknown server-side error occurred while processing the command. Original error: 'GET /element/00000000-0000-0060-ffff-ffff000004c1/attribute/class' cannot be proxied to UiAutomator2 server because the instrumentation process is not running (probably crashed). Check the server log and/or the logcat output for more details
Stacktrace:
UnknownError: An unknown server-side error occurred while processing the command. Original error: 'GET /element/00000000-0000-0060-ffff-ffff000004c1/attribute/class' cannot be proxied to UiAutomator2 server because the instrumentation process is not running (probably crashed). Check the server log and/or the logcat output for more details
    at UIA2Proxy.command (/usr/lib/node_modules/appium/node_modules/@appium/base-driver/lib/jsonwp-proxy/proxy.js:353:13)
    at AndroidUiautomator2Driver.getAttribute (/home/androidusr/.appium/node_modules/appium-uiautomator2-driver/lib/commands/element.js:26:5)
Erreur lors de la rÃ©cupÃ©ration d'un Ã©lÃ©ment : Message: An unknown server-side error occurred while processing the command. Original error: 'GET /element/00000000-0000-0060-ffff-ffff000004c2/attribute/class' cannot be proxied to UiAutomator2 server because the instrumentation process is not running (probably crashed). Check the server log and/or the logcat output for more details
Stacktrace:
UnknownError: An unknown server-side error occurred while processing the command. Original error: 'GET /element/00000000-0000-0060-ffff-ffff000004c2/attribute/class' cannot be proxied to UiAutomator2 server because the instrumentation process is not running (probably crashed). Check the server log and/or the logcat output for more details
    at UIA2Proxy.command (/usr/lib/node_modules/appium/node_modules/@appium/base-driver/lib/jsonwp-proxy/proxy.js:353:13)
    at AndroidUiautomator2Driver.getAttribute (/home/androidusr/.appium/node_modules/appium-uiautomator2-driver/lib/commands/element.js:26:5)
Erreur lors de la rÃ©cupÃ©ration d'un Ã©lÃ©ment : Message: An unknown server-side error occurred while processing the command. Original error: 'GET /element/00000000-0000-0060-ffff-ffff000004c3/attribute/class' cannot be proxied to UiAutomator2 server because the instrumentation process is not running (probably crashed). Check the server log and/or the logcat output for more details
Stacktrace:
UnknownError: An unknown server-side error occurred while processing the command. Original error: 'GET /element/00000000-0000-0060-ffff-ffff000004c3/attribute/class' cannot be proxied to UiAutomator2 server because the instrumentation process is not running (probably crashed). Check the server log and/or the logcat output for more details
    at UIA2Proxy.command (/usr/lib/node_modules/appium/node_modules/@appium/base-driver/lib/jsonwp-proxy/proxy.js:353:13)
    at AndroidUiautomator2Driver.getAttribute (/home/androidusr/.appium/node_modules/appium-uiautomator2-driver/lib/commands/element.js:26:5)
Erreur lors de la rÃ©cupÃ©ration d'un Ã©lÃ©ment : Message: An unknown server-side error occurred while processing the command. Original error: 'GET /element/00000000-0000-0060-ffff-ffff000004c4/attribute/class' cannot be proxied to UiAutomator2 server because the instrumentation process is not running (probably crashed). Check the server log and/or the logcat output for more details
Stacktrace:
UnknownError: An unknown server-side error occurred while processing the command. Original error: 'GET /element/00000000-0000-0060-ffff-ffff000004c4/attribute/class' cannot be proxied to UiAutomator2 server because the instrumentation process is not running (probably crashed). Check the server log and/or the logcat output for more details
    at UIA2Proxy.command (/usr/lib/node_modules/appium/node_modules/@appium/base-driver/lib/jsonwp-proxy/proxy.js:353:13)
    at AndroidUiautomator2Driver.getAttribute (/home/androidusr/.appium/node_modules/appium-uiautomator2-driver/lib/commands/element.js:26:5)
Erreur lors de la rÃ©cupÃ©ration d'un Ã©lÃ©ment : Message: An unknown server-side error occurred while processing the command. Original error: 'GET /element/00000000-0000-0060-ffff-ffff000004bb/attribute/class' cannot be proxied to UiAutomator2 server because the instrumentation process is not running (probably crashed). Check the server log and/or the logcat output for more details
Stacktrace:
UnknownError: An unknown server-side error occurred while processing the command. Original error: 'GET /element/00000000-0000-0060-ffff-ffff000004bb/attribute/class' cannot be proxied to UiAutomator2 server because the instrumentation process is not running (probably crashed). Check the server log and/or the logcat output for more details
    at UIA2Proxy.command (/usr/lib/node_modules/appium/node_modules/@appium/base-driver/lib/jsonwp-proxy/proxy.js:353:13)
    at AndroidUiautomator2Driver.getAttribute (/home/androidusr/.appium/node_modules/appium-uiautomator2-driver/lib/commands/element.js:26:5)
Erreur lors de la rÃ©cupÃ©ration d'un Ã©lÃ©ment : Message: An unknown server-side error occurred while processing the command. Original error: 'GET /element/00000000-0000-0060-ffff-ffff000004bc/attribute/class' cannot be proxied to UiAutomator2 server because the instrumentation process is not running (probably crashed). Check the server log and/or the logcat output for more details
Stacktrace:
UnknownError: An unknown server-side error occurred while processing the command. Original error: 'GET /element/00000000-0000-0060-ffff-ffff000004bc/attribute/class' cannot be proxied to UiAutomator2 server because the instrumentation process is not running (probably crashed). Check the server log and/or the logcat output for more details
    at UIA2Proxy.command (/usr/lib/node_modules/appium/node_modules/@appium/base-driver/lib/jsonwp-proxy/proxy.js:353:13)
    at AndroidUiautomator2Driver.getAttribute (/home/androidusr/.appium/node_modules/appium-uiautomator2-driver/lib/commands/element.js:26:5)
Erreur lors de la rÃ©cupÃ©ration d'un Ã©lÃ©ment : Message: An unknown server-side error occurred while processing the command. Original error: 'GET /element/00000000-0000-0060-ffff-ffff000004bd/attribute/class' cannot be proxied to UiAutomator2 server because the instrumentation process is not running (probably crashed). Check the server log and/or the logcat output for more details
Stacktrace:
UnknownError: An unknown server-side error occurred while processing the command. Original error: 'GET /element/00000000-0000-0060-ffff-ffff000004bd/attribute/class' cannot be proxied to UiAutomator2 server because the instrumentation process is not running (probably crashed). Check the server log and/or the logcat output for more details
    at UIA2Proxy.command (/usr/lib/node_modules/appium/node_modules/@appium/base-driver/lib/jsonwp-proxy/proxy.js:353:13)
    at AndroidUiautomator2Driver.getAttribute (/home/androidusr/.appium/node_modules/appium-uiautomator2-driver/lib/commands/element.js:26:5)
Erreur lors de la rÃ©cupÃ©ration d'un Ã©lÃ©ment : Message: An unknown server-side error occurred while processing the command. Original error: 'GET /element/00000000-0000-0060-ffff-ffff000004be/attribute/class' cannot be proxied to UiAutomator2 server because the instrumentation process is not running (probably crashed). Check the server log and/or the logcat output for more details
Stacktrace:
UnknownError: An unknown server-side error occurred while processing the command. Original error: 'GET /element/00000000-0000-0060-ffff-ffff000004be/attribute/class' cannot be proxied to UiAutomator2 server because the instrumentation process is not running (probably crashed). Check the server log and/or the logcat output for more details
    at UIA2Proxy.command (/usr/lib/node_modules/appium/node_modules/@appium/base-driver/lib/jsonwp-proxy/proxy.js:353:13)
    at AndroidUiautomator2Driver.getAttribute (/home/androidusr/.appium/node_modules/appium-uiautomator2-driver/lib/commands/element.js:26:5)
Erreur lors de la rÃ©cupÃ©ration d'un Ã©lÃ©ment : Message: An unknown server-side error occurred while processing the command. Original error: 'GET /element/00000000-0000-0060-ffff-ffff000004c7/attribute/class' cannot be proxied to UiAutomator2 server because the instrumentation process is not running (probably crashed). Check the server log and/or the logcat output for more details
Stacktrace:
UnknownError: An unknown server-side error occurred while processing the command. Original error: 'GET /element/00000000-0000-0060-ffff-ffff000004c7/attribute/class' cannot be proxied to UiAutomator2 server because the instrumentation process is not running (probably crashed). Check the server log and/or the logcat output for more details
    at UIA2Proxy.command (/usr/lib/node_modules/appium/node_modules/@appium/base-driver/lib/jsonwp-proxy/proxy.js:353:13)
    at AndroidUiautomator2Driver.getAttribute (/home/androidusr/.appium/node_modules/appium-uiautomator2-driver/lib/commands/element.js:26:5)
Erreur lors de la rÃ©cupÃ©ration d'un Ã©lÃ©ment : Message: An unknown server-side error occurred while processing the command. Original error: 'GET /element/00000000-0000-0060-ffff-ffff000004c8/attribute/class' cannot be proxied to UiAutomator2 server because the instrumentation process is not running (probably crashed). Check the server log and/or the logcat output for more details
Stacktrace:
UnknownError: An unknown server-side error occurred while processing the command. Original error: 'GET /element/00000000-0000-0060-ffff-ffff000004c8/attribute/class' cannot be proxied to UiAutomator2 server because the instrumentation process is not running (probably crashed). Check the server log and/or the logcat output for more details
    at UIA2Proxy.command (/usr/lib/node_modules/appium/node_modules/@appium/base-driver/lib/jsonwp-proxy/proxy.js:353:13)
    at AndroidUiautomator2Driver.getAttribute (/home/androidusr/.appium/node_modules/appium-uiautomator2-driver/lib/commands/element.js:26:5)
Erreur lors de la rÃ©cupÃ©ration d'un Ã©lÃ©ment : Message: An unknown server-side error occurred while processing the command. Original error: 'GET /element/00000000-0000-0060-ffff-ffff000004c9/attribute/class' cannot be proxied to UiAutomator2 server because the instrumentation process is not running (probably crashed). Check the server log and/or the logcat output for more details
Stacktrace:
UnknownError: An unknown server-side error occurred while processing the command. Original error: 'GET /element/00000000-0000-0060-ffff-ffff000004c9/attribute/class' cannot be proxied to UiAutomator2 server because the instrumentation process is not running (probably crashed). Check the server log and/or the logcat output for more details
    at UIA2Proxy.command (/usr/lib/node_modules/appium/node_modules/@appium/base-driver/lib/jsonwp-proxy/proxy.js:353:13)
    at AndroidUiautomator2Driver.getAttribute (/home/androidusr/.appium/node_modules/appium-uiautomator2-driver/lib/commands/element.js:26:5)
Erreur lors de la rÃ©cupÃ©ration d'un Ã©lÃ©ment : Message: An unknown server-side error occurred while processing the command. Original error: 'GET /element/00000000-0000-0060-ffff-ffff000004ca/attribute/class' cannot be proxied to UiAutomator2 server because the instrumentation process is not running (probably crashed). Check the server log and/or the logcat output for more details
Stacktrace:
UnknownError: An unknown server-side error occurred while processing the command. Original error: 'GET /element/00000000-0000-0060-ffff-ffff000004ca/attribute/class' cannot be proxied to UiAutomator2 server because the instrumentation process is not running (probably crashed). Check the server log and/or the logcat output for more details
    at UIA2Proxy.command (/usr/lib/node_modules/appium/node_modules/@appium/base-driver/lib/jsonwp-proxy/proxy.js:353:13)
    at AndroidUiautomator2Driver.getAttribute (/home/androidusr/.appium/node_modules/appium-uiautomator2-driver/lib/commands/element.js:26:5)
Erreur lors de la rÃ©cupÃ©ration d'un Ã©lÃ©ment : Message: An unknown server-side error occurred while processing the command. Original error: 'GET /element/00000000-0000-0060-ffff-ffff000004d9/attribute/class' cannot be proxied to UiAutomator2 server because the instrumentation process is not running (probably crashed). Check the server log and/or the logcat output for more details
Stacktrace:
UnknownError: An unknown server-side error occurred while processing the command. Original error: 'GET /element/00000000-0000-0060-ffff-ffff000004d9/attribute/class' cannot be proxied to UiAutomator2 server because the instrumentation process is not running (probably crashed). Check the server log and/or the logcat output for more details
    at UIA2Proxy.command (/usr/lib/node_modules/appium/node_modules/@appium/base-driver/lib/jsonwp-proxy/proxy.js:353:13)
    at AndroidUiautomator2Driver.getAttribute (/home/androidusr/.appium/node_modules/appium-uiautomator2-driver/lib/commands/element.js:26:5)
Erreur lors de la rÃ©cupÃ©ration d'un Ã©lÃ©ment : Message: An unknown server-side error occurred while processing the command. Original error: 'GET /element/00000000-0000-0060-ffff-ffff000004da/attribute/class' cannot be proxied to UiAutomator2 server because the instrumentation process is not running (probably crashed). Check the server log and/or the logcat output for more details
Stacktrace:
UnknownError: An unknown server-side error occurred while processing the command. Original error: 'GET /element/00000000-0000-0060-ffff-ffff000004da/attribute/class' cannot be proxied to UiAutomator2 server because the instrumentation process is not running (probably crashed). Check the server log and/or the logcat output for more details
    at UIA2Proxy.command (/usr/lib/node_modules/appium/node_modules/@appium/base-driver/lib/jsonwp-proxy/proxy.js:353:13)
    at AndroidUiautomator2Driver.getAttribute (/home/androidusr/.appium/node_modules/appium-uiautomator2-driver/lib/commands/element.js:26:5)
Erreur lors de la rÃ©cupÃ©ration d'un Ã©lÃ©ment : Message: An unknown server-side error occurred while processing the command. Original error: 'GET /element/00000000-0000-0060-ffff-ffff000004db/attribute/class' cannot be proxied to UiAutomator2 server because the instrumentation process is not running (probably crashed). Check the server log and/or the logcat output for more details
Stacktrace:
UnknownError: An unknown server-side error occurred while processing the command. Original error: 'GET /element/00000000-0000-0060-ffff-ffff000004db/attribute/class' cannot be proxied to UiAutomator2 server because the instrumentation process is not running (probably crashed). Check the server log and/or the logcat output for more details
    at UIA2Proxy.command (/usr/lib/node_modules/appium/node_modules/@appium/base-driver/lib/jsonwp-proxy/proxy.js:353:13)
    at AndroidUiautomator2Driver.getAttribute (/home/androidusr/.appium/node_modules/appium-uiautomator2-driver/lib/commands/element.js:26:5)
Erreur lors de la rÃ©cupÃ©ration d'un Ã©lÃ©ment : Message: An unknown server-side error occurred while processing the command. Original error: 'GET /element/00000000-0000-0060-ffff-ffff000004dc/attribute/class' cannot be proxied to UiAutomator2 server because the instrumentation process is not running (probably crashed). Check the server log and/or the logcat output for more details
Stacktrace:
UnknownError: An unknown server-side error occurred while processing the command. Original error: 'GET /element/00000000-0000-0060-ffff-ffff000004dc/attribute/class' cannot be proxied to UiAutomator2 server because the instrumentation process is not running (probably crashed). Check the server log and/or the logcat output for more details
    at UIA2Proxy.command (/usr/lib/node_modules/appium/node_modules/@appium/base-driver/lib/jsonwp-proxy/proxy.js:353:13)
    at AndroidUiautomator2Driver.getAttribute (/home/androidusr/.appium/node_modules/appium-uiautomator2-driver/lib/commands/element.js:26:5)
Erreur lors de la rÃ©cupÃ©ration d'un Ã©lÃ©ment : Message: An unknown server-side error occurred while processing the command. Original error: 'GET /element/00000000-0000-0060-ffff-ffff0000047c/attribute/class' cannot be proxied to UiAutomator2 server because the instrumentation process is not running (probably crashed). Check the server log and/or the logcat output for more details
Stacktrace:
UnknownError: An unknown server-side error occurred while processing the command. Original error: 'GET /element/00000000-0000-0060-ffff-ffff0000047c/attribute/class' cannot be proxied to UiAutomator2 server because the instrumentation process is not running (probably crashed). Check the server log and/or the logcat output for more details
    at UIA2Proxy.command (/usr/lib/node_modules/appium/node_modules/@appium/base-driver/lib/jsonwp-proxy/proxy.js:353:13)
    at AndroidUiautomator2Driver.getAttribute (/home/androidusr/.appium/node_modules/appium-uiautomator2-driver/lib/commands/element.js:26:5)
Erreur lors de la rÃ©cupÃ©ration d'un Ã©lÃ©ment : Message: An unknown server-side error occurred while processing the command. Original error: 'GET /element/00000000-0000-0060-ffff-ffff0000047d/attribute/class' cannot be proxied to UiAutomator2 server because the instrumentation process is not running (probably crashed). Check the server log and/or the logcat output for more details
Stacktrace:
UnknownError: An unknown server-side error occurred while processing the command. Original error: 'GET /element/00000000-0000-0060-ffff-ffff0000047d/attribute/class' cannot be proxied to UiAutomator2 server because the instrumentation process is not running (probably crashed). Check the server log and/or the logcat output for more details
    at UIA2Proxy.command (/usr/lib/node_modules/appium/node_modules/@appium/base-driver/lib/jsonwp-proxy/proxy.js:353:13)
    at AndroidUiautomator2Driver.getAttribute (/home/androidusr/.appium/node_modules/appium-uiautomator2-driver/lib/commands/element.js:26:5)
Erreur lors de la rÃ©cupÃ©ration d'un Ã©lÃ©ment : Message: An unknown server-side error occurred while processing the command. Original error: 'GET /element/00000000-0000-0060-ffff-ffff0000047f/attribute/class' cannot be proxied to UiAutomator2 server because the instrumentation process is not running (probably crashed). Check the server log and/or the logcat output for more details
Stacktrace:
UnknownError: An unknown server-side error occurred while processing the command. Original error: 'GET /element/00000000-0000-0060-ffff-ffff0000047f/attribute/class' cannot be proxied to UiAutomator2 server because the instrumentation process is not running (probably crashed). Check the server log and/or the logcat output for more details
    at UIA2Proxy.command (/usr/lib/node_modules/appium/node_modules/@appium/base-driver/lib/jsonwp-proxy/proxy.js:353:13)
    at AndroidUiautomator2Driver.getAttribute (/home/androidusr/.appium/node_modules/appium-uiautomator2-driver/lib/commands/element.js:26:5)
Erreur lors de la rÃ©cupÃ©ration d'un Ã©lÃ©ment : Message: An unknown server-side error occurred while processing the command. Original error: 'GET /element/00000000-0000-0060-ffff-ffff0000047e/attribute/class' cannot be proxied to UiAutomator2 server because the instrumentation process is not running (probably crashed). Check the server log and/or the logcat output for more details
Stacktrace:
UnknownError: An unknown server-side error occurred while processing the command. Original error: 'GET /element/00000000-0000-0060-ffff-ffff0000047e/attribute/class' cannot be proxied to UiAutomator2 server because the instrumentation process is not running (probably crashed). Check the server log and/or the logcat output for more details
    at UIA2Proxy.command (/usr/lib/node_modules/appium/node_modules/@appium/base-driver/lib/jsonwp-proxy/proxy.js:353:13)
    at AndroidUiautomator2Driver.getAttribute (/home/androidusr/.appium/node_modules/appium-uiautomator2-driver/lib/commands/element.js:26:5)
Erreur lors de la rÃ©cupÃ©ration d'un Ã©lÃ©ment : Message: An unknown server-side error occurred while processing the command. Original error: 'GET /element/00000000-0000-0060-ffff-ffff00000480/attribute/class' cannot be proxied to UiAutomator2 server because the instrumentation process is not running (probably crashed). Check the server log and/or the logcat output for more details
Stacktrace:
UnknownError: An unknown server-side error occurred while processing the command. Original error: 'GET /element/00000000-0000-0060-ffff-ffff00000480/attribute/class' cannot be proxied to UiAutomator2 server because the instrumentation process is not running (probably crashed). Check the server log and/or the logcat output for more details
    at UIA2Proxy.command (/usr/lib/node_modules/appium/node_modules/@appium/base-driver/lib/jsonwp-proxy/proxy.js:353:13)
    at AndroidUiautomator2Driver.getAttribute (/home/androidusr/.appium/node_modules/appium-uiautomator2-driver/lib/commands/element.js:26:5)
Erreur lors de la rÃ©cupÃ©ration d'un Ã©lÃ©ment : Message: An unknown server-side error occurred while processing the command. Original error: 'GET /element/00000000-0000-0060-ffff-ffff00000481/attribute/class' cannot be proxied to UiAutomator2 server because the instrumentation process is not running (probably crashed). Check the server log and/or the logcat output for more details
Stacktrace:
UnknownError: An unknown server-side error occurred while processing the command. Original error: 'GET /element/00000000-0000-0060-ffff-ffff00000481/attribute/class' cannot be proxied to UiAutomator2 server because the instrumentation process is not running (probably crashed). Check the server log and/or the logcat output for more details
    at UIA2Proxy.command (/usr/lib/node_modules/appium/node_modules/@appium/base-driver/lib/jsonwp-proxy/proxy.js:353:13)
    at AndroidUiautomator2Driver.getAttribute (/home/androidusr/.appium/node_modules/appium-uiautomator2-driver/lib/commands/element.js:26:5)
Erreur lors de la rÃ©cupÃ©ration d'un Ã©lÃ©ment : Message: An unknown server-side error occurred while processing the command. Original error: 'GET /element/00000000-0000-0060-ffff-ffff00000482/attribute/class' cannot be proxied to UiAutomator2 server because the instrumentation process is not running (probably crashed). Check the server log and/or the logcat output for more details
Stacktrace:
UnknownError: An unknown server-side error occurred while processing the command. Original error: 'GET /element/00000000-0000-0060-ffff-ffff00000482/attribute/class' cannot be proxied to UiAutomator2 server because the instrumentation process is not running (probably crashed). Check the server log and/or the logcat output for more details
    at UIA2Proxy.command (/usr/lib/node_modules/appium/node_modules/@appium/base-driver/lib/jsonwp-proxy/proxy.js:353:13)
    at AndroidUiautomator2Driver.getAttribute (/home/androidusr/.appium/node_modules/appium-uiautomator2-driver/lib/commands/element.js:26:5)
Erreur lors de la rÃ©cupÃ©ration d'un Ã©lÃ©ment : Message: An unknown server-side error occurred while processing the command. Original error: 'GET /element/00000000-0000-0060-ffff-ffff00000483/attribute/class' cannot be proxied to UiAutomator2 server because the instrumentation process is not running (probably crashed). Check the server log and/or the logcat output for more details
Stacktrace:
UnknownError: An unknown server-side error occurred while processing the command. Original error: 'GET /element/00000000-0000-0060-ffff-ffff00000483/attribute/class' cannot be proxied to UiAutomator2 server because the instrumentation process is not running (probably crashed). Check the server log and/or the logcat output for more details
    at UIA2Proxy.command (/usr/lib/node_modules/appium/node_modules/@appium/base-driver/lib/jsonwp-proxy/proxy.js:353:13)
    at AndroidUiautomator2Driver.getAttribute (/home/androidusr/.appium/node_modules/appium-uiautomator2-driver/lib/commands/element.js:26:5)
Erreur lors de la rÃ©cupÃ©ration d'un Ã©lÃ©ment : Message: An unknown server-side error occurred while processing the command. Original error: 'GET /element/00000000-0000-0060-ffff-ffff00000484/attribute/class' cannot be proxied to UiAutomator2 server because the instrumentation process is not running (probably crashed). Check the server log and/or the logcat output for more details
Stacktrace:
UnknownError: An unknown server-side error occurred while processing the command. Original error: 'GET /element/00000000-0000-0060-ffff-ffff00000484/attribute/class' cannot be proxied to UiAutomator2 server because the instrumentation process is not running (probably crashed). Check the server log and/or the logcat output for more details
    at UIA2Proxy.command (/usr/lib/node_modules/appium/node_modules/@appium/base-driver/lib/jsonwp-proxy/proxy.js:353:13)
    at AndroidUiautomator2Driver.getAttribute (/home/androidusr/.appium/node_modules/appium-uiautomator2-driver/lib/commands/element.js:26:5)
Erreur lors de la rÃ©cupÃ©ration d'un Ã©lÃ©ment : Message: An unknown server-side error occurred while processing the command. Original error: 'GET /element/00000000-0000-0060-ffff-ffff00000486/attribute/class' cannot be proxied to UiAutomator2 server because the instrumentation process is not running (probably crashed). Check the server log and/or the logcat output for more details
Stacktrace:
UnknownError: An unknown server-side error occurred while processing the command. Original error: 'GET /element/00000000-0000-0060-ffff-ffff00000486/attribute/class' cannot be proxied to UiAutomator2 server because the instrumentation process is not running (probably crashed). Check the server log and/or the logcat output for more details
    at UIA2Proxy.command (/usr/lib/node_modules/appium/node_modules/@appium/base-driver/lib/jsonwp-proxy/proxy.js:353:13)
    at AndroidUiautomator2Driver.getAttribute (/home/androidusr/.appium/node_modules/appium-uiautomator2-driver/lib/commands/element.js:26:5)
Erreur lors de la rÃ©cupÃ©ration d'un Ã©lÃ©ment : Message: An unknown server-side error occurred while processing the command. Original error: 'GET /element/00000000-0000-0060-ffff-ffff0000048e/attribute/class' cannot be proxied to UiAutomator2 server because the instrumentation process is not running (probably crashed). Check the server log and/or the logcat output for more details
Stacktrace:
UnknownError: An unknown server-side error occurred while processing the command. Original error: 'GET /element/00000000-0000-0060-ffff-ffff0000048e/attribute/class' cannot be proxied to UiAutomator2 server because the instrumentation process is not running (probably crashed). Check the server log and/or the logcat output for more details
    at UIA2Proxy.command (/usr/lib/node_modules/appium/node_modules/@appium/base-driver/lib/jsonwp-proxy/proxy.js:353:13)
    at AndroidUiautomator2Driver.getAttribute (/home/androidusr/.appium/node_modules/appium-uiautomator2-driver/lib/commands/element.js:26:5)
Erreur lors de la rÃ©cupÃ©ration d'un Ã©lÃ©ment : Message: An unknown server-side error occurred while processing the command. Original error: 'GET /element/00000000-0000-0060-ffff-ffff00000489/attribute/class' cannot be proxied to UiAutomator2 server because the instrumentation process is not running (probably crashed). Check the server log and/or the logcat output for more details
Stacktrace:
UnknownError: An unknown server-side error occurred while processing the command. Original error: 'GET /element/00000000-0000-0060-ffff-ffff00000489/attribute/class' cannot be proxied to UiAutomator2 server because the instrumentation process is not running (probably crashed). Check the server log and/or the logcat output for more details
    at UIA2Proxy.command (/usr/lib/node_modules/appium/node_modules/@appium/base-driver/lib/jsonwp-proxy/proxy.js:353:13)
    at AndroidUiautomator2Driver.getAttribute (/home/androidusr/.appium/node_modules/appium-uiautomator2-driver/lib/commands/element.js:26:5)
Erreur lors de la rÃ©cupÃ©ration d'un Ã©lÃ©ment : Message: An unknown server-side error occurred while processing the command. Original error: 'GET /element/00000000-0000-0060-ffff-ffff0000048a/attribute/class' cannot be proxied to UiAutomator2 server because the instrumentation process is not running (probably crashed). Check the server log and/or the logcat output for more details
Stacktrace:
UnknownError: An unknown server-side error occurred while processing the command. Original error: 'GET /element/00000000-0000-0060-ffff-ffff0000048a/attribute/class' cannot be proxied to UiAutomator2 server because the instrumentation process is not running (probably crashed). Check the server log and/or the logcat output for more details
    at UIA2Proxy.command (/usr/lib/node_modules/appium/node_modules/@appium/base-driver/lib/jsonwp-proxy/proxy.js:353:13)
    at AndroidUiautomator2Driver.getAttribute (/home/androidusr/.appium/node_modules/appium-uiautomator2-driver/lib/commands/element.js:26:5)
Erreur lors de la rÃ©cupÃ©ration d'un Ã©lÃ©ment : Message: An unknown server-side error occurred while processing the command. Original error: 'GET /element/00000000-0000-0060-ffff-ffff0000048d/attribute/class' cannot be proxied to UiAutomator2 server because the instrumentation process is not running (probably crashed). Check the server log and/or the logcat output for more details
Stacktrace:
UnknownError: An unknown server-side error occurred while processing the command. Original error: 'GET /element/00000000-0000-0060-ffff-ffff0000048d/attribute/class' cannot be proxied to UiAutomator2 server because the instrumentation process is not running (probably crashed). Check the server log and/or the logcat output for more details
    at UIA2Proxy.command (/usr/lib/node_modules/appium/node_modules/@appium/base-driver/lib/jsonwp-proxy/proxy.js:353:13)
    at AndroidUiautomator2Driver.getAttribute (/home/androidusr/.appium/node_modules/appium-uiautomator2-driver/lib/commands/element.js:26:5)
Erreur lors de la rÃ©cupÃ©ration d'un Ã©lÃ©ment : Message: An unknown server-side error occurred while processing the command. Original error: 'GET /element/00000000-0000-0060-ffff-ffff00000503/attribute/class' cannot be proxied to UiAutomator2 server because the instrumentation process is not running (probably crashed). Check the server log and/or the logcat output for more details
Stacktrace:
UnknownError: An unknown server-side error occurred while processing the command. Original error: 'GET /element/00000000-0000-0060-ffff-ffff00000503/attribute/class' cannot be proxied to UiAutomator2 server because the instrumentation process is not running (probably crashed). Check the server log and/or the logcat output for more details
    at UIA2Proxy.command (/usr/lib/node_modules/appium/node_modules/@appium/base-driver/lib/jsonwp-proxy/proxy.js:353:13)
    at AndroidUiautomator2Driver.getAttribute (/home/androidusr/.appium/node_modules/appium-uiautomator2-driver/lib/commands/element.js:26:5)
Erreur lors de la rÃ©cupÃ©ration d'un Ã©lÃ©ment : Message: An unknown server-side error occurred while processing the command. Original error: 'GET /element/00000000-0000-0060-ffff-ffff00000504/attribute/class' cannot be proxied to UiAutomator2 server because the instrumentation process is not running (probably crashed). Check the server log and/or the logcat output for more details
Stacktrace:
UnknownError: An unknown server-side error occurred while processing the command. Original error: 'GET /element/00000000-0000-0060-ffff-ffff00000504/attribute/class' cannot be proxied to UiAutomator2 server because the instrumentation process is not running (probably crashed). Check the server log and/or the logcat output for more details
    at UIA2Proxy.command (/usr/lib/node_modules/appium/node_modules/@appium/base-driver/lib/jsonwp-proxy/proxy.js:353:13)
    at AndroidUiautomator2Driver.getAttribute (/home/androidusr/.appium/node_modules/appium-uiautomator2-driver/lib/commands/element.js:26:5)
Erreur lors de la rÃ©cupÃ©ration d'un Ã©lÃ©ment : Message: An unknown server-side error occurred while processing the command. Original error: 'GET /element/00000000-0000-0060-ffff-ffff00000505/attribute/class' cannot be proxied to UiAutomator2 server because the instrumentation process is not running (probably crashed). Check the server log and/or the logcat output for more details
Stacktrace:
UnknownError: An unknown server-side error occurred while processing the command. Original error: 'GET /element/00000000-0000-0060-ffff-ffff00000505/attribute/class' cannot be proxied to UiAutomator2 server because the instrumentation process is not running (probably crashed). Check the server log and/or the logcat output for more details
    at UIA2Proxy.command (/usr/lib/node_modules/appium/node_modules/@appium/base-driver/lib/jsonwp-proxy/proxy.js:353:13)
    at AndroidUiautomator2Driver.getAttribute (/home/androidusr/.appium/node_modules/appium-uiautomator2-driver/lib/commands/element.js:26:5)
Erreur lors de la rÃ©cupÃ©ration d'un Ã©lÃ©ment : Message: An unknown server-side error occurred while processing the command. Original error: 'GET /element/00000000-0000-0060-ffff-ffff00000506/attribute/class' cannot be proxied to UiAutomator2 server because the instrumentation process is not running (probably crashed). Check the server log and/or the logcat output for more details
Stacktrace:
UnknownError: An unknown server-side error occurred while processing the command. Original error: 'GET /element/00000000-0000-0060-ffff-ffff00000506/attribute/class' cannot be proxied to UiAutomator2 server because the instrumentation process is not running (probably crashed). Check the server log and/or the logcat output for more details
    at UIA2Proxy.command (/usr/lib/node_modules/appium/node_modules/@appium/base-driver/lib/jsonwp-proxy/proxy.js:353:13)
    at AndroidUiautomator2Driver.getAttribute (/home/androidusr/.appium/node_modules/appium-uiautomator2-driver/lib/commands/element.js:26:5)
Erreur lors de la rÃ©cupÃ©ration d'un Ã©lÃ©ment : Message: An unknown server-side error occurred while processing the command. Original error: 'GET /element/00000000-0000-0060-ffff-ffff00000490/attribute/class' cannot be proxied to UiAutomator2 server because the instrumentation process is not running (probably crashed). Check the server log and/or the logcat output for more details
Stacktrace:
UnknownError: An unknown server-side error occurred while processing the command. Original error: 'GET /element/00000000-0000-0060-ffff-ffff00000490/attribute/class' cannot be proxied to UiAutomator2 server because the instrumentation process is not running (probably crashed). Check the server log and/or the logcat output for more details
    at UIA2Proxy.command (/usr/lib/node_modules/appium/node_modules/@appium/base-driver/lib/jsonwp-proxy/proxy.js:353:13)
    at AndroidUiautomator2Driver.getAttribute (/home/androidusr/.appium/node_modules/appium-uiautomator2-driver/lib/commands/element.js:26:5)
Erreur lors de la rÃ©cupÃ©ration d'un Ã©lÃ©ment : Message: An unknown server-side error occurred while processing the command. Original error: 'GET /element/00000000-0000-0060-ffff-ffff00000491/attribute/class' cannot be proxied to UiAutomator2 server because the instrumentation process is not running (probably crashed). Check the server log and/or the logcat output for more details
Stacktrace:
UnknownError: An unknown server-side error occurred while processing the command. Original error: 'GET /element/00000000-0000-0060-ffff-ffff00000491/attribute/class' cannot be proxied to UiAutomator2 server because the instrumentation process is not running (probably crashed). Check the server log and/or the logcat output for more details
    at UIA2Proxy.command (/usr/lib/node_modules/appium/node_modules/@appium/base-driver/lib/jsonwp-proxy/proxy.js:353:13)
    at AndroidUiautomator2Driver.getAttribute (/home/androidusr/.appium/node_modules/appium-uiautomator2-driver/lib/commands/element.js:26:5)
Erreur lors de la rÃ©cupÃ©ration d'un Ã©lÃ©ment : Message: An unknown server-side error occurred while processing the command. Original error: 'GET /element/00000000-0000-0060-ffff-ffff00000493/attribute/class' cannot be proxied to UiAutomator2 server because the instrumentation process is not running (probably crashed). Check the server log and/or the logcat output for more details
Stacktrace:
UnknownError: An unknown server-side error occurred while processing the command. Original error: 'GET /element/00000000-0000-0060-ffff-ffff00000493/attribute/class' cannot be proxied to UiAutomator2 server because the instrumentation process is not running (probably crashed). Check the server log and/or the logcat output for more details
    at UIA2Proxy.command (/usr/lib/node_modules/appium/node_modules/@appium/base-driver/lib/jsonwp-proxy/proxy.js:353:13)
    at AndroidUiautomator2Driver.getAttribute (/home/androidusr/.appium/node_modules/appium-uiautomator2-driver/lib/commands/element.js:26:5)
Erreur lors de la rÃ©cupÃ©ration d'un Ã©lÃ©ment : Message: An unknown server-side error occurred while processing the command. Original error: 'GET /element/00000000-0000-0060-ffff-ffff00000494/attribute/class' cannot be proxied to UiAutomator2 server because the instrumentation process is not running (probably crashed). Check the server log and/or the logcat output for more details
Stacktrace:
UnknownError: An unknown server-side error occurred while processing the command. Original error: 'GET /element/00000000-0000-0060-ffff-ffff00000494/attribute/class' cannot be proxied to UiAutomator2 server because the instrumentation process is not running (probably crashed). Check the server log and/or the logcat output for more details
    at UIA2Proxy.command (/usr/lib/node_modules/appium/node_modules/@appium/base-driver/lib/jsonwp-proxy/proxy.js:353:13)
    at AndroidUiautomator2Driver.getAttribute (/home/androidusr/.appium/node_modules/appium-uiautomator2-driver/lib/commands/element.js:26:5)
Erreur lors de la rÃ©cupÃ©ration d'un Ã©lÃ©ment : Message: An unknown server-side error occurred while processing the command. Original error: 'GET /element/00000000-0000-0060-ffff-ffff00000496/attribute/class' cannot be proxied to UiAutomator2 server because the instrumentation process is not running (probably crashed). Check the server log and/or the logcat output for more details
Stacktrace:
UnknownError: An unknown server-side error occurred while processing the command. Original error: 'GET /element/00000000-0000-0060-ffff-ffff00000496/attribute/class' cannot be proxied to UiAutomator2 server because the instrumentation process is not running (probably crashed). Check the server log and/or the logcat output for more details
    at UIA2Proxy.command (/usr/lib/node_modules/appium/node_modules/@appium/base-driver/lib/jsonwp-proxy/proxy.js:353:13)
    at AndroidUiautomator2Driver.getAttribute (/home/androidusr/.appium/node_modules/appium-uiautomator2-driver/lib/commands/element.js:26:5)
Erreur lors de la rÃ©cupÃ©ration d'un Ã©lÃ©ment : Message: An unknown server-side error occurred while processing the command. Original error: 'GET /element/00000000-0000-0060-ffff-ffff00000528/attribute/class' cannot be proxied to UiAutomator2 server because the instrumentation process is not running (probably crashed). Check the server log and/or the logcat output for more details
Stacktrace:
UnknownError: An unknown server-side error occurred while processing the command. Original error: 'GET /element/00000000-0000-0060-ffff-ffff00000528/attribute/class' cannot be proxied to UiAutomator2 server because the instrumentation process is not running (probably crashed). Check the server log and/or the logcat output for more details
    at UIA2Proxy.command (/usr/lib/node_modules/appium/node_modules/@appium/base-driver/lib/jsonwp-proxy/proxy.js:353:13)
    at AndroidUiautomator2Driver.getAttribute (/home/androidusr/.appium/node_modules/appium-uiautomator2-driver/lib/commands/element.js:26:5)
Erreur lors de la rÃ©cupÃ©ration d'un Ã©lÃ©ment : Message: An unknown server-side error occurred while processing the command. Original error: 'GET /element/00000000-0000-0060-ffff-ffff00000529/attribute/class' cannot be proxied to UiAutomator2 server because the instrumentation process is not running (probably crashed). Check the server log and/or the logcat output for more details
Stacktrace:
UnknownError: An unknown server-side error occurred while processing the command. Original error: 'GET /element/00000000-0000-0060-ffff-ffff00000529/attribute/class' cannot be proxied to UiAutomator2 server because the instrumentation process is not running (probably crashed). Check the server log and/or the logcat output for more details
    at UIA2Proxy.command (/usr/lib/node_modules/appium/node_modules/@appium/base-driver/lib/jsonwp-proxy/proxy.js:353:13)
    at AndroidUiautomator2Driver.getAttribute (/home/androidusr/.appium/node_modules/appium-uiautomator2-driver/lib/commands/element.js:26:5)
Erreur lors de la rÃ©cupÃ©ration d'un Ã©lÃ©ment : Message: An unknown server-side error occurred while processing the command. Original error: 'GET /element/00000000-0000-0060-ffff-ffff0000052a/attribute/class' cannot be proxied to UiAutomator2 server because the instrumentation process is not running (probably crashed). Check the server log and/or the logcat output for more details
Stacktrace:
UnknownError: An unknown server-side error occurred while processing the command. Original error: 'GET /element/00000000-0000-0060-ffff-ffff0000052a/attribute/class' cannot be proxied to UiAutomator2 server because the instrumentation process is not running (probably crashed). Check the server log and/or the logcat output for more details
    at UIA2Proxy.command (/usr/lib/node_modules/appium/node_modules/@appium/base-driver/lib/jsonwp-proxy/proxy.js:353:13)
    at AndroidUiautomator2Driver.getAttribute (/home/androidusr/.appium/node_modules/appium-uiautomator2-driver/lib/commands/element.js:26:5)
Erreur lors de la rÃ©cupÃ©ration d'un Ã©lÃ©ment : Message: An unknown server-side error occurred while processing the command. Original error: 'GET /element/00000000-0000-0060-ffff-ffff0000052b/attribute/class' cannot be proxied to UiAutomator2 server because the instrumentation process is not running (probably crashed). Check the server log and/or the logcat output for more details
Stacktrace:
UnknownError: An unknown server-side error occurred while processing the command. Original error: 'GET /element/00000000-0000-0060-ffff-ffff0000052b/attribute/class' cannot be proxied to UiAutomator2 server because the instrumentation process is not running (probably crashed). Check the server log and/or the logcat output for more details
    at UIA2Proxy.command (/usr/lib/node_modules/appium/node_modules/@appium/base-driver/lib/jsonwp-proxy/proxy.js:353:13)
    at AndroidUiautomator2Driver.getAttribute (/home/androidusr/.appium/node_modules/appium-uiautomator2-driver/lib/commands/element.js:26:5)
Erreur lors de la rÃ©cupÃ©ration d'un Ã©lÃ©ment : Message: An unknown server-side error occurred while processing the command. Original error: 'GET /element/00000000-0000-0060-ffff-ffff0000052c/attribute/class' cannot be proxied to UiAutomator2 server because the instrumentation process is not running (probably crashed). Check the server log and/or the logcat output for more details
Stacktrace:
UnknownError: An unknown server-side error occurred while processing the command. Original error: 'GET /element/00000000-0000-0060-ffff-ffff0000052c/attribute/class' cannot be proxied to UiAutomator2 server because the instrumentation process is not running (probably crashed). Check the server log and/or the logcat output for more details
    at UIA2Proxy.command (/usr/lib/node_modules/appium/node_modules/@appium/base-driver/lib/jsonwp-proxy/proxy.js:353:13)
    at AndroidUiautomator2Driver.getAttribute (/home/androidusr/.appium/node_modules/appium-uiautomator2-driver/lib/commands/element.js:26:5)
Erreur lors de la rÃ©cupÃ©ration d'un Ã©lÃ©ment : Message: An unknown server-side error occurred while processing the command. Original error: 'GET /element/00000000-0000-0060-ffff-ffff0000052d/attribute/class' cannot be proxied to UiAutomator2 server because the instrumentation process is not running (probably crashed). Check the server log and/or the logcat output for more details
Stacktrace:
UnknownError: An unknown server-side error occurred while processing the command. Original error: 'GET /element/00000000-0000-0060-ffff-ffff0000052d/attribute/class' cannot be proxied to UiAutomator2 server because the instrumentation process is not running (probably crashed). Check the server log and/or the logcat output for more details
    at UIA2Proxy.command (/usr/lib/node_modules/appium/node_modules/@appium/base-driver/lib/jsonwp-proxy/proxy.js:353:13)
    at AndroidUiautomator2Driver.getAttribute (/home/androidusr/.appium/node_modules/appium-uiautomator2-driver/lib/commands/element.js:26:5)
Erreur lors de la rÃ©cupÃ©ration d'un Ã©lÃ©ment : Message: An unknown server-side error occurred while processing the command. Original error: 'GET /element/00000000-0000-0060-ffff-ffff00000592/attribute/class' cannot be proxied to UiAutomator2 server because the instrumentation process is not running (probably crashed). Check the server log and/or the logcat output for more details
Stacktrace:
UnknownError: An unknown server-side error occurred while processing the command. Original error: 'GET /element/00000000-0000-0060-ffff-ffff00000592/attribute/class' cannot be proxied to UiAutomator2 server because the instrumentation process is not running (probably crashed). Check the server log and/or the logcat output for more details
    at UIA2Proxy.command (/usr/lib/node_modules/appium/node_modules/@appium/base-driver/lib/jsonwp-proxy/proxy.js:353:13)
    at AndroidUiautomator2Driver.getAttribute (/home/androidusr/.appium/node_modules/appium-uiautomator2-driver/lib/commands/element.js:26:5)
Erreur lors de la rÃ©cupÃ©ration d'un Ã©lÃ©ment : Message: An unknown server-side error occurred while processing the command. Original error: 'GET /element/00000000-0000-0060-ffff-ffff00000593/attribute/class' cannot be proxied to UiAutomator2 server because the instrumentation process is not running (probably crashed). Check the server log and/or the logcat output for more details
Stacktrace:
UnknownError: An unknown server-side error occurred while processing the command. Original error: 'GET /element/00000000-0000-0060-ffff-ffff00000593/attribute/class' cannot be proxied to UiAutomator2 server because the instrumentation process is not running (probably crashed). Check the server log and/or the logcat output for more details
    at UIA2Proxy.command (/usr/lib/node_modules/appium/node_modules/@appium/base-driver/lib/jsonwp-proxy/proxy.js:353:13)
    at AndroidUiautomator2Driver.getAttribute (/home/androidusr/.appium/node_modules/appium-uiautomator2-driver/lib/commands/element.js:26:5)
Erreur lors de la rÃ©cupÃ©ration d'un Ã©lÃ©ment : Message: An unknown server-side error occurred while processing the command. Original error: 'GET /element/00000000-0000-0060-ffff-ffff00000594/attribute/class' cannot be proxied to UiAutomator2 server because the instrumentation process is not running (probably crashed). Check the server log and/or the logcat output for more details
Stacktrace:
UnknownError: An unknown server-side error occurred while processing the command. Original error: 'GET /element/00000000-0000-0060-ffff-ffff00000594/attribute/class' cannot be proxied to UiAutomator2 server because the instrumentation process is not running (probably crashed). Check the server log and/or the logcat output for more details
    at UIA2Proxy.command (/usr/lib/node_modules/appium/node_modules/@appium/base-driver/lib/jsonwp-proxy/proxy.js:353:13)
    at AndroidUiautomator2Driver.getAttribute (/home/androidusr/.appium/node_modules/appium-uiautomator2-driver/lib/commands/element.js:26:5)
Erreur lors de la rÃ©cupÃ©ration d'un Ã©lÃ©ment : Message: An unknown server-side error occurred while processing the command. Original error: 'GET /element/00000000-0000-0060-ffff-ffff00000595/attribute/class' cannot be proxied to UiAutomator2 server because the instrumentation process is not running (probably crashed). Check the server log and/or the logcat output for more details
Stacktrace:
UnknownError: An unknown server-side error occurred while processing the command. Original error: 'GET /element/00000000-0000-0060-ffff-ffff00000595/attribute/class' cannot be proxied to UiAutomator2 server because the instrumentation process is not running (probably crashed). Check the server log and/or the logcat output for more details
    at UIA2Proxy.command (/usr/lib/node_modules/appium/node_modules/@appium/base-driver/lib/jsonwp-proxy/proxy.js:353:13)
    at AndroidUiautomator2Driver.getAttribute (/home/androidusr/.appium/node_modules/appium-uiautomator2-driver/lib/commands/element.js:26:5)
Erreur lors de la rÃ©cupÃ©ration d'un Ã©lÃ©ment : Message: An unknown server-side error occurred while processing the command. Original error: 'GET /element/00000000-0000-0060-ffff-ffff00000596/attribute/class' cannot be proxied to UiAutomator2 server because the instrumentation process is not running (probably crashed). Check the server log and/or the logcat output for more details
Stacktrace:
UnknownError: An unknown server-side error occurred while processing the command. Original error: 'GET /element/00000000-0000-0060-ffff-ffff00000596/attribute/class' cannot be proxied to UiAutomator2 server because the instrumentation process is not running (probably crashed). Check the server log and/or the logcat output for more details
    at UIA2Proxy.command (/usr/lib/node_modules/appium/node_modules/@appium/base-driver/lib/jsonwp-proxy/proxy.js:353:13)
    at AndroidUiautomator2Driver.getAttribute (/home/androidusr/.appium/node_modules/appium-uiautomator2-driver/lib/commands/element.js:26:5)
Erreur lors de la rÃ©cupÃ©ration d'un Ã©lÃ©ment : Message: An unknown server-side error occurred while processing the command. Original error: 'GET /element/00000000-0000-0060-ffff-ffff00000597/attribute/class' cannot be proxied to UiAutomator2 server because the instrumentation process is not running (probably crashed). Check the server log and/or the logcat output for more details
Stacktrace:
UnknownError: An unknown server-side error occurred while processing the command. Original error: 'GET /element/00000000-0000-0060-ffff-ffff00000597/attribute/class' cannot be proxied to UiAutomator2 server because the instrumentation process is not running (probably crashed). Check the server log and/or the logcat output for more details
    at UIA2Proxy.command (/usr/lib/node_modules/appium/node_modules/@appium/base-driver/lib/jsonwp-proxy/proxy.js:353:13)
    at AndroidUiautomator2Driver.getAttribute (/home/androidusr/.appium/node_modules/appium-uiautomator2-driver/lib/commands/element.js:26:5)
Erreur lors de la rÃ©cupÃ©ration d'un Ã©lÃ©ment : Message: An unknown server-side error occurred while processing the command. Original error: 'GET /element/00000000-0000-0060-ffff-ffff00000599/attribute/class' cannot be proxied to UiAutomator2 server because the instrumentation process is not running (probably crashed). Check the server log and/or the logcat output for more details
Stacktrace:
UnknownError: An unknown server-side error occurred while processing the command. Original error: 'GET /element/00000000-0000-0060-ffff-ffff00000599/attribute/class' cannot be proxied to UiAutomator2 server because the instrumentation process is not running (probably crashed). Check the server log and/or the logcat output for more details
    at UIA2Proxy.command (/usr/lib/node_modules/appium/node_modules/@appium/base-driver/lib/jsonwp-proxy/proxy.js:353:13)
    at AndroidUiautomator2Driver.getAttribute (/home/androidusr/.appium/node_modules/appium-uiautomator2-driver/lib/commands/element.js:26:5)
Erreur lors de la rÃ©cupÃ©ration d'un Ã©lÃ©ment : Message: An unknown server-side error occurred while processing the command. Original error: 'GET /element/00000000-0000-0060-ffff-ffff0000059b/attribute/class' cannot be proxied to UiAutomator2 server because the instrumentation process is not running (probably crashed). Check the server log and/or the logcat output for more details
Stacktrace:
UnknownError: An unknown server-side error occurred while processing the command. Original error: 'GET /element/00000000-0000-0060-ffff-ffff0000059b/attribute/class' cannot be proxied to UiAutomator2 server because the instrumentation process is not running (probably crashed). Check the server log and/or the logcat output for more details
    at UIA2Proxy.command (/usr/lib/node_modules/appium/node_modules/@appium/base-driver/lib/jsonwp-proxy/proxy.js:353:13)
    at AndroidUiautomator2Driver.getAttribute (/home/androidusr/.appium/node_modules/appium-uiautomator2-driver/lib/commands/element.js:26:5)
Erreur lors de la rÃ©cupÃ©ration d'un Ã©lÃ©ment : Message: An unknown server-side error occurred while processing the command. Original error: 'GET /element/00000000-0000-0060-ffff-ffff0000059c/attribute/class' cannot be proxied to UiAutomator2 server because the instrumentation process is not running (probably crashed). Check the server log and/or the logcat output for more details
Stacktrace:
UnknownError: An unknown server-side error occurred while processing the command. Original error: 'GET /element/00000000-0000-0060-ffff-ffff0000059c/attribute/class' cannot be proxied to UiAutomator2 server because the instrumentation process is not running (probably crashed). Check the server log and/or the logcat output for more details
    at UIA2Proxy.command (/usr/lib/node_modules/appium/node_modules/@appium/base-driver/lib/jsonwp-proxy/proxy.js:353:13)
    at AndroidUiautomator2Driver.getAttribute (/home/androidusr/.appium/node_modules/appium-uiautomator2-driver/lib/commands/element.js:26:5)
Erreur lors de la rÃ©cupÃ©ration d'un Ã©lÃ©ment : Message: An unknown server-side error occurred while processing the command. Original error: 'GET /element/00000000-0000-0060-ffff-ffff0000059a/attribute/class' cannot be proxied to UiAutomator2 server because the instrumentation process is not running (probably crashed). Check the server log and/or the logcat output for more details
Stacktrace:
UnknownError: An unknown server-side error occurred while processing the command. Original error: 'GET /element/00000000-0000-0060-ffff-ffff0000059a/attribute/class' cannot be proxied to UiAutomator2 server because the instrumentation process is not running (probably crashed). Check the server log and/or the logcat output for more details
    at UIA2Proxy.command (/usr/lib/node_modules/appium/node_modules/@appium/base-driver/lib/jsonwp-proxy/proxy.js:353:13)
    at AndroidUiautomator2Driver.getAttribute (/home/androidusr/.appium/node_modules/appium-uiautomator2-driver/lib/commands/element.js:26:5)
Erreur lors de la rÃ©cupÃ©ration d'un Ã©lÃ©ment : Message: An unknown server-side error occurred while processing the command. Original error: 'GET /element/00000000-0000-0060-ffff-ffff0000053e/attribute/class' cannot be proxied to UiAutomator2 server because the instrumentation process is not running (probably crashed). Check the server log and/or the logcat output for more details
Stacktrace:
UnknownError: An unknown server-side error occurred while processing the command. Original error: 'GET /element/00000000-0000-0060-ffff-ffff0000053e/attribute/class' cannot be proxied to UiAutomator2 server because the instrumentation process is not running (probably crashed). Check the server log and/or the logcat output for more details
    at UIA2Proxy.command (/usr/lib/node_modules/appium/node_modules/@appium/base-driver/lib/jsonwp-proxy/proxy.js:353:13)
    at AndroidUiautomator2Driver.getAttribute (/home/androidusr/.appium/node_modules/appium-uiautomator2-driver/lib/commands/element.js:26:5)
Erreur lors de la rÃ©cupÃ©ration d'un Ã©lÃ©ment : Message: An unknown server-side error occurred while processing the command. Original error: 'GET /element/00000000-0000-0060-ffff-ffff0000053f/attribute/class' cannot be proxied to UiAutomator2 server because the instrumentation process is not running (probably crashed). Check the server log and/or the logcat output for more details
Stacktrace:
UnknownError: An unknown server-side error occurred while processing the command. Original error: 'GET /element/00000000-0000-0060-ffff-ffff0000053f/attribute/class' cannot be proxied to UiAutomator2 server because the instrumentation process is not running (probably crashed). Check the server log and/or the logcat output for more details
    at UIA2Proxy.command (/usr/lib/node_modules/appium/node_modules/@appium/base-driver/lib/jsonwp-proxy/proxy.js:353:13)
    at AndroidUiautomator2Driver.getAttribute (/home/androidusr/.appium/node_modules/appium-uiautomator2-driver/lib/commands/element.js:26:5)
Erreur lors de la rÃ©cupÃ©ration d'un Ã©lÃ©ment : Message: An unknown server-side error occurred while processing the command. Original error: 'GET /element/00000000-0000-0060-ffff-ffff00000540/attribute/class' cannot be proxied to UiAutomator2 server because the instrumentation process is not running (probably crashed). Check the server log and/or the logcat output for more details
Stacktrace:
UnknownError: An unknown server-side error occurred while processing the command. Original error: 'GET /element/00000000-0000-0060-ffff-ffff00000540/attribute/class' cannot be proxied to UiAutomator2 server because the instrumentation process is not running (probably crashed). Check the server log and/or the logcat output for more details
    at UIA2Proxy.command (/usr/lib/node_modules/appium/node_modules/@appium/base-driver/lib/jsonwp-proxy/proxy.js:353:13)
    at AndroidUiautomator2Driver.getAttribute (/home/androidusr/.appium/node_modules/appium-uiautomator2-driver/lib/commands/element.js:26:5)
Erreur lors de la rÃ©cupÃ©ration d'un Ã©lÃ©ment : Message: An unknown server-side error occurred while processing the command. Original error: 'GET /element/00000000-0000-0060-ffff-ffff00000541/attribute/class' cannot be proxied to UiAutomator2 server because the instrumentation process is not running (probably crashed). Check the server log and/or the logcat output for more details
Stacktrace:
UnknownError: An unknown server-side error occurred while processing the command. Original error: 'GET /element/00000000-0000-0060-ffff-ffff00000541/attribute/class' cannot be proxied to UiAutomator2 server because the instrumentation process is not running (probably crashed). Check the server log and/or the logcat output for more details
    at UIA2Proxy.command (/usr/lib/node_modules/appium/node_modules/@appium/base-driver/lib/jsonwp-proxy/proxy.js:353:13)
    at AndroidUiautomator2Driver.getAttribute (/home/androidusr/.appium/node_modules/appium-uiautomator2-driver/lib/commands/element.js:26:5)
Erreur lors de la rÃ©cupÃ©ration d'un Ã©lÃ©ment : Message: An unknown server-side error occurred while processing the command. Original error: 'GET /element/00000000-0000-0060-ffff-ffff00000542/attribute/class' cannot be proxied to UiAutomator2 server because the instrumentation process is not running (probably crashed). Check the server log and/or the logcat output for more details
Stacktrace:
UnknownError: An unknown server-side error occurred while processing the command. Original error: 'GET /element/00000000-0000-0060-ffff-ffff00000542/attribute/class' cannot be proxied to UiAutomator2 server because the instrumentation process is not running (probably crashed). Check the server log and/or the logcat output for more details
    at UIA2Proxy.command (/usr/lib/node_modules/appium/node_modules/@appium/base-driver/lib/jsonwp-proxy/proxy.js:353:13)
    at AndroidUiautomator2Driver.getAttribute (/home/androidusr/.appium/node_modules/appium-uiautomator2-driver/lib/commands/element.js:26:5)
Erreur lors de la rÃ©cupÃ©ration d'un Ã©lÃ©ment : Message: An unknown server-side error occurred while processing the command. Original error: 'GET /element/00000000-0000-0060-ffff-ffff00000543/attribute/class' cannot be proxied to UiAutomator2 server because the instrumentation process is not running (probably crashed). Check the server log and/or the logcat output for more details
Stacktrace:
UnknownError: An unknown server-side error occurred while processing the command. Original error: 'GET /element/00000000-0000-0060-ffff-ffff00000543/attribute/class' cannot be proxied to UiAutomator2 server because the instrumentation process is not running (probably crashed). Check the server log and/or the logcat output for more details
    at UIA2Proxy.command (/usr/lib/node_modules/appium/node_modules/@appium/base-driver/lib/jsonwp-proxy/proxy.js:353:13)
    at AndroidUiautomator2Driver.getAttribute (/home/androidusr/.appium/node_modules/appium-uiautomator2-driver/lib/commands/element.js:26:5)
Erreur lors de la rÃ©cupÃ©ration d'un Ã©lÃ©ment : Message: An unknown server-side error occurred while processing the command. Original error: 'GET /element/00000000-0000-0060-ffff-ffff00000545/attribute/class' cannot be proxied to UiAutomator2 server because the instrumentation process is not running (probably crashed). Check the server log and/or the logcat output for more details
Stacktrace:
UnknownError: An unknown server-side error occurred while processing the command. Original error: 'GET /element/00000000-0000-0060-ffff-ffff00000545/attribute/class' cannot be proxied to UiAutomator2 server because the instrumentation process is not running (probably crashed). Check the server log and/or the logcat output for more details
    at UIA2Proxy.command (/usr/lib/node_modules/appium/node_modules/@appium/base-driver/lib/jsonwp-proxy/proxy.js:353:13)
    at AndroidUiautomator2Driver.getAttribute (/home/androidusr/.appium/node_modules/appium-uiautomator2-driver/lib/commands/element.js:26:5)
Erreur lors de la rÃ©cupÃ©ration d'un Ã©lÃ©ment : Message: An unknown server-side error occurred while processing the command. Original error: 'GET /element/00000000-0000-0060-ffff-ffff00000547/attribute/class' cannot be proxied to UiAutomator2 server because the instrumentation process is not running (probably crashed). Check the server log and/or the logcat output for more details
Stacktrace:
UnknownError: An unknown server-side error occurred while processing the command. Original error: 'GET /element/00000000-0000-0060-ffff-ffff00000547/attribute/class' cannot be proxied to UiAutomator2 server because the instrumentation process is not running (probably crashed). Check the server log and/or the logcat output for more details
    at UIA2Proxy.command (/usr/lib/node_modules/appium/node_modules/@appium/base-driver/lib/jsonwp-proxy/proxy.js:353:13)
    at AndroidUiautomator2Driver.getAttribute (/home/androidusr/.appium/node_modules/appium-uiautomator2-driver/lib/commands/element.js:26:5)
Erreur lors de la rÃ©cupÃ©ration d'un Ã©lÃ©ment : Message: An unknown server-side error occurred while processing the command. Original error: 'GET /element/00000000-0000-0060-ffff-ffff00000548/attribute/class' cannot be proxied to UiAutomator2 server because the instrumentation process is not running (probably crashed). Check the server log and/or the logcat output for more details
Stacktrace:
UnknownError: An unknown server-side error occurred while processing the command. Original error: 'GET /element/00000000-0000-0060-ffff-ffff00000548/attribute/class' cannot be proxied to UiAutomator2 server because the instrumentation process is not running (probably crashed). Check the server log and/or the logcat output for more details
    at UIA2Proxy.command (/usr/lib/node_modules/appium/node_modules/@appium/base-driver/lib/jsonwp-proxy/proxy.js:353:13)
    at AndroidUiautomator2Driver.getAttribute (/home/androidusr/.appium/node_modules/appium-uiautomator2-driver/lib/commands/element.js:26:5)
Erreur lors de la rÃ©cupÃ©ration d'un Ã©lÃ©ment : Message: An unknown server-side error occurred while processing the command. Original error: 'GET /element/00000000-0000-0060-ffff-ffff00000546/attribute/class' cannot be proxied to UiAutomator2 server because the instrumentation process is not running (probably crashed). Check the server log and/or the logcat output for more details
Stacktrace:
UnknownError: An unknown server-side error occurred while processing the command. Original error: 'GET /element/00000000-0000-0060-ffff-ffff00000546/attribute/class' cannot be proxied to UiAutomator2 server because the instrumentation process is not running (probably crashed). Check the server log and/or the logcat output for more details
    at UIA2Proxy.command (/usr/lib/node_modules/appium/node_modules/@appium/base-driver/lib/jsonwp-proxy/proxy.js:353:13)
    at AndroidUiautomator2Driver.getAttribute (/home/androidusr/.appium/node_modules/appium-uiautomator2-driver/lib/commands/element.js:26:5)
Erreur lors de la rÃ©cupÃ©ration d'un Ã©lÃ©ment : Message: An unknown server-side error occurred while processing the command. Original error: 'GET /element/00000000-0000-0060-ffff-ffff0000054a/attribute/class' cannot be proxied to UiAutomator2 server because the instrumentation process is not running (probably crashed). Check the server log and/or the logcat output for more details
Stacktrace:
UnknownError: An unknown server-side error occurred while processing the command. Original error: 'GET /element/00000000-0000-0060-ffff-ffff0000054a/attribute/class' cannot be proxied to UiAutomator2 server because the instrumentation process is not running (probably crashed). Check the server log and/or the logcat output for more details
    at UIA2Proxy.command (/usr/lib/node_modules/appium/node_modules/@appium/base-driver/lib/jsonwp-proxy/proxy.js:353:13)
    at AndroidUiautomator2Driver.getAttribute (/home/androidusr/.appium/node_modules/appium-uiautomator2-driver/lib/commands/element.js:26:5)
Erreur lors de la rÃ©cupÃ©ration d'un Ã©lÃ©ment : Message: An unknown server-side error occurred while processing the command. Original error: 'GET /element/00000000-0000-0060-ffff-ffff0000054b/attribute/class' cannot be proxied to UiAutomator2 server because the instrumentation process is not running (probably crashed). Check the server log and/or the logcat output for more details
Stacktrace:
UnknownError: An unknown server-side error occurred while processing the command. Original error: 'GET /element/00000000-0000-0060-ffff-ffff0000054b/attribute/class' cannot be proxied to UiAutomator2 server because the instrumentation process is not running (probably crashed). Check the server log and/or the logcat output for more details
    at UIA2Proxy.command (/usr/lib/node_modules/appium/node_modules/@appium/base-driver/lib/jsonwp-proxy/proxy.js:353:13)
    at AndroidUiautomator2Driver.getAttribute (/home/androidusr/.appium/node_modules/appium-uiautomator2-driver/lib/commands/element.js:26:5)
Erreur lors de la rÃ©cupÃ©ration d'un Ã©lÃ©ment : Message: An unknown server-side error occurred while processing the command. Original error: 'GET /element/00000000-0000-0060-ffff-ffff0000054c/attribute/class' cannot be proxied to UiAutomator2 server because the instrumentation process is not running (probably crashed). Check the server log and/or the logcat output for more details
Stacktrace:
UnknownError: An unknown server-side error occurred while processing the command. Original error: 'GET /element/00000000-0000-0060-ffff-ffff0000054c/attribute/class' cannot be proxied to UiAutomator2 server because the instrumentation process is not running (probably crashed). Check the server log and/or the logcat output for more details
    at UIA2Proxy.command (/usr/lib/node_modules/appium/node_modules/@appium/base-driver/lib/jsonwp-proxy/proxy.js:353:13)
    at AndroidUiautomator2Driver.getAttribute (/home/androidusr/.appium/node_modules/appium-uiautomator2-driver/lib/commands/element.js:26:5)
Erreur lors de la rÃ©cupÃ©ration d'un Ã©lÃ©ment : Message: An unknown server-side error occurred while processing the command. Original error: 'GET /element/00000000-0000-0060-ffff-ffff0000054d/attribute/class' cannot be proxied to UiAutomator2 server because the instrumentation process is not running (probably crashed). Check the server log and/or the logcat output for more details
Stacktrace:
UnknownError: An unknown server-side error occurred while processing the command. Original error: 'GET /element/00000000-0000-0060-ffff-ffff0000054d/attribute/class' cannot be proxied to UiAutomator2 server because the instrumentation process is not running (probably crashed). Check the server log and/or the logcat output for more details
    at UIA2Proxy.command (/usr/lib/node_modules/appium/node_modules/@appium/base-driver/lib/jsonwp-proxy/proxy.js:353:13)
    at AndroidUiautomator2Driver.getAttribute (/home/androidusr/.appium/node_modules/appium-uiautomator2-driver/lib/commands/element.js:26:5)
Erreur lors de la rÃ©cupÃ©ration d'un Ã©lÃ©ment : Message: An unknown server-side error occurred while processing the command. Original error: 'GET /element/00000000-0000-0060-ffff-ffff0000054e/attribute/class' cannot be proxied to UiAutomator2 server because the instrumentation process is not running (probably crashed). Check the server log and/or the logcat output for more details
Stacktrace:
UnknownError: An unknown server-side error occurred while processing the command. Original error: 'GET /element/00000000-0000-0060-ffff-ffff0000054e/attribute/class' cannot be proxied to UiAutomator2 server because the instrumentation process is not running (probably crashed). Check the server log and/or the logcat output for more details
    at UIA2Proxy.command (/usr/lib/node_modules/appium/node_modules/@appium/base-driver/lib/jsonwp-proxy/proxy.js:353:13)
    at AndroidUiautomator2Driver.getAttribute (/home/androidusr/.appium/node_modules/appium-uiautomator2-driver/lib/commands/element.js:26:5)
Erreur lors de la rÃ©cupÃ©ration d'un Ã©lÃ©ment : Message: An unknown server-side error occurred while processing the command. Original error: 'GET /element/00000000-0000-0060-ffff-ffff0000054f/attribute/class' cannot be proxied to UiAutomator2 server because the instrumentation process is not running (probably crashed). Check the server log and/or the logcat output for more details
Stacktrace:
UnknownError: An unknown server-side error occurred while processing the command. Original error: 'GET /element/00000000-0000-0060-ffff-ffff0000054f/attribute/class' cannot be proxied to UiAutomator2 server because the instrumentation process is not running (probably crashed). Check the server log and/or the logcat output for more details
    at UIA2Proxy.command (/usr/lib/node_modules/appium/node_modules/@appium/base-driver/lib/jsonwp-proxy/proxy.js:353:13)
    at AndroidUiautomator2Driver.getAttribute (/home/androidusr/.appium/node_modules/appium-uiautomator2-driver/lib/commands/element.js:26:5)
Erreur lors de la rÃ©cupÃ©ration d'un Ã©lÃ©ment : Message: An unknown server-side error occurred while processing the command. Original error: 'GET /element/00000000-0000-0060-ffff-ffff00000551/attribute/class' cannot be proxied to UiAutomator2 server because the instrumentation process is not running (probably crashed). Check the server log and/or the logcat output for more details
Stacktrace:
UnknownError: An unknown server-side error occurred while processing the command. Original error: 'GET /element/00000000-0000-0060-ffff-ffff00000551/attribute/class' cannot be proxied to UiAutomator2 server because the instrumentation process is not running (probably crashed). Check the server log and/or the logcat output for more details
    at UIA2Proxy.command (/usr/lib/node_modules/appium/node_modules/@appium/base-driver/lib/jsonwp-proxy/proxy.js:353:13)
    at AndroidUiautomator2Driver.getAttribute (/home/androidusr/.appium/node_modules/appium-uiautomator2-driver/lib/commands/element.js:26:5)
Erreur lors de la rÃ©cupÃ©ration d'un Ã©lÃ©ment : Message: An unknown server-side error occurred while processing the command. Original error: 'GET /element/00000000-0000-0060-ffff-ffff00000553/attribute/class' cannot be proxied to UiAutomator2 server because the instrumentation process is not running (probably crashed). Check the server log and/or the logcat output for more details
Stacktrace:
UnknownError: An unknown server-side error occurred while processing the command. Original error: 'GET /element/00000000-0000-0060-ffff-ffff00000553/attribute/class' cannot be proxied to UiAutomator2 server because the instrumentation process is not running (probably crashed). Check the server log and/or the logcat output for more details
    at UIA2Proxy.command (/usr/lib/node_modules/appium/node_modules/@appium/base-driver/lib/jsonwp-proxy/proxy.js:353:13)
    at AndroidUiautomator2Driver.getAttribute (/home/androidusr/.appium/node_modules/appium-uiautomator2-driver/lib/commands/element.js:26:5)
Erreur lors de la rÃ©cupÃ©ration d'un Ã©lÃ©ment : Message: An unknown server-side error occurred while processing the command. Original error: 'GET /element/00000000-0000-0060-ffff-ffff00000554/attribute/class' cannot be proxied to UiAutomator2 server because the instrumentation process is not running (probably crashed). Check the server log and/or the logcat output for more details
Stacktrace:
UnknownError: An unknown server-side error occurred while processing the command. Original error: 'GET /element/00000000-0000-0060-ffff-ffff00000554/attribute/class' cannot be proxied to UiAutomator2 server because the instrumentation process is not running (probably crashed). Check the server log and/or the logcat output for more details
    at UIA2Proxy.command (/usr/lib/node_modules/appium/node_modules/@appium/base-driver/lib/jsonwp-proxy/proxy.js:353:13)
    at AndroidUiautomator2Driver.getAttribute (/home/androidusr/.appium/node_modules/appium-uiautomator2-driver/lib/commands/element.js:26:5)
Erreur lors de la rÃ©cupÃ©ration d'un Ã©lÃ©ment : Message: An unknown server-side error occurred while processing the command. Original error: 'GET /element/00000000-0000-0060-ffff-ffff00000552/attribute/class' cannot be proxied to UiAutomator2 server because the instrumentation process is not running (probably crashed). Check the server log and/or the logcat output for more details
Stacktrace:
UnknownError: An unknown server-side error occurred while processing the command. Original error: 'GET /element/00000000-0000-0060-ffff-ffff00000552/attribute/class' cannot be proxied to UiAutomator2 server because the instrumentation process is not running (probably crashed). Check the server log and/or the logcat output for more details
    at UIA2Proxy.command (/usr/lib/node_modules/appium/node_modules/@appium/base-driver/lib/jsonwp-proxy/proxy.js:353:13)
    at AndroidUiautomator2Driver.getAttribute (/home/androidusr/.appium/node_modules/appium-uiautomator2-driver/lib/commands/element.js:26:5)
Erreur lors de la rÃ©cupÃ©ration d'un Ã©lÃ©ment : Message: An unknown server-side error occurred while processing the command. Original error: 'GET /element/00000000-0000-0060-ffff-ffff00000556/attribute/class' cannot be proxied to UiAutomator2 server because the instrumentation process is not running (probably crashed). Check the server log and/or the logcat output for more details
Stacktrace:
UnknownError: An unknown server-side error occurred while processing the command. Original error: 'GET /element/00000000-0000-0060-ffff-ffff00000556/attribute/class' cannot be proxied to UiAutomator2 server because the instrumentation process is not running (probably crashed). Check the server log and/or the logcat output for more details
    at UIA2Proxy.command (/usr/lib/node_modules/appium/node_modules/@appium/base-driver/lib/jsonwp-proxy/proxy.js:353:13)
    at AndroidUiautomator2Driver.getAttribute (/home/androidusr/.appium/node_modules/appium-uiautomator2-driver/lib/commands/element.js:26:5)
Erreur lors de la rÃ©cupÃ©ration d'un Ã©lÃ©ment : Message: An unknown server-side error occurred while processing the command. Original error: 'GET /element/00000000-0000-0060-ffff-ffff00000557/attribute/class' cannot be proxied to UiAutomator2 server because the instrumentation process is not running (probably crashed). Check the server log and/or the logcat output for more details
Stacktrace:
UnknownError: An unknown server-side error occurred while processing the command. Original error: 'GET /element/00000000-0000-0060-ffff-ffff00000557/attribute/class' cannot be proxied to UiAutomator2 server because the instrumentation process is not running (probably crashed). Check the server log and/or the logcat output for more details
    at UIA2Proxy.command (/usr/lib/node_modules/appium/node_modules/@appium/base-driver/lib/jsonwp-proxy/proxy.js:353:13)
    at AndroidUiautomator2Driver.getAttribute (/home/androidusr/.appium/node_modules/appium-uiautomator2-driver/lib/commands/element.js:26:5)
Erreur lors de la rÃ©cupÃ©ration d'un Ã©lÃ©ment : Message: An unknown server-side error occurred while processing the command. Original error: 'GET /element/00000000-0000-0060-ffff-ffff00000558/attribute/class' cannot be proxied to UiAutomator2 server because the instrumentation process is not running (probably crashed). Check the server log and/or the logcat output for more details
Stacktrace:
UnknownError: An unknown server-side error occurred while processing the command. Original error: 'GET /element/00000000-0000-0060-ffff-ffff00000558/attribute/class' cannot be proxied to UiAutomator2 server because the instrumentation process is not running (probably crashed). Check the server log and/or the logcat output for more details
    at UIA2Proxy.command (/usr/lib/node_modules/appium/node_modules/@appium/base-driver/lib/jsonwp-proxy/proxy.js:353:13)
    at AndroidUiautomator2Driver.getAttribute (/home/androidusr/.appium/node_modules/appium-uiautomator2-driver/lib/commands/element.js:26:5)
Erreur lors de la rÃ©cupÃ©ration d'un Ã©lÃ©ment : Message: An unknown server-side error occurred while processing the command. Original error: 'GET /element/00000000-0000-0060-ffff-ffff00000559/attribute/class' cannot be proxied to UiAutomator2 server because the instrumentation process is not running (probably crashed). Check the server log and/or the logcat output for more details
Stacktrace:
UnknownError: An unknown server-side error occurred while processing the command. Original error: 'GET /element/00000000-0000-0060-ffff-ffff00000559/attribute/class' cannot be proxied to UiAutomator2 server because the instrumentation process is not running (probably crashed). Check the server log and/or the logcat output for more details
    at UIA2Proxy.command (/usr/lib/node_modules/appium/node_modules/@appium/base-driver/lib/jsonwp-proxy/proxy.js:353:13)
    at AndroidUiautomator2Driver.getAttribute (/home/androidusr/.appium/node_modules/appium-uiautomator2-driver/lib/commands/element.js:26:5)
Erreur lors de la rÃ©cupÃ©ration d'un Ã©lÃ©ment : Message: An unknown server-side error occurred while processing the command. Original error: 'GET /element/00000000-0000-0060-ffff-ffff0000055a/attribute/class' cannot be proxied to UiAutomator2 server because the instrumentation process is not running (probably crashed). Check the server log and/or the logcat output for more details
Stacktrace:
UnknownError: An unknown server-side error occurred while processing the command. Original error: 'GET /element/00000000-0000-0060-ffff-ffff0000055a/attribute/class' cannot be proxied to UiAutomator2 server because the instrumentation process is not running (probably crashed). Check the server log and/or the logcat output for more details
    at UIA2Proxy.command (/usr/lib/node_modules/appium/node_modules/@appium/base-driver/lib/jsonwp-proxy/proxy.js:353:13)
    at AndroidUiautomator2Driver.getAttribute (/home/androidusr/.appium/node_modules/appium-uiautomator2-driver/lib/commands/element.js:26:5)
Erreur lors de la rÃ©cupÃ©ration d'un Ã©lÃ©ment : Message: An unknown server-side error occurred while processing the command. Original error: 'GET /element/00000000-0000-0060-ffff-ffff0000055b/attribute/class' cannot be proxied to UiAutomator2 server because the instrumentation process is not running (probably crashed). Check the server log and/or the logcat output for more details
Stacktrace:
UnknownError: An unknown server-side error occurred while processing the command. Original error: 'GET /element/00000000-0000-0060-ffff-ffff0000055b/attribute/class' cannot be proxied to UiAutomator2 server because the instrumentation process is not running (probably crashed). Check the server log and/or the logcat output for more details
    at UIA2Proxy.command (/usr/lib/node_modules/appium/node_modules/@appium/base-driver/lib/jsonwp-proxy/proxy.js:353:13)
    at AndroidUiautomator2Driver.getAttribute (/home/androidusr/.appium/node_modules/appium-uiautomator2-driver/lib/commands/element.js:26:5)
Erreur lors de la rÃ©cupÃ©ration d'un Ã©lÃ©ment : Message: An unknown server-side error occurred while processing the command. Original error: 'GET /element/00000000-0000-0060-ffff-ffff0000055d/attribute/class' cannot be proxied to UiAutomator2 server because the instrumentation process is not running (probably crashed). Check the server log and/or the logcat output for more details
Stacktrace:
UnknownError: An unknown server-side error occurred while processing the command. Original error: 'GET /element/00000000-0000-0060-ffff-ffff0000055d/attribute/class' cannot be proxied to UiAutomator2 server because the instrumentation process is not running (probably crashed). Check the server log and/or the logcat output for more details
    at UIA2Proxy.command (/usr/lib/node_modules/appium/node_modules/@appium/base-driver/lib/jsonwp-proxy/proxy.js:353:13)
    at AndroidUiautomator2Driver.getAttribute (/home/androidusr/.appium/node_modules/appium-uiautomator2-driver/lib/commands/element.js:26:5)
Erreur lors de la rÃ©cupÃ©ration d'un Ã©lÃ©ment : Message: An unknown server-side error occurred while processing the command. Original error: 'GET /element/00000000-0000-0060-ffff-ffff0000055f/attribute/class' cannot be proxied to UiAutomator2 server because the instrumentation process is not running (probably crashed). Check the server log and/or the logcat output for more details
Stacktrace:
UnknownError: An unknown server-side error occurred while processing the command. Original error: 'GET /element/00000000-0000-0060-ffff-ffff0000055f/attribute/class' cannot be proxied to UiAutomator2 server because the instrumentation process is not running (probably crashed). Check the server log and/or the logcat output for more details
    at UIA2Proxy.command (/usr/lib/node_modules/appium/node_modules/@appium/base-driver/lib/jsonwp-proxy/proxy.js:353:13)
    at AndroidUiautomator2Driver.getAttribute (/home/androidusr/.appium/node_modules/appium-uiautomator2-driver/lib/commands/element.js:26:5)
Erreur lors de la rÃ©cupÃ©ration d'un Ã©lÃ©ment : Message: An unknown server-side error occurred while processing the command. Original error: 'GET /element/00000000-0000-0060-ffff-ffff00000560/attribute/class' cannot be proxied to UiAutomator2 server because the instrumentation process is not running (probably crashed). Check the server log and/or the logcat output for more details
Stacktrace:
UnknownError: An unknown server-side error occurred while processing the command. Original error: 'GET /element/00000000-0000-0060-ffff-ffff00000560/attribute/class' cannot be proxied to UiAutomator2 server because the instrumentation process is not running (probably crashed). Check the server log and/or the logcat output for more details
    at UIA2Proxy.command (/usr/lib/node_modules/appium/node_modules/@appium/base-driver/lib/jsonwp-proxy/proxy.js:353:13)
    at AndroidUiautomator2Driver.getAttribute (/home/androidusr/.appium/node_modules/appium-uiautomator2-driver/lib/commands/element.js:26:5)
Erreur lors de la rÃ©cupÃ©ration d'un Ã©lÃ©ment : Message: An unknown server-side error occurred while processing the command. Original error: 'GET /element/00000000-0000-0060-ffff-ffff0000055e/attribute/class' cannot be proxied to UiAutomator2 server because the instrumentation process is not running (probably crashed). Check the server log and/or the logcat output for more details
Stacktrace:
UnknownError: An unknown server-side error occurred while processing the command. Original error: 'GET /element/00000000-0000-0060-ffff-ffff0000055e/attribute/class' cannot be proxied to UiAutomator2 server because the instrumentation process is not running (probably crashed). Check the server log and/or the logcat output for more details
    at UIA2Proxy.command (/usr/lib/node_modules/appium/node_modules/@appium/base-driver/lib/jsonwp-proxy/proxy.js:353:13)
    at AndroidUiautomator2Driver.getAttribute (/home/androidusr/.appium/node_modules/appium-uiautomator2-driver/lib/commands/element.js:26:5)
Erreur lors de la rÃ©cupÃ©ration d'un Ã©lÃ©ment : Message: An unknown server-side error occurred while processing the command. Original error: 'GET /element/00000000-0000-0060-ffff-ffff0000059e/attribute/class' cannot be proxied to UiAutomator2 server because the instrumentation process is not running (probably crashed). Check the server log and/or the logcat output for more details
Stacktrace:
UnknownError: An unknown server-side error occurred while processing the command. Original error: 'GET /element/00000000-0000-0060-ffff-ffff0000059e/attribute/class' cannot be proxied to UiAutomator2 server because the instrumentation process is not running (probably crashed). Check the server log and/or the logcat output for more details
    at UIA2Proxy.command (/usr/lib/node_modules/appium/node_modules/@appium/base-driver/lib/jsonwp-proxy/proxy.js:353:13)
    at AndroidUiautomator2Driver.getAttribute (/home/androidusr/.appium/node_modules/appium-uiautomator2-driver/lib/commands/element.js:26:5)
Erreur lors de la rÃ©cupÃ©ration d'un Ã©lÃ©ment : Message: An unknown server-side error occurred while processing the command. Original error: 'GET /element/00000000-0000-0060-ffff-ffff0000059f/attribute/class' cannot be proxied to UiAutomator2 server because the instrumentation process is not running (probably crashed). Check the server log and/or the logcat output for more details
Stacktrace:
UnknownError: An unknown server-side error occurred while processing the command. Original error: 'GET /element/00000000-0000-0060-ffff-ffff0000059f/attribute/class' cannot be proxied to UiAutomator2 server because the instrumentation process is not running (probably crashed). Check the server log and/or the logcat output for more details
    at UIA2Proxy.command (/usr/lib/node_modules/appium/node_modules/@appium/base-driver/lib/jsonwp-proxy/proxy.js:353:13)
    at AndroidUiautomator2Driver.getAttribute (/home/androidusr/.appium/node_modules/appium-uiautomator2-driver/lib/commands/element.js:26:5)
Erreur lors de la rÃ©cupÃ©ration d'un Ã©lÃ©ment : Message: An unknown server-side error occurred while processing the command. Original error: 'GET /element/00000000-0000-0060-ffff-ffff000005a0/attribute/class' cannot be proxied to UiAutomator2 server because the instrumentation process is not running (probably crashed). Check the server log and/or the logcat output for more details
Stacktrace:
UnknownError: An unknown server-side error occurred while processing the command. Original error: 'GET /element/00000000-0000-0060-ffff-ffff000005a0/attribute/class' cannot be proxied to UiAutomator2 server because the instrumentation process is not running (probably crashed). Check the server log and/or the logcat output for more details
    at UIA2Proxy.command (/usr/lib/node_modules/appium/node_modules/@appium/base-driver/lib/jsonwp-proxy/proxy.js:353:13)
    at AndroidUiautomator2Driver.getAttribute (/home/androidusr/.appium/node_modules/appium-uiautomator2-driver/lib/commands/element.js:26:5)
Erreur lors de la rÃ©cupÃ©ration d'un Ã©lÃ©ment : Message: An unknown server-side error occurred while processing the command. Original error: 'GET /element/00000000-0000-0060-ffff-ffff000005a1/attribute/class' cannot be proxied to UiAutomator2 server because the instrumentation process is not running (probably crashed). Check the server log and/or the logcat output for more details
Stacktrace:
UnknownError: An unknown server-side error occurred while processing the command. Original error: 'GET /element/00000000-0000-0060-ffff-ffff000005a1/attribute/class' cannot be proxied to UiAutomator2 server because the instrumentation process is not running (probably crashed). Check the server log and/or the logcat output for more details
    at UIA2Proxy.command (/usr/lib/node_modules/appium/node_modules/@appium/base-driver/lib/jsonwp-proxy/proxy.js:353:13)
    at AndroidUiautomator2Driver.getAttribute (/home/androidusr/.appium/node_modules/appium-uiautomator2-driver/lib/commands/element.js:26:5)
Erreur lors de la rÃ©cupÃ©ration d'un Ã©lÃ©ment : Message: An unknown server-side error occurred while processing the command. Original error: 'GET /element/00000000-0000-0060-ffff-ffff000005a2/attribute/class' cannot be proxied to UiAutomator2 server because the instrumentation process is not running (probably crashed). Check the server log and/or the logcat output for more details
Stacktrace:
UnknownError: An unknown server-side error occurred while processing the command. Original error: 'GET /element/00000000-0000-0060-ffff-ffff000005a2/attribute/class' cannot be proxied to UiAutomator2 server because the instrumentation process is not running (probably crashed). Check the server log and/or the logcat output for more details
    at UIA2Proxy.command (/usr/lib/node_modules/appium/node_modules/@appium/base-driver/lib/jsonwp-proxy/proxy.js:353:13)
    at AndroidUiautomator2Driver.getAttribute (/home/androidusr/.appium/node_modules/appium-uiautomator2-driver/lib/commands/element.js:26:5)
Erreur lors de la rÃ©cupÃ©ration d'un Ã©lÃ©ment : Message: An unknown server-side error occurred while processing the command. Original error: 'GET /element/00000000-0000-0060-ffff-ffff000005a3/attribute/class' cannot be proxied to UiAutomator2 server because the instrumentation process is not running (probably crashed). Check the server log and/or the logcat output for more details
Stacktrace:
UnknownError: An unknown server-side error occurred while processing the command. Original error: 'GET /element/00000000-0000-0060-ffff-ffff000005a3/attribute/class' cannot be proxied to UiAutomator2 server because the instrumentation process is not running (probably crashed). Check the server log and/or the logcat output for more details
    at UIA2Proxy.command (/usr/lib/node_modules/appium/node_modules/@appium/base-driver/lib/jsonwp-proxy/proxy.js:353:13)
    at AndroidUiautomator2Driver.getAttribute (/home/androidusr/.appium/node_modules/appium-uiautomator2-driver/lib/commands/element.js:26:5)
Erreur lors de la rÃ©cupÃ©ration d'un Ã©lÃ©ment : Message: An unknown server-side error occurred while processing the command. Original error: 'GET /element/00000000-0000-0060-ffff-ffff000005a5/attribute/class' cannot be proxied to UiAutomator2 server because the instrumentation process is not running (probably crashed). Check the server log and/or the logcat output for more details
Stacktrace:
UnknownError: An unknown server-side error occurred while processing the command. Original error: 'GET /element/00000000-0000-0060-ffff-ffff000005a5/attribute/class' cannot be proxied to UiAutomator2 server because the instrumentation process is not running (probably crashed). Check the server log and/or the logcat output for more details
    at UIA2Proxy.command (/usr/lib/node_modules/appium/node_modules/@appium/base-driver/lib/jsonwp-proxy/proxy.js:353:13)
    at AndroidUiautomator2Driver.getAttribute (/home/androidusr/.appium/node_modules/appium-uiautomator2-driver/lib/commands/element.js:26:5)
Erreur lors de la rÃ©cupÃ©ration d'un Ã©lÃ©ment : Message: An unknown server-side error occurred while processing the command. Original error: 'GET /element/00000000-0000-0060-ffff-ffff000005a7/attribute/class' cannot be proxied to UiAutomator2 server because the instrumentation process is not running (probably crashed). Check the server log and/or the logcat output for more details
Stacktrace:
UnknownError: An unknown server-side error occurred while processing the command. Original error: 'GET /element/00000000-0000-0060-ffff-ffff000005a7/attribute/class' cannot be proxied to UiAutomator2 server because the instrumentation process is not running (probably crashed). Check the server log and/or the logcat output for more details
    at UIA2Proxy.command (/usr/lib/node_modules/appium/node_modules/@appium/base-driver/lib/jsonwp-proxy/proxy.js:353:13)
    at AndroidUiautomator2Driver.getAttribute (/home/androidusr/.appium/node_modules/appium-uiautomator2-driver/lib/commands/element.js:26:5)
Erreur lors de la rÃ©cupÃ©ration d'un Ã©lÃ©ment : Message: An unknown server-side error occurred while processing the command. Original error: 'GET /element/00000000-0000-0060-ffff-ffff000005a8/attribute/class' cannot be proxied to UiAutomator2 server because the instrumentation process is not running (probably crashed). Check the server log and/or the logcat output for more details
Stacktrace:
UnknownError: An unknown server-side error occurred while processing the command. Original error: 'GET /element/00000000-0000-0060-ffff-ffff000005a8/attribute/class' cannot be proxied to UiAutomator2 server because the instrumentation process is not running (probably crashed). Check the server log and/or the logcat output for more details
    at UIA2Proxy.command (/usr/lib/node_modules/appium/node_modules/@appium/base-driver/lib/jsonwp-proxy/proxy.js:353:13)
    at AndroidUiautomator2Driver.getAttribute (/home/androidusr/.appium/node_modules/appium-uiautomator2-driver/lib/commands/element.js:26:5)
Erreur lors de la rÃ©cupÃ©ration d'un Ã©lÃ©ment : Message: An unknown server-side error occurred while processing the command. Original error: 'GET /element/00000000-0000-0060-ffff-ffff000005a6/attribute/class' cannot be proxied to UiAutomator2 server because the instrumentation process is not running (probably crashed). Check the server log and/or the logcat output for more details
Stacktrace:
UnknownError: An unknown server-side error occurred while processing the command. Original error: 'GET /element/00000000-0000-0060-ffff-ffff000005a6/attribute/class' cannot be proxied to UiAutomator2 server because the instrumentation process is not running (probably crashed). Check the server log and/or the logcat output for more details
    at UIA2Proxy.command (/usr/lib/node_modules/appium/node_modules/@appium/base-driver/lib/jsonwp-proxy/proxy.js:353:13)
    at AndroidUiautomator2Driver.getAttribute (/home/androidusr/.appium/node_modules/appium-uiautomator2-driver/lib/commands/element.js:26:5)
Erreur lors de la rÃ©cupÃ©ration d'un Ã©lÃ©ment : Message: An unknown server-side error occurred while processing the command. Original error: 'GET /element/00000000-0000-0060-ffff-ffff0000052e/attribute/class' cannot be proxied to UiAutomator2 server because the instrumentation process is not running (probably crashed). Check the server log and/or the logcat output for more details
Stacktrace:
UnknownError: An unknown server-side error occurred while processing the command. Original error: 'GET /element/00000000-0000-0060-ffff-ffff0000052e/attribute/class' cannot be proxied to UiAutomator2 server because the instrumentation process is not running (probably crashed). Check the server log and/or the logcat output for more details
    at UIA2Proxy.command (/usr/lib/node_modules/appium/node_modules/@appium/base-driver/lib/jsonwp-proxy/proxy.js:353:13)
    at AndroidUiautomator2Driver.getAttribute (/home/androidusr/.appium/node_modules/appium-uiautomator2-driver/lib/commands/element.js:26:5)
Erreur lors de la rÃ©cupÃ©ration d'un Ã©lÃ©ment : Message: An unknown server-side error occurred while processing the command. Original error: 'GET /element/00000000-0000-0060-ffff-ffff0000052f/attribute/class' cannot be proxied to UiAutomator2 server because the instrumentation process is not running (probably crashed). Check the server log and/or the logcat output for more details
Stacktrace:
UnknownError: An unknown server-side error occurred while processing the command. Original error: 'GET /element/00000000-0000-0060-ffff-ffff0000052f/attribute/class' cannot be proxied to UiAutomator2 server because the instrumentation process is not running (probably crashed). Check the server log and/or the logcat output for more details
    at UIA2Proxy.command (/usr/lib/node_modules/appium/node_modules/@appium/base-driver/lib/jsonwp-proxy/proxy.js:353:13)
    at AndroidUiautomator2Driver.getAttribute (/home/androidusr/.appium/node_modules/appium-uiautomator2-driver/lib/commands/element.js:26:5)
Erreur lors de la rÃ©cupÃ©ration d'un Ã©lÃ©ment : Message: An unknown server-side error occurred while processing the command. Original error: 'GET /element/00000000-0000-0060-ffff-ffff00000530/attribute/class' cannot be proxied to UiAutomator2 server because the instrumentation process is not running (probably crashed). Check the server log and/or the logcat output for more details
Stacktrace:
UnknownError: An unknown server-side error occurred while processing the command. Original error: 'GET /element/00000000-0000-0060-ffff-ffff00000530/attribute/class' cannot be proxied to UiAutomator2 server because the instrumentation process is not running (probably crashed). Check the server log and/or the logcat output for more details
    at UIA2Proxy.command (/usr/lib/node_modules/appium/node_modules/@appium/base-driver/lib/jsonwp-proxy/proxy.js:353:13)
    at AndroidUiautomator2Driver.getAttribute (/home/androidusr/.appium/node_modules/appium-uiautomator2-driver/lib/commands/element.js:26:5)
Erreur lors de la rÃ©cupÃ©ration d'un Ã©lÃ©ment : Message: An unknown server-side error occurred while processing the command. Original error: 'GET /element/00000000-0000-0060-ffff-ffff00000532/attribute/class' cannot be proxied to UiAutomator2 server because the instrumentation process is not running (probably crashed). Check the server log and/or the logcat output for more details
Stacktrace:
UnknownError: An unknown server-side error occurred while processing the command. Original error: 'GET /element/00000000-0000-0060-ffff-ffff00000532/attribute/class' cannot be proxied to UiAutomator2 server because the instrumentation process is not running (probably crashed). Check the server log and/or the logcat output for more details
    at UIA2Proxy.command (/usr/lib/node_modules/appium/node_modules/@appium/base-driver/lib/jsonwp-proxy/proxy.js:353:13)
    at AndroidUiautomator2Driver.getAttribute (/home/androidusr/.appium/node_modules/appium-uiautomator2-driver/lib/commands/element.js:26:5)
Erreur lors de la rÃ©cupÃ©ration d'un Ã©lÃ©ment : Message: An unknown server-side error occurred while processing the command. Original error: 'GET /element/00000000-0000-0060-ffff-ffff00000531/attribute/class' cannot be proxied to UiAutomator2 server because the instrumentation process is not running (probably crashed). Check the server log and/or the logcat output for more details
Stacktrace:
UnknownError: An unknown server-side error occurred while processing the command. Original error: 'GET /element/00000000-0000-0060-ffff-ffff00000531/attribute/class' cannot be proxied to UiAutomator2 server because the instrumentation process is not running (probably crashed). Check the server log and/or the logcat output for more details
    at UIA2Proxy.command (/usr/lib/node_modules/appium/node_modules/@appium/base-driver/lib/jsonwp-proxy/proxy.js:353:13)
    at AndroidUiautomator2Driver.getAttribute (/home/androidusr/.appium/node_modules/appium-uiautomator2-driver/lib/commands/element.js:26:5)
Erreur lors de la rÃ©cupÃ©ration d'un Ã©lÃ©ment : Message: An unknown server-side error occurred while processing the command. Original error: 'GET /element/00000000-0000-0060-ffff-ffff00000533/attribute/class' cannot be proxied to UiAutomator2 server because the instrumentation process is not running (probably crashed). Check the server log and/or the logcat output for more details
Stacktrace:
UnknownError: An unknown server-side error occurred while processing the command. Original error: 'GET /element/00000000-0000-0060-ffff-ffff00000533/attribute/class' cannot be proxied to UiAutomator2 server because the instrumentation process is not running (probably crashed). Check the server log and/or the logcat output for more details
    at UIA2Proxy.command (/usr/lib/node_modules/appium/node_modules/@appium/base-driver/lib/jsonwp-proxy/proxy.js:353:13)
    at AndroidUiautomator2Driver.getAttribute (/home/androidusr/.appium/node_modules/appium-uiautomator2-driver/lib/commands/element.js:26:5)
Erreur lors de la rÃ©cupÃ©ration d'un Ã©lÃ©ment : Message: An unknown server-side error occurred while processing the command. Original error: 'GET /element/00000000-0000-0060-ffff-ffff000004a4/attribute/class' cannot be proxied to UiAutomator2 server because the instrumentation process is not running (probably crashed). Check the server log and/or the logcat output for more details
Stacktrace:
UnknownError: An unknown server-side error occurred while processing the command. Original error: 'GET /element/00000000-0000-0060-ffff-ffff000004a4/attribute/class' cannot be proxied to UiAutomator2 server because the instrumentation process is not running (probably crashed). Check the server log and/or the logcat output for more details
    at UIA2Proxy.command (/usr/lib/node_modules/appium/node_modules/@appium/base-driver/lib/jsonwp-proxy/proxy.js:353:13)
    at AndroidUiautomator2Driver.getAttribute (/home/androidusr/.appium/node_modules/appium-uiautomator2-driver/lib/commands/element.js:26:5)
Erreur lors de la rÃ©cupÃ©ration d'un Ã©lÃ©ment : Message: An unknown server-side error occurred while processing the command. Original error: 'GET /element/00000000-0000-0060-ffff-ffff000004a5/attribute/class' cannot be proxied to UiAutomator2 server because the instrumentation process is not running (probably crashed). Check the server log and/or the logcat output for more details
Stacktrace:
UnknownError: An unknown server-side error occurred while processing the command. Original error: 'GET /element/00000000-0000-0060-ffff-ffff000004a5/attribute/class' cannot be proxied to UiAutomator2 server because the instrumentation process is not running (probably crashed). Check the server log and/or the logcat output for more details
    at UIA2Proxy.command (/usr/lib/node_modules/appium/node_modules/@appium/base-driver/lib/jsonwp-proxy/proxy.js:353:13)
    at AndroidUiautomator2Driver.getAttribute (/home/androidusr/.appium/node_modules/appium-uiautomator2-driver/lib/commands/element.js:26:5)
Erreur lors de la rÃ©cupÃ©ration d'un Ã©lÃ©ment : Message: An unknown server-side error occurred while processing the command. Original error: 'GET /element/00000000-0000-0060-ffff-ffff000004a6/attribute/class' cannot be proxied to UiAutomator2 server because the instrumentation process is not running (probably crashed). Check the server log and/or the logcat output for more details
Stacktrace:
UnknownError: An unknown server-side error occurred while processing the command. Original error: 'GET /element/00000000-0000-0060-ffff-ffff000004a6/attribute/class' cannot be proxied to UiAutomator2 server because the instrumentation process is not running (probably crashed). Check the server log and/or the logcat output for more details
    at UIA2Proxy.command (/usr/lib/node_modules/appium/node_modules/@appium/base-driver/lib/jsonwp-proxy/proxy.js:353:13)
    at AndroidUiautomator2Driver.getAttribute (/home/androidusr/.appium/node_modules/appium-uiautomator2-driver/lib/commands/element.js:26:5)
Erreur lors de la rÃ©cupÃ©ration d'un Ã©lÃ©ment : Message: An unknown server-side error occurred while processing the command. Original error: 'GET /element/00000000-0000-0060-ffff-ffff000004b1/attribute/class' cannot be proxied to UiAutomator2 server because the instrumentation process is not running (probably crashed). Check the server log and/or the logcat output for more details
Stacktrace:
UnknownError: An unknown server-side error occurred while processing the command. Original error: 'GET /element/00000000-0000-0060-ffff-ffff000004b1/attribute/class' cannot be proxied to UiAutomator2 server because the instrumentation process is not running (probably crashed). Check the server log and/or the logcat output for more details
    at UIA2Proxy.command (/usr/lib/node_modules/appium/node_modules/@appium/base-driver/lib/jsonwp-proxy/proxy.js:353:13)
    at AndroidUiautomator2Driver.getAttribute (/home/androidusr/.appium/node_modules/appium-uiautomator2-driver/lib/commands/element.js:26:5)
Erreur lors de la rÃ©cupÃ©ration d'un Ã©lÃ©ment : Message: An unknown server-side error occurred while processing the command. Original error: 'GET /element/00000000-0000-0060-ffff-ffff000004ac/attribute/class' cannot be proxied to UiAutomator2 server because the instrumentation process is not running (probably crashed). Check the server log and/or the logcat output for more details
Stacktrace:
UnknownError: An unknown server-side error occurred while processing the command. Original error: 'GET /element/00000000-0000-0060-ffff-ffff000004ac/attribute/class' cannot be proxied to UiAutomator2 server because the instrumentation process is not running (probably crashed). Check the server log and/or the logcat output for more details
    at UIA2Proxy.command (/usr/lib/node_modules/appium/node_modules/@appium/base-driver/lib/jsonwp-proxy/proxy.js:353:13)
    at AndroidUiautomator2Driver.getAttribute (/home/androidusr/.appium/node_modules/appium-uiautomator2-driver/lib/commands/element.js:26:5)
Erreur lors de la rÃ©cupÃ©ration d'un Ã©lÃ©ment : Message: An unknown server-side error occurred while processing the command. Original error: 'GET /element/00000000-0000-0060-ffff-ffff000004ad/attribute/class' cannot be proxied to UiAutomator2 server because the instrumentation process is not running (probably crashed). Check the server log and/or the logcat output for more details
Stacktrace:
UnknownError: An unknown server-side error occurred while processing the command. Original error: 'GET /element/00000000-0000-0060-ffff-ffff000004ad/attribute/class' cannot be proxied to UiAutomator2 server because the instrumentation process is not running (probably crashed). Check the server log and/or the logcat output for more details
    at UIA2Proxy.command (/usr/lib/node_modules/appium/node_modules/@appium/base-driver/lib/jsonwp-proxy/proxy.js:353:13)
    at AndroidUiautomator2Driver.getAttribute (/home/androidusr/.appium/node_modules/appium-uiautomator2-driver/lib/commands/element.js:26:5)

ğŸ“Œ Liste des settings dÃ©tectÃ©s dans la zone : []</msg>
<msg time="2025-03-26T13:51:02.743480" level="FAIL">WebDriverException: Message: An unknown server-side error occurred while processing the command. Original error: 'POST /actions' cannot be proxied to UiAutomator2 server because the instrumentation process is not running (probably crashed). Check the server log and/or the logcat output for more details
Stacktrace:
UnknownError: An unknown server-side error occurred while processing the command. Original error: 'POST /actions' cannot be proxied to UiAutomator2 server because the instrumentation process is not running (probably crashed). Check the server log and/or the logcat output for more details
    at UIA2Proxy.command (/usr/lib/node_modules/appium/node_modules/@appium/base-driver/lib/jsonwp-proxy/proxy.js:353:13)
    at processTicksAndRejections (node:internal/process/task_queues:105:5)
    at AndroidUiautomator2Driver.performActions (/home/androidusr/.appium/node_modules/appium-uiautomator2-driver/lib/commands/actions.js:88:3)</msg>
<arg>${driver}</arg>
<arg>TestNotificationapk</arg>
<arg>${Setting_system}</arg>
<status status="FAIL" start="2025-03-26T13:50:06.894569" elapsed="55.859417">WebDriverException: Message: An unknown server-side error occurred while processing the command. Original error: 'POST /actions' cannot be proxied to UiAutomator2 server because the instrumentation process is not running (probably crashed). Check the server log and/or the logcat output for more details
Stacktrace:
UnknownError: An unknown server-side error occurred while processing the command. Original error: 'POST /actions' cannot be proxied to UiAutomator2 server because the instrumentation process is not running (probably crashed). Check the server log and/or the logcat output for more details
    at UIA2Proxy.command (/usr/lib/node_modules/appium/node_modules/@appium/base-driver/lib/jsonwp-proxy/proxy.js:353:13)
    at processTicksAndRejections (node:internal/process/task_queues:105:5)
    at AndroidUiautomator2Driver.performActions (/home/androidusr/.appium/node_modules/appium-uiautomator2-driver/lib/commands/actions.js:88:3)</status>
</kw>
<kw name="Activer Notification Si Desactive" owner="Integration">
<arg>${driver}</arg>
<arg>android:id/switch_widget</arg>
<status status="NOT RUN" start="2025-03-26T13:51:02.754193" elapsed="0.000028"/>
</kw>
<kw name="Open Application With Click" owner="Integration">
<var>${resultat}</var>
<arg>${driver}</arg>
<arg>TestNotificationapk</arg>
<status status="NOT RUN" start="2025-03-26T13:51:02.754298" elapsed="0.000015"/>
</kw>
<kw name="Click Element By Text Att" owner="Integration">
<arg>${driver}</arg>
<arg>ENVOYER NOTIFICATION</arg>
<status status="NOT RUN" start="2025-03-26T13:51:02.754382" elapsed="0.000018"/>
</kw>
<kw name="Sleep" owner="BuiltIn">
<arg>2</arg>
<doc>Pauses the test executed for the given time.</doc>
<status status="NOT RUN" start="2025-03-26T13:51:02.754475" elapsed="0.000015"/>
</kw>
<kw name="Afficher Notification" owner="Integration">
<arg>${driver}</arg>
<status status="NOT RUN" start="2025-03-26T13:51:02.754551" elapsed="0.000012"/>
</kw>
<kw name="Sleep" owner="BuiltIn">
<arg>2s</arg>
<doc>Pauses the test executed for the given time.</doc>
<status status="NOT RUN" start="2025-03-26T13:51:02.754624" elapsed="0.000017"/>
</kw>
<kw name="Check Element Exists By Id" owner="Integration">
<var>${Verfier}</var>
<arg>${driver}</arg>
<arg>com.android.systemui:id/notifications</arg>
<doc>VÃ©rifie si un Ã©lÃ©ment existe en utilisant son ID.</doc>
<status status="NOT RUN" start="2025-03-26T13:51:02.754739" elapsed="0.000020"/>
</kw>
<kw name="Should Be True" owner="BuiltIn">
<arg>${Verfier}</arg>
<arg>Notification n'est pas affichÃ©.</arg>
<doc>Fails if the given condition is not true.</doc>
<status status="NOT RUN" start="2025-03-26T13:51:02.754852" elapsed="0.000016"/>
</kw>
<kw name="Check Element Exists By Text" owner="Integration">
<var>${VerfierNotif}</var>
<arg>${driver}</arg>
<arg>Bouton appuyÃ© !</arg>
<doc>VÃ©rifie si un Ã©lÃ©ment contenant le texte spÃ©cifiÃ© existe sur la page.</doc>
<status status="NOT RUN" start="2025-03-26T13:51:02.754950" elapsed="0.000017"/>
</kw>
<doc>Ce test vÃ©rifie la rÃ©ception d'une notification aprÃ¨s l'activation des paramÃ¨tres nÃ©cessaires et l'envoi de la notification depuis une application tierce.</doc>
<status status="FAIL" start="2025-03-26T13:49:01.202068" elapsed="121.553070">WebDriverException: Message: An unknown server-side error occurred while processing the command. Original error: 'POST /actions' cannot be proxied to UiAutomator2 server because the instrumentation process is not running (probably crashed). Check the server log and/or the logcat output for more details
Stacktrace:
UnknownError: An unknown server-side error occurred while processing the command. Original error: 'POST /actions' cannot be proxied to UiAutomator2 server because the instrumentation process is not running (probably crashed). Check the server log and/or the logcat output for more details
    at UIA2Proxy.command (/usr/lib/node_modules/appium/node_modules/@appium/base-driver/lib/jsonwp-proxy/proxy.js:353:13)
    at processTicksAndRejections (node:internal/process/task_queues:105:5)
    at AndroidUiautomator2Driver.performActions (/home/androidusr/.appium/node_modules/appium-uiautomator2-driver/lib/commands/actions.js:88:3)</status>
</test>
<test id="s1-t5" name="Test Notification Supprimer" line="134">
<kw name="Setup Driver" owner="Integration">
<msg time="2025-03-26T13:51:22.810251" level="FAIL">WebDriverException: Message: An unknown server-side error occurred while processing the command. Original error: Could not find a connected Android device in 20000ms
Stacktrace:
UnknownError: An unknown server-side error occurred while processing the command. Original error: Could not find a connected Android device in 20000ms
    at getResponseForW3CError (/usr/lib/node_modules/appium/node_modules/@appium/base-driver/lib/protocol/errors.js:1143:9)
    at asyncHandler (/usr/lib/node_modules/appium/node_modules/@appium/base-driver/lib/protocol/protocol.js:487:57)</msg>
<var>${driver}</var>
<arg>${Device}</arg>
<doc>Initialise et retourne le driver Appium.</doc>
<status status="FAIL" start="2025-03-26T13:51:02.755637" elapsed="20.056631">WebDriverException: Message: An unknown server-side error occurred while processing the command. Original error: Could not find a connected Android device in 20000ms
Stacktrace:
UnknownError: An unknown server-side error occurred while processing the command. Original error: Could not find a connected Android device in 20000ms
    at getResponseForW3CError (/usr/lib/node_modules/appium/node_modules/@appium/base-driver/lib/protocol/errors.js:1143:9)
    at asyncHandler (/usr/lib/node_modules/appium/node_modules/@appium/base-driver/lib/protocol/protocol.js:487:57)</status>
</kw>
<kw name="Get System Language" owner="Integration">
<var>${lang}</var>
<arg>${Device}</arg>
<status status="NOT RUN" start="2025-03-26T13:51:22.812417" elapsed="0.000021"/>
</kw>
<if>
<branch type="IF" condition="'${lang}' == 'fr'">
<kw name="Set Variable" owner="BuiltIn">
<var>${System}</var>
<arg>SystÃ¨me</arg>
<doc>Returns the given values which can then be assigned to a variables.</doc>
<status status="NOT RUN" start="2025-03-26T13:51:22.812587" elapsed="0.000016"/>
</kw>
<kw name="Set Variable" owner="BuiltIn">
<var>${Setting}</var>
<arg>ParamÃ¨tres</arg>
<doc>Returns the given values which can then be assigned to a variables.</doc>
<status status="NOT RUN" start="2025-03-26T13:51:22.812668" elapsed="0.000013"/>
</kw>
<kw name="Set Variable" owner="BuiltIn">
<var>${Langue1}</var>
<arg>Langues et saisie</arg>
<doc>Returns the given values which can then be assigned to a variables.</doc>
<status status="NOT RUN" start="2025-03-26T13:51:22.812734" elapsed="0.000011"/>
</kw>
<kw name="Set Variable" owner="BuiltIn">
<var>${Langue2}</var>
<arg>Langues</arg>
<doc>Returns the given values which can then be assigned to a variables.</doc>
<status status="NOT RUN" start="2025-03-26T13:51:22.812795" elapsed="0.000011"/>
</kw>
<kw name="Set Variable" owner="BuiltIn">
<var>${Btn_clear}</var>
<arg>Tout effacer</arg>
<doc>Returns the given values which can then be assigned to a variables.</doc>
<status status="NOT RUN" start="2025-03-26T13:51:22.812851" elapsed="0.000010"/>
</kw>
<status status="NOT RUN" start="2025-03-26T13:51:22.812505" elapsed="0.000620"/>
</branch>
<branch type="ELSE">
<kw name="Set Variable" owner="BuiltIn">
<var>${System}</var>
<arg>System</arg>
<doc>Returns the given values which can then be assigned to a variables.</doc>
<status status="NOT RUN" start="2025-03-26T13:51:22.813245" elapsed="0.000013"/>
</kw>
<kw name="Set Variable" owner="BuiltIn">
<var>${Setting}</var>
<arg>Settings</arg>
<doc>Returns the given values which can then be assigned to a variables.</doc>
<status status="NOT RUN" start="2025-03-26T13:51:22.813308" elapsed="0.000010"/>
</kw>
<kw name="Set Variable" owner="BuiltIn">
<var>${Langue2}</var>
<arg>Languages</arg>
<doc>Returns the given values which can then be assigned to a variables.</doc>
<status status="NOT RUN" start="2025-03-26T13:51:22.813385" elapsed="0.000012"/>
</kw>
<kw name="Set Variable" owner="BuiltIn">
<var>${Btn_clear}</var>
<arg>Clear all</arg>
<doc>Returns the given values which can then be assigned to a variables.</doc>
<status status="NOT RUN" start="2025-03-26T13:51:22.813447" elapsed="0.000010"/>
</kw>
<status status="NOT RUN" start="2025-03-26T13:51:22.813155" elapsed="0.000321"/>
</branch>
<status status="NOT RUN" start="2025-03-26T13:51:22.812485" elapsed="0.001005"/>
</if>
<kw name="Afficher Notification" owner="Integration">
<arg>${driver}</arg>
<status status="NOT RUN" start="2025-03-26T13:51:22.813542" elapsed="0.000012"/>
</kw>
<kw name="Sleep" owner="BuiltIn">
<arg>2s</arg>
<doc>Pauses the test executed for the given time.</doc>
<status status="NOT RUN" start="2025-03-26T13:51:22.813613" elapsed="0.000013"/>
</kw>
<kw name="Check Element Exists By Text" owner="Integration">
<var>${VerfierNotif}</var>
<arg>${driver}</arg>
<arg>Bouton appuyÃ© !</arg>
<doc>VÃ©rifie si un Ã©lÃ©ment contenant le texte spÃ©cifiÃ© existe sur la page.</doc>
<status status="NOT RUN" start="2025-03-26T13:51:22.813681" elapsed="0.000012"/>
</kw>
<kw name="Should Be True" owner="BuiltIn">
<arg>${VerfierNotif}</arg>
<arg>La notification n'est pas affichÃ©e.</arg>
<doc>Fails if the given condition is not true.</doc>
<status status="NOT RUN" start="2025-03-26T13:51:22.813746" elapsed="0.000010"/>
</kw>
<kw name="Sleep" owner="BuiltIn">
<arg>2s</arg>
<doc>Pauses the test executed for the given time.</doc>
<status status="NOT RUN" start="2025-03-26T13:51:22.813803" elapsed="0.000010"/>
</kw>
<kw name="Click Element By Text" owner="Integration">
<arg>${driver}</arg>
<arg>${Btn_clear}</arg>
<status status="NOT RUN" start="2025-03-26T13:51:22.813857" elapsed="0.000019"/>
</kw>
<kw name="Sleep" owner="BuiltIn">
<arg>1s</arg>
<doc>Pauses the test executed for the given time.</doc>
<status status="NOT RUN" start="2025-03-26T13:51:22.813929" elapsed="0.000011"/>
</kw>
<kw name="Check Element Exists By Text" owner="Integration">
<var>${VerfierNotif}</var>
<arg>${driver}</arg>
<arg>Bouton appuyÃ© !</arg>
<doc>VÃ©rifie si un Ã©lÃ©ment contenant le texte spÃ©cifiÃ© existe sur la page.</doc>
<status status="NOT RUN" start="2025-03-26T13:51:22.813988" elapsed="0.000011"/>
</kw>
<kw name="Run Keyword If" owner="BuiltIn">
<arg>'${VerfierNotif}' == 'False'</arg>
<arg>Log</arg>
<arg>La notification a Ã©tÃ© supprimÃ©e correctement.</arg>
<doc>Runs the given keyword with the given arguments, if ``condition`` is true.</doc>
<status status="NOT RUN" start="2025-03-26T13:51:22.814066" elapsed="0.000011"/>
</kw>
<kw name="Run Keyword If" owner="BuiltIn">
<arg>'${VerfierNotif}' == 'True'</arg>
<arg>Fail</arg>
<arg>La notification n'a pas Ã©tÃ© supprimÃ©e correctement.</arg>
<doc>Runs the given keyword with the given arguments, if ``condition`` is true.</doc>
<status status="NOT RUN" start="2025-03-26T13:51:22.814165" elapsed="0.000013"/>
</kw>
<status status="FAIL" start="2025-03-26T13:51:02.755343" elapsed="20.058968">WebDriverException: Message: An unknown server-side error occurred while processing the command. Original error: Could not find a connected Android device in 20000ms
Stacktrace:
UnknownError: An unknown server-side error occurred while processing the command. Original error: Could not find a connected Android device in 20000ms
    at getResponseForW3CError (/usr/lib/node_modules/appium/node_modules/@appium/base-driver/lib/protocol/errors.js:1143:9)
    at asyncHandler (/usr/lib/node_modules/appium/node_modules/@appium/base-driver/lib/protocol/protocol.js:487:57)</status>
</test>
<test id="s1-t6" name="Test Disable Notification" line="172">
<kw name="Setup Driver" owner="Integration">
<msg time="2025-03-26T13:51:42.844833" level="FAIL">WebDriverException: Message: An unknown server-side error occurred while processing the command. Original error: Could not find a connected Android device in 20000ms
Stacktrace:
UnknownError: An unknown server-side error occurred while processing the command. Original error: Could not find a connected Android device in 20000ms
    at getResponseForW3CError (/usr/lib/node_modules/appium/node_modules/@appium/base-driver/lib/protocol/errors.js:1143:9)
    at asyncHandler (/usr/lib/node_modules/appium/node_modules/@appium/base-driver/lib/protocol/protocol.js:487:57)</msg>
<var>${driver}</var>
<arg>${Device}</arg>
<doc>Initialise et retourne le driver Appium.</doc>
<status status="FAIL" start="2025-03-26T13:51:22.814670" elapsed="20.031331">WebDriverException: Message: An unknown server-side error occurred while processing the command. Original error: Could not find a connected Android device in 20000ms
Stacktrace:
UnknownError: An unknown server-side error occurred while processing the command. Original error: Could not find a connected Android device in 20000ms
    at getResponseForW3CError (/usr/lib/node_modules/appium/node_modules/@appium/base-driver/lib/protocol/errors.js:1143:9)
    at asyncHandler (/usr/lib/node_modules/appium/node_modules/@appium/base-driver/lib/protocol/protocol.js:487:57)</status>
</kw>
<kw name="Get System Language" owner="Integration">
<var>${lang}</var>
<arg>${Device}</arg>
<status status="NOT RUN" start="2025-03-26T13:51:42.846177" elapsed="0.000023"/>
</kw>
<if>
<branch type="IF" condition="'${lang}' == 'fr'">
<kw name="Set Variable" owner="BuiltIn">
<var>${System}</var>
<arg>SystÃ¨me</arg>
<doc>Returns the given values which can then be assigned to a variables.</doc>
<status status="NOT RUN" start="2025-03-26T13:51:42.846329" elapsed="0.000011"/>
</kw>
<kw name="Set Variable" owner="BuiltIn">
<var>${Setting}</var>
<arg>ParamÃ¨tres</arg>
<doc>Returns the given values which can then be assigned to a variables.</doc>
<status status="NOT RUN" start="2025-03-26T13:51:42.846394" elapsed="0.000010"/>
</kw>
<kw name="Set Variable" owner="BuiltIn">
<var>${Noti}</var>
<arg>Notifications</arg>
<doc>Returns the given values which can then be assigned to a variables.</doc>
<status status="NOT RUN" start="2025-03-26T13:51:42.846452" elapsed="0.000009"/>
</kw>
<status status="NOT RUN" start="2025-03-26T13:51:42.846262" elapsed="0.000216"/>
</branch>
<branch type="ELSE">
<kw name="Set Variable" owner="BuiltIn">
<var>${System}</var>
<arg>System</arg>
<doc>Returns the given values which can then be assigned to a variables.</doc>
<status status="NOT RUN" start="2025-03-26T13:51:42.846542" elapsed="0.000010"/>
</kw>
<kw name="Set Variable" owner="BuiltIn">
<var>${Setting}</var>
<arg>Settings</arg>
<doc>Returns the given values which can then be assigned to a variables.</doc>
<status status="NOT RUN" start="2025-03-26T13:51:42.846608" elapsed="0.000013"/>
</kw>
<kw name="Set Variable" owner="BuiltIn">
<var>${Noti}</var>
<arg>Notifications</arg>
<doc>Returns the given values which can then be assigned to a variables.</doc>
<status status="NOT RUN" start="2025-03-26T13:51:42.846683" elapsed="0.000013"/>
</kw>
<status status="NOT RUN" start="2025-03-26T13:51:42.846495" elapsed="0.000223"/>
</branch>
<status status="NOT RUN" start="2025-03-26T13:51:42.846246" elapsed="0.000485"/>
</if>
<kw name="Open Application With Click" owner="Integration">
<var>${resultat}</var>
<arg>${driver}</arg>
<arg>${Setting}</arg>
<status status="NOT RUN" start="2025-03-26T13:51:42.846780" elapsed="0.000011"/>
</kw>
<kw name="Sleep" owner="BuiltIn">
<arg>1s</arg>
<doc>Pauses the test executed for the given time.</doc>
<status status="NOT RUN" start="2025-03-26T13:51:42.847070" elapsed="0.000024"/>
</kw>
<kw name="Check Element Exists By Id" owner="Integration">
<var>${Verfier}</var>
<arg>${driver}</arg>
<arg>${Setting_xpath_id}</arg>
<doc>VÃ©rifie si un Ã©lÃ©ment existe en utilisant son ID.</doc>
<status status="NOT RUN" start="2025-03-26T13:51:42.847168" elapsed="0.000020"/>
</kw>
<kw name="Should Be True" owner="BuiltIn">
<arg>${Verfier}</arg>
<arg>Settings n'est pas affichÃ©.</arg>
<doc>Fails if the given condition is not true.</doc>
<status status="NOT RUN" start="2025-03-26T13:51:42.847255" elapsed="0.000013"/>
</kw>
<kw name="Clique Sur Setting" owner="Integration">
<arg>${driver}</arg>
<arg>${Noti}</arg>
<arg>${Setting_menu}</arg>
<status status="NOT RUN" start="2025-03-26T13:51:42.847321" elapsed="0.000011"/>
</kw>
<kw name="Clique Sur Setting" owner="Integration">
<arg>${driver}</arg>
<arg>TestNotificationapk</arg>
<arg>${Setting_system}</arg>
<status status="NOT RUN" start="2025-03-26T13:51:42.847381" elapsed="0.000010"/>
</kw>
<kw name="Desactive Notification Si Activer" owner="Integration">
<arg>${driver}</arg>
<arg>android:id/switch_widget</arg>
<status status="NOT RUN" start="2025-03-26T13:51:42.847437" elapsed="0.000010"/>
</kw>
<kw name="Open Application With Click" owner="Integration">
<var>${resultat}</var>
<arg>${driver}</arg>
<arg>TestNotificationapk</arg>
<status status="NOT RUN" start="2025-03-26T13:51:42.847493" elapsed="0.000010"/>
</kw>
<kw name="Click Element By Text" owner="Integration">
<arg>${driver}</arg>
<arg>ENVOYER NOTIFICATION</arg>
<status status="NOT RUN" start="2025-03-26T13:51:42.847549" elapsed="0.000010"/>
</kw>
<kw name="Sleep" owner="BuiltIn">
<arg>2</arg>
<doc>Pauses the test executed for the given time.</doc>
<status status="NOT RUN" start="2025-03-26T13:51:42.847604" elapsed="0.000010"/>
</kw>
<kw name="Afficher Notification" owner="Integration">
<arg>${driver}</arg>
<status status="NOT RUN" start="2025-03-26T13:51:42.847659" elapsed="0.000010"/>
</kw>
<kw name="Sleep" owner="BuiltIn">
<arg>2s</arg>
<doc>Pauses the test executed for the given time.</doc>
<status status="NOT RUN" start="2025-03-26T13:51:42.847720" elapsed="0.000019"/>
</kw>
<kw name="Check Element Exists By Text" owner="Integration">
<var>${VerfierNotif}</var>
<arg>${driver}</arg>
<arg>Bouton appuyÃ© !</arg>
<doc>VÃ©rifie si un Ã©lÃ©ment contenant le texte spÃ©cifiÃ© existe sur la page.</doc>
<status status="NOT RUN" start="2025-03-26T13:51:42.847798" elapsed="0.000011"/>
</kw>
<kw name="Run Keyword If" owner="BuiltIn">
<arg>'${VerfierNotif}' == 'True'</arg>
<arg>Fail</arg>
<arg>La notification a Ã©tÃ© supprimÃ©e correctement.</arg>
<doc>Runs the given keyword with the given arguments, if ``condition`` is true.</doc>
<status status="NOT RUN" start="2025-03-26T13:51:42.847879" elapsed="0.000012"/>
</kw>
<kw name="Run Keyword If" owner="BuiltIn">
<arg>'${VerfierNotif}' == 'False'</arg>
<arg>Log</arg>
<arg>La notification n'a pas Ã©tÃ© supprimÃ©e correctement.</arg>
<doc>Runs the given keyword with the given arguments, if ``condition`` is true.</doc>
<status status="NOT RUN" start="2025-03-26T13:51:42.847946" elapsed="0.000011"/>
</kw>
<status status="FAIL" start="2025-03-26T13:51:22.814461" elapsed="20.033613">WebDriverException: Message: An unknown server-side error occurred while processing the command. Original error: Could not find a connected Android device in 20000ms
Stacktrace:
UnknownError: An unknown server-side error occurred while processing the command. Original error: Could not find a connected Android device in 20000ms
    at getResponseForW3CError (/usr/lib/node_modules/appium/node_modules/@appium/base-driver/lib/protocol/errors.js:1143:9)
    at asyncHandler (/usr/lib/node_modules/appium/node_modules/@appium/base-driver/lib/protocol/protocol.js:487:57)</status>
</test>
<test id="s1-t7" name="Test Modifier Manuellement Date" line="217">
<kw name="Setup Driver" owner="Integration">
<msg time="2025-03-26T13:52:02.890109" level="FAIL">WebDriverException: Message: An unknown server-side error occurred while processing the command. Original error: Could not find a connected Android device in 20000ms
Stacktrace:
UnknownError: An unknown server-side error occurred while processing the command. Original error: Could not find a connected Android device in 20000ms
    at getResponseForW3CError (/usr/lib/node_modules/appium/node_modules/@appium/base-driver/lib/protocol/errors.js:1143:9)
    at asyncHandler (/usr/lib/node_modules/appium/node_modules/@appium/base-driver/lib/protocol/protocol.js:487:57)</msg>
<var>${driver}</var>
<arg>${Device}</arg>
<doc>Initialise et retourne le driver Appium.</doc>
<status status="FAIL" start="2025-03-26T13:51:42.848506" elapsed="20.047493">WebDriverException: Message: An unknown server-side error occurred while processing the command. Original error: Could not find a connected Android device in 20000ms
Stacktrace:
UnknownError: An unknown server-side error occurred while processing the command. Original error: Could not find a connected Android device in 20000ms
    at getResponseForW3CError (/usr/lib/node_modules/appium/node_modules/@appium/base-driver/lib/protocol/errors.js:1143:9)
    at asyncHandler (/usr/lib/node_modules/appium/node_modules/@appium/base-driver/lib/protocol/protocol.js:487:57)</status>
</kw>
<kw name="Get System Language" owner="Integration">
<var>${lang}</var>
<arg>${Device}</arg>
<status status="NOT RUN" start="2025-03-26T13:52:02.896180" elapsed="0.000026"/>
</kw>
<if>
<branch type="IF" condition="'${lang}' == 'fr'">
<kw name="Set Variable" owner="BuiltIn">
<var>${System}</var>
<arg>SystÃ¨me</arg>
<doc>Returns the given values which can then be assigned to a variables.</doc>
<status status="NOT RUN" start="2025-03-26T13:52:02.896399" elapsed="0.000022"/>
</kw>
<kw name="Set Variable" owner="BuiltIn">
<var>${Setting}</var>
<arg>ParamÃ¨tres</arg>
<doc>Returns the given values which can then be assigned to a variables.</doc>
<status status="NOT RUN" start="2025-03-26T13:52:02.896506" elapsed="0.000014"/>
</kw>
<kw name="Set Variable" owner="BuiltIn">
<var>${Date}</var>
<arg>Date et heure</arg>
<doc>Returns the given values which can then be assigned to a variables.</doc>
<status status="NOT RUN" start="2025-03-26T13:52:02.896602" elapsed="0.000029"/>
</kw>
<kw name="Set Variable" owner="BuiltIn">
<var>${Btn_Heure}</var>
<arg>DÃ©finir l'heure</arg>
<doc>Returns the given values which can then be assigned to a variables.</doc>
<status status="NOT RUN" start="2025-03-26T13:52:02.896701" elapsed="0.000014"/>
</kw>
<status status="NOT RUN" start="2025-03-26T13:52:02.896281" elapsed="0.000456"/>
</branch>
<branch type="ELSE">
<kw name="Set Variable" owner="BuiltIn">
<var>${System}</var>
<arg>System</arg>
<doc>Returns the given values which can then be assigned to a variables.</doc>
<status status="NOT RUN" start="2025-03-26T13:52:02.896824" elapsed="0.000030"/>
</kw>
<kw name="Set Variable" owner="BuiltIn">
<var>${Setting}</var>
<arg>Settings</arg>
<doc>Returns the given values which can then be assigned to a variables.</doc>
<status status="NOT RUN" start="2025-03-26T13:52:02.896925" elapsed="0.000014"/>
</kw>
<kw name="Set Variable" owner="BuiltIn">
<var>${Date}</var>
<arg>Date &amp; time</arg>
<doc>Returns the given values which can then be assigned to a variables.</doc>
<status status="NOT RUN" start="2025-03-26T13:52:02.897014" elapsed="0.000029"/>
</kw>
<kw name="Set Variable" owner="BuiltIn">
<var>${Btn_Heure}</var>
<arg>DÃ©finir l'heure</arg>
<doc>Returns the given values which can then be assigned to a variables.</doc>
<status status="NOT RUN" start="2025-03-26T13:52:02.897130" elapsed="0.000028"/>
</kw>
<status status="NOT RUN" start="2025-03-26T13:52:02.896759" elapsed="0.000429"/>
</branch>
<status status="NOT RUN" start="2025-03-26T13:52:02.896260" elapsed="0.000944"/>
</if>
<kw name="Revenir A La Home Page" owner="Integration">
<arg>${driver}</arg>
<status status="NOT RUN" start="2025-03-26T13:52:02.897272" elapsed="0.000014"/>