<?xml version="1.0" encoding="UTF-8"?>
<robot generator="Robot 7.2.2 (Python 3.12.5 on win32)" generated="2025-04-15T09:44:18.674370" rpa="false" schemaversion="5">
<suite id="s1" name="MisesAJourAndReseau" source="C:\Users\bahae\Desktop\PfeProject\test_cases\MisesAJourAndReseau.robot">
<test id="s1-t1" name="Test Verfier Mise A Jour System" line="19">
<kw name="Setup Driver" owner="Integration">
<msg time="2025-04-15T09:44:23.519789" level="INFO">${driver} = &lt;appium.webdriver.webdriver.WebDriver (session="df8cda9c-7b94-4508-af40-1a7042313d50")&gt;</msg>
<var>${driver}</var>
<arg>${Device}</arg>
<doc>Initialise et retourne le driver Appium.</doc>
<status status="PASS" start="2025-04-15T09:44:18.984445" elapsed="4.535344"/>
</kw>
<kw name="Set Global Variable" owner="BuiltIn">
<msg time="2025-04-15T09:44:23.519789" level="INFO">${driver} = &lt;appium.webdriver.webdriver.WebDriver (session="df8cda9c-7b94-4508-af40-1a7042313d50")&gt;</msg>
<arg>${driver}</arg>
<doc>Makes a variable available globally in all tests and suites.</doc>
<status status="PASS" start="2025-04-15T09:44:23.519789" elapsed="0.000000"/>
</kw>
<kw name="Get System Language" owner="Integration">
<msg time="2025-04-15T09:44:23.570789" level="INFO">${lang} = eng</msg>
<var>${lang}</var>
<arg>${Device}</arg>
<status status="PASS" start="2025-04-15T09:44:23.519789" elapsed="0.051000"/>
</kw>
<if>
<branch type="IF" condition="'${lang}' == 'fr'">
<kw name="Set Variable" owner="BuiltIn">
<var>${System}</var>
<arg>Syst√®me</arg>
<doc>Returns the given values which can then be assigned to a variables.</doc>
<status status="NOT RUN" start="2025-04-15T09:44:23.571790" elapsed="0.000000"/>
</kw>
<kw name="Set Variable" owner="BuiltIn">
<var>${Setting}</var>
<arg>Param√®tres</arg>
<doc>Returns the given values which can then be assigned to a variables.</doc>
<status status="NOT RUN" start="2025-04-15T09:44:23.571790" elapsed="0.000000"/>
</kw>
<kw name="Set Variable" owner="BuiltIn">
<var>${Date}</var>
<arg>Date et heure</arg>
<doc>Returns the given values which can then be assigned to a variables.</doc>
<status status="NOT RUN" start="2025-04-15T09:44:23.571790" elapsed="0.000000"/>
</kw>
<kw name="Set Variable" owner="BuiltIn">
<var>${Btn_Heure}</var>
<arg>D√©finir l'heure</arg>
<doc>Returns the given values which can then be assigned to a variables.</doc>
<status status="NOT RUN" start="2025-04-15T09:44:23.572789" elapsed="0.000000"/>
</kw>
<kw name="Set Variable" owner="BuiltIn">
<var>${System_update}</var>
<arg>System update</arg>
<doc>Returns the given values which can then be assigned to a variables.</doc>
<status status="NOT RUN" start="2025-04-15T09:44:23.572789" elapsed="0.000000"/>
</kw>
<kw name="Set Variable" owner="BuiltIn">
<var>${System_update_check}</var>
<arg>Check for update</arg>
<doc>Returns the given values which can then be assigned to a variables.</doc>
<status status="NOT RUN" start="2025-04-15T09:44:23.572789" elapsed="0.000000"/>
</kw>
<status status="NOT RUN" start="2025-04-15T09:44:23.571790" elapsed="0.000999"/>
</branch>
<branch type="ELSE">
<kw name="Set Variable" owner="BuiltIn">
<msg time="2025-04-15T09:44:23.572789" level="INFO">${System} = System</msg>
<var>${System}</var>
<arg>System</arg>
<doc>Returns the given values which can then be assigned to a variables.</doc>
<status status="PASS" start="2025-04-15T09:44:23.572789" elapsed="0.000000"/>
</kw>
<kw name="Set Variable" owner="BuiltIn">
<msg time="2025-04-15T09:44:23.572789" level="INFO">${Setting} = Settings</msg>
<var>${Setting}</var>
<arg>Settings</arg>
<doc>Returns the given values which can then be assigned to a variables.</doc>
<status status="PASS" start="2025-04-15T09:44:23.572789" elapsed="0.000000"/>
</kw>
<kw name="Set Variable" owner="BuiltIn">
<msg time="2025-04-15T09:44:23.573790" level="INFO">${Date} = Date &amp; time</msg>
<var>${Date}</var>
<arg>Date &amp; time</arg>
<doc>Returns the given values which can then be assigned to a variables.</doc>
<status status="PASS" start="2025-04-15T09:44:23.572789" elapsed="0.001001"/>
</kw>
<kw name="Set Variable" owner="BuiltIn">
<msg time="2025-04-15T09:44:23.573790" level="INFO">${Btn_Heure} = D√©finir l'heure</msg>
<var>${Btn_Heure}</var>
<arg>D√©finir l'heure</arg>
<doc>Returns the given values which can then be assigned to a variables.</doc>
<status status="PASS" start="2025-04-15T09:44:23.573790" elapsed="0.000000"/>
</kw>
<kw name="Set Variable" owner="BuiltIn">
<msg time="2025-04-15T09:44:23.573790" level="INFO">${System_update} = System update</msg>
<var>${System_update}</var>
<arg>System update</arg>
<doc>Returns the given values which can then be assigned to a variables.</doc>
<status status="PASS" start="2025-04-15T09:44:23.573790" elapsed="0.000000"/>
</kw>
<kw name="Set Variable" owner="BuiltIn">
<msg time="2025-04-15T09:44:23.573790" level="INFO">${System_update_check} = Check for update</msg>
<var>${System_update_check}</var>
<arg>Check for update</arg>
<doc>Returns the given values which can then be assigned to a variables.</doc>
<status status="PASS" start="2025-04-15T09:44:23.573790" elapsed="0.000000"/>
</kw>
<status status="PASS" start="2025-04-15T09:44:23.572789" elapsed="0.001001"/>
</branch>
<status status="PASS" start="2025-04-15T09:44:23.571790" elapsed="0.002000"/>
</if>
<kw name="Revenir A La Home Page" owner="Integration">
<msg time="2025-04-15T09:44:36.895332" level="INFO">üìå Liste des applications d√©tect√©es : ['Appium Settings', 'ARD Audiothek', 'Bluetooth Audio', 'Calendar', 'Crunchyroll', 'Google Assistant', 'Home Assistant', 'Local Media Player', 'Maps', 'News', 'Phone', 'Play Store', 'Prime Video', 'Settings', 'SMS']
üìå First Home Page d√©tect√©e : ['Appium Settings', 'ARD Audiothek', 'Bluetooth Audio', 'Calendar', 'Crunchyroll', 'Google Assistant', 'Home Assistant', 'Local Media Player', 'Maps', 'News', 'Phone', 'Play Store', 'Prime Video', 'Settings', 'SMS']

üìå Liste des applications d√©tect√©es : ['Appium Settings', 'ARD Audiothek', 'Bluetooth Audio', 'Calendar', 'Crunchyroll', 'Google Assistant', 'Home Assistant', 'Local Media Player', 'Maps', 'News', 'Phone', 'Play Store', 'Prime Video', 'Settings', 'SMS']
‚úÖ Retour √† la first home page !</msg>
<arg>${driver}</arg>
<status status="PASS" start="2025-04-15T09:44:23.573790" elapsed="13.321542"/>
</kw>
<kw name="Open Application With Click" owner="Integration">
<msg time="2025-04-15T09:44:56.376911" level="INFO">üìå Liste des applications d√©tect√©es : ['Appium Settings', 'ARD Audiothek', 'Bluetooth Audio', 'Calendar', 'Crunchyroll', 'Google Assistant', 'Home Assistant', 'Local Media Player', 'Maps', 'News', 'Phone', 'Play Store', 'Prime Video', 'Settings', 'SMS']
üìå First Home Page d√©tect√©e : ['Appium Settings', 'ARD Audiothek', 'Bluetooth Audio', 'Calendar', 'Crunchyroll', 'Google Assistant', 'Home Assistant', 'Local Media Player', 'Maps', 'News', 'Phone', 'Play Store', 'Prime Video', 'Settings', 'SMS']

üìå Liste des applications d√©tect√©es : ['Appium Settings', 'ARD Audiothek', 'Bluetooth Audio', 'Calendar', 'Crunchyroll', 'Google Assistant', 'Home Assistant', 'Local Media Player', 'Maps', 'News', 'Phone', 'Play Store', 'Prime Video', 'Settings', 'SMS']
‚úÖ Retour √† la first home page !
111111111111111111111
2222222222222222

üìå Liste des applications d√©tect√©es : ['Appium Settings', 'ARD Audiothek', 'Bluetooth Audio', 'Calendar', 'Crunchyroll', 'Google Assistant', 'Home Assistant', 'Local Media Player', 'Maps', 'News', 'Phone', 'Play Store', 'Prime Video', 'Settings', 'SMS']
3333333333333333333
905 619 1007 657</msg>
<msg time="2025-04-15T09:44:56.376911" level="INFO">${resultat} = True</msg>
<var>${resultat}</var>
<arg>${driver}</arg>
<arg>${Setting}</arg>
<status status="PASS" start="2025-04-15T09:44:36.895332" elapsed="19.481579"/>
</kw>
<kw name="Sleep" owner="BuiltIn">
<msg time="2025-04-15T09:44:57.377661" level="INFO">Slept 1 second.</msg>
<arg>1s</arg>
<doc>Pauses the test executed for the given time.</doc>
<status status="PASS" start="2025-04-15T09:44:56.376911" elapsed="1.000750"/>
</kw>
<kw name="Check Element Exists By Id" owner="Integration">
<msg time="2025-04-15T09:44:57.460156" level="INFO">${Verfier} = True</msg>
<var>${Verfier}</var>
<arg>${driver}</arg>
<arg>${Setting_xpath_id}</arg>
<doc>V√©rifie si un √©l√©ment existe en utilisant son ID.</doc>
<status status="PASS" start="2025-04-15T09:44:57.377661" elapsed="0.082495"/>
</kw>
<kw name="Should Be True" owner="BuiltIn">
<arg>${Verfier}</arg>
<arg>Setting n'est pas affich√©.</arg>
<doc>Fails if the given condition is not true.</doc>
<status status="PASS" start="2025-04-15T09:44:57.460156" elapsed="0.000000"/>
</kw>
<kw name="Clique Sur Setting" owner="Integration">
<msg time="2025-04-15T09:46:31.028549" level="INFO">üìå Liste des applications d√©tect√©es : ['Privacy', 'Accessibility', 'Security', 'Apps', 'Assistant &amp; voice', 'System', 'Google', 'System update', 'Languages &amp; input', 'Units', 'Date &amp; time', 'Storage']
üìå First Home Page d√©tect√©e : ['Privacy', 'Accessibility', 'Security', 'Apps', 'Assistant &amp; voice', 'System', 'Google', 'System update', 'Languages &amp; input', 'Units', 'Date &amp; time', 'Storage']

üìå Liste des applications d√©tect√©es : ['Bluetooth', 'Network &amp; internet', 'Notifications', 'Sound', 'Display', 'Profiles &amp; accounts', 'Location', 'System update', 'Languages &amp; input', 'Units', 'Date &amp; time', 'Storage']
üîÑ Swipe en cours...

üìå Liste des applications d√©tect√©es : ['Bluetooth', 'Network &amp; internet', 'Notifications', 'Sound', 'Display', 'Profiles &amp; accounts', 'Location', 'System update', 'Languages &amp; input', 'Units', 'Date &amp; time', 'Storage']
‚úÖ Retour √† la first home page !
(0, 76, 550, 696)
###################################
(0, 76, 550, 696)

üìå Liste des settings d√©tect√©s dans la zone : ['Bluetooth', 'Network &amp; internet', 'Notifications', 'Sound', 'Display', 'Profiles &amp; accounts', 'Location']
First Home Page d√©tect√©e : ['Bluetooth', 'Network &amp; internet', 'Notifications', 'Sound', 'Display', 'Profiles &amp; accounts', 'Location']
 Swipe effectu√©...
(0, 76, 550, 696)
###################################
(0, 76, 550, 696)

üìå Liste des settings d√©tect√©s dans la zone : ['Location', 'Privacy', 'Accessibility', 'Security', 'Apps', 'Assistant &amp; voice', 'System']
 System trouv√© ! Appui sur le nom.</msg>
<arg>${driver}</arg>
<arg>${System}</arg>
<arg>${Setting_menu}</arg>
<status status="PASS" start="2025-04-15T09:44:57.460156" elapsed="93.568393"/>
</kw>
<kw name="Clique Sur Setting" owner="Integration">
<msg time="2025-04-15T09:47:34.518614" level="INFO">üìå Liste des applications d√©tect√©es : ['Location', 'Privacy', 'Accessibility', 'Security', 'Apps', 'Assistant &amp; voice', 'System', 'System update', 'Languages &amp; input', 'Units', 'Date &amp; time', 'Storage']
üìå First Home Page d√©tect√©e : ['Location', 'Privacy', 'Accessibility', 'Security', 'Apps', 'Assistant &amp; voice', 'System', 'System update', 'Languages &amp; input', 'Units', 'Date &amp; time', 'Storage']

üìå Liste des applications d√©tect√©es : ['Bluetooth', 'Network &amp; internet', 'Notifications', 'Sound', 'Display', 'Profiles &amp; accounts', 'Location', 'System update', 'Languages &amp; input', 'Units', 'Date &amp; time', 'Storage']
üîÑ Swipe en cours...

üìå Liste des applications d√©tect√©es : ['Bluetooth', 'Network &amp; internet', 'Notifications', 'Sound', 'Display', 'Profiles &amp; accounts', 'Location', 'System update', 'Languages &amp; input', 'Units', 'Date &amp; time', 'Storage']
‚úÖ Retour √† la first home page !
‚ùå Erreur : Impossible de r√©cup√©rer les bounds pour 'System update' -&gt; Message: An element could not be located on the page using the given search parameters.; For documentation on this error, please visit: https://www.selenium.dev/documentation/webdriver/troubleshooting/errors#no-such-element-exception
Stacktrace:
NoSuchElementError: An element could not be located on the page using the given search parameters.
    at AndroidUiautomator2Driver.findElOrEls (C:\Users\bahae\.appium\node_modules\appium-uiautomator2-driver\node_modules\appium-android-driver\lib\commands\find.ts:86:11)
    at processTicksAndRejections (node:internal/process/task_queues:95:5)
    at AndroidUiautomator2Driver.findElOrElsWithProcessing (C:\Users\bahae\AppData\Roaming\npm\node_modules\appium\node_modules\@appium\base-driver\lib\basedriver\commands\find.ts:60:12)
    at AndroidUiautomator2Driver.findElement (C:\Users\bahae\AppData\Roaming\npm\node_modules\appium\node_modules\@appium\base-driver\lib\basedriver\commands\find.ts:75:12)
(0, 0, 0, 0)
###################################
(0, 0, 0, 0)
Aucun √©l√©ment trouv√© avec le texte: System update
‚ùå Erreur : Impossible de r√©cup√©rer les bounds pour 'System update' -&gt; Message: An element could not be located on the page using the given search parameters.; For documentation on this error, please visit: https://www.selenium.dev/documentation/webdriver/troubleshooting/errors#no-such-element-exception
Stacktrace:
NoSuchElementError: An element could not be located on the page using the given search parameters.
    at AndroidUiautomator2Driver.findElOrEls (C:\Users\bahae\.appium\node_modules\appium-uiautomator2-driver\node_modules\appium-android-driver\lib\commands\find.ts:86:11)
    at processTicksAndRejections (node:internal/process/task_queues:95:5)
    at AndroidUiautomator2Driver.findElOrElsWithProcessing (C:\Users\bahae\AppData\Roaming\npm\node_modules\appium\node_modules\@appium\base-driver\lib\basedriver\commands\find.ts:60:12)
    at AndroidUiautomator2Driver.findElement (C:\Users\bahae\AppData\Roaming\npm\node_modules\appium\node_modules\@appium\base-driver\lib\basedriver\commands\find.ts:75:12)
First Home Page d√©tect√©e : []
 Swipe effectu√©...
‚ùå Erreur : Impossible de r√©cup√©rer les bounds pour 'System update' -&gt; Message: An element could not be located on the page using the given search parameters.; For documentation on this error, please visit: https://www.selenium.dev/documentation/webdriver/troubleshooting/errors#no-such-element-exception
Stacktrace:
NoSuchElementError: An element could not be located on the page using the given search parameters.
    at AndroidUiautomator2Driver.findElOrEls (C:\Users\bahae\.appium\node_modules\appium-uiautomator2-driver\node_modules\appium-android-driver\lib\commands\find.ts:86:11)
    at processTicksAndRejections (node:internal/process/task_queues:95:5)
    at AndroidUiautomator2Driver.findElOrElsWithProcessing (C:\Users\bahae\AppData\Roaming\npm\node_modules\appium\node_modules\@appium\base-driver\lib\basedriver\commands\find.ts:60:12)
    at AndroidUiautomator2Driver.findElement (C:\Users\bahae\AppData\Roaming\npm\node_modules\appium\node_modules\@appium\base-driver\lib\basedriver\commands\find.ts:75:12)
(0, 0, 0, 0)
###################################
(0, 0, 0, 0)
Aucun √©l√©ment trouv√© avec le texte: System update
 Retour √† la first home page !</msg>
<arg>${driver}</arg>
<arg>${System}</arg>
<arg>${System_update}</arg>
<status status="PASS" start="2025-04-15T09:46:31.029550" elapsed="63.490065"/>
</kw>
<kw name="Click Element By Text Att" owner="Integration">
<msg time="2025-04-15T09:47:34.604613" level="FAIL">NoSuchElementException: Message: An element could not be located on the page using the given search parameters.; For documentation on this error, please visit: https://www.selenium.dev/documentation/webdriver/troubleshooting/errors#no-such-element-exception
Stacktrace:
NoSuchElementError: An element could not be located on the page using the given search parameters.
    at AndroidUiautomator2Driver.findElOrEls (C:\Users\bahae\.appium\node_modules\appium-uiautomator2-driver\node_modules\appium-android-driver\lib\commands\find.ts:86:11)
    at processTicksAndRejections (node:internal/process/task_queues:95:5)
    at AndroidUiautomator2Driver.findElOrElsWithProcessing (C:\Users\bahae\AppData\Roaming\npm\node_modules\appium\node_modules\@appium\base-driver\lib\basedriver\commands\find.ts:60:12)
    at AndroidUiautomator2Driver.findElement (C:\Users\bahae\AppData\Roaming\npm\node_modules\appium\node_modules\@appium\base-driver\lib\basedriver\commands\find.ts:75:12)</msg>
<arg>${driver}</arg>
<arg>${System_update_check}</arg>
<status status="FAIL" start="2025-04-15T09:47:34.519615" elapsed="0.093001">NoSuchElementException: Message: An element could not be located on the page using the given search parameters.; For documentation on this error, please visit: https://www.selenium.dev/documentation/webdriver/troubleshooting/errors#no-such-element-exception
Stacktrace:
NoSuchElementError: An element could not be located on the page using the given search parameters.
    at AndroidUiautomator2Driver.findElOrEls (C:\Users\bahae\.appium\node_modules\appium-uiautomator2-driver\node_modules\appium-android-driver\lib\commands\find.ts:86:11)
    at processTicksAndRejections (node:internal/process/task_queues:95:5)
    at AndroidUiautomator2Driver.findElOrElsWithProcessing (C:\Users\bahae\AppData\Roaming\npm\node_modules\appium\node_modules\@appium\base-driver\lib\basedriver\commands\find.ts:60:12)
    at AndroidUiautomator2Driver.findElement (C:\Users\bahae\AppData\Roaming\npm\node_modules\appium\node_modules\@appium\base-driver\lib\basedriver\commands\find.ts:75:12)</status>
</kw>
<status status="FAIL" start="2025-04-15T09:44:18.983445" elapsed="195.630167">NoSuchElementException: Message: An element could not be located on the page using the given search parameters.; For documentation on this error, please visit: https://www.selenium.dev/documentation/webdriver/troubleshooting/errors#no-such-element-exception
Stacktrace:
NoSuchElementError: An element could not be located on the page using the given search parameters.
    at AndroidUiautomator2Driver.findElOrEls (C:\Users\bahae\.appium\node_modules\appium-uiautomator2-driver\node_modules\appium-android-driver\lib\commands\find.ts:86:11)
    at processTicksAndRejections (node:internal/process/task_queues:95:5)
    at AndroidUiautomator2Driver.findElOrElsWithProcessing (C:\Users\bahae\AppData\Roaming\npm\node_modules\appium\node_modules\@appium\base-driver\lib\basedriver\commands\find.ts:60:12)
    at AndroidUiautomator2Driver.findElement (C:\Users\bahae\AppData\Roaming\npm\node_modules\appium\node_modules\@appium\base-driver\lib\basedriver\commands\find.ts:75:12)</status>
</test>
<status status="FAIL" start="2025-04-15T09:44:18.676369" elapsed="195.937243"/>
</suite>
<statistics>
<total>
<stat pass="0" fail="1" skip="0">All Tests</stat>
</total>
<tag>
</tag>
<suite>
<stat name="MisesAJourAndReseau" id="s1" pass="0" fail="1" skip="0">MisesAJourAndReseau</stat>
</suite>
</statistics>
<errors>
</errors>
</robot>
