<?xml version="1.0" encoding="UTF-8"?>
<robot generator="Robot 7.2.2 (Python 3.12.5 on win32)" generated="2025-05-29T11:11:26.413307" rpa="false" schemaversion="5">
<suite id="s1" name="FonctionnaliteMaps" source="C:\Users\bahae\Documents\PfeProject\test_cases\FonctionnaliteMaps.robot">
<kw name="Démarrer Driver" type="SETUP">
<kw name="Setup Driver" owner="Integration">
<msg time="2025-05-29T11:11:32.050285" level="INFO">${driver} = &lt;appium.webdriver.webdriver.WebDriver (session="b071d63f-28ff-4b38-91e1-4361c5943f74")&gt;</msg>
<var>${driver}</var>
<arg>${Device}</arg>
<doc>Initialise et retourne le driver Appium.</doc>
<status status="PASS" start="2025-05-29T11:11:26.858851" elapsed="5.191434"/>
</kw>
<kw name="Set Suite Variable" owner="BuiltIn">
<msg time="2025-05-29T11:11:32.050808" level="INFO">${driver} = &lt;appium.webdriver.webdriver.WebDriver (session="b071d63f-28ff-4b38-91e1-4361c5943f74")&gt;</msg>
<arg>${driver}</arg>
<doc>Makes a variable available everywhere within the scope of the current suite.</doc>
<status status="PASS" start="2025-05-29T11:11:32.050808" elapsed="0.000000"/>
</kw>
<kw name="Initialize Language Settings">
<kw name="Get System Language" owner="Integration">
<msg time="2025-05-29T11:11:32.095666" level="INFO">${lang} = fr</msg>
<var>${lang}</var>
<arg>${Device}</arg>
<status status="PASS" start="2025-05-29T11:11:32.050808" elapsed="0.044858"/>
</kw>
<kw name="Set Variable If" owner="BuiltIn">
<msg time="2025-05-29T11:11:32.095666" level="INFO">${lang_dict} = {'System': 'Système', 'Setting': 'Paramètres', 'Gps': 'Position', 'use_loc': 'Utiliser la localisation', 'acces': 'Accès à la position'}</msg>
<var>${lang_dict}</var>
<arg>'${lang}' == 'fr'</arg>
<arg>${LANG_FR}</arg>
<arg>${LANG_EN}</arg>
<doc>Sets variable based on the given condition.</doc>
<status status="PASS" start="2025-05-29T11:11:32.095666" elapsed="0.000000"/>
</kw>
<kw name="Set Suite Variable" owner="BuiltIn">
<msg time="2025-05-29T11:11:32.096665" level="INFO">${LANG_DICT} = {'System': 'Système', 'Setting': 'Paramètres', 'Gps': 'Position', 'use_loc': 'Utiliser la localisation', 'acces': 'Accès à la position'}</msg>
<arg>${LANG_DICT}</arg>
<arg>${lang_dict}</arg>
<doc>Makes a variable available everywhere within the scope of the current suite.</doc>
<status status="PASS" start="2025-05-29T11:11:32.096665" elapsed="0.000000"/>
</kw>
<doc>Sets up language-specific variables based on system language</doc>
<status status="PASS" start="2025-05-29T11:11:32.050808" elapsed="0.045857"/>
</kw>
<doc>Initializes the test driver</doc>
<status status="PASS" start="2025-05-29T11:11:26.857883" elapsed="5.238782"/>
</kw>
<test id="s1-t1" name="Test Ouvrir Gps" line="149">
<kw name="Execute Test With Retry">
<kw name="Set Variable" owner="BuiltIn">
<msg time="2025-05-29T11:11:32.097667" level="INFO">${attempt} = 1</msg>
<var>${attempt}</var>
<arg>1</arg>
<doc>Returns the given values which can then be assigned to a variables.</doc>
<status status="PASS" start="2025-05-29T11:11:32.096665" elapsed="0.001002"/>
</kw>
<kw name="Set Variable" owner="BuiltIn">
<msg time="2025-05-29T11:11:32.097667" level="INFO">${test_status} = False</msg>
<var>${test_status}</var>
<arg>${FALSE}</arg>
<doc>Returns the given values which can then be assigned to a variables.</doc>
<status status="PASS" start="2025-05-29T11:11:32.097667" elapsed="0.000000"/>
</kw>
<for flavor="IN RANGE">
<iter>
<kw name="Run Keyword And Return Status" owner="BuiltIn">
<kw name="Execute Open Gps Test">
<kw name="Open Application With Click" owner="Integration">
<msg time="2025-05-29T11:11:53.675637" level="INFO">📌 Liste des applications détectées : ['Agenda', 'Appium Settings', 'ARD Audiothek', 'Audio Bluetooth', 'Crunchyroll', 'Enregistreur vocal', 'Google Assistant', 'Google\xa0Actualités', 'Home Assistant', 'Local Media Player', 'Google\xa0Maps', 'Paramètres', 'Play\xa0Store', 'Prime Video', 'SMS']
📌 First Home Page détectée : ['Agenda', 'Appium Settings', 'ARD Audiothek', 'Audio Bluetooth', 'Crunchyroll', 'Enregistreur vocal', 'Google Assistant', 'Google\xa0Actualités', 'Home Assistant', 'Local Media Player', 'Google\xa0Maps', 'Paramètres', 'Play\xa0Store', 'Prime Video', 'SMS']

📌 Liste des applications détectées : ['Agenda', 'Appium Settings', 'ARD Audiothek', 'Audio Bluetooth', 'Crunchyroll', 'Enregistreur vocal', 'Google Assistant', 'Google\xa0Actualités', 'Home Assistant', 'Local Media Player', 'Google\xa0Maps', 'Paramètres', 'Play\xa0Store', 'Prime Video', 'SMS']
✅ Retour à la first home page !

📌 Liste des applications détectées : ['Agenda', 'Appium Settings', 'ARD Audiothek', 'Audio Bluetooth', 'Crunchyroll', 'Enregistreur vocal', 'Google Assistant', 'Google\xa0Actualités', 'Home Assistant', 'Local Media Player', 'Google\xa0Maps', 'Paramètres', 'Play\xa0Store', 'Prime Video', 'SMS']
378 619 522 657</msg>
<msg time="2025-05-29T11:11:53.675637" level="INFO">${resultat} = True</msg>
<var>${resultat}</var>
<arg>${driver}</arg>
<arg>${LANG_DICT.Setting}</arg>
<status status="PASS" start="2025-05-29T11:11:32.098194" elapsed="21.577443"/>
</kw>
<kw name="Sleep" owner="BuiltIn">
<msg time="2025-05-29T11:11:54.175838" level="INFO">Slept 500 milliseconds.</msg>
<arg>${QUICK_WAIT}</arg>
<doc>Pauses the test executed for the given time.</doc>
<status status="PASS" start="2025-05-29T11:11:53.675637" elapsed="0.500201"/>
</kw>
<kw name="Clique Sur Setting Include" owner="Integration">
<msg time="2025-05-29T11:12:20.272439" level="INFO">📌 Liste des applications détectées : ['Position', 'Confidentialité', 'Accessibilité', 'Sécurité', 'Applis', 'Assistant et voix', 'Système', 'Définir fuseau horaire automatiquement', 'Définir la date', "Définir l'heure", 'Définir le fuseau horaire', 'Utiliser le format 24\xa0heures']
📌 First Home Page détectée : ['Position', 'Confidentialité', 'Accessibilité', 'Sécurité', 'Applis', 'Assistant et voix', 'Système', 'Définir fuseau horaire automatiquement', 'Définir la date', "Définir l'heure", 'Définir le fuseau horaire', 'Utiliser le format 24\xa0heures']
🔄 Swipe #1 en cours...

📌 Liste des applications détectées : ['Bluetooth', 'Réseau et Internet', 'Notifications', 'Son', 'Écran', 'Profils et comptes', 'Position', 'Définir fuseau horaire automatiquement', 'Définir la date', "Définir l'heure", 'Définir le fuseau horaire', 'Utiliser le format 24\xa0heures']
🔄 Swipe #2 en cours...

📌 Liste des applications détectées : ['Bluetooth', 'Réseau et Internet', 'Notifications', 'Son', 'Écran', 'Profils et comptes', 'Position', 'Définir fuseau horaire automatiquement', 'Définir la date', "Définir l'heure", 'Définir le fuseau horaire', 'Utiliser le format 24\xa0heures']
✅ Retour à la first home page !
First Home Page détectée : ['Profils et comptes', 'Notifications', 'Son', 'Bluetooth', 'Position', 'Écran', 'Réseau et Internet']
 Position trouvé ! Appui sur le texte contenant 'Position'.</msg>
<arg>${driver}</arg>
<arg>${LANG_DICT.Gps}</arg>
<arg>${Setting_menu}</arg>
<status status="PASS" start="2025-05-29T11:11:54.175838" elapsed="26.097600"/>
</kw>
<kw name="Clique Sur Setting Include" owner="Integration">
<msg time="2025-05-29T11:12:35.666269" level="INFO">📌 Liste des applications détectées : ['Bluetooth', 'Réseau et Internet', 'Notifications', 'Son', 'Écran', 'Profils et comptes', 'Position', 'Accès à la position', 'Autorisations des applis', 'Accès récent(s)', 'Google\xa0Maps', 'Appium Settings']
📌 First Home Page détectée : ['Bluetooth', 'Réseau et Internet', 'Notifications', 'Son', 'Écran', 'Profils et comptes', 'Position', 'Accès à la position', 'Autorisations des applis', 'Accès récent(s)', 'Google\xa0Maps', 'Appium Settings']
🔄 Swipe #1 en cours...

📌 Liste des applications détectées : ['Bluetooth', 'Réseau et Internet', 'Notifications', 'Son', 'Écran', 'Profils et comptes', 'Position', 'Accès à la position', 'Autorisations des applis', 'Accès récent(s)', 'Google\xa0Maps', 'Appium Settings']
✅ Retour à la first home page !
First Home Page détectée : ['Google\xa0Maps', 'Accès à la position', 'il y a 0\xa0min', 'Gérez les autorisations de chaque appli', 'Appium Settings', 'Choisissez si les applis ont accès la position de votre voiture', 'Autorisations des applis', 'Accès récent(s)']
 Accès à la position trouvé ! Appui sur le texte contenant 'Accès à la position'.</msg>
<arg>${driver}</arg>
<arg>${LANG_DICT.acces}</arg>
<arg>${Setting_system}</arg>
<status status="PASS" start="2025-05-29T11:12:20.273438" elapsed="15.392831"/>
</kw>
<kw name="Activer Toggle Si Desactive" owner="Integration">
<msg time="2025-05-29T11:12:37.872638" level="INFO">true</msg>
<arg>${driver}</arg>
<arg>${LANG_DICT.use_loc}</arg>
<status status="PASS" start="2025-05-29T11:12:35.666269" elapsed="2.207368"/>
</kw>
<kw name="Is Gps Enabled Adb" owner="Integration">
<msg time="2025-05-29T11:12:37.974058" level="INFO">✅ Le GPS est activé (location_mode = 3).</msg>
<msg time="2025-05-29T11:12:37.974058" level="INFO">${verfier_gps_adb} = True</msg>
<var>${verfier_gps_adb}</var>
<arg>${driver}</arg>
<doc>Vérifie si le GPS (services de localisation) est activé via ADB pour un device donné.</doc>
<status status="PASS" start="2025-05-29T11:12:37.873637" elapsed="0.100421"/>
</kw>
<kw name="Should Be True" owner="BuiltIn">
<arg>${verfier_gps_adb}</arg>
<arg>Le GPS ne s'active pas (via ADB)</arg>
<doc>Fails if the given condition is not true.</doc>
<status status="PASS" start="2025-05-29T11:12:37.974058" elapsed="0.000518"/>
</kw>
<doc>Tests GPS activation</doc>
<status status="PASS" start="2025-05-29T11:11:32.098194" elapsed="65.876382"/>
</kw>
<msg time="2025-05-29T11:12:37.974576" level="INFO">${test_status} = True</msg>
<var>${test_status}</var>
<arg>${test_keyword}</arg>
<doc>Runs the given keyword with given arguments and returns the status as a Boolean value.</doc>
<status status="PASS" start="2025-05-29T11:11:32.098194" elapsed="65.876382"/>
</kw>
<if>
<branch type="IF" condition="${test_status}">
<kw name="Log" owner="BuiltIn">
<msg time="2025-05-29T11:12:37.974576" level="INFO">Test Test Ouvrir Gps réussi</msg>
<arg>Test ${test_name} réussi</arg>
<doc>Logs the given message with the given level.</doc>
<status status="PASS" start="2025-05-29T11:12:37.974576" elapsed="0.000000"/>
</kw>
<kw name="Exit For Loop" owner="BuiltIn">
<msg time="2025-05-29T11:12:37.974576" level="INFO">Exiting for loop altogether.</msg>
<doc>Stops executing the enclosing FOR loop.</doc>
<status status="PASS" start="2025-05-29T11:12:37.974576" elapsed="0.000000"/>
</kw>
<status status="PASS" start="2025-05-29T11:12:37.974576" elapsed="0.000000"/>
</branch>
<branch type="ELSE">
<kw name="Evaluate" owner="BuiltIn">
<var>${attempt}</var>
<arg>${attempt} + 1</arg>
<doc>Evaluates the given expression in Python and returns the result.</doc>
<status status="NOT RUN" start="2025-05-29T11:12:37.974576" elapsed="0.000000"/>
</kw>
<if>
<branch type="IF" condition="${attempt} &lt;= ${MAX_RETRIES}">
<kw name="Log" owner="BuiltIn">
<arg>Test ${test_name} échoué - Tentative ${attempt}/${MAX_RETRIES}</arg>
<doc>Logs the given message with the given level.</doc>
<status status="NOT RUN" start="2025-05-29T11:12:37.974576" elapsed="0.000000"/>
</kw>
<kw name="Sleep" owner="BuiltIn">
<arg>${RETRY_DELAY}</arg>
<doc>Pauses the test executed for the given time.</doc>
<status status="NOT RUN" start="2025-05-29T11:12:37.974576" elapsed="0.000000"/>
</kw>
<status status="NOT RUN" start="2025-05-29T11:12:37.974576" elapsed="0.000000"/>
</branch>
<status status="NOT RUN" start="2025-05-29T11:12:37.974576" elapsed="0.000000"/>
</if>
<status status="NOT RUN" start="2025-05-29T11:12:37.974576" elapsed="0.000000"/>
</branch>
<status status="PASS" start="2025-05-29T11:12:37.974576" elapsed="0.000000"/>
</if>
<var name="${index}">0</var>
<status status="PASS" start="2025-05-29T11:11:32.098194" elapsed="65.876382"/>
</iter>
<var>${index}</var>
<value>${MAX_RETRIES}</value>
<status status="PASS" start="2025-05-29T11:11:32.097667" elapsed="65.876909"/>
</for>
<if>
<branch type="IF" condition="not ${test_status}">
<kw name="Fail" owner="BuiltIn">
<arg>Le test ${test_name} a échoué après ${MAX_RETRIES} tentatives</arg>
<doc>Fails the test with the given message and optionally alters its tags.</doc>
<status status="NOT RUN" start="2025-05-29T11:12:37.975575" elapsed="0.000000"/>
</kw>
<status status="NOT RUN" start="2025-05-29T11:12:37.975575" elapsed="0.000000"/>
</branch>
<status status="PASS" start="2025-05-29T11:12:37.975575" elapsed="0.000000"/>
</if>
<arg>Execute Open Gps Test</arg>
<arg>Test Ouvrir Gps</arg>
<status status="PASS" start="2025-05-29T11:11:32.096665" elapsed="65.878910"/>
</kw>
<doc>Teste l'activation du GPS
- Ouvre les paramètres
- Active le GPS
- Vérifie l'activation via ADB</doc>
<tag>gps</tag>
<tag>smoke</tag>
<status status="PASS" start="2025-05-29T11:11:32.096665" elapsed="65.878910"/>
</test>
<test id="s1-t2" name="Test GPS Location Functionality" line="157">
<kw name="Execute Test With Retry">
<kw name="Set Variable" owner="BuiltIn">
<msg time="2025-05-29T11:12:37.976576" level="INFO">${attempt} = 1</msg>
<var>${attempt}</var>
<arg>1</arg>
<doc>Returns the given values which can then be assigned to a variables.</doc>
<status status="PASS" start="2025-05-29T11:12:37.976576" elapsed="0.000000"/>
</kw>
<kw name="Set Variable" owner="BuiltIn">
<msg time="2025-05-29T11:12:37.976576" level="INFO">${test_status} = False</msg>
<var>${test_status}</var>
<arg>${FALSE}</arg>
<doc>Returns the given values which can then be assigned to a variables.</doc>
<status status="PASS" start="2025-05-29T11:12:37.976576" elapsed="0.000000"/>
</kw>
<for flavor="IN RANGE">
<iter>
<kw name="Run Keyword And Return Status" owner="BuiltIn">
<kw name="Execute Gps Location Test">
<kw name="Set Location ViaAdb" owner="Integration">
<msg time="2025-05-29T11:12:38.008555" level="INFO">[OK] Position définie : -74.0060, 40.7128</msg>
<arg>${Device}</arg>
<arg>${Longitude}</arg>
<arg>${Latitude}</arg>
<doc>Définit une nouvelle position GPS via une API Flask sur le host.</doc>
<status status="PASS" start="2025-05-29T11:12:37.977091" elapsed="0.031464"/>
</kw>
<kw name="Sleep" owner="BuiltIn">
<msg time="2025-05-29T11:12:38.509439" level="INFO">Slept 500 milliseconds.</msg>
<arg>${QUICK_WAIT}</arg>
<doc>Pauses the test executed for the given time.</doc>
<status status="PASS" start="2025-05-29T11:12:38.008555" elapsed="0.500884"/>
</kw>
<kw name="Get Location ViaAdb" owner="Integration">
<msg time="2025-05-29T11:12:38.556799" level="INFO">${current_latitude} = 40.7128</msg>
<msg time="2025-05-29T11:12:38.556799" level="INFO">${current_longitude} = -74.006</msg>
<var>${current_latitude}</var>
<var>${current_longitude}</var>
<arg>${Device}</arg>
<status status="PASS" start="2025-05-29T11:12:38.509439" elapsed="0.047360"/>
</kw>
<kw name="Should Be Equal As Numbers" owner="BuiltIn">
<msg time="2025-05-29T11:12:38.559331" level="INFO">Argument types are:
&lt;class 'float'&gt;
&lt;class 'str'&gt;</msg>
<arg>${current_latitude}</arg>
<arg>${Latitude}</arg>
<arg>La latitude n'a pas été mise à jour correctement</arg>
<arg>precision=0.0001</arg>
<doc>Fails if objects are unequal after converting them to real numbers.</doc>
<status status="PASS" start="2025-05-29T11:12:38.556799" elapsed="0.002532"/>
</kw>
<kw name="Should Be Equal As Numbers" owner="BuiltIn">
<msg time="2025-05-29T11:12:38.559331" level="INFO">Argument types are:
&lt;class 'float'&gt;
&lt;class 'str'&gt;</msg>
<arg>${current_longitude}</arg>
<arg>${Longitude}</arg>
<arg>La longitude n'a pas été mise à jour correctement</arg>
<arg>precision=0.0001</arg>
<doc>Fails if objects are unequal after converting them to real numbers.</doc>
<status status="PASS" start="2025-05-29T11:12:38.559331" elapsed="0.000000"/>
</kw>
<doc>Tests GPS location functionality</doc>
<status status="PASS" start="2025-05-29T11:12:37.977091" elapsed="0.582240"/>
</kw>
<msg time="2025-05-29T11:12:38.560310" level="INFO">${test_status} = True</msg>
<var>${test_status}</var>
<arg>${test_keyword}</arg>
<doc>Runs the given keyword with given arguments and returns the status as a Boolean value.</doc>
<status status="PASS" start="2025-05-29T11:12:37.977091" elapsed="0.583219"/>
</kw>
<if>
<branch type="IF" condition="${test_status}">
<kw name="Log" owner="BuiltIn">
<msg time="2025-05-29T11:12:38.560310" level="INFO">Test Test GPS Location Functionality réussi</msg>
<arg>Test ${test_name} réussi</arg>
<doc>Logs the given message with the given level.</doc>
<status status="PASS" start="2025-05-29T11:12:38.560310" elapsed="0.000000"/>
</kw>
<kw name="Exit For Loop" owner="BuiltIn">
<msg time="2025-05-29T11:12:38.560310" level="INFO">Exiting for loop altogether.</msg>
<doc>Stops executing the enclosing FOR loop.</doc>
<status status="PASS" start="2025-05-29T11:12:38.560310" elapsed="0.000000"/>
</kw>
<status status="PASS" start="2025-05-29T11:12:38.560310" elapsed="0.000000"/>
</branch>
<branch type="ELSE">
<kw name="Evaluate" owner="BuiltIn">
<var>${attempt}</var>
<arg>${attempt} + 1</arg>
<doc>Evaluates the given expression in Python and returns the result.</doc>
<status status="NOT RUN" start="2025-05-29T11:12:38.560310" elapsed="0.000000"/>
</kw>
<if>
<branch type="IF" condition="${attempt} &lt;= ${MAX_RETRIES}">
<kw name="Log" owner="BuiltIn">
<arg>Test ${test_name} échoué - Tentative ${attempt}/${MAX_RETRIES}</arg>
<doc>Logs the given message with the given level.</doc>
<status status="NOT RUN" start="2025-05-29T11:12:38.561312" elapsed="0.000000"/>
</kw>
<kw name="Sleep" owner="BuiltIn">
<arg>${RETRY_DELAY}</arg>
<doc>Pauses the test executed for the given time.</doc>
<status status="NOT RUN" start="2025-05-29T11:12:38.561312" elapsed="0.000000"/>
</kw>
<status status="NOT RUN" start="2025-05-29T11:12:38.561312" elapsed="0.000000"/>
</branch>
<status status="NOT RUN" start="2025-05-29T11:12:38.561312" elapsed="0.000000"/>
</if>
<status status="NOT RUN" start="2025-05-29T11:12:38.560310" elapsed="0.001002"/>
</branch>
<status status="PASS" start="2025-05-29T11:12:38.560310" elapsed="0.001002"/>
</if>
<var name="${index}">0</var>
<status status="PASS" start="2025-05-29T11:12:37.977091" elapsed="0.584221"/>
</iter>
<var>${index}</var>
<value>${MAX_RETRIES}</value>
<status status="PASS" start="2025-05-29T11:12:37.976576" elapsed="0.584736"/>
</for>
<if>
<branch type="IF" condition="not ${test_status}">
<kw name="Fail" owner="BuiltIn">
<arg>Le test ${test_name} a échoué après ${MAX_RETRIES} tentatives</arg>
<doc>Fails the test with the given message and optionally alters its tags.</doc>
<status status="NOT RUN" start="2025-05-29T11:12:38.561312" elapsed="0.000000"/>
</kw>
<status status="NOT RUN" start="2025-05-29T11:12:38.561312" elapsed="0.000000"/>
</branch>
<status status="PASS" start="2025-05-29T11:12:38.561312" elapsed="0.000000"/>
</if>
<arg>Execute Gps Location Test</arg>
<arg>Test GPS Location Functionality</arg>
<status status="PASS" start="2025-05-29T11:12:37.975575" elapsed="0.585737"/>
</kw>
<doc>Teste la fonctionnalité de modification de position GPS
- Définit une position GPS spécifique via ADB
- Vérifie que la position a bien été mise à jour</doc>
<tag>gps</tag>
<tag>location</tag>
<status status="PASS" start="2025-05-29T11:12:37.975575" elapsed="0.585737"/>
</test>
<test id="s1-t3" name="Test GPS Multi-Location" line="164">
<for flavor="IN">
<iter>
<kw name="Test GPS Location For Coordinates">
<kw name="Set Location ViaAdb" owner="Integration">
<msg time="2025-05-29T11:12:38.593242" level="INFO">[OK] Position définie : -74.0060, 40.7128</msg>
<arg>${Device}</arg>
<arg>${longitude}</arg>
<arg>${latitude}</arg>
<doc>Définit une nouvelle position GPS via une API Flask sur le host.</doc>
<status status="PASS" start="2025-05-29T11:12:38.562314" elapsed="0.030928"/>
</kw>
<kw name="Sleep" owner="BuiltIn">
<msg time="2025-05-29T11:12:40.595019" level="INFO">Slept 2 seconds.</msg>
<arg>2s</arg>
<doc>Pauses the test executed for the given time.</doc>
<status status="PASS" start="2025-05-29T11:12:38.593242" elapsed="2.001777"/>
</kw>
<kw name="Get Location ViaAdb" owner="Integration">
<msg time="2025-05-29T11:12:40.652300" level="INFO">${current_latitude} = 40.7128</msg>
<msg time="2025-05-29T11:12:40.652300" level="INFO">${current_longitude} = -74.006</msg>
<var>${current_latitude}</var>
<var>${current_longitude}</var>
<arg>${Device}</arg>
<status status="PASS" start="2025-05-29T11:12:40.595019" elapsed="0.057281"/>
</kw>
<kw name="Log" owner="BuiltIn">
<msg time="2025-05-29T11:12:40.652808" level="INFO">Vérification: attendu 40.7128, obtenu 40.7128</msg>
<arg>Vérification: attendu ${latitude}, obtenu ${current_latitude}</arg>
<doc>Logs the given message with the given level.</doc>
<status status="PASS" start="2025-05-29T11:12:40.652300" elapsed="0.000519"/>
</kw>
<kw name="Should Be Equal As Numbers" owner="BuiltIn">
<msg time="2025-05-29T11:12:40.652819" level="INFO">Argument types are:
&lt;class 'float'&gt;
&lt;class 'str'&gt;</msg>
<arg>${current_latitude}</arg>
<arg>${latitude}</arg>
<arg>La latitude n'a pas été mise à jour correctement</arg>
<arg>precision=0.0001</arg>
<doc>Fails if objects are unequal after converting them to real numbers.</doc>
<status status="PASS" start="2025-05-29T11:12:40.652819" elapsed="0.000000"/>
</kw>
<kw name="Should Be Equal As Numbers" owner="BuiltIn">
<msg time="2025-05-29T11:12:40.652819" level="INFO">Argument types are:
&lt;class 'float'&gt;
&lt;class 'str'&gt;</msg>
<arg>${current_longitude}</arg>
<arg>${longitude}</arg>
<arg>La longitude n'a pas été mise à jour correctement</arg>
<arg>precision=0.0001</arg>
<doc>Fails if objects are unequal after converting them to real numbers.</doc>
<status status="PASS" start="2025-05-29T11:12:40.652819" elapsed="0.000000"/>
</kw>
<arg>${lat}</arg>
<arg>${lon}</arg>
<status status="PASS" start="2025-05-29T11:12:38.562314" elapsed="2.090505"/>
</kw>
<var name="${lat}">40.7128</var>
<var name="${lon}">-74.0060</var>
<status status="PASS" start="2025-05-29T11:12:38.561312" elapsed="2.091507"/>
</iter>
<iter>
<kw name="Test GPS Location For Coordinates">
<kw name="Set Location ViaAdb" owner="Integration">
<msg time="2025-05-29T11:12:40.685242" level="INFO">[OK] Position définie : 2.3522, 48.8566</msg>
<arg>${Device}</arg>
<arg>${longitude}</arg>
<arg>${latitude}</arg>
<doc>Définit une nouvelle position GPS via une API Flask sur le host.</doc>
<status status="PASS" start="2025-05-29T11:12:40.653815" elapsed="0.031427"/>
</kw>
<kw name="Sleep" owner="BuiltIn">
<msg time="2025-05-29T11:12:42.685925" level="INFO">Slept 2 seconds.</msg>
<arg>2s</arg>
<doc>Pauses the test executed for the given time.</doc>
<status status="PASS" start="2025-05-29T11:12:40.685242" elapsed="2.000683"/>
</kw>
<kw name="Get Location ViaAdb" owner="Integration">
<msg time="2025-05-29T11:12:42.733800" level="INFO">${current_latitude} = 48.8566</msg>
<msg time="2025-05-29T11:12:42.733800" level="INFO">${current_longitude} = 2.352198</msg>
<var>${current_latitude}</var>
<var>${current_longitude}</var>
<arg>${Device}</arg>
<status status="PASS" start="2025-05-29T11:12:42.685925" elapsed="0.047875"/>
</kw>
<kw name="Log" owner="BuiltIn">
<msg time="2025-05-29T11:12:42.733800" level="INFO">Vérification: attendu 48.8566, obtenu 48.8566</msg>
<arg>Vérification: attendu ${latitude}, obtenu ${current_latitude}</arg>
<doc>Logs the given message with the given level.</doc>
<status status="PASS" start="2025-05-29T11:12:42.733800" elapsed="0.000000"/>
</kw>
<kw name="Should Be Equal As Numbers" owner="BuiltIn">
<msg time="2025-05-29T11:12:42.733800" level="INFO">Argument types are:
&lt;class 'float'&gt;
&lt;class 'str'&gt;</msg>
<arg>${current_latitude}</arg>
<arg>${latitude}</arg>
<arg>La latitude n'a pas été mise à jour correctement</arg>
<arg>precision=0.0001</arg>
<doc>Fails if objects are unequal after converting them to real numbers.</doc>
<status status="PASS" start="2025-05-29T11:12:42.733800" elapsed="0.000000"/>
</kw>
<kw name="Should Be Equal As Numbers" owner="BuiltIn">
<msg time="2025-05-29T11:12:42.734804" level="INFO">Argument types are:
&lt;class 'float'&gt;
&lt;class 'str'&gt;</msg>
<arg>${current_longitude}</arg>
<arg>${longitude}</arg>
<arg>La longitude n'a pas été mise à jour correctement</arg>
<arg>precision=0.0001</arg>
<doc>Fails if objects are unequal after converting them to real numbers.</doc>
<status status="PASS" start="2025-05-29T11:12:42.734804" elapsed="0.000000"/>
</kw>
<arg>${lat}</arg>
<arg>${lon}</arg>
<status status="PASS" start="2025-05-29T11:12:40.652819" elapsed="2.081985"/>
</kw>
<var name="${lat}">48.8566</var>
<var name="${lon}">2.3522</var>
<status status="PASS" start="2025-05-29T11:12:40.652819" elapsed="2.081985"/>
</iter>
<iter>
<kw name="Test GPS Location For Coordinates">
<kw name="Set Location ViaAdb" owner="Integration">
<msg time="2025-05-29T11:12:42.764546" level="INFO">[OK] Position définie : 139.6917, 35.6895</msg>
<arg>${Device}</arg>
<arg>${longitude}</arg>
<arg>${latitude}</arg>
<doc>Définit une nouvelle position GPS via une API Flask sur le host.</doc>
<status status="PASS" start="2025-05-29T11:12:42.735324" elapsed="0.029222"/>
</kw>
<kw name="Sleep" owner="BuiltIn">
<msg time="2025-05-29T11:12:44.764764" level="INFO">Slept 2 seconds.</msg>
<arg>2s</arg>
<doc>Pauses the test executed for the given time.</doc>
<status status="PASS" start="2025-05-29T11:12:42.764546" elapsed="2.000218"/>
</kw>
<kw name="Get Location ViaAdb" owner="Integration">
<msg time="2025-05-29T11:12:44.812299" level="INFO">${current_latitude} = 35.6895</msg>
<msg time="2025-05-29T11:12:44.812299" level="INFO">${current_longitude} = 139.691698</msg>
<var>${current_latitude}</var>
<var>${current_longitude}</var>
<arg>${Device}</arg>
<status status="PASS" start="2025-05-29T11:12:44.764764" elapsed="0.047535"/>
</kw>
<kw name="Log" owner="BuiltIn">
<msg time="2025-05-29T11:12:44.812816" level="INFO">Vérification: attendu 35.6895, obtenu 35.6895</msg>
<arg>Vérification: attendu ${latitude}, obtenu ${current_latitude}</arg>
<doc>Logs the given message with the given level.</doc>
<status status="PASS" start="2025-05-29T11:12:44.812299" elapsed="0.000517"/>
</kw>
<kw name="Should Be Equal As Numbers" owner="BuiltIn">
<msg time="2025-05-29T11:12:44.812816" level="INFO">Argument types are:
&lt;class 'float'&gt;
&lt;class 'str'&gt;</msg>
<arg>${current_latitude}</arg>
<arg>${latitude}</arg>
<arg>La latitude n'a pas été mise à jour correctement</arg>
<arg>precision=0.0001</arg>
<doc>Fails if objects are unequal after converting them to real numbers.</doc>
<status status="PASS" start="2025-05-29T11:12:44.812816" elapsed="0.000000"/>
</kw>
<kw name="Should Be Equal As Numbers" owner="BuiltIn">
<msg time="2025-05-29T11:12:44.812816" level="INFO">Argument types are:
&lt;class 'float'&gt;
&lt;class 'str'&gt;</msg>
<arg>${current_longitude}</arg>
<arg>${longitude}</arg>
<arg>La longitude n'a pas été mise à jour correctement</arg>
<arg>precision=0.0001</arg>
<doc>Fails if objects are unequal after converting them to real numbers.</doc>
<status status="PASS" start="2025-05-29T11:12:44.812816" elapsed="0.000000"/>
</kw>
<arg>${lat}</arg>
<arg>${lon}</arg>
<status status="PASS" start="2025-05-29T11:12:42.734804" elapsed="2.078012"/>
</kw>
<var name="${lat}">35.6895</var>
<var name="${lon}">139.6917</var>
<status status="PASS" start="2025-05-29T11:12:42.734804" elapsed="2.078012"/>
</iter>
<var>${lat}</var>
<var>${lon}</var>
<value>@{GPS_LOCATIONS}</value>
<status status="PASS" start="2025-05-29T11:12:38.561312" elapsed="6.251504"/>
</for>
<doc>Teste la modification de position GPS pour plusieurs emplacements</doc>
<status status="PASS" start="2025-05-29T11:12:38.561312" elapsed="6.251504"/>
</test>
<kw name="Fermer Driver" type="TEARDOWN">
<try>
<branch type="TRY">
<kw name="Run Keyword And Return Status" owner="BuiltIn">
<kw name="Get Source" owner="AppiumLibrary">
<kw name="Capture Page Screenshot" owner="AppiumLibrary">
<msg time="2025-05-29T11:12:44.813812" level="FAIL">No application is open</msg>
<doc>Takes a screenshot of the current page and embeds it into the log.</doc>
<status status="FAIL" start="2025-05-29T11:12:44.813812" elapsed="0.001000">No application is open</status>
</kw>
<msg time="2025-05-29T11:12:44.815849" level="WARN">Keyword 'Capture Page Screenshot' could not be run on failure: No application is open</msg>
<msg time="2025-05-29T11:12:44.815849" level="FAIL">No application is open</msg>
<doc>Returns the entire source of the current page.</doc>
<status status="FAIL" start="2025-05-29T11:12:44.813812" elapsed="0.003023">No application is open</status>
</kw>
<msg time="2025-05-29T11:12:44.816835" level="INFO">${session_active} = False</msg>
<var>${session_active}</var>
<arg>Get Source</arg>
<doc>Runs the given keyword with given arguments and returns the status as a Boolean value.</doc>
<status status="PASS" start="2025-05-29T11:12:44.813812" elapsed="0.003023"/>
</kw>
<if>
<branch type="IF" condition="${session_active}">
<kw name="Close Driver" owner="Integration">
<arg>${driver}</arg>
<doc>Ferme proprement le driver Appium.</doc>
<status status="NOT RUN" start="2025-05-29T11:12:44.816835" elapsed="0.000000"/>
</kw>
<kw name="Log" owner="BuiltIn">
<arg>Driver fermé avec succès</arg>
<doc>Logs the given message with the given level.</doc>
<status status="NOT RUN" start="2025-05-29T11:12:44.816835" elapsed="0.000000"/>
</kw>
<status status="NOT RUN" start="2025-05-29T11:12:44.816835" elapsed="0.000000"/>
</branch>
<branch type="ELSE">
<kw name="Log" owner="BuiltIn">
<msg time="2025-05-29T11:12:44.816835" level="INFO">Le driver n'était pas actif</msg>
<arg>Le driver n'était pas actif</arg>
<doc>Logs the given message with the given level.</doc>
<status status="PASS" start="2025-05-29T11:12:44.816835" elapsed="0.000000"/>
</kw>
<status status="PASS" start="2025-05-29T11:12:44.816835" elapsed="0.000000"/>
</branch>
<status status="PASS" start="2025-05-29T11:12:44.816835" elapsed="0.000000"/>
</if>
<status status="PASS" start="2025-05-29T11:12:44.813812" elapsed="0.003023"/>
</branch>
<branch type="EXCEPT" assign="${error}">
<kw name="Log" owner="BuiltIn">
<arg>Erreur lors de la fermeture du driver: ${error}</arg>
<doc>Logs the given message with the given level.</doc>
<status status="NOT RUN" start="2025-05-29T11:12:44.816835" elapsed="0.000000"/>
</kw>
<status status="NOT RUN" start="2025-05-29T11:12:44.816835" elapsed="0.000000"/>
</branch>
<status status="PASS" start="2025-05-29T11:12:44.813812" elapsed="0.003023"/>
</try>
<doc>Cleans up and closes the test driver</doc>
<status status="PASS" start="2025-05-29T11:12:44.813812" elapsed="0.003023"/>
</kw>
<doc>Tests de fonctionnalité GPS pour appareil Android
- Vérification de la modification de position GPS
- Utilisation des commandes ADB pour contrôler l'émulateur</doc>
<status status="PASS" start="2025-05-29T11:11:26.414309" elapsed="78.402526"/>
</suite>
<statistics>
<total>
<stat pass="3" fail="0" skip="0">All Tests</stat>
</total>
<tag>
<stat pass="2" fail="0" skip="0">gps</stat>
<stat pass="1" fail="0" skip="0">location</stat>
<stat pass="1" fail="0" skip="0">smoke</stat>
</tag>
<suite>
<stat name="FonctionnaliteMaps" id="s1" pass="3" fail="0" skip="0">FonctionnaliteMaps</stat>
</suite>
</statistics>
<errors>
<msg time="2025-05-29T11:12:44.815849" level="WARN">Keyword 'Capture Page Screenshot' could not be run on failure: No application is open</msg>
</errors>
</robot>
