<?xml version="1.0" encoding="UTF-8"?>
<robot generator="Robot 7.2.2 (Python 3.12.9 on linux)" generated="2025-03-26T10:07:45.347339" rpa="false" schemaversion="5">
<suite id="s1" name="InstallationApplications" source="/app/test_cases/InstallationApplications.robot">
<test id="s1-t1" name="Test Install Apk" line="18">
<kw name="Setup Driver" owner="Integration">
<msg time="2025-03-26T10:07:45.491363" level="WARN">Retrying (Retry(total=2, connect=None, read=None, redirect=None, status=None)) after connection broken by 'NewConnectionError('&lt;urllib3.connection.HTTPConnection object at 0x7f479b955ca0&gt;: Failed to establish a new connection: [Errno 111] Connection refused')': /session</msg>
<msg time="2025-03-26T10:07:45.492121" level="WARN">Retrying (Retry(total=1, connect=None, read=None, redirect=None, status=None)) after connection broken by 'NewConnectionError('&lt;urllib3.connection.HTTPConnection object at 0x7f479be726c0&gt;: Failed to establish a new connection: [Errno 111] Connection refused')': /session</msg>
<msg time="2025-03-26T10:07:45.492488" level="WARN">Retrying (Retry(total=0, connect=None, read=None, redirect=None, status=None)) after connection broken by 'NewConnectionError('&lt;urllib3.connection.HTTPConnection object at 0x7f479b957260&gt;: Failed to establish a new connection: [Errno 111] Connection refused')': /session</msg>
<msg time="2025-03-26T10:07:45.492945" level="FAIL">MaxRetryError: HTTPConnectionPool(host='172.21.0.3', port=4723): Max retries exceeded with url: /session (Caused by NewConnectionError('&lt;urllib3.connection.HTTPConnection object at 0x7f479b957470&gt;: Failed to establish a new connection: [Errno 111] Connection refused'))</msg>
<var>${driver}</var>
<arg>${Device}</arg>
<doc>Initialise et retourne le driver Appium.</doc>
<status status="FAIL" start="2025-03-26T10:07:45.489248" elapsed="0.011560">MaxRetryError: HTTPConnectionPool(host='172.21.0.3', port=4723): Max retries exceeded with url: /session (Caused by NewConnectionError('&lt;urllib3.connection.HTTPConnection object at 0x7f479b957470&gt;: Failed to establish a new connection: [Errno 111] Connection refused'))</status>
</kw>
<kw name="Set Global Variable" owner="BuiltIn">
<arg>${driver}</arg>
<doc>Makes a variable available globally in all tests and suites.</doc>
<status status="NOT RUN" start="2025-03-26T10:07:45.501031" elapsed="0.000036"/>
</kw>
<kw name="Search Application" owner="Integration">
<var>${isInsUi}</var>
<arg>${driver}</arg>
<arg>TestNotificationapk</arg>
<status status="NOT RUN" start="2025-03-26T10:07:45.501155" elapsed="0.000016"/>
</kw>
<kw name="Log" owner="BuiltIn">
<arg>${isInsUi}</arg>
<doc>Logs the given message with the given level.</doc>
<status status="NOT RUN" start="2025-03-26T10:07:45.501245" elapsed="0.000014"/>
</kw>
<kw name="Is App Installed" owner="Integration">
<var>${isIns}</var>
<arg>${driver}</arg>
<arg>actia.pfe25.testnotificationapk</arg>
<doc>Vérifie si une application est installée sur l'appareil via ADB.</doc>
<status status="NOT RUN" start="2025-03-26T10:07:45.501319" elapsed="0.000012"/>
</kw>
<kw name="Log" owner="BuiltIn">
<arg>${isIns}</arg>
<doc>Logs the given message with the given level.</doc>
<status status="NOT RUN" start="2025-03-26T10:07:45.501390" elapsed="0.000012"/>
</kw>
<kw name="Install Apk" owner="Integration">
<arg>${driver}</arg>
<arg>automotive-Notification_Test.apk</arg>
<doc>Installe un fichier APK sur un appareil Android via ADB.</doc>
<status status="NOT RUN" start="2025-03-26T10:07:45.501486" elapsed="0.000014"/>
</kw>
<kw name="Is App Installed" owner="Integration">
<var>${isIns}</var>
<arg>${driver}</arg>
<arg>actia.pfe25.testnotificationapk</arg>
<doc>Vérifie si une application est installée sur l'appareil via ADB.</doc>
<status status="NOT RUN" start="2025-03-26T10:07:45.501556" elapsed="0.000011"/>
</kw>
<kw name="Log" owner="BuiltIn">
<arg>${isIns}</arg>
<doc>Logs the given message with the given level.</doc>
<status status="NOT RUN" start="2025-03-26T10:07:45.501622" elapsed="0.000013"/>
</kw>
<kw name="Run Keyword And Continue On Failure" owner="BuiltIn">
<arg>Should Be True</arg>
<arg>${isIns}</arg>
<arg>The application is not installed via adb</arg>
<doc>Runs the keyword and continues execution even if a failure occurs.</doc>
<status status="NOT RUN" start="2025-03-26T10:07:45.501693" elapsed="0.000012"/>
</kw>
<kw name="Search Application" owner="Integration">
<var>${isInsUi}</var>
<arg>${driver}</arg>
<arg>TestNotificationapk</arg>
<status status="NOT RUN" start="2025-03-26T10:07:45.501759" elapsed="0.000011"/>
</kw>
<kw name="Run Keyword And Continue On Failure" owner="BuiltIn">
<arg>Should Be True</arg>
<arg>${isInsUi}</arg>
<arg>The installed application is not displayed (via adb)</arg>
<doc>Runs the keyword and continues execution even if a failure occurs.</doc>
<status status="NOT RUN" start="2025-03-26T10:07:45.501827" elapsed="0.000011"/>
</kw>
<status status="FAIL" start="2025-03-26T10:07:45.488333" elapsed="0.013649">MaxRetryError: HTTPConnectionPool(host='172.21.0.3', port=4723): Max retries exceeded with url: /session (Caused by NewConnectionError('&lt;urllib3.connection.HTTPConnection object at 0x7f479b957470&gt;: Failed to establish a new connection: [Errno 111] Connection refused'))</status>
</test>
<test id="s1-t2" name="Test Uninstall Application" line="36">
<kw name="Get System Language" owner="Integration">
<msg time="2025-03-26T10:07:45.537109" level="INFO">${lang} = fr</msg>
<var>${lang}</var>
<arg>${Device}</arg>
<status status="PASS" start="2025-03-26T10:07:45.502488" elapsed="0.034726"/>
</kw>
<if>
<branch type="IF" condition="'${lang}' == 'fr'">
<kw name="Set Variable" owner="BuiltIn">
<msg time="2025-03-26T10:07:45.537848" level="INFO">${System} = Système</msg>
<var>${System}</var>
<arg>Système</arg>
<doc>Returns the given values which can then be assigned to a variables.</doc>
<status status="PASS" start="2025-03-26T10:07:45.537627" elapsed="0.000248"/>
</kw>
<kw name="Set Variable" owner="BuiltIn">
<msg time="2025-03-26T10:07:45.538072" level="INFO">${Setting} = Paramètres</msg>
<var>${Setting}</var>
<arg>Paramètres</arg>
<doc>Returns the given values which can then be assigned to a variables.</doc>
<status status="PASS" start="2025-03-26T10:07:45.537976" elapsed="0.000113"/>
</kw>
<kw name="Set Variable" owner="BuiltIn">
<msg time="2025-03-26T10:07:45.538260" level="INFO">${apps} = Applis</msg>
<var>${apps}</var>
<arg>Applis</arg>
<doc>Returns the given values which can then be assigned to a variables.</doc>
<status status="PASS" start="2025-03-26T10:07:45.538152" elapsed="0.000125"/>
</kw>
<kw name="Set Variable" owner="BuiltIn">
<msg time="2025-03-26T10:07:45.538417" level="INFO">${Consulter_allapps} = Voir les</msg>
<var>${Consulter_allapps}</var>
<arg>Voir les</arg>
<doc>Returns the given values which can then be assigned to a variables.</doc>
<status status="PASS" start="2025-03-26T10:07:45.538340" elapsed="0.000092"/>
</kw>
<kw name="Set Variable" owner="BuiltIn">
<msg time="2025-03-26T10:07:45.538564" level="INFO">${DesButton} = Désinstaller</msg>
<var>${DesButton}</var>
<arg>Désinstaller</arg>
<doc>Returns the given values which can then be assigned to a variables.</doc>
<status status="PASS" start="2025-03-26T10:07:45.538491" elapsed="0.000088"/>
</kw>
<kw name="Set Variable" owner="BuiltIn">
<msg time="2025-03-26T10:07:45.538716" level="INFO">${confirme} = OK</msg>
<var>${confirme}</var>
<arg>OK</arg>
<doc>Returns the given values which can then be assigned to a variables.</doc>
<status status="PASS" start="2025-03-26T10:07:45.538645" elapsed="0.000109"/>
</kw>
<status status="PASS" start="2025-03-26T10:07:45.537363" elapsed="0.001416"/>
</branch>
<branch type="ELSE">
<kw name="Set Variable" owner="BuiltIn">
<var>${System}</var>
<arg>System</arg>
<doc>Returns the given values which can then be assigned to a variables.</doc>
<status status="NOT RUN" start="2025-03-26T10:07:45.538875" elapsed="0.000012"/>
</kw>
<kw name="Set Variable" owner="BuiltIn">
<var>${Setting}</var>
<arg>Settings</arg>
<doc>Returns the given values which can then be assigned to a variables.</doc>
<status status="NOT RUN" start="2025-03-26T10:07:45.538941" elapsed="0.000011"/>
</kw>
<kw name="Set Variable" owner="BuiltIn">
<var>${apps}</var>
<arg>Apps</arg>
<doc>Returns the given values which can then be assigned to a variables.</doc>
<status status="NOT RUN" start="2025-03-26T10:07:45.539505" elapsed="0.000032"/>
</kw>
<kw name="Set Variable" owner="BuiltIn">
<var>${Consulter_allapps}</var>
<arg>View all</arg>
<doc>Returns the given values which can then be assigned to a variables.</doc>
<status status="NOT RUN" start="2025-03-26T10:07:45.539619" elapsed="0.000014"/>
</kw>
<kw name="Set Variable" owner="BuiltIn">
<var>${DesButton}</var>
<arg>Uninstall</arg>
<doc>Returns the given values which can then be assigned to a variables.</doc>
<status status="NOT RUN" start="2025-03-26T10:07:45.539696" elapsed="0.000012"/>
</kw>
<kw name="Set Variable" owner="BuiltIn">
<var>${confirme}</var>
<arg>OK</arg>
<doc>Returns the given values which can then be assigned to a variables.</doc>
<status status="NOT RUN" start="2025-03-26T10:07:45.539762" elapsed="0.000011"/>
</kw>
<status status="NOT RUN" start="2025-03-26T10:07:45.538807" elapsed="0.001004"/>
</branch>
<status status="PASS" start="2025-03-26T10:07:45.537321" elapsed="0.002517"/>
</if>
<kw name="Open Application With Click" owner="Integration">
<msg time="2025-03-26T10:07:45.540509" level="FAIL">Variable '${driver}' not found.</msg>
<var>${resultat}</var>
<arg>${driver}</arg>
<arg>${Setting}</arg>
<status status="FAIL" start="2025-03-26T10:07:45.539916" elapsed="0.000628">Variable '${driver}' not found.</status>
</kw>
<kw name="Sleep" owner="BuiltIn">
<arg>1s</arg>
<doc>Pauses the test executed for the given time.</doc>
<status status="NOT RUN" start="2025-03-26T10:07:45.540625" elapsed="0.000015"/>
</kw>
<kw name="Check Element Exists By Id" owner="Integration">
<var>${Verfier}</var>
<arg>${driver}</arg>
<arg>${Setting_xpath_id}</arg>
<doc>Vérifie si un élément existe en utilisant son ID.</doc>
<status status="NOT RUN" start="2025-03-26T10:07:45.540778" elapsed="0.000017"/>
</kw>
<kw name="Should Be True" owner="BuiltIn">
<arg>${Verfier}</arg>
<arg>Settings is not displayed.</arg>
<doc>Fails if the given condition is not true.</doc>
<status status="NOT RUN" start="2025-03-26T10:07:45.541042" elapsed="0.000015"/>
</kw>
<kw name="Clique Sur Setting" owner="Integration">
<arg>${driver}</arg>
<arg>${apps}</arg>
<arg>${Setting_menu}</arg>
<status status="NOT RUN" start="2025-03-26T10:07:45.541114" elapsed="0.000012"/>
</kw>
<kw name="Clique Sur Setting Include" owner="Integration">
<arg>${driver}</arg>
<arg>${Consulter_allapps}</arg>
<arg>${Setting_system}</arg>
<status status="NOT RUN" start="2025-03-26T10:07:45.541175" elapsed="0.000011"/>
</kw>
<kw name="Clique Sur Setting" owner="Integration">
<arg>${driver}</arg>
<arg>TestNotificationapk</arg>
<arg>${Setting_system}</arg>
<status status="NOT RUN" start="2025-03-26T10:07:45.541233" elapsed="0.000010"/>
</kw>
<kw name="Click Element By Text Att" owner="Integration">
<arg>${driver}</arg>
<arg>${DesButton}</arg>
<status status="NOT RUN" start="2025-03-26T10:07:45.541290" elapsed="0.000010"/>
</kw>
<kw name="Sleep" owner="BuiltIn">
<arg>1s</arg>
<doc>Pauses the test executed for the given time.</doc>
<status status="NOT RUN" start="2025-03-26T10:07:45.541348" elapsed="0.000014"/>
</kw>
<kw name="Click Element By Text" owner="Integration">
<arg>${driver}</arg>
<arg>${confirme}</arg>
<status status="NOT RUN" start="2025-03-26T10:07:45.541408" elapsed="0.000027"/>
</kw>
<kw name="Search Application" owner="Integration">
<var>${isInsUi}</var>
<arg>${driver}</arg>
<arg>TestNotificationapk</arg>
<status status="NOT RUN" start="2025-03-26T10:07:45.541500" elapsed="0.000013"/>
</kw>
<kw name="Run Keyword And Continue On Failure" owner="BuiltIn">
<arg>Should Not Be True</arg>
<arg>${isInsUi}</arg>
<arg>The uninstalled application is displayed</arg>
<doc>Runs the keyword and continues execution even if a failure occurs.</doc>
<status status="NOT RUN" start="2025-03-26T10:07:45.541578" elapsed="0.000011"/>
</kw>
<kw name="Is App Installed" owner="Integration">
<var>${isIns}</var>
<arg>${driver}</arg>
<arg>actia.pfe25.testnotificationapk</arg>
<doc>Vérifie si une application est installée sur l'appareil via ADB.</doc>
<status status="NOT RUN" start="2025-03-26T10:07:45.541642" elapsed="0.000011"/>
</kw>
<kw name="Log" owner="BuiltIn">
<arg>${isIns}</arg>
<doc>Logs the given message with the given level.</doc>
<status status="NOT RUN" start="2025-03-26T10:07:45.541709" elapsed="0.000012"/>
</kw>
<kw name="Run Keyword And Continue On Failure" owner="BuiltIn">
<arg>Should Not Be True</arg>
<arg>${isIns}</arg>
<arg>The application is not uninstalled correctly (via adb)</arg>
<doc>Runs the keyword and continues execution even if a failure occurs.</doc>
<status status="NOT RUN" start="2025-03-26T10:07:45.541773" elapsed="0.000010"/>
</kw>
<status status="FAIL" start="2025-03-26T10:07:45.502182" elapsed="0.039727">Variable '${driver}' not found.</status>
</test>
<status status="FAIL" start="2025-03-26T10:07:45.349472" elapsed="0.192896"/>
</suite>
<statistics>
<total>
<stat pass="0" fail="2" skip="0">All Tests</stat>
</total>
<tag>
</tag>
<suite>
<stat name="InstallationApplications" id="s1" pass="0" fail="2" skip="0">InstallationApplications</stat>
</suite>
</statistics>
<errors>
<msg time="2025-03-26T10:07:45.491363" level="WARN">Retrying (Retry(total=2, connect=None, read=None, redirect=None, status=None)) after connection broken by 'NewConnectionError('&lt;urllib3.connection.HTTPConnection object at 0x7f479b955ca0&gt;: Failed to establish a new connection: [Errno 111] Connection refused')': /session</msg>
<msg time="2025-03-26T10:07:45.492121" level="WARN">Retrying (Retry(total=1, connect=None, read=None, redirect=None, status=None)) after connection broken by 'NewConnectionError('&lt;urllib3.connection.HTTPConnection object at 0x7f479be726c0&gt;: Failed to establish a new connection: [Errno 111] Connection refused')': /session</msg>
<msg time="2025-03-26T10:07:45.492488" level="WARN">Retrying (Retry(total=0, connect=None, read=None, redirect=None, status=None)) after connection broken by 'NewConnectionError('&lt;urllib3.connection.HTTPConnection object at 0x7f479b957260&gt;: Failed to establish a new connection: [Errno 111] Connection refused')': /session</msg>
</errors>
</robot>
