<?xml version="1.0" encoding="UTF-8"?>
<robot generator="Robot 7.2.2 (Python 3.12.9 on linux)" generated="2025-03-26T10:09:33.821258" rpa="false" schemaversion="5">
<suite id="s1" name="FonctionnaliteBluetooth" source="/app/test_cases/FonctionnaliteBluetooth.robot">
<test id="s1-t1" name="Test Ouvrir Bluetooth" line="25">
<kw name="Setup Driver" owner="Integration">
<msg time="2025-03-26T10:09:33.985868" level="WARN">Retrying (Retry(total=2, connect=None, read=None, redirect=None, status=None)) after connection broken by 'NewConnectionError('&lt;urllib3.connection.HTTPConnection object at 0x7fa9b37a41a0&gt;: Failed to establish a new connection: [Errno 111] Connection refused')': /session</msg>
<msg time="2025-03-26T10:09:33.986294" level="WARN">Retrying (Retry(total=1, connect=None, read=None, redirect=None, status=None)) after connection broken by 'NewConnectionError('&lt;urllib3.connection.HTTPConnection object at 0x7fa9b37a4350&gt;: Failed to establish a new connection: [Errno 111] Connection refused')': /session</msg>
<msg time="2025-03-26T10:09:33.986773" level="WARN">Retrying (Retry(total=0, connect=None, read=None, redirect=None, status=None)) after connection broken by 'NewConnectionError('&lt;urllib3.connection.HTTPConnection object at 0x7fa9b37a4920&gt;: Failed to establish a new connection: [Errno 111] Connection refused')': /session</msg>
<msg time="2025-03-26T10:09:33.987220" level="FAIL">MaxRetryError: HTTPConnectionPool(host='172.21.0.3', port=4723): Max retries exceeded with url: /session (Caused by NewConnectionError('&lt;urllib3.connection.HTTPConnection object at 0x7fa9b37a5940&gt;: Failed to establish a new connection: [Errno 111] Connection refused'))</msg>
<var>${driver}</var>
<arg>${Device}</arg>
<doc>Initialise et retourne le driver Appium.</doc>
<status status="FAIL" start="2025-03-26T10:09:33.983046" elapsed="0.011032">MaxRetryError: HTTPConnectionPool(host='172.21.0.3', port=4723): Max retries exceeded with url: /session (Caused by NewConnectionError('&lt;urllib3.connection.HTTPConnection object at 0x7fa9b37a5940&gt;: Failed to establish a new connection: [Errno 111] Connection refused'))</status>
</kw>
<kw name="Get System Language" owner="Integration">
<var>${lang}</var>
<arg>${Device}</arg>
<status status="NOT RUN" start="2025-03-26T10:09:33.994277" elapsed="0.000028"/>
</kw>
<if>
<branch type="IF" condition="'${lang}' == 'fr'">
<kw name="Set Variable" owner="BuiltIn">
<var>${System}</var>
<arg>Système</arg>
<doc>Returns the given values which can then be assigned to a variables.</doc>
<status status="NOT RUN" start="2025-03-26T10:09:33.994466" elapsed="0.000014"/>
</kw>
<kw name="Set Variable" owner="BuiltIn">
<var>${Setting}</var>
<arg>Paramètres</arg>
<doc>Returns the given values which can then be assigned to a variables.</doc>
<status status="NOT RUN" start="2025-03-26T10:09:33.994542" elapsed="0.000011"/>
</kw>
<kw name="Set Variable" owner="BuiltIn">
<var>${apps}</var>
<arg>Applis</arg>
<doc>Returns the given values which can then be assigned to a variables.</doc>
<status status="NOT RUN" start="2025-03-26T10:09:33.994608" elapsed="0.000011"/>
</kw>
<kw name="Set Variable" owner="BuiltIn">
<var>${Consulter_allapps}</var>
<arg>Voir les</arg>
<doc>Returns the given values which can then be assigned to a variables.</doc>
<status status="NOT RUN" start="2025-03-26T10:09:33.994675" elapsed="0.000011"/>
</kw>
<kw name="Set Variable" owner="BuiltIn">
<var>${DesButton}</var>
<arg>Désinstaller</arg>
<doc>Returns the given values which can then be assigned to a variables.</doc>
<status status="NOT RUN" start="2025-03-26T10:09:33.994752" elapsed="0.000014"/>
</kw>
<kw name="Set Variable" owner="BuiltIn">
<var>${confirme}</var>
<arg>OK</arg>
<doc>Returns the given values which can then be assigned to a variables.</doc>
<status status="NOT RUN" start="2025-03-26T10:09:33.994820" elapsed="0.000011"/>
</kw>
<status status="NOT RUN" start="2025-03-26T10:09:33.994382" elapsed="0.000468"/>
</branch>
<branch type="ELSE">
<kw name="Set Variable" owner="BuiltIn">
<var>${System}</var>
<arg>System</arg>
<doc>Returns the given values which can then be assigned to a variables.</doc>
<status status="NOT RUN" start="2025-03-26T10:09:33.994931" elapsed="0.000012"/>
</kw>
<kw name="Set Variable" owner="BuiltIn">
<var>${Setting}</var>
<arg>Settings</arg>
<doc>Returns the given values which can then be assigned to a variables.</doc>
<status status="NOT RUN" start="2025-03-26T10:09:33.994994" elapsed="0.000011"/>
</kw>
<kw name="Set Variable" owner="BuiltIn">
<var>${apps}</var>
<arg>Applis</arg>
<doc>Returns the given values which can then be assigned to a variables.</doc>
<status status="NOT RUN" start="2025-03-26T10:09:33.995056" elapsed="0.000011"/>
</kw>
<kw name="Set Variable" owner="BuiltIn">
<var>${Consulter_allapps}</var>
<arg>Voir les</arg>
<doc>Returns the given values which can then be assigned to a variables.</doc>
<status status="NOT RUN" start="2025-03-26T10:09:33.995117" elapsed="0.000010"/>
</kw>
<kw name="Set Variable" owner="BuiltIn">
<var>${DesButton}</var>
<arg>Désinstaller</arg>
<doc>Returns the given values which can then be assigned to a variables.</doc>
<status status="NOT RUN" start="2025-03-26T10:09:33.995177" elapsed="0.000010"/>
</kw>
<kw name="Set Variable" owner="BuiltIn">
<var>${confirme}</var>
<arg>OK</arg>
<doc>Returns the given values which can then be assigned to a variables.</doc>
<status status="NOT RUN" start="2025-03-26T10:09:33.995235" elapsed="0.000012"/>
</kw>
<status status="NOT RUN" start="2025-03-26T10:09:33.994872" elapsed="0.000469"/>
</branch>
<status status="NOT RUN" start="2025-03-26T10:09:33.994360" elapsed="0.001009"/>
</if>
<kw name="Open Application With Click" owner="Integration">
<var>${resultat}</var>
<arg>${driver}</arg>
<arg>${Setting}</arg>
<status status="NOT RUN" start="2025-03-26T10:09:33.995469" elapsed="0.000016"/>
</kw>
<kw name="Sleep" owner="BuiltIn">
<arg>2s</arg>
<doc>Pauses the test executed for the given time.</doc>
<status status="NOT RUN" start="2025-03-26T10:09:33.995550" elapsed="0.000013"/>
</kw>
<kw name="Check Element Exists By Id" owner="Integration">
<var>${Verfier}</var>
<arg>${driver}</arg>
<arg>${Setting_xpath_id}</arg>
<doc>Vérifie si un élément existe en utilisant son ID.</doc>
<status status="NOT RUN" start="2025-03-26T10:09:33.995620" elapsed="0.000012"/>
</kw>
<kw name="Should Be True" owner="BuiltIn">
<arg>${Verfier}</arg>
<arg>Setting n'est pas affiché.</arg>
<doc>Fails if the given condition is not true.</doc>
<status status="NOT RUN" start="2025-03-26T10:09:33.995688" elapsed="0.000012"/>
</kw>
<kw name="Clique Sur Setting" owner="Integration">
<arg>${driver}</arg>
<arg>Bluetooth</arg>
<arg>${Setting_menu}</arg>
<status status="NOT RUN" start="2025-03-26T10:09:33.995774" elapsed="0.000014"/>
</kw>
<kw name="Element Existe Par Accessibility Id" owner="Integration">
<var>${ble}</var>
<arg>${driver}</arg>
<arg>Bluetooth toggle switch</arg>
<status status="NOT RUN" start="2025-03-26T10:09:33.995848" elapsed="0.000013"/>
</kw>
<kw name="Should Be True" owner="BuiltIn">
<arg>${ble}</arg>
<arg>Les paramètres de Bluetooth ne s'affichent pas.</arg>
<doc>Fails if the given condition is not true.</doc>
<status status="NOT RUN" start="2025-03-26T10:09:33.995916" elapsed="0.000012"/>
</kw>
<kw name="Activer Bluetooth Si Desactive" owner="Integration">
<arg>${driver}</arg>
<arg>android:id/switch_widget</arg>
<status status="NOT RUN" start="2025-03-26T10:09:33.995982" elapsed="0.000013"/>
</kw>
<kw name="Sleep" owner="BuiltIn">
<arg>3s</arg>
<doc>Pauses the test executed for the given time.</doc>
<status status="NOT RUN" start="2025-03-26T10:09:33.996045" elapsed="0.000011"/>
</kw>
<kw name="Verfier Bluetooth Activer" owner="Integration">
<var>${verifier_ble_ui}</var>
<arg>${driver}</arg>
<arg>android:id/switch_widget</arg>
<status status="NOT RUN" start="2025-03-26T10:09:33.996107" elapsed="0.000012"/>
</kw>
<kw name="Should Be True" owner="BuiltIn">
<arg>${verifier_ble_ui}</arg>
<arg>Le Bluetooth ne s'active pas (ui).</arg>
<doc>Fails if the given condition is not true.</doc>
<status status="NOT RUN" start="2025-03-26T10:09:33.996174" elapsed="0.000012"/>
</kw>
<kw name="Est Bluetooth Active" owner="Integration">
<var>${verfier_ble_adb}</var>
<arg>${Device}</arg>
<status status="NOT RUN" start="2025-03-26T10:09:33.996660" elapsed="0.000029"/>
</kw>
<kw name="Should Be True" owner="BuiltIn">
<arg>${verfier_ble_adb}</arg>
<arg>Le Bluetooth ne s'active pas (via adb).</arg>
<doc>Fails if the given condition is not true.</doc>
<status status="NOT RUN" start="2025-03-26T10:09:33.996788" elapsed="0.000018"/>
</kw>
<doc>Ce test vérifie si le Bluetooth peut être activé sur l'appareil en accédant aux paramètres.  Il vérifie que l'élément Bluetooth est bien présent, puis tente de activer Bluetooth et de vérifier son statut.</doc>
<status status="FAIL" start="2025-03-26T10:09:33.981757" elapsed="0.015206">MaxRetryError: HTTPConnectionPool(host='172.21.0.3', port=4723): Max retries exceeded with url: /session (Caused by NewConnectionError('&lt;urllib3.connection.HTTPConnection object at 0x7fa9b37a5940&gt;: Failed to establish a new connection: [Errno 111] Connection refused'))</status>
</test>
<test id="s1-t2" name="Test Pairing Bluetooth" line="61">
<kw name="Setup Driver" owner="Integration">
<msg time="2025-03-26T10:09:33.998442" level="WARN">Retrying (Retry(total=2, connect=None, read=None, redirect=None, status=None)) after connection broken by 'NewConnectionError('&lt;urllib3.connection.HTTPConnection object at 0x7fa9b37a7aa0&gt;: Failed to establish a new connection: [Errno 111] Connection refused')': /session</msg>
<msg time="2025-03-26T10:09:33.998992" level="WARN">Retrying (Retry(total=1, connect=None, read=None, redirect=None, status=None)) after connection broken by 'NewConnectionError('&lt;urllib3.connection.HTTPConnection object at 0x7fa9b37a7e30&gt;: Failed to establish a new connection: [Errno 111] Connection refused')': /session</msg>
<msg time="2025-03-26T10:09:33.999279" level="WARN">Retrying (Retry(total=0, connect=None, read=None, redirect=None, status=None)) after connection broken by 'NewConnectionError('&lt;urllib3.connection.HTTPConnection object at 0x7fa9b37a6ae0&gt;: Failed to establish a new connection: [Errno 111] Connection refused')': /session</msg>
<msg time="2025-03-26T10:09:33.999586" level="FAIL">MaxRetryError: HTTPConnectionPool(host='172.21.0.3', port=4723): Max retries exceeded with url: /session (Caused by NewConnectionError('&lt;urllib3.connection.HTTPConnection object at 0x7fa9b37a7fb0&gt;: Failed to establish a new connection: [Errno 111] Connection refused'))</msg>
<var>${driver}</var>
<arg>${Device}</arg>
<doc>Initialise et retourne le driver Appium.</doc>
<status status="FAIL" start="2025-03-26T10:09:33.997449" elapsed="0.004438">MaxRetryError: HTTPConnectionPool(host='172.21.0.3', port=4723): Max retries exceeded with url: /session (Caused by NewConnectionError('&lt;urllib3.connection.HTTPConnection object at 0x7fa9b37a7fb0&gt;: Failed to establish a new connection: [Errno 111] Connection refused'))</status>
</kw>
<kw name="Get System Language" owner="Integration">
<var>${lang}</var>
<arg>${Device}</arg>
<status status="NOT RUN" start="2025-03-26T10:09:34.002013" elapsed="0.000018"/>
</kw>
<if>
<branch type="IF" condition="'${lang}' == 'fr'">
<kw name="Set Variable" owner="BuiltIn">
<var>${System}</var>
<arg>Système</arg>
<doc>Returns the given values which can then be assigned to a variables.</doc>
<status status="NOT RUN" start="2025-03-26T10:09:34.002167" elapsed="0.000012"/>
</kw>
<kw name="Set Variable" owner="BuiltIn">
<var>${Setting}</var>
<arg>Paramètres</arg>
<doc>Returns the given values which can then be assigned to a variables.</doc>
<status status="NOT RUN" start="2025-03-26T10:09:34.002253" elapsed="0.000015"/>
</kw>
<kw name="Set Variable" owner="BuiltIn">
<var>${apps}</var>
<arg>Applis</arg>
<doc>Returns the given values which can then be assigned to a variables.</doc>
<status status="NOT RUN" start="2025-03-26T10:09:34.002329" elapsed="0.000011"/>
</kw>
<kw name="Set Variable" owner="BuiltIn">
<var>${Consulter_allapps}</var>
<arg>Voir les</arg>
<doc>Returns the given values which can then be assigned to a variables.</doc>
<status status="NOT RUN" start="2025-03-26T10:09:34.002391" elapsed="0.000010"/>
</kw>
<kw name="Set Variable" owner="BuiltIn">
<var>${DesButton}</var>
<arg>Désinstaller</arg>
<doc>Returns the given values which can then be assigned to a variables.</doc>
<status status="NOT RUN" start="2025-03-26T10:09:34.002451" elapsed="0.000010"/>
</kw>
<kw name="Set Variable" owner="BuiltIn">
<var>${confirme}</var>
<arg>OK</arg>
<doc>Returns the given values which can then be assigned to a variables.</doc>
<status status="NOT RUN" start="2025-03-26T10:09:34.002510" elapsed="0.000010"/>
</kw>
<kw name="Set Variable" owner="BuiltIn">
<var>${pairing}</var>
<arg>Associer un nouvel appareil</arg>
<doc>Returns the given values which can then be assigned to a variables.</doc>
<status status="NOT RUN" start="2025-03-26T10:09:34.002570" elapsed="0.000009"/>
</kw>
<kw name="Set Variable" owner="BuiltIn">
<var>${pairing_conf}</var>
<arg>Associer</arg>
<doc>Returns the given values which can then be assigned to a variables.</doc>
<status status="NOT RUN" start="2025-03-26T10:09:34.002628" elapsed="0.000010"/>
</kw>
<kw name="Set Variable" owner="BuiltIn">
<var>${pairing_conf2}</var>
<arg>Continuer</arg>
<doc>Returns the given values which can then be assigned to a variables.</doc>
<status status="NOT RUN" start="2025-03-26T10:09:34.002687" elapsed="0.000009"/>
</kw>
<status status="NOT RUN" start="2025-03-26T10:09:34.002094" elapsed="0.000620"/>
</branch>
<branch type="ELSE">
<kw name="Set Variable" owner="BuiltIn">
<var>${System}</var>
<arg>System</arg>
<doc>Returns the given values which can then be assigned to a variables.</doc>
<status status="NOT RUN" start="2025-03-26T10:09:34.002795" elapsed="0.000011"/>
</kw>
<kw name="Set Variable" owner="BuiltIn">
<var>${Setting}</var>
<arg>Settings</arg>
<doc>Returns the given values which can then be assigned to a variables.</doc>
<status status="NOT RUN" start="2025-03-26T10:09:34.002859" elapsed="0.000011"/>
</kw>
<kw name="Set Variable" owner="BuiltIn">
<var>${apps}</var>
<arg>Applis</arg>
<doc>Returns the given values which can then be assigned to a variables.</doc>
<status status="NOT RUN" start="2025-03-26T10:09:34.002919" elapsed="0.000010"/>
</kw>
<kw name="Set Variable" owner="BuiltIn">
<var>${Consulter_allapps}</var>
<arg>Voir les</arg>
<doc>Returns the given values which can then be assigned to a variables.</doc>
<status status="NOT RUN" start="2025-03-26T10:09:34.002978" elapsed="0.000011"/>
</kw>
<kw name="Set Variable" owner="BuiltIn">
<var>${DesButton}</var>
<arg>Désinstaller</arg>
<doc>Returns the given values which can then be assigned to a variables.</doc>
<status status="NOT RUN" start="2025-03-26T10:09:34.003038" elapsed="0.000011"/>
</kw>
<kw name="Set Variable" owner="BuiltIn">
<var>${confirme}</var>
<arg>OK</arg>
<doc>Returns the given values which can then be assigned to a variables.</doc>
<status status="NOT RUN" start="2025-03-26T10:09:34.003098" elapsed="0.000010"/>
</kw>
<kw name="Set Variable" owner="BuiltIn">
<var>${pairing}</var>
<arg>Associer un nouvel appareil</arg>
<doc>Returns the given values which can then be assigned to a variables.</doc>
<status status="NOT RUN" start="2025-03-26T10:09:34.003157" elapsed="0.000010"/>
</kw>
<kw name="Set Variable" owner="BuiltIn">
<var>${pairing_conf}</var>
<arg>Associer</arg>
<doc>Returns the given values which can then be assigned to a variables.</doc>
<status status="NOT RUN" start="2025-03-26T10:09:34.003220" elapsed="0.000011"/>
</kw>
<kw name="Set Variable" owner="BuiltIn">
<var>${pairing_conf2}</var>
<arg>Continuer</arg>
<doc>Returns the given values which can then be assigned to a variables.</doc>
<status status="NOT RUN" start="2025-03-26T10:09:34.003312" elapsed="0.000015"/>
</kw>
<status status="NOT RUN" start="2025-03-26T10:09:34.002734" elapsed="0.000617"/>
</branch>
<status status="NOT RUN" start="2025-03-26T10:09:34.002076" elapsed="0.001299"/>
</if>
<kw name="Setup Driver Mobile" owner="script_mobile">
<var>${driver_mobile}</var>
<arg>${Device_mobile}</arg>
<doc>Initialise et retourne le driver Appium.</doc>
<status status="NOT RUN" start="2025-03-26T10:09:34.003442" elapsed="0.000014"/>
</kw>
<kw name="Get Bluetooth Name" owner="script_mobile">
<var>${name_bluetooth_mobile}</var>
<arg>${driver_mobile}</arg>
<doc>Récupère le nom de l'appareil Bluetooth via ADB.</doc>
<status status="NOT RUN" start="2025-03-26T10:09:34.004051" elapsed="0.000044"/>
</kw>
<kw name="Log" owner="BuiltIn">
<arg>${name_bluetooth_mobile}</arg>
<doc>Logs the given message with the given level.</doc>
<status status="NOT RUN" start="2025-03-26T10:09:34.004290" elapsed="0.000044"/>
</kw>
<kw name="Press Key" owner="Integration">
<arg>${driver_mobile}</arg>
<arg>176</arg>
<doc>Effectue un appui sur une touche spécifique via son keycode.</doc>
<status status="NOT RUN" start="2025-03-26T10:09:34.004480" elapsed="0.000027"/>
</kw>
<kw name="Click Element By Text Att" owner="Integration">
<arg>${driver_mobile}</arg>
<arg>Bluetooth, pairing</arg>
<status status="NOT RUN" start="2025-03-26T10:09:34.004618" elapsed="0.000025"/>
</kw>
<kw name="Sleep" owner="BuiltIn">
<arg>2s</arg>
<doc>Pauses the test executed for the given time.</doc>
<status status="NOT RUN" start="2025-03-26T10:09:34.004752" elapsed="0.000024"/>
</kw>
<kw name="Click Element By Text Att" owner="Integration">
<arg>${driver}</arg>
<arg>${pairing}</arg>
<status status="NOT RUN" start="2025-03-26T10:09:34.004879" elapsed="0.000027"/>
</kw>
<kw name="Click Element By Text Att" owner="Integration">
<arg>${driver}</arg>
<arg>${name_bluetooth_mobile}</arg>
<status status="NOT RUN" start="2025-03-26T10:09:34.005038" elapsed="0.000029"/>
</kw>
<kw name="Sleep" owner="BuiltIn">
<arg>2s</arg>
<doc>Pauses the test executed for the given time.</doc>
<status status="NOT RUN" start="2025-03-26T10:09:34.005180" elapsed="0.000020"/>
</kw>
<kw name="Click Element By Text Att" owner="Integration">
<arg>${driver_mobile}</arg>
<arg>Pair</arg>
<status status="NOT RUN" start="2025-03-26T10:09:34.005303" elapsed="0.000020"/>
</kw>
<kw name="Click Element By Text Att" owner="Integration">
<arg>${driver}</arg>
<arg>${pairing_conf}</arg>
<status status="NOT RUN" start="2025-03-26T10:09:34.005387" elapsed="0.000015"/>
</kw>
<kw name="Sleep" owner="BuiltIn">
<arg>2s</arg>
<doc>Pauses the test executed for the given time.</doc>
<status status="NOT RUN" start="2025-03-26T10:09:34.005462" elapsed="0.000016"/>
</kw>
<kw name="Click Element By Text Att" owner="Integration">
<arg>${driver_mobile}</arg>
<arg>Allow</arg>
<status status="NOT RUN" start="2025-03-26T10:09:34.005536" elapsed="0.000011"/>
</kw>
<kw name="Click Element By Text Att" owner="Integration">
<arg>${driver}</arg>
<arg>${pairing_conf2}</arg>
<status status="NOT RUN" start="2025-03-26T10:09:34.005594" elapsed="0.000010"/>
</kw>
<kw name="Sleep" owner="BuiltIn">
<arg>2s</arg>
<doc>Pauses the test executed for the given time.</doc>
<status status="NOT RUN" start="2025-03-26T10:09:34.005658" elapsed="0.000012"/>
</kw>
<kw name="Is Bluetooth Connected" owner="Integration">
<var>${verif_adb}</var>
<arg>${driver}</arg>
<arg>${name_bluetooth_mobile}</arg>
<doc>Vérifie si un appareil Bluetooth spécifique est connecté.</doc>
<status status="NOT RUN" start="2025-03-26T10:09:34.005730" elapsed="0.000013"/>
</kw>
<kw name="Should Be True" owner="BuiltIn">
<arg>${verif_adb}</arg>
<arg>Le Bluetooth n'est pas connecté (via ADB).</arg>
<doc>Fails if the given condition is not true.</doc>
<status status="NOT RUN" start="2025-03-26T10:09:34.005805" elapsed="0.000011"/>
</kw>
<status status="FAIL" start="2025-03-26T10:09:33.997188" elapsed="0.008781">MaxRetryError: HTTPConnectionPool(host='172.21.0.3', port=4723): Max retries exceeded with url: /session (Caused by NewConnectionError('&lt;urllib3.connection.HTTPConnection object at 0x7fa9b37a7fb0&gt;: Failed to establish a new connection: [Errno 111] Connection refused'))</status>
</test>
<test id="s1-t3" name="Test Fermer Bluetooth" line="118">
<kw name="Setup Driver" owner="Integration">
<msg time="2025-03-26T10:09:34.007723" level="WARN">Retrying (Retry(total=2, connect=None, read=None, redirect=None, status=None)) after connection broken by 'NewConnectionError('&lt;urllib3.connection.HTTPConnection object at 0x7fa9b367edb0&gt;: Failed to establish a new connection: [Errno 111] Connection refused')': /session</msg>
<msg time="2025-03-26T10:09:34.008054" level="WARN">Retrying (Retry(total=1, connect=None, read=None, redirect=None, status=None)) after connection broken by 'NewConnectionError('&lt;urllib3.connection.HTTPConnection object at 0x7fa9b367f020&gt;: Failed to establish a new connection: [Errno 111] Connection refused')': /session</msg>
<msg time="2025-03-26T10:09:34.008335" level="WARN">Retrying (Retry(total=0, connect=None, read=None, redirect=None, status=None)) after connection broken by 'NewConnectionError('&lt;urllib3.connection.HTTPConnection object at 0x7fa9b367f380&gt;: Failed to establish a new connection: [Errno 111] Connection refused')': /session</msg>
<msg time="2025-03-26T10:09:34.008739" level="FAIL">MaxRetryError: HTTPConnectionPool(host='172.21.0.3', port=4723): Max retries exceeded with url: /session (Caused by NewConnectionError('&lt;urllib3.connection.HTTPConnection object at 0x7fa9b367f740&gt;: Failed to establish a new connection: [Errno 111] Connection refused'))</msg>
<var>${driver}</var>
<arg>${Device}</arg>
<doc>Initialise et retourne le driver Appium.</doc>
<status status="FAIL" start="2025-03-26T10:09:34.006758" elapsed="0.005258">MaxRetryError: HTTPConnectionPool(host='172.21.0.3', port=4723): Max retries exceeded with url: /session (Caused by NewConnectionError('&lt;urllib3.connection.HTTPConnection object at 0x7fa9b367f740&gt;: Failed to establish a new connection: [Errno 111] Connection refused'))</status>
</kw>
<kw name="Get System Language" owner="Integration">
<var>${lang}</var>
<arg>${Device}</arg>
<status status="NOT RUN" start="2025-03-26T10:09:34.012187" elapsed="0.000022"/>
</kw>
<if>
<branch type="IF" condition="'${lang}' == 'fr'">
<kw name="Set Variable" owner="BuiltIn">
<var>${System}</var>
<arg>Système</arg>
<doc>Returns the given values which can then be assigned to a variables.</doc>
<status status="NOT RUN" start="2025-03-26T10:09:34.012388" elapsed="0.000014"/>
</kw>
<kw name="Set Variable" owner="BuiltIn">
<var>${Setting}</var>
<arg>Paramètres</arg>
<doc>Returns the given values which can then be assigned to a variables.</doc>
<status status="NOT RUN" start="2025-03-26T10:09:34.012464" elapsed="0.000011"/>
</kw>
<kw name="Set Variable" owner="BuiltIn">
<var>${apps}</var>
<arg>Applis</arg>
<doc>Returns the given values which can then be assigned to a variables.</doc>
<status status="NOT RUN" start="2025-03-26T10:09:34.012526" elapsed="0.000010"/>
</kw>
<kw name="Set Variable" owner="BuiltIn">
<var>${Consulter_allapps}</var>
<arg>Voir les</arg>
<doc>Returns the given values which can then be assigned to a variables.</doc>
<status status="NOT RUN" start="2025-03-26T10:09:34.012586" elapsed="0.000010"/>
</kw>
<kw name="Set Variable" owner="BuiltIn">
<var>${DesButton}</var>
<arg>Désinstaller</arg>
<doc>Returns the given values which can then be assigned to a variables.</doc>
<status status="NOT RUN" start="2025-03-26T10:09:34.012645" elapsed="0.000010"/>
</kw>
<kw name="Set Variable" owner="BuiltIn">
<var>${confirme}</var>
<arg>OK</arg>
<doc>Returns the given values which can then be assigned to a variables.</doc>
<status status="NOT RUN" start="2025-03-26T10:09:34.012703" elapsed="0.000009"/>
</kw>
<status status="NOT RUN" start="2025-03-26T10:09:34.012300" elapsed="0.000430"/>
</branch>
<branch type="ELSE">
<kw name="Set Variable" owner="BuiltIn">
<var>${System}</var>
<arg>System</arg>
<doc>Returns the given values which can then be assigned to a variables.</doc>
<status status="NOT RUN" start="2025-03-26T10:09:34.012800" elapsed="0.000011"/>
</kw>
<kw name="Set Variable" owner="BuiltIn">
<var>${Setting}</var>
<arg>Settings</arg>
<doc>Returns the given values which can then be assigned to a variables.</doc>
<status status="NOT RUN" start="2025-03-26T10:09:34.012859" elapsed="0.000010"/>
</kw>
<kw name="Set Variable" owner="BuiltIn">
<var>${apps}</var>
<arg>Applis</arg>
<doc>Returns the given values which can then be assigned to a variables.</doc>
<status status="NOT RUN" start="2025-03-26T10:09:34.012916" elapsed="0.000010"/>
</kw>
<kw name="Set Variable" owner="BuiltIn">
<var>${Consulter_allapps}</var>
<arg>Voir les</arg>
<doc>Returns the given values which can then be assigned to a variables.</doc>
<status status="NOT RUN" start="2025-03-26T10:09:34.013266" elapsed="0.000088"/>
</kw>
<kw name="Set Variable" owner="BuiltIn">
<var>${DesButton}</var>
<arg>Désinstaller</arg>
<doc>Returns the given values which can then be assigned to a variables.</doc>
<status status="NOT RUN" start="2025-03-26T10:09:34.013472" elapsed="0.000018"/>
</kw>
<kw name="Set Variable" owner="BuiltIn">
<var>${confirme}</var>
<arg>OK</arg>
<doc>Returns the given values which can then be assigned to a variables.</doc>
<status status="NOT RUN" start="2025-03-26T10:09:34.013553" elapsed="0.000011"/>
</kw>
<status status="NOT RUN" start="2025-03-26T10:09:34.012748" elapsed="0.000836"/>
</branch>
<status status="NOT RUN" start="2025-03-26T10:09:34.012273" elapsed="0.001331"/>
</if>
<kw name="Open Application With Click" owner="Integration">
<var>${resultat}</var>
<arg>${driver}</arg>
<arg>${Setting}</arg>
<status status="NOT RUN" start="2025-03-26T10:09:34.013671" elapsed="0.000013"/>
</kw>
<kw name="Sleep" owner="BuiltIn">
<arg>2s</arg>
<doc>Pauses the test executed for the given time.</doc>
<status status="NOT RUN" start="2025-03-26T10:09:34.013741" elapsed="0.000011"/>
</kw>
<kw name="Check Element Exists By Id" owner="Integration">
<var>${Verfier}</var>
<arg>${driver}</arg>
<arg>${Setting_xpath_id}</arg>
<doc>Vérifie si un élément existe en utilisant son ID.</doc>
<status status="NOT RUN" start="2025-03-26T10:09:34.013808" elapsed="0.000010"/>
</kw>
<kw name="Should Be True" owner="BuiltIn">
<arg>${Verfier}</arg>
<arg>Setting n'est pas affiché.</arg>
<doc>Fails if the given condition is not true.</doc>
<status status="NOT RUN" start="2025-03-26T10:09:34.013874" elapsed="0.000011"/>
</kw>
<kw name="Clique Sur Setting" owner="Integration">
<arg>${driver}</arg>
<arg>Bluetooth</arg>
<arg>${Setting_menu}</arg>
<status status="NOT RUN" start="2025-03-26T10:09:34.013937" elapsed="0.000011"/>
</kw>
<kw name="Element Existe Par Accessibility Id" owner="Integration">
<var>${ble}</var>
<arg>${driver}</arg>
<arg>Bluetooth toggle switch</arg>
<status status="NOT RUN" start="2025-03-26T10:09:34.013999" elapsed="0.000010"/>
</kw>
<kw name="Should Be True" owner="BuiltIn">
<arg>${ble}</arg>
<arg>Les paramètres de Bluetooth ne s'affichent pas.</arg>
<doc>Fails if the given condition is not true.</doc>
<status status="NOT RUN" start="2025-03-26T10:09:34.014061" elapsed="0.000011"/>
</kw>
<kw name="Desactive Bluetooth Si Activer" owner="Integration">
<arg>${driver}</arg>
<arg>android:id/switch_widget</arg>
<status status="NOT RUN" start="2025-03-26T10:09:34.014120" elapsed="0.000010"/>
</kw>
<kw name="Sleep" owner="BuiltIn">
<arg>3s</arg>
<doc>Pauses the test executed for the given time.</doc>
<status status="NOT RUN" start="2025-03-26T10:09:34.014177" elapsed="0.000010"/>
</kw>
<kw name="Verfier Bluetooth Activer" owner="Integration">
<var>${verifier_ble_ui}</var>
<arg>${driver}</arg>
<arg>android:id/switch_widget</arg>
<status status="NOT RUN" start="2025-03-26T10:09:34.014235" elapsed="0.000011"/>
</kw>
<kw name="Should Not Be True" owner="BuiltIn">
<arg>${verifier_ble_ui}</arg>
<arg>Le Bluetooth ne desactive pas (ui).</arg>
<doc>Fails if the given condition is true.</doc>
<status status="NOT RUN" start="2025-03-26T10:09:34.014321" elapsed="0.000013"/>
</kw>
<kw name="Est Bluetooth Active" owner="Integration">
<var>${verfier_ble_adb}</var>
<arg>${Device}</arg>
<status status="NOT RUN" start="2025-03-26T10:09:34.014387" elapsed="0.000011"/>
</kw>
<kw name="Should Not Be True" owner="BuiltIn">
<arg>${verfier_ble_adb}</arg>
<arg>Le Bluetooth ne desactive pas (via adb).</arg>
<doc>Fails if the given condition is true.</doc>
<status status="NOT RUN" start="2025-03-26T10:09:34.014446" elapsed="0.000011"/>
</kw>
<doc>Ce test vérifie si le Bluetooth peut être désactivé sur l'appareil en accédant aux paramètres.  Il vérifie que l'élément Bluetooth est bien présent, puis tente de désactiver Bluetooth et de vérifier son statut.</doc>
<status status="FAIL" start="2025-03-26T10:09:34.006183" elapsed="0.008402">MaxRetryError: HTTPConnectionPool(host='172.21.0.3', port=4723): Max retries exceeded with url: /session (Caused by NewConnectionError('&lt;urllib3.connection.HTTPConnection object at 0x7fa9b367f740&gt;: Failed to establish a new connection: [Errno 111] Connection refused'))</status>
</test>
<doc>Ce fichier contient des tests d'activation et de désactivation du Bluetooth sur un appareil Android. Les tests vérifient que les paramètres Bluetooth sont accessibles et que les actions d'activation/désactivation fonctionnent correctement. Les tests prennent en charge les interfaces en français et en anglais.</doc>
<status status="FAIL" start="2025-03-26T10:09:33.823459" elapsed="0.191458"/>
</suite>
<statistics>
<total>
<stat pass="0" fail="3" skip="0">All Tests</stat>
</total>
<tag>
</tag>
<suite>
<stat name="FonctionnaliteBluetooth" id="s1" pass="0" fail="3" skip="0">FonctionnaliteBluetooth</stat>
</suite>
</statistics>
<errors>
<msg time="2025-03-26T10:09:33.985868" level="WARN">Retrying (Retry(total=2, connect=None, read=None, redirect=None, status=None)) after connection broken by 'NewConnectionError('&lt;urllib3.connection.HTTPConnection object at 0x7fa9b37a41a0&gt;: Failed to establish a new connection: [Errno 111] Connection refused')': /session</msg>
<msg time="2025-03-26T10:09:33.986294" level="WARN">Retrying (Retry(total=1, connect=None, read=None, redirect=None, status=None)) after connection broken by 'NewConnectionError('&lt;urllib3.connection.HTTPConnection object at 0x7fa9b37a4350&gt;: Failed to establish a new connection: [Errno 111] Connection refused')': /session</msg>
<msg time="2025-03-26T10:09:33.986773" level="WARN">Retrying (Retry(total=0, connect=None, read=None, redirect=None, status=None)) after connection broken by 'NewConnectionError('&lt;urllib3.connection.HTTPConnection object at 0x7fa9b37a4920&gt;: Failed to establish a new connection: [Errno 111] Connection refused')': /session</msg>
<msg time="2025-03-26T10:09:33.998442" level="WARN">Retrying (Retry(total=2, connect=None, read=None, redirect=None, status=None)) after connection broken by 'NewConnectionError('&lt;urllib3.connection.HTTPConnection object at 0x7fa9b37a7aa0&gt;: Failed to establish a new connection: [Errno 111] Connection refused')': /session</msg>
<msg time="2025-03-26T10:09:33.998992" level="WARN">Retrying (Retry(total=1, connect=None, read=None, redirect=None, status=None)) after connection broken by 'NewConnectionError('&lt;urllib3.connection.HTTPConnection object at 0x7fa9b37a7e30&gt;: Failed to establish a new connection: [Errno 111] Connection refused')': /session</msg>
<msg time="2025-03-26T10:09:33.999279" level="WARN">Retrying (Retry(total=0, connect=None, read=None, redirect=None, status=None)) after connection broken by 'NewConnectionError('&lt;urllib3.connection.HTTPConnection object at 0x7fa9b37a6ae0&gt;: Failed to establish a new connection: [Errno 111] Connection refused')': /session</msg>
<msg time="2025-03-26T10:09:34.007723" level="WARN">Retrying (Retry(total=2, connect=None, read=None, redirect=None, status=None)) after connection broken by 'NewConnectionError('&lt;urllib3.connection.HTTPConnection object at 0x7fa9b367edb0&gt;: Failed to establish a new connection: [Errno 111] Connection refused')': /session</msg>
<msg time="2025-03-26T10:09:34.008054" level="WARN">Retrying (Retry(total=1, connect=None, read=None, redirect=None, status=None)) after connection broken by 'NewConnectionError('&lt;urllib3.connection.HTTPConnection object at 0x7fa9b367f020&gt;: Failed to establish a new connection: [Errno 111] Connection refused')': /session</msg>
<msg time="2025-03-26T10:09:34.008335" level="WARN">Retrying (Retry(total=0, connect=None, read=None, redirect=None, status=None)) after connection broken by 'NewConnectionError('&lt;urllib3.connection.HTTPConnection object at 0x7fa9b367f380&gt;: Failed to establish a new connection: [Errno 111] Connection refused')': /session</msg>
</errors>
</robot>
