<?xml version="1.0" encoding="UTF-8"?>
<robot generator="Robot 7.2.2 (Python 3.12.5 on win32)" generated="2025-05-08T23:11:41.983732" rpa="false" schemaversion="5">
<suite id="s1" name="WiFiAndConnectivite" source="D:\pfe\PfeProject\test_cases\WiFiAndConnectivite.robot">
<kw name="Démarrer Driver" type="SETUP">
<kw name="Setup Driver" owner="Integration">
<msg time="2025-05-08T23:11:49.441819" level="INFO">${driver} = &lt;appium.webdriver.webdriver.WebDriver (session="224284e3-0010-4dc2-b346-ca477234edad")&gt;</msg>
<var>${driver}</var>
<arg>${Device}</arg>
<doc>Initialise et retourne le driver Appium.</doc>
<status status="PASS" start="2025-05-08T23:11:44.810546" elapsed="4.631273"/>
</kw>
<kw name="Set Suite Variable" owner="BuiltIn">
<msg time="2025-05-08T23:11:49.442820" level="INFO">${driver} = &lt;appium.webdriver.webdriver.WebDriver (session="224284e3-0010-4dc2-b346-ca477234edad")&gt;</msg>
<arg>${driver}</arg>
<doc>Makes a variable available everywhere within the scope of the current suite.</doc>
<status status="PASS" start="2025-05-08T23:11:49.441819" elapsed="0.001001"/>
</kw>
<kw name="Initialize Language Settings">
<kw name="Get System Language" owner="Integration">
<msg time="2025-05-08T23:11:49.488341" level="INFO">${lang} = fr</msg>
<var>${lang}</var>
<arg>${Device}</arg>
<status status="PASS" start="2025-05-08T23:11:49.442820" elapsed="0.045521"/>
</kw>
<kw name="Set Variable If" owner="BuiltIn">
<msg time="2025-05-08T23:11:49.489341" level="INFO">${lang_dict} = {'System': 'Système', 'Setting': 'Paramètres', 'ReseauMenu': 'Réseau et Internet'}</msg>
<var>${lang_dict}</var>
<arg>'${lang}' == 'fr'</arg>
<arg>${LANG_FR}</arg>
<arg>${LANG_EN}</arg>
<doc>Sets variable based on the given condition.</doc>
<status status="PASS" start="2025-05-08T23:11:49.488341" elapsed="0.001000"/>
</kw>
<kw name="Set Suite Variable" owner="BuiltIn">
<msg time="2025-05-08T23:11:49.489341" level="INFO">${LANG_DICT} = {'System': 'Système', 'Setting': 'Paramètres', 'ReseauMenu': 'Réseau et Internet'}</msg>
<arg>${LANG_DICT}</arg>
<arg>${lang_dict}</arg>
<doc>Makes a variable available everywhere within the scope of the current suite.</doc>
<status status="PASS" start="2025-05-08T23:11:49.489341" elapsed="0.000000"/>
</kw>
<doc>Sets up language-specific variables based on system language</doc>
<status status="PASS" start="2025-05-08T23:11:49.442820" elapsed="0.046521"/>
</kw>
<doc>Initializes the test driver</doc>
<status status="PASS" start="2025-05-08T23:11:44.809034" elapsed="4.680307"/>
</kw>
<test id="s1-t1" name="Test Ouvrir Wifi" line="142">
<kw name="Execute Test With Retry">
<kw name="Set Variable" owner="BuiltIn">
<msg time="2025-05-08T23:11:49.490341" level="INFO">${attempt} = 1</msg>
<var>${attempt}</var>
<arg>1</arg>
<doc>Returns the given values which can then be assigned to a variables.</doc>
<status status="PASS" start="2025-05-08T23:11:49.490341" elapsed="0.000000"/>
</kw>
<kw name="Set Variable" owner="BuiltIn">
<msg time="2025-05-08T23:11:49.490341" level="INFO">${test_status} = False</msg>
<var>${test_status}</var>
<arg>${FALSE}</arg>
<doc>Returns the given values which can then be assigned to a variables.</doc>
<status status="PASS" start="2025-05-08T23:11:49.490341" elapsed="0.000000"/>
</kw>
<for flavor="IN RANGE">
<iter>
<kw name="Run Keyword And Return Status" owner="BuiltIn">
<kw name="Execute Open Wifi Test">
<kw name="Open Application With Click" owner="Integration">
<msg time="2025-05-08T23:12:40.038524" level="INFO">📌 Liste des applications détectées : ['Agenda', 'Appium Settings', 'ARD Audiothek', 'Audio Bluetooth', 'Crunchyroll', 'Enregistreur vocal', 'Google Assistant', 'Google\xa0Actualités', 'Home Assistant', 'Local Media Player', 'Maps', 'Paramètres', 'Play\xa0Store', 'Prime Video', 'SMS']
📌 First Home Page détectée : ['Agenda', 'Appium Settings', 'ARD Audiothek', 'Audio Bluetooth', 'Crunchyroll', 'Enregistreur vocal', 'Google Assistant', 'Google\xa0Actualités', 'Home Assistant', 'Local Media Player', 'Maps', 'Paramètres', 'Play\xa0Store', 'Prime Video', 'SMS']

📌 Liste des applications détectées : ['Agenda', 'Appium Settings', 'ARD Audiothek', 'Audio Bluetooth', 'Crunchyroll', 'Enregistreur vocal', 'Google Assistant', 'Google\xa0Actualités', 'Home Assistant', 'Local Media Player', 'Maps', 'Paramètres', 'Play\xa0Store', 'Prime Video', 'SMS']
✅ Retour à la first home page !

📌 Liste des applications détectées : ['Agenda', 'Appium Settings', 'ARD Audiothek', 'Audio Bluetooth', 'Crunchyroll', 'Enregistreur vocal', 'Google Assistant', 'Google\xa0Actualités', 'Home Assistant', 'Local Media Player', 'Maps', 'Paramètres', 'Play\xa0Store', 'Prime Video', 'SMS']
378 619 522 657</msg>
<msg time="2025-05-08T23:12:40.039525" level="INFO">${resultat} = True</msg>
<var>${resultat}</var>
<arg>${driver}</arg>
<arg>${LANG_DICT.Setting}</arg>
<status status="PASS" start="2025-05-08T23:11:49.492341" elapsed="50.547184"/>
</kw>
<kw name="Sleep" owner="BuiltIn">
<msg time="2025-05-08T23:12:40.540023" level="INFO">Slept 500 milliseconds.</msg>
<arg>${QUICK_WAIT}</arg>
<doc>Pauses the test executed for the given time.</doc>
<status status="PASS" start="2025-05-08T23:12:40.039525" elapsed="0.500498"/>
</kw>
<kw name="Check Element Exists By Id" owner="Integration">
<msg time="2025-05-08T23:12:41.398012" level="INFO">${Verfier} = True</msg>
<var>${Verfier}</var>
<arg>${driver}</arg>
<arg>${Setting_xpath_id}</arg>
<doc>Vérifie si un élément existe en utilisant son ID.</doc>
<status status="PASS" start="2025-05-08T23:12:40.540023" elapsed="0.857989"/>
</kw>
<kw name="Should Be True" owner="BuiltIn">
<arg>${Verfier}</arg>
<arg>Settings screen is not displayed</arg>
<doc>Fails if the given condition is not true.</doc>
<status status="PASS" start="2025-05-08T23:12:41.398012" elapsed="0.000000"/>
</kw>
<kw name="Clique Sur Setting" owner="Integration">
<msg time="2025-05-08T23:12:49.496764" level="INFO">(0, 76, 550, 696)
🔽 Swipe vers le bas #1
🔽 Swipe vers le bas #2
✅ 'Réseau et Internet' trouvé en bas ! Appui en cours...</msg>
<arg>${driver}</arg>
<arg>${LANG_DICT.ReseauMenu}</arg>
<arg>${Setting_menu}</arg>
<status status="PASS" start="2025-05-08T23:12:41.398012" elapsed="8.098752"/>
</kw>
<kw name="Activer Wifi Si Desactive" owner="Integration">
<msg time="2025-05-08T23:12:53.202744" level="INFO">false</msg>
<arg>${driver}</arg>
<status status="PASS" start="2025-05-08T23:12:49.496764" elapsed="3.705980"/>
</kw>
<kw name="Sleep" owner="BuiltIn">
<msg time="2025-05-08T23:12:55.203568" level="INFO">Slept 2 seconds.</msg>
<arg>${WAIT_TIME}</arg>
<doc>Pauses the test executed for the given time.</doc>
<status status="PASS" start="2025-05-08T23:12:53.202744" elapsed="2.000824"/>
</kw>
<kw name="Is Active Wifi Ui" owner="Integration">
<msg time="2025-05-08T23:12:56.453439" level="INFO">État actuel du Wi-Fi : true</msg>
<msg time="2025-05-08T23:12:56.453439" level="INFO">${verifier_wifi_ui} = True</msg>
<var>${verifier_wifi_ui}</var>
<arg>${driver}</arg>
<status status="PASS" start="2025-05-08T23:12:55.203568" elapsed="1.249871"/>
</kw>
<kw name="Run Keyword And Continue On Failure" owner="BuiltIn">
<kw name="Should Be True" owner="BuiltIn">
<arg>${verifier_wifi_ui}</arg>
<arg>WiFi is not active in UI</arg>
<doc>Fails if the given condition is not true.</doc>
<status status="PASS" start="2025-05-08T23:12:56.453439" elapsed="0.000000"/>
</kw>
<arg>Should Be True</arg>
<arg>${verifier_wifi_ui}</arg>
<arg>WiFi is not active in UI</arg>
<doc>Runs the keyword and continues execution even if a failure occurs.</doc>
<status status="PASS" start="2025-05-08T23:12:56.453439" elapsed="0.000000"/>
</kw>
<kw name="Is Wifi Enabled Adb" owner="Integration">
<msg time="2025-05-08T23:12:56.817208" level="INFO">✅ Le Wi-Fi est activé.</msg>
<msg time="2025-05-08T23:12:56.817208" level="INFO">${verfier_wifi_adb} = True</msg>
<var>${verfier_wifi_adb}</var>
<arg>${driver}</arg>
<status status="PASS" start="2025-05-08T23:12:56.453439" elapsed="0.363769"/>
</kw>
<kw name="Run Keyword And Continue On Failure" owner="BuiltIn">
<kw name="Should Be True" owner="BuiltIn">
<arg>${verfier_wifi_adb}</arg>
<arg>WiFi is not active via ADB</arg>
<doc>Fails if the given condition is not true.</doc>
<status status="PASS" start="2025-05-08T23:12:56.818209" elapsed="0.000000"/>
</kw>
<arg>Should Be True</arg>
<arg>${verfier_wifi_adb}</arg>
<arg>WiFi is not active via ADB</arg>
<doc>Runs the keyword and continues execution even if a failure occurs.</doc>
<status status="PASS" start="2025-05-08T23:12:56.817208" elapsed="0.001001"/>
</kw>
<doc>Tests WiFi activation</doc>
<status status="PASS" start="2025-05-08T23:11:49.491340" elapsed="67.326869"/>
</kw>
<msg time="2025-05-08T23:12:56.818209" level="INFO">${test_status} = True</msg>
<var>${test_status}</var>
<arg>${test_keyword}</arg>
<doc>Runs the given keyword with given arguments and returns the status as a Boolean value.</doc>
<status status="PASS" start="2025-05-08T23:11:49.491340" elapsed="67.326869"/>
</kw>
<if>
<branch type="IF" condition="${test_status}">
<kw name="Log" owner="BuiltIn">
<msg time="2025-05-08T23:12:56.818209" level="INFO">Test Test Ouvrir Wifi réussi</msg>
<arg>Test ${test_name} réussi</arg>
<doc>Logs the given message with the given level.</doc>
<status status="PASS" start="2025-05-08T23:12:56.818209" elapsed="0.000000"/>
</kw>
<kw name="Exit For Loop" owner="BuiltIn">
<msg time="2025-05-08T23:12:56.818209" level="INFO">Exiting for loop altogether.</msg>
<doc>Stops executing the enclosing FOR loop.</doc>
<status status="PASS" start="2025-05-08T23:12:56.818209" elapsed="0.000000"/>
</kw>
<status status="PASS" start="2025-05-08T23:12:56.818209" elapsed="0.000000"/>
</branch>
<branch type="ELSE">
<kw name="Evaluate" owner="BuiltIn">
<var>${attempt}</var>
<arg>${attempt} + 1</arg>
<doc>Evaluates the given expression in Python and returns the result.</doc>
<status status="NOT RUN" start="2025-05-08T23:12:56.819208" elapsed="0.000000"/>
</kw>
<if>
<branch type="IF" condition="${attempt} &lt;= ${MAX_RETRIES}">
<kw name="Log" owner="BuiltIn">
<arg>Test ${test_name} échoué - Tentative ${attempt}/${MAX_RETRIES}</arg>
<doc>Logs the given message with the given level.</doc>
<status status="NOT RUN" start="2025-05-08T23:12:56.819208" elapsed="0.000000"/>
</kw>
<kw name="Sleep" owner="BuiltIn">
<arg>${RETRY_DELAY}</arg>
<doc>Pauses the test executed for the given time.</doc>
<status status="NOT RUN" start="2025-05-08T23:12:56.819208" elapsed="0.000000"/>
</kw>
<status status="NOT RUN" start="2025-05-08T23:12:56.819208" elapsed="0.000000"/>
</branch>
<status status="NOT RUN" start="2025-05-08T23:12:56.819208" elapsed="0.000000"/>
</if>
<status status="NOT RUN" start="2025-05-08T23:12:56.819208" elapsed="0.000000"/>
</branch>
<status status="PASS" start="2025-05-08T23:12:56.818209" elapsed="0.000999"/>
</if>
<var name="${index}">0</var>
<status status="PASS" start="2025-05-08T23:11:49.491340" elapsed="67.327868"/>
</iter>
<var>${index}</var>
<value>${MAX_RETRIES}</value>
<status status="PASS" start="2025-05-08T23:11:49.491340" elapsed="67.327868"/>
</for>
<if>
<branch type="IF" condition="not ${test_status}">
<kw name="Fail" owner="BuiltIn">
<arg>Le test ${test_name} a échoué après ${MAX_RETRIES} tentatives</arg>
<doc>Fails the test with the given message and optionally alters its tags.</doc>
<status status="NOT RUN" start="2025-05-08T23:12:56.819208" elapsed="0.000000"/>
</kw>
<status status="NOT RUN" start="2025-05-08T23:12:56.819208" elapsed="0.000000"/>
</branch>
<status status="PASS" start="2025-05-08T23:12:56.819208" elapsed="0.000000"/>
</if>
<arg>Execute Open Wifi Test</arg>
<arg>Test Ouvrir Wifi</arg>
<status status="PASS" start="2025-05-08T23:11:49.490341" elapsed="67.328867"/>
</kw>
<doc>Teste l'activation du WiFi
- Ouvre les paramètres
- Active le WiFi
- Vérifie l'activation via UI et ADB</doc>
<tag>smoke</tag>
<tag>wifi</tag>
<status status="PASS" start="2025-05-08T23:11:49.489341" elapsed="67.329867"/>
</test>
<test id="s1-t2" name="Test Fermer Wifi" line="150">
<kw name="Execute Test With Retry">
<kw name="Set Variable" owner="BuiltIn">
<msg time="2025-05-08T23:12:56.820207" level="INFO">${attempt} = 1</msg>
<var>${attempt}</var>
<arg>1</arg>
<doc>Returns the given values which can then be assigned to a variables.</doc>
<status status="PASS" start="2025-05-08T23:12:56.820207" elapsed="0.000000"/>
</kw>
<kw name="Set Variable" owner="BuiltIn">
<msg time="2025-05-08T23:12:56.820207" level="INFO">${test_status} = False</msg>
<var>${test_status}</var>
<arg>${FALSE}</arg>
<doc>Returns the given values which can then be assigned to a variables.</doc>
<status status="PASS" start="2025-05-08T23:12:56.820207" elapsed="0.000000"/>
</kw>
<for flavor="IN RANGE">
<iter>
<kw name="Run Keyword And Return Status" owner="BuiltIn">
<kw name="Execute Close Wifi Test">
<kw name="Open Application With Click" owner="Integration">
<msg time="2025-05-08T23:13:21.161085" level="INFO">📌 Liste des applications détectées : ['Agenda', 'Appium Settings', 'ARD Audiothek', 'Audio Bluetooth', 'Crunchyroll', 'Enregistreur vocal', 'Google Assistant', 'Google\xa0Actualités', 'Home Assistant', 'Local Media Player', 'Maps', 'Paramètres', 'Play\xa0Store', 'Prime Video', 'SMS']
📌 First Home Page détectée : ['Agenda', 'Appium Settings', 'ARD Audiothek', 'Audio Bluetooth', 'Crunchyroll', 'Enregistreur vocal', 'Google Assistant', 'Google\xa0Actualités', 'Home Assistant', 'Local Media Player', 'Maps', 'Paramètres', 'Play\xa0Store', 'Prime Video', 'SMS']

📌 Liste des applications détectées : ['Agenda', 'Appium Settings', 'ARD Audiothek', 'Audio Bluetooth', 'Crunchyroll', 'Enregistreur vocal', 'Google Assistant', 'Google\xa0Actualités', 'Home Assistant', 'Local Media Player', 'Maps', 'Paramètres', 'Play\xa0Store', 'Prime Video', 'SMS']
✅ Retour à la first home page !

📌 Liste des applications détectées : ['Agenda', 'Appium Settings', 'ARD Audiothek', 'Audio Bluetooth', 'Crunchyroll', 'Enregistreur vocal', 'Google Assistant', 'Google\xa0Actualités', 'Home Assistant', 'Local Media Player', 'Maps', 'Paramètres', 'Play\xa0Store', 'Prime Video', 'SMS']
378 619 522 657</msg>
<msg time="2025-05-08T23:13:21.162084" level="INFO">${resultat} = True</msg>
<var>${resultat}</var>
<arg>${driver}</arg>
<arg>${LANG_DICT.Setting}</arg>
<status status="PASS" start="2025-05-08T23:12:56.821207" elapsed="24.340877"/>
</kw>
<kw name="Sleep" owner="BuiltIn">
<msg time="2025-05-08T23:13:21.662314" level="INFO">Slept 500 milliseconds.</msg>
<arg>${QUICK_WAIT}</arg>
<doc>Pauses the test executed for the given time.</doc>
<status status="PASS" start="2025-05-08T23:13:21.162084" elapsed="0.500230"/>
</kw>
<kw name="Check Element Exists By Id" owner="Integration">
<msg time="2025-05-08T23:13:21.905928" level="INFO">${Verfier} = True</msg>
<var>${Verfier}</var>
<arg>${driver}</arg>
<arg>${Setting_xpath_id}</arg>
<doc>Vérifie si un élément existe en utilisant son ID.</doc>
<status status="PASS" start="2025-05-08T23:13:21.662314" elapsed="0.243614"/>
</kw>
<kw name="Should Be True" owner="BuiltIn">
<arg>${Verfier}</arg>
<arg>Settings screen is not displayed</arg>
<doc>Fails if the given condition is not true.</doc>
<status status="PASS" start="2025-05-08T23:13:21.905928" elapsed="0.001000"/>
</kw>
<kw name="Clique Sur Setting" owner="Integration">
<msg time="2025-05-08T23:13:24.239718" level="INFO">(0, 76, 550, 696)
✅ 'Réseau et Internet' trouvé sans swipe. Appui en cours...</msg>
<arg>${driver}</arg>
<arg>${LANG_DICT.ReseauMenu}</arg>
<arg>${Setting_menu}</arg>
<status status="PASS" start="2025-05-08T23:13:21.906928" elapsed="2.332790"/>
</kw>
<kw name="Desactiver Wifi Si Active" owner="Integration">
<msg time="2025-05-08T23:13:26.376541" level="INFO">true</msg>
<arg>${driver}</arg>
<status status="PASS" start="2025-05-08T23:13:24.239718" elapsed="2.136823"/>
</kw>
<kw name="Sleep" owner="BuiltIn">
<msg time="2025-05-08T23:13:28.378060" level="INFO">Slept 2 seconds.</msg>
<arg>${WAIT_TIME}</arg>
<doc>Pauses the test executed for the given time.</doc>
<status status="PASS" start="2025-05-08T23:13:26.376541" elapsed="2.001519"/>
</kw>
<kw name="Is Active Wifi Ui" owner="Integration">
<msg time="2025-05-08T23:13:29.160111" level="INFO">État actuel du Wi-Fi : false</msg>
<msg time="2025-05-08T23:13:29.160111" level="INFO">${verifier_wifi_ui} = False</msg>
<var>${verifier_wifi_ui}</var>
<arg>${driver}</arg>
<status status="PASS" start="2025-05-08T23:13:28.378060" elapsed="0.782051"/>
</kw>
<kw name="Should Not Be True" owner="BuiltIn">
<arg>${verifier_wifi_ui}</arg>
<arg>WiFi is still active in UI</arg>
<doc>Fails if the given condition is true.</doc>
<status status="PASS" start="2025-05-08T23:13:29.160111" elapsed="0.000000"/>
</kw>
<kw name="Is Wifi Enabled Adb" owner="Integration">
<msg time="2025-05-08T23:13:29.475761" level="INFO">❌ Le Wi-Fi est désactivé.</msg>
<msg time="2025-05-08T23:13:29.475761" level="INFO">${verfier_wifi_adb} = False</msg>
<var>${verfier_wifi_adb}</var>
<arg>${driver}</arg>
<status status="PASS" start="2025-05-08T23:13:29.160111" elapsed="0.315650"/>
</kw>
<kw name="Should Not Be True" owner="BuiltIn">
<arg>${verfier_wifi_adb}</arg>
<arg>WiFi is still active via ADB</arg>
<doc>Fails if the given condition is true.</doc>
<status status="PASS" start="2025-05-08T23:13:29.475761" elapsed="0.000000"/>
</kw>
<doc>Tests WiFi deactivation</doc>
<status status="PASS" start="2025-05-08T23:12:56.821207" elapsed="32.654554"/>
</kw>
<msg time="2025-05-08T23:13:29.475761" level="INFO">${test_status} = True</msg>
<var>${test_status}</var>
<arg>${test_keyword}</arg>
<doc>Runs the given keyword with given arguments and returns the status as a Boolean value.</doc>
<status status="PASS" start="2025-05-08T23:12:56.821207" elapsed="32.654554"/>
</kw>
<if>
<branch type="IF" condition="${test_status}">
<kw name="Log" owner="BuiltIn">
<msg time="2025-05-08T23:13:29.475761" level="INFO">Test Test Fermer Wifi réussi</msg>
<arg>Test ${test_name} réussi</arg>
<doc>Logs the given message with the given level.</doc>
<status status="PASS" start="2025-05-08T23:13:29.475761" elapsed="0.000999"/>
</kw>
<kw name="Exit For Loop" owner="BuiltIn">
<msg time="2025-05-08T23:13:29.476760" level="INFO">Exiting for loop altogether.</msg>
<doc>Stops executing the enclosing FOR loop.</doc>
<status status="PASS" start="2025-05-08T23:13:29.476760" elapsed="0.000000"/>
</kw>
<status status="PASS" start="2025-05-08T23:13:29.475761" elapsed="0.000999"/>
</branch>
<branch type="ELSE">
<kw name="Evaluate" owner="BuiltIn">
<var>${attempt}</var>
<arg>${attempt} + 1</arg>
<doc>Evaluates the given expression in Python and returns the result.</doc>
<status status="NOT RUN" start="2025-05-08T23:13:29.476760" elapsed="0.000000"/>
</kw>
<if>
<branch type="IF" condition="${attempt} &lt;= ${MAX_RETRIES}">
<kw name="Log" owner="BuiltIn">
<arg>Test ${test_name} échoué - Tentative ${attempt}/${MAX_RETRIES}</arg>
<doc>Logs the given message with the given level.</doc>
<status status="NOT RUN" start="2025-05-08T23:13:29.476760" elapsed="0.000000"/>
</kw>
<kw name="Sleep" owner="BuiltIn">
<arg>${RETRY_DELAY}</arg>
<doc>Pauses the test executed for the given time.</doc>
<status status="NOT RUN" start="2025-05-08T23:13:29.476760" elapsed="0.000000"/>
</kw>
<status status="NOT RUN" start="2025-05-08T23:13:29.476760" elapsed="0.000000"/>
</branch>
<status status="NOT RUN" start="2025-05-08T23:13:29.476760" elapsed="0.000000"/>
</if>
<status status="NOT RUN" start="2025-05-08T23:13:29.476760" elapsed="0.000000"/>
</branch>
<status status="PASS" start="2025-05-08T23:13:29.475761" elapsed="0.000999"/>
</if>
<var name="${index}">0</var>
<status status="PASS" start="2025-05-08T23:12:56.821207" elapsed="32.655553"/>
</iter>
<var>${index}</var>
<value>${MAX_RETRIES}</value>
<status status="PASS" start="2025-05-08T23:12:56.820207" elapsed="32.656553"/>
</for>
<if>
<branch type="IF" condition="not ${test_status}">
<kw name="Fail" owner="BuiltIn">
<arg>Le test ${test_name} a échoué après ${MAX_RETRIES} tentatives</arg>
<doc>Fails the test with the given message and optionally alters its tags.</doc>
<status status="NOT RUN" start="2025-05-08T23:13:29.476760" elapsed="0.000000"/>
</kw>
<status status="NOT RUN" start="2025-05-08T23:13:29.476760" elapsed="0.000000"/>
</branch>
<status status="PASS" start="2025-05-08T23:13:29.476760" elapsed="0.000000"/>
</if>
<arg>Execute Close Wifi Test</arg>
<arg>Test Fermer Wifi</arg>
<status status="PASS" start="2025-05-08T23:12:56.820207" elapsed="32.656553"/>
</kw>
<doc>Teste la désactivation du WiFi
- Ouvre les paramètres
- Désactive le WiFi
- Vérifie la désactivation via UI et ADB</doc>
<tag>smoke</tag>
<tag>wifi</tag>
<status status="PASS" start="2025-05-08T23:12:56.820207" elapsed="32.656553"/>
</test>
<kw name="Fermer Driver" type="TEARDOWN">
<try>
<branch type="TRY">
<kw name="Run Keyword And Return Status" owner="BuiltIn">
<kw name="Get Source" owner="AppiumLibrary">
<kw name="Capture Page Screenshot" owner="AppiumLibrary">
<msg time="2025-05-08T23:13:29.478762" level="FAIL">No application is open</msg>
<doc>Takes a screenshot of the current page and embeds it into the log.</doc>
<status status="FAIL" start="2025-05-08T23:13:29.478762" elapsed="0.000997">No application is open</status>
</kw>
<msg time="2025-05-08T23:13:29.480760" level="WARN">Keyword 'Capture Page Screenshot' could not be run on failure: No application is open</msg>
<msg time="2025-05-08T23:13:29.480760" level="FAIL">No application is open</msg>
<doc>Returns the entire source of the current page.</doc>
<status status="FAIL" start="2025-05-08T23:13:29.477759" elapsed="0.003001">No application is open</status>
</kw>
<msg time="2025-05-08T23:13:29.480760" level="INFO">${session_active} = False</msg>
<var>${session_active}</var>
<arg>Get Source</arg>
<doc>Runs the given keyword with given arguments and returns the status as a Boolean value.</doc>
<status status="PASS" start="2025-05-08T23:13:29.477759" elapsed="0.003001"/>
</kw>
<if>
<branch type="IF" condition="${session_active}">
<kw name="Close Driver" owner="Integration">
<arg>${driver}</arg>
<doc>Ferme proprement le driver Appium.</doc>
<status status="NOT RUN" start="2025-05-08T23:13:29.481759" elapsed="0.000000"/>
</kw>
<kw name="Log" owner="BuiltIn">
<arg>Driver fermé avec succès</arg>
<doc>Logs the given message with the given level.</doc>
<status status="NOT RUN" start="2025-05-08T23:13:29.481759" elapsed="0.000000"/>
</kw>
<status status="NOT RUN" start="2025-05-08T23:13:29.481759" elapsed="0.000000"/>
</branch>
<branch type="ELSE">
<kw name="Log" owner="BuiltIn">
<msg time="2025-05-08T23:13:29.481759" level="INFO">Le driver n'était pas actif</msg>
<arg>Le driver n'était pas actif</arg>
<doc>Logs the given message with the given level.</doc>
<status status="PASS" start="2025-05-08T23:13:29.481759" elapsed="0.000000"/>
</kw>
<status status="PASS" start="2025-05-08T23:13:29.481759" elapsed="0.000000"/>
</branch>
<status status="PASS" start="2025-05-08T23:13:29.481759" elapsed="0.000000"/>
</if>
<status status="PASS" start="2025-05-08T23:13:29.477759" elapsed="0.004000"/>
</branch>
<branch type="EXCEPT" assign="${error}">
<kw name="Log" owner="BuiltIn">
<arg>Erreur lors de la fermeture du driver: ${error}</arg>
<doc>Logs the given message with the given level.</doc>
<status status="NOT RUN" start="2025-05-08T23:13:29.481759" elapsed="0.000000"/>
</kw>
<status status="NOT RUN" start="2025-05-08T23:13:29.481759" elapsed="0.000000"/>
</branch>
<status status="PASS" start="2025-05-08T23:13:29.477759" elapsed="0.004000"/>
</try>
<doc>Cleans up and closes the test driver</doc>
<status status="PASS" start="2025-05-08T23:13:29.477759" elapsed="0.004000"/>
</kw>
<doc>Tests de connectivité WiFi pour appareil Android
- Activation du WiFi
- Désactivation du WiFi
- Vérification de l'état via UI et ADB
- Prend en charge les interfaces en français et en anglais</doc>
<status status="PASS" start="2025-05-08T23:11:41.984732" elapsed="107.497027"/>
</suite>
<statistics>
<total>
<stat pass="2" fail="0" skip="0">All Tests</stat>
</total>
<tag>
<stat pass="2" fail="0" skip="0">smoke</stat>
<stat pass="2" fail="0" skip="0">wifi</stat>
</tag>
<suite>
<stat name="WiFiAndConnectivite" id="s1" pass="2" fail="0" skip="0">WiFiAndConnectivite</stat>
</suite>
</statistics>
<errors>
<msg time="2025-05-08T23:13:29.480760" level="WARN">Keyword 'Capture Page Screenshot' could not be run on failure: No application is open</msg>
</errors>
</robot>
