<?xml version="1.0" encoding="UTF-8"?>
<robot generator="Robot 7.2.2 (Python 3.12.5 on win32)" generated="2025-05-04T22:13:04.179287" rpa="false" schemaversion="5">
<suite id="s1" name="InstallationApplications" source="C:\Users\bahae\Desktop\PfeProject\test_cases\InstallationApplications.robot">
<kw name="DÃ©marrer Driver" type="SETUP">
<kw name="Setup Driver" owner="Integration">
<msg time="2025-05-04T22:13:17.500102" level="INFO">${driver} = &lt;appium.webdriver.webdriver.WebDriver (session="b3095b65-dfd3-4325-bb6f-c50639c79783")&gt;</msg>
<var>${driver}</var>
<arg>${Device}</arg>
<doc>Initialise et retourne le driver Appium.</doc>
<status status="PASS" start="2025-05-04T22:13:04.792760" elapsed="12.707342"/>
</kw>
<kw name="Set Suite Variable" owner="BuiltIn">
<msg time="2025-05-04T22:13:17.500102" level="INFO">${driver} = &lt;appium.webdriver.webdriver.WebDriver (session="b3095b65-dfd3-4325-bb6f-c50639c79783")&gt;</msg>
<arg>${driver}</arg>
<doc>Makes a variable available everywhere within the scope of the current suite.</doc>
<status status="PASS" start="2025-05-04T22:13:17.500102" elapsed="0.000000"/>
</kw>
<status status="PASS" start="2025-05-04T22:13:04.791760" elapsed="12.708342"/>
</kw>
<test id="s1-t1" name="Test Install Apk" line="27">
<kw name="Search Application" owner="Integration">
<msg time="2025-05-04T22:13:41.657027" level="INFO">ğŸ“Œ Liste des applications dÃ©tectÃ©es : ['Appium Settings', 'ARD Audiothek', 'Audio Bluetooth', 'Agenda', 'Crunchyroll', 'Google Assistant', 'Home Assistant', 'Local Media Player', 'Maps', 'Google\xa0ActualitÃ©s', 'TÃ©lÃ©phone', 'Play\xa0Store', 'Prime Video', 'ParamÃ¨tres', 'SMS']
ğŸ“Œ First Home Page dÃ©tectÃ©e : ['Appium Settings', 'ARD Audiothek', 'Audio Bluetooth', 'Agenda', 'Crunchyroll', 'Google Assistant', 'Home Assistant', 'Local Media Player', 'Maps', 'Google\xa0ActualitÃ©s', 'TÃ©lÃ©phone', 'Play\xa0Store', 'Prime Video', 'ParamÃ¨tres', 'SMS']

ğŸ“Œ Liste des applications dÃ©tectÃ©es : ['Appium Settings', 'ARD Audiothek', 'Audio Bluetooth', 'Agenda', 'Crunchyroll', 'Google Assistant', 'Home Assistant', 'Local Media Player', 'Maps', 'Google\xa0ActualitÃ©s', 'TÃ©lÃ©phone', 'Play\xa0Store', 'Prime Video', 'ParamÃ¨tres', 'SMS']
âœ… Retour Ã  la first home page !
111111111111111111111
2222222222222222

ğŸ“Œ Liste des applications dÃ©tectÃ©es : ['Appium Settings', 'ARD Audiothek', 'Audio Bluetooth', 'Agenda', 'Crunchyroll', 'Google Assistant', 'Home Assistant', 'Local Media Player', 'Maps', 'Google\xa0ActualitÃ©s', 'TÃ©lÃ©phone', 'Play\xa0Store', 'Prime Video', 'ParamÃ¨tres', 'SMS']
444444444444444444444'

ğŸ“Œ Liste des applications dÃ©tectÃ©es : ['Spotify', 'TestNotificationapk', 'Vivaldi Browser', 'Enregistreur vocal', 'YouTube']
6666666666666666666
ğŸ”„ Swipe en cours...
2222222222222222

ğŸ“Œ Liste des applications dÃ©tectÃ©es : ['Spotify', 'TestNotificationapk', 'Vivaldi Browser', 'Enregistreur vocal', 'YouTube']
3333333333333333333
331 209 572 247</msg>
<msg time="2025-05-04T22:13:41.657027" level="INFO">${isInsUi} = True</msg>
<var>${isInsUi}</var>
<arg>${driver}</arg>
<arg>TestNotificationapk</arg>
<status status="PASS" start="2025-05-04T22:13:17.501104" elapsed="24.155923"/>
</kw>
<kw name="Log" owner="BuiltIn">
<msg time="2025-05-04T22:13:41.658030" level="INFO">True</msg>
<arg>${isInsUi}</arg>
<doc>Logs the given message with the given level.</doc>
<status status="PASS" start="2025-05-04T22:13:41.657027" elapsed="0.001003"/>
</kw>
<kw name="Is App Installed" owner="Integration">
<msg time="2025-05-04T22:13:41.740956" level="INFO">${isIns} = True</msg>
<var>${isIns}</var>
<arg>${driver}</arg>
<arg>actia.pfe25.testnotificationapk</arg>
<doc>VÃ©rifie si une application est installÃ©e sur l'appareil via ADB.</doc>
<status status="PASS" start="2025-05-04T22:13:41.658030" elapsed="0.082926"/>
</kw>
<kw name="Log" owner="BuiltIn">
<msg time="2025-05-04T22:13:41.740956" level="INFO">True</msg>
<arg>${isIns}</arg>
<doc>Logs the given message with the given level.</doc>
<status status="PASS" start="2025-05-04T22:13:41.740956" elapsed="0.000000"/>
</kw>
<kw name="Install Apk" owner="Integration">
<msg time="2025-05-04T22:13:42.619158" level="INFO">Installation rÃ©ussie : Performing Streamed Install
Success</msg>
<arg>${driver}</arg>
<arg>automotive-Notification_Test.apk</arg>
<doc>Installe un fichier APK sur un appareil Android via ADB.</doc>
<status status="PASS" start="2025-05-04T22:13:41.741975" elapsed="0.877183"/>
</kw>
<kw name="Is App Installed" owner="Integration">
<msg time="2025-05-04T22:13:42.735811" level="INFO">${isIns} = True</msg>
<var>${isIns}</var>
<arg>${driver}</arg>
<arg>actia.pfe25.testnotificationapk</arg>
<doc>VÃ©rifie si une application est installÃ©e sur l'appareil via ADB.</doc>
<status status="PASS" start="2025-05-04T22:13:42.619158" elapsed="0.116653"/>
</kw>
<kw name="Log" owner="BuiltIn">
<msg time="2025-05-04T22:13:42.736810" level="INFO">True</msg>
<arg>${isIns}</arg>
<doc>Logs the given message with the given level.</doc>
<status status="PASS" start="2025-05-04T22:13:42.735811" elapsed="0.000999"/>
</kw>
<kw name="Run Keyword And Continue On Failure" owner="BuiltIn">
<kw name="Should Be True" owner="BuiltIn">
<arg>${isIns}</arg>
<arg>The application is not installed via adb</arg>
<doc>Fails if the given condition is not true.</doc>
<status status="PASS" start="2025-05-04T22:13:42.736810" elapsed="0.000000"/>
</kw>
<arg>Should Be True</arg>
<arg>${isIns}</arg>
<arg>The application is not installed via adb</arg>
<doc>Runs the keyword and continues execution even if a failure occurs.</doc>
<status status="PASS" start="2025-05-04T22:13:42.736810" elapsed="0.000000"/>
</kw>
<kw name="Search Application" owner="Integration">
<msg time="2025-05-04T22:14:09.058723" level="INFO">ğŸ“Œ Liste des applications dÃ©tectÃ©es : ['Spotify', 'TestNotificationapk', 'Vivaldi Browser', 'Enregistreur vocal', 'YouTube']
ğŸ“Œ First Home Page dÃ©tectÃ©e : ['Spotify', 'TestNotificationapk', 'Vivaldi Browser', 'Enregistreur vocal', 'YouTube']

ğŸ“Œ Liste des applications dÃ©tectÃ©es : ['Appium Settings', 'ARD Audiothek', 'Audio Bluetooth', 'Agenda', 'Crunchyroll', 'Google Assistant', 'Home Assistant', 'Local Media Player', 'Maps', 'Google\xa0ActualitÃ©s', 'TÃ©lÃ©phone', 'Play\xa0Store', 'Prime Video', 'ParamÃ¨tres', 'SMS']
ğŸ”„ Swipe en cours...

ğŸ“Œ Liste des applications dÃ©tectÃ©es : ['Appium Settings', 'ARD Audiothek', 'Audio Bluetooth', 'Agenda', 'Crunchyroll', 'Google Assistant', 'Home Assistant', 'Local Media Player', 'Maps', 'Google\xa0ActualitÃ©s', 'TÃ©lÃ©phone', 'Play\xa0Store', 'Prime Video', 'ParamÃ¨tres', 'SMS']
âœ… Retour Ã  la first home page !
111111111111111111111
2222222222222222

ğŸ“Œ Liste des applications dÃ©tectÃ©es : ['Appium Settings', 'ARD Audiothek', 'Audio Bluetooth', 'Agenda', 'Crunchyroll', 'Google Assistant', 'Home Assistant', 'Local Media Player', 'Maps', 'Google\xa0ActualitÃ©s', 'TÃ©lÃ©phone', 'Play\xa0Store', 'Prime Video', 'ParamÃ¨tres', 'SMS']
444444444444444444444'

ğŸ“Œ Liste des applications dÃ©tectÃ©es : ['Spotify', 'TestNotificationapk', 'Vivaldi Browser', 'Enregistreur vocal', 'YouTube']
6666666666666666666
ğŸ”„ Swipe en cours...
2222222222222222

ğŸ“Œ Liste des applications dÃ©tectÃ©es : ['Spotify', 'TestNotificationapk', 'Vivaldi Browser', 'Enregistreur vocal', 'YouTube']
3333333333333333333
331 209 572 247</msg>
<msg time="2025-05-04T22:14:09.059721" level="INFO">${isInsUi} = True</msg>
<var>${isInsUi}</var>
<arg>${driver}</arg>
<arg>TestNotificationapk</arg>
<status status="PASS" start="2025-05-04T22:13:42.736810" elapsed="26.322911"/>
</kw>
<kw name="Run Keyword And Continue On Failure" owner="BuiltIn">
<kw name="Should Be True" owner="BuiltIn">
<arg>${isInsUi}</arg>
<arg>The installed application is not displayed (via adb)</arg>
<doc>Fails if the given condition is not true.</doc>
<status status="PASS" start="2025-05-04T22:14:09.059721" elapsed="0.000000"/>
</kw>
<arg>Should Be True</arg>
<arg>${isInsUi}</arg>
<arg>The installed application is not displayed (via adb)</arg>
<doc>Runs the keyword and continues execution even if a failure occurs.</doc>
<status status="PASS" start="2025-05-04T22:14:09.059721" elapsed="0.000000"/>
</kw>
<status status="PASS" start="2025-05-04T22:13:17.501104" elapsed="51.558617"/>
</test>
<test id="s1-t2" name="Test Uninstall Application" line="43">
<kw name="Get System Language" owner="Integration">
<msg time="2025-05-04T22:14:09.115754" level="INFO">${lang} = fr</msg>
<var>${lang}</var>
<arg>${Device}</arg>
<status status="PASS" start="2025-05-04T22:14:09.060721" elapsed="0.055033"/>
</kw>
<if>
<branch type="IF" condition="'${lang}' == 'fr'">
<kw name="Set Variable" owner="BuiltIn">
<msg time="2025-05-04T22:14:09.116285" level="INFO">${System} = SystÃ¨me</msg>
<var>${System}</var>
<arg>SystÃ¨me</arg>
<doc>Returns the given values which can then be assigned to a variables.</doc>
<status status="PASS" start="2025-05-04T22:14:09.115754" elapsed="0.000531"/>
</kw>
<kw name="Set Variable" owner="BuiltIn">
<msg time="2025-05-04T22:14:09.116285" level="INFO">${Setting} = ParamÃ¨tres</msg>
<var>${Setting}</var>
<arg>ParamÃ¨tres</arg>
<doc>Returns the given values which can then be assigned to a variables.</doc>
<status status="PASS" start="2025-05-04T22:14:09.116285" elapsed="0.000000"/>
</kw>
<kw name="Set Variable" owner="BuiltIn">
<msg time="2025-05-04T22:14:09.116285" level="INFO">${apps} = Applis</msg>
<var>${apps}</var>
<arg>Applis</arg>
<doc>Returns the given values which can then be assigned to a variables.</doc>
<status status="PASS" start="2025-05-04T22:14:09.116285" elapsed="0.000000"/>
</kw>
<kw name="Set Variable" owner="BuiltIn">
<msg time="2025-05-04T22:14:09.116285" level="INFO">${Consulter_allapps} = Voir les</msg>
<var>${Consulter_allapps}</var>
<arg>Voir les</arg>
<doc>Returns the given values which can then be assigned to a variables.</doc>
<status status="PASS" start="2025-05-04T22:14:09.116285" elapsed="0.000000"/>
</kw>
<kw name="Set Variable" owner="BuiltIn">
<msg time="2025-05-04T22:14:09.116285" level="INFO">${DesButton} = DÃ©sinstaller</msg>
<var>${DesButton}</var>
<arg>DÃ©sinstaller</arg>
<doc>Returns the given values which can then be assigned to a variables.</doc>
<status status="PASS" start="2025-05-04T22:14:09.116285" elapsed="0.000000"/>
</kw>
<kw name="Set Variable" owner="BuiltIn">
<msg time="2025-05-04T22:14:09.116285" level="INFO">${confirme} = OK</msg>
<var>${confirme}</var>
<arg>OK</arg>
<doc>Returns the given values which can then be assigned to a variables.</doc>
<status status="PASS" start="2025-05-04T22:14:09.116285" elapsed="0.000000"/>
</kw>
<status status="PASS" start="2025-05-04T22:14:09.115754" elapsed="0.000531"/>
</branch>
<branch type="ELSE">
<kw name="Set Variable" owner="BuiltIn">
<var>${System}</var>
<arg>System</arg>
<doc>Returns the given values which can then be assigned to a variables.</doc>
<status status="NOT RUN" start="2025-05-04T22:14:09.117270" elapsed="0.000000"/>
</kw>
<kw name="Set Variable" owner="BuiltIn">
<var>${Setting}</var>
<arg>Settings</arg>
<doc>Returns the given values which can then be assigned to a variables.</doc>
<status status="NOT RUN" start="2025-05-04T22:14:09.117270" elapsed="0.000000"/>
</kw>
<kw name="Set Variable" owner="BuiltIn">
<var>${apps}</var>
<arg>Apps</arg>
<doc>Returns the given values which can then be assigned to a variables.</doc>
<status status="NOT RUN" start="2025-05-04T22:14:09.117270" elapsed="0.000000"/>
</kw>
<kw name="Set Variable" owner="BuiltIn">
<var>${Consulter_allapps}</var>
<arg>View all</arg>
<doc>Returns the given values which can then be assigned to a variables.</doc>
<status status="NOT RUN" start="2025-05-04T22:14:09.117270" elapsed="0.000000"/>
</kw>
<kw name="Set Variable" owner="BuiltIn">
<var>${DesButton}</var>
<arg>Uninstall</arg>
<doc>Returns the given values which can then be assigned to a variables.</doc>
<status status="NOT RUN" start="2025-05-04T22:14:09.117270" elapsed="0.000000"/>
</kw>
<kw name="Set Variable" owner="BuiltIn">
<var>${confirme}</var>
<arg>OK</arg>
<doc>Returns the given values which can then be assigned to a variables.</doc>
<status status="NOT RUN" start="2025-05-04T22:14:09.117270" elapsed="0.000000"/>
</kw>
<status status="NOT RUN" start="2025-05-04T22:14:09.116285" elapsed="0.000985"/>
</branch>
<status status="PASS" start="2025-05-04T22:14:09.115754" elapsed="0.001516"/>
</if>
<kw name="Open Application With Click" owner="Integration">
<msg time="2025-05-04T22:14:31.395021" level="INFO">ğŸ“Œ Liste des applications dÃ©tectÃ©es : ['Spotify', 'TestNotificationapk', 'Vivaldi Browser', 'Enregistreur vocal', 'YouTube']
ğŸ“Œ First Home Page dÃ©tectÃ©e : ['Spotify', 'TestNotificationapk', 'Vivaldi Browser', 'Enregistreur vocal', 'YouTube']

ğŸ“Œ Liste des applications dÃ©tectÃ©es : ['Appium Settings', 'ARD Audiothek', 'Audio Bluetooth', 'Agenda', 'Crunchyroll', 'Google Assistant', 'Home Assistant', 'Local Media Player', 'Maps', 'Google\xa0ActualitÃ©s', 'TÃ©lÃ©phone', 'Play\xa0Store', 'Prime Video', 'ParamÃ¨tres', 'SMS']
ğŸ”„ Swipe en cours...

ğŸ“Œ Liste des applications dÃ©tectÃ©es : ['Appium Settings', 'ARD Audiothek', 'Audio Bluetooth', 'Agenda', 'Crunchyroll', 'Google Assistant', 'Home Assistant', 'Local Media Player', 'Maps', 'Google\xa0ActualitÃ©s', 'TÃ©lÃ©phone', 'Play\xa0Store', 'Prime Video', 'ParamÃ¨tres', 'SMS']
âœ… Retour Ã  la first home page !

ğŸ“Œ Liste des applications dÃ©tectÃ©es : ['Appium Settings', 'ARD Audiothek', 'Audio Bluetooth', 'Agenda', 'Crunchyroll', 'Google Assistant', 'Home Assistant', 'Local Media Player', 'Maps', 'Google\xa0ActualitÃ©s', 'TÃ©lÃ©phone', 'Play\xa0Store', 'Prime Video', 'ParamÃ¨tres', 'SMS']
884 619 1028 657</msg>
<msg time="2025-05-04T22:14:31.396021" level="INFO">${resultat} = True</msg>
<var>${resultat}</var>
<arg>${driver}</arg>
<arg>${Setting}</arg>
<status status="PASS" start="2025-05-04T22:14:09.117270" elapsed="22.278751"/>
</kw>
<kw name="Sleep" owner="BuiltIn">
<msg time="2025-05-04T22:14:32.396091" level="INFO">Slept 1 second.</msg>
<arg>1s</arg>
<doc>Pauses the test executed for the given time.</doc>
<status status="PASS" start="2025-05-04T22:14:31.396021" elapsed="1.000070"/>
</kw>
<kw name="Check Element Exists By Id" owner="Integration">
<msg time="2025-05-04T22:14:32.919770" level="INFO">${Verfier} = True</msg>
<var>${Verfier}</var>
<arg>${driver}</arg>
<arg>${Setting_xpath_id}</arg>
<doc>VÃ©rifie si un Ã©lÃ©ment existe en utilisant son ID.</doc>
<status status="PASS" start="2025-05-04T22:14:32.396091" elapsed="0.523679"/>
</kw>
<kw name="Should Be True" owner="BuiltIn">
<arg>${Verfier}</arg>
<arg>Settings is not displayed.</arg>
<doc>Fails if the given condition is not true.</doc>
<status status="PASS" start="2025-05-04T22:14:32.919770" elapsed="0.000000"/>
</kw>
<kw name="Clique Sur Setting" owner="Integration">
<msg time="2025-05-04T22:14:40.155941" level="INFO">(0, 76, 550, 696)
ğŸ”½ Swipe vers le bas #1
ğŸ›‘ Plus de nouveaux Ã©lÃ©ments en bas. Fin de balayage.
ğŸ”¼ Swipe vers le haut #1
ğŸ”¼ Swipe vers le haut #2
ğŸ”¼ Swipe vers le haut #3
âœ… 'Applis' trouvÃ© en remontant ! Appui en cours...</msg>
<arg>${driver}</arg>
<arg>${apps}</arg>
<arg>${Setting_menu}</arg>
<status status="PASS" start="2025-05-04T22:14:32.919770" elapsed="7.236171"/>
</kw>
<kw name="Clique Sur Setting Include" owner="Integration">
<msg time="2025-05-04T22:15:04.685658" level="INFO">ğŸ“Œ Liste des applications dÃ©tectÃ©es : ['Ã‰cran', 'Profils et comptes', 'Position', 'ConfidentialitÃ©', 'AccessibilitÃ©', 'SÃ©curitÃ©', 'Applis', 'Ouvertes rÃ©cemment', 'Maps', 'Appium Settings', 'TestNotificationapk', 'Voir les 21\xa0applis']
ğŸ“Œ First Home Page dÃ©tectÃ©e : ['Ã‰cran', 'Profils et comptes', 'Position', 'ConfidentialitÃ©', 'AccessibilitÃ©', 'SÃ©curitÃ©', 'Applis', 'Ouvertes rÃ©cemment', 'Maps', 'Appium Settings', 'TestNotificationapk', 'Voir les 21\xa0applis']
ğŸ”„ Swipe #1 en cours...

ğŸ“Œ Liste des applications dÃ©tectÃ©es : ['Bluetooth', 'RÃ©seau et Internet', 'Notifications', 'Son', 'Ã‰cran', 'Profils et comptes', 'Position', 'Ouvertes rÃ©cemment', 'Maps', 'Appium Settings', 'TestNotificationapk', 'Voir les 21\xa0applis']
ğŸ”„ Swipe #2 en cours...

ğŸ“Œ Liste des applications dÃ©tectÃ©es : ['Bluetooth', 'RÃ©seau et Internet', 'Notifications', 'Son', 'Ã‰cran', 'Profils et comptes', 'Position', 'Ouvertes rÃ©cemment', 'Maps', 'Appium Settings', 'TestNotificationapk', 'Voir les 21\xa0applis']
âœ… Retour Ã  la first home page !
First Home Page dÃ©tectÃ©e : ['TestNotificationapk', 'Il y a 28 secondes', 'Il y a 2 minutes', 'Maps', 'Ouvertes rÃ©cemment', 'Voir les 21\xa0applis', 'Appium Settings', 'Il y a 30 secondes']
 Voir les trouvÃ© ! Appui sur le texte contenant 'Voir les 21Â applis'.</msg>
<arg>${driver}</arg>
<arg>${Consulter_allapps}</arg>
<arg>${Setting_system}</arg>
<status status="PASS" start="2025-05-04T22:14:40.156939" elapsed="24.529721"/>
</kw>
<kw name="Clique Sur Setting" owner="Integration">
<msg time="2025-05-04T22:15:18.873135" level="INFO">(551, 172, 1408, 696)
ğŸ”½ Swipe vers le bas #1
ğŸ›‘ Plus de nouveaux Ã©lÃ©ments en bas. Fin de balayage.
ğŸ”¼ Swipe vers le haut #1
ğŸ”¼ Swipe vers le haut #2
ğŸ”¼ Swipe vers le haut #3
ğŸ”¼ Swipe vers le haut #4
ğŸ”¼ Swipe vers le haut #5
ğŸ›‘ Aucun nouvel Ã©lÃ©ment en haut. Fin de balayage.
âŒ 'TestNotificationapk' introuvable aprÃ¨s balayage complet.</msg>
<arg>${driver}</arg>
<arg>TestNotificationapk</arg>
<arg>${Setting_system}</arg>
<status status="PASS" start="2025-05-04T22:15:04.686660" elapsed="14.186475"/>
</kw>
<kw name="Click Element By Text Att" owner="Integration">
<msg time="2025-05-04T22:15:39.215239" level="FAIL">TimeoutException: Message: 
Stacktrace:
NoSuchElementError: An element could not be located on the page using the given search parameters.
    at AndroidUiautomator2Driver.findElOrEls (C:\Users\bahae\.appium\node_modules\appium-uiautomator2-driver\node_modules\appium-android-driver\lib\commands\find.ts:86:11)
    at processTicksAndRejections (node:internal/process/task_queues:95:5)
    at AndroidUiautomator2Driver.findElOrElsWithProcessing (C:\Users\bahae\AppData\Roaming\npm\node_modules\appium\node_modules\@appium\base-driver\lib\basedriver\commands\find.ts:60:12)
    at AndroidUiautomator2Driver.findElement (C:\Users\bahae\AppData\Roaming\npm\node_modules\appium\node_modules\@appium\base-driver\lib\basedriver\commands\find.ts:75:12)</msg>
<arg>${driver}</arg>
<arg>${DesButton}</arg>
<status status="FAIL" start="2025-05-04T22:15:18.873135" elapsed="20.343104">TimeoutException: Message: 
Stacktrace:
NoSuchElementError: An element could not be located on the page using the given search parameters.
    at AndroidUiautomator2Driver.findElOrEls (C:\Users\bahae\.appium\node_modules\appium-uiautomator2-driver\node_modules\appium-android-driver\lib\commands\find.ts:86:11)
    at processTicksAndRejections (node:internal/process/task_queues:95:5)
    at AndroidUiautomator2Driver.findElOrElsWithProcessing (C:\Users\bahae\AppData\Roaming\npm\node_modules\appium\node_modules\@appium\base-driver\lib\basedriver\commands\find.ts:60:12)
    at AndroidUiautomator2Driver.findElement (C:\Users\bahae\AppData\Roaming\npm\node_modules\appium\node_modules\@appium\base-driver\lib\basedriver\commands\find.ts:75:12)</status>
</kw>
<kw name="Sleep" owner="BuiltIn">
<arg>1s</arg>
<doc>Pauses the test executed for the given time.</doc>
<status status="NOT RUN" start="2025-05-04T22:15:39.216239" elapsed="0.000000"/>
</kw>
<kw name="Click Element By Text" owner="Integration">
<arg>${driver}</arg>
<arg>${confirme}</arg>
<status status="NOT RUN" start="2025-05-04T22:15:39.216239" elapsed="0.000000"/>
</kw>
<kw name="Search Application" owner="Integration">
<var>${isInsUi}</var>
<arg>${driver}</arg>
<arg>TestNotificationapk</arg>
<status status="NOT RUN" start="2025-05-04T22:15:39.216239" elapsed="0.000000"/>
</kw>
<kw name="Run Keyword And Continue On Failure" owner="BuiltIn">
<arg>Should Not Be True</arg>
<arg>${isInsUi}</arg>
<arg>The uninstalled application is displayed</arg>
<doc>Runs the keyword and continues execution even if a failure occurs.</doc>
<status status="NOT RUN" start="2025-05-04T22:15:39.217240" elapsed="0.000000"/>
</kw>
<kw name="Is App Installed" owner="Integration">
<var>${isIns}</var>
<arg>${driver}</arg>
<arg>actia.pfe25.testnotificationapk</arg>
<doc>VÃ©rifie si une application est installÃ©e sur l'appareil via ADB.</doc>
<status status="NOT RUN" start="2025-05-04T22:15:39.217240" elapsed="0.000000"/>
</kw>
<kw name="Log" owner="BuiltIn">
<arg>${isIns}</arg>
<doc>Logs the given message with the given level.</doc>
<status status="NOT RUN" start="2025-05-04T22:15:39.217240" elapsed="0.000000"/>
</kw>
<kw name="Run Keyword And Continue On Failure" owner="BuiltIn">
<arg>Should Not Be True</arg>
<arg>${isIns}</arg>
<arg>The application is not uninstalled correctly (via adb)</arg>
<doc>Runs the keyword and continues execution even if a failure occurs.</doc>
<status status="NOT RUN" start="2025-05-04T22:15:39.217240" elapsed="0.000000"/>
</kw>
<status status="FAIL" start="2025-05-04T22:14:09.060721" elapsed="90.156519">TimeoutException: Message: 
Stacktrace:
NoSuchElementError: An element could not be located on the page using the given search parameters.
    at AndroidUiautomator2Driver.findElOrEls (C:\Users\bahae\.appium\node_modules\appium-uiautomator2-driver\node_modules\appium-android-driver\lib\commands\find.ts:86:11)
    at processTicksAndRejections (node:internal/process/task_queues:95:5)
    at AndroidUiautomator2Driver.findElOrElsWithProcessing (C:\Users\bahae\AppData\Roaming\npm\node_modules\appium\node_modules\@appium\base-driver\lib\basedriver\commands\find.ts:60:12)
    at AndroidUiautomator2Driver.findElement (C:\Users\bahae\AppData\Roaming\npm\node_modules\appium\node_modules\@appium\base-driver\lib\basedriver\commands\find.ts:75:12)</status>
</test>
<kw name="Fermer Driver" type="TEARDOWN">
<kw name="Close Driver" owner="Integration">
<arg>${driver}</arg>
<doc>Ferme proprement le driver Appium.</doc>
<status status="PASS" start="2025-05-04T22:15:39.218240" elapsed="0.176108"/>
</kw>
<status status="PASS" start="2025-05-04T22:15:39.218240" elapsed="0.176108"/>
</kw>
<status status="FAIL" start="2025-05-04T22:13:04.181287" elapsed="155.213061"/>
</suite>
<statistics>
<total>
<stat pass="1" fail="1" skip="0">All Tests</stat>
</total>
<tag>
</tag>
<suite>
<stat name="InstallationApplications" id="s1" pass="1" fail="1" skip="0">InstallationApplications</stat>
</suite>
</statistics>
<errors>
</errors>
</robot>
