<?xml version="1.0" encoding="UTF-8"?>
<robot generator="Robot 7.2.2 (Python 3.12.9 on linux)" generated="2025-04-07T13:29:37.562186" rpa="false" schemaversion="5">
<suite id="s1" name="FonctionnaliteBluetooth" source="/app/test_cases/FonctionnaliteBluetooth.robot">
<test id="s1-t1" name="Test Ouvrir Bluetooth" line="25">
<kw name="Setup Driver" owner="Integration">
<msg time="2025-04-07T13:29:56.299805" level="WARN">Retrying (Retry(total=2, connect=None, read=None, redirect=None, status=None)) after connection broken by 'NewConnectionError('&lt;urllib3.connection.HTTPConnection object at 0x7fc558a2fb90&gt;: Failed to establish a new connection: [Errno 113] No route to host')': /session</msg>
<msg time="2025-04-07T13:29:59.418759" level="WARN">Retrying (Retry(total=1, connect=None, read=None, redirect=None, status=None)) after connection broken by 'NewConnectionError('&lt;urllib3.connection.HTTPConnection object at 0x7fc558bac740&gt;: Failed to establish a new connection: [Errno 113] No route to host')': /session</msg>
<msg time="2025-04-07T13:30:02.540059" level="WARN">Retrying (Retry(total=0, connect=None, read=None, redirect=None, status=None)) after connection broken by 'NewConnectionError('&lt;urllib3.connection.HTTPConnection object at 0x7fc558a5c350&gt;: Failed to establish a new connection: [Errno 113] No route to host')': /session</msg>
<msg time="2025-04-07T13:30:05.659639" level="FAIL">MaxRetryError: HTTPConnectionPool(host='172.21.0.3', port=4723): Max retries exceeded with url: /session (Caused by NewConnectionError('&lt;urllib3.connection.HTTPConnection object at 0x7fc558a5d460&gt;: Failed to establish a new connection: [Errno 113] No route to host'))</msg>
<var>${driver}</var>
<arg>${Device}</arg>
<doc>Initialise et retourne le driver Appium.</doc>
<status status="FAIL" start="2025-04-07T13:29:37.935264" elapsed="27.750070">MaxRetryError: HTTPConnectionPool(host='172.21.0.3', port=4723): Max retries exceeded with url: /session (Caused by NewConnectionError('&lt;urllib3.connection.HTTPConnection object at 0x7fc558a5d460&gt;: Failed to establish a new connection: [Errno 113] No route to host'))</status>
</kw>
<kw name="Get System Language" owner="Integration">
<var>${lang}</var>
<arg>${Device}</arg>
<status status="NOT RUN" start="2025-04-07T13:30:05.685626" elapsed="0.000038"/>
</kw>
<if>
<branch type="IF" condition="'${lang}' == 'fr'">
<kw name="Set Variable" owner="BuiltIn">
<var>${System}</var>
<arg>Système</arg>
<doc>Returns the given values which can then be assigned to a variables.</doc>
<status status="NOT RUN" start="2025-04-07T13:30:05.685871" elapsed="0.000016"/>
</kw>
<kw name="Set Variable" owner="BuiltIn">
<var>${Setting}</var>
<arg>Paramètres</arg>
<doc>Returns the given values which can then be assigned to a variables.</doc>
<status status="NOT RUN" start="2025-04-07T13:30:05.685986" elapsed="0.000021"/>
</kw>
<kw name="Set Variable" owner="BuiltIn">
<var>${apps}</var>
<arg>Applis</arg>
<doc>Returns the given values which can then be assigned to a variables.</doc>
<status status="NOT RUN" start="2025-04-07T13:30:05.686090" elapsed="0.000015"/>
</kw>
<kw name="Set Variable" owner="BuiltIn">
<var>${Consulter_allapps}</var>
<arg>Voir les</arg>
<doc>Returns the given values which can then be assigned to a variables.</doc>
<status status="NOT RUN" start="2025-04-07T13:30:05.686170" elapsed="0.000012"/>
</kw>
<kw name="Set Variable" owner="BuiltIn">
<var>${DesButton}</var>
<arg>Désinstaller</arg>
<doc>Returns the given values which can then be assigned to a variables.</doc>
<status status="NOT RUN" start="2025-04-07T13:30:05.686242" elapsed="0.000014"/>
</kw>
<kw name="Set Variable" owner="BuiltIn">
<var>${confirme}</var>
<arg>OK</arg>
<doc>Returns the given values which can then be assigned to a variables.</doc>
<status status="NOT RUN" start="2025-04-07T13:30:05.686320" elapsed="0.000012"/>
</kw>
<status status="NOT RUN" start="2025-04-07T13:30:05.685770" elapsed="0.000593"/>
</branch>
<branch type="ELSE">
<kw name="Set Variable" owner="BuiltIn">
<var>${System}</var>
<arg>System</arg>
<doc>Returns the given values which can then be assigned to a variables.</doc>
<status status="NOT RUN" start="2025-04-07T13:30:05.686458" elapsed="0.000012"/>
</kw>
<kw name="Set Variable" owner="BuiltIn">
<var>${Setting}</var>
<arg>Settings</arg>
<doc>Returns the given values which can then be assigned to a variables.</doc>
<status status="NOT RUN" start="2025-04-07T13:30:05.686533" elapsed="0.000011"/>
</kw>
<kw name="Set Variable" owner="BuiltIn">
<var>${apps}</var>
<arg>Applis</arg>
<doc>Returns the given values which can then be assigned to a variables.</doc>
<status status="NOT RUN" start="2025-04-07T13:30:05.686598" elapsed="0.000011"/>
</kw>
<kw name="Set Variable" owner="BuiltIn">
<var>${Consulter_allapps}</var>
<arg>Voir les</arg>
<doc>Returns the given values which can then be assigned to a variables.</doc>
<status status="NOT RUN" start="2025-04-07T13:30:05.686666" elapsed="0.000012"/>
</kw>
<kw name="Set Variable" owner="BuiltIn">
<var>${DesButton}</var>
<arg>Désinstaller</arg>
<doc>Returns the given values which can then be assigned to a variables.</doc>
<status status="NOT RUN" start="2025-04-07T13:30:05.686733" elapsed="0.000011"/>
</kw>
<kw name="Set Variable" owner="BuiltIn">
<var>${confirme}</var>
<arg>OK</arg>
<doc>Returns the given values which can then be assigned to a variables.</doc>
<status status="NOT RUN" start="2025-04-07T13:30:05.686805" elapsed="0.000011"/>
</kw>
<status status="NOT RUN" start="2025-04-07T13:30:05.686395" elapsed="0.000441"/>
</branch>
<status status="NOT RUN" start="2025-04-07T13:30:05.685735" elapsed="0.001117"/>
</if>
<kw name="Open Application With Click" owner="Integration">
<var>${resultat}</var>
<arg>${driver}</arg>
<arg>${Setting}</arg>
<status status="NOT RUN" start="2025-04-07T13:30:05.686916" elapsed="0.000012"/>
</kw>
<kw name="Sleep" owner="BuiltIn">
<arg>2s</arg>
<doc>Pauses the test executed for the given time.</doc>
<status status="NOT RUN" start="2025-04-07T13:30:05.687001" elapsed="0.000014"/>
</kw>
<kw name="Check Element Exists By Id" owner="Integration">
<var>${Verfier}</var>
<arg>${driver}</arg>
<arg>${Setting_xpath_id}</arg>
<doc>Vérifie si un élément existe en utilisant son ID.</doc>
<status status="NOT RUN" start="2025-04-07T13:30:05.687079" elapsed="0.000013"/>
</kw>
<kw name="Should Be True" owner="BuiltIn">
<arg>${Verfier}</arg>
<arg>Setting n'est pas affiché.</arg>
<doc>Fails if the given condition is not true.</doc>
<status status="NOT RUN" start="2025-04-07T13:30:05.687153" elapsed="0.000012"/>
</kw>
<kw name="Clique Sur Setting" owner="Integration">
<arg>${driver}</arg>
<arg>Bluetooth</arg>
<arg>${Setting_menu}</arg>
<status status="NOT RUN" start="2025-04-07T13:30:05.687218" elapsed="0.000011"/>
</kw>
<kw name="Element Existe Par Accessibility Id" owner="Integration">
<var>${ble}</var>
<arg>${driver}</arg>
<arg>Bluetooth toggle switch</arg>
<status status="NOT RUN" start="2025-04-07T13:30:05.687283" elapsed="0.000012"/>
</kw>
<kw name="Should Be True" owner="BuiltIn">
<arg>${ble}</arg>
<arg>Les paramètres de Bluetooth ne s'affichent pas.</arg>
<doc>Fails if the given condition is not true.</doc>
<status status="NOT RUN" start="2025-04-07T13:30:05.687348" elapsed="0.000020"/>
</kw>
<kw name="Activer Bluetooth Si Desactive" owner="Integration">
<arg>${driver}</arg>
<arg>android:id/switch_widget</arg>
<status status="NOT RUN" start="2025-04-07T13:30:05.687423" elapsed="0.000012"/>
</kw>
<kw name="Sleep" owner="BuiltIn">
<arg>3s</arg>
<doc>Pauses the test executed for the given time.</doc>
<status status="NOT RUN" start="2025-04-07T13:30:05.687490" elapsed="0.000013"/>
</kw>
<kw name="Verfier Bluetooth Activer" owner="Integration">
<var>${verifier_ble_ui}</var>
<arg>${driver}</arg>
<arg>android:id/switch_widget</arg>
<status status="NOT RUN" start="2025-04-07T13:30:05.687560" elapsed="0.000013"/>
</kw>
<kw name="Should Be True" owner="BuiltIn">
<arg>${verifier_ble_ui}</arg>
<arg>Le Bluetooth ne s'active pas (ui).</arg>
<doc>Fails if the given condition is not true.</doc>
<status status="NOT RUN" start="2025-04-07T13:30:05.687635" elapsed="0.000013"/>
</kw>
<kw name="Est Bluetooth Active" owner="Integration">
<var>${verfier_ble_adb}</var>
<arg>${Device}</arg>
<status status="NOT RUN" start="2025-04-07T13:30:05.689456" elapsed="0.000104"/>
</kw>
<kw name="Should Be True" owner="BuiltIn">
<arg>${verfier_ble_adb}</arg>
<arg>Le Bluetooth ne s'active pas (via adb).</arg>
<doc>Fails if the given condition is not true.</doc>
<status status="NOT RUN" start="2025-04-07T13:30:05.689699" elapsed="0.000016"/>
</kw>
<doc>Ce test vérifie si le Bluetooth peut être activé sur l'appareil en accédant aux paramètres.  Il vérifie que l'élément Bluetooth est bien présent, puis tente de activer Bluetooth et de vérifier son statut.</doc>
<status status="FAIL" start="2025-04-07T13:29:37.933949" elapsed="27.756291">MaxRetryError: HTTPConnectionPool(host='172.21.0.3', port=4723): Max retries exceeded with url: /session (Caused by NewConnectionError('&lt;urllib3.connection.HTTPConnection object at 0x7fc558a5d460&gt;: Failed to establish a new connection: [Errno 113] No route to host'))</status>
</test>
<test id="s1-t2" name="Test Pairing Bluetooth" line="61">
<kw name="Setup Driver" owner="Integration">
<msg time="2025-04-07T13:30:08.778977" level="WARN">Retrying (Retry(total=2, connect=None, read=None, redirect=None, status=None)) after connection broken by 'NewConnectionError('&lt;urllib3.connection.HTTPConnection object at 0x7fc558a5f5f0&gt;: Failed to establish a new connection: [Errno 113] No route to host')': /session</msg>
<msg time="2025-04-07T13:30:11.894248" level="WARN">Retrying (Retry(total=1, connect=None, read=None, redirect=None, status=None)) after connection broken by 'NewConnectionError('&lt;urllib3.connection.HTTPConnection object at 0x7fc558a5f8c0&gt;: Failed to establish a new connection: [Errno 113] No route to host')': /session</msg>
<msg time="2025-04-07T13:30:15.014120" level="WARN">Retrying (Retry(total=0, connect=None, read=None, redirect=None, status=None)) after connection broken by 'NewConnectionError('&lt;urllib3.connection.HTTPConnection object at 0x7fc558a5e420&gt;: Failed to establish a new connection: [Errno 113] No route to host')': /session</msg>
<msg time="2025-04-07T13:30:18.134142" level="FAIL">MaxRetryError: HTTPConnectionPool(host='172.21.0.3', port=4723): Max retries exceeded with url: /session (Caused by NewConnectionError('&lt;urllib3.connection.HTTPConnection object at 0x7fc558a5ef60&gt;: Failed to establish a new connection: [Errno 113] No route to host'))</msg>
<var>${driver}</var>
<arg>${Device}</arg>
<doc>Initialise et retourne le driver Appium.</doc>
<status status="FAIL" start="2025-04-07T13:30:05.691271" elapsed="12.445524">MaxRetryError: HTTPConnectionPool(host='172.21.0.3', port=4723): Max retries exceeded with url: /session (Caused by NewConnectionError('&lt;urllib3.connection.HTTPConnection object at 0x7fc558a5ef60&gt;: Failed to establish a new connection: [Errno 113] No route to host'))</status>
</kw>
<kw name="Get System Language" owner="Integration">
<var>${lang}</var>
<arg>${Device}</arg>
<status status="NOT RUN" start="2025-04-07T13:30:18.137038" elapsed="0.000029"/>
</kw>
<if>
<branch type="IF" condition="'${lang}' == 'fr'">
<kw name="Set Variable" owner="BuiltIn">
<var>${System}</var>
<arg>Système</arg>
<doc>Returns the given values which can then be assigned to a variables.</doc>
<status status="NOT RUN" start="2025-04-07T13:30:18.137229" elapsed="0.000012"/>
</kw>
<kw name="Set Variable" owner="BuiltIn">
<var>${Setting}</var>
<arg>Paramètres</arg>
<doc>Returns the given values which can then be assigned to a variables.</doc>
<status status="NOT RUN" start="2025-04-07T13:30:18.137297" elapsed="0.000011"/>
</kw>
<kw name="Set Variable" owner="BuiltIn">
<var>${apps}</var>
<arg>Applis</arg>
<doc>Returns the given values which can then be assigned to a variables.</doc>
<status status="NOT RUN" start="2025-04-07T13:30:18.137361" elapsed="0.000010"/>
</kw>
<kw name="Set Variable" owner="BuiltIn">
<var>${Consulter_allapps}</var>
<arg>Voir les</arg>
<doc>Returns the given values which can then be assigned to a variables.</doc>
<status status="NOT RUN" start="2025-04-07T13:30:18.137421" elapsed="0.000010"/>
</kw>
<kw name="Set Variable" owner="BuiltIn">
<var>${DesButton}</var>
<arg>Désinstaller</arg>
<doc>Returns the given values which can then be assigned to a variables.</doc>
<status status="NOT RUN" start="2025-04-07T13:30:18.137480" elapsed="0.000010"/>
</kw>
<kw name="Set Variable" owner="BuiltIn">
<var>${confirme}</var>
<arg>OK</arg>
<doc>Returns the given values which can then be assigned to a variables.</doc>
<status status="NOT RUN" start="2025-04-07T13:30:18.137538" elapsed="0.000010"/>
</kw>
<kw name="Set Variable" owner="BuiltIn">
<var>${pairing}</var>
<arg>Associer un nouvel appareil</arg>
<doc>Returns the given values which can then be assigned to a variables.</doc>
<status status="NOT RUN" start="2025-04-07T13:30:18.137646" elapsed="0.000014"/>
</kw>
<kw name="Set Variable" owner="BuiltIn">
<var>${pairing_conf}</var>
<arg>Associer</arg>
<doc>Returns the given values which can then be assigned to a variables.</doc>
<status status="NOT RUN" start="2025-04-07T13:30:18.137715" elapsed="0.000011"/>
</kw>
<kw name="Set Variable" owner="BuiltIn">
<var>${pairing_conf2}</var>
<arg>Continuer</arg>
<doc>Returns the given values which can then be assigned to a variables.</doc>
<status status="NOT RUN" start="2025-04-07T13:30:18.137776" elapsed="0.000009"/>
</kw>
<status status="NOT RUN" start="2025-04-07T13:30:18.137150" elapsed="0.000654"/>
</branch>
<branch type="ELSE">
<kw name="Set Variable" owner="BuiltIn">
<var>${System}</var>
<arg>System</arg>
<doc>Returns the given values which can then be assigned to a variables.</doc>
<status status="NOT RUN" start="2025-04-07T13:30:18.137878" elapsed="0.000011"/>
</kw>
<kw name="Set Variable" owner="BuiltIn">
<var>${Setting}</var>
<arg>Settings</arg>
<doc>Returns the given values which can then be assigned to a variables.</doc>
<status status="NOT RUN" start="2025-04-07T13:30:18.137947" elapsed="0.000010"/>
</kw>
<kw name="Set Variable" owner="BuiltIn">
<var>${apps}</var>
<arg>Applis</arg>
<doc>Returns the given values which can then be assigned to a variables.</doc>
<status status="NOT RUN" start="2025-04-07T13:30:18.138008" elapsed="0.000009"/>
</kw>
<kw name="Set Variable" owner="BuiltIn">
<var>${Consulter_allapps}</var>
<arg>Voir les</arg>
<doc>Returns the given values which can then be assigned to a variables.</doc>
<status status="NOT RUN" start="2025-04-07T13:30:18.138067" elapsed="0.000009"/>
</kw>
<kw name="Set Variable" owner="BuiltIn">
<var>${DesButton}</var>
<arg>Désinstaller</arg>
<doc>Returns the given values which can then be assigned to a variables.</doc>
<status status="NOT RUN" start="2025-04-07T13:30:18.138124" elapsed="0.000010"/>
</kw>
<kw name="Set Variable" owner="BuiltIn">
<var>${confirme}</var>
<arg>OK</arg>
<doc>Returns the given values which can then be assigned to a variables.</doc>
<status status="NOT RUN" start="2025-04-07T13:30:18.138182" elapsed="0.000010"/>
</kw>
<kw name="Set Variable" owner="BuiltIn">
<var>${pairing}</var>
<arg>Associer un nouvel appareil</arg>
<doc>Returns the given values which can then be assigned to a variables.</doc>
<status status="NOT RUN" start="2025-04-07T13:30:18.138240" elapsed="0.000009"/>
</kw>
<kw name="Set Variable" owner="BuiltIn">
<var>${pairing_conf}</var>
<arg>Associer</arg>
<doc>Returns the given values which can then be assigned to a variables.</doc>
<status status="NOT RUN" start="2025-04-07T13:30:18.138297" elapsed="0.000010"/>
</kw>
<kw name="Set Variable" owner="BuiltIn">
<var>${pairing_conf2}</var>
<arg>Continuer</arg>
<doc>Returns the given values which can then be assigned to a variables.</doc>
<status status="NOT RUN" start="2025-04-07T13:30:18.138357" elapsed="0.000010"/>
</kw>
<status status="NOT RUN" start="2025-04-07T13:30:18.137823" elapsed="0.000561"/>
</branch>
<status status="NOT RUN" start="2025-04-07T13:30:18.137125" elapsed="0.001274"/>
</if>
<kw name="Setup Driver Mobile" owner="script_mobile">
<var>${driver_mobile}</var>
<arg>${Device_mobile}</arg>
<doc>Initialise et retourne le driver Appium.</doc>
<status status="NOT RUN" start="2025-04-07T13:30:18.138456" elapsed="0.000011"/>
</kw>
<kw name="Get Bluetooth Name" owner="script_mobile">
<var>${name_bluetooth_mobile}</var>
<arg>${driver_mobile}</arg>
<doc>Récupère le nom de l'appareil Bluetooth via ADB.</doc>
<status status="NOT RUN" start="2025-04-07T13:30:18.138827" elapsed="0.000025"/>
</kw>
<kw name="Log" owner="BuiltIn">
<arg>${name_bluetooth_mobile}</arg>
<doc>Logs the given message with the given level.</doc>
<status status="NOT RUN" start="2025-04-07T13:30:18.138934" elapsed="0.000014"/>
</kw>
<kw name="Press Key" owner="Integration">
<arg>${driver_mobile}</arg>
<arg>176</arg>
<doc>Effectue un appui sur une touche spécifique via son keycode.</doc>
<status status="NOT RUN" start="2025-04-07T13:30:18.139007" elapsed="0.000011"/>
</kw>
<kw name="Click Element By Text Att" owner="Integration">
<arg>${driver_mobile}</arg>
<arg>Bluetooth, pairing</arg>
<status status="NOT RUN" start="2025-04-07T13:30:18.139072" elapsed="0.000011"/>
</kw>
<kw name="Sleep" owner="BuiltIn">
<arg>2s</arg>
<doc>Pauses the test executed for the given time.</doc>
<status status="NOT RUN" start="2025-04-07T13:30:18.139136" elapsed="0.000012"/>
</kw>
<kw name="Click Element By Text Att" owner="Integration">
<arg>${driver}</arg>
<arg>${pairing}</arg>
<status status="NOT RUN" start="2025-04-07T13:30:18.139197" elapsed="0.000012"/>
</kw>
<kw name="Sleep" owner="BuiltIn">
<arg>4s</arg>
<doc>Pauses the test executed for the given time.</doc>
<status status="NOT RUN" start="2025-04-07T13:30:18.139261" elapsed="0.000011"/>
</kw>
<kw name="Click Element By Text Att" owner="Integration">
<arg>${driver}</arg>
<arg>${name_bluetooth_mobile}</arg>
<status status="NOT RUN" start="2025-04-07T13:30:18.139323" elapsed="0.000014"/>
</kw>
<kw name="Sleep" owner="BuiltIn">
<arg>2s</arg>
<doc>Pauses the test executed for the given time.</doc>
<status status="NOT RUN" start="2025-04-07T13:30:18.139399" elapsed="0.000015"/>
</kw>
<kw name="Click Element By Text Att" owner="Integration">
<arg>${driver_mobile}</arg>
<arg>Pair</arg>
<status status="NOT RUN" start="2025-04-07T13:30:18.139479" elapsed="0.000015"/>
</kw>
<kw name="Click Element By Text Att" owner="Integration">
<arg>${driver}</arg>
<arg>${pairing_conf}</arg>
<status status="NOT RUN" start="2025-04-07T13:30:18.139593" elapsed="0.000020"/>
</kw>
<kw name="Sleep" owner="BuiltIn">
<arg>2s</arg>
<doc>Pauses the test executed for the given time.</doc>
<status status="NOT RUN" start="2025-04-07T13:30:18.139675" elapsed="0.000012"/>
</kw>
<kw name="Click Element By Text Att" owner="Integration">
<arg>${driver_mobile}</arg>
<arg>Allow</arg>
<status status="NOT RUN" start="2025-04-07T13:30:18.139743" elapsed="0.000011"/>
</kw>
<kw name="Click Element By Text Att" owner="Integration">
<arg>${driver}</arg>
<arg>${pairing_conf2}</arg>
<status status="NOT RUN" start="2025-04-07T13:30:18.139808" elapsed="0.000012"/>
</kw>
<kw name="Sleep" owner="BuiltIn">
<arg>2s</arg>
<doc>Pauses the test executed for the given time.</doc>
<status status="NOT RUN" start="2025-04-07T13:30:18.139878" elapsed="0.000012"/>
</kw>
<kw name="Is Bluetooth Connected" owner="Integration">
<var>${verif_adb}</var>
<arg>${driver}</arg>
<arg>${name_bluetooth_mobile}</arg>
<doc>Vérifie si un appareil Bluetooth spécifique est connecté.</doc>
<status status="NOT RUN" start="2025-04-07T13:30:18.139971" elapsed="0.000014"/>
</kw>
<kw name="Should Be True" owner="BuiltIn">
<arg>${verif_adb}</arg>
<arg>Le Bluetooth n'est pas connecté (via ADB).</arg>
<doc>Fails if the given condition is not true.</doc>
<status status="NOT RUN" start="2025-04-07T13:30:18.140058" elapsed="0.000013"/>
</kw>
<status status="FAIL" start="2025-04-07T13:30:05.690709" elapsed="12.449578">MaxRetryError: HTTPConnectionPool(host='172.21.0.3', port=4723): Max retries exceeded with url: /session (Caused by NewConnectionError('&lt;urllib3.connection.HTTPConnection object at 0x7fc558a5ef60&gt;: Failed to establish a new connection: [Errno 113] No route to host'))</status>
</test>
<test id="s1-t3" name="Test Fermer Bluetooth" line="119">
<kw name="Setup Driver" owner="Integration">
<msg time="2025-04-07T13:30:21.254132" level="WARN">Retrying (Retry(total=2, connect=None, read=None, redirect=None, status=None)) after connection broken by 'NewConnectionError('&lt;urllib3.connection.HTTPConnection object at 0x7fc55892eab0&gt;: Failed to establish a new connection: [Errno 113] No route to host')': /session</msg>
<msg time="2025-04-07T13:30:24.374096" level="WARN">Retrying (Retry(total=1, connect=None, read=None, redirect=None, status=None)) after connection broken by 'NewConnectionError('&lt;urllib3.connection.HTTPConnection object at 0x7fc55892ed20&gt;: Failed to establish a new connection: [Errno 113] No route to host')': /session</msg>
<msg time="2025-04-07T13:30:27.495345" level="WARN">Retrying (Retry(total=0, connect=None, read=None, redirect=None, status=None)) after connection broken by 'NewConnectionError('&lt;urllib3.connection.HTTPConnection object at 0x7fc55892f080&gt;: Failed to establish a new connection: [Errno 113] No route to host')': /session</msg>
<msg time="2025-04-07T13:30:30.614175" level="FAIL">MaxRetryError: HTTPConnectionPool(host='172.21.0.3', port=4723): Max retries exceeded with url: /session (Caused by NewConnectionError('&lt;urllib3.connection.HTTPConnection object at 0x7fc55892f440&gt;: Failed to establish a new connection: [Errno 113] No route to host'))</msg>
<var>${driver}</var>
<arg>${Device}</arg>
<doc>Initialise et retourne le driver Appium.</doc>
<status status="FAIL" start="2025-04-07T13:30:18.141080" elapsed="12.476406">MaxRetryError: HTTPConnectionPool(host='172.21.0.3', port=4723): Max retries exceeded with url: /session (Caused by NewConnectionError('&lt;urllib3.connection.HTTPConnection object at 0x7fc55892f440&gt;: Failed to establish a new connection: [Errno 113] No route to host'))</status>
</kw>
<kw name="Get System Language" owner="Integration">
<var>${lang}</var>
<arg>${Device}</arg>
<status status="NOT RUN" start="2025-04-07T13:30:30.617703" elapsed="0.000032"/>
</kw>
<if>
<branch type="IF" condition="'${lang}' == 'fr'">
<kw name="Set Variable" owner="BuiltIn">
<var>${System}</var>
<arg>Système</arg>
<doc>Returns the given values which can then be assigned to a variables.</doc>
<status status="NOT RUN" start="2025-04-07T13:30:30.617943" elapsed="0.000017"/>
</kw>
<kw name="Set Variable" owner="BuiltIn">
<var>${Setting}</var>
<arg>Paramètres</arg>
<doc>Returns the given values which can then be assigned to a variables.</doc>
<status status="NOT RUN" start="2025-04-07T13:30:30.618029" elapsed="0.000012"/>
</kw>
<kw name="Set Variable" owner="BuiltIn">
<var>${apps}</var>
<arg>Applis</arg>
<doc>Returns the given values which can then be assigned to a variables.</doc>
<status status="NOT RUN" start="2025-04-07T13:30:30.618103" elapsed="0.000044"/>
</kw>
<kw name="Set Variable" owner="BuiltIn">
<var>${Consulter_allapps}</var>
<arg>Voir les</arg>
<doc>Returns the given values which can then be assigned to a variables.</doc>
<status status="NOT RUN" start="2025-04-07T13:30:30.618228" elapsed="0.000014"/>
</kw>
<kw name="Set Variable" owner="BuiltIn">
<var>${DesButton}</var>
<arg>Désinstaller</arg>
<doc>Returns the given values which can then be assigned to a variables.</doc>
<status status="NOT RUN" start="2025-04-07T13:30:30.618304" elapsed="0.000012"/>
</kw>
<kw name="Set Variable" owner="BuiltIn">
<var>${confirme}</var>
<arg>OK</arg>
<doc>Returns the given values which can then be assigned to a variables.</doc>
<status status="NOT RUN" start="2025-04-07T13:30:30.618378" elapsed="0.000011"/>
</kw>
<status status="NOT RUN" start="2025-04-07T13:30:30.617842" elapsed="0.000569"/>
</branch>
<branch type="ELSE">
<kw name="Set Variable" owner="BuiltIn">
<var>${System}</var>
<arg>System</arg>
<doc>Returns the given values which can then be assigned to a variables.</doc>
<status status="NOT RUN" start="2025-04-07T13:30:30.618509" elapsed="0.000015"/>
</kw>
<kw name="Set Variable" owner="BuiltIn">
<var>${Setting}</var>
<arg>Settings</arg>
<doc>Returns the given values which can then be assigned to a variables.</doc>
<status status="NOT RUN" start="2025-04-07T13:30:30.618586" elapsed="0.000013"/>
</kw>
<kw name="Set Variable" owner="BuiltIn">
<var>${apps}</var>
<arg>Applis</arg>
<doc>Returns the given values which can then be assigned to a variables.</doc>
<status status="NOT RUN" start="2025-04-07T13:30:30.619101" elapsed="0.000032"/>
</kw>
<kw name="Set Variable" owner="BuiltIn">
<var>${Consulter_allapps}</var>
<arg>Voir les</arg>
<doc>Returns the given values which can then be assigned to a variables.</doc>
<status status="NOT RUN" start="2025-04-07T13:30:30.619203" elapsed="0.000012"/>
</kw>
<kw name="Set Variable" owner="BuiltIn">
<var>${DesButton}</var>
<arg>Désinstaller</arg>
<doc>Returns the given values which can then be assigned to a variables.</doc>
<status status="NOT RUN" start="2025-04-07T13:30:30.619269" elapsed="0.000010"/>
</kw>
<kw name="Set Variable" owner="BuiltIn">
<var>${confirme}</var>
<arg>OK</arg>
<doc>Returns the given values which can then be assigned to a variables.</doc>
<status status="NOT RUN" start="2025-04-07T13:30:30.619330" elapsed="0.000011"/>
</kw>
<status status="NOT RUN" start="2025-04-07T13:30:30.618437" elapsed="0.000925"/>
</branch>
<status status="NOT RUN" start="2025-04-07T13:30:30.617810" elapsed="0.001572"/>
</if>
<kw name="Open Application With Click" owner="Integration">
<var>${resultat}</var>
<arg>${driver}</arg>
<arg>${Setting}</arg>
<status status="NOT RUN" start="2025-04-07T13:30:30.619450" elapsed="0.000015"/>
</kw>
<kw name="Sleep" owner="BuiltIn">
<arg>2s</arg>
<doc>Pauses the test executed for the given time.</doc>
<status status="NOT RUN" start="2025-04-07T13:30:30.619528" elapsed="0.000011"/>
</kw>
<kw name="Check Element Exists By Id" owner="Integration">
<var>${Verfier}</var>
<arg>${driver}</arg>
<arg>${Setting_xpath_id}</arg>
<doc>Vérifie si un élément existe en utilisant son ID.</doc>
<status status="NOT RUN" start="2025-04-07T13:30:30.619594" elapsed="0.000011"/>
</kw>
<kw name="Should Be True" owner="BuiltIn">
<arg>${Verfier}</arg>
<arg>Setting n'est pas affiché.</arg>
<doc>Fails if the given condition is not true.</doc>
<status status="NOT RUN" start="2025-04-07T13:30:30.619659" elapsed="0.000011"/>
</kw>
<kw name="Clique Sur Setting" owner="Integration">
<arg>${driver}</arg>
<arg>Bluetooth</arg>
<arg>${Setting_menu}</arg>
<status status="NOT RUN" start="2025-04-07T13:30:30.619722" elapsed="0.000011"/>
</kw>
<kw name="Element Existe Par Accessibility Id" owner="Integration">
<var>${ble}</var>
<arg>${driver}</arg>
<arg>Bluetooth toggle switch</arg>
<status status="NOT RUN" start="2025-04-07T13:30:30.619838" elapsed="0.000018"/>
</kw>
<kw name="Should Be True" owner="BuiltIn">
<arg>${ble}</arg>
<arg>Les paramètres de Bluetooth ne s'affichent pas.</arg>
<doc>Fails if the given condition is not true.</doc>
<status status="NOT RUN" start="2025-04-07T13:30:30.619924" elapsed="0.000012"/>
</kw>
<kw name="Desactive Bluetooth Si Activer" owner="Integration">
<arg>${driver}</arg>
<arg>android:id/switch_widget</arg>
<status status="NOT RUN" start="2025-04-07T13:30:30.619995" elapsed="0.000012"/>
</kw>
<kw name="Sleep" owner="BuiltIn">
<arg>3s</arg>
<doc>Pauses the test executed for the given time.</doc>
<status status="NOT RUN" start="2025-04-07T13:30:30.620064" elapsed="0.000013"/>
</kw>
<kw name="Verfier Bluetooth Activer" owner="Integration">
<var>${verifier_ble_ui}</var>
<arg>${driver}</arg>
<arg>android:id/switch_widget</arg>
<status status="NOT RUN" start="2025-04-07T13:30:30.620134" elapsed="0.000013"/>
</kw>
<kw name="Should Not Be True" owner="BuiltIn">
<arg>${verifier_ble_ui}</arg>
<arg>Le Bluetooth ne desactive pas (ui).</arg>
<doc>Fails if the given condition is true.</doc>
<status status="NOT RUN" start="2025-04-07T13:30:30.620208" elapsed="0.000013"/>
</kw>
<kw name="Est Bluetooth Active" owner="Integration">
<var>${verfier_ble_adb}</var>
<arg>${Device}</arg>
<status status="NOT RUN" start="2025-04-07T13:30:30.620275" elapsed="0.000011"/>
</kw>
<kw name="Should Not Be True" owner="BuiltIn">
<arg>${verfier_ble_adb}</arg>
<arg>Le Bluetooth ne desactive pas (via adb).</arg>
<doc>Fails if the given condition is true.</doc>
<status status="NOT RUN" start="2025-04-07T13:30:30.620336" elapsed="0.000010"/>
</kw>
<doc>Ce test vérifie si le Bluetooth peut être désactivé sur l'appareil en accédant aux paramètres.  Il vérifie que l'élément Bluetooth est bien présent, puis tente de désactiver Bluetooth et de vérifier son statut.</doc>
<status status="FAIL" start="2025-04-07T13:30:18.140523" elapsed="12.479959">MaxRetryError: HTTPConnectionPool(host='172.21.0.3', port=4723): Max retries exceeded with url: /session (Caused by NewConnectionError('&lt;urllib3.connection.HTTPConnection object at 0x7fc55892f440&gt;: Failed to establish a new connection: [Errno 113] No route to host'))</status>
</test>
<doc>Ce fichier contient des tests d'activation et de désactivation du Bluetooth sur un appareil Android. Les tests vérifient que les paramètres Bluetooth sont accessibles et que les actions d'activation/désactivation fonctionnent correctement. Les tests prennent en charge les interfaces en français et en anglais.</doc>
<status status="FAIL" start="2025-04-07T13:29:37.564061" elapsed="53.056844"/>
</suite>
<statistics>
<total>
<stat pass="0" fail="3" skip="0">All Tests</stat>
</total>
<tag>
</tag>
<suite>
<stat name="FonctionnaliteBluetooth" id="s1" pass="0" fail="3" skip="0">FonctionnaliteBluetooth</stat>
</suite>
</statistics>
<errors>
<msg time="2025-04-07T13:29:56.299805" level="WARN">Retrying (Retry(total=2, connect=None, read=None, redirect=None, status=None)) after connection broken by 'NewConnectionError('&lt;urllib3.connection.HTTPConnection object at 0x7fc558a2fb90&gt;: Failed to establish a new connection: [Errno 113] No route to host')': /session</msg>
<msg time="2025-04-07T13:29:59.418759" level="WARN">Retrying (Retry(total=1, connect=None, read=None, redirect=None, status=None)) after connection broken by 'NewConnectionError('&lt;urllib3.connection.HTTPConnection object at 0x7fc558bac740&gt;: Failed to establish a new connection: [Errno 113] No route to host')': /session</msg>
<msg time="2025-04-07T13:30:02.540059" level="WARN">Retrying (Retry(total=0, connect=None, read=None, redirect=None, status=None)) after connection broken by 'NewConnectionError('&lt;urllib3.connection.HTTPConnection object at 0x7fc558a5c350&gt;: Failed to establish a new connection: [Errno 113] No route to host')': /session</msg>
<msg time="2025-04-07T13:30:08.778977" level="WARN">Retrying (Retry(total=2, connect=None, read=None, redirect=None, status=None)) after connection broken by 'NewConnectionError('&lt;urllib3.connection.HTTPConnection object at 0x7fc558a5f5f0&gt;: Failed to establish a new connection: [Errno 113] No route to host')': /session</msg>
<msg time="2025-04-07T13:30:11.894248" level="WARN">Retrying (Retry(total=1, connect=None, read=None, redirect=None, status=None)) after connection broken by 'NewConnectionError('&lt;urllib3.connection.HTTPConnection object at 0x7fc558a5f8c0&gt;: Failed to establish a new connection: [Errno 113] No route to host')': /session</msg>
<msg time="2025-04-07T13:30:15.014120" level="WARN">Retrying (Retry(total=0, connect=None, read=None, redirect=None, status=None)) after connection broken by 'NewConnectionError('&lt;urllib3.connection.HTTPConnection object at 0x7fc558a5e420&gt;: Failed to establish a new connection: [Errno 113] No route to host')': /session</msg>
<msg time="2025-04-07T13:30:21.254132" level="WARN">Retrying (Retry(total=2, connect=None, read=None, redirect=None, status=None)) after connection broken by 'NewConnectionError('&lt;urllib3.connection.HTTPConnection object at 0x7fc55892eab0&gt;: Failed to establish a new connection: [Errno 113] No route to host')': /session</msg>
<msg time="2025-04-07T13:30:24.374096" level="WARN">Retrying (Retry(total=1, connect=None, read=None, redirect=None, status=None)) after connection broken by 'NewConnectionError('&lt;urllib3.connection.HTTPConnection object at 0x7fc55892ed20&gt;: Failed to establish a new connection: [Errno 113] No route to host')': /session</msg>
<msg time="2025-04-07T13:30:27.495345" level="WARN">Retrying (Retry(total=0, connect=None, read=None, redirect=None, status=None)) after connection broken by 'NewConnectionError('&lt;urllib3.connection.HTTPConnection object at 0x7fc55892f080&gt;: Failed to establish a new connection: [Errno 113] No route to host')': /session</msg>
</errors>
</robot>
