<?xml version="1.0" encoding="UTF-8"?>
<robot generator="Robot 7.2.2 (Python 3.12.5 on win32)" generated="2025-05-29T11:12:47.339049" rpa="false" schemaversion="5">
<suite id="s1" name="InstallationApplications" source="C:\Users\bahae\Documents\PfeProject\test_cases\InstallationApplications.robot">
<kw name="DÃ©marrer Driver" type="SETUP">
<kw name="Setup Driver" owner="Integration">
<msg time="2025-05-29T11:12:54.184361" level="INFO">${driver} = &lt;appium.webdriver.webdriver.WebDriver (session="11b386a4-c3ad-4f9d-a6db-c5635ab8484c")&gt;</msg>
<var>${driver}</var>
<arg>${Device}</arg>
<doc>Initialise et retourne le driver Appium.</doc>
<status status="PASS" start="2025-05-29T11:12:47.793822" elapsed="6.390539"/>
</kw>
<kw name="Set Suite Variable" owner="BuiltIn">
<msg time="2025-05-29T11:12:54.184361" level="INFO">${driver} = &lt;appium.webdriver.webdriver.WebDriver (session="11b386a4-c3ad-4f9d-a6db-c5635ab8484c")&gt;</msg>
<arg>${driver}</arg>
<doc>Makes a variable available everywhere within the scope of the current suite.</doc>
<status status="PASS" start="2025-05-29T11:12:54.184361" elapsed="0.000000"/>
</kw>
<kw name="Initialize Language Settings">
<kw name="Get System Language" owner="Integration">
<msg time="2025-05-29T11:12:54.232100" level="INFO">${lang} = fr</msg>
<var>${lang}</var>
<arg>${Device}</arg>
<status status="PASS" start="2025-05-29T11:12:54.185361" elapsed="0.046739"/>
</kw>
<kw name="Set Variable If" owner="BuiltIn">
<msg time="2025-05-29T11:12:54.232100" level="INFO">${lang_dict} = {'System': 'SystÃ¨me', 'Setting': 'ParamÃ¨tres', 'apps': 'Applis', 'view_all': 'Voir les', 'uninstall': 'DÃ©sinstaller', 'confirm': 'OK'}</msg>
<var>${lang_dict}</var>
<arg>'${lang}' == 'fr'</arg>
<arg>${LANG_FR}</arg>
<arg>${LANG_EN}</arg>
<doc>Sets variable based on the given condition.</doc>
<status status="PASS" start="2025-05-29T11:12:54.232100" elapsed="0.000000"/>
</kw>
<kw name="Set Suite Variable" owner="BuiltIn">
<msg time="2025-05-29T11:12:54.232100" level="INFO">${LANG_DICT} = {'System': 'SystÃ¨me', 'Setting': 'ParamÃ¨tres', 'apps': 'Applis', 'view_all': 'Voir les', 'uninstall': 'DÃ©sinstaller', 'confirm': 'OK'}</msg>
<arg>${LANG_DICT}</arg>
<arg>${lang_dict}</arg>
<doc>Makes a variable available everywhere within the scope of the current suite.</doc>
<status status="PASS" start="2025-05-29T11:12:54.232100" elapsed="0.000000"/>
</kw>
<doc>Sets up language-specific variables based on system language</doc>
<status status="PASS" start="2025-05-29T11:12:54.185361" elapsed="0.046739"/>
</kw>
<doc>Initializes the test driver</doc>
<status status="PASS" start="2025-05-29T11:12:47.792823" elapsed="6.439277"/>
</kw>
<test id="s1-t1" name="Test Install Apk" line="198">
<kw name="Execute Test With Retry">
<kw name="Set Variable" owner="BuiltIn">
<msg time="2025-05-29T11:12:54.233614" level="INFO">${attempt} = 1</msg>
<var>${attempt}</var>
<arg>1</arg>
<doc>Returns the given values which can then be assigned to a variables.</doc>
<status status="PASS" start="2025-05-29T11:12:54.233614" elapsed="0.000000"/>
</kw>
<kw name="Set Variable" owner="BuiltIn">
<msg time="2025-05-29T11:12:54.233614" level="INFO">${test_status} = False</msg>
<var>${test_status}</var>
<arg>${FALSE}</arg>
<doc>Returns the given values which can then be assigned to a variables.</doc>
<status status="PASS" start="2025-05-29T11:12:54.233614" elapsed="0.000000"/>
</kw>
<for flavor="IN RANGE">
<iter>
<kw name="Run Keyword And Return Status" owner="BuiltIn">
<kw name="Execute Install Apk Test">
<kw name="Uninstall App If Exists">
<kw name="Search Application" owner="Integration">
<msg time="2025-05-29T11:13:20.403739" level="INFO">ðŸ“Œ Liste des applications dÃ©tectÃ©es : ['Agenda', 'Appium Settings', 'ARD Audiothek', 'Audio Bluetooth', 'Crunchyroll', 'Enregistreur vocal', 'Google Assistant', 'Google\xa0ActualitÃ©s', 'Home Assistant', 'Local Media Player', 'Google\xa0Maps', 'ParamÃ¨tres', 'Play\xa0Store', 'Prime Video', 'SMS']
ðŸ“Œ First Home Page dÃ©tectÃ©e : ['Agenda', 'Appium Settings', 'ARD Audiothek', 'Audio Bluetooth', 'Crunchyroll', 'Enregistreur vocal', 'Google Assistant', 'Google\xa0ActualitÃ©s', 'Home Assistant', 'Local Media Player', 'Google\xa0Maps', 'ParamÃ¨tres', 'Play\xa0Store', 'Prime Video', 'SMS']

ðŸ“Œ Liste des applications dÃ©tectÃ©es : ['Agenda', 'Appium Settings', 'ARD Audiothek', 'Audio Bluetooth', 'Crunchyroll', 'Enregistreur vocal', 'Google Assistant', 'Google\xa0ActualitÃ©s', 'Home Assistant', 'Local Media Player', 'Google\xa0Maps', 'ParamÃ¨tres', 'Play\xa0Store', 'Prime Video', 'SMS']
âœ… Retour Ã  la first home page !
111111111111111111111
2222222222222222

ðŸ“Œ Liste des applications dÃ©tectÃ©es : ['Agenda', 'Appium Settings', 'ARD Audiothek', 'Audio Bluetooth', 'Crunchyroll', 'Enregistreur vocal', 'Google Assistant', 'Google\xa0ActualitÃ©s', 'Home Assistant', 'Local Media Player', 'Google\xa0Maps', 'ParamÃ¨tres', 'Play\xa0Store', 'Prime Video', 'SMS']
444444444444444444444'

ðŸ“Œ Liste des applications dÃ©tectÃ©es : ['Spotify', 'Vivaldi Browser', 'TÃ©lÃ©phone', 'YouTube', 'Audio Recorder Auto', 'TestNotificationapk']
6666666666666666666
ðŸ”„ Swipe en cours...
2222222222222222

ðŸ“Œ Liste des applications dÃ©tectÃ©es : ['Spotify', 'Vivaldi Browser', 'TÃ©lÃ©phone', 'YouTube', 'Audio Recorder Auto', 'TestNotificationapk']
3333333333333333333
78 414 319 452</msg>
<msg time="2025-05-29T11:13:20.403739" level="INFO">${is_visible} = True</msg>
<var>${is_visible}</var>
<arg>${driver}</arg>
<arg>${app_name}</arg>
<status status="PASS" start="2025-05-29T11:12:54.234613" elapsed="26.169126"/>
</kw>
<kw name="Run Keyword If" owner="BuiltIn">
<kw name="Uninstall Application">
<kw name="Open Application With Click" owner="Integration">
<msg time="2025-05-29T11:13:36.029029" level="INFO">ðŸ“Œ Liste des applications dÃ©tectÃ©es : ['Agenda', 'Appium Settings', 'ARD Audiothek', 'Audio Bluetooth', 'Crunchyroll', 'Enregistreur vocal', 'Google Assistant', 'Google\xa0ActualitÃ©s', 'Home Assistant', 'Local Media Player', 'Google\xa0Maps', 'ParamÃ¨tres', 'Play\xa0Store', 'Prime Video', 'SMS']
ðŸ“Œ First Home Page dÃ©tectÃ©e : ['Agenda', 'Appium Settings', 'ARD Audiothek', 'Audio Bluetooth', 'Crunchyroll', 'Enregistreur vocal', 'Google Assistant', 'Google\xa0ActualitÃ©s', 'Home Assistant', 'Local Media Player', 'Google\xa0Maps', 'ParamÃ¨tres', 'Play\xa0Store', 'Prime Video', 'SMS']

ðŸ“Œ Liste des applications dÃ©tectÃ©es : ['Agenda', 'Appium Settings', 'ARD Audiothek', 'Audio Bluetooth', 'Crunchyroll', 'Enregistreur vocal', 'Google Assistant', 'Google\xa0ActualitÃ©s', 'Home Assistant', 'Local Media Player', 'Google\xa0Maps', 'ParamÃ¨tres', 'Play\xa0Store', 'Prime Video', 'SMS']
âœ… Retour Ã  la first home page !

ðŸ“Œ Liste des applications dÃ©tectÃ©es : ['Agenda', 'Appium Settings', 'ARD Audiothek', 'Audio Bluetooth', 'Crunchyroll', 'Enregistreur vocal', 'Google Assistant', 'Google\xa0ActualitÃ©s', 'Home Assistant', 'Local Media Player', 'Google\xa0Maps', 'ParamÃ¨tres', 'Play\xa0Store', 'Prime Video', 'SMS']
378 619 522 657</msg>
<msg time="2025-05-29T11:13:36.029029" level="INFO">${result} = True</msg>
<var>${result}</var>
<arg>${driver}</arg>
<arg>${LANG_DICT.Setting}</arg>
<status status="PASS" start="2025-05-29T11:13:20.404739" elapsed="15.624290"/>
</kw>
<kw name="Sleep" owner="BuiltIn">
<msg time="2025-05-29T11:13:36.530524" level="INFO">Slept 500 milliseconds.</msg>
<arg>${QUICK_WAIT}</arg>
<doc>Pauses the test executed for the given time.</doc>
<status status="PASS" start="2025-05-29T11:13:36.030028" elapsed="0.500496"/>
</kw>
<kw name="Wait For Element">
<for flavor="IN RANGE">
<iter>
<kw name="Run Keyword And Return Status" owner="BuiltIn">
<kw name="Check Element Exists By Id" owner="Integration">
<arg>${driver}</arg>
<arg>${locator}</arg>
<doc>VÃ©rifie si un Ã©lÃ©ment existe en utilisant son ID.</doc>
<status status="PASS" start="2025-05-29T11:13:36.531496" elapsed="0.676908"/>
</kw>
<msg time="2025-05-29T11:13:37.209405" level="INFO">${exists} = True</msg>
<var>${exists}</var>
<arg>Check Element ExistsBy Id</arg>
<arg>${driver}</arg>
<arg>${locator}</arg>
<doc>Runs the given keyword with given arguments and returns the status as a Boolean value.</doc>
<status status="PASS" start="2025-05-29T11:13:36.531496" elapsed="0.677909"/>
</kw>
<if>
<branch type="IF" condition="${exists}">
<return>
<value>${True}</value>
<status status="PASS" start="2025-05-29T11:13:37.209405" elapsed="0.000508"/>
</return>
<status status="PASS" start="2025-05-29T11:13:37.209405" elapsed="0.000549"/>
</branch>
<status status="PASS" start="2025-05-29T11:13:37.209405" elapsed="0.000549"/>
</if>
<kw name="Sleep" owner="BuiltIn">
<arg>${RETRY_DELAY}</arg>
<doc>Pauses the test executed for the given time.</doc>
<status status="NOT RUN" start="2025-05-29T11:13:37.209954" elapsed="0.000000"/>
</kw>
<var name="${i}">0</var>
<status status="PASS" start="2025-05-29T11:13:36.531496" elapsed="0.678458"/>
</iter>
<var>${i}</var>
<value>${MAX_RETRIES}</value>
<status status="PASS" start="2025-05-29T11:13:36.530524" elapsed="0.679430"/>
</for>
<return>
<value>${False}</value>
<status status="NOT RUN" start="2025-05-29T11:13:37.209954" elapsed="0.000000"/>
</return>
<msg time="2025-05-29T11:13:37.209954" level="INFO">${exists} = True</msg>
<var>${exists}</var>
<arg>${driver}</arg>
<arg>${Setting_xpath_id}</arg>
<doc>Waits for an element to be present with retry mechanism</doc>
<status status="PASS" start="2025-05-29T11:13:36.530524" elapsed="0.679430"/>
</kw>
<kw name="Should Be True" owner="BuiltIn">
<arg>${exists}</arg>
<arg>Settings screen is not displayed</arg>
<doc>Fails if the given condition is not true.</doc>
<status status="PASS" start="2025-05-29T11:13:37.209954" elapsed="0.000000"/>
</kw>
<kw name="Clique Sur Setting" owner="Integration">
<msg time="2025-05-29T11:13:48.359616" level="INFO">(0, 76, 550, 696)
ðŸ”½ Swipe vers le bas #1
ðŸ›‘ Plus de nouveaux Ã©lÃ©ments en bas. Fin de balayage.
ðŸ”¼ Swipe vers le haut #1
ðŸ”¼ Swipe vers le haut #2
âœ… 'Applis' trouvÃ© en remontant ! Appui en cours...</msg>
<arg>${driver}</arg>
<arg>${LANG_DICT.apps}</arg>
<arg>${Setting_menu}</arg>
<status status="PASS" start="2025-05-29T11:13:37.209954" elapsed="11.149662"/>
</kw>
<kw name="Sleep" owner="BuiltIn">
<msg time="2025-05-29T11:13:48.860828" level="INFO">Slept 500 milliseconds.</msg>
<arg>${QUICK_WAIT}</arg>
<doc>Pauses the test executed for the given time.</doc>
<status status="PASS" start="2025-05-29T11:13:48.359616" elapsed="0.501212"/>
</kw>
<kw name="Wait For Element">
<for flavor="IN RANGE">
<iter>
<kw name="Run Keyword And Return Status" owner="BuiltIn">
<kw name="Check Element Exists By Id" owner="Integration">
<arg>${driver}</arg>
<arg>${locator}</arg>
<doc>VÃ©rifie si un Ã©lÃ©ment existe en utilisant son ID.</doc>
<status status="PASS" start="2025-05-29T11:13:48.861784" elapsed="0.072648"/>
</kw>
<msg time="2025-05-29T11:13:48.934432" level="INFO">${exists} = True</msg>
<var>${exists}</var>
<arg>Check Element ExistsBy Id</arg>
<arg>${driver}</arg>
<arg>${locator}</arg>
<doc>Runs the given keyword with given arguments and returns the status as a Boolean value.</doc>
<status status="PASS" start="2025-05-29T11:13:48.861784" elapsed="0.072648"/>
</kw>
<if>
<branch type="IF" condition="${exists}">
<return>
<value>${True}</value>
<status status="PASS" start="2025-05-29T11:13:48.934432" elapsed="0.000000"/>
</return>
<status status="PASS" start="2025-05-29T11:13:48.934432" elapsed="0.000000"/>
</branch>
<status status="PASS" start="2025-05-29T11:13:48.934432" elapsed="0.000000"/>
</if>
<kw name="Sleep" owner="BuiltIn">
<arg>${RETRY_DELAY}</arg>
<doc>Pauses the test executed for the given time.</doc>
<status status="NOT RUN" start="2025-05-29T11:13:48.934432" elapsed="0.000000"/>
</kw>
<var name="${i}">0</var>
<status status="PASS" start="2025-05-29T11:13:48.861784" elapsed="0.072648"/>
</iter>
<var>${i}</var>
<value>${MAX_RETRIES}</value>
<status status="PASS" start="2025-05-29T11:13:48.861784" elapsed="0.072648"/>
</for>
<return>
<value>${False}</value>
<status status="NOT RUN" start="2025-05-29T11:13:48.934432" elapsed="0.000000"/>
</return>
<msg time="2025-05-29T11:13:48.935420" level="INFO">${view_all_exists} = True</msg>
<var>${view_all_exists}</var>
<arg>${driver}</arg>
<arg>${Setting_system}</arg>
<doc>Waits for an element to be present with retry mechanism</doc>
<status status="PASS" start="2025-05-29T11:13:48.860828" elapsed="0.074592"/>
</kw>
<kw name="Should Be True" owner="BuiltIn">
<arg>${view_all_exists}</arg>
<arg>Apps section is not displayed</arg>
<doc>Fails if the given condition is not true.</doc>
<status status="PASS" start="2025-05-29T11:13:48.935420" elapsed="0.000000"/>
</kw>
<kw name="Clique Sur Setting Include" owner="Integration">
<msg time="2025-05-29T11:14:14.284387" level="INFO">ðŸ“Œ Liste des applications dÃ©tectÃ©es : ['Position', 'ConfidentialitÃ©', 'AccessibilitÃ©', 'SÃ©curitÃ©', 'Applis', 'Assistant et voix', 'SystÃ¨me', 'Ouvertes rÃ©cemment', 'Google\xa0Maps', 'TestNotificationapk', 'YouTube', 'Voir les 24\xa0applis']
ðŸ“Œ First Home Page dÃ©tectÃ©e : ['Position', 'ConfidentialitÃ©', 'AccessibilitÃ©', 'SÃ©curitÃ©', 'Applis', 'Assistant et voix', 'SystÃ¨me', 'Ouvertes rÃ©cemment', 'Google\xa0Maps', 'TestNotificationapk', 'YouTube', 'Voir les 24\xa0applis']
ðŸ”„ Swipe #1 en cours...

ðŸ“Œ Liste des applications dÃ©tectÃ©es : ['Bluetooth', 'RÃ©seau et Internet', 'Notifications', 'Son', 'Ã‰cran', 'Profils et comptes', 'Position', 'Ouvertes rÃ©cemment', 'Google\xa0Maps', 'TestNotificationapk', 'YouTube', 'Voir les 24\xa0applis']
ðŸ”„ Swipe #2 en cours...

ðŸ“Œ Liste des applications dÃ©tectÃ©es : ['Bluetooth', 'RÃ©seau et Internet', 'Notifications', 'Son', 'Ã‰cran', 'Profils et comptes', 'Position', 'Ouvertes rÃ©cemment', 'Google\xa0Maps', 'TestNotificationapk', 'YouTube', 'Voir les 24\xa0applis']
âœ… Retour Ã  la first home page !
First Home Page dÃ©tectÃ©e : ['YouTube', 'TestNotificationapk', 'Voir les 24\xa0applis', 'Ouvertes rÃ©cemment', 'Google\xa0Maps', 'Dans 3 heures']
 Voir les trouvÃ© ! Appui sur le texte contenant 'Voir les 24Â applis'.</msg>
<arg>${driver}</arg>
<arg>${LANG_DICT.view_all}</arg>
<arg>${Setting_system}</arg>
<status status="PASS" start="2025-05-29T11:13:48.935420" elapsed="25.348967"/>
</kw>
<kw name="Sleep" owner="BuiltIn">
<msg time="2025-05-29T11:14:14.784609" level="INFO">Slept 500 milliseconds.</msg>
<arg>${QUICK_WAIT}</arg>
<doc>Pauses the test executed for the given time.</doc>
<status status="PASS" start="2025-05-29T11:14:14.284387" elapsed="0.500222"/>
</kw>
<kw name="Clique Sur Setting" owner="Integration">
<msg time="2025-05-29T11:14:45.572662" level="INFO">(551, 172, 1408, 696)
ðŸ”½ Swipe vers le bas #1
ðŸ›‘ Plus de nouveaux Ã©lÃ©ments en bas. Fin de balayage.
ðŸ”¼ Swipe vers le haut #1
ðŸ”¼ Swipe vers le haut #2
ðŸ”¼ Swipe vers le haut #3
ðŸ”¼ Swipe vers le haut #4
ðŸ”¼ Swipe vers le haut #5
ðŸ”¼ Swipe vers le haut #6
ðŸ”¼ Swipe vers le haut #7
ðŸ”¼ Swipe vers le haut #8
ðŸ”¼ Swipe vers le haut #9
ðŸ”¼ Swipe vers le haut #10
âœ… 'TestNotificationapk' trouvÃ© en remontant ! Appui en cours...</msg>
<arg>${driver}</arg>
<arg>${app_name}</arg>
<arg>${Setting_system}</arg>
<status status="PASS" start="2025-05-29T11:14:14.784609" elapsed="30.788053"/>
</kw>
<kw name="Sleep" owner="BuiltIn">
<msg time="2025-05-29T11:14:46.072940" level="INFO">Slept 500 milliseconds.</msg>
<arg>${QUICK_WAIT}</arg>
<doc>Pauses the test executed for the given time.</doc>
<status status="PASS" start="2025-05-29T11:14:45.572662" elapsed="0.500278"/>
</kw>
<kw name="Click Element By Text Att" owner="Integration">
<arg>${driver}</arg>
<arg>${LANG_DICT.uninstall}</arg>
<status status="PASS" start="2025-05-29T11:14:46.072940" elapsed="1.642664"/>
</kw>
<kw name="Sleep" owner="BuiltIn">
<msg time="2025-05-29T11:14:48.217630" level="INFO">Slept 500 milliseconds.</msg>
<arg>${QUICK_WAIT}</arg>
<doc>Pauses the test executed for the given time.</doc>
<status status="PASS" start="2025-05-29T11:14:47.716604" elapsed="0.501026"/>
</kw>
<kw name="Click Element By Text" owner="Integration">
<msg time="2025-05-29T11:14:48.779157" level="INFO">Clic effectuÃ© sur l'Ã©lÃ©ment avec le texte: OK</msg>
<arg>${driver}</arg>
<arg>${LANG_DICT.confirm}</arg>
<status status="PASS" start="2025-05-29T11:14:48.217630" elapsed="0.561527"/>
</kw>
<kw name="Sleep" owner="BuiltIn">
<msg time="2025-05-29T11:14:49.280656" level="INFO">Slept 500 milliseconds.</msg>
<arg>${QUICK_WAIT}</arg>
<doc>Pauses the test executed for the given time.</doc>
<status status="PASS" start="2025-05-29T11:14:48.780152" elapsed="0.500504"/>
</kw>
<arg>${driver}</arg>
<arg>${app_name}</arg>
<doc>Performs the uninstallation process</doc>
<status status="PASS" start="2025-05-29T11:13:20.403739" elapsed="88.876917"/>
</kw>
<arg>${is_visible}</arg>
<arg>Uninstall Application</arg>
<arg>${driver}</arg>
<arg>${app_name}</arg>
<doc>Runs the given keyword with the given arguments, if ``condition`` is true.</doc>
<status status="PASS" start="2025-05-29T11:13:20.403739" elapsed="88.876917"/>
</kw>
<kw name="Sleep" owner="BuiltIn">
<msg time="2025-05-29T11:14:49.781157" level="INFO">Slept 500 milliseconds.</msg>
<arg>${QUICK_WAIT}</arg>
<doc>Pauses the test executed for the given time.</doc>
<status status="PASS" start="2025-05-29T11:14:49.280656" elapsed="0.500501"/>
</kw>
<arg>${driver}</arg>
<arg>${TEST_APP_NAME}</arg>
<arg>${TEST_APP_PACKAGE}</arg>
<doc>Uninstalls the application if it exists</doc>
<status status="PASS" start="2025-05-29T11:12:54.234613" elapsed="115.546544"/>
</kw>
<kw name="Install Apk" owner="Integration">
<msg time="2025-05-29T11:14:51.611487" level="INFO">Installation rÃ©ussie : Performing Streamed Install
Success</msg>
<arg>${driver}</arg>
<arg>${TEST_APK_FILE}</arg>
<doc>Installe un fichier APK sur un appareil Android via ADB.</doc>
<status status="PASS" start="2025-05-29T11:14:49.781157" elapsed="1.830330"/>
</kw>
<kw name="Sleep" owner="BuiltIn">
<msg time="2025-05-29T11:14:52.112423" level="INFO">Slept 500 milliseconds.</msg>
<arg>${QUICK_WAIT}</arg>
<doc>Pauses the test executed for the given time.</doc>
<status status="PASS" start="2025-05-29T11:14:51.612015" elapsed="0.500408"/>
</kw>
<kw name="Verify App Installation">
<kw name="Is App Installed" owner="Integration">
<msg time="2025-05-29T11:14:52.324378" level="INFO">${is_installed} = True</msg>
<var>${is_installed}</var>
<arg>${driver}</arg>
<arg>${package_name}</arg>
<doc>VÃ©rifie de maniÃ¨re fiable si une application est installÃ©e sur l'appareil via ADB.
Utilise 'pm path' pour s'assurer que le package est vraiment prÃ©sent.</doc>
<status status="PASS" start="2025-05-29T11:14:52.112947" elapsed="0.211431"/>
</kw>
<kw name="Search Application" owner="Integration">
<msg time="2025-05-29T11:15:16.701204" level="INFO">ðŸ“Œ Liste des applications dÃ©tectÃ©es : ['Agenda', 'Appium Settings', 'ARD Audiothek', 'Audio Bluetooth', 'Crunchyroll', 'Enregistreur vocal', 'Google Assistant', 'Google\xa0ActualitÃ©s', 'Home Assistant', 'Local Media Player', 'Google\xa0Maps', 'ParamÃ¨tres', 'Play\xa0Store', 'Prime Video', 'SMS']
ðŸ“Œ First Home Page dÃ©tectÃ©e : ['Agenda', 'Appium Settings', 'ARD Audiothek', 'Audio Bluetooth', 'Crunchyroll', 'Enregistreur vocal', 'Google Assistant', 'Google\xa0ActualitÃ©s', 'Home Assistant', 'Local Media Player', 'Google\xa0Maps', 'ParamÃ¨tres', 'Play\xa0Store', 'Prime Video', 'SMS']

ðŸ“Œ Liste des applications dÃ©tectÃ©es : ['Agenda', 'Appium Settings', 'ARD Audiothek', 'Audio Bluetooth', 'Crunchyroll', 'Enregistreur vocal', 'Google Assistant', 'Google\xa0ActualitÃ©s', 'Home Assistant', 'Local Media Player', 'Google\xa0Maps', 'ParamÃ¨tres', 'Play\xa0Store', 'Prime Video', 'SMS']
âœ… Retour Ã  la first home page !
111111111111111111111
2222222222222222

ðŸ“Œ Liste des applications dÃ©tectÃ©es : ['Agenda', 'Appium Settings', 'ARD Audiothek', 'Audio Bluetooth', 'Crunchyroll', 'Enregistreur vocal', 'Google Assistant', 'Google\xa0ActualitÃ©s', 'Home Assistant', 'Local Media Player', 'Google\xa0Maps', 'ParamÃ¨tres', 'Play\xa0Store', 'Prime Video', 'SMS']
444444444444444444444'

ðŸ“Œ Liste des applications dÃ©tectÃ©es : ['Spotify', 'Vivaldi Browser', 'TÃ©lÃ©phone', 'YouTube', 'Audio Recorder Auto', 'TestNotificationapk']
6666666666666666666
ðŸ”„ Swipe en cours...
2222222222222222

ðŸ“Œ Liste des applications dÃ©tectÃ©es : ['Spotify', 'Vivaldi Browser', 'TÃ©lÃ©phone', 'YouTube', 'Audio Recorder Auto', 'TestNotificationapk']
3333333333333333333
78 414 319 452</msg>
<msg time="2025-05-29T11:15:16.701204" level="INFO">${is_visible} = True</msg>
<var>${is_visible}</var>
<arg>${driver}</arg>
<arg>${app_name}</arg>
<status status="PASS" start="2025-05-29T11:14:52.324378" elapsed="24.376826"/>
</kw>
<kw name="Run Keyword And Continue On Failure" owner="BuiltIn">
<kw name="Should Be True" owner="BuiltIn">
<arg>${is_installed}</arg>
<arg>Application is not installed via ADB</arg>
<doc>Fails if the given condition is not true.</doc>
<status status="PASS" start="2025-05-29T11:15:16.701204" elapsed="0.000000"/>
</kw>
<arg>Should Be True</arg>
<arg>${is_installed}</arg>
<arg>Application is not installed via ADB</arg>
<doc>Runs the keyword and continues execution even if a failure occurs.</doc>
<status status="PASS" start="2025-05-29T11:15:16.701204" elapsed="0.001001"/>
</kw>
<kw name="Run Keyword And Continue On Failure" owner="BuiltIn">
<kw name="Should Be True" owner="BuiltIn">
<arg>${is_visible}</arg>
<arg>Application is not visible in UI</arg>
<doc>Fails if the given condition is not true.</doc>
<status status="PASS" start="2025-05-29T11:15:16.702205" elapsed="0.000000"/>
</kw>
<arg>Should Be True</arg>
<arg>${is_visible}</arg>
<arg>Application is not visible in UI</arg>
<doc>Runs the keyword and continues execution even if a failure occurs.</doc>
<status status="PASS" start="2025-05-29T11:15:16.702205" elapsed="0.000000"/>
</kw>
<arg>${driver}</arg>
<arg>${TEST_APP_NAME}</arg>
<arg>${TEST_APP_PACKAGE}</arg>
<doc>Verifies if the application is properly installed</doc>
<status status="PASS" start="2025-05-29T11:14:52.112423" elapsed="24.589782"/>
</kw>
<doc>Executes the APK installation test</doc>
<status status="PASS" start="2025-05-29T11:12:54.233614" elapsed="142.468591"/>
</kw>
<msg time="2025-05-29T11:15:16.702205" level="INFO">${test_status} = True</msg>
<var>${test_status}</var>
<arg>${test_keyword}</arg>
<doc>Runs the given keyword with given arguments and returns the status as a Boolean value.</doc>
<status status="PASS" start="2025-05-29T11:12:54.233614" elapsed="142.468591"/>
</kw>
<if>
<branch type="IF" condition="${test_status}">
<kw name="Log" owner="BuiltIn">
<msg time="2025-05-29T11:15:16.702205" level="INFO">Test Test Install Apk rÃ©ussi</msg>
<arg>Test ${test_name} rÃ©ussi</arg>
<doc>Logs the given message with the given level.</doc>
<status status="PASS" start="2025-05-29T11:15:16.702205" elapsed="0.000000"/>
</kw>
<kw name="Exit For Loop" owner="BuiltIn">
<msg time="2025-05-29T11:15:16.702205" level="INFO">Exiting for loop altogether.</msg>
<doc>Stops executing the enclosing FOR loop.</doc>
<status status="PASS" start="2025-05-29T11:15:16.702205" elapsed="0.000000"/>
</kw>
<status status="PASS" start="2025-05-29T11:15:16.702205" elapsed="0.000000"/>
</branch>
<branch type="ELSE">
<kw name="Evaluate" owner="BuiltIn">
<var>${attempt}</var>
<arg>${attempt} + 1</arg>
<doc>Evaluates the given expression in Python and returns the result.</doc>
<status status="NOT RUN" start="2025-05-29T11:15:16.702205" elapsed="0.000000"/>
</kw>
<if>
<branch type="IF" condition="${attempt} &lt;= ${MAX_RETRIES}">
<kw name="Log" owner="BuiltIn">
<arg>Test ${test_name} Ã©chouÃ© - Tentative ${attempt}/${MAX_RETRIES}</arg>
<doc>Logs the given message with the given level.</doc>
<status status="NOT RUN" start="2025-05-29T11:15:16.703205" elapsed="0.000000"/>
</kw>
<kw name="Sleep" owner="BuiltIn">
<arg>${RETRY_DELAY}</arg>
<doc>Pauses the test executed for the given time.</doc>
<status status="NOT RUN" start="2025-05-29T11:15:16.703205" elapsed="0.000000"/>
</kw>
<status status="NOT RUN" start="2025-05-29T11:15:16.702205" elapsed="0.001000"/>
</branch>
<status status="NOT RUN" start="2025-05-29T11:15:16.702205" elapsed="0.001000"/>
</if>
<status status="NOT RUN" start="2025-05-29T11:15:16.702205" elapsed="0.001000"/>
</branch>
<status status="PASS" start="2025-05-29T11:15:16.702205" elapsed="0.001000"/>
</if>
<var name="${index}">0</var>
<status status="PASS" start="2025-05-29T11:12:54.233614" elapsed="142.469591"/>
</iter>
<var>${index}</var>
<value>${MAX_RETRIES}</value>
<status status="PASS" start="2025-05-29T11:12:54.233614" elapsed="142.469591"/>
</for>
<if>
<branch type="IF" condition="not ${test_status}">
<kw name="Fail" owner="BuiltIn">
<arg>Le test ${test_name} a Ã©chouÃ© aprÃ¨s ${MAX_RETRIES} tentatives</arg>
<doc>Fails the test with the given message and optionally alters its tags.</doc>
<status status="NOT RUN" start="2025-05-29T11:15:16.703205" elapsed="0.000000"/>
</kw>
<status status="NOT RUN" start="2025-05-29T11:15:16.703205" elapsed="0.000000"/>
</branch>
<status status="PASS" start="2025-05-29T11:15:16.703205" elapsed="0.000000"/>
</if>
<arg>Execute Install Apk Test</arg>
<arg>Test Install Apk</arg>
<status status="PASS" start="2025-05-29T11:12:54.233614" elapsed="142.469591"/>
</kw>
<doc>Tests APK installation process
- Checks pre-installation state
- Installs the APK
- Verifies installation in system and UI</doc>
<tag>installation</tag>
<tag>smoke</tag>
<status status="PASS" start="2025-05-29T11:12:54.232100" elapsed="142.471105"/>
</test>
<test id="s1-t2" name="Test Uninstall Application" line="206">
<kw name="Execute Test With Retry">
<kw name="Set Variable" owner="BuiltIn">
<msg time="2025-05-29T11:15:16.704205" level="INFO">${attempt} = 1</msg>
<var>${attempt}</var>
<arg>1</arg>
<doc>Returns the given values which can then be assigned to a variables.</doc>
<status status="PASS" start="2025-05-29T11:15:16.704205" elapsed="0.000000"/>
</kw>
<kw name="Set Variable" owner="BuiltIn">
<msg time="2025-05-29T11:15:16.704205" level="INFO">${test_status} = False</msg>
<var>${test_status}</var>
<arg>${FALSE}</arg>
<doc>Returns the given values which can then be assigned to a variables.</doc>
<status status="PASS" start="2025-05-29T11:15:16.704205" elapsed="0.000000"/>
</kw>
<for flavor="IN RANGE">
<iter>
<kw name="Run Keyword And Return Status" owner="BuiltIn">
<kw name="Execute Uninstall Application Test">
<kw name="Uninstall Application">
<kw name="Open Application With Click" owner="Integration">
<msg time="2025-05-29T11:15:32.870223" level="INFO">ðŸ“Œ Liste des applications dÃ©tectÃ©es : ['Agenda', 'Appium Settings', 'ARD Audiothek', 'Audio Bluetooth', 'Crunchyroll', 'Enregistreur vocal', 'Google Assistant', 'Google\xa0ActualitÃ©s', 'Home Assistant', 'Local Media Player', 'Google\xa0Maps', 'ParamÃ¨tres', 'Play\xa0Store', 'Prime Video', 'SMS']
ðŸ“Œ First Home Page dÃ©tectÃ©e : ['Agenda', 'Appium Settings', 'ARD Audiothek', 'Audio Bluetooth', 'Crunchyroll', 'Enregistreur vocal', 'Google Assistant', 'Google\xa0ActualitÃ©s', 'Home Assistant', 'Local Media Player', 'Google\xa0Maps', 'ParamÃ¨tres', 'Play\xa0Store', 'Prime Video', 'SMS']

ðŸ“Œ Liste des applications dÃ©tectÃ©es : ['Agenda', 'Appium Settings', 'ARD Audiothek', 'Audio Bluetooth', 'Crunchyroll', 'Enregistreur vocal', 'Google Assistant', 'Google\xa0ActualitÃ©s', 'Home Assistant', 'Local Media Player', 'Google\xa0Maps', 'ParamÃ¨tres', 'Play\xa0Store', 'Prime Video', 'SMS']
âœ… Retour Ã  la first home page !

ðŸ“Œ Liste des applications dÃ©tectÃ©es : ['Agenda', 'Appium Settings', 'ARD Audiothek', 'Audio Bluetooth', 'Crunchyroll', 'Enregistreur vocal', 'Google Assistant', 'Google\xa0ActualitÃ©s', 'Home Assistant', 'Local Media Player', 'Google\xa0Maps', 'ParamÃ¨tres', 'Play\xa0Store', 'Prime Video', 'SMS']
378 619 522 657</msg>
<msg time="2025-05-29T11:15:32.870223" level="INFO">${result} = True</msg>
<var>${result}</var>
<arg>${driver}</arg>
<arg>${LANG_DICT.Setting}</arg>
<status status="PASS" start="2025-05-29T11:15:16.705205" elapsed="16.165018"/>
</kw>
<kw name="Sleep" owner="BuiltIn">
<msg time="2025-05-29T11:15:33.370283" level="INFO">Slept 500 milliseconds.</msg>
<arg>${QUICK_WAIT}</arg>
<doc>Pauses the test executed for the given time.</doc>
<status status="PASS" start="2025-05-29T11:15:32.870223" elapsed="0.500060"/>
</kw>
<kw name="Wait For Element">
<for flavor="IN RANGE">
<iter>
<kw name="Run Keyword And Return Status" owner="BuiltIn">
<kw name="Check Element Exists By Id" owner="Integration">
<arg>${driver}</arg>
<arg>${locator}</arg>
<doc>VÃ©rifie si un Ã©lÃ©ment existe en utilisant son ID.</doc>
<status status="PASS" start="2025-05-29T11:15:33.370283" elapsed="1.802566"/>
</kw>
<msg time="2025-05-29T11:15:35.172849" level="INFO">${exists} = True</msg>
<var>${exists}</var>
<arg>Check Element ExistsBy Id</arg>
<arg>${driver}</arg>
<arg>${locator}</arg>
<doc>Runs the given keyword with given arguments and returns the status as a Boolean value.</doc>
<status status="PASS" start="2025-05-29T11:15:33.370283" elapsed="1.802566"/>
</kw>
<if>
<branch type="IF" condition="${exists}">
<return>
<value>${True}</value>
<status status="PASS" start="2025-05-29T11:15:35.172849" elapsed="0.000000"/>
</return>
<status status="PASS" start="2025-05-29T11:15:35.172849" elapsed="0.000000"/>
</branch>
<status status="PASS" start="2025-05-29T11:15:35.172849" elapsed="0.000000"/>
</if>
<kw name="Sleep" owner="BuiltIn">
<arg>${RETRY_DELAY}</arg>
<doc>Pauses the test executed for the given time.</doc>
<status status="NOT RUN" start="2025-05-29T11:15:35.172849" elapsed="0.000000"/>
</kw>
<var name="${i}">0</var>
<status status="PASS" start="2025-05-29T11:15:33.370283" elapsed="1.802566"/>
</iter>
<var>${i}</var>
<value>${MAX_RETRIES}</value>
<status status="PASS" start="2025-05-29T11:15:33.370283" elapsed="1.802566"/>
</for>
<return>
<value>${False}</value>
<status status="NOT RUN" start="2025-05-29T11:15:35.172849" elapsed="0.000000"/>
</return>
<msg time="2025-05-29T11:15:35.172849" level="INFO">${exists} = True</msg>
<var>${exists}</var>
<arg>${driver}</arg>
<arg>${Setting_xpath_id}</arg>
<doc>Waits for an element to be present with retry mechanism</doc>
<status status="PASS" start="2025-05-29T11:15:33.370283" elapsed="1.802566"/>
</kw>
<kw name="Should Be True" owner="BuiltIn">
<arg>${exists}</arg>
<arg>Settings screen is not displayed</arg>
<doc>Fails if the given condition is not true.</doc>
<status status="PASS" start="2025-05-29T11:15:35.173796" elapsed="0.000000"/>
</kw>
<kw name="Clique Sur Setting" owner="Integration">
<msg time="2025-05-29T11:15:38.242641" level="INFO">(0, 76, 550, 696)
âœ… 'Applis' trouvÃ© sans swipe. Appui en cours...</msg>
<arg>${driver}</arg>
<arg>${LANG_DICT.apps}</arg>
<arg>${Setting_menu}</arg>
<status status="PASS" start="2025-05-29T11:15:35.173796" elapsed="3.068845"/>
</kw>
<kw name="Sleep" owner="BuiltIn">
<msg time="2025-05-29T11:15:38.742979" level="INFO">Slept 500 milliseconds.</msg>
<arg>${QUICK_WAIT}</arg>
<doc>Pauses the test executed for the given time.</doc>
<status status="PASS" start="2025-05-29T11:15:38.242641" elapsed="0.500338"/>
</kw>
<kw name="Wait For Element">
<for flavor="IN RANGE">
<iter>
<kw name="Run Keyword And Return Status" owner="BuiltIn">
<kw name="Check Element Exists By Id" owner="Integration">
<arg>${driver}</arg>
<arg>${locator}</arg>
<doc>VÃ©rifie si un Ã©lÃ©ment existe en utilisant son ID.</doc>
<status status="PASS" start="2025-05-29T11:15:38.743978" elapsed="0.118027"/>
</kw>
<msg time="2025-05-29T11:15:38.863006" level="INFO">${exists} = True</msg>
<var>${exists}</var>
<arg>Check Element ExistsBy Id</arg>
<arg>${driver}</arg>
<arg>${locator}</arg>
<doc>Runs the given keyword with given arguments and returns the status as a Boolean value.</doc>
<status status="PASS" start="2025-05-29T11:15:38.742979" elapsed="0.120027"/>
</kw>
<if>
<branch type="IF" condition="${exists}">
<return>
<value>${True}</value>
<status status="PASS" start="2025-05-29T11:15:38.863006" elapsed="0.000000"/>
</return>
<status status="PASS" start="2025-05-29T11:15:38.863006" elapsed="0.000000"/>
</branch>
<status status="PASS" start="2025-05-29T11:15:38.863006" elapsed="0.000000"/>
</if>
<kw name="Sleep" owner="BuiltIn">
<arg>${RETRY_DELAY}</arg>
<doc>Pauses the test executed for the given time.</doc>
<status status="NOT RUN" start="2025-05-29T11:15:38.863006" elapsed="0.000000"/>
</kw>
<var name="${i}">0</var>
<status status="PASS" start="2025-05-29T11:15:38.742979" elapsed="0.120027"/>
</iter>
<var>${i}</var>
<value>${MAX_RETRIES}</value>
<status status="PASS" start="2025-05-29T11:15:38.742979" elapsed="0.120027"/>
</for>
<return>
<value>${False}</value>
<status status="NOT RUN" start="2025-05-29T11:15:38.863006" elapsed="0.000000"/>
</return>
<msg time="2025-05-29T11:15:38.863527" level="INFO">${view_all_exists} = True</msg>
<var>${view_all_exists}</var>
<arg>${driver}</arg>
<arg>${Setting_system}</arg>
<doc>Waits for an element to be present with retry mechanism</doc>
<status status="PASS" start="2025-05-29T11:15:38.742979" elapsed="0.120548"/>
</kw>
<kw name="Should Be True" owner="BuiltIn">
<arg>${view_all_exists}</arg>
<arg>Apps section is not displayed</arg>
<doc>Fails if the given condition is not true.</doc>
<status status="PASS" start="2025-05-29T11:15:38.863527" elapsed="0.000000"/>
</kw>
<kw name="Clique Sur Setting Include" owner="Integration">
<msg time="2025-05-29T11:16:01.853142" level="INFO">ðŸ“Œ Liste des applications dÃ©tectÃ©es : ['Ã‰cran', 'Profils et comptes', 'Position', 'ConfidentialitÃ©', 'AccessibilitÃ©', 'SÃ©curitÃ©', 'Applis', 'Ouvertes rÃ©cemment', 'Google\xa0Maps', 'YouTube', 'TÃ©lÃ©phone', 'Voir les 24\xa0applis']
ðŸ“Œ First Home Page dÃ©tectÃ©e : ['Ã‰cran', 'Profils et comptes', 'Position', 'ConfidentialitÃ©', 'AccessibilitÃ©', 'SÃ©curitÃ©', 'Applis', 'Ouvertes rÃ©cemment', 'Google\xa0Maps', 'YouTube', 'TÃ©lÃ©phone', 'Voir les 24\xa0applis']
ðŸ”„ Swipe #1 en cours...

ðŸ“Œ Liste des applications dÃ©tectÃ©es : ['Bluetooth', 'RÃ©seau et Internet', 'Notifications', 'Son', 'Ã‰cran', 'Profils et comptes', 'Position', 'Ouvertes rÃ©cemment', 'Google\xa0Maps', 'YouTube', 'TÃ©lÃ©phone', 'Voir les 24\xa0applis']
ðŸ”„ Swipe #2 en cours...

ðŸ“Œ Liste des applications dÃ©tectÃ©es : ['Bluetooth', 'RÃ©seau et Internet', 'Notifications', 'Son', 'Ã‰cran', 'Profils et comptes', 'Position', 'Ouvertes rÃ©cemment', 'Google\xa0Maps', 'YouTube', 'TÃ©lÃ©phone', 'Voir les 24\xa0applis']
âœ… Retour Ã  la first home page !
First Home Page dÃ©tectÃ©e : ['YouTube', 'Voir les 24\xa0applis', 'TÃ©lÃ©phone', 'Ouvertes rÃ©cemment', 'Google\xa0Maps', 'Dans 3 heures']
 Voir les trouvÃ© ! Appui sur le texte contenant 'Voir les 24Â applis'.</msg>
<arg>${driver}</arg>
<arg>${LANG_DICT.view_all}</arg>
<arg>${Setting_system}</arg>
<status status="PASS" start="2025-05-29T11:15:38.863527" elapsed="22.989615"/>
</kw>
<kw name="Sleep" owner="BuiltIn">
<msg time="2025-05-29T11:16:02.353453" level="INFO">Slept 500 milliseconds.</msg>
<arg>${QUICK_WAIT}</arg>
<doc>Pauses the test executed for the given time.</doc>
<status status="PASS" start="2025-05-29T11:16:01.853142" elapsed="0.500311"/>
</kw>
<kw name="Clique Sur Setting" owner="Integration">
<msg time="2025-05-29T11:16:37.927329" level="INFO">(551, 172, 1408, 696)
ðŸ”½ Swipe vers le bas #1
ðŸ›‘ Plus de nouveaux Ã©lÃ©ments en bas. Fin de balayage.
ðŸ”¼ Swipe vers le haut #1
ðŸ”¼ Swipe vers le haut #2
ðŸ”¼ Swipe vers le haut #3
ðŸ”¼ Swipe vers le haut #4
ðŸ”¼ Swipe vers le haut #5
ðŸ”¼ Swipe vers le haut #6
ðŸ”¼ Swipe vers le haut #7
ðŸ”¼ Swipe vers le haut #8
ðŸ”¼ Swipe vers le haut #9
ðŸ”¼ Swipe vers le haut #10
âœ… 'TestNotificationapk' trouvÃ© en remontant ! Appui en cours...</msg>
<arg>${driver}</arg>
<arg>${app_name}</arg>
<arg>${Setting_system}</arg>
<status status="PASS" start="2025-05-29T11:16:02.353453" elapsed="35.573876"/>
</kw>
<kw name="Sleep" owner="BuiltIn">
<msg time="2025-05-29T11:16:38.428373" level="INFO">Slept 500 milliseconds.</msg>
<arg>${QUICK_WAIT}</arg>
<doc>Pauses the test executed for the given time.</doc>
<status status="PASS" start="2025-05-29T11:16:37.927329" elapsed="0.501044"/>
</kw>
<kw name="Click Element By Text Att" owner="Integration">
<arg>${driver}</arg>
<arg>${LANG_DICT.uninstall}</arg>
<status status="PASS" start="2025-05-29T11:16:38.428373" elapsed="1.294492"/>
</kw>
<kw name="Sleep" owner="BuiltIn">
<msg time="2025-05-29T11:16:40.223439" level="INFO">Slept 500 milliseconds.</msg>
<arg>${QUICK_WAIT}</arg>
<doc>Pauses the test executed for the given time.</doc>
<status status="PASS" start="2025-05-29T11:16:39.722865" elapsed="0.500574"/>
</kw>
<kw name="Click Element By Text" owner="Integration">
<msg time="2025-05-29T11:16:40.608654" level="INFO">Clic effectuÃ© sur l'Ã©lÃ©ment avec le texte: OK</msg>
<arg>${driver}</arg>
<arg>${LANG_DICT.confirm}</arg>
<status status="PASS" start="2025-05-29T11:16:40.223439" elapsed="0.385215"/>
</kw>
<kw name="Sleep" owner="BuiltIn">
<msg time="2025-05-29T11:16:41.108936" level="INFO">Slept 500 milliseconds.</msg>
<arg>${QUICK_WAIT}</arg>
<doc>Pauses the test executed for the given time.</doc>
<status status="PASS" start="2025-05-29T11:16:40.608654" elapsed="0.500282"/>
</kw>
<arg>${driver}</arg>
<arg>${TEST_APP_NAME}</arg>
<doc>Performs the uninstallation process</doc>
<status status="PASS" start="2025-05-29T11:15:16.705205" elapsed="84.403731"/>
</kw>
<kw name="Verify App Uninstallation">
<kw name="Is App Installed" owner="Integration">
<msg time="2025-05-29T11:16:41.161599" level="INFO">${is_installed} = True</msg>
<var>${is_installed}</var>
<arg>${driver}</arg>
<arg>${package_name}</arg>
<doc>VÃ©rifie de maniÃ¨re fiable si une application est installÃ©e sur l'appareil via ADB.
Utilise 'pm path' pour s'assurer que le package est vraiment prÃ©sent.</doc>
<status status="PASS" start="2025-05-29T11:16:41.108936" elapsed="0.052663"/>
</kw>
<kw name="Search Application" owner="Integration">
<msg time="2025-05-29T11:17:09.569330" level="INFO">ðŸ“Œ Liste des applications dÃ©tectÃ©es : ['Agenda', 'Appium Settings', 'ARD Audiothek', 'Audio Bluetooth', 'Crunchyroll', 'Enregistreur vocal', 'Google Assistant', 'Google\xa0ActualitÃ©s', 'Home Assistant', 'Local Media Player', 'Google\xa0Maps', 'ParamÃ¨tres', 'Play\xa0Store', 'Prime Video', 'SMS']
ðŸ“Œ First Home Page dÃ©tectÃ©e : ['Agenda', 'Appium Settings', 'ARD Audiothek', 'Audio Bluetooth', 'Crunchyroll', 'Enregistreur vocal', 'Google Assistant', 'Google\xa0ActualitÃ©s', 'Home Assistant', 'Local Media Player', 'Google\xa0Maps', 'ParamÃ¨tres', 'Play\xa0Store', 'Prime Video', 'SMS']

ðŸ“Œ Liste des applications dÃ©tectÃ©es : ['Agenda', 'Appium Settings', 'ARD Audiothek', 'Audio Bluetooth', 'Crunchyroll', 'Enregistreur vocal', 'Google Assistant', 'Google\xa0ActualitÃ©s', 'Home Assistant', 'Local Media Player', 'Google\xa0Maps', 'ParamÃ¨tres', 'Play\xa0Store', 'Prime Video', 'SMS']
âœ… Retour Ã  la first home page !
111111111111111111111
2222222222222222

ðŸ“Œ Liste des applications dÃ©tectÃ©es : ['Agenda', 'Appium Settings', 'ARD Audiothek', 'Audio Bluetooth', 'Crunchyroll', 'Enregistreur vocal', 'Google Assistant', 'Google\xa0ActualitÃ©s', 'Home Assistant', 'Local Media Player', 'Google\xa0Maps', 'ParamÃ¨tres', 'Play\xa0Store', 'Prime Video', 'SMS']
444444444444444444444'

ðŸ“Œ Liste des applications dÃ©tectÃ©es : ['Spotify', 'Vivaldi Browser', 'TÃ©lÃ©phone', 'YouTube', 'Audio Recorder Auto']
6666666666666666666
ðŸ”„ Swipe en cours...
2222222222222222

ðŸ“Œ Liste des applications dÃ©tectÃ©es : ['Spotify', 'Vivaldi Browser', 'TÃ©lÃ©phone', 'YouTube', 'Audio Recorder Auto']
444444444444444444444'

ðŸ“Œ Liste des applications dÃ©tectÃ©es : ['Spotify', 'Vivaldi Browser', 'TÃ©lÃ©phone', 'YouTube', 'Audio Recorder Auto']
55555555555555555
âœ… Retour Ã  la first home page !</msg>
<msg time="2025-05-29T11:17:09.569330" level="INFO">${is_visible} = False</msg>
<var>${is_visible}</var>
<arg>${driver}</arg>
<arg>${app_name}</arg>
<status status="PASS" start="2025-05-29T11:16:41.162117" elapsed="28.407213"/>
</kw>
<kw name="Run Keyword And Continue On Failure" owner="BuiltIn">
<kw name="Should Not Be True" owner="BuiltIn">
<msg time="2025-05-29T11:17:09.569330" level="FAIL">Application is still installed via ADB</msg>
<arg>${is_installed}</arg>
<arg>Application is still installed via ADB</arg>
<doc>Fails if the given condition is true.</doc>
<status status="FAIL" start="2025-05-29T11:17:09.569330" elapsed="0.000000">Application is still installed via ADB</status>
</kw>
<arg>Should Not Be True</arg>
<arg>${is_installed}</arg>
<arg>Application is still installed via ADB</arg>
<doc>Runs the keyword and continues execution even if a failure occurs.</doc>
<status status="FAIL" start="2025-05-29T11:17:09.569330" elapsed="0.000998">Application is still installed via ADB</status>
</kw>
<kw name="Run Keyword And Continue On Failure" owner="BuiltIn">
<kw name="Should Not Be True" owner="BuiltIn">
<arg>${is_visible}</arg>
<arg>Application is still visible in UI</arg>
<doc>Fails if the given condition is true.</doc>
<status status="PASS" start="2025-05-29T11:17:09.570328" elapsed="0.000000"/>
</kw>
<arg>Should Not Be True</arg>
<arg>${is_visible}</arg>
<arg>Application is still visible in UI</arg>
<doc>Runs the keyword and continues execution even if a failure occurs.</doc>
<status status="PASS" start="2025-05-29T11:17:09.570328" elapsed="0.000000"/>
</kw>
<arg>${driver}</arg>
<arg>${TEST_APP_NAME}</arg>
<arg>${TEST_APP_PACKAGE}</arg>
<doc>Verifies if the application is completely uninstalled</doc>
<status status="FAIL" start="2025-05-29T11:16:41.108936" elapsed="28.461392">Application is still installed via ADB</status>
</kw>
<doc>Executes the application uninstallation test</doc>
<status status="FAIL" start="2025-05-29T11:15:16.705205" elapsed="112.865123">Application is still installed via ADB</status>
</kw>
<msg time="2025-05-29T11:17:09.570328" level="INFO">${test_status} = False</msg>
<var>${test_status}</var>
<arg>${test_keyword}</arg>
<doc>Runs the given keyword with given arguments and returns the status as a Boolean value.</doc>
<status status="PASS" start="2025-05-29T11:15:16.704205" elapsed="112.866123"/>
</kw>
<if>
<branch type="IF" condition="${test_status}">
<kw name="Log" owner="BuiltIn">
<arg>Test ${test_name} rÃ©ussi</arg>
<doc>Logs the given message with the given level.</doc>
<status status="NOT RUN" start="2025-05-29T11:17:09.570328" elapsed="0.000000"/>
</kw>
<kw name="Exit For Loop" owner="BuiltIn">
<doc>Stops executing the enclosing FOR loop.</doc>
<status status="NOT RUN" start="2025-05-29T11:17:09.570328" elapsed="0.000000"/>
</kw>
<status status="NOT RUN" start="2025-05-29T11:17:09.570328" elapsed="0.000000"/>
</branch>
<branch type="ELSE">
<kw name="Evaluate" owner="BuiltIn">
<msg time="2025-05-29T11:17:09.571327" level="INFO">${attempt} = 2</msg>
<var>${attempt}</var>
<arg>${attempt} + 1</arg>
<doc>Evaluates the given expression in Python and returns the result.</doc>
<status status="PASS" start="2025-05-29T11:17:09.570328" elapsed="0.000999"/>
</kw>
<if>
<branch type="IF" condition="${attempt} &lt;= ${MAX_RETRIES}">
<kw name="Log" owner="BuiltIn">
<msg time="2025-05-29T11:17:09.571327" level="INFO">Test Test Uninstall Application Ã©chouÃ© - Tentative 2/3</msg>
<arg>Test ${test_name} Ã©chouÃ© - Tentative ${attempt}/${MAX_RETRIES}</arg>
<doc>Logs the given message with the given level.</doc>
<status status="PASS" start="2025-05-29T11:17:09.571327" elapsed="0.000000"/>
</kw>
<kw name="Sleep" owner="BuiltIn">
<msg time="2025-05-29T11:17:11.571588" level="INFO">Slept 2 seconds.</msg>
<arg>${RETRY_DELAY}</arg>
<doc>Pauses the test executed for the given time.</doc>
<status status="PASS" start="2025-05-29T11:17:09.571327" elapsed="2.000261"/>
</kw>
<status status="PASS" start="2025-05-29T11:17:09.571327" elapsed="2.000261"/>
</branch>
<status status="PASS" start="2025-05-29T11:17:09.571327" elapsed="2.000261"/>
</if>
<status status="PASS" start="2025-05-29T11:17:09.570328" elapsed="2.001260"/>
</branch>
<status status="PASS" start="2025-05-29T11:17:09.570328" elapsed="2.001260"/>
</if>
<var name="${index}">0</var>
<status status="PASS" start="2025-05-29T11:15:16.704205" elapsed="114.867383"/>
</iter>
<iter>
<kw name="Run Keyword And Return Status" owner="BuiltIn">
<kw name="Execute Uninstall Application Test">
<kw name="Uninstall Application">
<kw name="Open Application With Click" owner="Integration">
<msg time="2025-05-29T11:17:30.051682" level="INFO">ðŸ“Œ Liste des applications dÃ©tectÃ©es : ['Agenda', 'Appium Settings', 'ARD Audiothek', 'Audio Bluetooth', 'Crunchyroll', 'Enregistreur vocal', 'Google Assistant', 'Google\xa0ActualitÃ©s', 'Home Assistant', 'Local Media Player', 'Google\xa0Maps', 'ParamÃ¨tres', 'Play\xa0Store', 'Prime Video', 'SMS']
ðŸ“Œ First Home Page dÃ©tectÃ©e : ['Agenda', 'Appium Settings', 'ARD Audiothek', 'Audio Bluetooth', 'Crunchyroll', 'Enregistreur vocal', 'Google Assistant', 'Google\xa0ActualitÃ©s', 'Home Assistant', 'Local Media Player', 'Google\xa0Maps', 'ParamÃ¨tres', 'Play\xa0Store', 'Prime Video', 'SMS']

ðŸ“Œ Liste des applications dÃ©tectÃ©es : ['Agenda', 'Appium Settings', 'ARD Audiothek', 'Audio Bluetooth', 'Crunchyroll', 'Enregistreur vocal', 'Google Assistant', 'Google\xa0ActualitÃ©s', 'Home Assistant', 'Local Media Player', 'Google\xa0Maps', 'ParamÃ¨tres', 'Play\xa0Store', 'Prime Video', 'SMS']
âœ… Retour Ã  la first home page !

ðŸ“Œ Liste des applications dÃ©tectÃ©es : ['Agenda', 'Appium Settings', 'ARD Audiothek', 'Audio Bluetooth', 'Crunchyroll', 'Enregistreur vocal', 'Google Assistant', 'Google\xa0ActualitÃ©s', 'Home Assistant', 'Local Media Player', 'Google\xa0Maps', 'ParamÃ¨tres', 'Play\xa0Store', 'Prime Video', 'SMS']
378 619 522 657</msg>
<msg time="2025-05-29T11:17:30.051682" level="INFO">${result} = True</msg>
<var>${result}</var>
<arg>${driver}</arg>
<arg>${LANG_DICT.Setting}</arg>
<status status="PASS" start="2025-05-29T11:17:11.572581" elapsed="18.479101"/>
</kw>
<kw name="Sleep" owner="BuiltIn">
<msg time="2025-05-29T11:17:30.553028" level="INFO">Slept 500 milliseconds.</msg>
<arg>${QUICK_WAIT}</arg>
<doc>Pauses the test executed for the given time.</doc>
<status status="PASS" start="2025-05-29T11:17:30.051682" elapsed="0.501346"/>
</kw>
<kw name="Wait For Element">
<for flavor="IN RANGE">
<iter>
<kw name="Run Keyword And Return Status" owner="BuiltIn">
<kw name="Check Element Exists By Id" owner="Integration">
<arg>${driver}</arg>
<arg>${locator}</arg>
<doc>VÃ©rifie si un Ã©lÃ©ment existe en utilisant son ID.</doc>
<status status="PASS" start="2025-05-29T11:17:30.553028" elapsed="1.205429"/>
</kw>
<msg time="2025-05-29T11:17:31.758457" level="INFO">${exists} = True</msg>
<var>${exists}</var>
<arg>Check Element ExistsBy Id</arg>
<arg>${driver}</arg>
<arg>${locator}</arg>
<doc>Runs the given keyword with given arguments and returns the status as a Boolean value.</doc>
<status status="PASS" start="2025-05-29T11:17:30.553028" elapsed="1.205429"/>
</kw>
<if>
<branch type="IF" condition="${exists}">
<return>
<value>${True}</value>
<status status="PASS" start="2025-05-29T11:17:31.758457" elapsed="0.000000"/>
</return>
<status status="PASS" start="2025-05-29T11:17:31.758457" elapsed="0.000000"/>
</branch>
<status status="PASS" start="2025-05-29T11:17:31.758457" elapsed="0.000000"/>
</if>
<kw name="Sleep" owner="BuiltIn">
<arg>${RETRY_DELAY}</arg>
<doc>Pauses the test executed for the given time.</doc>
<status status="NOT RUN" start="2025-05-29T11:17:31.758457" elapsed="0.000000"/>
</kw>
<var name="${i}">0</var>
<status status="PASS" start="2025-05-29T11:17:30.553028" elapsed="1.205429"/>
</iter>
<var>${i}</var>
<value>${MAX_RETRIES}</value>
<status status="PASS" start="2025-05-29T11:17:30.553028" elapsed="1.205429"/>
</for>
<return>
<value>${False}</value>
<status status="NOT RUN" start="2025-05-29T11:17:31.758457" elapsed="0.001000"/>
</return>
<msg time="2025-05-29T11:17:31.759457" level="INFO">${exists} = True</msg>
<var>${exists}</var>
<arg>${driver}</arg>
<arg>${Setting_xpath_id}</arg>
<doc>Waits for an element to be present with retry mechanism</doc>
<status status="PASS" start="2025-05-29T11:17:30.553028" elapsed="1.206429"/>
</kw>
<kw name="Should Be True" owner="BuiltIn">
<arg>${exists}</arg>
<arg>Settings screen is not displayed</arg>
<doc>Fails if the given condition is not true.</doc>
<status status="PASS" start="2025-05-29T11:17:31.759457" elapsed="0.000000"/>
</kw>
<kw name="Clique Sur Setting" owner="Integration">
<msg time="2025-05-29T11:17:35.371258" level="INFO">(0, 76, 550, 696)
âœ… 'Applis' trouvÃ© sans swipe. Appui en cours...</msg>
<arg>${driver}</arg>
<arg>${LANG_DICT.apps}</arg>
<arg>${Setting_menu}</arg>
<status status="PASS" start="2025-05-29T11:17:31.759457" elapsed="3.611801"/>
</kw>
<kw name="Sleep" owner="BuiltIn">
<msg time="2025-05-29T11:17:35.871662" level="INFO">Slept 500 milliseconds.</msg>
<arg>${QUICK_WAIT}</arg>
<doc>Pauses the test executed for the given time.</doc>
<status status="PASS" start="2025-05-29T11:17:35.371258" elapsed="0.500404"/>
</kw>
<kw name="Wait For Element">
<for flavor="IN RANGE">
<iter>
<kw name="Run Keyword And Return Status" owner="BuiltIn">
<kw name="Check Element Exists By Id" owner="Integration">
<arg>${driver}</arg>
<arg>${locator}</arg>
<doc>VÃ©rifie si un Ã©lÃ©ment existe en utilisant son ID.</doc>
<status status="PASS" start="2025-05-29T11:17:35.871662" elapsed="0.043178"/>
</kw>
<msg time="2025-05-29T11:17:35.914840" level="INFO">${exists} = True</msg>
<var>${exists}</var>
<arg>Check Element ExistsBy Id</arg>
<arg>${driver}</arg>
<arg>${locator}</arg>
<doc>Runs the given keyword with given arguments and returns the status as a Boolean value.</doc>
<status status="PASS" start="2025-05-29T11:17:35.871662" elapsed="0.043178"/>
</kw>
<if>
<branch type="IF" condition="${exists}">
<return>
<value>${True}</value>
<status status="PASS" start="2025-05-29T11:17:35.914840" elapsed="0.000000"/>
</return>
<status status="PASS" start="2025-05-29T11:17:35.914840" elapsed="0.000000"/>
</branch>
<status status="PASS" start="2025-05-29T11:17:35.914840" elapsed="0.000000"/>
</if>
<kw name="Sleep" owner="BuiltIn">
<arg>${RETRY_DELAY}</arg>
<doc>Pauses the test executed for the given time.</doc>
<status status="NOT RUN" start="2025-05-29T11:17:35.915839" elapsed="0.000000"/>
</kw>
<var name="${i}">0</var>
<status status="PASS" start="2025-05-29T11:17:35.871662" elapsed="0.044177"/>
</iter>
<var>${i}</var>
<value>${MAX_RETRIES}</value>
<status status="PASS" start="2025-05-29T11:17:35.871662" elapsed="0.044177"/>
</for>
<return>
<value>${False}</value>
<status status="NOT RUN" start="2025-05-29T11:17:35.915839" elapsed="0.000000"/>
</return>
<msg time="2025-05-29T11:17:35.915839" level="INFO">${view_all_exists} = True</msg>
<var>${view_all_exists}</var>
<arg>${driver}</arg>
<arg>${Setting_system}</arg>
<doc>Waits for an element to be present with retry mechanism</doc>
<status status="PASS" start="2025-05-29T11:17:35.871662" elapsed="0.044177"/>
</kw>
<kw name="Should Be True" owner="BuiltIn">
<arg>${view_all_exists}</arg>
<arg>Apps section is not displayed</arg>
<doc>Fails if the given condition is not true.</doc>
<status status="PASS" start="2025-05-29T11:17:35.915839" elapsed="0.000000"/>
</kw>
<kw name="Clique Sur Setting Include" owner="Integration">
<msg time="2025-05-29T11:17:57.240916" level="INFO">ðŸ“Œ Liste des applications dÃ©tectÃ©es : ['Ã‰cran', 'Profils et comptes', 'Position', 'ConfidentialitÃ©', 'AccessibilitÃ©', 'SÃ©curitÃ©', 'Applis', 'Ouvertes rÃ©cemment', 'Google\xa0Maps', 'YouTube', 'TÃ©lÃ©phone', 'Voir les 23\xa0applis']
ðŸ“Œ First Home Page dÃ©tectÃ©e : ['Ã‰cran', 'Profils et comptes', 'Position', 'ConfidentialitÃ©', 'AccessibilitÃ©', 'SÃ©curitÃ©', 'Applis', 'Ouvertes rÃ©cemment', 'Google\xa0Maps', 'YouTube', 'TÃ©lÃ©phone', 'Voir les 23\xa0applis']
ðŸ”„ Swipe #1 en cours...

ðŸ“Œ Liste des applications dÃ©tectÃ©es : ['Bluetooth', 'RÃ©seau et Internet', 'Notifications', 'Son', 'Ã‰cran', 'Profils et comptes', 'Position', 'Ouvertes rÃ©cemment', 'Google\xa0Maps', 'YouTube', 'TÃ©lÃ©phone', 'Voir les 23\xa0applis']
ðŸ”„ Swipe #2 en cours...

ðŸ“Œ Liste des applications dÃ©tectÃ©es : ['Bluetooth', 'RÃ©seau et Internet', 'Notifications', 'Son', 'Ã‰cran', 'Profils et comptes', 'Position', 'Ouvertes rÃ©cemment', 'Google\xa0Maps', 'YouTube', 'TÃ©lÃ©phone', 'Voir les 23\xa0applis']
âœ… Retour Ã  la first home page !
First Home Page dÃ©tectÃ©e : ['YouTube', 'Voir les 23\xa0applis', 'TÃ©lÃ©phone', 'Ouvertes rÃ©cemment', 'Google\xa0Maps', 'Dans 3 heures']
 Voir les trouvÃ© ! Appui sur le texte contenant 'Voir les 23Â applis'.</msg>
<arg>${driver}</arg>
<arg>${LANG_DICT.view_all}</arg>
<arg>${Setting_system}</arg>
<status status="PASS" start="2025-05-29T11:17:35.915839" elapsed="21.325077"/>
</kw>
<kw name="Sleep" owner="BuiltIn">
<msg time="2025-05-29T11:17:57.741777" level="INFO">Slept 500 milliseconds.</msg>
<arg>${QUICK_WAIT}</arg>
<doc>Pauses the test executed for the given time.</doc>
<status status="PASS" start="2025-05-29T11:17:57.240916" elapsed="0.500861"/>
</kw>
<kw name="Clique Sur Setting" owner="Integration">
<msg time="2025-05-29T11:18:30.989479" level="INFO">(551, 172, 1408, 696)
ðŸ”½ Swipe vers le bas #1
ðŸ›‘ Plus de nouveaux Ã©lÃ©ments en bas. Fin de balayage.
ðŸ”¼ Swipe vers le haut #1
ðŸ”¼ Swipe vers le haut #2
ðŸ”¼ Swipe vers le haut #3
ðŸ”¼ Swipe vers le haut #4
ðŸ”¼ Swipe vers le haut #5
ðŸ”¼ Swipe vers le haut #6
ðŸ”¼ Swipe vers le haut #7
ðŸ”¼ Swipe vers le haut #8
ðŸ”¼ Swipe vers le haut #9
ðŸ”¼ Swipe vers le haut #10
ðŸ”¼ Swipe vers le haut #11
ðŸ”¼ Swipe vers le haut #12
ðŸ›‘ Aucun nouvel Ã©lÃ©ment en haut. Fin de balayage.
âŒ 'TestNotificationapk' introuvable aprÃ¨s balayage complet.</msg>
<arg>${driver}</arg>
<arg>${app_name}</arg>
<arg>${Setting_system}</arg>
<status status="PASS" start="2025-05-29T11:17:57.741777" elapsed="33.247702"/>
</kw>
<kw name="Sleep" owner="BuiltIn">
<msg time="2025-05-29T11:18:31.490589" level="INFO">Slept 500 milliseconds.</msg>
<arg>${QUICK_WAIT}</arg>
<doc>Pauses the test executed for the given time.</doc>
<status status="PASS" start="2025-05-29T11:18:30.989479" elapsed="0.501110"/>
</kw>
<kw name="Click Element By Text Att" owner="Integration">
<msg time="2025-05-29T11:18:52.023439" level="FAIL">TimeoutException: Message: 
Stacktrace:
NoSuchElementError: An element could not be located on the page using the given search parameters.
    at AndroidUiautomator2Driver.findElOrEls (C:\Users\bahae\.appium\node_modules\appium-uiautomator2-driver\node_modules\appium-android-driver\lib\commands\find.ts:86:11)
    at processTicksAndRejections (node:internal/process/task_queues:95:5)
    at AndroidUiautomator2Driver.findElOrElsWithProcessing (C:\Users\bahae\AppData\Roaming\npm\node_modules\appium\node_modules\@appium\base-driver\lib\basedriver\commands\find.ts:60:12)
    at AndroidUiautomator2Driver.findElement (C:\Users\bahae\AppData\Roaming\npm\node_modules\appium\node_modules\@appium\base-driver\lib\basedriver\commands\find.ts:75:12)</msg>
<arg>${driver}</arg>
<arg>${LANG_DICT.uninstall}</arg>
<status status="FAIL" start="2025-05-29T11:18:31.490589" elapsed="20.536387">TimeoutException: Message: 
Stacktrace:
NoSuchElementError: An element could not be located on the page using the given search parameters.
    at AndroidUiautomator2Driver.findElOrEls (C:\Users\bahae\.appium\node_modules\appium-uiautomator2-driver\node_modules\appium-android-driver\lib\commands\find.ts:86:11)
    at processTicksAndRejections (node:internal/process/task_queues:95:5)
    at AndroidUiautomator2Driver.findElOrElsWithProcessing (C:\Users\bahae\AppData\Roaming\npm\node_modules\appium\node_modules\@appium\base-driver\lib\basedriver\commands\find.ts:60:12)
    at AndroidUiautomator2Driver.findElement (C:\Users\bahae\AppData\Roaming\npm\node_modules\appium\node_modules\@appium\base-driver\lib\basedriver\commands\find.ts:75:12)</status>
</kw>
<kw name="Sleep" owner="BuiltIn">
<arg>${QUICK_WAIT}</arg>
<doc>Pauses the test executed for the given time.</doc>
<status status="NOT RUN" start="2025-05-29T11:18:52.026976" elapsed="0.000000"/>
</kw>
<kw name="Click Element By Text" owner="Integration">
<arg>${driver}</arg>
<arg>${LANG_DICT.confirm}</arg>
<status status="NOT RUN" start="2025-05-29T11:18:52.026976" elapsed="0.000000"/>
</kw>
<kw name="Sleep" owner="BuiltIn">
<arg>${QUICK_WAIT}</arg>
<doc>Pauses the test executed for the given time.</doc>
<status status="NOT RUN" start="2025-05-29T11:18:52.026976" elapsed="0.000000"/>
</kw>
<arg>${driver}</arg>
<arg>${TEST_APP_NAME}</arg>
<doc>Performs the uninstallation process</doc>
<status status="FAIL" start="2025-05-29T11:17:11.572581" elapsed="100.454395">TimeoutException: Message: 
Stacktrace:
NoSuchElementError: An element could not be located on the page using the given search parameters.
    at AndroidUiautomator2Driver.findElOrEls (C:\Users\bahae\.appium\node_modules\appium-uiautomator2-driver\node_modules\appium-android-driver\lib\commands\find.ts:86:11)
    at processTicksAndRejections (node:internal/process/task_queues:95:5)
    at AndroidUiautomator2Driver.findElOrElsWithProcessing (C:\Users\bahae\AppData\Roaming\npm\node_modules\appium\node_modules\@appium\base-driver\lib\basedriver\commands\find.ts:60:12)
    at AndroidUiautomator2Driver.findElement (C:\Users\bahae\AppData\Roaming\npm\node_modules\appium\node_modules\@appium\base-driver\lib\basedriver\commands\find.ts:75:12)</status>
</kw>
<kw name="Verify App Uninstallation">
<arg>${driver}</arg>
<arg>${TEST_APP_NAME}</arg>
<arg>${TEST_APP_PACKAGE}</arg>
<doc>Verifies if the application is completely uninstalled</doc>
<status status="NOT RUN" start="2025-05-29T11:18:52.026976" elapsed="0.000000"/>
</kw>
<doc>Executes the application uninstallation test</doc>
<status status="FAIL" start="2025-05-29T11:17:11.571588" elapsed="100.455388">TimeoutException: Message: 
Stacktrace:
NoSuchElementError: An element could not be located on the page using the given search parameters.
    at AndroidUiautomator2Driver.findElOrEls (C:\Users\bahae\.appium\node_modules\appium-uiautomator2-driver\node_modules\appium-android-driver\lib\commands\find.ts:86:11)
    at processTicksAndRejections (node:internal/process/task_queues:95:5)
    at AndroidUiautomator2Driver.findElOrElsWithProcessing (C:\Users\bahae\AppData\Roaming\npm\node_modules\appium\node_modules\@appium\base-driver\lib\basedriver\commands\find.ts:60:12)
    at AndroidUiautomator2Driver.findElement (C:\Users\bahae\AppData\Roaming\npm\node_modules\appium\node_modules\@appium\base-driver\lib\basedriver\commands\find.ts:75:12)</status>
</kw>
<msg time="2025-05-29T11:18:52.026976" level="INFO">${test_status} = False</msg>
<var>${test_status}</var>
<arg>${test_keyword}</arg>
<doc>Runs the given keyword with given arguments and returns the status as a Boolean value.</doc>
<status status="PASS" start="2025-05-29T11:17:11.571588" elapsed="100.455388"/>
</kw>
<if>
<branch type="IF" condition="${test_status}">
<kw name="Log" owner="BuiltIn">
<arg>Test ${test_name} rÃ©ussi</arg>
<doc>Logs the given message with the given level.</doc>
<status status="NOT RUN" start="2025-05-29T11:18:52.026976" elapsed="0.000000"/>
</kw>
<kw name="Exit For Loop" owner="BuiltIn">
<doc>Stops executing the enclosing FOR loop.</doc>
<status status="NOT RUN" start="2025-05-29T11:18:52.027953" elapsed="0.000000"/>
</kw>
<status status="NOT RUN" start="2025-05-29T11:18:52.026976" elapsed="0.000977"/>
</branch>
<branch type="ELSE">
<kw name="Evaluate" owner="BuiltIn">
<msg time="2025-05-29T11:18:52.027953" level="INFO">${attempt} = 3</msg>
<var>${attempt}</var>
<arg>${attempt} + 1</arg>
<doc>Evaluates the given expression in Python and returns the result.</doc>
<status status="PASS" start="2025-05-29T11:18:52.027953" elapsed="0.000000"/>
</kw>
<if>
<branch type="IF" condition="${attempt} &lt;= ${MAX_RETRIES}">
<kw name="Log" owner="BuiltIn">
<msg time="2025-05-29T11:18:52.027953" level="INFO">Test Test Uninstall Application Ã©chouÃ© - Tentative 3/3</msg>
<arg>Test ${test_name} Ã©chouÃ© - Tentative ${attempt}/${MAX_RETRIES}</arg>
<doc>Logs the given message with the given level.</doc>
<status status="PASS" start="2025-05-29T11:18:52.027953" elapsed="0.000000"/>
</kw>
<kw name="Sleep" owner="BuiltIn">
<msg time="2025-05-29T11:18:54.028321" level="INFO">Slept 2 seconds.</msg>
<arg>${RETRY_DELAY}</arg>
<doc>Pauses the test executed for the given time.</doc>
<status status="PASS" start="2025-05-29T11:18:52.027953" elapsed="2.000368"/>
</kw>
<status status="PASS" start="2025-05-29T11:18:52.027953" elapsed="2.000368"/>
</branch>
<status status="PASS" start="2025-05-29T11:18:52.027953" elapsed="2.000368"/>
</if>
<status status="PASS" start="2025-05-29T11:18:52.027953" elapsed="2.000368"/>
</branch>
<status status="PASS" start="2025-05-29T11:18:52.026976" elapsed="2.001345"/>
</if>
<var name="${index}">1</var>
<status status="PASS" start="2025-05-29T11:17:11.571588" elapsed="102.456733"/>
</iter>
<iter>
<kw name="Run Keyword And Return Status" owner="BuiltIn">
<kw name="Execute Uninstall Application Test">
<kw name="Uninstall Application">
<kw name="Open Application With Click" owner="Integration">
<msg time="2025-05-29T11:19:10.437004" level="INFO">ðŸ“Œ Liste des applications dÃ©tectÃ©es : ['Agenda', 'Appium Settings', 'ARD Audiothek', 'Audio Bluetooth', 'Crunchyroll', 'Enregistreur vocal', 'Google Assistant', 'Google\xa0ActualitÃ©s', 'Home Assistant', 'Local Media Player', 'Google\xa0Maps', 'ParamÃ¨tres', 'Play\xa0Store', 'Prime Video', 'SMS']
ðŸ“Œ First Home Page dÃ©tectÃ©e : ['Agenda', 'Appium Settings', 'ARD Audiothek', 'Audio Bluetooth', 'Crunchyroll', 'Enregistreur vocal', 'Google Assistant', 'Google\xa0ActualitÃ©s', 'Home Assistant', 'Local Media Player', 'Google\xa0Maps', 'ParamÃ¨tres', 'Play\xa0Store', 'Prime Video', 'SMS']

ðŸ“Œ Liste des applications dÃ©tectÃ©es : ['Agenda', 'Appium Settings', 'ARD Audiothek', 'Audio Bluetooth', 'Crunchyroll', 'Enregistreur vocal', 'Google Assistant', 'Google\xa0ActualitÃ©s', 'Home Assistant', 'Local Media Player', 'Google\xa0Maps', 'ParamÃ¨tres', 'Play\xa0Store', 'Prime Video', 'SMS']
âœ… Retour Ã  la first home page !

ðŸ“Œ Liste des applications dÃ©tectÃ©es : ['Agenda', 'Appium Settings', 'ARD Audiothek', 'Audio Bluetooth', 'Crunchyroll', 'Enregistreur vocal', 'Google Assistant', 'Google\xa0ActualitÃ©s', 'Home Assistant', 'Local Media Player', 'Google\xa0Maps', 'ParamÃ¨tres', 'Play\xa0Store', 'Prime Video', 'SMS']
378 619 522 657</msg>
<msg time="2025-05-29T11:19:10.437004" level="INFO">${result} = True</msg>
<var>${result}</var>
<arg>${driver}</arg>
<arg>${LANG_DICT.Setting}</arg>
<status status="PASS" start="2025-05-29T11:18:54.028832" elapsed="16.408172"/>
</kw>
<kw name="Sleep" owner="BuiltIn">
<msg time="2025-05-29T11:19:10.937143" level="INFO">Slept 500 milliseconds.</msg>
<arg>${QUICK_WAIT}</arg>
<doc>Pauses the test executed for the given time.</doc>
<status status="PASS" start="2025-05-29T11:19:10.437004" elapsed="0.500139"/>
</kw>
<kw name="Wait For Element">
<for flavor="IN RANGE">
<iter>
<kw name="Run Keyword And Return Status" owner="BuiltIn">
<kw name="Check Element Exists By Id" owner="Integration">
<arg>${driver}</arg>
<arg>${locator}</arg>
<doc>VÃ©rifie si un Ã©lÃ©ment existe en utilisant son ID.</doc>
<status status="PASS" start="2025-05-29T11:19:10.937707" elapsed="0.560888"/>
</kw>
<msg time="2025-05-29T11:19:11.498595" level="INFO">${exists} = True</msg>
<var>${exists}</var>
<arg>Check Element ExistsBy Id</arg>
<arg>${driver}</arg>
<arg>${locator}</arg>
<doc>Runs the given keyword with given arguments and returns the status as a Boolean value.</doc>
<status status="PASS" start="2025-05-29T11:19:10.937707" elapsed="0.560888"/>
</kw>
<if>
<branch type="IF" condition="${exists}">
<return>
<value>${True}</value>
<status status="PASS" start="2025-05-29T11:19:11.498595" elapsed="0.000000"/>
</return>
<status status="PASS" start="2025-05-29T11:19:11.498595" elapsed="0.000000"/>
</branch>
<status status="PASS" start="2025-05-29T11:19:11.498595" elapsed="0.000000"/>
</if>
<kw name="Sleep" owner="BuiltIn">
<arg>${RETRY_DELAY}</arg>
<doc>Pauses the test executed for the given time.</doc>
<status status="NOT RUN" start="2025-05-29T11:19:11.498595" elapsed="0.000000"/>
</kw>
<var name="${i}">0</var>
<status status="PASS" start="2025-05-29T11:19:10.937707" elapsed="0.560888"/>
</iter>
<var>${i}</var>
<value>${MAX_RETRIES}</value>
<status status="PASS" start="2025-05-29T11:19:10.937707" elapsed="0.560888"/>
</for>
<return>
<value>${False}</value>
<status status="NOT RUN" start="2025-05-29T11:19:11.498595" elapsed="0.000000"/>
</return>
<msg time="2025-05-29T11:19:11.498595" level="INFO">${exists} = True</msg>
<var>${exists}</var>
<arg>${driver}</arg>
<arg>${Setting_xpath_id}</arg>
<doc>Waits for an element to be present with retry mechanism</doc>
<status status="PASS" start="2025-05-29T11:19:10.937707" elapsed="0.560888"/>
</kw>
<kw name="Should Be True" owner="BuiltIn">
<arg>${exists}</arg>
<arg>Settings screen is not displayed</arg>
<doc>Fails if the given condition is not true.</doc>
<status status="PASS" start="2025-05-29T11:19:11.498595" elapsed="0.000000"/>
</kw>
<kw name="Clique Sur Setting" owner="Integration">
<msg time="2025-05-29T11:19:13.560574" level="INFO">(0, 76, 550, 696)
âœ… 'Applis' trouvÃ© sans swipe. Appui en cours...</msg>
<arg>${driver}</arg>
<arg>${LANG_DICT.apps}</arg>
<arg>${Setting_menu}</arg>
<status status="PASS" start="2025-05-29T11:19:11.499607" elapsed="2.060967"/>
</kw>
<kw name="Sleep" owner="BuiltIn">
<msg time="2025-05-29T11:19:14.060803" level="INFO">Slept 500 milliseconds.</msg>
<arg>${QUICK_WAIT}</arg>
<doc>Pauses the test executed for the given time.</doc>
<status status="PASS" start="2025-05-29T11:19:13.560574" elapsed="0.500229"/>
</kw>
<kw name="Wait For Element">
<for flavor="IN RANGE">
<iter>
<kw name="Run Keyword And Return Status" owner="BuiltIn">
<kw name="Check Element Exists By Id" owner="Integration">
<arg>${driver}</arg>
<arg>${locator}</arg>
<doc>VÃ©rifie si un Ã©lÃ©ment existe en utilisant son ID.</doc>
<status status="PASS" start="2025-05-29T11:19:14.061803" elapsed="0.043141"/>
</kw>
<msg time="2025-05-29T11:19:14.104944" level="INFO">${exists} = True</msg>
<var>${exists}</var>
<arg>Check Element ExistsBy Id</arg>
<arg>${driver}</arg>
<arg>${locator}</arg>
<doc>Runs the given keyword with given arguments and returns the status as a Boolean value.</doc>
<status status="PASS" start="2025-05-29T11:19:14.061803" elapsed="0.043141"/>
</kw>
<if>
<branch type="IF" condition="${exists}">
<return>
<value>${True}</value>
<status status="PASS" start="2025-05-29T11:19:14.104944" elapsed="0.000000"/>
</return>
<status status="PASS" start="2025-05-29T11:19:14.104944" elapsed="0.000000"/>
</branch>
<status status="PASS" start="2025-05-29T11:19:14.104944" elapsed="0.000000"/>
</if>
<kw name="Sleep" owner="BuiltIn">
<arg>${RETRY_DELAY}</arg>
<doc>Pauses the test executed for the given time.</doc>
<status status="NOT RUN" start="2025-05-29T11:19:14.104944" elapsed="0.000000"/>
</kw>
<var name="${i}">0</var>
<status status="PASS" start="2025-05-29T11:19:14.061803" elapsed="0.043141"/>
</iter>
<var>${i}</var>
<value>${MAX_RETRIES}</value>
<status status="PASS" start="2025-05-29T11:19:14.060803" elapsed="0.044141"/>
</for>
<return>
<value>${False}</value>
<status status="NOT RUN" start="2025-05-29T11:19:14.104944" elapsed="0.000000"/>
</return>
<msg time="2025-05-29T11:19:14.104944" level="INFO">${view_all_exists} = True</msg>
<var>${view_all_exists}</var>
<arg>${driver}</arg>
<arg>${Setting_system}</arg>
<doc>Waits for an element to be present with retry mechanism</doc>
<status status="PASS" start="2025-05-29T11:19:14.060803" elapsed="0.044141"/>
</kw>
<kw name="Should Be True" owner="BuiltIn">
<arg>${view_all_exists}</arg>
<arg>Apps section is not displayed</arg>
<doc>Fails if the given condition is not true.</doc>
<status status="PASS" start="2025-05-29T11:19:14.105941" elapsed="0.000000"/>
</kw>
<kw name="Clique Sur Setting Include" owner="Integration">
<msg time="2025-05-29T11:19:35.758513" level="INFO">ðŸ“Œ Liste des applications dÃ©tectÃ©es : ['Ã‰cran', 'Profils et comptes', 'Position', 'ConfidentialitÃ©', 'AccessibilitÃ©', 'SÃ©curitÃ©', 'Applis', 'Ouvertes rÃ©cemment', 'Google\xa0Maps', 'YouTube', 'TÃ©lÃ©phone', 'Voir les 23\xa0applis']
ðŸ“Œ First Home Page dÃ©tectÃ©e : ['Ã‰cran', 'Profils et comptes', 'Position', 'ConfidentialitÃ©', 'AccessibilitÃ©', 'SÃ©curitÃ©', 'Applis', 'Ouvertes rÃ©cemment', 'Google\xa0Maps', 'YouTube', 'TÃ©lÃ©phone', 'Voir les 23\xa0applis']
ðŸ”„ Swipe #1 en cours...

ðŸ“Œ Liste des applications dÃ©tectÃ©es : ['Bluetooth', 'RÃ©seau et Internet', 'Notifications', 'Son', 'Ã‰cran', 'Profils et comptes', 'Position', 'Ouvertes rÃ©cemment', 'Google\xa0Maps', 'YouTube', 'TÃ©lÃ©phone', 'Voir les 23\xa0applis']
ðŸ”„ Swipe #2 en cours...

ðŸ“Œ Liste des applications dÃ©tectÃ©es : ['Bluetooth', 'RÃ©seau et Internet', 'Notifications', 'Son', 'Ã‰cran', 'Profils et comptes', 'Position', 'Ouvertes rÃ©cemment', 'Google\xa0Maps', 'YouTube', 'TÃ©lÃ©phone', 'Voir les 23\xa0applis']
âœ… Retour Ã  la first home page !
First Home Page dÃ©tectÃ©e : ['YouTube', 'Voir les 23\xa0applis', 'TÃ©lÃ©phone', 'Ouvertes rÃ©cemment', 'Google\xa0Maps', 'Dans 3 heures']
 Voir les trouvÃ© ! Appui sur le texte contenant 'Voir les 23Â applis'.</msg>
<arg>${driver}</arg>
<arg>${LANG_DICT.view_all}</arg>
<arg>${Setting_system}</arg>
<status status="PASS" start="2025-05-29T11:19:14.105941" elapsed="21.652572"/>
</kw>
<kw name="Sleep" owner="BuiltIn">
<msg time="2025-05-29T11:19:36.259143" level="INFO">Slept 500 milliseconds.</msg>
<arg>${QUICK_WAIT}</arg>
<doc>Pauses the test executed for the given time.</doc>
<status status="PASS" start="2025-05-29T11:19:35.758513" elapsed="0.500630"/>
</kw>
<kw name="Clique Sur Setting" owner="Integration">
<msg time="2025-05-29T11:20:12.256330" level="INFO">(551, 172, 1408, 696)
ðŸ”½ Swipe vers le bas #1
ðŸ›‘ Plus de nouveaux Ã©lÃ©ments en bas. Fin de balayage.
ðŸ”¼ Swipe vers le haut #1
ðŸ”¼ Swipe vers le haut #2
ðŸ”¼ Swipe vers le haut #3
ðŸ”¼ Swipe vers le haut #4
ðŸ”¼ Swipe vers le haut #5
ðŸ”¼ Swipe vers le haut #6
ðŸ”¼ Swipe vers le haut #7
ðŸ”¼ Swipe vers le haut #8
ðŸ”¼ Swipe vers le haut #9
ðŸ”¼ Swipe vers le haut #10
ðŸ”¼ Swipe vers le haut #11
ðŸ”¼ Swipe vers le haut #12
ðŸ›‘ Aucun nouvel Ã©lÃ©ment en haut. Fin de balayage.
âŒ 'TestNotificationapk' introuvable aprÃ¨s balayage complet.</msg>
<arg>${driver}</arg>
<arg>${app_name}</arg>
<arg>${Setting_system}</arg>
<status status="PASS" start="2025-05-29T11:19:36.259143" elapsed="35.997187"/>
</kw>
<kw name="Sleep" owner="BuiltIn">
<msg time="2025-05-29T11:20:12.758195" level="INFO">Slept 500 milliseconds.</msg>
<arg>${QUICK_WAIT}</arg>
<doc>Pauses the test executed for the given time.</doc>
<status status="PASS" start="2025-05-29T11:20:12.257326" elapsed="0.500869"/>
</kw>
<kw name="Click Element By Text Att" owner="Integration">
<msg time="2025-05-29T11:20:33.242010" level="FAIL">TimeoutException: Message: 
Stacktrace:
NoSuchElementError: An element could not be located on the page using the given search parameters.
    at AndroidUiautomator2Driver.findElOrEls (C:\Users\bahae\.appium\node_modules\appium-uiautomator2-driver\node_modules\appium-android-driver\lib\commands\find.ts:86:11)
    at processTicksAndRejections (node:internal/process/task_queues:95:5)
    at AndroidUiautomator2Driver.findElOrElsWithProcessing (C:\Users\bahae\AppData\Roaming\npm\node_modules\appium\node_modules\@appium\base-driver\lib\basedriver\commands\find.ts:60:12)
    at AndroidUiautomator2Driver.findElement (C:\Users\bahae\AppData\Roaming\npm\node_modules\appium\node_modules\@appium\base-driver\lib\basedriver\commands\find.ts:75:12)</msg>
<arg>${driver}</arg>
<arg>${LANG_DICT.uninstall}</arg>
<status status="FAIL" start="2025-05-29T11:20:12.758195" elapsed="20.483815">TimeoutException: Message: 
Stacktrace:
NoSuchElementError: An element could not be located on the page using the given search parameters.
    at AndroidUiautomator2Driver.findElOrEls (C:\Users\bahae\.appium\node_modules\appium-uiautomator2-driver\node_modules\appium-android-driver\lib\commands\find.ts:86:11)
    at processTicksAndRejections (node:internal/process/task_queues:95:5)
    at AndroidUiautomator2Driver.findElOrElsWithProcessing (C:\Users\bahae\AppData\Roaming\npm\node_modules\appium\node_modules\@appium\base-driver\lib\basedriver\commands\find.ts:60:12)
    at AndroidUiautomator2Driver.findElement (C:\Users\bahae\AppData\Roaming\npm\node_modules\appium\node_modules\@appium\base-driver\lib\basedriver\commands\find.ts:75:12)</status>
</kw>
<kw name="Sleep" owner="BuiltIn">
<arg>${QUICK_WAIT}</arg>
<doc>Pauses the test executed for the given time.</doc>
<status status="NOT RUN" start="2025-05-29T11:20:33.242010" elapsed="0.000000"/>
</kw>
<kw name="Click Element By Text" owner="Integration">
<arg>${driver}</arg>
<arg>${LANG_DICT.confirm}</arg>
<status status="NOT RUN" start="2025-05-29T11:20:33.243010" elapsed="0.000000"/>
</kw>
<kw name="Sleep" owner="BuiltIn">
<arg>${QUICK_WAIT}</arg>
<doc>Pauses the test executed for the given time.</doc>
<status status="NOT RUN" start="2025-05-29T11:20:33.243010" elapsed="0.000000"/>
</kw>
<arg>${driver}</arg>
<arg>${TEST_APP_NAME}</arg>
<doc>Performs the uninstallation process</doc>
<status status="FAIL" start="2025-05-29T11:18:54.028832" elapsed="99.214178">TimeoutException: Message: 
Stacktrace:
NoSuchElementError: An element could not be located on the page using the given search parameters.
    at AndroidUiautomator2Driver.findElOrEls (C:\Users\bahae\.appium\node_modules\appium-uiautomator2-driver\node_modules\appium-android-driver\lib\commands\find.ts:86:11)
    at processTicksAndRejections (node:internal/process/task_queues:95:5)
    at AndroidUiautomator2Driver.findElOrElsWithProcessing (C:\Users\bahae\AppData\Roaming\npm\node_modules\appium\node_modules\@appium\base-driver\lib\basedriver\commands\find.ts:60:12)
    at AndroidUiautomator2Driver.findElement (C:\Users\bahae\AppData\Roaming\npm\node_modules\appium\node_modules\@appium\base-driver\lib\basedriver\commands\find.ts:75:12)</status>
</kw>
<kw name="Verify App Uninstallation">
<arg>${driver}</arg>
<arg>${TEST_APP_NAME}</arg>
<arg>${TEST_APP_PACKAGE}</arg>
<doc>Verifies if the application is completely uninstalled</doc>
<status status="NOT RUN" start="2025-05-29T11:20:33.243010" elapsed="0.000000"/>
</kw>
<doc>Executes the application uninstallation test</doc>
<status status="FAIL" start="2025-05-29T11:18:54.028832" elapsed="99.214692">TimeoutException: Message: 
Stacktrace:
NoSuchElementError: An element could not be located on the page using the given search parameters.
    at AndroidUiautomator2Driver.findElOrEls (C:\Users\bahae\.appium\node_modules\appium-uiautomator2-driver\node_modules\appium-android-driver\lib\commands\find.ts:86:11)
    at processTicksAndRejections (node:internal/process/task_queues:95:5)
    at AndroidUiautomator2Driver.findElOrElsWithProcessing (C:\Users\bahae\AppData\Roaming\npm\node_modules\appium\node_modules\@appium\base-driver\lib\basedriver\commands\find.ts:60:12)
    at AndroidUiautomator2Driver.findElement (C:\Users\bahae\AppData\Roaming\npm\node_modules\appium\node_modules\@appium\base-driver\lib\basedriver\commands\find.ts:75:12)</status>
</kw>
<msg time="2025-05-29T11:20:33.243524" level="INFO">${test_status} = False</msg>
<var>${test_status}</var>
<arg>${test_keyword}</arg>
<doc>Runs the given keyword with given arguments and returns the status as a Boolean value.</doc>
<status status="PASS" start="2025-05-29T11:18:54.028832" elapsed="99.214692"/>
</kw>
<if>
<branch type="IF" condition="${test_status}">
<kw name="Log" owner="BuiltIn">
<arg>Test ${test_name} rÃ©ussi</arg>
<doc>Logs the given message with the given level.</doc>
<status status="NOT RUN" start="2025-05-29T11:20:33.243524" elapsed="0.000000"/>
</kw>
<kw name="Exit For Loop" owner="BuiltIn">
<doc>Stops executing the enclosing FOR loop.</doc>
<status status="NOT RUN" start="2025-05-29T11:20:33.243524" elapsed="0.000000"/>
</kw>
<status status="NOT RUN" start="2025-05-29T11:20:33.243524" elapsed="0.000000"/>
</branch>
<branch type="ELSE">
<kw name="Evaluate" owner="BuiltIn">
<msg time="2025-05-29T11:20:33.243524" level="INFO">${attempt} = 4</msg>
<var>${attempt}</var>
<arg>${attempt} + 1</arg>
<doc>Evaluates the given expression in Python and returns the result.</doc>
<status status="PASS" start="2025-05-29T11:20:33.243524" elapsed="0.000000"/>
</kw>
<if>
<branch type="IF" condition="${attempt} &lt;= ${MAX_RETRIES}">
<kw name="Log" owner="BuiltIn">
<arg>Test ${test_name} Ã©chouÃ© - Tentative ${attempt}/${MAX_RETRIES}</arg>
<doc>Logs the given message with the given level.</doc>
<status status="NOT RUN" start="2025-05-29T11:20:33.243524" elapsed="0.000000"/>
</kw>
<kw name="Sleep" owner="BuiltIn">
<arg>${RETRY_DELAY}</arg>
<doc>Pauses the test executed for the given time.</doc>
<status status="NOT RUN" start="2025-05-29T11:20:33.243524" elapsed="0.000000"/>
</kw>
<status status="NOT RUN" start="2025-05-29T11:20:33.243524" elapsed="0.000000"/>
</branch>
<status status="PASS" start="2025-05-29T11:20:33.243524" elapsed="0.000000"/>
</if>
<status status="PASS" start="2025-05-29T11:20:33.243524" elapsed="0.000000"/>
</branch>
<status status="PASS" start="2025-05-29T11:20:33.243524" elapsed="0.000000"/>
</if>
<var name="${index}">2</var>
<status status="PASS" start="2025-05-29T11:18:54.028321" elapsed="99.215203"/>
</iter>
<var>${index}</var>
<value>${MAX_RETRIES}</value>
<status status="PASS" start="2025-05-29T11:15:16.704205" elapsed="316.539319"/>
</for>
<if>
<branch type="IF" condition="not ${test_status}">
<kw name="Fail" owner="BuiltIn">
<msg time="2025-05-29T11:20:33.244520" level="FAIL">Le test Test Uninstall Application a Ã©chouÃ© aprÃ¨s 3 tentatives</msg>
<arg>Le test ${test_name} a Ã©chouÃ© aprÃ¨s ${MAX_RETRIES} tentatives</arg>
<doc>Fails the test with the given message and optionally alters its tags.</doc>
<status status="FAIL" start="2025-05-29T11:20:33.244520" elapsed="0.000000">Le test Test Uninstall Application a Ã©chouÃ© aprÃ¨s 3 tentatives</status>
</kw>
<status status="FAIL" start="2025-05-29T11:20:33.243524" elapsed="0.000996">Le test Test Uninstall Application a Ã©chouÃ© aprÃ¨s 3 tentatives</status>
</branch>
<status status="FAIL" start="2025-05-29T11:20:33.243524" elapsed="0.000996">Le test Test Uninstall Application a Ã©chouÃ© aprÃ¨s 3 tentatives</status>
</if>
<arg>Execute Uninstall Application Test</arg>
<arg>Test Uninstall Application</arg>
<status status="FAIL" start="2025-05-29T11:15:16.704205" elapsed="316.540315">Le test Test Uninstall Application a Ã©chouÃ© aprÃ¨s 3 tentatives</status>
</kw>
<doc>Tests application uninstallation
- Navigates through settings
- Performs uninstallation
- Verifies complete removal</doc>
<tag>smoke</tag>
<tag>uninstallation</tag>
<status status="FAIL" start="2025-05-29T11:15:16.703205" elapsed="316.541315">Le test Test Uninstall Application a Ã©chouÃ© aprÃ¨s 3 tentatives</status>
</test>
<kw name="Fermer Driver" type="TEARDOWN">
<try>
<branch type="TRY">
<kw name="Run Keyword And Return Status" owner="BuiltIn">
<kw name="Get Source" owner="AppiumLibrary">
<kw name="Capture Page Screenshot" owner="AppiumLibrary">
<msg time="2025-05-29T11:20:33.245521" level="FAIL">No application is open</msg>
<doc>Takes a screenshot of the current page and embeds it into the log.</doc>
<status status="FAIL" start="2025-05-29T11:20:33.245521" elapsed="0.001519">No application is open</status>
</kw>
<msg time="2025-05-29T11:20:33.247040" level="WARN">Keyword 'Capture Page Screenshot' could not be run on failure: No application is open</msg>
<msg time="2025-05-29T11:20:33.247040" level="FAIL">No application is open</msg>
<doc>Returns the entire source of the current page.</doc>
<status status="FAIL" start="2025-05-29T11:20:33.245521" elapsed="0.002515">No application is open</status>
</kw>
<msg time="2025-05-29T11:20:33.248036" level="INFO">${session_active} = False</msg>
<var>${session_active}</var>
<arg>Get Source</arg>
<doc>Runs the given keyword with given arguments and returns the status as a Boolean value.</doc>
<status status="PASS" start="2025-05-29T11:20:33.245521" elapsed="0.002515"/>
</kw>
<if>
<branch type="IF" condition="${session_active}">
<kw name="Close Driver" owner="Integration">
<arg>${driver}</arg>
<doc>Ferme proprement le driver Appium.</doc>
<status status="NOT RUN" start="2025-05-29T11:20:33.248036" elapsed="0.000000"/>
</kw>
<kw name="Log" owner="BuiltIn">
<arg>Driver fermÃ© avec succÃ¨s</arg>
<doc>Logs the given message with the given level.</doc>
<status status="NOT RUN" start="2025-05-29T11:20:33.248036" elapsed="0.000000"/>
</kw>
<status status="NOT RUN" start="2025-05-29T11:20:33.248036" elapsed="0.000000"/>
</branch>
<branch type="ELSE">
<kw name="Log" owner="BuiltIn">
<msg time="2025-05-29T11:20:33.248036" level="INFO">Le driver n'Ã©tait pas actif</msg>
<arg>Le driver n'Ã©tait pas actif</arg>
<doc>Logs the given message with the given level.</doc>
<status status="PASS" start="2025-05-29T11:20:33.248036" elapsed="0.000000"/>
</kw>
<status status="PASS" start="2025-05-29T11:20:33.248036" elapsed="0.000000"/>
</branch>
<status status="PASS" start="2025-05-29T11:20:33.248036" elapsed="0.000000"/>
</if>
<status status="PASS" start="2025-05-29T11:20:33.245521" elapsed="0.002515"/>
</branch>
<branch type="EXCEPT" assign="${error}">
<kw name="Log" owner="BuiltIn">
<arg>Erreur lors de la fermeture du driver: ${error}</arg>
<doc>Logs the given message with the given level.</doc>
<status status="NOT RUN" start="2025-05-29T11:20:33.248036" elapsed="0.000000"/>
</kw>
<status status="NOT RUN" start="2025-05-29T11:20:33.248036" elapsed="0.000000"/>
</branch>
<status status="PASS" start="2025-05-29T11:20:33.245521" elapsed="0.002515"/>
</try>
<doc>Cleans up and closes the test driver</doc>
<status status="PASS" start="2025-05-29T11:20:33.244520" elapsed="0.003516"/>
</kw>
<doc>Tests for APK installation and uninstallation
- Verifies APK installation via ADB
- Checks application visibility in UI
- Tests complete uninstallation flow</doc>
<status status="FAIL" start="2025-05-29T11:12:47.341572" elapsed="465.907465"/>
</suite>
<statistics>
<total>
<stat pass="1" fail="1" skip="0">All Tests</stat>
</total>
<tag>
<stat pass="1" fail="0" skip="0">installation</stat>
<stat pass="1" fail="1" skip="0">smoke</stat>
<stat pass="0" fail="1" skip="0">uninstallation</stat>
</tag>
<suite>
<stat name="InstallationApplications" id="s1" pass="1" fail="1" skip="0">InstallationApplications</stat>
</suite>
</statistics>
<errors>
<msg time="2025-05-29T11:20:33.247040" level="WARN">Keyword 'Capture Page Screenshot' could not be run on failure: No application is open</msg>
</errors>
</robot>
