<?xml version="1.0" encoding="UTF-8"?>
<robot generator="Robot 7.2.2 (Python 3.12.9 on linux)" generated="2025-03-26T10:14:11.047321" rpa="false" schemaversion="5">
<suite id="s1" name="FonctionnaliteProfilsConducteurs" source="/app/test_cases/FonctionnaliteProfilsConducteurs.robot">
<test id="s1-t1" name="Test Ajouter Utilisateur" line="20">
<kw name="Setup Driver" owner="Integration">
<msg time="2025-03-26T10:14:11.199198" level="WARN">Retrying (Retry(total=2, connect=None, read=None, redirect=None, status=None)) after connection broken by 'NewConnectionError('&lt;urllib3.connection.HTTPConnection object at 0x7ff69fdd26f0&gt;: Failed to establish a new connection: [Errno 111] Connection refused')': /session</msg>
<msg time="2025-03-26T10:14:11.199675" level="WARN">Retrying (Retry(total=1, connect=None, read=None, redirect=None, status=None)) after connection broken by 'NewConnectionError('&lt;urllib3.connection.HTTPConnection object at 0x7ff69fe3a540&gt;: Failed to establish a new connection: [Errno 111] Connection refused')': /session</msg>
<msg time="2025-03-26T10:14:11.200161" level="WARN">Retrying (Retry(total=0, connect=None, read=None, redirect=None, status=None)) after connection broken by 'NewConnectionError('&lt;urllib3.connection.HTTPConnection object at 0x7ff69fcb2cf0&gt;: Failed to establish a new connection: [Errno 111] Connection refused')': /session</msg>
<msg time="2025-03-26T10:14:11.200744" level="FAIL">MaxRetryError: HTTPConnectionPool(host='localhost', port=4723): Max retries exceeded with url: /session (Caused by NewConnectionError('&lt;urllib3.connection.HTTPConnection object at 0x7ff69fcb3d40&gt;: Failed to establish a new connection: [Errno 111] Connection refused'))</msg>
<var>${driver}</var>
<arg>${Device}</arg>
<doc>Initialise et retourne le driver Appium.</doc>
<status status="FAIL" start="2025-03-26T10:14:11.196904" elapsed="0.010590">MaxRetryError: HTTPConnectionPool(host='localhost', port=4723): Max retries exceeded with url: /session (Caused by NewConnectionError('&lt;urllib3.connection.HTTPConnection object at 0x7ff69fcb3d40&gt;: Failed to establish a new connection: [Errno 111] Connection refused'))</status>
</kw>
<kw name="Get System Language" owner="Integration">
<var>${lang}</var>
<arg>${Device}</arg>
<status status="NOT RUN" start="2025-03-26T10:14:11.207741" elapsed="0.000041"/>
</kw>
<if>
<branch type="IF" condition="'${lang}' == 'fr'">
<kw name="Set Variable" owner="BuiltIn">
<var>${System}</var>
<arg>Système</arg>
<doc>Returns the given values which can then be assigned to a variables.</doc>
<status status="NOT RUN" start="2025-03-26T10:14:11.208140" elapsed="0.000054"/>
</kw>
<kw name="Set Variable" owner="BuiltIn">
<var>${Setting}</var>
<arg>Paramètres</arg>
<doc>Returns the given values which can then be assigned to a variables.</doc>
<status status="NOT RUN" start="2025-03-26T10:14:11.208435" elapsed="0.000028"/>
</kw>
<kw name="Set Variable" owner="BuiltIn">
<var>${Profils}</var>
<arg>Profils et comptes</arg>
<doc>Returns the given values which can then be assigned to a variables.</doc>
<status status="NOT RUN" start="2025-03-26T10:14:11.208573" elapsed="0.000014"/>
</kw>
<kw name="Set Variable" owner="BuiltIn">
<var>${Ajouter}</var>
<arg>Ajouter un profil</arg>
<doc>Returns the given values which can then be assigned to a variables.</doc>
<status status="NOT RUN" start="2025-03-26T10:14:11.208648" elapsed="0.000011"/>
</kw>
<kw name="Set Variable" owner="BuiltIn">
<var>${Ok}</var>
<arg>OK</arg>
<doc>Returns the given values which can then be assigned to a variables.</doc>
<status status="NOT RUN" start="2025-03-26T10:14:11.208711" elapsed="0.000012"/>
</kw>
<status status="NOT RUN" start="2025-03-26T10:14:11.207887" elapsed="0.000855"/>
</branch>
<branch type="ELSE">
<kw name="Set Variable" owner="BuiltIn">
<var>${System}</var>
<arg>System</arg>
<doc>Returns the given values which can then be assigned to a variables.</doc>
<status status="NOT RUN" start="2025-03-26T10:14:11.208838" elapsed="0.000013"/>
</kw>
<kw name="Set Variable" owner="BuiltIn">
<var>${Setting}</var>
<arg>Settings</arg>
<doc>Returns the given values which can then be assigned to a variables.</doc>
<status status="NOT RUN" start="2025-03-26T10:14:11.208904" elapsed="0.000010"/>
</kw>
<kw name="Set Variable" owner="BuiltIn">
<var>${Profils}</var>
<arg>Profils et comptes</arg>
<doc>Returns the given values which can then be assigned to a variables.</doc>
<status status="NOT RUN" start="2025-03-26T10:14:11.208978" elapsed="0.000014"/>
</kw>
<kw name="Set Variable" owner="BuiltIn">
<var>${Ajouter}</var>
<arg>Add Profile</arg>
<doc>Returns the given values which can then be assigned to a variables.</doc>
<status status="NOT RUN" start="2025-03-26T10:14:11.209046" elapsed="0.000011"/>
</kw>
<kw name="Set Variable" owner="BuiltIn">
<var>${Ok}</var>
<arg>OK</arg>
<doc>Returns the given values which can then be assigned to a variables.</doc>
<status status="NOT RUN" start="2025-03-26T10:14:11.209111" elapsed="0.000011"/>
</kw>
<status status="NOT RUN" start="2025-03-26T10:14:11.208774" elapsed="0.000366"/>
</branch>
<status status="NOT RUN" start="2025-03-26T10:14:11.207857" elapsed="0.001298"/>
</if>
<kw name="Get Android Users" owner="Integration">
<var>${old_users}</var>
<arg>${driver}</arg>
<doc>Récupère la liste des utilisateurs Android via ADB.</doc>
<status status="NOT RUN" start="2025-03-26T10:14:11.209217" elapsed="0.000012"/>
</kw>
<kw name="Revenir A La Home Page" owner="Integration">
<arg>${driver}</arg>
<status status="NOT RUN" start="2025-03-26T10:14:11.209281" elapsed="0.000011"/>
</kw>
<kw name="Open Application With Click" owner="Integration">
<var>${resultat}</var>
<arg>${driver}</arg>
<arg>${Setting}</arg>
<status status="NOT RUN" start="2025-03-26T10:14:11.209340" elapsed="0.000010"/>
</kw>
<kw name="Sleep" owner="BuiltIn">
<arg>1s</arg>
<doc>Pauses the test executed for the given time.</doc>
<status status="NOT RUN" start="2025-03-26T10:14:11.209401" elapsed="0.000011"/>
</kw>
<kw name="Check Element Exists By Id" owner="Integration">
<var>${Verfier}</var>
<arg>${driver}</arg>
<arg>${Setting_xpath_id}</arg>
<doc>Vérifie si un élément existe en utilisant son ID.</doc>
<status status="NOT RUN" start="2025-03-26T10:14:11.209464" elapsed="0.000011"/>
</kw>
<kw name="Run Keyword And Continue On Failure" owner="BuiltIn">
<arg>Should Be True</arg>
<arg>${Verfier}</arg>
<arg>Setting n'est pas affiché.</arg>
<doc>Runs the keyword and continues execution even if a failure occurs.</doc>
<status status="NOT RUN" start="2025-03-26T10:14:11.209540" elapsed="0.000012"/>
</kw>
<kw name="Run Keyword And Continue On Failure" owner="BuiltIn">
<arg>Clique Sur Setting</arg>
<arg>${driver}</arg>
<arg>${Profils}</arg>
<arg>${Setting_menu}</arg>
<doc>Runs the keyword and continues execution even if a failure occurs.</doc>
<status status="NOT RUN" start="2025-03-26T10:14:11.209609" elapsed="0.000011"/>
</kw>
<kw name="Click Element By Text Att" owner="Integration">
<arg>${driver}</arg>
<arg>${Ajouter}</arg>
<status status="NOT RUN" start="2025-03-26T10:14:11.209672" elapsed="0.000010"/>
</kw>
<kw name="Sleep" owner="BuiltIn">
<arg>2s</arg>
<doc>Pauses the test executed for the given time.</doc>
<status status="NOT RUN" start="2025-03-26T10:14:11.209728" elapsed="0.000011"/>
</kw>
<kw name="Click Element By Text Att" owner="Integration">
<arg>${driver}</arg>
<arg>${Ok}</arg>
<status status="NOT RUN" start="2025-03-26T10:14:11.209784" elapsed="0.000009"/>
</kw>
<kw name="Sleep" owner="BuiltIn">
<arg>5s</arg>
<doc>Pauses the test executed for the given time.</doc>
<status status="NOT RUN" start="2025-03-26T10:14:11.209839" elapsed="0.000010"/>
</kw>
<kw name="Get Android Users" owner="Integration">
<var>${new_users}</var>
<arg>${driver}</arg>
<doc>Récupère la liste des utilisateurs Android via ADB.</doc>
<status status="NOT RUN" start="2025-03-26T10:14:11.209896" elapsed="0.000011"/>
</kw>
<kw name="Get Added User" owner="Integration">
<var>${verifie_adb_add_user}</var>
<arg>${old_users}</arg>
<arg>${new_users}</arg>
<doc>Compare deux listes d'utilisateurs et retourne l'utilisateur ajouté.</doc>
<status status="NOT RUN" start="2025-03-26T10:14:11.209958" elapsed="0.000020"/>
</kw>
<kw name="Run Keyword And Continue On Failure" owner="BuiltIn">
<arg>Should Not Be Equal</arg>
<arg>${verifie_adb_add_user}</arg>
<arg>${None}</arg>
<arg>Aucun utilisateur n'a été ajouté.</arg>
<doc>Runs the keyword and continues execution even if a failure occurs.</doc>
<status status="NOT RUN" start="2025-03-26T10:14:11.210475" elapsed="0.000025"/>
</kw>
<kw name="Log" owner="BuiltIn">
<arg>Utilisateur ajouté : ${verifie_adb_add_user}</arg>
<doc>Logs the given message with the given level.</doc>
<status status="NOT RUN" start="2025-03-26T10:14:11.210587" elapsed="0.000016"/>
</kw>
<status status="FAIL" start="2025-03-26T10:14:11.196055" elapsed="0.014701">MaxRetryError: HTTPConnectionPool(host='localhost', port=4723): Max retries exceeded with url: /session (Caused by NewConnectionError('&lt;urllib3.connection.HTTPConnection object at 0x7ff69fcb3d40&gt;: Failed to establish a new connection: [Errno 111] Connection refused'))</status>
</test>
<test id="s1-t2" name="Test renommer Utilisateur" line="72">
<kw name="Setup Driver" owner="Integration">
<msg time="2025-03-26T10:14:11.212269" level="WARN">Retrying (Retry(total=2, connect=None, read=None, redirect=None, status=None)) after connection broken by 'NewConnectionError('&lt;urllib3.connection.HTTPConnection object at 0x7ff69fcf5d30&gt;: Failed to establish a new connection: [Errno 111] Connection refused')': /session</msg>
<msg time="2025-03-26T10:14:11.212651" level="WARN">Retrying (Retry(total=1, connect=None, read=None, redirect=None, status=None)) after connection broken by 'NewConnectionError('&lt;urllib3.connection.HTTPConnection object at 0x7ff69fcf61b0&gt;: Failed to establish a new connection: [Errno 111] Connection refused')': /session</msg>
<msg time="2025-03-26T10:14:11.212982" level="WARN">Retrying (Retry(total=0, connect=None, read=None, redirect=None, status=None)) after connection broken by 'NewConnectionError('&lt;urllib3.connection.HTTPConnection object at 0x7ff69fcf6660&gt;: Failed to establish a new connection: [Errno 111] Connection refused')': /session</msg>
<msg time="2025-03-26T10:14:11.214090" level="FAIL">MaxRetryError: HTTPConnectionPool(host='localhost', port=4723): Max retries exceeded with url: /session (Caused by NewConnectionError('&lt;urllib3.connection.HTTPConnection object at 0x7ff69fcf6a50&gt;: Failed to establish a new connection: [Errno 111] Connection refused'))</msg>
<var>${driver}</var>
<arg>${Device}</arg>
<doc>Initialise et retourne le driver Appium.</doc>
<status status="FAIL" start="2025-03-26T10:14:11.211235" elapsed="0.006002">MaxRetryError: HTTPConnectionPool(host='localhost', port=4723): Max retries exceeded with url: /session (Caused by NewConnectionError('&lt;urllib3.connection.HTTPConnection object at 0x7ff69fcf6a50&gt;: Failed to establish a new connection: [Errno 111] Connection refused'))</status>
</kw>
<kw name="Get System Language" owner="Integration">
<var>${lang}</var>
<arg>${Device}</arg>
<status status="NOT RUN" start="2025-03-26T10:14:11.217399" elapsed="0.000024"/>
</kw>
<if>
<branch type="IF" condition="'${lang}' == 'fr'">
<kw name="Set Variable" owner="BuiltIn">
<var>${System}</var>
<arg>Système</arg>
<doc>Returns the given values which can then be assigned to a variables.</doc>
<status status="NOT RUN" start="2025-03-26T10:14:11.217575" elapsed="0.000014"/>
</kw>
<kw name="Set Variable" owner="BuiltIn">
<var>${Setting}</var>
<arg>Paramètres</arg>
<doc>Returns the given values which can then be assigned to a variables.</doc>
<status status="NOT RUN" start="2025-03-26T10:14:11.217648" elapsed="0.000011"/>
</kw>
<kw name="Set Variable" owner="BuiltIn">
<var>${Profils}</var>
<arg>Profils et comptes</arg>
<doc>Returns the given values which can then be assigned to a variables.</doc>
<status status="NOT RUN" start="2025-03-26T10:14:11.217718" elapsed="0.000013"/>
</kw>
<kw name="Set Variable" owner="BuiltIn">
<var>${Ajouter}</var>
<arg>Ajouter un profil</arg>
<doc>Returns the given values which can then be assigned to a variables.</doc>
<status status="NOT RUN" start="2025-03-26T10:14:11.217785" elapsed="0.000014"/>
</kw>
<kw name="Set Variable" owner="BuiltIn">
<var>${Ok}</var>
<arg>OK</arg>
<doc>Returns the given values which can then be assigned to a variables.</doc>
<status status="NOT RUN" start="2025-03-26T10:14:11.217869" elapsed="0.000013"/>
</kw>
<status status="NOT RUN" start="2025-03-26T10:14:11.217491" elapsed="0.000410"/>
</branch>
<branch type="ELSE">
<kw name="Set Variable" owner="BuiltIn">
<var>${System}</var>
<arg>System</arg>
<doc>Returns the given values which can then be assigned to a variables.</doc>
<status status="NOT RUN" start="2025-03-26T10:14:11.217981" elapsed="0.000011"/>
</kw>
<kw name="Set Variable" owner="BuiltIn">
<var>${Setting}</var>
<arg>Settings</arg>
<doc>Returns the given values which can then be assigned to a variables.</doc>
<status status="NOT RUN" start="2025-03-26T10:14:11.218062" elapsed="0.000013"/>
</kw>
<kw name="Set Variable" owner="BuiltIn">
<var>${Profils}</var>
<arg>Profils et comptes</arg>
<doc>Returns the given values which can then be assigned to a variables.</doc>
<status status="NOT RUN" start="2025-03-26T10:14:11.218128" elapsed="0.000010"/>
</kw>
<kw name="Set Variable" owner="BuiltIn">
<var>${Ajouter}</var>
<arg>Add Profile</arg>
<doc>Returns the given values which can then be assigned to a variables.</doc>
<status status="NOT RUN" start="2025-03-26T10:14:11.218188" elapsed="0.000010"/>
</kw>
<kw name="Set Variable" owner="BuiltIn">
<var>${Ok}</var>
<arg>OK</arg>
<doc>Returns the given values which can then be assigned to a variables.</doc>
<status status="NOT RUN" start="2025-03-26T10:14:11.218246" elapsed="0.000010"/>
</kw>
<status status="NOT RUN" start="2025-03-26T10:14:11.217923" elapsed="0.000351"/>
</branch>
<status status="NOT RUN" start="2025-03-26T10:14:11.217472" elapsed="0.000816"/>
</if>
<kw name="Get Android Users" owner="Integration">
<var>${old_users}</var>
<arg>${driver}</arg>
<doc>Récupère la liste des utilisateurs Android via ADB.</doc>
<status status="NOT RUN" start="2025-03-26T10:14:11.218349" elapsed="0.000011"/>
</kw>
<kw name="Revenir A La Home Page" owner="Integration">
<arg>${driver}</arg>
<status status="NOT RUN" start="2025-03-26T10:14:11.218413" elapsed="0.000011"/>
</kw>
<kw name="Open Application With Click" owner="Integration">
<var>${resultat}</var>
<arg>${driver}</arg>
<arg>${Setting}</arg>
<status status="NOT RUN" start="2025-03-26T10:14:11.218472" elapsed="0.000010"/>
</kw>
<kw name="Sleep" owner="BuiltIn">
<arg>1s</arg>
<doc>Pauses the test executed for the given time.</doc>
<status status="NOT RUN" start="2025-03-26T10:14:11.218535" elapsed="0.000011"/>
</kw>
<kw name="Check Element Exists By Id" owner="Integration">
<var>${Verfier}</var>
<arg>${driver}</arg>
<arg>${Setting_xpath_id}</arg>
<doc>Vérifie si un élément existe en utilisant son ID.</doc>
<status status="NOT RUN" start="2025-03-26T10:14:11.218597" elapsed="0.000011"/>
</kw>
<kw name="Run Keyword And Continue On Failure" owner="BuiltIn">
<arg>Should Be True</arg>
<arg>${Verfier}</arg>
<arg>Setting n'est pas affiché.</arg>
<doc>Runs the keyword and continues execution even if a failure occurs.</doc>
<status status="NOT RUN" start="2025-03-26T10:14:11.218671" elapsed="0.000012"/>
</kw>
<kw name="Run Keyword And Continue On Failure" owner="BuiltIn">
<arg>Clique Sur Setting</arg>
<arg>${driver}</arg>
<arg>${Profils}</arg>
<arg>${Setting_menu}</arg>
<doc>Runs the keyword and continues execution even if a failure occurs.</doc>
<status status="NOT RUN" start="2025-03-26T10:14:11.218745" elapsed="0.000011"/>
</kw>
<status status="FAIL" start="2025-03-26T10:14:11.210977" elapsed="0.007953">MaxRetryError: HTTPConnectionPool(host='localhost', port=4723): Max retries exceeded with url: /session (Caused by NewConnectionError('&lt;urllib3.connection.HTTPConnection object at 0x7ff69fcf6a50&gt;: Failed to establish a new connection: [Errno 111] Connection refused'))</status>
</test>
<status status="FAIL" start="2025-03-26T10:14:11.049731" elapsed="0.169615"/>
</suite>
<statistics>
<total>
<stat pass="0" fail="2" skip="0">All Tests</stat>
</total>
<tag>
</tag>
<suite>
<stat name="FonctionnaliteProfilsConducteurs" id="s1" pass="0" fail="2" skip="0">FonctionnaliteProfilsConducteurs</stat>
</suite>
</statistics>
<errors>
<msg time="2025-03-26T10:14:11.199198" level="WARN">Retrying (Retry(total=2, connect=None, read=None, redirect=None, status=None)) after connection broken by 'NewConnectionError('&lt;urllib3.connection.HTTPConnection object at 0x7ff69fdd26f0&gt;: Failed to establish a new connection: [Errno 111] Connection refused')': /session</msg>
<msg time="2025-03-26T10:14:11.199675" level="WARN">Retrying (Retry(total=1, connect=None, read=None, redirect=None, status=None)) after connection broken by 'NewConnectionError('&lt;urllib3.connection.HTTPConnection object at 0x7ff69fe3a540&gt;: Failed to establish a new connection: [Errno 111] Connection refused')': /session</msg>
<msg time="2025-03-26T10:14:11.200161" level="WARN">Retrying (Retry(total=0, connect=None, read=None, redirect=None, status=None)) after connection broken by 'NewConnectionError('&lt;urllib3.connection.HTTPConnection object at 0x7ff69fcb2cf0&gt;: Failed to establish a new connection: [Errno 111] Connection refused')': /session</msg>
<msg time="2025-03-26T10:14:11.212269" level="WARN">Retrying (Retry(total=2, connect=None, read=None, redirect=None, status=None)) after connection broken by 'NewConnectionError('&lt;urllib3.connection.HTTPConnection object at 0x7ff69fcf5d30&gt;: Failed to establish a new connection: [Errno 111] Connection refused')': /session</msg>
<msg time="2025-03-26T10:14:11.212651" level="WARN">Retrying (Retry(total=1, connect=None, read=None, redirect=None, status=None)) after connection broken by 'NewConnectionError('&lt;urllib3.connection.HTTPConnection object at 0x7ff69fcf61b0&gt;: Failed to establish a new connection: [Errno 111] Connection refused')': /session</msg>
<msg time="2025-03-26T10:14:11.212982" level="WARN">Retrying (Retry(total=0, connect=None, read=None, redirect=None, status=None)) after connection broken by 'NewConnectionError('&lt;urllib3.connection.HTTPConnection object at 0x7ff69fcf6660&gt;: Failed to establish a new connection: [Errno 111] Connection refused')': /session</msg>
</errors>
</robot>
