<?xml version="1.0" encoding="UTF-8"?>
<robot generator="Robot 7.2.2 (Python 3.12.5 on win32)" generated="2025-06-09T08:35:06.209484" rpa="false" schemaversion="5">
<suite id="s1" name="MisesAJourAndReseau" source="C:\Users\bahae\Documents\PfeProject\test_cases\MisesAJourAndReseau.robot">
<kw name="Démarrer Driver" type="SETUP">
<kw name="Setup Driver" owner="Integration">
<msg time="2025-06-09T08:35:13.849629" level="INFO">${driver} = &lt;appium.webdriver.webdriver.WebDriver (session="cdacf994-da4d-4a8b-9cbe-86841a44e424")&gt;</msg>
<var>${driver}</var>
<arg>${Device}</arg>
<doc>Initialise et retourne le driver Appium.</doc>
<status status="PASS" start="2025-06-09T08:35:09.021489" elapsed="4.828140"/>
</kw>
<kw name="Set Suite Variable" owner="BuiltIn">
<msg time="2025-06-09T08:35:13.849629" level="INFO">${driver} = &lt;appium.webdriver.webdriver.WebDriver (session="cdacf994-da4d-4a8b-9cbe-86841a44e424")&gt;</msg>
<arg>${driver}</arg>
<doc>Makes a variable available everywhere within the scope of the current suite.</doc>
<status status="PASS" start="2025-06-09T08:35:13.849629" elapsed="0.000000"/>
</kw>
<status status="PASS" start="2025-06-09T08:35:09.020488" elapsed="4.829141"/>
</kw>
<test id="s1-t1" name="Test Verfier Mise A Jour System" line="92">
<kw name="Execute Test With Retry">
<kw name="Set Variable" owner="BuiltIn">
<msg time="2025-06-09T08:35:13.850628" level="INFO">${attempt} = 1</msg>
<var>${attempt}</var>
<arg>1</arg>
<doc>Returns the given values which can then be assigned to a variables.</doc>
<status status="PASS" start="2025-06-09T08:35:13.850628" elapsed="0.000000"/>
</kw>
<kw name="Set Variable" owner="BuiltIn">
<msg time="2025-06-09T08:35:13.850628" level="INFO">${test_status} = False</msg>
<var>${test_status}</var>
<arg>${FALSE}</arg>
<doc>Returns the given values which can then be assigned to a variables.</doc>
<status status="PASS" start="2025-06-09T08:35:13.850628" elapsed="0.000000"/>
</kw>
<for flavor="IN RANGE">
<iter>
<kw name="Run Keyword And Return Status" owner="BuiltIn">
<kw name="Vérifier Mise A Jour System">
<kw name="Initialize Language Settings">
<kw name="Get System Language" owner="Integration">
<msg time="2025-06-09T08:35:13.906252" level="INFO">${lang} = fr</msg>
<var>${lang}</var>
<arg>${Device}</arg>
<status status="PASS" start="2025-06-09T08:35:13.851628" elapsed="0.054624"/>
</kw>
<kw name="Set Variable If" owner="BuiltIn">
<msg time="2025-06-09T08:35:13.906252" level="INFO">${lang_dict} = {'System': 'Système', 'Setting': 'Paramètres', 'System_update': 'Mise à jour du système', 'System_update_check': 'Rechercher les mises à jour'}</msg>
<var>${lang_dict}</var>
<arg>'${lang}' == 'fr'</arg>
<arg>${LANG_FR}</arg>
<arg>${LANG_EN}</arg>
<doc>Sets variable based on the given condition.</doc>
<status status="PASS" start="2025-06-09T08:35:13.906252" elapsed="0.000000"/>
</kw>
<kw name="Set Suite Variable" owner="BuiltIn">
<msg time="2025-06-09T08:35:13.906252" level="INFO">${LANG_DICT} = {'System': 'Système', 'Setting': 'Paramètres', 'System_update': 'Mise à jour du système', 'System_update_check': 'Rechercher les mises à jour'}</msg>
<arg>${LANG_DICT}</arg>
<arg>${lang_dict}</arg>
<doc>Makes a variable available everywhere within the scope of the current suite.</doc>
<status status="PASS" start="2025-06-09T08:35:13.906252" elapsed="0.001000"/>
</kw>
<status status="PASS" start="2025-06-09T08:35:13.851628" elapsed="0.055624"/>
</kw>
<kw name="Aller Dans Paramètres">
<kw name="Get Localized Text">
<return>
<value>${LANG_DICT.${key}}</value>
<status status="PASS" start="2025-06-09T08:35:13.907252" elapsed="0.000000"/>
</return>
<msg time="2025-06-09T08:35:13.908252" level="INFO">${setting} = Paramètres</msg>
<var>${setting}</var>
<arg>Setting</arg>
<status status="PASS" start="2025-06-09T08:35:13.907252" elapsed="0.001000"/>
</kw>
<kw name="Open Application With Click" owner="Integration">
<msg time="2025-06-09T08:35:34.212516" level="INFO">📌 Liste des applications détectées : ['Agenda', 'Appium Settings', 'ARD Audiothek', 'Audio Bluetooth', 'Crunchyroll', 'Enregistreur vocal', 'Google Assistant', 'Google\xa0Actualités', 'Home Assistant', 'Local Media Player', 'Google\xa0Maps', 'Paramètres', 'Play\xa0Store', 'Prime Video', 'SMS']
📌 First Home Page détectée : ['Agenda', 'Appium Settings', 'ARD Audiothek', 'Audio Bluetooth', 'Crunchyroll', 'Enregistreur vocal', 'Google Assistant', 'Google\xa0Actualités', 'Home Assistant', 'Local Media Player', 'Google\xa0Maps', 'Paramètres', 'Play\xa0Store', 'Prime Video', 'SMS']

📌 Liste des applications détectées : ['Agenda', 'Appium Settings', 'ARD Audiothek', 'Audio Bluetooth', 'Crunchyroll', 'Enregistreur vocal', 'Google Assistant', 'Google\xa0Actualités', 'Home Assistant', 'Local Media Player', 'Google\xa0Maps', 'Paramètres', 'Play\xa0Store', 'Prime Video', 'SMS']
✅ Retour à la first home page !

📌 Liste des applications détectées : ['Agenda', 'Appium Settings', 'ARD Audiothek', 'Audio Bluetooth', 'Crunchyroll', 'Enregistreur vocal', 'Google Assistant', 'Google\xa0Actualités', 'Home Assistant', 'Local Media Player', 'Google\xa0Maps', 'Paramètres', 'Play\xa0Store', 'Prime Video', 'SMS']
378 619 522 657</msg>
<arg>${driver}</arg>
<arg>${setting}</arg>
<status status="PASS" start="2025-06-09T08:35:13.908252" elapsed="20.304264"/>
</kw>
<kw name="Clique Sur Setting" owner="Integration">
<msg time="2025-06-09T08:35:36.359866" level="INFO">❌ Erreur : Impossible de récupérer les bounds pour 'com.android.car.settings:id/top_level_menu' -&gt; Message: An element could not be located on the page using the given search parameters.; For documentation on this error, please visit: https://www.selenium.dev/documentation/webdriver/troubleshooting/errors#no-such-element-exception
Stacktrace:
NoSuchElementError: An element could not be located on the page using the given search parameters.
    at AndroidUiautomator2Driver.findElOrEls (C:\Users\bahae\.appium\node_modules\appium-uiautomator2-driver\node_modules\appium-android-driver\lib\commands\find.ts:86:11)
    at processTicksAndRejections (node:internal/process/task_queues:95:5)
    at AndroidUiautomator2Driver.findElOrElsWithProcessing (C:\Users\bahae\AppData\Roaming\npm\node_modules\appium\node_modules\@appium\base-driver\lib\basedriver\commands\find.ts:60:12)
    at AndroidUiautomator2Driver.findElement (C:\Users\bahae\AppData\Roaming\npm\node_modules\appium\node_modules\@appium\base-driver\lib\basedriver\commands\find.ts:75:12)
(0, 0, 0, 0)</msg>
<msg time="2025-06-09T08:35:36.360865" level="FAIL">InvalidElementStateException: Message: Unable to perform W3C actions. Check the logcat output for possible error reports and make sure your input actions chain is valid.
Stacktrace:
io.appium.uiautomator2.common.exceptions.InvalidElementStateException: Unable to perform W3C actions. Check the logcat output for possible error reports and make sure your input actions chain is valid.
	at io.appium.uiautomator2.handler.W3CActions.safeHandle(W3CActions.java:82)
	at io.appium.uiautomator2.handler.request.SafeRequestHandler.handle(SafeRequestHandler.java:59)
	at io.appium.uiautomator2.server.AppiumServlet.handleRequest(AppiumServlet.java:259)
	at io.appium.uiautomator2.server.AppiumServlet.handleHttpRequest(AppiumServlet.java:253)
	at io.appium.uiautomator2.http.ServerHandler.channelRead(ServerHandler.java:77)
	at io.netty.channel.AbstractChannelHandlerContext.invokeChannelRead(AbstractChannelHandlerContext.java:366)
	at io.netty.channel.AbstractChannelHandlerContext.invokeChannelRead(AbstractChannelHandlerContext.java:352)
	at io.netty.channel.AbstractChannelHandlerContext.fireChannelRead(AbstractChannelHandlerContext.java:345)
	at io.netty.handler.codec.MessageToMessageDecoder.channelRead(MessageToMessageDecoder.java:102)
	at io.netty.channel.AbstractChannelHandlerContext.invokeChannelRead(AbstractChannelHandlerContext.java:366)
	at io.netty.channel.AbstractChannelHandlerContext.invokeChannelRead(AbstractChannelHandlerContext.java:352)
	at io.netty.channel.AbstractChannelHandlerContext.fireChannelRead(AbstractChannelHandlerContext.java:345)
	at io.netty.channel.CombinedChannelDuplexHandler$DelegatingChannelHandlerContext.fireChannelRead(CombinedChannelDuplexHandler.java:435)
	at io.netty.handler.codec.ByteToMessageDecoder.fireChannelRead(ByteToMessageDecoder.java:293)
	at io.netty.handler.codec.ByteToMessageDecoder.channelRead(ByteToMessageDecoder.java:267)
	at io.netty.channel.CombinedChannelDuplexHandler.channelRead(CombinedChannelDuplexHandler.java:250)
	at io.netty.channel.AbstractChannelHandlerContext.invokeChannelRead(AbstractChannelHandlerContext.java:366)
	at io.netty.channel.AbstractChannelHandlerContext.invokeChannelRead(AbstractChannelHandlerContext.java:352)
	at io.netty.channel.AbstractChannelHandlerContext.fireChannelRead(AbstractChannelHandlerContext.java:345)
	at io.netty.handler.timeout.IdleStateHandler.channelRead(IdleStateHandler.java:266)
	at io.netty.channel.AbstractChannelHandlerContext.invokeChannelRead(AbstractChannelHandlerContext.java:366)
	at io.netty.channel.AbstractChannelHandlerContext.invokeChannelRead(AbstractChannelHandlerContext.java:352)
	at io.netty.channel.AbstractChannelHandlerContext.fireChannelRead(AbstractChannelHandlerContext.java:345)
	at io.netty.channel.DefaultChannelPipeline$HeadContext.channelRead(DefaultChannelPipeline.java:1294)
	at io.netty.channel.AbstractChannelHandlerContext.invokeChannelRead(AbstractChannelHandlerContext.java:366)
	at io.netty.channel.AbstractChannelHandlerContext.invokeChannelRead(AbstractChannelHandlerContext.java:352)
	at io.netty.channel.DefaultChannelPipeline.fireChannelRead(DefaultChannelPipeline.java:911)
	at io.netty.channel.nio.AbstractNioByteChannel$NioByteUnsafe.read(AbstractNioByteChannel.java:131)
	at io.netty.channel.nio.NioEventLoop.processSelectedKey(NioEventLoop.java:611)
	at io.netty.channel.nio.NioEventLoop.processSelectedKeysOptimized(NioEventLoop.java:552)
	at io.netty.channel.nio.NioEventLoop.processSelectedKeys(NioEventLoop.java:466)
	at io.netty.channel.nio.NioEventLoop.run(NioEventLoop.java:438)
	at io.netty.util.concurrent.SingleThreadEventExecutor$2.run(SingleThreadEventExecutor.java:140)
	at io.netty.util.concurrent.DefaultThreadFactory$DefaultRunnableDecorator.run(DefaultThreadFactory.java:144)
	at java.lang.Thread.run(Thread.java:1012)
</msg>
<arg>${driver}</arg>
<arg>${System}</arg>
<arg>${Setting_menu}</arg>
<status status="FAIL" start="2025-06-09T08:35:34.212516" elapsed="2.150349">InvalidElementStateException: Message: Unable to perform W3C actions. Check the logcat output for possible error reports and make sure your input actions chain is valid.
Stacktrace:
io.appium.uiautomator2.common.exceptions.InvalidElementStateException: Unable to perform W3C actions. Check the logcat output for possible error reports and make sure your input actions chain is valid.
	at io.appium.uiautomator2.handler.W3CActions.safeHandle(W3CActions.java:82)
	at io.appium.uiautomator2.handler.request.SafeRequestHandler.handle(SafeRequestHandler.java:59)
	at io.appium.uiautomator2.server.AppiumServlet.handleRequest(AppiumServlet.java:259)
	at io.appium.uiautomator2.server.AppiumServlet.handleHttpRequest(AppiumServlet.java:253)
	at io.appium.uiautomator2.http.ServerHandler.channelRead(ServerHandler.java:77)
	at io.netty.channel.AbstractChannelHandlerContext.invokeChannelRead(AbstractChannelHandlerContext.java:366)
	at io.netty.channel.AbstractChannelHandlerContext.invokeChannelRead(AbstractChannelHandlerContext.java:352)
    [ Message content over the limit has been removed. ]
	at io.netty.channel.AbstractChannelHandlerContext.invokeChannelRead(AbstractChannelHandlerContext.java:366)
	at io.netty.channel.AbstractChannelHandlerContext.invokeChannelRead(AbstractChannelHandlerContext.java:352)
	at io.netty.channel.DefaultChannelPipeline.fireChannelRead(DefaultChannelPipeline.java:911)
	at io.netty.channel.nio.AbstractNioByteChannel$NioByteUnsafe.read(AbstractNioByteChannel.java:131)
	at io.netty.channel.nio.NioEventLoop.processSelectedKey(NioEventLoop.java:611)
	at io.netty.channel.nio.NioEventLoop.processSelectedKeysOptimized(NioEventLoop.java:552)
	at io.netty.channel.nio.NioEventLoop.processSelectedKeys(NioEventLoop.java:466)
	at io.netty.channel.nio.NioEventLoop.run(NioEventLoop.java:438)
	at io.netty.util.concurrent.SingleThreadEventExecutor$2.run(SingleThreadEventExecutor.java:140)
	at io.netty.util.concurrent.DefaultThreadFactory$DefaultRunnableDecorator.run(DefaultThreadFactory.java:144)
	at java.lang.Thread.run(Thread.java:1012)</status>
</kw>
<status status="FAIL" start="2025-06-09T08:35:13.907252" elapsed="22.455613">InvalidElementStateException: Message: Unable to perform W3C actions. Check the logcat output for possible error reports and make sure your input actions chain is valid.
Stacktrace:
io.appium.uiautomator2.common.exceptions.InvalidElementStateException: Unable to perform W3C actions. Check the logcat output for possible error reports and make sure your input actions chain is valid.
	at io.appium.uiautomator2.handler.W3CActions.safeHandle(W3CActions.java:82)
	at io.appium.uiautomator2.handler.request.SafeRequestHandler.handle(SafeRequestHandler.java:59)
	at io.appium.uiautomator2.server.AppiumServlet.handleRequest(AppiumServlet.java:259)
	at io.appium.uiautomator2.server.AppiumServlet.handleHttpRequest(AppiumServlet.java:253)
	at io.appium.uiautomator2.http.ServerHandler.channelRead(ServerHandler.java:77)
	at io.netty.channel.AbstractChannelHandlerContext.invokeChannelRead(AbstractChannelHandlerContext.java:366)
	at io.netty.channel.AbstractChannelHandlerContext.invokeChannelRead(AbstractChannelHandlerContext.java:352)
    [ Message content over the limit has been removed. ]
	at io.netty.channel.AbstractChannelHandlerContext.invokeChannelRead(AbstractChannelHandlerContext.java:366)
	at io.netty.channel.AbstractChannelHandlerContext.invokeChannelRead(AbstractChannelHandlerContext.java:352)
	at io.netty.channel.DefaultChannelPipeline.fireChannelRead(DefaultChannelPipeline.java:911)
	at io.netty.channel.nio.AbstractNioByteChannel$NioByteUnsafe.read(AbstractNioByteChannel.java:131)
	at io.netty.channel.nio.NioEventLoop.processSelectedKey(NioEventLoop.java:611)
	at io.netty.channel.nio.NioEventLoop.processSelectedKeysOptimized(NioEventLoop.java:552)
	at io.netty.channel.nio.NioEventLoop.processSelectedKeys(NioEventLoop.java:466)
	at io.netty.channel.nio.NioEventLoop.run(NioEventLoop.java:438)
	at io.netty.util.concurrent.SingleThreadEventExecutor$2.run(SingleThreadEventExecutor.java:140)
	at io.netty.util.concurrent.DefaultThreadFactory$DefaultRunnableDecorator.run(DefaultThreadFactory.java:144)
	at java.lang.Thread.run(Thread.java:1012)</status>
</kw>
<kw name="Aller Dans Mise A Jour">
<status status="NOT RUN" start="2025-06-09T08:35:36.362865" elapsed="0.000000"/>
</kw>
<kw name="Lancer Recherche Mise A Jour">
<status status="NOT RUN" start="2025-06-09T08:35:36.362865" elapsed="0.000000"/>
</kw>
<status status="FAIL" start="2025-06-09T08:35:13.851628" elapsed="22.511237">InvalidElementStateException: Message: Unable to perform W3C actions. Check the logcat output for possible error reports and make sure your input actions chain is valid.
Stacktrace:
io.appium.uiautomator2.common.exceptions.InvalidElementStateException: Unable to perform W3C actions. Check the logcat output for possible error reports and make sure your input actions chain is valid.
	at io.appium.uiautomator2.handler.W3CActions.safeHandle(W3CActions.java:82)
	at io.appium.uiautomator2.handler.request.SafeRequestHandler.handle(SafeRequestHandler.java:59)
	at io.appium.uiautomator2.server.AppiumServlet.handleRequest(AppiumServlet.java:259)
	at io.appium.uiautomator2.server.AppiumServlet.handleHttpRequest(AppiumServlet.java:253)
	at io.appium.uiautomator2.http.ServerHandler.channelRead(ServerHandler.java:77)
	at io.netty.channel.AbstractChannelHandlerContext.invokeChannelRead(AbstractChannelHandlerContext.java:366)
	at io.netty.channel.AbstractChannelHandlerContext.invokeChannelRead(AbstractChannelHandlerContext.java:352)
    [ Message content over the limit has been removed. ]
	at io.netty.channel.AbstractChannelHandlerContext.invokeChannelRead(AbstractChannelHandlerContext.java:366)
	at io.netty.channel.AbstractChannelHandlerContext.invokeChannelRead(AbstractChannelHandlerContext.java:352)
	at io.netty.channel.DefaultChannelPipeline.fireChannelRead(DefaultChannelPipeline.java:911)
	at io.netty.channel.nio.AbstractNioByteChannel$NioByteUnsafe.read(AbstractNioByteChannel.java:131)
	at io.netty.channel.nio.NioEventLoop.processSelectedKey(NioEventLoop.java:611)
	at io.netty.channel.nio.NioEventLoop.processSelectedKeysOptimized(NioEventLoop.java:552)
	at io.netty.channel.nio.NioEventLoop.processSelectedKeys(NioEventLoop.java:466)
	at io.netty.channel.nio.NioEventLoop.run(NioEventLoop.java:438)
	at io.netty.util.concurrent.SingleThreadEventExecutor$2.run(SingleThreadEventExecutor.java:140)
	at io.netty.util.concurrent.DefaultThreadFactory$DefaultRunnableDecorator.run(DefaultThreadFactory.java:144)
	at java.lang.Thread.run(Thread.java:1012)</status>
</kw>
<msg time="2025-06-09T08:35:36.363867" level="INFO">${test_status} = False</msg>
<var>${test_status}</var>
<arg>${test_keyword}</arg>
<doc>Runs the given keyword with given arguments and returns the status as a Boolean value.</doc>
<status status="PASS" start="2025-06-09T08:35:13.851628" elapsed="22.512239"/>
</kw>
<if>
<branch type="IF" condition="${test_status}">
<kw name="Log" owner="BuiltIn">
<arg>Test ${test_name} réussi</arg>
<doc>Logs the given message with the given level.</doc>
<status status="NOT RUN" start="2025-06-09T08:35:36.363867" elapsed="0.000000"/>
</kw>
<kw name="Exit For Loop" owner="BuiltIn">
<doc>Stops executing the enclosing FOR loop.</doc>
<status status="NOT RUN" start="2025-06-09T08:35:36.363867" elapsed="0.000000"/>
</kw>
<status status="NOT RUN" start="2025-06-09T08:35:36.363867" elapsed="0.000000"/>
</branch>
<branch type="ELSE">
<kw name="Evaluate" owner="BuiltIn">
<msg time="2025-06-09T08:35:36.363867" level="INFO">${attempt} = 2</msg>
<var>${attempt}</var>
<arg>${attempt} + 1</arg>
<doc>Evaluates the given expression in Python and returns the result.</doc>
<status status="PASS" start="2025-06-09T08:35:36.363867" elapsed="0.000000"/>
</kw>
<if>
<branch type="IF" condition="${attempt} &lt;= ${MAX_RETRIES}">
<kw name="Log" owner="BuiltIn">
<msg time="2025-06-09T08:35:36.364864" level="INFO">Test Test Verfier Mise A Jour System échoué - Tentative 2/3</msg>
<arg>Test ${test_name} échoué - Tentative ${attempt}/${MAX_RETRIES}</arg>
<doc>Logs the given message with the given level.</doc>
<status status="PASS" start="2025-06-09T08:35:36.363867" elapsed="0.000997"/>
</kw>
<kw name="Sleep" owner="BuiltIn">
<msg time="2025-06-09T08:35:38.366275" level="INFO">Slept 2 seconds.</msg>
<arg>${RETRY_DELAY}</arg>
<doc>Pauses the test executed for the given time.</doc>
<status status="PASS" start="2025-06-09T08:35:36.364864" elapsed="2.001411"/>
</kw>
<status status="PASS" start="2025-06-09T08:35:36.363867" elapsed="2.002408"/>
</branch>
<status status="PASS" start="2025-06-09T08:35:36.363867" elapsed="2.002408"/>
</if>
<status status="PASS" start="2025-06-09T08:35:36.363867" elapsed="2.002408"/>
</branch>
<status status="PASS" start="2025-06-09T08:35:36.363867" elapsed="2.002408"/>
</if>
<var name="${index}">0</var>
<status status="PASS" start="2025-06-09T08:35:13.850628" elapsed="24.515647"/>
</iter>
<iter>
<kw name="Run Keyword And Return Status" owner="BuiltIn">
<kw name="Vérifier Mise A Jour System">
<kw name="Initialize Language Settings">
<kw name="Get System Language" owner="Integration">
<msg time="2025-06-09T08:35:38.446931" level="INFO">${lang} = fr</msg>
<var>${lang}</var>
<arg>${Device}</arg>
<status status="PASS" start="2025-06-09T08:35:38.367275" elapsed="0.079656"/>
</kw>
<kw name="Set Variable If" owner="BuiltIn">
<msg time="2025-06-09T08:35:38.446931" level="INFO">${lang_dict} = {'System': 'Système', 'Setting': 'Paramètres', 'System_update': 'Mise à jour du système', 'System_update_check': 'Rechercher les mises à jour'}</msg>
<var>${lang_dict}</var>
<arg>'${lang}' == 'fr'</arg>
<arg>${LANG_FR}</arg>
<arg>${LANG_EN}</arg>
<doc>Sets variable based on the given condition.</doc>
<status status="PASS" start="2025-06-09T08:35:38.446931" elapsed="0.000000"/>
</kw>
<kw name="Set Suite Variable" owner="BuiltIn">
<msg time="2025-06-09T08:35:38.446931" level="INFO">${LANG_DICT} = {'System': 'Système', 'Setting': 'Paramètres', 'System_update': 'Mise à jour du système', 'System_update_check': 'Rechercher les mises à jour'}</msg>
<arg>${LANG_DICT}</arg>
<arg>${lang_dict}</arg>
<doc>Makes a variable available everywhere within the scope of the current suite.</doc>
<status status="PASS" start="2025-06-09T08:35:38.446931" elapsed="0.000000"/>
</kw>
<status status="PASS" start="2025-06-09T08:35:38.367275" elapsed="0.079656"/>
</kw>
<kw name="Aller Dans Paramètres">
<kw name="Get Localized Text">
<return>
<value>${LANG_DICT.${key}}</value>
<status status="PASS" start="2025-06-09T08:35:38.447932" elapsed="0.000000"/>
</return>
<msg time="2025-06-09T08:35:38.447932" level="INFO">${setting} = Paramètres</msg>
<var>${setting}</var>
<arg>Setting</arg>
<status status="PASS" start="2025-06-09T08:35:38.447932" elapsed="0.000000"/>
</kw>
<kw name="Open Application With Click" owner="Integration">
<msg time="2025-06-09T08:35:57.055804" level="INFO">📌 Liste des applications détectées : ['Agenda', 'Appium Settings', 'ARD Audiothek', 'Audio Bluetooth', 'Crunchyroll', 'Enregistreur vocal', 'Google Assistant', 'Google\xa0Actualités', 'Home Assistant', 'Local Media Player', 'Google\xa0Maps', 'Paramètres', 'Play\xa0Store', 'Prime Video', 'SMS']
📌 First Home Page détectée : ['Agenda', 'Appium Settings', 'ARD Audiothek', 'Audio Bluetooth', 'Crunchyroll', 'Enregistreur vocal', 'Google Assistant', 'Google\xa0Actualités', 'Home Assistant', 'Local Media Player', 'Google\xa0Maps', 'Paramètres', 'Play\xa0Store', 'Prime Video', 'SMS']

📌 Liste des applications détectées : ['Agenda', 'Appium Settings', 'ARD Audiothek', 'Audio Bluetooth', 'Crunchyroll', 'Enregistreur vocal', 'Google Assistant', 'Google\xa0Actualités', 'Home Assistant', 'Local Media Player', 'Google\xa0Maps', 'Paramètres', 'Play\xa0Store', 'Prime Video', 'SMS']
✅ Retour à la first home page !

📌 Liste des applications détectées : ['Agenda', 'Appium Settings', 'ARD Audiothek', 'Audio Bluetooth', 'Crunchyroll', 'Enregistreur vocal', 'Google Assistant', 'Google\xa0Actualités', 'Home Assistant', 'Local Media Player', 'Google\xa0Maps', 'Paramètres', 'Play\xa0Store', 'Prime Video', 'SMS']
378 619 522 657</msg>
<arg>${driver}</arg>
<arg>${setting}</arg>
<status status="PASS" start="2025-06-09T08:35:38.448932" elapsed="18.606872"/>
</kw>
<kw name="Clique Sur Setting" owner="Integration">
<msg time="2025-06-09T08:36:07.450975" level="INFO">(0, 76, 550, 696)
🔽 Swipe vers le bas #1
🔽 Swipe vers le bas #2
🛑 Plus de nouveaux éléments en bas. Fin de balayage.
🔼 Swipe vers le haut #1
🔼 Swipe vers le haut #2
🔼 Swipe vers le haut #3
🛑 Aucun nouvel élément en haut. Fin de balayage.
❌ 'System' introuvable après balayage complet.</msg>
<arg>${driver}</arg>
<arg>${System}</arg>
<arg>${Setting_menu}</arg>
<status status="PASS" start="2025-06-09T08:35:57.055804" elapsed="10.397171"/>
</kw>
<status status="PASS" start="2025-06-09T08:35:38.447932" elapsed="29.005043"/>
</kw>
<kw name="Aller Dans Mise A Jour">
<kw name="Get Localized Text">
<return>
<value>${LANG_DICT.${key}}</value>
<status status="PASS" start="2025-06-09T08:36:07.452975" elapsed="0.000000"/>
</return>
<msg time="2025-06-09T08:36:07.453991" level="INFO">${system} = Système</msg>
<var>${system}</var>
<arg>System</arg>
<status status="PASS" start="2025-06-09T08:36:07.452975" elapsed="0.001016"/>
</kw>
<kw name="Clique Sur Setting" owner="Integration">
<msg time="2025-06-09T08:36:08.690056" level="INFO">(0, 76, 550, 696)
✅ 'Système' trouvé sans swipe. Appui en cours...</msg>
<arg>${driver}</arg>
<arg>${system}</arg>
<arg>${Setting_menu}</arg>
<status status="PASS" start="2025-06-09T08:36:07.453991" elapsed="1.236065"/>
</kw>
<kw name="Get Localized Text">
<return>
<value>${LANG_DICT.${key}}</value>
<status status="PASS" start="2025-06-09T08:36:08.690056" elapsed="0.000000"/>
</return>
<msg time="2025-06-09T08:36:08.691056" level="INFO">${system_update} = Mise à jour du système</msg>
<var>${system_update}</var>
<arg>System_update</arg>
<status status="PASS" start="2025-06-09T08:36:08.690056" elapsed="0.001000"/>
</kw>
<kw name="Clique Sur Setting Include" owner="Integration">
<msg time="2025-06-09T08:36:56.719885" level="INFO">📌 Liste des applications détectées : ['Accessibilité', 'Sécurité', 'Applis', 'Assistant et voix', 'Système', 'Google', 'Mise à jour du système', 'Langues et saisie', 'Unités', 'Date et heure', 'Stockage']
📌 First Home Page détectée : ['Accessibilité', 'Sécurité', 'Applis', 'Assistant et voix', 'Système', 'Google', 'Mise à jour du système', 'Langues et saisie', 'Unités', 'Date et heure', 'Stockage']
🔄 Swipe #1 en cours...

📌 Liste des applications détectées : ['Notifications', 'Son', 'Écran', 'Profils et comptes', 'Position', 'Confidentialité', 'Accessibilité', 'Mise à jour du système', 'Langues et saisie', 'Unités', 'Date et heure', 'Stockage']
🔄 Swipe #2 en cours...

📌 Liste des applications détectées : ['Bluetooth', 'Réseau et Internet', 'Notifications', 'Son', 'Écran', 'Profils et comptes', 'Position', 'Mise à jour du système', 'Langues et saisie', 'Unités', 'Date et heure', 'Stockage']
🔄 Swipe #3 en cours...

📌 Liste des applications détectées : ['Bluetooth', 'Réseau et Internet', 'Notifications', 'Son', 'Écran', 'Profils et comptes', 'Position', 'Mise à jour du système', 'Langues et saisie', 'Unités', 'Date et heure', 'Stockage']
✅ Retour à la first home page !
First Home Page détectée : ['Unités', 'Date et heure', 'Langues et saisie', 'Mise à jour du système', 'Stockage']
 Mise à jour du système trouvé ! Appui sur le texte contenant 'Mise à jour du système'.</msg>
<arg>${driver}</arg>
<arg>${system_update}</arg>
<arg>${Setting_system}</arg>
<status status="PASS" start="2025-06-09T08:36:08.691056" elapsed="48.028829"/>
</kw>
<status status="PASS" start="2025-06-09T08:36:07.452975" elapsed="49.267910"/>
</kw>
<kw name="Lancer Recherche Mise A Jour">
<kw name="Get Localized Text">
<return>
<value>${LANG_DICT.${key}}</value>
<status status="PASS" start="2025-06-09T08:36:56.720885" elapsed="0.000000"/>
</return>
<msg time="2025-06-09T08:36:56.721884" level="INFO">${system_update_check} = Rechercher les mises à jour</msg>
<var>${system_update_check}</var>
<arg>System_update_check</arg>
<status status="PASS" start="2025-06-09T08:36:56.720885" elapsed="0.000999"/>
</kw>
<kw name="Click Element By Text" owner="Integration">
<msg time="2025-06-09T08:36:56.943162" level="INFO">Aucun élément trouvé avec le texte: Rechercher les mises à jour</msg>
<arg>${driver}</arg>
<arg>${system_update_check}</arg>
<status status="PASS" start="2025-06-09T08:36:56.721884" elapsed="0.221278"/>
</kw>
<status status="PASS" start="2025-06-09T08:36:56.720885" elapsed="0.222277"/>
</kw>
<status status="PASS" start="2025-06-09T08:35:38.367275" elapsed="78.576886"/>
</kw>
<msg time="2025-06-09T08:36:56.944161" level="INFO">${test_status} = True</msg>
<var>${test_status}</var>
<arg>${test_keyword}</arg>
<doc>Runs the given keyword with given arguments and returns the status as a Boolean value.</doc>
<status status="PASS" start="2025-06-09T08:35:38.366275" elapsed="78.577886"/>
</kw>
<if>
<branch type="IF" condition="${test_status}">
<kw name="Log" owner="BuiltIn">
<msg time="2025-06-09T08:36:56.944161" level="INFO">Test Test Verfier Mise A Jour System réussi</msg>
<arg>Test ${test_name} réussi</arg>
<doc>Logs the given message with the given level.</doc>
<status status="PASS" start="2025-06-09T08:36:56.944161" elapsed="0.000000"/>
</kw>
<kw name="Exit For Loop" owner="BuiltIn">
<msg time="2025-06-09T08:36:56.944161" level="INFO">Exiting for loop altogether.</msg>
<doc>Stops executing the enclosing FOR loop.</doc>
<status status="PASS" start="2025-06-09T08:36:56.944161" elapsed="0.000000"/>
</kw>
<status status="PASS" start="2025-06-09T08:36:56.944161" elapsed="0.000000"/>
</branch>
<branch type="ELSE">
<kw name="Evaluate" owner="BuiltIn">
<var>${attempt}</var>
<arg>${attempt} + 1</arg>
<doc>Evaluates the given expression in Python and returns the result.</doc>
<status status="NOT RUN" start="2025-06-09T08:36:56.944161" elapsed="0.000999"/>
</kw>
<if>
<branch type="IF" condition="${attempt} &lt;= ${MAX_RETRIES}">
<kw name="Log" owner="BuiltIn">
<arg>Test ${test_name} échoué - Tentative ${attempt}/${MAX_RETRIES}</arg>
<doc>Logs the given message with the given level.</doc>
<status status="NOT RUN" start="2025-06-09T08:36:56.945160" elapsed="0.000000"/>
</kw>
<kw name="Sleep" owner="BuiltIn">
<arg>${RETRY_DELAY}</arg>
<doc>Pauses the test executed for the given time.</doc>
<status status="NOT RUN" start="2025-06-09T08:36:56.945160" elapsed="0.000000"/>
</kw>
<status status="NOT RUN" start="2025-06-09T08:36:56.945160" elapsed="0.000000"/>
</branch>
<status status="NOT RUN" start="2025-06-09T08:36:56.945160" elapsed="0.000000"/>
</if>
<status status="NOT RUN" start="2025-06-09T08:36:56.944161" elapsed="0.000999"/>
</branch>
<status status="PASS" start="2025-06-09T08:36:56.944161" elapsed="0.000999"/>
</if>
<var name="${index}">1</var>
<status status="PASS" start="2025-06-09T08:35:38.366275" elapsed="78.578885"/>
</iter>
<var>${index}</var>
<value>${MAX_RETRIES}</value>
<status status="PASS" start="2025-06-09T08:35:13.850628" elapsed="103.094532"/>
</for>
<if>
<branch type="IF" condition="not ${test_status}">
<kw name="Fail" owner="BuiltIn">
<arg>Le test ${test_name} a échoué après ${MAX_RETRIES} tentatives</arg>
<doc>Fails the test with the given message and optionally alters its tags.</doc>
<status status="NOT RUN" start="2025-06-09T08:36:56.945160" elapsed="0.000000"/>
</kw>
<status status="NOT RUN" start="2025-06-09T08:36:56.945160" elapsed="0.000000"/>
</branch>
<status status="PASS" start="2025-06-09T08:36:56.945160" elapsed="0.000000"/>
</if>
<arg>Vérifier Mise A Jour System</arg>
<arg>Test Verfier Mise A Jour System</arg>
<status status="PASS" start="2025-06-09T08:35:13.850628" elapsed="103.094532"/>
</kw>
<doc>Verifies system update functionality
- Navigates to system update section
- Checks for available updates
- Supports both French and English interfaces</doc>
<tag>system</tag>
<tag>update</tag>
<status status="PASS" start="2025-06-09T08:35:13.849629" elapsed="103.095531"/>
</test>
<kw name="Fermer Driver" type="TEARDOWN">
<kw name="Close Driver" owner="Integration">
<arg>${driver}</arg>
<doc>Ferme proprement le driver Appium.</doc>
<status status="PASS" start="2025-06-09T08:36:56.946161" elapsed="0.207395"/>
</kw>
<status status="PASS" start="2025-06-09T08:36:56.946161" elapsed="0.207395"/>
</kw>
<doc>Tests for system update verification
- Verifies system update functionality
- Supports both French and English interfaces</doc>
<status status="PASS" start="2025-06-09T08:35:06.211483" elapsed="110.942073"/>
</suite>
<statistics>
<total>
<stat pass="1" fail="0" skip="0">All Tests</stat>
</total>
<tag>
<stat pass="1" fail="0" skip="0">system</stat>
<stat pass="1" fail="0" skip="0">update</stat>
</tag>
<suite>
<stat name="MisesAJourAndReseau" id="s1" pass="1" fail="0" skip="0">MisesAJourAndReseau</stat>
</suite>
</statistics>
<errors>
</errors>
</robot>
