<?xml version="1.0" encoding="UTF-8"?>
<robot generator="Robot 7.2.2 (Python 3.12.5 on win32)" generated="2025-06-11T11:38:45.110419" rpa="false" schemaversion="5">
<suite id="s1" name="TestsAudio" source="C:\Users\bahae\Documents\PfeProject\test_cases\TestsAudio.robot">
<kw name="Démarrer Driver" type="SETUP">
<kw name="Log" owner="BuiltIn">
<msg time="2025-06-11T11:38:49.000951" level="INFO">Tentative d'initialisation du driver Appium...</msg>
<arg>Tentative d'initialisation du driver Appium...</arg>
<doc>Logs the given message with the given level.</doc>
<status status="PASS" start="2025-06-11T11:38:49.000951" elapsed="0.000000"/>
</kw>
<kw name="Log" owner="BuiltIn">
<msg time="2025-06-11T11:38:49.000951" level="INFO">URL Appium: C:\Users\bahae\Documents\PfeProject\test_cases\..\config.py</msg>
<arg>URL Appium: C:\\Users\\bahae\\Documents\\PfeProject\\test_cases${/}..${/}config.py</arg>
<doc>Logs the given message with the given level.</doc>
<status status="PASS" start="2025-06-11T11:38:49.000951" elapsed="0.000000"/>
</kw>
<kw name="Run Keyword And Ignore Error" owner="BuiltIn">
<kw name="Setup Driver" owner="Integration">
<arg>${Device}</arg>
<doc>Initialise et retourne le driver Appium.</doc>
<status status="PASS" start="2025-06-11T11:38:49.000951" elapsed="3.029635"/>
</kw>
<msg time="2025-06-11T11:38:52.030586" level="INFO">${result} = ('PASS', &lt;appium.webdriver.webdriver.WebDriver (session="af96f052-0c69-4f08-b714-653485c5dc97")&gt;)</msg>
<var>${result}</var>
<arg>setup driver</arg>
<arg>${Device}</arg>
<doc>Runs the given keyword with the given arguments and ignores possible error.</doc>
<status status="PASS" start="2025-06-11T11:38:49.000951" elapsed="3.029635"/>
</kw>
<kw name="Set Variable" owner="BuiltIn">
<msg time="2025-06-11T11:38:52.031585" level="INFO">${status} = PASS</msg>
<msg time="2025-06-11T11:38:52.031585" level="INFO">${driver} = &lt;appium.webdriver.webdriver.WebDriver (session="af96f052-0c69-4f08-b714-653485c5dc97")&gt;</msg>
<var>${status}</var>
<var>${driver}</var>
<arg>${result}</arg>
<doc>Returns the given values which can then be assigned to a variables.</doc>
<status status="PASS" start="2025-06-11T11:38:52.031585" elapsed="0.000000"/>
</kw>
<if>
<branch type="IF" condition="'${status}' == 'FAIL'">
<kw name="Log" owner="BuiltIn">
<arg>Échec de l'initialisation du driver: ${driver}</arg>
<doc>Logs the given message with the given level.</doc>
<status status="NOT RUN" start="2025-06-11T11:38:52.031585" elapsed="0.000000"/>
</kw>
<kw name="Fail" owner="BuiltIn">
<arg>Impossible d'initialiser le driver Appium: ${driver}</arg>
<doc>Fails the test with the given message and optionally alters its tags.</doc>
<status status="NOT RUN" start="2025-06-11T11:38:52.031585" elapsed="0.000000"/>
</kw>
<status status="NOT RUN" start="2025-06-11T11:38:52.031585" elapsed="0.000000"/>
</branch>
<status status="PASS" start="2025-06-11T11:38:52.031585" elapsed="0.000000"/>
</if>
<kw name="Set Suite Variable" owner="BuiltIn">
<msg time="2025-06-11T11:38:52.031585" level="INFO">${driver} = &lt;appium.webdriver.webdriver.WebDriver (session="af96f052-0c69-4f08-b714-653485c5dc97")&gt;</msg>
<arg>${driver}</arg>
<doc>Makes a variable available everywhere within the scope of the current suite.</doc>
<status status="PASS" start="2025-06-11T11:38:52.031585" elapsed="0.000000"/>
</kw>
<kw name="Log" owner="BuiltIn">
<msg time="2025-06-11T11:38:52.032613" level="INFO">Driver Appium initialisé avec succès</msg>
<arg>Driver Appium initialisé avec succès</arg>
<doc>Logs the given message with the given level.</doc>
<status status="PASS" start="2025-06-11T11:38:52.031585" elapsed="0.001028"/>
</kw>
<status status="PASS" start="2025-06-11T11:38:49.000325" elapsed="3.032288"/>
</kw>
<test id="s1-t1" name="Test fgdya" line="236">
<kw name="Close Activity Robot" owner="Integration">
<msg time="2025-06-11T11:38:53.666920" level="INFO">Échec de terminateApp: Message: The following required parameter is missing: ["appId"]
Known required parameters are: ["appId"]
Known optional parameters are: ["timeout"]
You have provided none
Stacktrace:
BadParametersError: The following required parameter is missing: ["appId"]
Known required parameters are: ["appId"]
Known optional parameters are: ["timeout"]
You have provided none
    at checkParams (C:\Users\bahae\AppData\Roaming\npm\node_modules\appium\node_modules\@appium\base-driver\lib\protocol\protocol.js:155:9)
    at validateExecuteMethodParams (C:\Users\bahae\AppData\Roaming\npm\node_modules\appium\node_modules\@appium\base-driver\lib\protocol\protocol.js:242:5)
    at AndroidUiautomator2Driver.executeMethod (C:\Users\bahae\AppData\Roaming\npm\node_modules\appium\node_modules\@appium\base-driver\lib\basedriver\commands\execute.ts:34:45)
    at AndroidUiautomator2Driver.execute (C:\Users\bahae\.appium\node_modules\appium-uiautomator2-driver\node_modules\appium-android-driver\lib\commands\execute.js:17:23)
    at runCommandPromise (C:\Users\bahae\AppData\Roaming\npm\node_modules\appium\node_modules\@appium\base-driver\lib\basedriver\driver.ts:115:20)
    at C:\Users\bahae\AppData\Roaming\npm\node_modules\appium\node_modules\async-lock\lib\index.js:171:12
    at AsyncLock._promiseTry (C:\Users\bahae\AppData\Roaming\npm\node_modules\appium\node_modules\async-lock\lib\index.js:306:31)
    at exec (C:\Users\bahae\AppData\Roaming\npm\node_modules\appium\node_modules\async-lock\lib\index.js:170:9)
    at AsyncLock.acquire (C:\Users\bahae\AppData\Roaming\npm\node_modules\appium\node_modules\async-lock\lib\index.js:189:3)
    at AndroidUiautomator2Driver.executeCommand (C:\Users\bahae\AppData\Roaming\npm\node_modules\appium\node_modules\@appium\base-driver\lib\basedriver\driver.ts:159:39)
    at processTicksAndRejections (node:internal/process/task_queues:95:5)
    at defaultBehavior (C:\Users\bahae\AppData\Roaming\npm\node_modules\appium\lib\appium.js:787:14)
    at AppiumDriver.executeWrappedCommand (C:\Users\bahae\AppData\Roaming\npm\node_modules\appium\lib\appium.js:900:16)
    at AppiumDriver.executeCommand (C:\Users\bahae\AppData\Roaming\npm\node_modules\appium\lib\appium.js:799:17)
    at asyncHandler (C:\Users\bahae\AppData\Roaming\npm\node_modules\appium\node_modules\@appium\base-driver\lib\protocol\protocol.js:387:19)
Touche HOME pressée
Application com.example.audioapplicationtest fermée avec force-stop
Application com.example.audioapplicationtest fermée avec succès</msg>
<arg>${driver}</arg>
<arg>com.example.audioapplicationtest</arg>
<doc>Version de close_activity adaptée pour Robot Framework.
Utilise plusieurs méthodes pour s'assurer que l'application est bien fermée.</doc>
<status status="PASS" start="2025-06-11T11:38:52.032613" elapsed="1.634307"/>
</kw>
<status status="PASS" start="2025-06-11T11:38:52.032613" elapsed="1.635324"/>
</test>
<test id="s1-t2" name="Test Audio Recording And Playback" line="239">
<kw name="Close Activity" owner="Integration">
<msg time="2025-06-11T11:38:53.675473" level="INFO">Erreur lors de la fermeture de l'application com.example.audioapplicationtest/.AudioPlayerActivity: Message: The following required parameter is missing: ["appId"]
Known required parameters are: ["appId"]
Known optional parameters are: ["timeout"]
You have provided none
Stacktrace:
BadParametersError: The following required parameter is missing: ["appId"]
Known required parameters are: ["appId"]
Known optional parameters are: ["timeout"]
You have provided none
    at checkParams (C:\Users\bahae\AppData\Roaming\npm\node_modules\appium\node_modules\@appium\base-driver\lib\protocol\protocol.js:155:9)
    at validateExecuteMethodParams (C:\Users\bahae\AppData\Roaming\npm\node_modules\appium\node_modules\@appium\base-driver\lib\protocol\protocol.js:242:5)
    at AndroidUiautomator2Driver.executeMethod (C:\Users\bahae\AppData\Roaming\npm\node_modules\appium\node_modules\@appium\base-driver\lib\basedriver\commands\execute.ts:34:45)
    at AndroidUiautomator2Driver.execute (C:\Users\bahae\.appium\node_modules\appium-uiautomator2-driver\node_modules\appium-android-driver\lib\commands\execute.js:17:23)
    at runCommandPromise (C:\Users\bahae\AppData\Roaming\npm\node_modules\appium\node_modules\@appium\base-driver\lib\basedriver\driver.ts:115:20)
    at C:\Users\bahae\AppData\Roaming\npm\node_modules\appium\node_modules\async-lock\lib\index.js:171:12
    at AsyncLock._promiseTry (C:\Users\bahae\AppData\Roaming\npm\node_modules\appium\node_modules\async-lock\lib\index.js:306:31)
    at exec (C:\Users\bahae\AppData\Roaming\npm\node_modules\appium\node_modules\async-lock\lib\index.js:170:9)
    at AsyncLock.acquire (C:\Users\bahae\AppData\Roaming\npm\node_modules\appium\node_modules\async-lock\lib\index.js:189:3)
    at AndroidUiautomator2Driver.executeCommand (C:\Users\bahae\AppData\Roaming\npm\node_modules\appium\node_modules\@appium\base-driver\lib\basedriver\driver.ts:159:39)
    at processTicksAndRejections (node:internal/process/task_queues:95:5)
    at defaultBehavior (C:\Users\bahae\AppData\Roaming\npm\node_modules\appium\lib\appium.js:787:14)
    at AppiumDriver.executeWrappedCommand (C:\Users\bahae\AppData\Roaming\npm\node_modules\appium\lib\appium.js:900:16)
    at AppiumDriver.executeCommand (C:\Users\bahae\AppData\Roaming\npm\node_modules\appium\lib\appium.js:799:17)
    at asyncHandler (C:\Users\bahae\AppData\Roaming\npm\node_modules\appium\node_modules\@appium\base-driver\lib\protocol\protocol.js:387:19)</msg>
<arg>${driver}</arg>
<arg>com.example.audioapplicationtest/.AudioPlayerActivity</arg>
<doc>Ferme une application spécifique sur un appareil Android via Appium.</doc>
<status status="PASS" start="2025-06-11T11:38:53.667937" elapsed="0.007536"/>
</kw>
<kw name="Execute Test With Retry">
<kw name="Set Variable" owner="BuiltIn">
<msg time="2025-06-11T11:38:53.676473" level="INFO">${attempt} = 1</msg>
<var>${attempt}</var>
<arg>1</arg>
<doc>Returns the given values which can then be assigned to a variables.</doc>
<status status="PASS" start="2025-06-11T11:38:53.675473" elapsed="0.001000"/>
</kw>
<kw name="Set Variable" owner="BuiltIn">
<msg time="2025-06-11T11:38:53.676473" level="INFO">${test_status} = False</msg>
<var>${test_status}</var>
<arg>${FALSE}</arg>
<doc>Returns the given values which can then be assigned to a variables.</doc>
<status status="PASS" start="2025-06-11T11:38:53.676473" elapsed="0.000000"/>
</kw>
<for flavor="IN RANGE">
<iter>
<kw name="Run Keyword And Return Status" owner="BuiltIn">
<kw name="Verify Audio Recording">
<kw name="Initialize Language Settings">
<kw name="Get System Language" owner="Integration">
<msg time="2025-06-11T11:38:53.711494" level="INFO">${lang} = eng</msg>
<var>${lang}</var>
<arg>${Device}</arg>
<status status="PASS" start="2025-06-11T11:38:53.677505" elapsed="0.033989"/>
</kw>
<kw name="Set Variable If" owner="BuiltIn">
<msg time="2025-06-11T11:38:53.712510" level="INFO">${lang_dict} = {'System': 'System', 'Setting': 'Settings', 'Audio': 'Recording', 'Record': 'START', 'Stop': 'STOP', 'Play': 'Play'}</msg>
<var>${lang_dict}</var>
<arg>'${lang}' == 'fr'</arg>
<arg>${LANG_FR}</arg>
<arg>${LANG_EN}</arg>
<doc>Sets variable based on the given condition.</doc>
<status status="PASS" start="2025-06-11T11:38:53.711494" elapsed="0.001016"/>
</kw>
<kw name="Set Suite Variable" owner="BuiltIn">
<msg time="2025-06-11T11:38:53.712510" level="INFO">${LANG_DICT} = {'System': 'System', 'Setting': 'Settings', 'Audio': 'Recording', 'Record': 'START', 'Stop': 'STOP', 'Play': 'Play'}</msg>
<arg>${LANG_DICT}</arg>
<arg>${lang_dict}</arg>
<doc>Makes a variable available everywhere within the scope of the current suite.</doc>
<status status="PASS" start="2025-06-11T11:38:53.712510" elapsed="0.000000"/>
</kw>
<status status="PASS" start="2025-06-11T11:38:53.677505" elapsed="0.035005"/>
</kw>
<kw name="Navigate To Audio App">
<kw name="Start Activity Code" owner="Integration">
<arg>${driver}</arg>
<arg>com.example.audioapplicationtest/.MainActivity</arg>
<doc>Lance une activité spécifique sur un appareil Android via Appium.</doc>
<status status="PASS" start="2025-06-11T11:38:53.712510" elapsed="0.048940"/>
</kw>
<kw name="Sleep" owner="BuiltIn">
<msg time="2025-06-11T11:38:56.761716" level="INFO">Slept 3 seconds.</msg>
<arg>3s</arg>
<doc>Pauses the test executed for the given time.</doc>
<status status="PASS" start="2025-06-11T11:38:53.761450" elapsed="3.000266"/>
</kw>
<kw name="Print Activity" owner="Integration">
<msg time="2025-06-11T11:38:56.832065" level="INFO">${current_activity} = com.example.audioapplicationtest/.MainActivity</msg>
<var>${current_activity}</var>
<arg>${driver}</arg>
<doc>Retourne l'activité complète sous la forme 'com.android.car.messenger/.ui.launcher.MessageLauncherActivity'.</doc>
<status status="PASS" start="2025-06-11T11:38:56.761716" elapsed="0.070349"/>
</kw>
<kw name="Should Contain" owner="BuiltIn">
<arg>${current_activity}</arg>
<arg>com.example.audioapplicationtest/.MainActivity</arg>
<arg>L'application n'est pas correctement lancée</arg>
<doc>Fails if ``container`` does not contain ``item`` one or more times.</doc>
<status status="PASS" start="2025-06-11T11:38:56.832065" elapsed="0.000000"/>
</kw>
<status status="PASS" start="2025-06-11T11:38:53.712510" elapsed="3.119555"/>
</kw>
<kw name="Start Audio Recording And Playback">
<kw name="Log" owner="BuiltIn">
<msg time="2025-06-11T11:38:56.832065" level="INFO">Démarrage de l'enregistrement audio...</msg>
<arg>Démarrage de l'enregistrement audio...</arg>
<doc>Logs the given message with the given level.</doc>
<status status="PASS" start="2025-06-11T11:38:56.832065" elapsed="0.000000"/>
</kw>
<kw name="Get Audio File Duration">
<kw name="Get Audio Duration" owner="Integration">
<msg time="2025-06-11T11:38:56.833687" level="INFO">✅ Durée du fichier audio C:\Users\bahae\Documents\PfeProject\test_cases\test.wav: 18.31 secondes</msg>
<msg time="2025-06-11T11:38:56.833687" level="INFO">${duration} = 18.311836734693877</msg>
<var>${duration}</var>
<arg>${driver}</arg>
<arg>${audio_file}</arg>
<doc>Obtient la durée d'un fichier audio en secondes.</doc>
<status status="PASS" start="2025-06-11T11:38:56.833009" elapsed="0.001200"/>
</kw>
<kw name="Should Not Be Equal As Numbers" owner="BuiltIn">
<msg time="2025-06-11T11:38:56.834255" level="INFO">Argument types are:
&lt;class 'float'&gt;
&lt;class 'str'&gt;</msg>
<arg>${duration}</arg>
<arg>0</arg>
<arg>Impossible d'obtenir la durée du fichier audio</arg>
<doc>Fails if objects are equal after converting them to real numbers.</doc>
<status status="PASS" start="2025-06-11T11:38:56.834255" elapsed="0.000000"/>
</kw>
<return>
<value>${duration}</value>
<status status="PASS" start="2025-06-11T11:38:56.834255" elapsed="0.000000"/>
</return>
<msg time="2025-06-11T11:38:56.834255" level="INFO">${duration} = 18.311836734693877</msg>
<var>${duration}</var>
<arg>${audio_file}</arg>
<status status="PASS" start="2025-06-11T11:38:56.832065" elapsed="0.002190"/>
</kw>
<kw name="Log" owner="BuiltIn">
<msg time="2025-06-11T11:38:56.834255" level="INFO">Durée du fichier audio à lire: 18.311836734693877 secondes</msg>
<arg>Durée du fichier audio à lire: ${duration} secondes</arg>
<doc>Logs the given message with the given level.</doc>
<status status="PASS" start="2025-06-11T11:38:56.834255" elapsed="0.000000"/>
</kw>
<kw name="Click Record Button">
<kw name="Wait For Record Button">
<kw name="Wait Until Keyword Succeeds" owner="BuiltIn">
<kw name="Check Element Exists" owner="Integration">
<arg>${driver}</arg>
<arg>//android.widget.Button[@text="START"]</arg>
<doc>Vérifie si un élément existe en utilisant le XPath donné.</doc>
<status status="PASS" start="2025-06-11T11:38:56.835252" elapsed="0.574286"/>
</kw>
<arg>${timeout}</arg>
<arg>${QUICK_WAIT}</arg>
<arg>Check Element Exists</arg>
<arg>${driver}</arg>
<arg>//android.widget.Button[@text="START"]</arg>
<doc>Runs the specified keyword and retries if it fails.</doc>
<status status="PASS" start="2025-06-11T11:38:56.834255" elapsed="0.575283"/>
</kw>
<status status="PASS" start="2025-06-11T11:38:56.834255" elapsed="0.575283"/>
</kw>
<kw name="Check Element Exists" owner="Integration">
<msg time="2025-06-11T11:38:57.458312" level="INFO">${button_exists} = True</msg>
<var>${button_exists}</var>
<arg>${driver}</arg>
<arg>//android.widget.Button[@text="START"]</arg>
<doc>Vérifie si un élément existe en utilisant le XPath donné.</doc>
<status status="PASS" start="2025-06-11T11:38:57.409538" elapsed="0.048774"/>
</kw>
<kw name="Should Be True" owner="BuiltIn">
<arg>${button_exists}</arg>
<arg>Le bouton START n'est pas visible</arg>
<doc>Fails if the given condition is not true.</doc>
<status status="PASS" start="2025-06-11T11:38:57.458312" elapsed="0.000000"/>
</kw>
<kw name="Run Keyword And Return Status" owner="BuiltIn">
<kw name="Click Element By Xpath Bounds" owner="Integration">
<arg>${driver}</arg>
<arg>//android.widget.Button[@text="START"]</arg>
<doc>Trouve un élément par XPath et clique dessus en utilisant ses bounds.</doc>
<status status="PASS" start="2025-06-11T11:38:57.458312" elapsed="0.473294"/>
</kw>
<msg time="2025-06-11T11:38:57.931606" level="INFO">${success} = True</msg>
<var>${success}</var>
<arg>click_element_by_xpath_bounds</arg>
<arg>${driver}</arg>
<arg>//android.widget.Button[@text="START"]</arg>
<doc>Runs the given keyword with given arguments and returns the status as a Boolean value.</doc>
<status status="PASS" start="2025-06-11T11:38:57.458312" elapsed="0.473294"/>
</kw>
<kw name="Should Be True" owner="BuiltIn">
<arg>${success}</arg>
<arg>Impossible de cliquer sur le bouton START</arg>
<doc>Fails if the given condition is not true.</doc>
<status status="PASS" start="2025-06-11T11:38:57.932513" elapsed="0.000000"/>
</kw>
<status status="PASS" start="2025-06-11T11:38:56.834255" elapsed="1.098258"/>
</kw>
<kw name="Sleep" owner="BuiltIn">
<msg time="2025-06-11T11:38:59.932577" level="INFO">Slept 2 seconds.</msg>
<arg>2s</arg>
<doc>Pauses the test executed for the given time.</doc>
<status status="PASS" start="2025-06-11T11:38:57.932513" elapsed="2.000064"/>
</kw>
<kw name="Run Keyword And Return Status" owner="BuiltIn">
<kw name="Play Audio" owner="Integration">
<msg time="2025-06-11T11:39:18.341640" level="INFO">✅ Lecture audio réussie : Lecture du fichier test.wav terminée</msg>
<arg>${driver}</arg>
<arg>${audio_file}</arg>
<doc>Joue un fichier audio via l'API Flask.</doc>
<status status="PASS" start="2025-06-11T11:38:59.932577" elapsed="18.409063"/>
</kw>
<msg time="2025-06-11T11:39:18.341640" level="INFO">${success} = True</msg>
<var>${success}</var>
<arg>play_audio</arg>
<arg>${driver}</arg>
<arg>${audio_file}</arg>
<doc>Runs the given keyword with given arguments and returns the status as a Boolean value.</doc>
<status status="PASS" start="2025-06-11T11:38:59.932577" elapsed="18.409972"/>
</kw>
<kw name="Should Be True" owner="BuiltIn">
<arg>${success}</arg>
<arg>La lecture audio a échoué</arg>
<doc>Fails if the given condition is not true.</doc>
<status status="PASS" start="2025-06-11T11:39:18.342549" elapsed="0.000000"/>
</kw>
<kw name="Sleep" owner="BuiltIn">
<msg time="2025-06-11T11:39:36.654975" level="INFO">Slept 18 seconds 312 milliseconds.</msg>
<arg>${duration}s</arg>
<doc>Pauses the test executed for the given time.</doc>
<status status="PASS" start="2025-06-11T11:39:18.342549" elapsed="18.312426"/>
</kw>
<kw name="Click Stop Button">
<kw name="Check Element Exists" owner="Integration">
<msg time="2025-06-11T11:39:36.705001" level="INFO">${button_exists} = True</msg>
<var>${button_exists}</var>
<arg>${driver}</arg>
<arg>//android.widget.Button[@text="STOP"]</arg>
<doc>Vérifie si un élément existe en utilisant le XPath donné.</doc>
<status status="PASS" start="2025-06-11T11:39:36.654975" elapsed="0.050026"/>
</kw>
<kw name="Should Be True" owner="BuiltIn">
<arg>${button_exists}</arg>
<arg>Le bouton STOP n'est pas visible</arg>
<doc>Fails if the given condition is not true.</doc>
<status status="PASS" start="2025-06-11T11:39:36.705001" elapsed="0.000000"/>
</kw>
<kw name="Run Keyword And Return Status" owner="BuiltIn">
<kw name="Click Element By Xpath Bounds" owner="Integration">
<arg>${driver}</arg>
<arg>//android.widget.Button[@text="STOP"]</arg>
<doc>Trouve un élément par XPath et clique dessus en utilisant ses bounds.</doc>
<status status="PASS" start="2025-06-11T11:39:36.705001" elapsed="0.465294"/>
</kw>
<msg time="2025-06-11T11:39:37.170295" level="INFO">${success} = True</msg>
<var>${success}</var>
<arg>click_element_by_xpath_bounds</arg>
<arg>${driver}</arg>
<arg>//android.widget.Button[@text="STOP"]</arg>
<doc>Runs the given keyword with given arguments and returns the status as a Boolean value.</doc>
<status status="PASS" start="2025-06-11T11:39:36.705001" elapsed="0.465294"/>
</kw>
<kw name="Should Be True" owner="BuiltIn">
<arg>${success}</arg>
<arg>Impossible de cliquer sur le bouton STOP</arg>
<doc>Fails if the given condition is not true.</doc>
<status status="PASS" start="2025-06-11T11:39:37.170295" elapsed="0.000000"/>
</kw>
<status status="PASS" start="2025-06-11T11:39:36.654975" elapsed="0.515320"/>
</kw>
<status status="PASS" start="2025-06-11T11:38:56.832065" elapsed="40.338230"/>
</kw>
<kw name="Compare Audio Files">
<kw name="Compare With Latest Recorded" owner="TestAudio">
<msg time="2025-06-11T11:40:09.658771" level="INFO">Graphiques sauvegardés dans: C:\Users\bahae\Documents\PfeProject\test_cases\..\log\plots\audio_comparison_enregistrement_20250611_113955.png</msg>
<msg time="2025-06-11T11:40:09.658771" level="INFO">============================= Début du test audio ==============================
Original: C:\Users\bahae\Documents\PfeProject\test_cases\test.wav
Enregistré: latest_download.wav
Date du test: 2025-06-11 11:39:39

Original - Durée: 18.31s -&gt; Segment actif: 18.31s
Enregistré - Durée: 39.25s -&gt; Segment actif: 18.16s
Recherche du meilleur alignement...
Alignement initial trouvé, ajustement fin...

Détails de l'alignement:
Position originale: 0.000s
Position enregistrée: -0.045s
Ajustement: -45.2ms
Corrélation initiale: 0.315
Original length: 802750, Recorded length: 802750
Best lag: 173 samples (0.004 seconds)
Final lengths - Original: 802577, Aligned: 802577
Décalage temporel final: 0.004 secondes

=== Résultats ===
Décalage temporel: 0.004 secondes
         snr: -0.9008
 correlation: 0.3464
         mse: 0.0403
        rmse: 0.2007
energy_ratio: 0.8807
    max_diff: 1.3832
   mean_diff: 0.1426
         mos: 2.9797
     clarity: 1.0732
  clarity_db: 0.3068

=== Résultat: ÉCHEC ===
SNR: -0.90 dB (seuil: 5 dB)
Corrélation: 0.346 (seuil: 0.8)
MOS: 2.98/5 (seuil: 2.5)
Clarté: 1.073 (seuil: 0.7)</msg>
<msg time="2025-06-11T11:40:09.659388" level="INFO">C:\Users\bahae\Documents\PfeProject\test_cases\TestAudio.py:338: UserWarning: Glyph 10060 (\N{CROSS MARK}) missing from font(s) DejaVu Sans.
  plt.savefig(output_file, dpi=300, bbox_inches='tight')
C:\Program Files\JetBrains\PyCharm 2024.3.2\plugins\python-ce\helpers\pycharm_matplotlib_backend\backend_interagg.py:124: UserWarning: Glyph 10060 (\N{CROSS MARK}) missing from font(s) DejaVu Sans.
  FigureCanvasAgg.draw(self)</msg>
<msg time="2025-06-11T11:40:09.659388" level="INFO">${test_passed} = False</msg>
<msg time="2025-06-11T11:40:09.659388" level="INFO">${metrics} = {'snr': -0.9008468981428659, 'correlation': 0.34642813504358655, 'mse': 0.04026827127907651, 'rmse': 0.20066955742981174, 'energy_ratio': 0.8807378053945207, 'max_diff': 1.3831639915763552, 'mean_diff...</msg>
<var>${test_passed}</var>
<var>${metrics}</var>
<arg>${original_audio}</arg>
<doc>Télécharge le dernier audio enregistré via l'API Flask et le compare à l'original.
:param original_audio: Chemin du fichier original (wav)
:param latest_audio_path: Chemin où sauvegarder le fichier téléchargé
:param api_url: URL de l'API Flask pour récupérer le dernier audio enregistré
:return: (test_passed, metrics)</doc>
<status status="PASS" start="2025-06-11T11:39:37.171248" elapsed="32.488140"/>
</kw>
<kw name="Log" owner="BuiltIn">
<msg time="2025-06-11T11:40:09.659909" level="INFO">SNR: -0.9008468981428659 dB (seuil: 20 dB)</msg>
<arg>SNR: ${metrics['snr']} dB (seuil: 20 dB)</arg>
<doc>Logs the given message with the given level.</doc>
<status status="PASS" start="2025-06-11T11:40:09.659388" elapsed="0.001063"/>
</kw>
<kw name="Log" owner="BuiltIn">
<msg time="2025-06-11T11:40:09.660505" level="INFO">Corrélation: 0.34642813504358655 (seuil: 0.9)</msg>
<arg>Corrélation: ${metrics['correlation']} (seuil: 0.9)</arg>
<doc>Logs the given message with the given level.</doc>
<status status="PASS" start="2025-06-11T11:40:09.660505" elapsed="0.000000"/>
</kw>
<kw name="Log" owner="BuiltIn">
<msg time="2025-06-11T11:40:09.660505" level="INFO">MOS: 2.979679886126589/5 (seuil: 3.0)</msg>
<arg>MOS: ${metrics['mos']}/5 (seuil: 3.0)</arg>
<doc>Logs the given message with the given level.</doc>
<status status="PASS" start="2025-06-11T11:40:09.660505" elapsed="0.000000"/>
</kw>
<kw name="Log" owner="BuiltIn">
<msg time="2025-06-11T11:40:09.661589" level="INFO">Clarté: 1.0732053549823548 (seuil: 0.8)</msg>
<arg>Clarté: ${metrics['clarity']} (seuil: 0.8)</arg>
<doc>Logs the given message with the given level.</doc>
<status status="PASS" start="2025-06-11T11:40:09.661589" elapsed="0.000000"/>
</kw>
<kw name="Evaluate" owner="BuiltIn">
<msg time="2025-06-11T11:40:09.662487" level="INFO">${snr_ok} = False</msg>
<var>${snr_ok}</var>
<arg>${metrics['snr']} &gt;= 20</arg>
<doc>Evaluates the given expression in Python and returns the result.</doc>
<status status="PASS" start="2025-06-11T11:40:09.661589" elapsed="0.000898"/>
</kw>
<kw name="Evaluate" owner="BuiltIn">
<msg time="2025-06-11T11:40:09.662487" level="INFO">${correlation_ok} = False</msg>
<var>${correlation_ok}</var>
<arg>${metrics['correlation']} &gt;= 0.9</arg>
<doc>Evaluates the given expression in Python and returns the result.</doc>
<status status="PASS" start="2025-06-11T11:40:09.662487" elapsed="0.000000"/>
</kw>
<kw name="Evaluate" owner="BuiltIn">
<msg time="2025-06-11T11:40:09.663552" level="INFO">${mos_ok} = False</msg>
<var>${mos_ok}</var>
<arg>${metrics['mos']} &gt;= 3.0</arg>
<doc>Evaluates the given expression in Python and returns the result.</doc>
<status status="PASS" start="2025-06-11T11:40:09.662487" elapsed="0.001065"/>
</kw>
<kw name="Evaluate" owner="BuiltIn">
<msg time="2025-06-11T11:40:09.664559" level="INFO">${clarity_ok} = True</msg>
<var>${clarity_ok}</var>
<arg>${metrics['clarity']} &gt;= 0.8</arg>
<doc>Evaluates the given expression in Python and returns the result.</doc>
<status status="PASS" start="2025-06-11T11:40:09.663552" elapsed="0.001007"/>
</kw>
<kw name="Evaluate" owner="BuiltIn">
<msg time="2025-06-11T11:40:09.664559" level="INFO">${test_passed} = False</msg>
<var>${test_passed}</var>
<arg>${snr_ok} and ${correlation_ok} and ${mos_ok} and ${clarity_ok}</arg>
<doc>Evaluates the given expression in Python and returns the result.</doc>
<status status="PASS" start="2025-06-11T11:40:09.664559" elapsed="0.000000"/>
</kw>
<if>
<branch type="IF" condition="not ${test_passed}">
<kw name="Log" owner="BuiltIn">
<msg time="2025-06-11T11:40:09.664559" level="INFO">❌ Test échoué - Métriques critiques non satisfaites</msg>
<arg>❌ Test échoué - Métriques critiques non satisfaites</arg>
<doc>Logs the given message with the given level.</doc>
<status status="PASS" start="2025-06-11T11:40:09.664559" elapsed="0.000000"/>
</kw>
<kw name="Fail" owner="BuiltIn">
<msg time="2025-06-11T11:40:09.664559" level="FAIL">Test audio échoué - Vérifiez les métriques dans les logs</msg>
<arg>Test audio échoué - Vérifiez les métriques dans les logs</arg>
<doc>Fails the test with the given message and optionally alters its tags.</doc>
<status status="FAIL" start="2025-06-11T11:40:09.664559" elapsed="0.000000">Test audio échoué - Vérifiez les métriques dans les logs</status>
</kw>
<status status="FAIL" start="2025-06-11T11:40:09.664559" elapsed="0.000000">Test audio échoué - Vérifiez les métriques dans les logs</status>
</branch>
<branch type="ELSE">
<kw name="Log" owner="BuiltIn">
<arg>✅ Test réussi - Toutes les métriques sont satisfaites</arg>
<doc>Logs the given message with the given level.</doc>
<status status="NOT RUN" start="2025-06-11T11:40:09.665574" elapsed="0.000000"/>
</kw>
<status status="NOT RUN" start="2025-06-11T11:40:09.665574" elapsed="0.000000"/>
</branch>
<status status="FAIL" start="2025-06-11T11:40:09.664559" elapsed="0.001015">Test audio échoué - Vérifiez les métriques dans les logs</status>
</if>
<return>
<value>${test_passed}</value>
<value>${metrics}</value>
<status status="NOT RUN" start="2025-06-11T11:40:09.665574" elapsed="0.000000"/>
</return>
<var>${result}</var>
<arg>${DEFAULT_OUTPUT_FILE}</arg>
<status status="FAIL" start="2025-06-11T11:39:37.170295" elapsed="32.495279">Test audio échoué - Vérifiez les métriques dans les logs</status>
</kw>
<kw name="Log" owner="BuiltIn">
<arg>Résultat de la comparaison: ${result}</arg>
<doc>Logs the given message with the given level.</doc>
<status status="NOT RUN" start="2025-06-11T11:40:09.665574" elapsed="0.000000"/>
</kw>
<status status="FAIL" start="2025-06-11T11:38:53.676473" elapsed="75.989101">Test audio échoué - Vérifiez les métriques dans les logs</status>
</kw>
<msg time="2025-06-11T11:40:09.665574" level="INFO">${test_status} = False</msg>
<var>${test_status}</var>
<arg>${test_keyword}</arg>
<doc>Runs the given keyword with given arguments and returns the status as a Boolean value.</doc>
<status status="PASS" start="2025-06-11T11:38:53.676473" elapsed="75.989101"/>
</kw>
<if>
<branch type="IF" condition="${test_status}">
<kw name="Log" owner="BuiltIn">
<arg>Test ${test_name} réussi</arg>
<doc>Logs the given message with the given level.</doc>
<status status="NOT RUN" start="2025-06-11T11:40:09.665574" elapsed="0.000000"/>
</kw>
<kw name="Exit For Loop" owner="BuiltIn">
<doc>Stops executing the enclosing FOR loop.</doc>
<status status="NOT RUN" start="2025-06-11T11:40:09.665574" elapsed="0.000000"/>
</kw>
<status status="NOT RUN" start="2025-06-11T11:40:09.665574" elapsed="0.000000"/>
</branch>
<branch type="ELSE">
<kw name="Evaluate" owner="BuiltIn">
<msg time="2025-06-11T11:40:09.665574" level="INFO">${attempt} = 2</msg>
<var>${attempt}</var>
<arg>${attempt} + 1</arg>
<doc>Evaluates the given expression in Python and returns the result.</doc>
<status status="PASS" start="2025-06-11T11:40:09.665574" elapsed="0.000000"/>
</kw>
<if>
<branch type="IF" condition="${attempt} &lt;= ${MAX_RETRIES}">
<kw name="Log" owner="BuiltIn">
<msg time="2025-06-11T11:40:09.666559" level="INFO">Test Test Audio Recording And Playback échoué - Tentative 2/40</msg>
<arg>Test ${test_name} échoué - Tentative ${attempt}/${MAX_RETRIES}</arg>
<doc>Logs the given message with the given level.</doc>
<status status="PASS" start="2025-06-11T11:40:09.665574" elapsed="0.000985"/>
</kw>
<kw name="Sleep" owner="BuiltIn">
<msg time="2025-06-11T11:40:11.666842" level="INFO">Slept 2 seconds.</msg>
<arg>${RETRY_DELAY}</arg>
<doc>Pauses the test executed for the given time.</doc>
<status status="PASS" start="2025-06-11T11:40:09.666559" elapsed="2.000283"/>
</kw>
<status status="PASS" start="2025-06-11T11:40:09.665574" elapsed="2.001268"/>
</branch>
<status status="PASS" start="2025-06-11T11:40:09.665574" elapsed="2.001268"/>
</if>
<status status="PASS" start="2025-06-11T11:40:09.665574" elapsed="2.001268"/>
</branch>
<status status="PASS" start="2025-06-11T11:40:09.665574" elapsed="2.001268"/>
</if>
<var name="${index}">0</var>
<status status="PASS" start="2025-06-11T11:38:53.676473" elapsed="77.990369"/>
</iter>
<iter>
<kw name="Run Keyword And Return Status" owner="BuiltIn">
<kw name="Verify Audio Recording">
<kw name="Initialize Language Settings">
<kw name="Get System Language" owner="Integration">
<msg time="2025-06-11T11:40:11.701235" level="INFO">${lang} = eng</msg>
<var>${lang}</var>
<arg>${Device}</arg>
<status status="PASS" start="2025-06-11T11:40:11.667928" elapsed="0.033307"/>
</kw>
<kw name="Set Variable If" owner="BuiltIn">
<msg time="2025-06-11T11:40:11.702256" level="INFO">${lang_dict} = {'System': 'System', 'Setting': 'Settings', 'Audio': 'Recording', 'Record': 'START', 'Stop': 'STOP', 'Play': 'Play'}</msg>
<var>${lang_dict}</var>
<arg>'${lang}' == 'fr'</arg>
<arg>${LANG_FR}</arg>
<arg>${LANG_EN}</arg>
<doc>Sets variable based on the given condition.</doc>
<status status="PASS" start="2025-06-11T11:40:11.702256" elapsed="0.000000"/>
</kw>
<kw name="Set Suite Variable" owner="BuiltIn">
<msg time="2025-06-11T11:40:11.702256" level="INFO">${LANG_DICT} = {'System': 'System', 'Setting': 'Settings', 'Audio': 'Recording', 'Record': 'START', 'Stop': 'STOP', 'Play': 'Play'}</msg>
<arg>${LANG_DICT}</arg>
<arg>${lang_dict}</arg>
<doc>Makes a variable available everywhere within the scope of the current suite.</doc>
<status status="PASS" start="2025-06-11T11:40:11.702256" elapsed="0.000000"/>
</kw>
<status status="PASS" start="2025-06-11T11:40:11.666842" elapsed="0.035414"/>
</kw>
<kw name="Navigate To Audio App">
<kw name="Start Activity Code" owner="Integration">
<arg>${driver}</arg>
<arg>com.example.audioapplicationtest/.MainActivity</arg>
<doc>Lance une activité spécifique sur un appareil Android via Appium.</doc>
<status status="PASS" start="2025-06-11T11:40:11.702256" elapsed="0.055937"/>
</kw>
<kw name="Sleep" owner="BuiltIn">
<msg time="2025-06-11T11:40:14.758237" level="INFO">Slept 3 seconds.</msg>
<arg>3s</arg>
<doc>Pauses the test executed for the given time.</doc>
<status status="PASS" start="2025-06-11T11:40:11.758193" elapsed="3.000044"/>
</kw>
<kw name="Print Activity" owner="Integration">
<msg time="2025-06-11T11:40:14.831780" level="INFO">${current_activity} = com.example.audioapplicationtest/.MainActivity</msg>
<var>${current_activity}</var>
<arg>${driver}</arg>
<doc>Retourne l'activité complète sous la forme 'com.android.car.messenger/.ui.launcher.MessageLauncherActivity'.</doc>
<status status="PASS" start="2025-06-11T11:40:14.758237" elapsed="0.073543"/>
</kw>
<kw name="Should Contain" owner="BuiltIn">
<arg>${current_activity}</arg>
<arg>com.example.audioapplicationtest/.MainActivity</arg>
<arg>L'application n'est pas correctement lancée</arg>
<doc>Fails if ``container`` does not contain ``item`` one or more times.</doc>
<status status="PASS" start="2025-06-11T11:40:14.831780" elapsed="0.000000"/>
</kw>
<status status="PASS" start="2025-06-11T11:40:11.702256" elapsed="3.130544"/>
</kw>
<kw name="Start Audio Recording And Playback">
<kw name="Log" owner="BuiltIn">
<msg time="2025-06-11T11:40:14.832845" level="INFO">Démarrage de l'enregistrement audio...</msg>
<arg>Démarrage de l'enregistrement audio...</arg>
<doc>Logs the given message with the given level.</doc>
<status status="PASS" start="2025-06-11T11:40:14.832845" elapsed="0.000000"/>
</kw>
<kw name="Get Audio File Duration">
<kw name="Get Audio Duration" owner="Integration">
<msg time="2025-06-11T11:40:14.833833" level="INFO">✅ Durée du fichier audio C:\Users\bahae\Documents\PfeProject\test_cases\test.wav: 18.31 secondes</msg>
<msg time="2025-06-11T11:40:14.833833" level="INFO">${duration} = 18.311836734693877</msg>
<var>${duration}</var>
<arg>${driver}</arg>
<arg>${audio_file}</arg>
<doc>Obtient la durée d'un fichier audio en secondes.</doc>
<status status="PASS" start="2025-06-11T11:40:14.832845" elapsed="0.000988"/>
</kw>
<kw name="Should Not Be Equal As Numbers" owner="BuiltIn">
<msg time="2025-06-11T11:40:14.833833" level="INFO">Argument types are:
&lt;class 'float'&gt;
&lt;class 'str'&gt;</msg>
<arg>${duration}</arg>
<arg>0</arg>
<arg>Impossible d'obtenir la durée du fichier audio</arg>
<doc>Fails if objects are equal after converting them to real numbers.</doc>
<status status="PASS" start="2025-06-11T11:40:14.833833" elapsed="0.000000"/>
</kw>
<return>
<value>${duration}</value>
<status status="PASS" start="2025-06-11T11:40:14.833833" elapsed="0.000000"/>
</return>
<msg time="2025-06-11T11:40:14.833833" level="INFO">${duration} = 18.311836734693877</msg>
<var>${duration}</var>
<arg>${audio_file}</arg>
<status status="PASS" start="2025-06-11T11:40:14.832845" elapsed="0.000988"/>
</kw>
<kw name="Log" owner="BuiltIn">
<msg time="2025-06-11T11:40:14.834848" level="INFO">Durée du fichier audio à lire: 18.311836734693877 secondes</msg>
<arg>Durée du fichier audio à lire: ${duration} secondes</arg>
<doc>Logs the given message with the given level.</doc>
<status status="PASS" start="2025-06-11T11:40:14.833833" elapsed="0.001015"/>
</kw>
<kw name="Click Record Button">
<kw name="Wait For Record Button">
<kw name="Wait Until Keyword Succeeds" owner="BuiltIn">
<kw name="Check Element Exists" owner="Integration">
<arg>${driver}</arg>
<arg>//android.widget.Button[@text="START"]</arg>
<doc>Vérifie si un élément existe en utilisant le XPath donné.</doc>
<status status="PASS" start="2025-06-11T11:40:14.834848" elapsed="0.049658"/>
</kw>
<arg>${timeout}</arg>
<arg>${QUICK_WAIT}</arg>
<arg>Check Element Exists</arg>
<arg>${driver}</arg>
<arg>//android.widget.Button[@text="START"]</arg>
<doc>Runs the specified keyword and retries if it fails.</doc>
<status status="PASS" start="2025-06-11T11:40:14.834848" elapsed="0.049658"/>
</kw>
<status status="PASS" start="2025-06-11T11:40:14.834848" elapsed="0.050192"/>
</kw>
<kw name="Check Element Exists" owner="Integration">
<msg time="2025-06-11T11:40:14.934019" level="INFO">${button_exists} = True</msg>
<var>${button_exists}</var>
<arg>${driver}</arg>
<arg>//android.widget.Button[@text="START"]</arg>
<doc>Vérifie si un élément existe en utilisant le XPath donné.</doc>
<status status="PASS" start="2025-06-11T11:40:14.885040" elapsed="0.048979"/>
</kw>
<kw name="Should Be True" owner="BuiltIn">
<arg>${button_exists}</arg>
<arg>Le bouton START n'est pas visible</arg>
<doc>Fails if the given condition is not true.</doc>
<status status="PASS" start="2025-06-11T11:40:14.934019" elapsed="0.000000"/>
</kw>
<kw name="Run Keyword And Return Status" owner="BuiltIn">
<kw name="Click Element By Xpath Bounds" owner="Integration">
<arg>${driver}</arg>
<arg>//android.widget.Button[@text="START"]</arg>
<doc>Trouve un élément par XPath et clique dessus en utilisant ses bounds.</doc>
<status status="PASS" start="2025-06-11T11:40:14.934019" elapsed="0.466315"/>
</kw>
<msg time="2025-06-11T11:40:15.400334" level="INFO">${success} = True</msg>
<var>${success}</var>
<arg>click_element_by_xpath_bounds</arg>
<arg>${driver}</arg>
<arg>//android.widget.Button[@text="START"]</arg>
<doc>Runs the given keyword with given arguments and returns the status as a Boolean value.</doc>
<status status="PASS" start="2025-06-11T11:40:14.934019" elapsed="0.466315"/>
</kw>
<kw name="Should Be True" owner="BuiltIn">
<arg>${success}</arg>
<arg>Impossible de cliquer sur le bouton START</arg>
<doc>Fails if the given condition is not true.</doc>
<status status="PASS" start="2025-06-11T11:40:15.400334" elapsed="0.000000"/>
</kw>
<status status="PASS" start="2025-06-11T11:40:14.834848" elapsed="0.565486"/>
</kw>
<kw name="Sleep" owner="BuiltIn">
<msg time="2025-06-11T11:40:17.400667" level="INFO">Slept 2 seconds.</msg>
<arg>2s</arg>
<doc>Pauses the test executed for the given time.</doc>
<status status="PASS" start="2025-06-11T11:40:15.400334" elapsed="2.000333"/>
</kw>
<kw name="Run Keyword And Return Status" owner="BuiltIn">
<kw name="Play Audio" owner="Integration">
<msg time="2025-06-11T11:40:35.805057" level="INFO">✅ Lecture audio réussie : Lecture du fichier test.wav terminée</msg>
<arg>${driver}</arg>
<arg>${audio_file}</arg>
<doc>Joue un fichier audio via l'API Flask.</doc>
<status status="PASS" start="2025-06-11T11:40:17.400667" elapsed="18.404390"/>
</kw>
<msg time="2025-06-11T11:40:35.806139" level="INFO">${success} = True</msg>
<var>${success}</var>
<arg>play_audio</arg>
<arg>${driver}</arg>
<arg>${audio_file}</arg>
<doc>Runs the given keyword with given arguments and returns the status as a Boolean value.</doc>
<status status="PASS" start="2025-06-11T11:40:17.400667" elapsed="18.405472"/>
</kw>
<kw name="Should Be True" owner="BuiltIn">
<arg>${success}</arg>
<arg>La lecture audio a échoué</arg>
<doc>Fails if the given condition is not true.</doc>
<status status="PASS" start="2025-06-11T11:40:35.806139" elapsed="0.000000"/>
</kw>
<kw name="Sleep" owner="BuiltIn">
<msg time="2025-06-11T11:40:54.118231" level="INFO">Slept 18 seconds 312 milliseconds.</msg>
<arg>${duration}s</arg>
<doc>Pauses the test executed for the given time.</doc>
<status status="PASS" start="2025-06-11T11:40:35.806139" elapsed="18.312092"/>
</kw>
<kw name="Click Stop Button">
<kw name="Check Element Exists" owner="Integration">
<msg time="2025-06-11T11:40:54.174622" level="INFO">${button_exists} = True</msg>
<var>${button_exists}</var>
<arg>${driver}</arg>
<arg>//android.widget.Button[@text="STOP"]</arg>
<doc>Vérifie si un élément existe en utilisant le XPath donné.</doc>
<status status="PASS" start="2025-06-11T11:40:54.118231" elapsed="0.056391"/>
</kw>
<kw name="Should Be True" owner="BuiltIn">
<arg>${button_exists}</arg>
<arg>Le bouton STOP n'est pas visible</arg>
<doc>Fails if the given condition is not true.</doc>
<status status="PASS" start="2025-06-11T11:40:54.174622" elapsed="0.000000"/>
</kw>
<kw name="Run Keyword And Return Status" owner="BuiltIn">
<kw name="Click Element By Xpath Bounds" owner="Integration">
<arg>${driver}</arg>
<arg>//android.widget.Button[@text="STOP"]</arg>
<doc>Trouve un élément par XPath et clique dessus en utilisant ses bounds.</doc>
<status status="PASS" start="2025-06-11T11:40:54.175655" elapsed="0.468679"/>
</kw>
<msg time="2025-06-11T11:40:54.644334" level="INFO">${success} = True</msg>
<var>${success}</var>
<arg>click_element_by_xpath_bounds</arg>
<arg>${driver}</arg>
<arg>//android.widget.Button[@text="STOP"]</arg>
<doc>Runs the given keyword with given arguments and returns the status as a Boolean value.</doc>
<status status="PASS" start="2025-06-11T11:40:54.175655" elapsed="0.468679"/>
</kw>
<kw name="Should Be True" owner="BuiltIn">
<arg>${success}</arg>
<arg>Impossible de cliquer sur le bouton STOP</arg>
<doc>Fails if the given condition is not true.</doc>
<status status="PASS" start="2025-06-11T11:40:54.644334" elapsed="0.000000"/>
</kw>
<status status="PASS" start="2025-06-11T11:40:54.118231" elapsed="0.527284"/>
</kw>
<status status="PASS" start="2025-06-11T11:40:14.832845" elapsed="39.812689"/>
</kw>
<kw name="Compare Audio Files">
<kw name="Compare With Latest Recorded" owner="TestAudio">
<msg time="2025-06-11T11:41:27.961716" level="INFO">Graphiques sauvegardés dans: C:\Users\bahae\Documents\PfeProject\test_cases\..\log\plots\audio_comparison_enregistrement_20250611_114114.png</msg>
<msg time="2025-06-11T11:41:27.961716" level="INFO">============================= Début du test audio ==============================
Original: C:\Users\bahae\Documents\PfeProject\test_cases\test.wav
Enregistré: latest_download.wav
Date du test: 2025-06-11 11:40:56

Original - Durée: 18.31s -&gt; Segment actif: 18.31s
Enregistré - Durée: 39.25s -&gt; Segment actif: 18.16s
Recherche du meilleur alignement...
Alignement initial trouvé, ajustement fin...

Détails de l'alignement:
Position originale: 0.000s
Position enregistrée: -0.054s
Ajustement: -54.5ms
Corrélation initiale: 0.385
Original length: 803457, Recorded length: 803457
Best lag: 440 samples (0.010 seconds)
Final lengths - Original: 803017, Aligned: 803017
Décalage temporel final: 0.010 secondes

=== Résultats ===
Décalage temporel: 0.010 secondes
         snr: 0.5330
 correlation: 0.5275
         mse: 0.0290
        rmse: 0.1702
energy_ratio: 0.8665
    max_diff: 1.4346
   mean_diff: 0.1005
         mos: 3.2543
     clarity: 1.0139
  clarity_db: 0.0598

=== Résultat: ÉCHEC ===
SNR: 0.53 dB (seuil: 5 dB)
Corrélation: 0.527 (seuil: 0.8)
MOS: 3.25/5 (seuil: 2.5)
Clarté: 1.014 (seuil: 0.7)</msg>
<msg time="2025-06-11T11:41:27.961716" level="INFO">${test_passed} = False</msg>
<msg time="2025-06-11T11:41:27.961716" level="INFO">${metrics} = {'snr': 0.5329784098976615, 'correlation': 0.5274547930899567, 'mse': 0.028978697699345805, 'rmse': 0.1702313064607853, 'energy_ratio': 0.8664580117666516, 'max_diff': 1.4346362630150014, 'mean_diff':...</msg>
<var>${test_passed}</var>
<var>${metrics}</var>
<arg>${original_audio}</arg>
<doc>Télécharge le dernier audio enregistré via l'API Flask et le compare à l'original.
:param original_audio: Chemin du fichier original (wav)
:param latest_audio_path: Chemin où sauvegarder le fichier téléchargé
:param api_url: URL de l'API Flask pour récupérer le dernier audio enregistré
:return: (test_passed, metrics)</doc>
<status status="PASS" start="2025-06-11T11:40:54.645534" elapsed="33.316182"/>
</kw>
<kw name="Log" owner="BuiltIn">
<msg time="2025-06-11T11:41:27.962441" level="INFO">SNR: 0.5329784098976615 dB (seuil: 20 dB)</msg>
<arg>SNR: ${metrics['snr']} dB (seuil: 20 dB)</arg>
<doc>Logs the given message with the given level.</doc>
<status status="PASS" start="2025-06-11T11:41:27.961716" elapsed="0.000725"/>
</kw>
<kw name="Log" owner="BuiltIn">
<msg time="2025-06-11T11:41:27.963094" level="INFO">Corrélation: 0.5274547930899567 (seuil: 0.9)</msg>
<arg>Corrélation: ${metrics['correlation']} (seuil: 0.9)</arg>
<doc>Logs the given message with the given level.</doc>
<status status="PASS" start="2025-06-11T11:41:27.962441" elapsed="0.000653"/>
</kw>
<kw name="Log" owner="BuiltIn">
<msg time="2025-06-11T11:41:27.963094" level="INFO">MOS: 3.2542648881038545/5 (seuil: 3.0)</msg>
<arg>MOS: ${metrics['mos']}/5 (seuil: 3.0)</arg>
<doc>Logs the given message with the given level.</doc>
<status status="PASS" start="2025-06-11T11:41:27.963094" elapsed="0.000000"/>
</kw>
<kw name="Log" owner="BuiltIn">
<msg time="2025-06-11T11:41:27.963746" level="INFO">Clarté: 1.0138601768613908 (seuil: 0.8)</msg>
<arg>Clarté: ${metrics['clarity']} (seuil: 0.8)</arg>
<doc>Logs the given message with the given level.</doc>
<status status="PASS" start="2025-06-11T11:41:27.963094" elapsed="0.000652"/>
</kw>
<kw name="Evaluate" owner="BuiltIn">
<msg time="2025-06-11T11:41:27.964408" level="INFO">${snr_ok} = False</msg>
<var>${snr_ok}</var>
<arg>${metrics['snr']} &gt;= 20</arg>
<doc>Evaluates the given expression in Python and returns the result.</doc>
<status status="PASS" start="2025-06-11T11:41:27.963746" elapsed="0.000662"/>
</kw>
<kw name="Evaluate" owner="BuiltIn">
<msg time="2025-06-11T11:41:27.965064" level="INFO">${correlation_ok} = False</msg>
<var>${correlation_ok}</var>
<arg>${metrics['correlation']} &gt;= 0.9</arg>
<doc>Evaluates the given expression in Python and returns the result.</doc>
<status status="PASS" start="2025-06-11T11:41:27.964408" elapsed="0.000656"/>
</kw>
<kw name="Evaluate" owner="BuiltIn">
<msg time="2025-06-11T11:41:27.965064" level="INFO">${mos_ok} = True</msg>
<var>${mos_ok}</var>
<arg>${metrics['mos']} &gt;= 3.0</arg>
<doc>Evaluates the given expression in Python and returns the result.</doc>
<status status="PASS" start="2025-06-11T11:41:27.965064" elapsed="0.000000"/>
</kw>
<kw name="Evaluate" owner="BuiltIn">
<msg time="2025-06-11T11:41:27.966202" level="INFO">${clarity_ok} = True</msg>
<var>${clarity_ok}</var>
<arg>${metrics['clarity']} &gt;= 0.8</arg>
<doc>Evaluates the given expression in Python and returns the result.</doc>
<status status="PASS" start="2025-06-11T11:41:27.965064" elapsed="0.001138"/>
</kw>
<kw name="Evaluate" owner="BuiltIn">
<msg time="2025-06-11T11:41:27.966202" level="INFO">${test_passed} = False</msg>
<var>${test_passed}</var>
<arg>${snr_ok} and ${correlation_ok} and ${mos_ok} and ${clarity_ok}</arg>
<doc>Evaluates the given expression in Python and returns the result.</doc>
<status status="PASS" start="2025-06-11T11:41:27.966202" elapsed="0.000000"/>
</kw>
<if>
<branch type="IF" condition="not ${test_passed}">
<kw name="Log" owner="BuiltIn">
<msg time="2025-06-11T11:41:27.966202" level="INFO">❌ Test échoué - Métriques critiques non satisfaites</msg>
<arg>❌ Test échoué - Métriques critiques non satisfaites</arg>
<doc>Logs the given message with the given level.</doc>
<status status="PASS" start="2025-06-11T11:41:27.966202" elapsed="0.000000"/>
</kw>
<kw name="Fail" owner="BuiltIn">
<msg time="2025-06-11T11:41:27.966202" level="FAIL">Test audio échoué - Vérifiez les métriques dans les logs</msg>
<arg>Test audio échoué - Vérifiez les métriques dans les logs</arg>
<doc>Fails the test with the given message and optionally alters its tags.</doc>
<status status="FAIL" start="2025-06-11T11:41:27.966202" elapsed="0.000000">Test audio échoué - Vérifiez les métriques dans les logs</status>
</kw>
<status status="FAIL" start="2025-06-11T11:41:27.966202" elapsed="0.000000">Test audio échoué - Vérifiez les métriques dans les logs</status>
</branch>
<branch type="ELSE">
<kw name="Log" owner="BuiltIn">
<arg>✅ Test réussi - Toutes les métriques sont satisfaites</arg>
<doc>Logs the given message with the given level.</doc>
<status status="NOT RUN" start="2025-06-11T11:41:27.966202" elapsed="0.000996"/>
</kw>
<status status="NOT RUN" start="2025-06-11T11:41:27.966202" elapsed="0.000996"/>
</branch>
<status status="FAIL" start="2025-06-11T11:41:27.966202" elapsed="0.000996">Test audio échoué - Vérifiez les métriques dans les logs</status>
</if>
<return>
<value>${test_passed}</value>
<value>${metrics}</value>
<status status="NOT RUN" start="2025-06-11T11:41:27.967198" elapsed="0.000000"/>
</return>
<var>${result}</var>
<arg>${DEFAULT_OUTPUT_FILE}</arg>
<status status="FAIL" start="2025-06-11T11:40:54.645534" elapsed="33.321664">Test audio échoué - Vérifiez les métriques dans les logs</status>
</kw>
<kw name="Log" owner="BuiltIn">
<arg>Résultat de la comparaison: ${result}</arg>
<doc>Logs the given message with the given level.</doc>
<status status="NOT RUN" start="2025-06-11T11:41:27.967198" elapsed="0.000000"/>
</kw>
<status status="FAIL" start="2025-06-11T11:40:11.666842" elapsed="76.300356">Test audio échoué - Vérifiez les métriques dans les logs</status>
</kw>
<msg time="2025-06-11T11:41:27.967198" level="INFO">${test_status} = False</msg>
<var>${test_status}</var>
<arg>${test_keyword}</arg>
<doc>Runs the given keyword with given arguments and returns the status as a Boolean value.</doc>
<status status="PASS" start="2025-06-11T11:40:11.666842" elapsed="76.300356"/>
</kw>
<if>
<branch type="IF" condition="${test_status}">
<kw name="Log" owner="BuiltIn">
<arg>Test ${test_name} réussi</arg>
<doc>Logs the given message with the given level.</doc>
<status status="NOT RUN" start="2025-06-11T11:41:27.967198" elapsed="0.000000"/>
</kw>
<kw name="Exit For Loop" owner="BuiltIn">
<doc>Stops executing the enclosing FOR loop.</doc>
<status status="NOT RUN" start="2025-06-11T11:41:27.967198" elapsed="0.000000"/>
</kw>
<status status="NOT RUN" start="2025-06-11T11:41:27.967198" elapsed="0.000000"/>
</branch>
<branch type="ELSE">
<kw name="Evaluate" owner="BuiltIn">
<msg time="2025-06-11T11:41:27.967836" level="INFO">${attempt} = 3</msg>
<var>${attempt}</var>
<arg>${attempt} + 1</arg>
<doc>Evaluates the given expression in Python and returns the result.</doc>
<status status="PASS" start="2025-06-11T11:41:27.967836" elapsed="0.000000"/>
</kw>
<if>
<branch type="IF" condition="${attempt} &lt;= ${MAX_RETRIES}">
<kw name="Log" owner="BuiltIn">
<msg time="2025-06-11T11:41:27.967836" level="INFO">Test Test Audio Recording And Playback échoué - Tentative 3/40</msg>
<arg>Test ${test_name} échoué - Tentative ${attempt}/${MAX_RETRIES}</arg>
<doc>Logs the given message with the given level.</doc>
<status status="PASS" start="2025-06-11T11:41:27.967836" elapsed="0.000000"/>
</kw>
<kw name="Sleep" owner="BuiltIn">
<msg time="2025-06-11T11:41:29.968241" level="INFO">Slept 2 seconds.</msg>
<arg>${RETRY_DELAY}</arg>
<doc>Pauses the test executed for the given time.</doc>
<status status="PASS" start="2025-06-11T11:41:27.967836" elapsed="2.000405"/>
</kw>
<status status="PASS" start="2025-06-11T11:41:27.967836" elapsed="2.000405"/>
</branch>
<status status="PASS" start="2025-06-11T11:41:27.967836" elapsed="2.000405"/>
</if>
<status status="PASS" start="2025-06-11T11:41:27.967816" elapsed="2.000425"/>
</branch>
<status status="PASS" start="2025-06-11T11:41:27.967198" elapsed="2.001043"/>
</if>
<var name="${index}">1</var>
<status status="PASS" start="2025-06-11T11:40:11.666842" elapsed="78.301399"/>
</iter>
<iter>
<kw name="Run Keyword And Return Status" owner="BuiltIn">
<kw name="Verify Audio Recording">
<kw name="Initialize Language Settings">
<kw name="Get System Language" owner="Integration">
<msg time="2025-06-11T11:41:30.005805" level="INFO">${lang} = eng</msg>
<var>${lang}</var>
<arg>${Device}</arg>
<status status="PASS" start="2025-06-11T11:41:29.969271" elapsed="0.036534"/>
</kw>
<kw name="Set Variable If" owner="BuiltIn">
<msg time="2025-06-11T11:41:30.005805" level="INFO">${lang_dict} = {'System': 'System', 'Setting': 'Settings', 'Audio': 'Recording', 'Record': 'START', 'Stop': 'STOP', 'Play': 'Play'}</msg>
<var>${lang_dict}</var>
<arg>'${lang}' == 'fr'</arg>
<arg>${LANG_FR}</arg>
<arg>${LANG_EN}</arg>
<doc>Sets variable based on the given condition.</doc>
<status status="PASS" start="2025-06-11T11:41:30.005805" elapsed="0.000000"/>
</kw>
<kw name="Set Suite Variable" owner="BuiltIn">
<msg time="2025-06-11T11:41:30.006953" level="INFO">${LANG_DICT} = {'System': 'System', 'Setting': 'Settings', 'Audio': 'Recording', 'Record': 'START', 'Stop': 'STOP', 'Play': 'Play'}</msg>
<arg>${LANG_DICT}</arg>
<arg>${lang_dict}</arg>
<doc>Makes a variable available everywhere within the scope of the current suite.</doc>
<status status="PASS" start="2025-06-11T11:41:30.005805" elapsed="0.001148"/>
</kw>
<status status="PASS" start="2025-06-11T11:41:29.969271" elapsed="0.037682"/>
</kw>
<kw name="Navigate To Audio App">
<kw name="Start Activity Code" owner="Integration">
<arg>${driver}</arg>
<arg>com.example.audioapplicationtest/.MainActivity</arg>
<doc>Lance une activité spécifique sur un appareil Android via Appium.</doc>
<status status="PASS" start="2025-06-11T11:41:30.006953" elapsed="0.045228"/>
</kw>
<kw name="Sleep" owner="BuiltIn">
<msg time="2025-06-11T11:41:33.052592" level="INFO">Slept 3 seconds.</msg>
<arg>3s</arg>
<doc>Pauses the test executed for the given time.</doc>
<status status="PASS" start="2025-06-11T11:41:30.052181" elapsed="3.000411"/>
</kw>
<kw name="Print Activity" owner="Integration">
<msg time="2025-06-11T11:41:33.133341" level="INFO">${current_activity} = com.example.audioapplicationtest/.MainActivity</msg>
<var>${current_activity}</var>
<arg>${driver}</arg>
<doc>Retourne l'activité complète sous la forme 'com.android.car.messenger/.ui.launcher.MessageLauncherActivity'.</doc>
<status status="PASS" start="2025-06-11T11:41:33.052592" elapsed="0.080749"/>
</kw>
<kw name="Should Contain" owner="BuiltIn">
<arg>${current_activity}</arg>
<arg>com.example.audioapplicationtest/.MainActivity</arg>
<arg>L'application n'est pas correctement lancée</arg>
<doc>Fails if ``container`` does not contain ``item`` one or more times.</doc>
<status status="PASS" start="2025-06-11T11:41:33.134442" elapsed="0.000000"/>
</kw>
<status status="PASS" start="2025-06-11T11:41:30.006953" elapsed="3.127489"/>
</kw>
<kw name="Start Audio Recording And Playback">
<kw name="Log" owner="BuiltIn">
<msg time="2025-06-11T11:41:33.134442" level="INFO">Démarrage de l'enregistrement audio...</msg>
<arg>Démarrage de l'enregistrement audio...</arg>
<doc>Logs the given message with the given level.</doc>
<status status="PASS" start="2025-06-11T11:41:33.134442" elapsed="0.000000"/>
</kw>
<kw name="Get Audio File Duration">
<kw name="Get Audio Duration" owner="Integration">
<msg time="2025-06-11T11:41:33.135371" level="INFO">✅ Durée du fichier audio C:\Users\bahae\Documents\PfeProject\test_cases\test.wav: 18.31 secondes</msg>
<msg time="2025-06-11T11:41:33.135371" level="INFO">${duration} = 18.311836734693877</msg>
<var>${duration}</var>
<arg>${driver}</arg>
<arg>${audio_file}</arg>
<doc>Obtient la durée d'un fichier audio en secondes.</doc>
<status status="PASS" start="2025-06-11T11:41:33.134442" elapsed="0.000929"/>
</kw>
<kw name="Should Not Be Equal As Numbers" owner="BuiltIn">
<msg time="2025-06-11T11:41:33.135371" level="INFO">Argument types are:
&lt;class 'float'&gt;
&lt;class 'str'&gt;</msg>
<arg>${duration}</arg>
<arg>0</arg>
<arg>Impossible d'obtenir la durée du fichier audio</arg>
<doc>Fails if objects are equal after converting them to real numbers.</doc>
<status status="PASS" start="2025-06-11T11:41:33.135371" elapsed="0.000000"/>
</kw>
<return>
<value>${duration}</value>
<status status="PASS" start="2025-06-11T11:41:33.135371" elapsed="0.000000"/>
</return>
<msg time="2025-06-11T11:41:33.135371" level="INFO">${duration} = 18.311836734693877</msg>
<var>${duration}</var>
<arg>${audio_file}</arg>
<status status="PASS" start="2025-06-11T11:41:33.134442" elapsed="0.001992"/>
</kw>
<kw name="Log" owner="BuiltIn">
<msg time="2025-06-11T11:41:33.136434" level="INFO">Durée du fichier audio à lire: 18.311836734693877 secondes</msg>
<arg>Durée du fichier audio à lire: ${duration} secondes</arg>
<doc>Logs the given message with the given level.</doc>
<status status="PASS" start="2025-06-11T11:41:33.136434" elapsed="0.000000"/>
</kw>
<kw name="Click Record Button">
<kw name="Wait For Record Button">
<kw name="Wait Until Keyword Succeeds" owner="BuiltIn">
<kw name="Check Element Exists" owner="Integration">
<arg>${driver}</arg>
<arg>//android.widget.Button[@text="START"]</arg>
<doc>Vérifie si un élément existe en utilisant le XPath donné.</doc>
<status status="PASS" start="2025-06-11T11:41:33.136434" elapsed="0.051933"/>
</kw>
<arg>${timeout}</arg>
<arg>${QUICK_WAIT}</arg>
<arg>Check Element Exists</arg>
<arg>${driver}</arg>
<arg>//android.widget.Button[@text="START"]</arg>
<doc>Runs the specified keyword and retries if it fails.</doc>
<status status="PASS" start="2025-06-11T11:41:33.136434" elapsed="0.051933"/>
</kw>
<status status="PASS" start="2025-06-11T11:41:33.136434" elapsed="0.051933"/>
</kw>
<kw name="Check Element Exists" owner="Integration">
<msg time="2025-06-11T11:41:33.246964" level="INFO">${button_exists} = True</msg>
<var>${button_exists}</var>
<arg>${driver}</arg>
<arg>//android.widget.Button[@text="START"]</arg>
<doc>Vérifie si un élément existe en utilisant le XPath donné.</doc>
<status status="PASS" start="2025-06-11T11:41:33.188367" elapsed="0.059536"/>
</kw>
<kw name="Should Be True" owner="BuiltIn">
<arg>${button_exists}</arg>
<arg>Le bouton START n'est pas visible</arg>
<doc>Fails if the given condition is not true.</doc>
<status status="PASS" start="2025-06-11T11:41:33.247903" elapsed="0.000000"/>
</kw>
<kw name="Run Keyword And Return Status" owner="BuiltIn">
<kw name="Click Element By Xpath Bounds" owner="Integration">
<arg>${driver}</arg>
<arg>//android.widget.Button[@text="START"]</arg>
<doc>Trouve un élément par XPath et clique dessus en utilisant ses bounds.</doc>
<status status="PASS" start="2025-06-11T11:41:33.247903" elapsed="0.485330"/>
</kw>
<msg time="2025-06-11T11:41:33.733233" level="INFO">${success} = True</msg>
<var>${success}</var>
<arg>click_element_by_xpath_bounds</arg>
<arg>${driver}</arg>
<arg>//android.widget.Button[@text="START"]</arg>
<doc>Runs the given keyword with given arguments and returns the status as a Boolean value.</doc>
<status status="PASS" start="2025-06-11T11:41:33.247903" elapsed="0.485330"/>
</kw>
<kw name="Should Be True" owner="BuiltIn">
<arg>${success}</arg>
<arg>Impossible de cliquer sur le bouton START</arg>
<doc>Fails if the given condition is not true.</doc>
<status status="PASS" start="2025-06-11T11:41:33.734234" elapsed="0.000000"/>
</kw>
<status status="PASS" start="2025-06-11T11:41:33.136434" elapsed="0.597800"/>
</kw>
<kw name="Sleep" owner="BuiltIn">
<msg time="2025-06-11T11:41:35.734821" level="INFO">Slept 2 seconds.</msg>
<arg>2s</arg>
<doc>Pauses the test executed for the given time.</doc>
<status status="PASS" start="2025-06-11T11:41:33.734234" elapsed="2.000587"/>
</kw>
<kw name="Run Keyword And Return Status" owner="BuiltIn">
<kw name="Play Audio" owner="Integration">
<msg time="2025-06-11T11:41:54.152620" level="INFO">✅ Lecture audio réussie : Lecture du fichier test.wav terminée</msg>
<arg>${driver}</arg>
<arg>${audio_file}</arg>
<doc>Joue un fichier audio via l'API Flask.</doc>
<status status="PASS" start="2025-06-11T11:41:35.734821" elapsed="18.417799"/>
</kw>
<msg time="2025-06-11T11:41:54.152620" level="INFO">${success} = True</msg>
<var>${success}</var>
<arg>play_audio</arg>
<arg>${driver}</arg>
<arg>${audio_file}</arg>
<doc>Runs the given keyword with given arguments and returns the status as a Boolean value.</doc>
<status status="PASS" start="2025-06-11T11:41:35.734821" elapsed="18.417799"/>
</kw>
<kw name="Should Be True" owner="BuiltIn">
<arg>${success}</arg>
<arg>La lecture audio a échoué</arg>
<doc>Fails if the given condition is not true.</doc>
<status status="PASS" start="2025-06-11T11:41:54.152620" elapsed="0.000000"/>
</kw>
<kw name="Sleep" owner="BuiltIn">
<msg time="2025-06-11T11:42:12.466215" level="INFO">Slept 18 seconds 312 milliseconds.</msg>
<arg>${duration}s</arg>
<doc>Pauses the test executed for the given time.</doc>
<status status="PASS" start="2025-06-11T11:41:54.152620" elapsed="18.313595"/>
</kw>
<kw name="Click Stop Button">
<kw name="Check Element Exists" owner="Integration">
<msg time="2025-06-11T11:42:12.514676" level="INFO">${button_exists} = True</msg>
<var>${button_exists}</var>
<arg>${driver}</arg>
<arg>//android.widget.Button[@text="STOP"]</arg>
<doc>Vérifie si un élément existe en utilisant le XPath donné.</doc>
<status status="PASS" start="2025-06-11T11:42:12.466215" elapsed="0.048461"/>
</kw>
<kw name="Should Be True" owner="BuiltIn">
<arg>${button_exists}</arg>
<arg>Le bouton STOP n'est pas visible</arg>
<doc>Fails if the given condition is not true.</doc>
<status status="PASS" start="2025-06-11T11:42:12.514676" elapsed="0.001044"/>
</kw>
<kw name="Run Keyword And Return Status" owner="BuiltIn">
<kw name="Click Element By Xpath Bounds" owner="Integration">
<arg>${driver}</arg>
<arg>//android.widget.Button[@text="STOP"]</arg>
<doc>Trouve un élément par XPath et clique dessus en utilisant ses bounds.</doc>
<status status="PASS" start="2025-06-11T11:42:12.515720" elapsed="0.458500"/>
</kw>
<msg time="2025-06-11T11:42:12.974220" level="INFO">${success} = True</msg>
<var>${success}</var>
<arg>click_element_by_xpath_bounds</arg>
<arg>${driver}</arg>
<arg>//android.widget.Button[@text="STOP"]</arg>
<doc>Runs the given keyword with given arguments and returns the status as a Boolean value.</doc>
<status status="PASS" start="2025-06-11T11:42:12.515720" elapsed="0.458500"/>
</kw>
<kw name="Should Be True" owner="BuiltIn">
<arg>${success}</arg>
<arg>Impossible de cliquer sur le bouton STOP</arg>
<doc>Fails if the given condition is not true.</doc>
<status status="PASS" start="2025-06-11T11:42:12.974220" elapsed="0.000000"/>
</kw>
<status status="PASS" start="2025-06-11T11:42:12.466215" elapsed="0.508005"/>
</kw>
<status status="PASS" start="2025-06-11T11:41:33.134442" elapsed="39.839778"/>
</kw>
<kw name="Compare Audio Files">
<kw name="Compare With Latest Recorded" owner="TestAudio">
<msg time="2025-06-11T11:42:46.042993" level="INFO">Graphiques sauvegardés dans: C:\Users\bahae\Documents\PfeProject\test_cases\..\log\plots\audio_comparison_enregistrement_20250611_114232.png</msg>
<msg time="2025-06-11T11:42:46.042993" level="INFO">============================= Début du test audio ==============================
Original: C:\Users\bahae\Documents\PfeProject\test_cases\test.wav
Enregistré: latest_download.wav
Date du test: 2025-06-11 11:42:15

Original - Durée: 18.31s -&gt; Segment actif: 18.31s
Enregistré - Durée: 39.25s -&gt; Segment actif: 18.16s
Recherche du meilleur alignement...
Alignement initial trouvé, ajustement fin...

Détails de l'alignement:
Position originale: 0.000s
Position enregistrée: -0.045s
Ajustement: -44.9ms
Corrélation initiale: 0.564
Original length: 803030, Recorded length: 803030
Best lag: 0 samples (0.000 seconds)
Final lengths - Original: 803030, Aligned: 803030
Décalage temporel final: 0.000 secondes

=== Résultats ===
Décalage temporel: 0.000 secondes
         snr: 0.8907
 correlation: 0.5639
         mse: 0.0267
        rmse: 0.1634
energy_ratio: 0.8613
    max_diff: 1.1521
   mean_diff: 0.1106
         mos: 3.3123
     clarity: 1.0523
  clarity_db: 0.2214

=== Résultat: ÉCHEC ===
SNR: 0.89 dB (seuil: 5 dB)
Corrélation: 0.564 (seuil: 0.8)
MOS: 3.31/5 (seuil: 2.5)
Clarté: 1.052 (seuil: 0.7)</msg>
<msg time="2025-06-11T11:42:46.042993" level="INFO">${test_passed} = False</msg>
<msg time="2025-06-11T11:42:46.042993" level="INFO">${metrics} = {'snr': 0.8906664853184354, 'correlation': 0.5639281194118582, 'mse': 0.026690144960591956, 'rmse': 0.16337118766964986, 'energy_ratio': 0.8613009520750935, 'max_diff': 1.1521315049721468, 'mean_diff'...</msg>
<var>${test_passed}</var>
<var>${metrics}</var>
<arg>${original_audio}</arg>
<doc>Télécharge le dernier audio enregistré via l'API Flask et le compare à l'original.
:param original_audio: Chemin du fichier original (wav)
:param latest_audio_path: Chemin où sauvegarder le fichier téléchargé
:param api_url: URL de l'API Flask pour récupérer le dernier audio enregistré
:return: (test_passed, metrics)</doc>
<status status="PASS" start="2025-06-11T11:42:12.975220" elapsed="33.067773"/>
</kw>
<kw name="Log" owner="BuiltIn">
<msg time="2025-06-11T11:42:46.043930" level="INFO">SNR: 0.8906664853184354 dB (seuil: 20 dB)</msg>
<arg>SNR: ${metrics['snr']} dB (seuil: 20 dB)</arg>
<doc>Logs the given message with the given level.</doc>
<status status="PASS" start="2025-06-11T11:42:46.042993" elapsed="0.000937"/>
</kw>
<kw name="Log" owner="BuiltIn">
<msg time="2025-06-11T11:42:46.043930" level="INFO">Corrélation: 0.5639281194118582 (seuil: 0.9)</msg>
<arg>Corrélation: ${metrics['correlation']} (seuil: 0.9)</arg>
<doc>Logs the given message with the given level.</doc>
<status status="PASS" start="2025-06-11T11:42:46.043930" elapsed="0.000000"/>
</kw>
<kw name="Log" owner="BuiltIn">
<msg time="2025-06-11T11:42:46.044925" level="INFO">MOS: 3.312340402706967/5 (seuil: 3.0)</msg>
<arg>MOS: ${metrics['mos']}/5 (seuil: 3.0)</arg>
<doc>Logs the given message with the given level.</doc>
<status status="PASS" start="2025-06-11T11:42:46.043930" elapsed="0.000995"/>
</kw>
<kw name="Log" owner="BuiltIn">
<msg time="2025-06-11T11:42:46.044925" level="INFO">Clarté: 1.0523000995307032 (seuil: 0.8)</msg>
<arg>Clarté: ${metrics['clarity']} (seuil: 0.8)</arg>
<doc>Logs the given message with the given level.</doc>
<status status="PASS" start="2025-06-11T11:42:46.044925" elapsed="0.000000"/>
</kw>
<kw name="Evaluate" owner="BuiltIn">
<msg time="2025-06-11T11:42:46.046033" level="INFO">${snr_ok} = False</msg>
<var>${snr_ok}</var>
<arg>${metrics['snr']} &gt;= 20</arg>
<doc>Evaluates the given expression in Python and returns the result.</doc>
<status status="PASS" start="2025-06-11T11:42:46.044925" elapsed="0.001108"/>
</kw>
<kw name="Evaluate" owner="BuiltIn">
<msg time="2025-06-11T11:42:46.046582" level="INFO">${correlation_ok} = False</msg>
<var>${correlation_ok}</var>
<arg>${metrics['correlation']} &gt;= 0.9</arg>
<doc>Evaluates the given expression in Python and returns the result.</doc>
<status status="PASS" start="2025-06-11T11:42:46.046033" elapsed="0.000549"/>
</kw>
<kw name="Evaluate" owner="BuiltIn">
<msg time="2025-06-11T11:42:46.047205" level="INFO">${mos_ok} = True</msg>
<var>${mos_ok}</var>
<arg>${metrics['mos']} &gt;= 3.0</arg>
<doc>Evaluates the given expression in Python and returns the result.</doc>
<status status="PASS" start="2025-06-11T11:42:46.046582" elapsed="0.000623"/>
</kw>
<kw name="Evaluate" owner="BuiltIn">
<msg time="2025-06-11T11:42:46.047205" level="INFO">${clarity_ok} = True</msg>
<var>${clarity_ok}</var>
<arg>${metrics['clarity']} &gt;= 0.8</arg>
<doc>Evaluates the given expression in Python and returns the result.</doc>
<status status="PASS" start="2025-06-11T11:42:46.047205" elapsed="0.000000"/>
</kw>
<kw name="Evaluate" owner="BuiltIn">
<msg time="2025-06-11T11:42:46.047205" level="INFO">${test_passed} = False</msg>
<var>${test_passed}</var>
<arg>${snr_ok} and ${correlation_ok} and ${mos_ok} and ${clarity_ok}</arg>
<doc>Evaluates the given expression in Python and returns the result.</doc>
<status status="PASS" start="2025-06-11T11:42:46.047205" elapsed="0.000000"/>
</kw>
<if>
<branch type="IF" condition="not ${test_passed}">
<kw name="Log" owner="BuiltIn">
<msg time="2025-06-11T11:42:46.047205" level="INFO">❌ Test échoué - Métriques critiques non satisfaites</msg>
<arg>❌ Test échoué - Métriques critiques non satisfaites</arg>
<doc>Logs the given message with the given level.</doc>
<status status="PASS" start="2025-06-11T11:42:46.047205" elapsed="0.001091"/>
</kw>
<kw name="Fail" owner="BuiltIn">
<msg time="2025-06-11T11:42:46.048296" level="FAIL">Test audio échoué - Vérifiez les métriques dans les logs</msg>
<arg>Test audio échoué - Vérifiez les métriques dans les logs</arg>
<doc>Fails the test with the given message and optionally alters its tags.</doc>
<status status="FAIL" start="2025-06-11T11:42:46.048296" elapsed="0.000000">Test audio échoué - Vérifiez les métriques dans les logs</status>
</kw>
<status status="FAIL" start="2025-06-11T11:42:46.047205" elapsed="0.001091">Test audio échoué - Vérifiez les métriques dans les logs</status>
</branch>
<branch type="ELSE">
<kw name="Log" owner="BuiltIn">
<arg>✅ Test réussi - Toutes les métriques sont satisfaites</arg>
<doc>Logs the given message with the given level.</doc>
<status status="NOT RUN" start="2025-06-11T11:42:46.048296" elapsed="0.000000"/>
</kw>
<status status="NOT RUN" start="2025-06-11T11:42:46.048296" elapsed="0.000000"/>
</branch>
<status status="FAIL" start="2025-06-11T11:42:46.047205" elapsed="0.001091">Test audio échoué - Vérifiez les métriques dans les logs</status>
</if>
<return>
<value>${test_passed}</value>
<value>${metrics}</value>
<status status="NOT RUN" start="2025-06-11T11:42:46.048296" elapsed="0.000000"/>
</return>
<var>${result}</var>
<arg>${DEFAULT_OUTPUT_FILE}</arg>
<status status="FAIL" start="2025-06-11T11:42:12.975220" elapsed="33.073076">Test audio échoué - Vérifiez les métriques dans les logs</status>
</kw>
<kw name="Log" owner="BuiltIn">
<arg>Résultat de la comparaison: ${result}</arg>
<doc>Logs the given message with the given level.</doc>
<status status="NOT RUN" start="2025-06-11T11:42:46.048296" elapsed="0.000000"/>
</kw>
<status status="FAIL" start="2025-06-11T11:41:29.968241" elapsed="76.080055">Test audio échoué - Vérifiez les métriques dans les logs</status>
</kw>
<msg time="2025-06-11T11:42:46.048296" level="INFO">${test_status} = False</msg>
<var>${test_status}</var>
<arg>${test_keyword}</arg>
<doc>Runs the given keyword with given arguments and returns the status as a Boolean value.</doc>
<status status="PASS" start="2025-06-11T11:41:29.968241" elapsed="76.080055"/>
</kw>
<if>
<branch type="IF" condition="${test_status}">
<kw name="Log" owner="BuiltIn">
<arg>Test ${test_name} réussi</arg>
<doc>Logs the given message with the given level.</doc>
<status status="NOT RUN" start="2025-06-11T11:42:46.048296" elapsed="0.000000"/>
</kw>
<kw name="Exit For Loop" owner="BuiltIn">
<doc>Stops executing the enclosing FOR loop.</doc>
<status status="NOT RUN" start="2025-06-11T11:42:46.048296" elapsed="0.000000"/>
</kw>
<status status="NOT RUN" start="2025-06-11T11:42:46.048296" elapsed="0.000000"/>
</branch>
<branch type="ELSE">
<kw name="Evaluate" owner="BuiltIn">
<msg time="2025-06-11T11:42:46.049298" level="INFO">${attempt} = 4</msg>
<var>${attempt}</var>
<arg>${attempt} + 1</arg>
<doc>Evaluates the given expression in Python and returns the result.</doc>
<status status="PASS" start="2025-06-11T11:42:46.048296" elapsed="0.001002"/>
</kw>
<if>
<branch type="IF" condition="${attempt} &lt;= ${MAX_RETRIES}">
<kw name="Log" owner="BuiltIn">
<msg time="2025-06-11T11:42:46.049298" level="INFO">Test Test Audio Recording And Playback échoué - Tentative 4/40</msg>
<arg>Test ${test_name} échoué - Tentative ${attempt}/${MAX_RETRIES}</arg>
<doc>Logs the given message with the given level.</doc>
<status status="PASS" start="2025-06-11T11:42:46.049298" elapsed="0.000000"/>
</kw>
<kw name="Sleep" owner="BuiltIn">
<msg time="2025-06-11T11:42:48.049385" level="INFO">Slept 2 seconds.</msg>
<arg>${RETRY_DELAY}</arg>
<doc>Pauses the test executed for the given time.</doc>
<status status="PASS" start="2025-06-11T11:42:46.049298" elapsed="2.000087"/>
</kw>
<status status="PASS" start="2025-06-11T11:42:46.049298" elapsed="2.000087"/>
</branch>
<status status="PASS" start="2025-06-11T11:42:46.049298" elapsed="2.000087"/>
</if>
<status status="PASS" start="2025-06-11T11:42:46.048296" elapsed="2.001089"/>
</branch>
<status status="PASS" start="2025-06-11T11:42:46.048296" elapsed="2.001089"/>
</if>
<var name="${index}">2</var>
<status status="PASS" start="2025-06-11T11:41:29.968241" elapsed="78.081144"/>
</iter>
<iter>
<kw name="Run Keyword And Return Status" owner="BuiltIn">
<kw name="Verify Audio Recording">
<kw name="Initialize Language Settings">
<kw name="Get System Language" owner="Integration">
<msg time="2025-06-11T11:42:48.088857" level="INFO">${lang} = eng</msg>
<var>${lang}</var>
<arg>${Device}</arg>
<status status="PASS" start="2025-06-11T11:42:48.051415" elapsed="0.037442"/>
</kw>
<kw name="Set Variable If" owner="BuiltIn">
<msg time="2025-06-11T11:42:48.088857" level="INFO">${lang_dict} = {'System': 'System', 'Setting': 'Settings', 'Audio': 'Recording', 'Record': 'START', 'Stop': 'STOP', 'Play': 'Play'}</msg>
<var>${lang_dict}</var>
<arg>'${lang}' == 'fr'</arg>
<arg>${LANG_FR}</arg>
<arg>${LANG_EN}</arg>
<doc>Sets variable based on the given condition.</doc>
<status status="PASS" start="2025-06-11T11:42:48.088857" elapsed="0.000000"/>
</kw>
<kw name="Set Suite Variable" owner="BuiltIn">
<msg time="2025-06-11T11:42:48.088857" level="INFO">${LANG_DICT} = {'System': 'System', 'Setting': 'Settings', 'Audio': 'Recording', 'Record': 'START', 'Stop': 'STOP', 'Play': 'Play'}</msg>
<arg>${LANG_DICT}</arg>
<arg>${lang_dict}</arg>
<doc>Makes a variable available everywhere within the scope of the current suite.</doc>
<status status="PASS" start="2025-06-11T11:42:48.088857" elapsed="0.000000"/>
</kw>
<status status="PASS" start="2025-06-11T11:42:48.051415" elapsed="0.037442"/>
</kw>
<kw name="Navigate To Audio App">
<kw name="Start Activity Code" owner="Integration">
<arg>${driver}</arg>
<arg>com.example.audioapplicationtest/.MainActivity</arg>
<doc>Lance une activité spécifique sur un appareil Android via Appium.</doc>
<status status="PASS" start="2025-06-11T11:42:48.090198" elapsed="0.048062"/>
</kw>
<kw name="Sleep" owner="BuiltIn">
<msg time="2025-06-11T11:42:51.138394" level="INFO">Slept 3 seconds.</msg>
<arg>3s</arg>
<doc>Pauses the test executed for the given time.</doc>
<status status="PASS" start="2025-06-11T11:42:48.138260" elapsed="3.000134"/>
</kw>
<kw name="Print Activity" owner="Integration">
<msg time="2025-06-11T11:42:51.226496" level="INFO">${current_activity} = com.example.audioapplicationtest/.MainActivity</msg>
<var>${current_activity}</var>
<arg>${driver}</arg>
<doc>Retourne l'activité complète sous la forme 'com.android.car.messenger/.ui.launcher.MessageLauncherActivity'.</doc>
<status status="PASS" start="2025-06-11T11:42:51.138394" elapsed="0.088102"/>
</kw>
<kw name="Should Contain" owner="BuiltIn">
<arg>${current_activity}</arg>
<arg>com.example.audioapplicationtest/.MainActivity</arg>
<arg>L'application n'est pas correctement lancée</arg>
<doc>Fails if ``container`` does not contain ``item`` one or more times.</doc>
<status status="PASS" start="2025-06-11T11:42:51.227018" elapsed="0.000000"/>
</kw>
<status status="PASS" start="2025-06-11T11:42:48.090198" elapsed="3.136820"/>
</kw>
<kw name="Start Audio Recording And Playback">
<kw name="Log" owner="BuiltIn">
<msg time="2025-06-11T11:42:51.228019" level="INFO">Démarrage de l'enregistrement audio...</msg>
<arg>Démarrage de l'enregistrement audio...</arg>
<doc>Logs the given message with the given level.</doc>
<status status="PASS" start="2025-06-11T11:42:51.227018" elapsed="0.001001"/>
</kw>
<kw name="Get Audio File Duration">
<kw name="Get Audio Duration" owner="Integration">
<msg time="2025-06-11T11:42:51.229017" level="INFO">✅ Durée du fichier audio C:\Users\bahae\Documents\PfeProject\test_cases\test.wav: 18.31 secondes</msg>
<msg time="2025-06-11T11:42:51.229017" level="INFO">${duration} = 18.311836734693877</msg>
<var>${duration}</var>
<arg>${driver}</arg>
<arg>${audio_file}</arg>
<doc>Obtient la durée d'un fichier audio en secondes.</doc>
<status status="PASS" start="2025-06-11T11:42:51.228019" elapsed="0.001539"/>
</kw>
<kw name="Should Not Be Equal As Numbers" owner="BuiltIn">
<msg time="2025-06-11T11:42:51.229614" level="INFO">Argument types are:
&lt;class 'float'&gt;
&lt;class 'str'&gt;</msg>
<arg>${duration}</arg>
<arg>0</arg>
<arg>Impossible d'obtenir la durée du fichier audio</arg>
<doc>Fails if objects are equal after converting them to real numbers.</doc>
<status status="PASS" start="2025-06-11T11:42:51.229614" elapsed="0.000000"/>
</kw>
<return>
<value>${duration}</value>
<status status="PASS" start="2025-06-11T11:42:51.229614" elapsed="0.000000"/>
</return>
<msg time="2025-06-11T11:42:51.229614" level="INFO">${duration} = 18.311836734693877</msg>
<var>${duration}</var>
<arg>${audio_file}</arg>
<status status="PASS" start="2025-06-11T11:42:51.228019" elapsed="0.001595"/>
</kw>
<kw name="Log" owner="BuiltIn">
<msg time="2025-06-11T11:42:51.229614" level="INFO">Durée du fichier audio à lire: 18.311836734693877 secondes</msg>
<arg>Durée du fichier audio à lire: ${duration} secondes</arg>
<doc>Logs the given message with the given level.</doc>
<status status="PASS" start="2025-06-11T11:42:51.229614" elapsed="0.000000"/>
</kw>
<kw name="Click Record Button">
<kw name="Wait For Record Button">
<kw name="Wait Until Keyword Succeeds" owner="BuiltIn">
<kw name="Check Element Exists" owner="Integration">
<arg>${driver}</arg>
<arg>//android.widget.Button[@text="START"]</arg>
<doc>Vérifie si un élément existe en utilisant le XPath donné.</doc>
<status status="PASS" start="2025-06-11T11:42:51.230595" elapsed="0.048076"/>
</kw>
<arg>${timeout}</arg>
<arg>${QUICK_WAIT}</arg>
<arg>Check Element Exists</arg>
<arg>${driver}</arg>
<arg>//android.widget.Button[@text="START"]</arg>
<doc>Runs the specified keyword and retries if it fails.</doc>
<status status="PASS" start="2025-06-11T11:42:51.229614" elapsed="0.049057"/>
</kw>
<status status="PASS" start="2025-06-11T11:42:51.229614" elapsed="0.049057"/>
</kw>
<kw name="Check Element Exists" owner="Integration">
<msg time="2025-06-11T11:42:51.325563" level="INFO">${button_exists} = True</msg>
<var>${button_exists}</var>
<arg>${driver}</arg>
<arg>//android.widget.Button[@text="START"]</arg>
<doc>Vérifie si un élément existe en utilisant le XPath donné.</doc>
<status status="PASS" start="2025-06-11T11:42:51.279674" elapsed="0.045889"/>
</kw>
<kw name="Should Be True" owner="BuiltIn">
<arg>${button_exists}</arg>
<arg>Le bouton START n'est pas visible</arg>
<doc>Fails if the given condition is not true.</doc>
<status status="PASS" start="2025-06-11T11:42:51.325563" elapsed="0.000000"/>
</kw>
<kw name="Run Keyword And Return Status" owner="BuiltIn">
<kw name="Click Element By Xpath Bounds" owner="Integration">
<arg>${driver}</arg>
<arg>//android.widget.Button[@text="START"]</arg>
<doc>Trouve un élément par XPath et clique dessus en utilisant ses bounds.</doc>
<status status="PASS" start="2025-06-11T11:42:51.326156" elapsed="0.463250"/>
</kw>
<msg time="2025-06-11T11:42:51.789406" level="INFO">${success} = True</msg>
<var>${success}</var>
<arg>click_element_by_xpath_bounds</arg>
<arg>${driver}</arg>
<arg>//android.widget.Button[@text="START"]</arg>
[...]
</kw>
<kw name="Log" owner="BuiltIn">
<arg>Résultat de la comparaison: ${result}</arg>
<doc>Logs the given message with the given level.</doc>
<status status="NOT RUN" start="2025-06-11T12:31:03.738801" elapsed="0.000000"/>
</kw>
<status status="FAIL" start="2025-06-11T12:29:48.834322" elapsed="74.904479">Test audio échoué - Vérifiez les métriques dans les logs</status>
</kw>
<msg time="2025-06-11T12:31:03.738801" level="INFO">${test_status} = False</msg>
<var>${test_status}</var>
<arg>${test_keyword}</arg>
<doc>Runs the given keyword with given arguments and returns the status as a Boolean value.</doc>
<status status="PASS" start="2025-06-11T12:29:48.834322" elapsed="74.904479"/>
</kw>
<if>
<branch type="IF" condition="${test_status}">
<kw name="Log" owner="BuiltIn">
<arg>Test ${test_name} réussi</arg>
<doc>Logs the given message with the given level.</doc>
<status status="NOT RUN" start="2025-06-11T12:31:03.739744" elapsed="0.000000"/>
</kw>
<kw name="Exit For Loop" owner="BuiltIn">
<doc>Stops executing the enclosing FOR loop.</doc>
<status status="NOT RUN" start="2025-06-11T12:31:03.739744" elapsed="0.000000"/>
</kw>
<status status="NOT RUN" start="2025-06-11T12:31:03.738801" elapsed="0.000943"/>
</branch>
<branch type="ELSE">
<kw name="Evaluate" owner="BuiltIn">
<msg time="2025-06-11T12:31:03.739744" level="INFO">${attempt} = 41</msg>
<var>${attempt}</var>
<arg>${attempt} + 1</arg>
<doc>Evaluates the given expression in Python and returns the result.</doc>
<status status="PASS" start="2025-06-11T12:31:03.739744" elapsed="0.000000"/>
</kw>
<if>
<branch type="IF" condition="${attempt} &lt;= ${MAX_RETRIES}">
<kw name="Log" owner="BuiltIn">
<arg>Test ${test_name} échoué - Tentative ${attempt}/${MAX_RETRIES}</arg>
<doc>Logs the given message with the given level.</doc>
<status status="NOT RUN" start="2025-06-11T12:31:03.739744" elapsed="0.000000"/>
</kw>
<kw name="Sleep" owner="BuiltIn">
<arg>${RETRY_DELAY}</arg>
<doc>Pauses the test executed for the given time.</doc>
<status status="NOT RUN" start="2025-06-11T12:31:03.739744" elapsed="0.000000"/>
</kw>
<status status="NOT RUN" start="2025-06-11T12:31:03.739744" elapsed="0.000000"/>
</branch>
<status status="PASS" start="2025-06-11T12:31:03.739744" elapsed="0.000000"/>
</if>
<status status="PASS" start="2025-06-11T12:31:03.739744" elapsed="0.000000"/>
</branch>
<status status="PASS" start="2025-06-11T12:31:03.738801" elapsed="0.000943"/>
</if>
<var name="${index}">39</var>
<status status="PASS" start="2025-06-11T12:29:48.834322" elapsed="74.905422"/>
</iter>
<var>${index}</var>
<value>${MAX_RETRIES}</value>
<status status="PASS" start="2025-06-11T11:38:53.676473" elapsed="3130.063271"/>
</for>
<if>
<branch type="IF" condition="not ${test_status}">
<kw name="Fail" owner="BuiltIn">
<msg time="2025-06-11T12:31:03.739744" level="FAIL">Le test Test Audio Recording And Playback a échoué après 40 tentatives</msg>
<arg>Le test ${test_name} a échoué après ${MAX_RETRIES} tentatives</arg>
<doc>Fails the test with the given message and optionally alters its tags.</doc>
<status status="FAIL" start="2025-06-11T12:31:03.739744" elapsed="0.000000">Le test Test Audio Recording And Playback a échoué après 40 tentatives</status>
</kw>
<status status="FAIL" start="2025-06-11T12:31:03.739744" elapsed="0.000000">Le test Test Audio Recording And Playback a échoué après 40 tentatives</status>
</branch>
<status status="FAIL" start="2025-06-11T12:31:03.739744" elapsed="0.000000">Le test Test Audio Recording And Playback a échoué après 40 tentatives</status>
</if>
<arg>Verify Audio Recording</arg>
<arg>Test Audio Recording And Playback</arg>
<status status="FAIL" start="2025-06-11T11:38:53.675473" elapsed="3130.064271">Le test Test Audio Recording And Playback a échoué après 40 tentatives</status>
</kw>
<doc>Verifies audio recording and playback functionality
- Navigates to audio recording app
- Records audio for a specified duration
- Plays back the recorded audio
- Supports both French and English interfaces</doc>
<tag>audio</tag>
<tag>playback</tag>
<tag>recording</tag>
<status status="FAIL" start="2025-06-11T11:38:53.667937" elapsed="3130.072870">Le test Test Audio Recording And Playback a échoué après 40 tentatives</status>
</test>
<test id="s1-t3" name="Test Audio Player And Playback" line="250">
<kw name="Navigate To Audio Player App">
<kw name="Start Activity Code" owner="Integration">
<arg>${driver}</arg>
<arg>com.example.audioapplicationtest/.AudioPlayerActivity</arg>
<doc>Lance une activité spécifique sur un appareil Android via Appium.</doc>
<status status="PASS" start="2025-06-11T12:31:03.741636" elapsed="0.052148"/>
</kw>
<kw name="Sleep" owner="BuiltIn">
<msg time="2025-06-11T12:31:06.794478" level="INFO">Slept 3 seconds.</msg>
<arg>3s</arg>
<doc>Pauses the test executed for the given time.</doc>
<status status="PASS" start="2025-06-11T12:31:03.793784" elapsed="3.000694"/>
</kw>
<kw name="Print Activity" owner="Integration">
<msg time="2025-06-11T12:31:06.865299" level="INFO">${current_activity} = com.example.audioapplicationtest/.AudioPlayerActivity</msg>
<var>${current_activity}</var>
<arg>${driver}</arg>
<doc>Retourne l'activité complète sous la forme 'com.android.car.messenger/.ui.launcher.MessageLauncherActivity'.</doc>
<status status="PASS" start="2025-06-11T12:31:06.794478" elapsed="0.070821"/>
</kw>
<kw name="Should Contain" owner="BuiltIn">
<arg>${current_activity}</arg>
<arg>com.example.audioapplicationtest/.AudioPlayerActivity</arg>
<arg>L'application n'est pas correctement lancée</arg>
<doc>Fails if ``container`` does not contain ``item`` one or more times.</doc>
<status status="PASS" start="2025-06-11T12:31:06.865299" elapsed="0.000000"/>
</kw>
<status status="PASS" start="2025-06-11T12:31:03.740807" elapsed="3.124492"/>
</kw>
<kw name="Record Audio" owner="Integration">
<msg time="2025-06-11T12:31:06.876959" level="INFO">✅ Enregistrement audio réussi : Enregistrement audio démarré</msg>
<msg time="2025-06-11T12:31:06.876959" level="INFO">${recording_success} = True</msg>
<var>${recording_success}</var>
<arg>${driver}</arg>
<arg>23</arg>
<doc>Enregistre l'audio du système via l'API Flask.</doc>
<status status="PASS" start="2025-06-11T12:31:06.865299" elapsed="0.011660"/>
</kw>
<kw name="Should Be True" owner="BuiltIn">
<arg>${recording_success}</arg>
<arg>L'enregistrement audio a échoué</arg>
<doc>Fails if the given condition is not true.</doc>
<status status="PASS" start="2025-06-11T12:31:06.876959" elapsed="0.000000"/>
</kw>
<kw name="Sleep" owner="BuiltIn">
<msg time="2025-06-11T12:31:07.877847" level="INFO">Slept 1 second.</msg>
<arg>1s</arg>
<doc>Pauses the test executed for the given time.</doc>
<status status="PASS" start="2025-06-11T12:31:06.876959" elapsed="1.000888"/>
</kw>
<kw name="Click Play Button">
<kw name="Wait For Record Button">
<kw name="Wait Until Keyword Succeeds" owner="BuiltIn">
<kw name="Check Element Exists" owner="Integration">
<arg>${driver}</arg>
<arg>//android.widget.Button[@text="START"]</arg>
<doc>Vérifie si un élément existe en utilisant le XPath donné.</doc>
<status status="PASS" start="2025-06-11T12:31:07.878516" elapsed="0.049677"/>
</kw>
<arg>${timeout}</arg>
<arg>${QUICK_WAIT}</arg>
<arg>Check Element Exists</arg>
<arg>${driver}</arg>
<arg>//android.widget.Button[@text="START"]</arg>
<doc>Runs the specified keyword and retries if it fails.</doc>
<status status="PASS" start="2025-06-11T12:31:07.878516" elapsed="0.049677"/>
</kw>
<status status="PASS" start="2025-06-11T12:31:07.877847" elapsed="0.050346"/>
</kw>
<kw name="Check Element Exists" owner="Integration">
<msg time="2025-06-11T12:31:07.968085" level="INFO">${button_exists} = True</msg>
<var>${button_exists}</var>
<arg>${driver}</arg>
<arg>//android.widget.Button[@text="PLAY TEST WAV"]</arg>
<doc>Vérifie si un élément existe en utilisant le XPath donné.</doc>
<status status="PASS" start="2025-06-11T12:31:07.928193" elapsed="0.039892"/>
</kw>
<kw name="Should Be True" owner="BuiltIn">
<arg>${button_exists}</arg>
<arg>Le bouton PLAY TEST WAV n'est pas visible</arg>
<doc>Fails if the given condition is not true.</doc>
<status status="PASS" start="2025-06-11T12:31:07.968085" elapsed="0.000000"/>
</kw>
<kw name="Run Keyword And Return Status" owner="BuiltIn">
<kw name="Click Element By Xpath Bounds" owner="Integration">
<arg>${driver}</arg>
<arg>//android.widget.Button[@text="PLAY TEST WAV"]</arg>
<doc>Trouve un élément par XPath et clique dessus en utilisant ses bounds.</doc>
<status status="PASS" start="2025-06-11T12:31:07.968085" elapsed="0.448963"/>
</kw>
<msg time="2025-06-11T12:31:08.417048" level="INFO">${success} = True</msg>
<var>${success}</var>
<arg>click_element_by_xpath_bounds</arg>
<arg>${driver}</arg>
<arg>//android.widget.Button[@text="PLAY TEST WAV"]</arg>
<doc>Runs the given keyword with given arguments and returns the status as a Boolean value.</doc>
<status status="PASS" start="2025-06-11T12:31:07.968085" elapsed="0.448963"/>
</kw>
<kw name="Should Be True" owner="BuiltIn">
<arg>${success}</arg>
<arg>Impossible de cliquer sur le bouton START</arg>
<doc>Fails if the given condition is not true.</doc>
<status status="PASS" start="2025-06-11T12:31:08.417048" elapsed="0.000000"/>
</kw>
<status status="PASS" start="2025-06-11T12:31:07.877847" elapsed="0.539201"/>
</kw>
<kw name="Sleep" owner="BuiltIn">
<msg time="2025-06-11T12:31:30.417289" level="INFO">Slept 22 seconds.</msg>
<arg>22s</arg>
<doc>Pauses the test executed for the given time.</doc>
<status status="PASS" start="2025-06-11T12:31:08.417048" elapsed="22.000241"/>
</kw>
<kw name="Compare Audio Files Play">
<kw name="Compare With Latest Recorded Play" owner="TestAudio">
<msg time="2025-06-11T12:32:02.205586" level="INFO">Graphiques sauvegardés dans: C:\Users\bahae\Documents\PfeProject\test_cases\..\log\plots\audio_comparison_lecture_20250611_123148.png</msg>
<msg time="2025-06-11T12:32:02.205586" level="INFO">============================= Début du test audio ==============================
Original: C:\Users\bahae\Documents\PfeProject\test_cases\test.wav
Enregistré: latest_playback.wav
Date du test: 2025-06-11 12:31:32

Original - Durée: 18.31s -&gt; Segment actif: 18.31s
Enregistré - Durée: 23.00s -&gt; Segment actif: 18.38s
Recherche du meilleur alignement...
Alignement initial trouvé, ajustement fin...

Détails de l'alignement:
Position originale: 0.000s
Position enregistrée: 0.043s
Ajustement: 43.4ms
Corrélation initiale: 0.398
Original length: 807552, Recorded length: 807552
Best lag: 0 samples (0.000 seconds)
Final lengths - Original: 807552, Aligned: 807552
Décalage temporel final: 0.000 secondes

=== Résultats ===
Décalage temporel: 0.000 secondes
         snr: -0.8156
 correlation: 0.3983
         mse: 0.0399
        rmse: 0.1996
energy_ratio: 1.0054
    max_diff: 1.2766
   mean_diff: 0.1475
         mos: 3.0454
     clarity: 1.0981
  clarity_db: 0.4064

=== Résultat: ÉCHEC ===
SNR: -0.82 dB (seuil: 5 dB)
Corrélation: 0.398 (seuil: 0.8)
MOS: 3.05/5 (seuil: 2.5)
Clarté: 1.098 (seuil: 0.7)</msg>
<msg time="2025-06-11T12:32:02.205586" level="INFO">${test_passed} = False</msg>
<msg time="2025-06-11T12:32:02.205586" level="INFO">${metrics} = {'snr': -0.8156035742206252, 'correlation': 0.39831863355384256, 'mse': 0.03985559722717172, 'rmse': 0.1996386666634791, 'energy_ratio': 1.0053618859111206, 'max_diff': 1.2765928962020792, 'mean_diff'...</msg>
<var>${test_passed}</var>
<var>${metrics}</var>
<arg>${original_audio}</arg>
<doc>Télécharge le dernier audio lu via l'API Flask et le compare à l'original.
:param original_audio: Chemin du fichier original (wav)
:param latest_audio_path: Chemin où sauvegarder le fichier téléchargé
:param api_url: URL de l'API Flask pour récupérer le dernier audio lu
:return: (test_passed, metrics)</doc>
<status status="PASS" start="2025-06-11T12:31:30.417850" elapsed="31.787736"/>
</kw>
<kw name="Log" owner="BuiltIn">
<msg time="2025-06-11T12:32:02.206564" level="INFO">SNR: -0.8156035742206252 dB (seuil: 20 dB)</msg>
<arg>SNR: ${metrics['snr']} dB (seuil: 20 dB)</arg>
<doc>Logs the given message with the given level.</doc>
<status status="PASS" start="2025-06-11T12:32:02.205586" elapsed="0.000978"/>
</kw>
<kw name="Log" owner="BuiltIn">
<msg time="2025-06-11T12:32:02.206564" level="INFO">Corrélation: 0.39831863355384256 (seuil: 0.9)</msg>
<arg>Corrélation: ${metrics['correlation']} (seuil: 0.9)</arg>
<doc>Logs the given message with the given level.</doc>
<status status="PASS" start="2025-06-11T12:32:02.206564" elapsed="0.000000"/>
</kw>
<kw name="Log" owner="BuiltIn">
<msg time="2025-06-11T12:32:02.206564" level="INFO">MOS: 3.045358217295786/5 (seuil: 3.0)</msg>
<arg>MOS: ${metrics['mos']}/5 (seuil: 3.0)</arg>
<doc>Logs the given message with the given level.</doc>
<status status="PASS" start="2025-06-11T12:32:02.206564" elapsed="0.000000"/>
</kw>
<kw name="Log" owner="BuiltIn">
<msg time="2025-06-11T12:32:02.207562" level="INFO">Clarté: 1.0981030940869314 (seuil: 0.8)</msg>
<arg>Clarté: ${metrics['clarity']} (seuil: 0.8)</arg>
<doc>Logs the given message with the given level.</doc>
<status status="PASS" start="2025-06-11T12:32:02.207562" elapsed="0.000617"/>
</kw>
<kw name="Set Variable" owner="BuiltIn">
<msg time="2025-06-11T12:32:02.210698" level="FAIL">Resolving variable '${metrics['plot_file']}' failed: KeyError: 'plot_file'</msg>
<var>${plot_file}</var>
<arg>${metrics['plot_file']}</arg>
<doc>Returns the given values which can then be assigned to a variables.</doc>
<status status="FAIL" start="2025-06-11T12:32:02.208179" elapsed="0.002519">Resolving variable '${metrics['plot_file']}' failed: KeyError: 'plot_file'</status>
</kw>
<kw name="Log" owner="BuiltIn">
<arg>&lt;img src="${plot_file}" width="800px"/&gt;</arg>
<doc>Logs the given message with the given level.</doc>
<status status="NOT RUN" start="2025-06-11T12:32:02.210698" elapsed="0.000000"/>
</kw>
<kw name="Evaluate" owner="BuiltIn">
<var>${snr_ok}</var>
<arg>${metrics['snr']} &gt;= 20</arg>
<doc>Evaluates the given expression in Python and returns the result.</doc>
<status status="NOT RUN" start="2025-06-11T12:32:02.211736" elapsed="0.000042"/>
</kw>
<kw name="Evaluate" owner="BuiltIn">
<var>${correlation_ok}</var>
<arg>${metrics['correlation']} &gt;= 0.9</arg>
<doc>Evaluates the given expression in Python and returns the result.</doc>
<status status="NOT RUN" start="2025-06-11T12:32:02.211778" elapsed="0.000000"/>
</kw>
<kw name="Evaluate" owner="BuiltIn">
<var>${mos_ok}</var>
<arg>${metrics['mos']} &gt;= 3.0</arg>
<doc>Evaluates the given expression in Python and returns the result.</doc>
<status status="NOT RUN" start="2025-06-11T12:32:02.211778" elapsed="0.000000"/>
</kw>
<kw name="Evaluate" owner="BuiltIn">
<var>${clarity_ok}</var>
<arg>${metrics['clarity']} &gt;= 0.8</arg>
<doc>Evaluates the given expression in Python and returns the result.</doc>
<status status="NOT RUN" start="2025-06-11T12:32:02.211778" elapsed="0.000000"/>
</kw>
<kw name="Evaluate" owner="BuiltIn">
<var>${test_passed}</var>
<arg>${snr_ok} and ${correlation_ok} and ${mos_ok} and ${clarity_ok}</arg>
<doc>Evaluates the given expression in Python and returns the result.</doc>
<status status="NOT RUN" start="2025-06-11T12:32:02.211778" elapsed="0.000000"/>
</kw>
<if>
<branch type="IF" condition="not ${test_passed}">
<kw name="Log" owner="BuiltIn">
<arg>❌ Test échoué - Métriques critiques non satisfaites</arg>
<doc>Logs the given message with the given level.</doc>
<status status="NOT RUN" start="2025-06-11T12:32:02.211778" elapsed="0.000000"/>
</kw>
<kw name="Fail" owner="BuiltIn">
<arg>Test audio échoué - Vérifiez les métriques dans les logs</arg>
<doc>Fails the test with the given message and optionally alters its tags.</doc>
<status status="NOT RUN" start="2025-06-11T12:32:02.211778" elapsed="0.000000"/>
</kw>
<status status="NOT RUN" start="2025-06-11T12:32:02.211778" elapsed="0.000000"/>
</branch>
<branch type="ELSE">
<kw name="Log" owner="BuiltIn">
<arg>✅ Test réussi - Toutes les métriques sont satisfaites</arg>
<doc>Logs the given message with the given level.</doc>
<status status="NOT RUN" start="2025-06-11T12:32:02.211778" elapsed="0.000000"/>
</kw>
<status status="NOT RUN" start="2025-06-11T12:32:02.211778" elapsed="0.000000"/>
</branch>
<status status="NOT RUN" start="2025-06-11T12:32:02.211778" elapsed="0.000000"/>
</if>
<return>
<value>${test_passed}</value>
<value>${metrics}</value>
<status status="NOT RUN" start="2025-06-11T12:32:02.211778" elapsed="0.000000"/>
</return>
<arg>C:\\Users\\bahae\\Documents\\PfeProject\\test_cases${/}test.wav</arg>
<status status="FAIL" start="2025-06-11T12:31:30.417289" elapsed="31.794489">Resolving variable '${metrics['plot_file']}' failed: KeyError: 'plot_file'</status>
</kw>
<doc>Verifies audio recording and playback functionality
- Navigates to audio recording app
- Records audio for a specified duration
- Plays audio
- Supports both French and English interfaces</doc>
<tag>audio</tag>
<tag>playback</tag>
<tag>recording</tag>
<status status="FAIL" start="2025-06-11T12:31:03.740807" elapsed="58.470971">Resolving variable '${metrics['plot_file']}' failed: KeyError: 'plot_file'</status>
</test>
<kw name="Fermer Driver" type="TEARDOWN">
<kw name="Run Keyword And Return Status" owner="BuiltIn">
<kw name="Variable Should Exist" owner="BuiltIn">
<arg>${driver}</arg>
<doc>Fails unless the given variable exists within the current scope.</doc>
<status status="PASS" start="2025-06-11T12:32:02.214766" elapsed="0.000000"/>
</kw>
<msg time="2025-06-11T12:32:02.214766" level="INFO">${driver_exists} = True</msg>
<var>${driver_exists}</var>
<arg>Variable Should Exist</arg>
<arg>${driver}</arg>
<doc>Runs the given keyword with given arguments and returns the status as a Boolean value.</doc>
<status status="PASS" start="2025-06-11T12:32:02.214766" elapsed="0.000000"/>
</kw>
<if>
<branch type="IF" condition="${driver_exists}">
<kw name="Run Keyword And Return Status" owner="BuiltIn">
<kw name="Close Driver" owner="Integration">
<arg>${driver}</arg>
<doc>Ferme proprement le driver Appium.</doc>
<status status="PASS" start="2025-06-11T12:32:02.214766" elapsed="0.160532"/>
</kw>
<msg time="2025-06-11T12:32:02.375298" level="INFO">${close_success} = True</msg>
<var>${close_success}</var>
<arg>Close Driver</arg>
<arg>${driver}</arg>
<doc>Runs the given keyword with given arguments and returns the status as a Boolean value.</doc>
<status status="PASS" start="2025-06-11T12:32:02.214766" elapsed="0.160532"/>
</kw>
<if>
<branch type="IF" condition="not ${close_success}">
<kw name="Log" owner="BuiltIn">
<arg>Warning: Impossible de fermer proprement le driver Appium</arg>
<doc>Logs the given message with the given level.</doc>
<status status="NOT RUN" start="2025-06-11T12:32:02.375298" elapsed="0.000000"/>
</kw>
<status status="NOT RUN" start="2025-06-11T12:32:02.375298" elapsed="0.000000"/>
</branch>
<status status="PASS" start="2025-06-11T12:32:02.375298" elapsed="0.000988"/>
</if>
<status status="PASS" start="2025-06-11T12:32:02.214766" elapsed="0.161520"/>
</branch>
<status status="PASS" start="2025-06-11T12:32:02.214766" elapsed="0.161520"/>
</if>
<status status="PASS" start="2025-06-11T12:32:02.214766" elapsed="0.161520"/>
</kw>
<doc>Tests for audio recording and playback functionality
- Verifies audio recording capabilities
- Verifies audio playback capabilities
- Supports both French and English interfaces</doc>
<status status="FAIL" start="2025-06-11T11:38:45.111458" elapsed="3197.264828"/>
</suite>
<statistics>
<total>
<stat pass="1" fail="2" skip="0">All Tests</stat>
</total>
<tag>
<stat pass="0" fail="2" skip="0">audio</stat>
<stat pass="0" fail="2" skip="0">playback</stat>
<stat pass="0" fail="2" skip="0">recording</stat>
</tag>
<suite>
<stat name="TestsAudio" id="s1" pass="1" fail="2" skip="0">TestsAudio</stat>
</suite>
</statistics>
<errors>
</errors>
</robot>
