<?xml version="1.0" encoding="UTF-8"?>
<robot generator="Robot 7.2.2 (Python 3.12.5 on win32)" generated="2025-05-05T17:04:27.069795" rpa="false" schemaversion="5">
<suite id="s1" name="WiFiAndConnectivite" source="C:\Users\bahae\Desktop\PfeProject\test_cases\WiFiAndConnectivite.robot">
<kw name="Démarrer Driver" type="SETUP">
<kw name="Setup Driver" owner="Integration">
<msg time="2025-05-05T17:04:36.891746" level="INFO">${driver} = &lt;appium.webdriver.webdriver.WebDriver (session="7601bb58-89c6-48a7-bb5b-88453c5dfc6e")&gt;</msg>
<var>${driver}</var>
<arg>${Device}</arg>
<doc>Initialise et retourne le driver Appium.</doc>
<status status="PASS" start="2025-05-05T17:04:27.674483" elapsed="9.217263"/>
</kw>
<kw name="Set Suite Variable" owner="BuiltIn">
<msg time="2025-05-05T17:04:36.892700" level="INFO">${driver} = &lt;appium.webdriver.webdriver.WebDriver (session="7601bb58-89c6-48a7-bb5b-88453c5dfc6e")&gt;</msg>
<arg>${driver}</arg>
<doc>Makes a variable available everywhere within the scope of the current suite.</doc>
<status status="PASS" start="2025-05-05T17:04:36.892700" elapsed="0.000000"/>
</kw>
<status status="PASS" start="2025-05-05T17:04:27.673482" elapsed="9.219218"/>
</kw>
<test id="s1-t1" name="Test Ouvrir Wifi" line="34">
<kw name="Get System Language" owner="Integration">
<msg time="2025-05-05T17:04:36.957217" level="INFO">${lang} = eng</msg>
<var>${lang}</var>
<arg>${Device}</arg>
<status status="PASS" start="2025-05-05T17:04:36.892700" elapsed="0.064517"/>
</kw>
<if>
<branch type="IF" condition="'${lang}' == 'fr'">
<kw name="Set Variable" owner="BuiltIn">
<var>${System}</var>
<arg>Système</arg>
<doc>Returns the given values which can then be assigned to a variables.</doc>
<status status="NOT RUN" start="2025-05-05T17:04:36.957217" elapsed="0.000000"/>
</kw>
<kw name="Set Variable" owner="BuiltIn">
<var>${Setting}</var>
<arg>Paramètres</arg>
<doc>Returns the given values which can then be assigned to a variables.</doc>
<status status="NOT RUN" start="2025-05-05T17:04:36.957217" elapsed="0.000000"/>
</kw>
<kw name="Set Variable" owner="BuiltIn">
<var>${apps}</var>
<arg>Applis</arg>
<doc>Returns the given values which can then be assigned to a variables.</doc>
<status status="NOT RUN" start="2025-05-05T17:04:36.957217" elapsed="0.000000"/>
</kw>
<kw name="Set Variable" owner="BuiltIn">
<var>${Consulter_allapps}</var>
<arg>Voir les</arg>
<doc>Returns the given values which can then be assigned to a variables.</doc>
<status status="NOT RUN" start="2025-05-05T17:04:36.958314" elapsed="0.000000"/>
</kw>
<kw name="Set Variable" owner="BuiltIn">
<var>${DesButton}</var>
<arg>Désinstaller</arg>
<doc>Returns the given values which can then be assigned to a variables.</doc>
<status status="NOT RUN" start="2025-05-05T17:04:36.958314" elapsed="0.000000"/>
</kw>
<kw name="Set Variable" owner="BuiltIn">
<var>${ReseauMenu}</var>
<arg>Réseau et Internet</arg>
<doc>Returns the given values which can then be assigned to a variables.</doc>
<status status="NOT RUN" start="2025-05-05T17:04:36.958314" elapsed="0.000000"/>
</kw>
<status status="NOT RUN" start="2025-05-05T17:04:36.957217" elapsed="0.001097"/>
</branch>
<branch type="ELSE">
<kw name="Set Variable" owner="BuiltIn">
<msg time="2025-05-05T17:04:36.958314" level="INFO">${System} = System</msg>
<var>${System}</var>
<arg>System</arg>
<doc>Returns the given values which can then be assigned to a variables.</doc>
<status status="PASS" start="2025-05-05T17:04:36.958314" elapsed="0.000000"/>
</kw>
<kw name="Set Variable" owner="BuiltIn">
<msg time="2025-05-05T17:04:36.958314" level="INFO">${Setting} = Settings</msg>
<var>${Setting}</var>
<arg>Settings</arg>
<doc>Returns the given values which can then be assigned to a variables.</doc>
<status status="PASS" start="2025-05-05T17:04:36.958314" elapsed="0.000000"/>
</kw>
<kw name="Set Variable" owner="BuiltIn">
<msg time="2025-05-05T17:04:36.958314" level="INFO">${apps} = Applis</msg>
<var>${apps}</var>
<arg>Applis</arg>
<doc>Returns the given values which can then be assigned to a variables.</doc>
<status status="PASS" start="2025-05-05T17:04:36.958314" elapsed="0.000000"/>
</kw>
<kw name="Set Variable" owner="BuiltIn">
<msg time="2025-05-05T17:04:36.958314" level="INFO">${Consulter_allapps} = Voir les</msg>
<var>${Consulter_allapps}</var>
<arg>Voir les</arg>
<doc>Returns the given values which can then be assigned to a variables.</doc>
<status status="PASS" start="2025-05-05T17:04:36.958314" elapsed="0.000000"/>
</kw>
<kw name="Set Variable" owner="BuiltIn">
<msg time="2025-05-05T17:04:36.958314" level="INFO">${DesButton} = Désinstaller</msg>
<var>${DesButton}</var>
<arg>Désinstaller</arg>
<doc>Returns the given values which can then be assigned to a variables.</doc>
<status status="PASS" start="2025-05-05T17:04:36.958314" elapsed="0.000000"/>
</kw>
<kw name="Set Variable" owner="BuiltIn">
<msg time="2025-05-05T17:04:36.958314" level="INFO">${confirme} = OK</msg>
<var>${confirme}</var>
<arg>OK</arg>
<doc>Returns the given values which can then be assigned to a variables.</doc>
<status status="PASS" start="2025-05-05T17:04:36.958314" elapsed="0.000000"/>
</kw>
<kw name="Set Variable" owner="BuiltIn">
<msg time="2025-05-05T17:04:36.959316" level="INFO">${ReseauMenu} = Réseau et Internet</msg>
<var>${ReseauMenu}</var>
<arg>Réseau et Internet</arg>
<doc>Returns the given values which can then be assigned to a variables.</doc>
<status status="PASS" start="2025-05-05T17:04:36.959316" elapsed="0.000000"/>
</kw>
<status status="PASS" start="2025-05-05T17:04:36.958314" elapsed="0.001002"/>
</branch>
<status status="PASS" start="2025-05-05T17:04:36.957217" elapsed="0.002099"/>
</if>
<kw name="Open Application With Click" owner="Integration">
<msg time="2025-05-05T17:05:07.771370" level="INFO">📌 Liste des applications détectées : ['Calendar', 'Appium Settings', 'ARD Audiothek', 'Bluetooth Audio', 'Crunchyroll', 'Voice Recorder', 'Google Assistant', 'News', 'Home Assistant', 'Local Media Player', 'Maps', 'Settings', 'Play Store', 'Prime Video', 'SMS']
📌 First Home Page détectée : ['Calendar', 'Appium Settings', 'ARD Audiothek', 'Bluetooth Audio', 'Crunchyroll', 'Voice Recorder', 'Google Assistant', 'News', 'Home Assistant', 'Local Media Player', 'Maps', 'Settings', 'Play Store', 'Prime Video', 'SMS']

📌 Liste des applications détectées : ['Calendar', 'Appium Settings', 'ARD Audiothek', 'Bluetooth Audio', 'Crunchyroll', 'Voice Recorder', 'Google Assistant', 'News', 'Home Assistant', 'Local Media Player', 'Maps', 'Settings', 'Play Store', 'Prime Video', 'SMS']
✅ Retour à la first home page !

📌 Liste des applications détectées : ['Calendar', 'Appium Settings', 'ARD Audiothek', 'Bluetooth Audio', 'Crunchyroll', 'Voice Recorder', 'Google Assistant', 'News', 'Home Assistant', 'Local Media Player', 'Maps', 'Settings', 'Play Store', 'Prime Video', 'SMS']
399 619 501 657</msg>
<msg time="2025-05-05T17:05:07.771370" level="INFO">${resultat} = True</msg>
<var>${resultat}</var>
<arg>${driver}</arg>
<arg>${Setting}</arg>
<status status="PASS" start="2025-05-05T17:04:36.959316" elapsed="30.812054"/>
</kw>
<kw name="Sleep" owner="BuiltIn">
<msg time="2025-05-05T17:05:09.772551" level="INFO">Slept 2 seconds.</msg>
<arg>2s</arg>
<doc>Pauses the test executed for the given time.</doc>
<status status="PASS" start="2025-05-05T17:05:07.772351" elapsed="2.000200"/>
</kw>
<kw name="Check Element Exists By Id" owner="Integration">
<msg time="2025-05-05T17:05:09.844703" level="INFO">${Verfier} = True</msg>
<var>${Verfier}</var>
<arg>${driver}</arg>
<arg>${Setting_xpath_id}</arg>
<doc>Vérifie si un élément existe en utilisant son ID.</doc>
<status status="PASS" start="2025-05-05T17:05:09.772551" elapsed="0.072152"/>
</kw>
<kw name="Should Be True" owner="BuiltIn">
<arg>${Verfier}</arg>
<arg>Setting n'est pas affiché.</arg>
<doc>Fails if the given condition is not true.</doc>
<status status="PASS" start="2025-05-05T17:05:09.845697" elapsed="0.000000"/>
</kw>
<kw name="Clique Sur Setting" owner="Integration">
<msg time="2025-05-05T17:05:29.837858" level="INFO">(0, 76, 550, 696)
🔽 Swipe vers le bas #1
🔽 Swipe vers le bas #2
🔽 Swipe vers le bas #3
🛑 Plus de nouveaux éléments en bas. Fin de balayage.
🔼 Swipe vers le haut #1
🔼 Swipe vers le haut #2
🔼 Swipe vers le haut #3
🔼 Swipe vers le haut #4
🛑 Aucun nouvel élément en haut. Fin de balayage.
❌ 'Réseau et Internet' introuvable après balayage complet.</msg>
<arg>${driver}</arg>
<arg>${ReseauMenu}</arg>
<arg>${Setting_menu}</arg>
<status status="PASS" start="2025-05-05T17:05:09.845697" elapsed="19.992161"/>
</kw>
<kw name="Activer Wifi Si Desactive" owner="Integration">
<msg time="2025-05-05T17:05:30.505203" level="INFO">[ERROR] Label 'Wi-Fi' non trouvé
❌ Erreur lors de l'activation du wifi : 'NoneType' object has no attribute 'get_attribute'</msg>
<arg>${driver}</arg>
<status status="PASS" start="2025-05-05T17:05:29.837858" elapsed="0.667345"/>
</kw>
<kw name="Sleep" owner="BuiltIn">
<msg time="2025-05-05T17:05:33.505261" level="INFO">Slept 3 seconds.</msg>
<arg>3s</arg>
<doc>Pauses the test executed for the given time.</doc>
<status status="PASS" start="2025-05-05T17:05:30.505203" elapsed="3.000058"/>
</kw>
<kw name="Is Active Wifi Ui" owner="Integration">
<msg time="2025-05-05T17:05:34.134791" level="INFO">[ERROR] Label 'Wi-Fi' non trouvé
❌ Switch Wi-Fi introuvable</msg>
<msg time="2025-05-05T17:05:34.134791" level="INFO">${verifier_wifi_ui} = False</msg>
<var>${verifier_wifi_ui}</var>
<arg>${driver}</arg>
<status status="PASS" start="2025-05-05T17:05:33.505261" elapsed="0.629530"/>
</kw>
<kw name="Run Keyword And Continue On Failure" owner="BuiltIn">
<kw name="Should Be True" owner="BuiltIn">
<msg time="2025-05-05T17:05:34.135793" level="FAIL">Le Wifi ne s'active pas (ui).</msg>
<arg>${verifier_wifi_ui}</arg>
<arg>Le Wifi ne s'active pas (ui).</arg>
<doc>Fails if the given condition is not true.</doc>
<status status="FAIL" start="2025-05-05T17:05:34.135793" elapsed="0.000000">Le Wifi ne s'active pas (ui).</status>
</kw>
<arg>Should Be True</arg>
<arg>${verifier_wifi_ui}</arg>
<arg>Le Wifi ne s'active pas (ui).</arg>
<doc>Runs the keyword and continues execution even if a failure occurs.</doc>
<status status="FAIL" start="2025-05-05T17:05:34.134791" elapsed="0.001998">Le Wifi ne s'active pas (ui).</status>
</kw>
<kw name="Is Wifi Enabled Adb" owner="Integration">
<msg time="2025-05-05T17:05:34.569724" level="INFO">❌ Le Wi-Fi est désactivé.</msg>
<msg time="2025-05-05T17:05:34.569724" level="INFO">${verfier_wifi_adb} = False</msg>
<var>${verfier_wifi_adb}</var>
<arg>${driver}</arg>
<status status="PASS" start="2025-05-05T17:05:34.136789" elapsed="0.432935"/>
</kw>
<kw name="Run Keyword And Continue On Failure" owner="BuiltIn">
<kw name="Should Be True" owner="BuiltIn">
<msg time="2025-05-05T17:05:34.570723" level="FAIL">Le Wifi ne s'active pas (via adb).</msg>
<arg>${verfier_wifi_adb}</arg>
<arg>Le Wifi ne s'active pas (via adb).</arg>
<doc>Fails if the given condition is not true.</doc>
<status status="FAIL" start="2025-05-05T17:05:34.569724" elapsed="0.000999">Le Wifi ne s'active pas (via adb).</status>
</kw>
<arg>Should Be True</arg>
<arg>${verfier_wifi_adb}</arg>
<arg>Le Wifi ne s'active pas (via adb).</arg>
<doc>Runs the keyword and continues execution even if a failure occurs.</doc>
<status status="FAIL" start="2025-05-05T17:05:34.569724" elapsed="0.000999">Le Wifi ne s'active pas (via adb).</status>
</kw>
<doc>Ce test vérifie si le Bluetooth peut être activé sur l'appareil en accédant aux paramètres.  Il vérifie que l'élément Bluetooth est bien présent, puis tente de activer Bluetooth et de vérifier son statut.</doc>
<status status="FAIL" start="2025-05-05T17:04:36.892700" elapsed="57.678023">Several failures occurred:

1) Le Wifi ne s'active pas (ui).

2) Le Wifi ne s'active pas (via adb).</status>
</test>
<test id="s1-t2" name="Test Fermer Wifi" line="73">
<kw name="Get System Language" owner="Integration">
<msg time="2025-05-05T17:05:34.625747" level="INFO">${lang} = eng</msg>
<var>${lang}</var>
<arg>${Device}</arg>
<status status="PASS" start="2025-05-05T17:05:34.570723" elapsed="0.055024"/>
</kw>
<if>
<branch type="IF" condition="'${lang}' == 'fr'">
<kw name="Set Variable" owner="BuiltIn">
<var>${System}</var>
<arg>Système</arg>
<doc>Returns the given values which can then be assigned to a variables.</doc>
<status status="NOT RUN" start="2025-05-05T17:05:34.625747" elapsed="0.000000"/>
</kw>
<kw name="Set Variable" owner="BuiltIn">
<var>${Setting}</var>
<arg>Paramètres</arg>
<doc>Returns the given values which can then be assigned to a variables.</doc>
<status status="NOT RUN" start="2025-05-05T17:05:34.625747" elapsed="0.000000"/>
</kw>
<kw name="Set Variable" owner="BuiltIn">
<var>${apps}</var>
<arg>Applis</arg>
<doc>Returns the given values which can then be assigned to a variables.</doc>
<status status="NOT RUN" start="2025-05-05T17:05:34.625747" elapsed="0.000000"/>
</kw>
<kw name="Set Variable" owner="BuiltIn">
<var>${Consulter_allapps}</var>
<arg>Voir les</arg>
<doc>Returns the given values which can then be assigned to a variables.</doc>
<status status="NOT RUN" start="2025-05-05T17:05:34.625747" elapsed="0.000000"/>
</kw>
<kw name="Set Variable" owner="BuiltIn">
<var>${DesButton}</var>
<arg>Désinstaller</arg>
<doc>Returns the given values which can then be assigned to a variables.</doc>
<status status="NOT RUN" start="2025-05-05T17:05:34.625747" elapsed="0.000976"/>
</kw>
<kw name="Set Variable" owner="BuiltIn">
<var>${ReseauMenu}</var>
<arg>Réseau et Internet</arg>
<doc>Returns the given values which can then be assigned to a variables.</doc>
<status status="NOT RUN" start="2025-05-05T17:05:34.626723" elapsed="0.000000"/>
</kw>
<status status="NOT RUN" start="2025-05-05T17:05:34.625747" elapsed="0.000976"/>
</branch>
<branch type="ELSE">
<kw name="Set Variable" owner="BuiltIn">
<msg time="2025-05-05T17:05:34.626723" level="INFO">${System} = System</msg>
<var>${System}</var>
<arg>System</arg>
<doc>Returns the given values which can then be assigned to a variables.</doc>
<status status="PASS" start="2025-05-05T17:05:34.626723" elapsed="0.000000"/>
</kw>
<kw name="Set Variable" owner="BuiltIn">
<msg time="2025-05-05T17:05:34.626723" level="INFO">${Setting} = Settings</msg>
<var>${Setting}</var>
<arg>Settings</arg>
<doc>Returns the given values which can then be assigned to a variables.</doc>
<status status="PASS" start="2025-05-05T17:05:34.626723" elapsed="0.000000"/>
</kw>
<kw name="Set Variable" owner="BuiltIn">
<msg time="2025-05-05T17:05:34.626723" level="INFO">${apps} = Applis</msg>
<var>${apps}</var>
<arg>Applis</arg>
<doc>Returns the given values which can then be assigned to a variables.</doc>
<status status="PASS" start="2025-05-05T17:05:34.626723" elapsed="0.000000"/>
</kw>
<kw name="Set Variable" owner="BuiltIn">
<msg time="2025-05-05T17:05:34.626723" level="INFO">${Consulter_allapps} = Voir les</msg>
<var>${Consulter_allapps}</var>
<arg>Voir les</arg>
<doc>Returns the given values which can then be assigned to a variables.</doc>
<status status="PASS" start="2025-05-05T17:05:34.626723" elapsed="0.000000"/>
</kw>
<kw name="Set Variable" owner="BuiltIn">
<msg time="2025-05-05T17:05:34.626723" level="INFO">${DesButton} = Désinstaller</msg>
<var>${DesButton}</var>
<arg>Désinstaller</arg>
<doc>Returns the given values which can then be assigned to a variables.</doc>
<status status="PASS" start="2025-05-05T17:05:34.626723" elapsed="0.000000"/>
</kw>
<kw name="Set Variable" owner="BuiltIn">
<msg time="2025-05-05T17:05:34.626723" level="INFO">${confirme} = OK</msg>
<var>${confirme}</var>
<arg>OK</arg>
<doc>Returns the given values which can then be assigned to a variables.</doc>
<status status="PASS" start="2025-05-05T17:05:34.626723" elapsed="0.000000"/>
</kw>
<kw name="Set Variable" owner="BuiltIn">
<msg time="2025-05-05T17:05:34.626723" level="INFO">${ReseauMenu} = Réseau et Internet</msg>
<var>${ReseauMenu}</var>
<arg>Réseau et Internet</arg>
<doc>Returns the given values which can then be assigned to a variables.</doc>
<status status="PASS" start="2025-05-05T17:05:34.626723" elapsed="0.001032"/>
</kw>
<status status="PASS" start="2025-05-05T17:05:34.626723" elapsed="0.001032"/>
</branch>
<status status="PASS" start="2025-05-05T17:05:34.625747" elapsed="0.002008"/>
</if>
<kw name="Open Application With Click" owner="Integration">
<msg time="2025-05-05T17:06:07.774953" level="INFO">📌 Liste des applications détectées : ['Calendar', 'Appium Settings', 'ARD Audiothek', 'Bluetooth Audio', 'Crunchyroll', 'Voice Recorder', 'Google Assistant', 'News', 'Home Assistant', 'Local Media Player', 'Maps', 'Settings', 'Play Store', 'Prime Video', 'SMS']
📌 First Home Page détectée : ['Calendar', 'Appium Settings', 'ARD Audiothek', 'Bluetooth Audio', 'Crunchyroll', 'Voice Recorder', 'Google Assistant', 'News', 'Home Assistant', 'Local Media Player', 'Maps', 'Settings', 'Play Store', 'Prime Video', 'SMS']

📌 Liste des applications détectées : ['Calendar', 'Appium Settings', 'ARD Audiothek', 'Bluetooth Audio', 'Crunchyroll', 'Voice Recorder', 'Google Assistant', 'News', 'Home Assistant', 'Local Media Player', 'Maps', 'Settings', 'Play Store', 'Prime Video', 'SMS']
✅ Retour à la first home page !

📌 Liste des applications détectées : ['Calendar', 'Appium Settings', 'ARD Audiothek', 'Bluetooth Audio', 'Crunchyroll', 'Voice Recorder', 'Google Assistant', 'News', 'Home Assistant', 'Local Media Player', 'Maps', 'Settings', 'Play Store', 'Prime Video', 'SMS']
399 619 501 657</msg>
<msg time="2025-05-05T17:06:07.774953" level="INFO">${resultat} = True</msg>
<var>${resultat}</var>
<arg>${driver}</arg>
<arg>${Setting}</arg>
<status status="PASS" start="2025-05-05T17:05:34.627755" elapsed="33.147198"/>
</kw>
<kw name="Sleep" owner="BuiltIn">
<msg time="2025-05-05T17:06:09.775088" level="INFO">Slept 2 seconds.</msg>
<arg>2s</arg>
<doc>Pauses the test executed for the given time.</doc>
<status status="PASS" start="2025-05-05T17:06:07.774953" elapsed="2.000135"/>
</kw>
<kw name="Check Element Exists By Id" owner="Integration">
<msg time="2025-05-05T17:06:09.895854" level="INFO">${Verfier} = True</msg>
<var>${Verfier}</var>
<arg>${driver}</arg>
<arg>${Setting_xpath_id}</arg>
<doc>Vérifie si un élément existe en utilisant son ID.</doc>
<status status="PASS" start="2025-05-05T17:06:09.775088" elapsed="0.121754"/>
</kw>
<kw name="Should Be True" owner="BuiltIn">
<arg>${Verfier}</arg>
<arg>Setting n'est pas affiché.</arg>
<doc>Fails if the given condition is not true.</doc>
<status status="PASS" start="2025-05-05T17:06:09.896842" elapsed="0.000000"/>
</kw>
<kw name="Clique Sur Setting" owner="Integration">
<msg time="2025-05-05T17:06:32.979995" level="INFO">(0, 76, 550, 696)
🔽 Swipe vers le bas #1
🔽 Swipe vers le bas #2
🔽 Swipe vers le bas #3
🔽 Swipe vers le bas #4
🛑 Plus de nouveaux éléments en bas. Fin de balayage.
🔼 Swipe vers le haut #1
🔼 Swipe vers le haut #2
🔼 Swipe vers le haut #3
🔼 Swipe vers le haut #4
🛑 Aucun nouvel élément en haut. Fin de balayage.
❌ 'Réseau et Internet' introuvable après balayage complet.</msg>
<arg>${driver}</arg>
<arg>${ReseauMenu}</arg>
<arg>${Setting_menu}</arg>
<status status="PASS" start="2025-05-05T17:06:09.896842" elapsed="23.083153"/>
</kw>
<kw name="Desactiver Wifi Si Active" owner="Integration">
<msg time="2025-05-05T17:06:33.507126" level="INFO">[ERROR] Label 'Wi-Fi' non trouvé
❌ Erreur lors de l'activation du wifi : 'NoneType' object has no attribute 'get_attribute'</msg>
<arg>${driver}</arg>
<status status="PASS" start="2025-05-05T17:06:32.981001" elapsed="0.526125"/>
</kw>
<kw name="Sleep" owner="BuiltIn">
<msg time="2025-05-05T17:06:36.507682" level="INFO">Slept 3 seconds.</msg>
<arg>3s</arg>
<doc>Pauses the test executed for the given time.</doc>
<status status="PASS" start="2025-05-05T17:06:33.507653" elapsed="3.000029"/>
</kw>
<kw name="Is Active Wifi Ui" owner="Integration">
<msg time="2025-05-05T17:06:37.160676" level="INFO">[ERROR] Label 'Wi-Fi' non trouvé
❌ Switch Wi-Fi introuvable</msg>
<msg time="2025-05-05T17:06:37.160676" level="INFO">${verifier_wifi_ui} = False</msg>
<var>${verifier_wifi_ui}</var>
<arg>${driver}</arg>
<status status="PASS" start="2025-05-05T17:06:36.507682" elapsed="0.652994"/>
</kw>
<kw name="Run Keyword And Continue On Failure" owner="BuiltIn">
<kw name="Should Not Be True" owner="BuiltIn">
<arg>${verifier_wifi_ui}</arg>
<arg>Le Wifi ne s'active pas (ui).</arg>
<doc>Fails if the given condition is true.</doc>
<status status="PASS" start="2025-05-05T17:06:37.160676" elapsed="0.001000"/>
</kw>
<arg>Should Not Be True</arg>
<arg>${verifier_wifi_ui}</arg>
<arg>Le Wifi ne s'active pas (ui).</arg>
<doc>Runs the keyword and continues execution even if a failure occurs.</doc>
<status status="PASS" start="2025-05-05T17:06:37.160676" elapsed="0.001000"/>
</kw>
<kw name="Is Wifi Enabled Adb" owner="Integration">
<msg time="2025-05-05T17:06:37.611508" level="INFO">❌ Le Wi-Fi est désactivé.</msg>
<msg time="2025-05-05T17:06:37.611508" level="INFO">${verfier_wifi_adb} = False</msg>
<var>${verfier_wifi_adb}</var>
<arg>${driver}</arg>
<status status="PASS" start="2025-05-05T17:06:37.161676" elapsed="0.449832"/>
</kw>
<kw name="Run Keyword And Continue On Failure" owner="BuiltIn">
<kw name="Should Not Be True" owner="BuiltIn">
<arg>${verfier_wifi_adb}</arg>
<arg>Le Wifi ne s'active pas (via adb).</arg>
<doc>Fails if the given condition is true.</doc>
<status status="PASS" start="2025-05-05T17:06:37.611508" elapsed="0.000000"/>
</kw>
<arg>Should Not Be True</arg>
<arg>${verfier_wifi_adb}</arg>
<arg>Le Wifi ne s'active pas (via adb).</arg>
<doc>Runs the keyword and continues execution even if a failure occurs.</doc>
<status status="PASS" start="2025-05-05T17:06:37.611508" elapsed="0.000000"/>
</kw>
<doc>Ce test vérifie si le Bluetooth peut être activé sur l'appareil en accédant aux paramètres.  Il vérifie que l'élément Bluetooth est bien présent, puis tente de activer Bluetooth et de vérifier son statut.</doc>
<status status="PASS" start="2025-05-05T17:05:34.570723" elapsed="63.041906"/>
</test>
<kw name="Fermer Driver" type="TEARDOWN">
<kw name="Run Keyword If" owner="BuiltIn">
<kw name="Close Driver" owner="Integration">
<arg>${driver}</arg>
<doc>Ferme proprement le driver Appium.</doc>
<status status="PASS" start="2025-05-05T17:06:37.613578" elapsed="0.362928"/>
</kw>
<arg>'${driver}' != 'None'</arg>
<arg>Close Driver</arg>
<arg>${driver}</arg>
<doc>Runs the given keyword with the given arguments, if ``condition`` is true.</doc>
<status status="PASS" start="2025-05-05T17:06:37.612629" elapsed="0.363877"/>
</kw>
<status status="PASS" start="2025-05-05T17:06:37.612629" elapsed="0.363877"/>
</kw>
<doc>Ce fichier contient des tests d'activation et de désactivation du Bluetooth sur un appareil Android. Les tests vérifient que les paramètres Bluetooth sont accessibles et que les actions d'activation/désactivation fonctionnent correctement. Les tests prennent en charge les interfaces en français et en anglais.</doc>
<status status="FAIL" start="2025-05-05T17:04:27.070793" elapsed="130.905713"/>
</suite>
<statistics>
<total>
<stat pass="1" fail="1" skip="0">All Tests</stat>
</total>
<tag>
</tag>
<suite>
<stat name="WiFiAndConnectivite" id="s1" pass="1" fail="1" skip="0">WiFiAndConnectivite</stat>
</suite>
</statistics>
<errors>
</errors>
</robot>
