<?xml version="1.0" encoding="UTF-8"?>
<robot generator="Robot 7.2.2 (Python 3.12.5 on win32)" generated="2025-05-08T23:30:11.439744" rpa="false" schemaversion="5">
<suite id="s1" name="FonctionnaliteMaps" source="D:\pfe\PfeProject\test_cases\FonctionnaliteMaps.robot">
<kw name="Démarrer Driver" type="SETUP">
<kw name="Setup Driver" owner="Integration">
<msg time="2025-05-08T23:30:24.009994" level="INFO">${driver} = &lt;appium.webdriver.webdriver.WebDriver (session="5361e95c-a65d-409e-828d-4a1a8b9e834a")&gt;</msg>
<var>${driver}</var>
<arg>${Device}</arg>
<doc>Initialise et retourne le driver Appium.</doc>
<status status="PASS" start="2025-05-08T23:30:14.294775" elapsed="9.715219"/>
</kw>
<kw name="Set Suite Variable" owner="BuiltIn">
<msg time="2025-05-08T23:30:24.009994" level="INFO">${driver} = &lt;appium.webdriver.webdriver.WebDriver (session="5361e95c-a65d-409e-828d-4a1a8b9e834a")&gt;</msg>
<arg>${driver}</arg>
<doc>Makes a variable available everywhere within the scope of the current suite.</doc>
<status status="PASS" start="2025-05-08T23:30:24.009994" elapsed="0.000000"/>
</kw>
<kw name="Initialize Language Settings">
<kw name="Get System Language" owner="Integration">
<msg time="2025-05-08T23:30:24.084993" level="INFO">${lang} = fr</msg>
<var>${lang}</var>
<arg>${Device}</arg>
<status status="PASS" start="2025-05-08T23:30:24.009994" elapsed="0.074999"/>
</kw>
<kw name="Set Variable If" owner="BuiltIn">
<msg time="2025-05-08T23:30:24.084993" level="INFO">${lang_dict} = {'System': 'Système', 'Setting': 'Paramètres', 'Gps': 'Position', 'use_loc': 'Utiliser la localisation', 'acces': 'Accès à la position'}</msg>
<var>${lang_dict}</var>
<arg>'${lang}' == 'fr'</arg>
<arg>${LANG_FR}</arg>
<arg>${LANG_EN}</arg>
<doc>Sets variable based on the given condition.</doc>
<status status="PASS" start="2025-05-08T23:30:24.084993" elapsed="0.000000"/>
</kw>
<kw name="Set Suite Variable" owner="BuiltIn">
<msg time="2025-05-08T23:30:24.084993" level="INFO">${LANG_DICT} = {'System': 'Système', 'Setting': 'Paramètres', 'Gps': 'Position', 'use_loc': 'Utiliser la localisation', 'acces': 'Accès à la position'}</msg>
<arg>${LANG_DICT}</arg>
<arg>${lang_dict}</arg>
<doc>Makes a variable available everywhere within the scope of the current suite.</doc>
<status status="PASS" start="2025-05-08T23:30:24.084993" elapsed="0.000000"/>
</kw>
<doc>Sets up language-specific variables based on system language</doc>
<status status="PASS" start="2025-05-08T23:30:24.009994" elapsed="0.074999"/>
</kw>
<doc>Initializes the test driver</doc>
<status status="PASS" start="2025-05-08T23:30:14.277256" elapsed="9.807737"/>
</kw>
<test id="s1-t1" name="Test Ouvrir Gps" line="149">
<kw name="Execute Test With Retry">
<kw name="Set Variable" owner="BuiltIn">
<msg time="2025-05-08T23:30:24.086994" level="INFO">${attempt} = 1</msg>
<var>${attempt}</var>
<arg>1</arg>
<doc>Returns the given values which can then be assigned to a variables.</doc>
<status status="PASS" start="2025-05-08T23:30:24.086994" elapsed="0.000000"/>
</kw>
<kw name="Set Variable" owner="BuiltIn">
<msg time="2025-05-08T23:30:24.086994" level="INFO">${test_status} = False</msg>
<var>${test_status}</var>
<arg>${FALSE}</arg>
<doc>Returns the given values which can then be assigned to a variables.</doc>
<status status="PASS" start="2025-05-08T23:30:24.086994" elapsed="0.000000"/>
</kw>
<for flavor="IN RANGE">
<iter>
<kw name="Run Keyword And Return Status" owner="BuiltIn">
<kw name="Execute Open Gps Test">
<kw name="Open Application With Click" owner="Integration">
<msg time="2025-05-08T23:30:58.990169" level="INFO">📌 Liste des applications détectées : ['Agenda', 'Appium Settings', 'ARD Audiothek', 'Audio Bluetooth', 'Crunchyroll', 'Enregistreur vocal', 'Google Assistant', 'Google\xa0Actualités', 'Home Assistant', 'Local Media Player', 'Maps', 'Paramètres', 'Play\xa0Store', 'Prime Video', 'SMS']
📌 First Home Page détectée : ['Agenda', 'Appium Settings', 'ARD Audiothek', 'Audio Bluetooth', 'Crunchyroll', 'Enregistreur vocal', 'Google Assistant', 'Google\xa0Actualités', 'Home Assistant', 'Local Media Player', 'Maps', 'Paramètres', 'Play\xa0Store', 'Prime Video', 'SMS']

📌 Liste des applications détectées : ['Agenda', 'Appium Settings', 'ARD Audiothek', 'Audio Bluetooth', 'Crunchyroll', 'Enregistreur vocal', 'Google Assistant', 'Google\xa0Actualités', 'Home Assistant', 'Local Media Player', 'Maps', 'Paramètres', 'Play\xa0Store', 'Prime Video', 'SMS']
✅ Retour à la first home page !

📌 Liste des applications détectées : ['Agenda', 'Appium Settings', 'ARD Audiothek', 'Audio Bluetooth', 'Crunchyroll', 'Enregistreur vocal', 'Google Assistant', 'Google\xa0Actualités', 'Home Assistant', 'Local Media Player', 'Maps', 'Paramètres', 'Play\xa0Store', 'Prime Video', 'SMS']
378 619 522 657</msg>
<msg time="2025-05-08T23:30:58.990169" level="INFO">${resultat} = True</msg>
<var>${resultat}</var>
<arg>${driver}</arg>
<arg>${LANG_DICT.Setting}</arg>
<status status="PASS" start="2025-05-08T23:30:24.087993" elapsed="34.902176"/>
</kw>
<kw name="Sleep" owner="BuiltIn">
<msg time="2025-05-08T23:30:59.490297" level="INFO">Slept 500 milliseconds.</msg>
<arg>${QUICK_WAIT}</arg>
<doc>Pauses the test executed for the given time.</doc>
<status status="PASS" start="2025-05-08T23:30:58.990169" elapsed="0.500128"/>
</kw>
<kw name="Clique Sur Setting Include" owner="Integration">
<msg time="2025-05-08T23:31:25.101503" level="INFO">📌 Liste des applications détectées : ['Bluetooth', 'Réseau et Internet', 'Notifications', 'Son', 'Écran', 'Profils et comptes', 'Position', 'Utiliser la localisation', "Fonctionnalités d'aide à la conduite"]
📌 First Home Page détectée : ['Bluetooth', 'Réseau et Internet', 'Notifications', 'Son', 'Écran', 'Profils et comptes', 'Position', 'Utiliser la localisation', "Fonctionnalités d'aide à la conduite"]
🔄 Swipe #1 en cours...

📌 Liste des applications détectées : ['Bluetooth', 'Réseau et Internet', 'Notifications', 'Son', 'Écran', 'Profils et comptes', 'Position', 'Utiliser la localisation', "Fonctionnalités d'aide à la conduite"]
✅ Retour à la first home page !
First Home Page détectée : ['Son', 'Notifications', 'Réseau et Internet', 'Profils et comptes', 'Bluetooth', 'Position', 'Écran']
 Position trouvé ! Appui sur le texte contenant 'Position'.</msg>
<arg>${driver}</arg>
<arg>${LANG_DICT.Gps}</arg>
<arg>${Setting_menu}</arg>
<status status="PASS" start="2025-05-08T23:30:59.490297" elapsed="25.612208"/>
</kw>
<kw name="Clique Sur Setting Include" owner="Integration">
<msg time="2025-05-08T23:31:53.192798" level="INFO">📌 Liste des applications détectées : ['Bluetooth', 'Réseau et Internet', 'Notifications', 'Son', 'Écran', 'Profils et comptes', 'Position', 'Accès à la position', 'Autorisations des applis', 'Accès récent(s)', 'Maps', 'Appium Settings']
📌 First Home Page détectée : ['Bluetooth', 'Réseau et Internet', 'Notifications', 'Son', 'Écran', 'Profils et comptes', 'Position', 'Accès à la position', 'Autorisations des applis', 'Accès récent(s)', 'Maps', 'Appium Settings']
🔄 Swipe #1 en cours...

📌 Liste des applications détectées : ['Bluetooth', 'Réseau et Internet', 'Notifications', 'Son', 'Écran', 'Profils et comptes', 'Position', 'Accès à la position', 'Autorisations des applis', 'Accès récent(s)', 'Maps', 'Appium Settings']
✅ Retour à la first home page !
First Home Page détectée : ['Choisissez si les applis ont accès la position de votre voiture', 'Accès récent(s)', 'il y a 0\xa0min', 'Appium Settings', 'Gérez les autorisations de chaque appli', 'Maps', 'Accès à la position', 'Autorisations des applis']
 Accès à la position trouvé ! Appui sur le texte contenant 'Accès à la position'.</msg>
<arg>${driver}</arg>
<arg>${LANG_DICT.acces}</arg>
<arg>${Setting_system}</arg>
<status status="PASS" start="2025-05-08T23:31:25.102505" elapsed="28.090293"/>
</kw>
<kw name="Activer Toggle Si Desactive" owner="Integration">
<msg time="2025-05-08T23:31:55.127223" level="INFO">true</msg>
<arg>${driver}</arg>
<arg>${LANG_DICT.use_loc}</arg>
<status status="PASS" start="2025-05-08T23:31:53.192798" elapsed="1.934425"/>
</kw>
<kw name="Is Gps Enabled Adb" owner="Integration">
<msg time="2025-05-08T23:31:55.214281" level="INFO">✅ Le GPS est activé (location_mode = 3).</msg>
<msg time="2025-05-08T23:31:55.215281" level="INFO">${verfier_gps_adb} = True</msg>
<var>${verfier_gps_adb}</var>
<arg>${driver}</arg>
<doc>Vérifie si le GPS (services de localisation) est activé via ADB pour un device donné.</doc>
<status status="PASS" start="2025-05-08T23:31:55.127223" elapsed="0.088058"/>
</kw>
<kw name="Should Be True" owner="BuiltIn">
<arg>${verfier_gps_adb}</arg>
<arg>Le GPS ne s'active pas (via ADB)</arg>
<doc>Fails if the given condition is not true.</doc>
<status status="PASS" start="2025-05-08T23:31:55.215281" elapsed="0.000000"/>
</kw>
<doc>Tests GPS activation</doc>
<status status="PASS" start="2025-05-08T23:30:24.087993" elapsed="91.127288"/>
</kw>
<msg time="2025-05-08T23:31:55.215281" level="INFO">${test_status} = True</msg>
<var>${test_status}</var>
<arg>${test_keyword}</arg>
<doc>Runs the given keyword with given arguments and returns the status as a Boolean value.</doc>
<status status="PASS" start="2025-05-08T23:30:24.087993" elapsed="91.127288"/>
</kw>
<if>
<branch type="IF" condition="${test_status}">
<kw name="Log" owner="BuiltIn">
<msg time="2025-05-08T23:31:55.215281" level="INFO">Test Test Ouvrir Gps réussi</msg>
<arg>Test ${test_name} réussi</arg>
<doc>Logs the given message with the given level.</doc>
<status status="PASS" start="2025-05-08T23:31:55.215281" elapsed="0.000000"/>
</kw>
<kw name="Exit For Loop" owner="BuiltIn">
<msg time="2025-05-08T23:31:55.216281" level="INFO">Exiting for loop altogether.</msg>
<doc>Stops executing the enclosing FOR loop.</doc>
<status status="PASS" start="2025-05-08T23:31:55.215281" elapsed="0.001000"/>
</kw>
<status status="PASS" start="2025-05-08T23:31:55.215281" elapsed="0.001000"/>
</branch>
<branch type="ELSE">
<kw name="Evaluate" owner="BuiltIn">
<var>${attempt}</var>
<arg>${attempt} + 1</arg>
<doc>Evaluates the given expression in Python and returns the result.</doc>
<status status="NOT RUN" start="2025-05-08T23:31:55.216281" elapsed="0.000000"/>
</kw>
<if>
<branch type="IF" condition="${attempt} &lt;= ${MAX_RETRIES}">
<kw name="Log" owner="BuiltIn">
<arg>Test ${test_name} échoué - Tentative ${attempt}/${MAX_RETRIES}</arg>
<doc>Logs the given message with the given level.</doc>
<status status="NOT RUN" start="2025-05-08T23:31:55.216281" elapsed="0.000000"/>
</kw>
<kw name="Sleep" owner="BuiltIn">
<arg>${RETRY_DELAY}</arg>
<doc>Pauses the test executed for the given time.</doc>
<status status="NOT RUN" start="2025-05-08T23:31:55.216281" elapsed="0.000000"/>
</kw>
<status status="NOT RUN" start="2025-05-08T23:31:55.216281" elapsed="0.000000"/>
</branch>
<status status="NOT RUN" start="2025-05-08T23:31:55.216281" elapsed="0.000000"/>
</if>
<status status="NOT RUN" start="2025-05-08T23:31:55.216281" elapsed="0.000000"/>
</branch>
<status status="PASS" start="2025-05-08T23:31:55.215281" elapsed="0.001000"/>
</if>
<var name="${index}">0</var>
<status status="PASS" start="2025-05-08T23:30:24.087993" elapsed="91.128288"/>
</iter>
<var>${index}</var>
<value>${MAX_RETRIES}</value>
<status status="PASS" start="2025-05-08T23:30:24.086994" elapsed="91.129287"/>
</for>
<if>
<branch type="IF" condition="not ${test_status}">
<kw name="Fail" owner="BuiltIn">
<arg>Le test ${test_name} a échoué après ${MAX_RETRIES} tentatives</arg>
<doc>Fails the test with the given message and optionally alters its tags.</doc>
<status status="NOT RUN" start="2025-05-08T23:31:55.216281" elapsed="0.000000"/>
</kw>
<status status="NOT RUN" start="2025-05-08T23:31:55.216281" elapsed="0.000000"/>
</branch>
<status status="PASS" start="2025-05-08T23:31:55.216281" elapsed="0.000000"/>
</if>
<arg>Execute Open Gps Test</arg>
<arg>Test Ouvrir Gps</arg>
<status status="PASS" start="2025-05-08T23:30:24.085992" elapsed="91.130289"/>
</kw>
<doc>Teste l'activation du GPS
- Ouvre les paramètres
- Active le GPS
- Vérifie l'activation via ADB</doc>
<tag>gps</tag>
<tag>smoke</tag>
<status status="PASS" start="2025-05-08T23:30:24.085992" elapsed="91.130289"/>
</test>
<test id="s1-t2" name="Test GPS Location Functionality" line="157">
<kw name="Execute Test With Retry">
<kw name="Set Variable" owner="BuiltIn">
<msg time="2025-05-08T23:31:55.217280" level="INFO">${attempt} = 1</msg>
<var>${attempt}</var>
<arg>1</arg>
<doc>Returns the given values which can then be assigned to a variables.</doc>
<status status="PASS" start="2025-05-08T23:31:55.217280" elapsed="0.000000"/>
</kw>
<kw name="Set Variable" owner="BuiltIn">
<msg time="2025-05-08T23:31:55.218281" level="INFO">${test_status} = False</msg>
<var>${test_status}</var>
<arg>${FALSE}</arg>
<doc>Returns the given values which can then be assigned to a variables.</doc>
<status status="PASS" start="2025-05-08T23:31:55.218281" elapsed="0.000000"/>
</kw>
<for flavor="IN RANGE">
<iter>
<kw name="Run Keyword And Return Status" owner="BuiltIn">
<kw name="Execute Gps Location Test">
<kw name="Set Location ViaAdb" owner="Integration">
<msg time="2025-05-08T23:31:55.257317" level="INFO">[OK] Position définie : -74.0060, 40.7128</msg>
<arg>${Device}</arg>
<arg>${Longitude}</arg>
<arg>${Latitude}</arg>
<doc>Définit une nouvelle position GPS via une API Flask sur le host.</doc>
<status status="PASS" start="2025-05-08T23:31:55.218281" elapsed="0.039036"/>
</kw>
<kw name="Sleep" owner="BuiltIn">
<msg time="2025-05-08T23:31:55.758842" level="INFO">Slept 500 milliseconds.</msg>
<arg>${QUICK_WAIT}</arg>
<doc>Pauses the test executed for the given time.</doc>
<status status="PASS" start="2025-05-08T23:31:55.257317" elapsed="0.501525"/>
</kw>
<kw name="Get Location ViaAdb" owner="Integration">
<msg time="2025-05-08T23:31:55.865374" level="INFO">${current_latitude} = 48.8566</msg>
<msg time="2025-05-08T23:31:55.865374" level="INFO">${current_longitude} = 2.352198</msg>
<var>${current_latitude}</var>
<var>${current_longitude}</var>
<arg>${Device}</arg>
<status status="PASS" start="2025-05-08T23:31:55.758842" elapsed="0.106532"/>
</kw>
<kw name="Should Be Equal As Numbers" owner="BuiltIn">
<msg time="2025-05-08T23:31:55.865374" level="INFO">Argument types are:
&lt;class 'float'&gt;
&lt;class 'str'&gt;</msg>
<msg time="2025-05-08T23:31:55.866373" level="FAIL">La latitude n'a pas été mise à jour correctement: 48.8566 != 40.7128</msg>
<arg>${current_latitude}</arg>
<arg>${Latitude}</arg>
<arg>La latitude n'a pas été mise à jour correctement</arg>
<doc>Fails if objects are unequal after converting them to real numbers.</doc>
<status status="FAIL" start="2025-05-08T23:31:55.865374" elapsed="0.000999">La latitude n'a pas été mise à jour correctement: 48.8566 != 40.7128</status>
</kw>
<kw name="Should Be Equal As Numbers" owner="BuiltIn">
<arg>${current_longitude}</arg>
<arg>${Longitude}</arg>
<arg>La longitude n'a pas été mise à jour correctement</arg>
<doc>Fails if objects are unequal after converting them to real numbers.</doc>
<status status="NOT RUN" start="2025-05-08T23:31:55.866373" elapsed="0.000000"/>
</kw>
<doc>Tests GPS location functionality</doc>
<status status="FAIL" start="2025-05-08T23:31:55.218281" elapsed="0.648092">La latitude n'a pas été mise à jour correctement: 48.8566 != 40.7128</status>
</kw>
<msg time="2025-05-08T23:31:55.866373" level="INFO">${test_status} = False</msg>
<var>${test_status}</var>
<arg>${test_keyword}</arg>
<doc>Runs the given keyword with given arguments and returns the status as a Boolean value.</doc>
<status status="PASS" start="2025-05-08T23:31:55.218281" elapsed="0.649091"/>
</kw>
<if>
<branch type="IF" condition="${test_status}">
<kw name="Log" owner="BuiltIn">
<arg>Test ${test_name} réussi</arg>
<doc>Logs the given message with the given level.</doc>
<status status="NOT RUN" start="2025-05-08T23:31:55.867372" elapsed="0.000000"/>
</kw>
<kw name="Exit For Loop" owner="BuiltIn">
<doc>Stops executing the enclosing FOR loop.</doc>
<status status="NOT RUN" start="2025-05-08T23:31:55.867372" elapsed="0.000000"/>
</kw>
<status status="NOT RUN" start="2025-05-08T23:31:55.867372" elapsed="0.000000"/>
</branch>
<branch type="ELSE">
<kw name="Evaluate" owner="BuiltIn">
<msg time="2025-05-08T23:31:55.867372" level="INFO">${attempt} = 2</msg>
<var>${attempt}</var>
<arg>${attempt} + 1</arg>
<doc>Evaluates the given expression in Python and returns the result.</doc>
<status status="PASS" start="2025-05-08T23:31:55.867372" elapsed="0.000000"/>
</kw>
<if>
<branch type="IF" condition="${attempt} &lt;= ${MAX_RETRIES}">
<kw name="Log" owner="BuiltIn">
<msg time="2025-05-08T23:31:55.867372" level="INFO">Test Test GPS Location Functionality échoué - Tentative 2/3</msg>
<arg>Test ${test_name} échoué - Tentative ${attempt}/${MAX_RETRIES}</arg>
<doc>Logs the given message with the given level.</doc>
<status status="PASS" start="2025-05-08T23:31:55.867372" elapsed="0.001002"/>
</kw>
<kw name="Sleep" owner="BuiltIn">
<msg time="2025-05-08T23:31:57.868958" level="INFO">Slept 2 seconds.</msg>
<arg>${RETRY_DELAY}</arg>
<doc>Pauses the test executed for the given time.</doc>
<status status="PASS" start="2025-05-08T23:31:55.868374" elapsed="2.000584"/>
</kw>
<status status="PASS" start="2025-05-08T23:31:55.867372" elapsed="2.001586"/>
</branch>
<status status="PASS" start="2025-05-08T23:31:55.867372" elapsed="2.001586"/>
</if>
<status status="PASS" start="2025-05-08T23:31:55.867372" elapsed="2.001586"/>
</branch>
<status status="PASS" start="2025-05-08T23:31:55.867372" elapsed="2.001586"/>
</if>
<var name="${index}">0</var>
<status status="PASS" start="2025-05-08T23:31:55.218281" elapsed="2.650677"/>
</iter>
<iter>
<kw name="Run Keyword And Return Status" owner="BuiltIn">
<kw name="Execute Gps Location Test">
<kw name="Set Location ViaAdb" owner="Integration">
<msg time="2025-05-08T23:31:57.905476" level="INFO">[OK] Position définie : -74.0060, 40.7128</msg>
<arg>${Device}</arg>
<arg>${Longitude}</arg>
<arg>${Latitude}</arg>
<doc>Définit une nouvelle position GPS via une API Flask sur le host.</doc>
<status status="PASS" start="2025-05-08T23:31:57.869959" elapsed="0.035517"/>
</kw>
<kw name="Sleep" owner="BuiltIn">
<msg time="2025-05-08T23:31:58.405972" level="INFO">Slept 500 milliseconds.</msg>
<arg>${QUICK_WAIT}</arg>
<doc>Pauses the test executed for the given time.</doc>
<status status="PASS" start="2025-05-08T23:31:57.905476" elapsed="0.500496"/>
</kw>
<kw name="Get Location ViaAdb" owner="Integration">
<msg time="2025-05-08T23:31:58.548783" level="INFO">${current_latitude} = 40.7128</msg>
<msg time="2025-05-08T23:31:58.548783" level="INFO">${current_longitude} = -74.006</msg>
<var>${current_latitude}</var>
<var>${current_longitude}</var>
<arg>${Device}</arg>
<status status="PASS" start="2025-05-08T23:31:58.405972" elapsed="0.143809"/>
</kw>
<kw name="Should Be Equal As Numbers" owner="BuiltIn">
<msg time="2025-05-08T23:31:58.549781" level="INFO">Argument types are:
&lt;class 'float'&gt;
&lt;class 'str'&gt;</msg>
<arg>${current_latitude}</arg>
<arg>${Latitude}</arg>
<arg>La latitude n'a pas été mise à jour correctement</arg>
<doc>Fails if objects are unequal after converting them to real numbers.</doc>
<status status="PASS" start="2025-05-08T23:31:58.549781" elapsed="0.000000"/>
</kw>
<kw name="Should Be Equal As Numbers" owner="BuiltIn">
<msg time="2025-05-08T23:31:58.549781" level="INFO">Argument types are:
&lt;class 'float'&gt;
&lt;class 'str'&gt;</msg>
<arg>${current_longitude}</arg>
<arg>${Longitude}</arg>
<arg>La longitude n'a pas été mise à jour correctement</arg>
<doc>Fails if objects are unequal after converting them to real numbers.</doc>
<status status="PASS" start="2025-05-08T23:31:58.549781" elapsed="0.000000"/>
</kw>
<doc>Tests GPS location functionality</doc>
<status status="PASS" start="2025-05-08T23:31:57.869959" elapsed="0.679822"/>
</kw>
<msg time="2025-05-08T23:31:58.549781" level="INFO">${test_status} = True</msg>
<var>${test_status}</var>
<arg>${test_keyword}</arg>
<doc>Runs the given keyword with given arguments and returns the status as a Boolean value.</doc>
<status status="PASS" start="2025-05-08T23:31:57.868958" elapsed="0.680823"/>
</kw>
<if>
<branch type="IF" condition="${test_status}">
<kw name="Log" owner="BuiltIn">
<msg time="2025-05-08T23:31:58.550781" level="INFO">Test Test GPS Location Functionality réussi</msg>
<arg>Test ${test_name} réussi</arg>
<doc>Logs the given message with the given level.</doc>
<status status="PASS" start="2025-05-08T23:31:58.549781" elapsed="0.001000"/>
</kw>
<kw name="Exit For Loop" owner="BuiltIn">
<msg time="2025-05-08T23:31:58.550781" level="INFO">Exiting for loop altogether.</msg>
<doc>Stops executing the enclosing FOR loop.</doc>
<status status="PASS" start="2025-05-08T23:31:58.550781" elapsed="0.000000"/>
</kw>
<status status="PASS" start="2025-05-08T23:31:58.549781" elapsed="0.001000"/>
</branch>
<branch type="ELSE">
<kw name="Evaluate" owner="BuiltIn">
<var>${attempt}</var>
<arg>${attempt} + 1</arg>
<doc>Evaluates the given expression in Python and returns the result.</doc>
<status status="NOT RUN" start="2025-05-08T23:31:58.550781" elapsed="0.000000"/>
</kw>
<if>
<branch type="IF" condition="${attempt} &lt;= ${MAX_RETRIES}">
<kw name="Log" owner="BuiltIn">
<arg>Test ${test_name} échoué - Tentative ${attempt}/${MAX_RETRIES}</arg>
<doc>Logs the given message with the given level.</doc>
<status status="NOT RUN" start="2025-05-08T23:31:58.550781" elapsed="0.000000"/>
</kw>
<kw name="Sleep" owner="BuiltIn">
<arg>${RETRY_DELAY}</arg>
<doc>Pauses the test executed for the given time.</doc>
<status status="NOT RUN" start="2025-05-08T23:31:58.550781" elapsed="0.000000"/>
</kw>
<status status="NOT RUN" start="2025-05-08T23:31:58.550781" elapsed="0.000000"/>
</branch>
<status status="NOT RUN" start="2025-05-08T23:31:58.550781" elapsed="0.000000"/>
</if>
<status status="NOT RUN" start="2025-05-08T23:31:58.550781" elapsed="0.000000"/>
</branch>
<status status="PASS" start="2025-05-08T23:31:58.549781" elapsed="0.001000"/>
</if>
<var name="${index}">1</var>
<status status="PASS" start="2025-05-08T23:31:57.868958" elapsed="0.681823"/>
</iter>
<var>${index}</var>
<value>${MAX_RETRIES}</value>
<status status="PASS" start="2025-05-08T23:31:55.218281" elapsed="3.332500"/>
</for>
<if>
<branch type="IF" condition="not ${test_status}">
<kw name="Fail" owner="BuiltIn">
<arg>Le test ${test_name} a échoué après ${MAX_RETRIES} tentatives</arg>
<doc>Fails the test with the given message and optionally alters its tags.</doc>
<status status="NOT RUN" start="2025-05-08T23:31:58.550781" elapsed="0.000000"/>
</kw>
<status status="NOT RUN" start="2025-05-08T23:31:58.550781" elapsed="0.000000"/>
</branch>
<status status="PASS" start="2025-05-08T23:31:58.550781" elapsed="0.000000"/>
</if>
<arg>Execute Gps Location Test</arg>
<arg>Test GPS Location Functionality</arg>
<status status="PASS" start="2025-05-08T23:31:55.217280" elapsed="3.333501"/>
</kw>
<doc>Teste la fonctionnalité de modification de position GPS
- Définit une position GPS spécifique via ADB
- Vérifie que la position a bien été mise à jour</doc>
<tag>gps</tag>
<tag>location</tag>
<status status="PASS" start="2025-05-08T23:31:55.217280" elapsed="3.334500"/>
</test>
<test id="s1-t3" name="Test GPS Multi-Location" line="164">
<for flavor="IN">
<iter>
<kw name="Test GPS Location For Coordinates">
<kw name="Set Location ViaAdb" owner="Integration">
<msg time="2025-05-08T23:31:58.590029" level="INFO">[OK] Position définie : -74.0060, 40.7128</msg>
<arg>${Device}</arg>
<arg>${longitude}</arg>
<arg>${latitude}</arg>
<doc>Définit une nouvelle position GPS via une API Flask sur le host.</doc>
<status status="PASS" start="2025-05-08T23:31:58.551780" elapsed="0.038249"/>
</kw>
<kw name="Sleep" owner="BuiltIn">
<msg time="2025-05-08T23:32:00.591376" level="INFO">Slept 2 seconds.</msg>
<arg>2s</arg>
<doc>Pauses the test executed for the given time.</doc>
<status status="PASS" start="2025-05-08T23:31:58.590029" elapsed="2.001347"/>
</kw>
<kw name="Get Location ViaAdb" owner="Integration">
<msg time="2025-05-08T23:32:00.679897" level="INFO">${current_latitude} = 40.7128</msg>
<msg time="2025-05-08T23:32:00.679897" level="INFO">${current_longitude} = -74.006</msg>
<var>${current_latitude}</var>
<var>${current_longitude}</var>
<arg>${Device}</arg>
<status status="PASS" start="2025-05-08T23:32:00.591376" elapsed="0.088521"/>
</kw>
<kw name="Log" owner="BuiltIn">
<msg time="2025-05-08T23:32:00.679897" level="INFO">Vérification: attendu 40.7128, obtenu 40.7128</msg>
<arg>Vérification: attendu ${latitude}, obtenu ${current_latitude}</arg>
<doc>Logs the given message with the given level.</doc>
<status status="PASS" start="2025-05-08T23:32:00.679897" elapsed="0.000000"/>
</kw>
<kw name="Should Be Equal As Numbers" owner="BuiltIn">
<msg time="2025-05-08T23:32:00.679897" level="INFO">Argument types are:
&lt;class 'float'&gt;
&lt;class 'str'&gt;</msg>
<arg>${current_latitude}</arg>
<arg>${latitude}</arg>
<arg>La latitude n'a pas été mise à jour correctement</arg>
<doc>Fails if objects are unequal after converting them to real numbers.</doc>
<status status="PASS" start="2025-05-08T23:32:00.679897" elapsed="0.000000"/>
</kw>
<kw name="Should Be Equal As Numbers" owner="BuiltIn">
<msg time="2025-05-08T23:32:00.679897" level="INFO">Argument types are:
&lt;class 'float'&gt;
&lt;class 'str'&gt;</msg>
<arg>${current_longitude}</arg>
<arg>${longitude}</arg>
<arg>La longitude n'a pas été mise à jour correctement</arg>
<doc>Fails if objects are unequal after converting them to real numbers.</doc>
<status status="PASS" start="2025-05-08T23:32:00.679897" elapsed="0.000983"/>
</kw>
<arg>${lat}</arg>
<arg>${lon}</arg>
<status status="PASS" start="2025-05-08T23:31:58.551780" elapsed="2.129100"/>
</kw>
<var name="${lat}">40.7128</var>
<var name="${lon}">-74.0060</var>
<status status="PASS" start="2025-05-08T23:31:58.551780" elapsed="2.129100"/>
</iter>
<iter>
<kw name="Test GPS Location For Coordinates">
<kw name="Set Location ViaAdb" owner="Integration">
<msg time="2025-05-08T23:32:00.716918" level="INFO">[OK] Position définie : 2.3522, 48.8566</msg>
<arg>${Device}</arg>
<arg>${longitude}</arg>
<arg>${latitude}</arg>
<doc>Définit une nouvelle position GPS via une API Flask sur le host.</doc>
<status status="PASS" start="2025-05-08T23:32:00.680880" elapsed="0.036038"/>
</kw>
<kw name="Sleep" owner="BuiltIn">
<msg time="2025-05-08T23:32:02.717689" level="INFO">Slept 2 seconds.</msg>
<arg>2s</arg>
<doc>Pauses the test executed for the given time.</doc>
<status status="PASS" start="2025-05-08T23:32:00.716918" elapsed="2.000771"/>
</kw>
<kw name="Get Location ViaAdb" owner="Integration">
<msg time="2025-05-08T23:32:02.828747" level="INFO">${current_latitude} = 48.8566</msg>
<msg time="2025-05-08T23:32:02.828747" level="INFO">${current_longitude} = 2.352198</msg>
<var>${current_latitude}</var>
<var>${current_longitude}</var>
<arg>${Device}</arg>
<status status="PASS" start="2025-05-08T23:32:02.717689" elapsed="0.111058"/>
</kw>
<kw name="Log" owner="BuiltIn">
<msg time="2025-05-08T23:32:02.828747" level="INFO">Vérification: attendu 48.8566, obtenu 48.8566</msg>
<arg>Vérification: attendu ${latitude}, obtenu ${current_latitude}</arg>
<doc>Logs the given message with the given level.</doc>
<status status="PASS" start="2025-05-08T23:32:02.828747" elapsed="0.000999"/>
</kw>
<kw name="Should Be Equal As Numbers" owner="BuiltIn">
<msg time="2025-05-08T23:32:02.829746" level="INFO">Argument types are:
&lt;class 'float'&gt;
&lt;class 'str'&gt;</msg>
<arg>${current_latitude}</arg>
<arg>${latitude}</arg>
<arg>La latitude n'a pas été mise à jour correctement</arg>
<doc>Fails if objects are unequal after converting them to real numbers.</doc>
<status status="PASS" start="2025-05-08T23:32:02.829746" elapsed="0.000000"/>
</kw>
<kw name="Should Be Equal As Numbers" owner="BuiltIn">
<msg time="2025-05-08T23:32:02.829746" level="INFO">Argument types are:
&lt;class 'float'&gt;
&lt;class 'str'&gt;</msg>
<msg time="2025-05-08T23:32:02.829746" level="FAIL">La longitude n'a pas été mise à jour correctement: 2.352198 != 2.3522</msg>
<arg>${current_longitude}</arg>
<arg>${longitude}</arg>
<arg>La longitude n'a pas été mise à jour correctement</arg>
<doc>Fails if objects are unequal after converting them to real numbers.</doc>
<status status="FAIL" start="2025-05-08T23:32:02.829746" elapsed="0.000000">La longitude n'a pas été mise à jour correctement: 2.352198 != 2.3522</status>
</kw>
<arg>${lat}</arg>
<arg>${lon}</arg>
<status status="FAIL" start="2025-05-08T23:32:00.680880" elapsed="2.148866">La longitude n'a pas été mise à jour correctement: 2.352198 != 2.3522</status>
</kw>
<var name="${lat}">48.8566</var>
<var name="${lon}">2.3522</var>
<status status="FAIL" start="2025-05-08T23:32:00.680880" elapsed="2.148866">La longitude n'a pas été mise à jour correctement: 2.352198 != 2.3522</status>
</iter>
<var>${lat}</var>
<var>${lon}</var>
<value>@{GPS_LOCATIONS}</value>
<status status="FAIL" start="2025-05-08T23:31:58.551780" elapsed="4.277966">La longitude n'a pas été mise à jour correctement: 2.352198 != 2.3522</status>
</for>
<doc>Teste la modification de position GPS pour plusieurs emplacements</doc>
<status status="FAIL" start="2025-05-08T23:31:58.551780" elapsed="4.277966">La longitude n'a pas été mise à jour correctement: 2.352198 != 2.3522</status>
</test>
<kw name="Fermer Driver" type="TEARDOWN">
<try>
<branch type="TRY">
<kw name="Run Keyword And Return Status" owner="BuiltIn">
<kw name="Get Source" owner="AppiumLibrary">
<kw name="Capture Page Screenshot" owner="AppiumLibrary">
<msg time="2025-05-08T23:32:02.832747" level="FAIL">No application is open</msg>
<doc>Takes a screenshot of the current page and embeds it into the log.</doc>
<status status="FAIL" start="2025-05-08T23:32:02.831747" elapsed="0.003999">No application is open</status>
</kw>
<msg time="2025-05-08T23:32:02.837749" level="WARN">Keyword 'Capture Page Screenshot' could not be run on failure: No application is open</msg>
<msg time="2025-05-08T23:32:02.837749" level="FAIL">No application is open</msg>
<doc>Returns the entire source of the current page.</doc>
<status status="FAIL" start="2025-05-08T23:32:02.831747" elapsed="0.007001">No application is open</status>
</kw>
<msg time="2025-05-08T23:32:02.838748" level="INFO">${session_active} = False</msg>
<var>${session_active}</var>
<arg>Get Source</arg>
<doc>Runs the given keyword with given arguments and returns the status as a Boolean value.</doc>
<status status="PASS" start="2025-05-08T23:32:02.831747" elapsed="0.007001"/>
</kw>
<if>
<branch type="IF" condition="${session_active}">
<kw name="Close Driver" owner="Integration">
<arg>${driver}</arg>
<doc>Ferme proprement le driver Appium.</doc>
<status status="NOT RUN" start="2025-05-08T23:32:02.838748" elapsed="0.000000"/>
</kw>
<kw name="Log" owner="BuiltIn">
<arg>Driver fermé avec succès</arg>
<doc>Logs the given message with the given level.</doc>
<status status="NOT RUN" start="2025-05-08T23:32:02.838748" elapsed="0.000000"/>
</kw>
<status status="NOT RUN" start="2025-05-08T23:32:02.838748" elapsed="0.000000"/>
</branch>
<branch type="ELSE">
<kw name="Log" owner="BuiltIn">
<msg time="2025-05-08T23:32:02.838748" level="INFO">Le driver n'était pas actif</msg>
<arg>Le driver n'était pas actif</arg>
<doc>Logs the given message with the given level.</doc>
<status status="PASS" start="2025-05-08T23:32:02.838748" elapsed="0.000000"/>
</kw>
<status status="PASS" start="2025-05-08T23:32:02.838748" elapsed="0.000000"/>
</branch>
<status status="PASS" start="2025-05-08T23:32:02.838748" elapsed="0.001001"/>
</if>
<status status="PASS" start="2025-05-08T23:32:02.830746" elapsed="0.009003"/>
</branch>
<branch type="EXCEPT" assign="${error}">
<kw name="Log" owner="BuiltIn">
<arg>Erreur lors de la fermeture du driver: ${error}</arg>
<doc>Logs the given message with the given level.</doc>
<status status="NOT RUN" start="2025-05-08T23:32:02.839749" elapsed="0.000000"/>
</kw>
<status status="NOT RUN" start="2025-05-08T23:32:02.839749" elapsed="0.000000"/>
</branch>
<status status="PASS" start="2025-05-08T23:32:02.830746" elapsed="0.009003"/>
</try>
<doc>Cleans up and closes the test driver</doc>
<status status="PASS" start="2025-05-08T23:32:02.830746" elapsed="0.009003"/>
</kw>
<doc>Tests de fonctionnalité GPS pour appareil Android
- Vérification de la modification de position GPS
- Utilisation des commandes ADB pour contrôler l'émulateur</doc>
<status status="FAIL" start="2025-05-08T23:30:11.441745" elapsed="111.398004"/>
</suite>
<statistics>
<total>
<stat pass="2" fail="1" skip="0">All Tests</stat>
</total>
<tag>
<stat pass="2" fail="0" skip="0">gps</stat>
<stat pass="1" fail="0" skip="0">location</stat>
<stat pass="1" fail="0" skip="0">smoke</stat>
</tag>
<suite>
<stat name="FonctionnaliteMaps" id="s1" pass="2" fail="1" skip="0">FonctionnaliteMaps</stat>
</suite>
</statistics>
<errors>
<msg time="2025-05-08T23:32:02.837749" level="WARN">Keyword 'Capture Page Screenshot' could not be run on failure: No application is open</msg>
</errors>
</robot>
