<?xml version="1.0" encoding="UTF-8"?>
<robot generator="Robot 7.2.2 (Python 3.12.5 on win32)" generated="2025-05-25T14:54:59.048458" rpa="false" schemaversion="5">
<suite id="s1" name="TestsAudio" source="C:\Users\bahae\Documents\PfeProject\test_cases\TestsAudio.robot">
<kw name="Démarrer Driver" type="SETUP">
<kw name="Log" owner="BuiltIn">
<msg time="2025-05-25T14:55:02.409338" level="INFO">Tentative d'initialisation du driver Appium...</msg>
<arg>Tentative d'initialisation du driver Appium...</arg>
<doc>Logs the given message with the given level.</doc>
<status status="PASS" start="2025-05-25T14:55:02.409338" elapsed="0.000000"/>
</kw>
<kw name="Log" owner="BuiltIn">
<msg time="2025-05-25T14:55:02.410337" level="INFO">URL Appium: C:\Users\bahae\Documents\PfeProject\test_cases\..\config.py</msg>
<arg>URL Appium: C:\\Users\\bahae\\Documents\\PfeProject\\test_cases${/}..${/}config.py</arg>
<doc>Logs the given message with the given level.</doc>
<status status="PASS" start="2025-05-25T14:55:02.409338" elapsed="0.000999"/>
</kw>
<kw name="Run Keyword And Ignore Error" owner="BuiltIn">
<kw name="Setup Driver" owner="Integration">
<arg>${Device}</arg>
<doc>Initialise et retourne le driver Appium.</doc>
<status status="PASS" start="2025-05-25T14:55:02.410337" elapsed="4.210197"/>
</kw>
<msg time="2025-05-25T14:55:06.620534" level="INFO">${result} = ('PASS', &lt;appium.webdriver.webdriver.WebDriver (session="b2c66f29-7d2b-4a30-8c19-b7fc4076f82e")&gt;)</msg>
<var>${result}</var>
<arg>setup driver</arg>
<arg>${Device}</arg>
<doc>Runs the given keyword with the given arguments and ignores possible error.</doc>
<status status="PASS" start="2025-05-25T14:55:02.410337" elapsed="4.210197"/>
</kw>
<kw name="Set Variable" owner="BuiltIn">
<msg time="2025-05-25T14:55:06.620534" level="INFO">${status} = PASS</msg>
<msg time="2025-05-25T14:55:06.620534" level="INFO">${driver} = &lt;appium.webdriver.webdriver.WebDriver (session="b2c66f29-7d2b-4a30-8c19-b7fc4076f82e")&gt;</msg>
<var>${status}</var>
<var>${driver}</var>
<arg>${result}</arg>
<doc>Returns the given values which can then be assigned to a variables.</doc>
<status status="PASS" start="2025-05-25T14:55:06.620534" elapsed="0.000000"/>
</kw>
<if>
<branch type="IF" condition="'${status}' == 'FAIL'">
<kw name="Log" owner="BuiltIn">
<arg>Échec de l'initialisation du driver: ${driver}</arg>
<doc>Logs the given message with the given level.</doc>
<status status="NOT RUN" start="2025-05-25T14:55:06.621675" elapsed="0.000000"/>
</kw>
<kw name="Fail" owner="BuiltIn">
<arg>Impossible d'initialiser le driver Appium: ${driver}</arg>
<doc>Fails the test with the given message and optionally alters its tags.</doc>
<status status="NOT RUN" start="2025-05-25T14:55:06.621675" elapsed="0.000000"/>
</kw>
<status status="NOT RUN" start="2025-05-25T14:55:06.620534" elapsed="0.001141"/>
</branch>
<status status="PASS" start="2025-05-25T14:55:06.620534" elapsed="0.001141"/>
</if>
<kw name="Set Suite Variable" owner="BuiltIn">
<msg time="2025-05-25T14:55:06.621675" level="INFO">${driver} = &lt;appium.webdriver.webdriver.WebDriver (session="b2c66f29-7d2b-4a30-8c19-b7fc4076f82e")&gt;</msg>
<arg>${driver}</arg>
<doc>Makes a variable available everywhere within the scope of the current suite.</doc>
<status status="PASS" start="2025-05-25T14:55:06.621675" elapsed="0.000000"/>
</kw>
<kw name="Log" owner="BuiltIn">
<msg time="2025-05-25T14:55:06.621675" level="INFO">Driver Appium initialisé avec succès</msg>
<arg>Driver Appium initialisé avec succès</arg>
<doc>Logs the given message with the given level.</doc>
<status status="PASS" start="2025-05-25T14:55:06.621675" elapsed="0.000000"/>
</kw>
<status status="PASS" start="2025-05-25T14:55:02.409338" elapsed="4.212337"/>
</kw>
<test id="s1-t1" name="Test Audio Recording And Playback" line="192">
<kw name="Execute Test With Retry">
<kw name="Set Variable" owner="BuiltIn">
<msg time="2025-05-25T14:55:06.622588" level="INFO">${attempt} = 1</msg>
<var>${attempt}</var>
<arg>1</arg>
<doc>Returns the given values which can then be assigned to a variables.</doc>
<status status="PASS" start="2025-05-25T14:55:06.622588" elapsed="0.000000"/>
</kw>
<kw name="Set Variable" owner="BuiltIn">
<msg time="2025-05-25T14:55:06.622588" level="INFO">${test_status} = False</msg>
<var>${test_status}</var>
<arg>${FALSE}</arg>
<doc>Returns the given values which can then be assigned to a variables.</doc>
<status status="PASS" start="2025-05-25T14:55:06.622588" elapsed="0.000000"/>
</kw>
<for flavor="IN RANGE">
<iter>
<kw name="Run Keyword And Return Status" owner="BuiltIn">
<kw name="Verify Audio Recording">
<kw name="Initialize Language Settings">
<kw name="Get System Language" owner="Integration">
<msg time="2025-05-25T14:55:06.660165" level="INFO">${lang} = fr</msg>
<var>${lang}</var>
<arg>${Device}</arg>
<status status="PASS" start="2025-05-25T14:55:06.623587" elapsed="0.036578"/>
</kw>
<kw name="Set Variable If" owner="BuiltIn">
<msg time="2025-05-25T14:55:06.660165" level="INFO">${lang_dict} = {'System': 'Système', 'Setting': 'Paramètres', 'Audio': 'Enregistrement', 'Record': 'START', 'Stop': 'STOP', 'Play': 'Lire'}</msg>
<var>${lang_dict}</var>
<arg>'${lang}' == 'fr'</arg>
<arg>${LANG_FR}</arg>
<arg>${LANG_EN}</arg>
<doc>Sets variable based on the given condition.</doc>
<status status="PASS" start="2025-05-25T14:55:06.660165" elapsed="0.000000"/>
</kw>
<kw name="Set Suite Variable" owner="BuiltIn">
<msg time="2025-05-25T14:55:06.660165" level="INFO">${LANG_DICT} = {'System': 'Système', 'Setting': 'Paramètres', 'Audio': 'Enregistrement', 'Record': 'START', 'Stop': 'STOP', 'Play': 'Lire'}</msg>
<arg>${LANG_DICT}</arg>
<arg>${lang_dict}</arg>
<doc>Makes a variable available everywhere within the scope of the current suite.</doc>
<status status="PASS" start="2025-05-25T14:55:06.660165" elapsed="0.000000"/>
</kw>
<status status="PASS" start="2025-05-25T14:55:06.623587" elapsed="0.036578"/>
</kw>
<kw name="Navigate To Audio App">
<kw name="Start Activity Code" owner="Integration">
<arg>${driver}</arg>
<arg>com.example.audioapplicationtest/.MainActivity</arg>
<doc>Lance une activité spécifique sur un appareil Android via Appium.</doc>
<status status="PASS" start="2025-05-25T14:55:06.661159" elapsed="0.052704"/>
</kw>
<kw name="Sleep" owner="BuiltIn">
<msg time="2025-05-25T14:55:09.715431" level="INFO">Slept 3 seconds.</msg>
<arg>3s</arg>
<doc>Pauses the test executed for the given time.</doc>
<status status="PASS" start="2025-05-25T14:55:06.713863" elapsed="3.001568"/>
</kw>
<kw name="Print Activity" owner="Integration">
<msg time="2025-05-25T14:55:09.800163" level="INFO">${current_activity} = com.example.audioapplicationtest/.MainActivity</msg>
<var>${current_activity}</var>
<arg>${driver}</arg>
<doc>Retourne l'activité complète sous la forme 'com.android.car.messenger/.ui.launcher.MessageLauncherActivity'.</doc>
<status status="PASS" start="2025-05-25T14:55:09.715431" elapsed="0.084732"/>
</kw>
<kw name="Should Contain" owner="BuiltIn">
<arg>${current_activity}</arg>
<arg>com.example.audioapplicationtest/.MainActivity</arg>
<arg>L'application n'est pas correctement lancée</arg>
<doc>Fails if ``container`` does not contain ``item`` one or more times.</doc>
<status status="PASS" start="2025-05-25T14:55:09.800163" elapsed="0.001001"/>
</kw>
<status status="PASS" start="2025-05-25T14:55:06.660165" elapsed="3.140999"/>
</kw>
<kw name="Start Audio Recording And Playback">
<kw name="Log" owner="BuiltIn">
<msg time="2025-05-25T14:55:09.801164" level="INFO">Démarrage de l'enregistrement audio...</msg>
<arg>Démarrage de l'enregistrement audio...</arg>
<doc>Logs the given message with the given level.</doc>
<status status="PASS" start="2025-05-25T14:55:09.801164" elapsed="0.000000"/>
</kw>
<kw name="Get Audio File Duration">
<kw name="Get Audio Duration" owner="Integration">
<msg time="2025-05-25T14:55:09.803163" level="INFO">✅ Durée du fichier audio C:\Users\bahae\Documents\PfeProject\test_cases\test.wav: 18.31 secondes</msg>
<msg time="2025-05-25T14:55:09.803163" level="INFO">${duration} = 18.311836734693877</msg>
<var>${duration}</var>
<arg>${driver}</arg>
<arg>${audio_file}</arg>
<doc>Obtient la durée d'un fichier audio en secondes.</doc>
<status status="PASS" start="2025-05-25T14:55:09.802163" elapsed="0.001589"/>
</kw>
<kw name="Should Not Be Equal As Numbers" owner="BuiltIn">
<msg time="2025-05-25T14:55:09.803752" level="INFO">Argument types are:
&lt;class 'float'&gt;
&lt;class 'str'&gt;</msg>
<arg>${duration}</arg>
<arg>0</arg>
<arg>Impossible d'obtenir la durée du fichier audio</arg>
<doc>Fails if objects are equal after converting them to real numbers.</doc>
<status status="PASS" start="2025-05-25T14:55:09.803752" elapsed="0.000000"/>
</kw>
<return>
<value>${duration}</value>
<status status="PASS" start="2025-05-25T14:55:09.803752" elapsed="0.000000"/>
</return>
<msg time="2025-05-25T14:55:09.803752" level="INFO">${duration} = 18.311836734693877</msg>
<var>${duration}</var>
<arg>${audio_file}</arg>
<status status="PASS" start="2025-05-25T14:55:09.801164" elapsed="0.002588"/>
</kw>
<kw name="Log" owner="BuiltIn">
<msg time="2025-05-25T14:55:09.803752" level="INFO">Durée du fichier audio à lire: 18.311836734693877 secondes</msg>
<arg>Durée du fichier audio à lire: ${duration} secondes</arg>
<doc>Logs the given message with the given level.</doc>
<status status="PASS" start="2025-05-25T14:55:09.803752" elapsed="0.000937"/>
</kw>
<kw name="Click Record Button">
<kw name="Wait For Record Button">
<kw name="Wait Until Keyword Succeeds" owner="BuiltIn">
<kw name="Check Element Exists" owner="Integration">
<arg>${driver}</arg>
<arg>//android.widget.Button[@text="START"]</arg>
<doc>Vérifie si un élément existe en utilisant le XPath donné.</doc>
<status status="PASS" start="2025-05-25T14:55:09.804689" elapsed="0.646647"/>
</kw>
<arg>${timeout}</arg>
<arg>${QUICK_WAIT}</arg>
<arg>Check Element Exists</arg>
<arg>${driver}</arg>
<arg>//android.widget.Button[@text="START"]</arg>
<doc>Runs the specified keyword and retries if it fails.</doc>
<status status="PASS" start="2025-05-25T14:55:09.804689" elapsed="0.646647"/>
</kw>
<status status="PASS" start="2025-05-25T14:55:09.804689" elapsed="0.646647"/>
</kw>
<kw name="Check Element Exists" owner="Integration">
<msg time="2025-05-25T14:55:10.507897" level="INFO">${button_exists} = True</msg>
<var>${button_exists}</var>
<arg>${driver}</arg>
<arg>//android.widget.Button[@text="START"]</arg>
<doc>Vérifie si un élément existe en utilisant le XPath donné.</doc>
<status status="PASS" start="2025-05-25T14:55:10.451336" elapsed="0.056561"/>
</kw>
<kw name="Should Be True" owner="BuiltIn">
<arg>${button_exists}</arg>
<arg>Le bouton START n'est pas visible</arg>
<doc>Fails if the given condition is not true.</doc>
<status status="PASS" start="2025-05-25T14:55:10.507897" elapsed="0.001002"/>
</kw>
<kw name="Run Keyword And Return Status" owner="BuiltIn">
<kw name="Click Element By Xpath Bounds" owner="Integration">
<arg>${driver}</arg>
<arg>//android.widget.Button[@text="START"]</arg>
<doc>Trouve un élément par XPath et clique dessus en utilisant ses bounds.</doc>
<status status="PASS" start="2025-05-25T14:55:10.508899" elapsed="0.474832"/>
</kw>
<msg time="2025-05-25T14:55:10.983731" level="INFO">${success} = True</msg>
<var>${success}</var>
<arg>click_element_by_xpath_bounds</arg>
<arg>${driver}</arg>
<arg>//android.widget.Button[@text="START"]</arg>
<doc>Runs the given keyword with given arguments and returns the status as a Boolean value.</doc>
<status status="PASS" start="2025-05-25T14:55:10.508899" elapsed="0.474832"/>
</kw>
<kw name="Should Be True" owner="BuiltIn">
<arg>${success}</arg>
<arg>Impossible de cliquer sur le bouton START</arg>
<doc>Fails if the given condition is not true.</doc>
<status status="PASS" start="2025-05-25T14:55:10.983731" elapsed="0.001000"/>
</kw>
<status status="PASS" start="2025-05-25T14:55:09.804689" elapsed="1.180042"/>
</kw>
<kw name="Sleep" owner="BuiltIn">
<msg time="2025-05-25T14:55:12.985211" level="INFO">Slept 2 seconds.</msg>
<arg>2s</arg>
<doc>Pauses the test executed for the given time.</doc>
<status status="PASS" start="2025-05-25T14:55:10.984731" elapsed="2.000480"/>
</kw>
<kw name="Run Keyword And Return Status" owner="BuiltIn">
<kw name="Play Audio" owner="Integration">
<msg time="2025-05-25T14:55:31.385231" level="INFO">✅ Lecture audio réussie : Lecture du fichier test.wav terminée</msg>
<arg>${driver}</arg>
<arg>${audio_file}</arg>
<doc>Joue un fichier audio via l'API Flask.</doc>
<status status="PASS" start="2025-05-25T14:55:12.985211" elapsed="18.401019"/>
</kw>
<msg time="2025-05-25T14:55:31.386230" level="INFO">${success} = True</msg>
<var>${success}</var>
<arg>play_audio</arg>
<arg>${driver}</arg>
<arg>${audio_file}</arg>
<doc>Runs the given keyword with given arguments and returns the status as a Boolean value.</doc>
<status status="PASS" start="2025-05-25T14:55:12.985211" elapsed="18.401019"/>
</kw>
<kw name="Should Be True" owner="BuiltIn">
<arg>${success}</arg>
<arg>La lecture audio a échoué</arg>
<doc>Fails if the given condition is not true.</doc>
<status status="PASS" start="2025-05-25T14:55:31.386230" elapsed="0.000000"/>
</kw>
<kw name="Sleep" owner="BuiltIn">
<msg time="2025-05-25T14:55:49.698306" level="INFO">Slept 18 seconds 312 milliseconds.</msg>
<arg>${duration}s</arg>
<doc>Pauses the test executed for the given time.</doc>
<status status="PASS" start="2025-05-25T14:55:31.386230" elapsed="18.312076"/>
</kw>
<kw name="Click Stop Button">
<kw name="Check Element Exists" owner="Integration">
<msg time="2025-05-25T14:55:49.750884" level="INFO">${button_exists} = True</msg>
<var>${button_exists}</var>
<arg>${driver}</arg>
<arg>//android.widget.Button[@text="STOP"]</arg>
<doc>Vérifie si un élément existe en utilisant le XPath donné.</doc>
<status status="PASS" start="2025-05-25T14:55:49.698306" elapsed="0.052578"/>
</kw>
<kw name="Should Be True" owner="BuiltIn">
<arg>${button_exists}</arg>
<arg>Le bouton STOP n'est pas visible</arg>
<doc>Fails if the given condition is not true.</doc>
<status status="PASS" start="2025-05-25T14:55:49.750884" elapsed="0.000000"/>
</kw>
<kw name="Run Keyword And Return Status" owner="BuiltIn">
<kw name="Click Element By Xpath Bounds" owner="Integration">
<arg>${driver}</arg>
<arg>//android.widget.Button[@text="STOP"]</arg>
<doc>Trouve un élément par XPath et clique dessus en utilisant ses bounds.</doc>
<status status="PASS" start="2025-05-25T14:55:49.750884" elapsed="0.482102"/>
</kw>
<msg time="2025-05-25T14:55:50.232986" level="INFO">${success} = True</msg>
<var>${success}</var>
<arg>click_element_by_xpath_bounds</arg>
<arg>${driver}</arg>
<arg>//android.widget.Button[@text="STOP"]</arg>
<doc>Runs the given keyword with given arguments and returns the status as a Boolean value.</doc>
<status status="PASS" start="2025-05-25T14:55:49.750884" elapsed="0.482102"/>
</kw>
<kw name="Should Be True" owner="BuiltIn">
<arg>${success}</arg>
<arg>Impossible de cliquer sur le bouton STOP</arg>
<doc>Fails if the given condition is not true.</doc>
<status status="PASS" start="2025-05-25T14:55:50.232986" elapsed="0.000999"/>
</kw>
<status status="PASS" start="2025-05-25T14:55:49.698306" elapsed="0.535679"/>
</kw>
<status status="PASS" start="2025-05-25T14:55:09.801164" elapsed="40.432821"/>
</kw>
<kw name="Compare Audio Files">
<kw name="Compare With Latest Recorded" owner="TestAudio">
<msg time="2025-05-25T14:56:22.710038" level="INFO">============================= Début du test audio ==============================
Original: C:\Users\bahae\Documents\PfeProject\test_cases\test.wav
Enregistré: latest_download.wav
Date du test: 2025-05-25 14:55:52

Original - Durée: 18.31s -&gt; Segment actif: 18.31s
Enregistré - Durée: 39.25s -&gt; Segment actif: 18.22s
Recherche du meilleur alignement...
Alignement initial trouvé, ajustement fin...

Détails de l'alignement:
Position originale: 0.000s
Position enregistrée: -0.029s
Ajustement: -29.5ms
Corrélation initiale: 0.396
Original length: 804767, Recorded length: 804767
Best lag: -429 samples (-0.010 seconds)
Final lengths - Original: 804767, Aligned: 804767
Décalage temporel final: -0.010 secondes

=== Résultats ===
Décalage temporel: -0.010 secondes
         snr: 1.9825
 correlation: 0.6611
         mse: 0.0208
        rmse: 0.1444
energy_ratio: 0.8587
    max_diff: 1.1435
   mean_diff: 0.0950
         mos: 3.4726
     clarity: 1.0342
  clarity_db: 0.1460

=== Résultat: ÉCHEC ===
SNR: 1.98 dB (seuil: 20 dB)
Corrélation: 0.661 (seuil: 0.9)
MOS: 3.47/5 (seuil: 3.0)
Clarté: 1.034 (seuil: 0.8)</msg>
<msg time="2025-05-25T14:56:22.711040" level="INFO">${test_passed} = False</msg>
<msg time="2025-05-25T14:56:22.711040" level="INFO">${metrics} = {'snr': np.float64(1.982489895021817), 'correlation': np.float64(0.6610761272473425), 'mse': np.float64(0.020841611019185576), 'rmse': np.float64(0.14436623919457617), 'energy_ratio': np.float64(0.858...</msg>
<var>${test_passed}</var>
<var>${metrics}</var>
<arg>${original_audio}</arg>
<doc>Télécharge le dernier audio enregistré via l'API Flask et le compare à l'original.
:param original_audio: Chemin du fichier original (wav)
:param latest_audio_path: Chemin où sauvegarder le fichier téléchargé
:param api_url: URL de l'API Flask pour récupérer le dernier audio
:return: (test_passed, metrics)</doc>
<status status="PASS" start="2025-05-25T14:55:50.233985" elapsed="32.477055"/>
</kw>
<kw name="Log" owner="BuiltIn">
<msg time="2025-05-25T14:56:22.712039" level="INFO">SNR: 1.982489895021817 dB (seuil: 20 dB)</msg>
<arg>SNR: ${metrics['snr']} dB (seuil: 20 dB)</arg>
<doc>Logs the given message with the given level.</doc>
<status status="PASS" start="2025-05-25T14:56:22.711040" elapsed="0.000999"/>
</kw>
<kw name="Log" owner="BuiltIn">
<msg time="2025-05-25T14:56:22.712039" level="INFO">Corrélation: 0.6610761272473425 (seuil: 0.9)</msg>
<arg>Corrélation: ${metrics['correlation']} (seuil: 0.9)</arg>
<doc>Logs the given message with the given level.</doc>
<status status="PASS" start="2025-05-25T14:56:22.712039" elapsed="0.000000"/>
</kw>
<kw name="Log" owner="BuiltIn">
<msg time="2025-05-25T14:56:22.713040" level="INFO">MOS: 3.472590948497684/5 (seuil: 3.0)</msg>
<arg>MOS: ${metrics['mos']}/5 (seuil: 3.0)</arg>
<doc>Logs the given message with the given level.</doc>
<status status="PASS" start="2025-05-25T14:56:22.713040" elapsed="0.000000"/>
</kw>
<kw name="Log" owner="BuiltIn">
<msg time="2025-05-25T14:56:22.713040" level="INFO">Clarté: 1.0341864599780468 (seuil: 0.8)</msg>
<arg>Clarté: ${metrics['clarity']} (seuil: 0.8)</arg>
<doc>Logs the given message with the given level.</doc>
<status status="PASS" start="2025-05-25T14:56:22.713040" elapsed="0.000000"/>
</kw>
<kw name="Evaluate" owner="BuiltIn">
<msg time="2025-05-25T14:56:22.714039" level="INFO">${snr_ok} = False</msg>
<var>${snr_ok}</var>
<arg>${metrics['snr']} &gt;= 20</arg>
<doc>Evaluates the given expression in Python and returns the result.</doc>
<status status="PASS" start="2025-05-25T14:56:22.713040" elapsed="0.000999"/>
</kw>
<kw name="Evaluate" owner="BuiltIn">
<msg time="2025-05-25T14:56:22.715040" level="INFO">${correlation_ok} = False</msg>
<var>${correlation_ok}</var>
<arg>${metrics['correlation']} &gt;= 0.9</arg>
<doc>Evaluates the given expression in Python and returns the result.</doc>
<status status="PASS" start="2025-05-25T14:56:22.714039" elapsed="0.001001"/>
</kw>
<kw name="Evaluate" owner="BuiltIn">
<msg time="2025-05-25T14:56:22.715040" level="INFO">${mos_ok} = True</msg>
<var>${mos_ok}</var>
<arg>${metrics['mos']} &gt;= 3.0</arg>
<doc>Evaluates the given expression in Python and returns the result.</doc>
<status status="PASS" start="2025-05-25T14:56:22.715040" elapsed="0.000000"/>
</kw>
<kw name="Evaluate" owner="BuiltIn">
<msg time="2025-05-25T14:56:22.716693" level="INFO">${clarity_ok} = True</msg>
<var>${clarity_ok}</var>
<arg>${metrics['clarity']} &gt;= 0.8</arg>
<doc>Evaluates the given expression in Python and returns the result.</doc>
<status status="PASS" start="2025-05-25T14:56:22.715040" elapsed="0.001653"/>
</kw>
<kw name="Evaluate" owner="BuiltIn">
<msg time="2025-05-25T14:56:22.716693" level="INFO">${test_passed} = False</msg>
<var>${test_passed}</var>
<arg>${snr_ok} and ${correlation_ok} and ${mos_ok} and ${clarity_ok}</arg>
<doc>Evaluates the given expression in Python and returns the result.</doc>
<status status="PASS" start="2025-05-25T14:56:22.716693" elapsed="0.000000"/>
</kw>
<if>
<branch type="IF" condition="not ${test_passed}">
<kw name="Log" owner="BuiltIn">
<msg time="2025-05-25T14:56:22.717253" level="INFO">❌ Test échoué - Métriques critiques non satisfaites</msg>
<arg>❌ Test échoué - Métriques critiques non satisfaites</arg>
<doc>Logs the given message with the given level.</doc>
<status status="PASS" start="2025-05-25T14:56:22.717221" elapsed="0.000032"/>
</kw>
<kw name="Fail" owner="BuiltIn">
<msg time="2025-05-25T14:56:22.717253" level="FAIL">Test audio échoué - Vérifiez les métriques dans les logs</msg>
<arg>Test audio échoué - Vérifiez les métriques dans les logs</arg>
<doc>Fails the test with the given message and optionally alters its tags.</doc>
<status status="FAIL" start="2025-05-25T14:56:22.717253" elapsed="0.000000">Test audio échoué - Vérifiez les métriques dans les logs</status>
</kw>
<status status="FAIL" start="2025-05-25T14:56:22.716693" elapsed="0.000560">Test audio échoué - Vérifiez les métriques dans les logs</status>
</branch>
<branch type="ELSE">
<kw name="Log" owner="BuiltIn">
<arg>✅ Test réussi - Toutes les métriques sont satisfaites</arg>
<doc>Logs the given message with the given level.</doc>
<status status="NOT RUN" start="2025-05-25T14:56:22.717253" elapsed="0.000000"/>
</kw>
<status status="NOT RUN" start="2025-05-25T14:56:22.717253" elapsed="0.000000"/>
</branch>
<status status="FAIL" start="2025-05-25T14:56:22.716693" elapsed="0.000560">Test audio échoué - Vérifiez les métriques dans les logs</status>
</if>
<return>
<value>${test_passed}</value>
<value>${metrics}</value>
<status status="NOT RUN" start="2025-05-25T14:56:22.717253" elapsed="0.000000"/>
</return>
<var>${result}</var>
<arg>${DEFAULT_OUTPUT_FILE}</arg>
<status status="FAIL" start="2025-05-25T14:55:50.233985" elapsed="32.483268">Test audio échoué - Vérifiez les métriques dans les logs</status>
</kw>
<kw name="Log" owner="BuiltIn">
<arg>Résultat de la comparaison: ${result}</arg>
<doc>Logs the given message with the given level.</doc>
<status status="NOT RUN" start="2025-05-25T14:56:22.717253" elapsed="0.000000"/>
</kw>
<status status="FAIL" start="2025-05-25T14:55:06.623587" elapsed="76.093666">Test audio échoué - Vérifiez les métriques dans les logs</status>
</kw>
<msg time="2025-05-25T14:56:22.717253" level="INFO">${test_status} = False</msg>
<var>${test_status}</var>
<arg>${test_keyword}</arg>
<doc>Runs the given keyword with given arguments and returns the status as a Boolean value.</doc>
<status status="PASS" start="2025-05-25T14:55:06.623587" elapsed="76.093666"/>
</kw>
<if>
<branch type="IF" condition="${test_status}">
<kw name="Log" owner="BuiltIn">
<arg>Test ${test_name} réussi</arg>
<doc>Logs the given message with the given level.</doc>
<status status="NOT RUN" start="2025-05-25T14:56:22.718266" elapsed="0.000000"/>
</kw>
<kw name="Exit For Loop" owner="BuiltIn">
<doc>Stops executing the enclosing FOR loop.</doc>
<status status="NOT RUN" start="2025-05-25T14:56:22.718266" elapsed="0.000000"/>
</kw>
<status status="NOT RUN" start="2025-05-25T14:56:22.717253" elapsed="0.001013"/>
</branch>
<branch type="ELSE">
<kw name="Evaluate" owner="BuiltIn">
<msg time="2025-05-25T14:56:22.718266" level="INFO">${attempt} = 2</msg>
<var>${attempt}</var>
<arg>${attempt} + 1</arg>
<doc>Evaluates the given expression in Python and returns the result.</doc>
<status status="PASS" start="2025-05-25T14:56:22.718266" elapsed="0.000000"/>
</kw>
<if>
<branch type="IF" condition="${attempt} &lt;= ${MAX_RETRIES}">
<kw name="Log" owner="BuiltIn">
<arg>Test ${test_name} échoué - Tentative ${attempt}/${MAX_RETRIES}</arg>
<doc>Logs the given message with the given level.</doc>
<status status="NOT RUN" start="2025-05-25T14:56:22.718266" elapsed="0.000000"/>
</kw>
<kw name="Sleep" owner="BuiltIn">
<arg>${RETRY_DELAY}</arg>
<doc>Pauses the test executed for the given time.</doc>
<status status="NOT RUN" start="2025-05-25T14:56:22.718266" elapsed="0.000000"/>
</kw>
<status status="NOT RUN" start="2025-05-25T14:56:22.718266" elapsed="0.000000"/>
</branch>
<status status="PASS" start="2025-05-25T14:56:22.718266" elapsed="0.000000"/>
</if>
<status status="PASS" start="2025-05-25T14:56:22.718266" elapsed="0.000000"/>
</branch>
<status status="PASS" start="2025-05-25T14:56:22.717253" elapsed="0.001013"/>
</if>
<var name="${index}">0</var>
<status status="PASS" start="2025-05-25T14:55:06.623587" elapsed="76.094679"/>
</iter>
<var>${index}</var>
<value>${MAX_RETRIES}</value>
<status status="PASS" start="2025-05-25T14:55:06.622588" elapsed="76.095678"/>
</for>
<if>
<branch type="IF" condition="not ${test_status}">
<kw name="Fail" owner="BuiltIn">
<msg time="2025-05-25T14:56:22.718266" level="FAIL">Le test Test Audio Recording And Playback a échoué après 1 tentatives</msg>
<arg>Le test ${test_name} a échoué après ${MAX_RETRIES} tentatives</arg>
<doc>Fails the test with the given message and optionally alters its tags.</doc>
<status status="FAIL" start="2025-05-25T14:56:22.718266" elapsed="0.000000">Le test Test Audio Recording And Playback a échoué après 1 tentatives</status>
</kw>
<status status="FAIL" start="2025-05-25T14:56:22.718266" elapsed="0.000000">Le test Test Audio Recording And Playback a échoué après 1 tentatives</status>
</branch>
<status status="FAIL" start="2025-05-25T14:56:22.718266" elapsed="0.000000">Le test Test Audio Recording And Playback a échoué après 1 tentatives</status>
</if>
<arg>Verify Audio Recording</arg>
<arg>Test Audio Recording And Playback</arg>
<status status="FAIL" start="2025-05-25T14:55:06.622588" elapsed="76.095678">Le test Test Audio Recording And Playback a échoué après 1 tentatives</status>
</kw>
<doc>Verifies audio recording and playback functionality
- Navigates to audio recording app
- Records audio for a specified duration
- Plays back the recorded audio
- Supports both French and English interfaces</doc>
<tag>audio</tag>
<tag>playback</tag>
<tag>recording</tag>
<status status="FAIL" start="2025-05-25T14:55:06.621675" elapsed="76.096591">Le test Test Audio Recording And Playback a échoué après 1 tentatives</status>
</test>
<kw name="Fermer Driver" type="TEARDOWN">
<kw name="Run Keyword And Return Status" owner="BuiltIn">
<kw name="Variable Should Exist" owner="BuiltIn">
<arg>${driver}</arg>
<doc>Fails unless the given variable exists within the current scope.</doc>
<status status="PASS" start="2025-05-25T14:56:22.719600" elapsed="0.000000"/>
</kw>
<msg time="2025-05-25T14:56:22.719600" level="INFO">${driver_exists} = True</msg>
<var>${driver_exists}</var>
<arg>Variable Should Exist</arg>
<arg>${driver}</arg>
<doc>Runs the given keyword with given arguments and returns the status as a Boolean value.</doc>
<status status="PASS" start="2025-05-25T14:56:22.719600" elapsed="0.000000"/>
</kw>
<if>
<branch type="IF" condition="${driver_exists}">
<kw name="Run Keyword And Return Status" owner="BuiltIn">
<kw name="Close Driver" owner="Integration">
<arg>${driver}</arg>
<doc>Ferme proprement le driver Appium.</doc>
<status status="PASS" start="2025-05-25T14:56:22.719600" elapsed="0.170101"/>
</kw>
<msg time="2025-05-25T14:56:22.889701" level="INFO">${close_success} = True</msg>
<var>${close_success}</var>
<arg>Close Driver</arg>
<arg>${driver}</arg>
<doc>Runs the given keyword with given arguments and returns the status as a Boolean value.</doc>
<status status="PASS" start="2025-05-25T14:56:22.719600" elapsed="0.170101"/>
</kw>
<if>
<branch type="IF" condition="not ${close_success}">
<kw name="Log" owner="BuiltIn">
<arg>Warning: Impossible de fermer proprement le driver Appium</arg>
<doc>Logs the given message with the given level.</doc>
<status status="NOT RUN" start="2025-05-25T14:56:22.890328" elapsed="0.000000"/>
</kw>
<status status="NOT RUN" start="2025-05-25T14:56:22.889701" elapsed="0.000728"/>
</branch>
<status status="PASS" start="2025-05-25T14:56:22.889701" elapsed="0.000728"/>
</if>
<status status="PASS" start="2025-05-25T14:56:22.719600" elapsed="0.170829"/>
</branch>
<status status="PASS" start="2025-05-25T14:56:22.719600" elapsed="0.170829"/>
</if>
<status status="PASS" start="2025-05-25T14:56:22.719600" elapsed="0.170829"/>
</kw>
<doc>Tests for audio recording and playback functionality
- Verifies audio recording capabilities
- Verifies audio playback capabilities
- Supports both French and English interfaces</doc>
<status status="FAIL" start="2025-05-25T14:54:59.049391" elapsed="83.841038"/>
</suite>
<statistics>
<total>
<stat pass="0" fail="1" skip="0">All Tests</stat>
</total>
<tag>
<stat pass="0" fail="1" skip="0">audio</stat>
<stat pass="0" fail="1" skip="0">playback</stat>
<stat pass="0" fail="1" skip="0">recording</stat>
</tag>
<suite>
<stat name="TestsAudio" id="s1" pass="0" fail="1" skip="0">TestsAudio</stat>
</suite>
</statistics>
<errors>
</errors>
</robot>
