<?xml version="1.0" encoding="UTF-8"?>
<robot generator="Robot 7.2.2 (Python 3.12.5 on win32)" generated="2025-05-08T23:23:01.199501" rpa="false" schemaversion="5">
<suite id="s1" name="FonctionnaliteMaps" source="D:\pfe\PfeProject\test_cases\FonctionnaliteMaps.robot">
<kw name="Démarrer Driver" type="SETUP">
<kw name="Setup Driver" owner="Integration">
<msg time="2025-05-08T23:23:11.649879" level="INFO">${driver} = &lt;appium.webdriver.webdriver.WebDriver (session="25f612bf-c4f5-4dea-8c65-92beffe35050")&gt;</msg>
<var>${driver}</var>
<arg>${Device}</arg>
<doc>Initialise et retourne le driver Appium.</doc>
<status status="PASS" start="2025-05-08T23:23:04.407336" elapsed="7.242543"/>
</kw>
<kw name="Set Suite Variable" owner="BuiltIn">
<msg time="2025-05-08T23:23:11.649879" level="INFO">${driver} = &lt;appium.webdriver.webdriver.WebDriver (session="25f612bf-c4f5-4dea-8c65-92beffe35050")&gt;</msg>
<arg>${driver}</arg>
<doc>Makes a variable available everywhere within the scope of the current suite.</doc>
<status status="PASS" start="2025-05-08T23:23:11.649879" elapsed="0.001001"/>
</kw>
<kw name="Initialize Language Settings">
<kw name="Get System Language" owner="Integration">
<msg time="2025-05-08T23:23:11.694922" level="INFO">${lang} = fr</msg>
<var>${lang}</var>
<arg>${Device}</arg>
<status status="PASS" start="2025-05-08T23:23:11.650880" elapsed="0.044042"/>
</kw>
<kw name="Set Variable If" owner="BuiltIn">
<msg time="2025-05-08T23:23:11.694922" level="INFO">${lang_dict} = {'System': 'Système', 'Setting': 'Paramètres', 'Gps': 'Position', 'use_loc': 'Utiliser la localisation', 'acces': 'Accès à la position'}</msg>
<var>${lang_dict}</var>
<arg>'${lang}' == 'fr'</arg>
<arg>${LANG_FR}</arg>
<arg>${LANG_EN}</arg>
<doc>Sets variable based on the given condition.</doc>
<status status="PASS" start="2025-05-08T23:23:11.694922" elapsed="0.000000"/>
</kw>
<kw name="Set Suite Variable" owner="BuiltIn">
<msg time="2025-05-08T23:23:11.695922" level="INFO">${LANG_DICT} = {'System': 'Système', 'Setting': 'Paramètres', 'Gps': 'Position', 'use_loc': 'Utiliser la localisation', 'acces': 'Accès à la position'}</msg>
<arg>${LANG_DICT}</arg>
<arg>${lang_dict}</arg>
<doc>Makes a variable available everywhere within the scope of the current suite.</doc>
<status status="PASS" start="2025-05-08T23:23:11.694922" elapsed="0.001000"/>
</kw>
<doc>Sets up language-specific variables based on system language</doc>
<status status="PASS" start="2025-05-08T23:23:11.650880" elapsed="0.045042"/>
</kw>
<doc>Initializes the test driver</doc>
<status status="PASS" start="2025-05-08T23:23:04.394337" elapsed="7.301585"/>
</kw>
<test id="s1-t1" name="Test Ouvrir Gps" line="148">
<kw name="Execute Test With Retry">
<kw name="Set Variable" owner="BuiltIn">
<msg time="2025-05-08T23:23:11.696921" level="INFO">${attempt} = 1</msg>
<var>${attempt}</var>
<arg>1</arg>
<doc>Returns the given values which can then be assigned to a variables.</doc>
<status status="PASS" start="2025-05-08T23:23:11.695922" elapsed="0.000999"/>
</kw>
<kw name="Set Variable" owner="BuiltIn">
<msg time="2025-05-08T23:23:11.696921" level="INFO">${test_status} = False</msg>
<var>${test_status}</var>
<arg>${FALSE}</arg>
<doc>Returns the given values which can then be assigned to a variables.</doc>
<status status="PASS" start="2025-05-08T23:23:11.696921" elapsed="0.000000"/>
</kw>
<for flavor="IN RANGE">
<iter>
<kw name="Run Keyword And Return Status" owner="BuiltIn">
<kw name="Execute Open Gps Test">
<kw name="Open Application With Click" owner="Integration">
<msg time="2025-05-08T23:23:37.834069" level="INFO">📌 Liste des applications détectées : ['Agenda', 'Appium Settings', 'ARD Audiothek', 'Audio Bluetooth', 'Crunchyroll', 'Enregistreur vocal', 'Google Assistant', 'Google\xa0Actualités', 'Home Assistant', 'Local Media Player', 'Maps', 'Paramètres', 'Play\xa0Store', 'Prime Video', 'SMS']
📌 First Home Page détectée : ['Agenda', 'Appium Settings', 'ARD Audiothek', 'Audio Bluetooth', 'Crunchyroll', 'Enregistreur vocal', 'Google Assistant', 'Google\xa0Actualités', 'Home Assistant', 'Local Media Player', 'Maps', 'Paramètres', 'Play\xa0Store', 'Prime Video', 'SMS']

📌 Liste des applications détectées : ['Agenda', 'Appium Settings', 'ARD Audiothek', 'Audio Bluetooth', 'Crunchyroll', 'Enregistreur vocal', 'Google Assistant', 'Google\xa0Actualités', 'Home Assistant', 'Local Media Player', 'Maps', 'Paramètres', 'Play\xa0Store', 'Prime Video', 'SMS']
✅ Retour à la first home page !

📌 Liste des applications détectées : ['Agenda', 'Appium Settings', 'ARD Audiothek', 'Audio Bluetooth', 'Crunchyroll', 'Enregistreur vocal', 'Google Assistant', 'Google\xa0Actualités', 'Home Assistant', 'Local Media Player', 'Maps', 'Paramètres', 'Play\xa0Store', 'Prime Video', 'SMS']
378 619 522 657</msg>
<msg time="2025-05-08T23:23:37.834069" level="INFO">${resultat} = True</msg>
<var>${resultat}</var>
<arg>${driver}</arg>
<arg>${LANG_DICT.Setting}</arg>
<status status="PASS" start="2025-05-08T23:23:11.697921" elapsed="26.136148"/>
</kw>
<kw name="Sleep" owner="BuiltIn">
<msg time="2025-05-08T23:23:38.334083" level="INFO">Slept 500 milliseconds.</msg>
<arg>${QUICK_WAIT}</arg>
<doc>Pauses the test executed for the given time.</doc>
<status status="PASS" start="2025-05-08T23:23:37.834069" elapsed="0.500014"/>
</kw>
<kw name="Clique Sur Setting Include" owner="Integration">
<msg time="2025-05-08T23:23:55.362002" level="INFO">📌 Liste des applications détectées : ['Bluetooth', 'Réseau et Internet', 'Notifications', 'Son', 'Écran', 'Profils et comptes', 'Position', 'Utiliser la localisation', "Fonctionnalités d'aide à la conduite"]
📌 First Home Page détectée : ['Bluetooth', 'Réseau et Internet', 'Notifications', 'Son', 'Écran', 'Profils et comptes', 'Position', 'Utiliser la localisation', "Fonctionnalités d'aide à la conduite"]
🔄 Swipe #1 en cours...

📌 Liste des applications détectées : ['Bluetooth', 'Réseau et Internet', 'Notifications', 'Son', 'Écran', 'Profils et comptes', 'Position', 'Utiliser la localisation', "Fonctionnalités d'aide à la conduite"]
✅ Retour à la first home page !
First Home Page détectée : ['Position', 'Réseau et Internet', 'Son', 'Notifications', 'Profils et comptes', 'Bluetooth', 'Écran']
 Position trouvé ! Appui sur le texte contenant 'Position'.</msg>
<arg>${driver}</arg>
<arg>${LANG_DICT.Gps}</arg>
<arg>${Setting_menu}</arg>
<status status="PASS" start="2025-05-08T23:23:38.334083" elapsed="17.027919"/>
</kw>
<kw name="Clique Sur Setting Include" owner="Integration">
<msg time="2025-05-08T23:24:11.536440" level="INFO">📌 Liste des applications détectées : ['Bluetooth', 'Réseau et Internet', 'Notifications', 'Son', 'Écran', 'Profils et comptes', 'Position', 'Accès à la position', 'Autorisations des applis', 'Accès récent(s)', 'Maps', 'Appium Settings']
📌 First Home Page détectée : ['Bluetooth', 'Réseau et Internet', 'Notifications', 'Son', 'Écran', 'Profils et comptes', 'Position', 'Accès à la position', 'Autorisations des applis', 'Accès récent(s)', 'Maps', 'Appium Settings']
🔄 Swipe #1 en cours...

📌 Liste des applications détectées : ['Bluetooth', 'Réseau et Internet', 'Notifications', 'Son', 'Écran', 'Profils et comptes', 'Position', 'Accès à la position', 'Autorisations des applis', 'Accès récent(s)', 'Maps', 'Appium Settings']
✅ Retour à la first home page !
First Home Page détectée : ['Accès récent(s)', 'Choisissez si les applis ont accès la position de votre voiture', 'il y a 0\xa0min', 'Gérez les autorisations de chaque appli', 'Accès à la position', 'Autorisations des applis', 'Appium Settings', 'Maps']
 Accès à la position trouvé ! Appui sur le texte contenant 'Accès à la position'.</msg>
<arg>${driver}</arg>
<arg>${LANG_DICT.acces}</arg>
<arg>${Setting_system}</arg>
<status status="PASS" start="2025-05-08T23:23:55.362002" elapsed="16.174438"/>
</kw>
<kw name="Activer Toggle Si Desactive" owner="Integration">
<msg time="2025-05-08T23:24:13.020766" level="INFO">true</msg>
<arg>${driver}</arg>
<arg>${LANG_DICT.use_loc}</arg>
<status status="PASS" start="2025-05-08T23:24:11.536440" elapsed="1.484326"/>
</kw>
<kw name="Is Gps Enabled Adb" owner="Integration">
<msg time="2025-05-08T23:24:13.061803" level="INFO">✅ Le GPS est activé (location_mode = 3).</msg>
<msg time="2025-05-08T23:24:13.061803" level="INFO">${verfier_gps_adb} = True</msg>
<var>${verfier_gps_adb}</var>
<arg>${driver}</arg>
<doc>Vérifie si le GPS (services de localisation) est activé via ADB pour un device donné.</doc>
<status status="PASS" start="2025-05-08T23:24:13.020766" elapsed="0.041037"/>
</kw>
<kw name="Should Be True" owner="BuiltIn">
<arg>${verfier_gps_adb}</arg>
<arg>Le GPS ne s'active pas (via ADB)</arg>
<doc>Fails if the given condition is not true.</doc>
<status status="PASS" start="2025-05-08T23:24:13.062802" elapsed="0.000000"/>
</kw>
<doc>Tests GPS activation</doc>
<status status="PASS" start="2025-05-08T23:23:11.696921" elapsed="61.365881"/>
</kw>
<msg time="2025-05-08T23:24:13.062802" level="INFO">${test_status} = True</msg>
<var>${test_status}</var>
<arg>${test_keyword}</arg>
<doc>Runs the given keyword with given arguments and returns the status as a Boolean value.</doc>
<status status="PASS" start="2025-05-08T23:23:11.696921" elapsed="61.365881"/>
</kw>
<if>
<branch type="IF" condition="${test_status}">
<kw name="Log" owner="BuiltIn">
<msg time="2025-05-08T23:24:13.062802" level="INFO">Test Test Ouvrir Gps réussi</msg>
<arg>Test ${test_name} réussi</arg>
<doc>Logs the given message with the given level.</doc>
<status status="PASS" start="2025-05-08T23:24:13.062802" elapsed="0.000000"/>
</kw>
<kw name="Exit For Loop" owner="BuiltIn">
<msg time="2025-05-08T23:24:13.062802" level="INFO">Exiting for loop altogether.</msg>
<doc>Stops executing the enclosing FOR loop.</doc>
<status status="PASS" start="2025-05-08T23:24:13.062802" elapsed="0.000000"/>
</kw>
<status status="PASS" start="2025-05-08T23:24:13.062802" elapsed="0.000000"/>
</branch>
<branch type="ELSE">
<kw name="Evaluate" owner="BuiltIn">
<var>${attempt}</var>
<arg>${attempt} + 1</arg>
<doc>Evaluates the given expression in Python and returns the result.</doc>
<status status="NOT RUN" start="2025-05-08T23:24:13.062802" elapsed="0.001002"/>
</kw>
<if>
<branch type="IF" condition="${attempt} &lt;= ${MAX_RETRIES}">
<kw name="Log" owner="BuiltIn">
<arg>Test ${test_name} échoué - Tentative ${attempt}/${MAX_RETRIES}</arg>
<doc>Logs the given message with the given level.</doc>
<status status="NOT RUN" start="2025-05-08T23:24:13.063804" elapsed="0.000000"/>
</kw>
<kw name="Sleep" owner="BuiltIn">
<arg>${RETRY_DELAY}</arg>
<doc>Pauses the test executed for the given time.</doc>
<status status="NOT RUN" start="2025-05-08T23:24:13.063804" elapsed="0.000000"/>
</kw>
<status status="NOT RUN" start="2025-05-08T23:24:13.063804" elapsed="0.000000"/>
</branch>
<status status="NOT RUN" start="2025-05-08T23:24:13.063804" elapsed="0.000000"/>
</if>
<status status="NOT RUN" start="2025-05-08T23:24:13.062802" elapsed="0.001002"/>
</branch>
<status status="PASS" start="2025-05-08T23:24:13.062802" elapsed="0.001002"/>
</if>
<var name="${index}">0</var>
<status status="PASS" start="2025-05-08T23:23:11.696921" elapsed="61.366883"/>
</iter>
<var>${index}</var>
<value>${MAX_RETRIES}</value>
<status status="PASS" start="2025-05-08T23:23:11.696921" elapsed="61.366883"/>
</for>
<if>
<branch type="IF" condition="not ${test_status}">
<kw name="Fail" owner="BuiltIn">
<arg>Le test ${test_name} a échoué après ${MAX_RETRIES} tentatives</arg>
<doc>Fails the test with the given message and optionally alters its tags.</doc>
<status status="NOT RUN" start="2025-05-08T23:24:13.063804" elapsed="0.000000"/>
</kw>
<status status="NOT RUN" start="2025-05-08T23:24:13.063804" elapsed="0.000000"/>
</branch>
<status status="PASS" start="2025-05-08T23:24:13.063804" elapsed="0.000000"/>
</if>
<arg>Execute Open Gps Test</arg>
<arg>Test Ouvrir Gps</arg>
<status status="PASS" start="2025-05-08T23:23:11.695922" elapsed="61.367882"/>
</kw>
<doc>Teste l'activation du GPS
- Ouvre les paramètres
- Active le GPS
- Vérifie l'activation via ADB</doc>
<tag>gps</tag>
<tag>smoke</tag>
<status status="PASS" start="2025-05-08T23:23:11.695922" elapsed="61.367882"/>
</test>
<test id="s1-t2" name="Test GPS Location Functionality" line="156">
<kw name="Execute Test With Retry">
<kw name="Set Variable" owner="BuiltIn">
<msg time="2025-05-08T23:24:13.064802" level="INFO">${attempt} = 1</msg>
<var>${attempt}</var>
<arg>1</arg>
<doc>Returns the given values which can then be assigned to a variables.</doc>
<status status="PASS" start="2025-05-08T23:24:13.064802" elapsed="0.000000"/>
</kw>
<kw name="Set Variable" owner="BuiltIn">
<msg time="2025-05-08T23:24:13.064802" level="INFO">${test_status} = False</msg>
<var>${test_status}</var>
<arg>${FALSE}</arg>
<doc>Returns the given values which can then be assigned to a variables.</doc>
<status status="PASS" start="2025-05-08T23:24:13.064802" elapsed="0.000000"/>
</kw>
<for flavor="IN RANGE">
<iter>
<kw name="Run Keyword And Return Status" owner="BuiltIn">
<kw name="Execute Gps Location Test">
<kw name="Set Location ViaAdb" owner="Integration">
<msg time="2025-05-08T23:24:13.106839" level="INFO">[OK] Position définie : -74.0060, 40.7128</msg>
<arg>${Device}</arg>
<arg>${Longitude}</arg>
<arg>${Latitude}</arg>
<doc>Définit une nouvelle position GPS via une API Flask sur le host.</doc>
<status status="PASS" start="2025-05-08T23:24:13.065802" elapsed="0.041037"/>
</kw>
<kw name="Sleep" owner="BuiltIn">
<msg time="2025-05-08T23:24:13.608686" level="INFO">Slept 500 milliseconds.</msg>
<arg>${QUICK_WAIT}</arg>
<doc>Pauses the test executed for the given time.</doc>
<status status="PASS" start="2025-05-08T23:24:13.106839" elapsed="0.501847"/>
</kw>
<kw name="Get Location ViaAdb" owner="Integration">
<msg time="2025-05-08T23:24:13.654348" level="INFO">${current_latitude} = 40.7128</msg>
<msg time="2025-05-08T23:24:13.654348" level="INFO">${current_longitude} = -74.006</msg>
<var>${current_latitude}</var>
<var>${current_longitude}</var>
<arg>${Device}</arg>
<status status="PASS" start="2025-05-08T23:24:13.608686" elapsed="0.045662"/>
</kw>
<kw name="Should Be Equal As Numbers" owner="BuiltIn">
<msg time="2025-05-08T23:24:13.655346" level="INFO">Argument types are:
&lt;class 'float'&gt;
&lt;class 'str'&gt;</msg>
<arg>${current_latitude}</arg>
<arg>${Latitude}</arg>
<arg>La latitude n'a pas été mise à jour correctement</arg>
<doc>Fails if objects are unequal after converting them to real numbers.</doc>
<status status="PASS" start="2025-05-08T23:24:13.654348" elapsed="0.000998"/>
</kw>
<kw name="Should Be Equal As Numbers" owner="BuiltIn">
<msg time="2025-05-08T23:24:13.655346" level="INFO">Argument types are:
&lt;class 'float'&gt;
&lt;class 'str'&gt;</msg>
<arg>${current_longitude}</arg>
<arg>${Longitude}</arg>
<arg>La longitude n'a pas été mise à jour correctement</arg>
<doc>Fails if objects are unequal after converting them to real numbers.</doc>
<status status="PASS" start="2025-05-08T23:24:13.655346" elapsed="0.000000"/>
</kw>
<doc>Tests GPS location functionality</doc>
<status status="PASS" start="2025-05-08T23:24:13.065802" elapsed="0.589544"/>
</kw>
<msg time="2025-05-08T23:24:13.655346" level="INFO">${test_status} = True</msg>
<var>${test_status}</var>
<arg>${test_keyword}</arg>
<doc>Runs the given keyword with given arguments and returns the status as a Boolean value.</doc>
<status status="PASS" start="2025-05-08T23:24:13.064802" elapsed="0.590544"/>
</kw>
<if>
<branch type="IF" condition="${test_status}">
<kw name="Log" owner="BuiltIn">
<msg time="2025-05-08T23:24:13.655346" level="INFO">Test Test GPS Location Functionality réussi</msg>
<arg>Test ${test_name} réussi</arg>
<doc>Logs the given message with the given level.</doc>
<status status="PASS" start="2025-05-08T23:24:13.655346" elapsed="0.000000"/>
</kw>
<kw name="Exit For Loop" owner="BuiltIn">
<msg time="2025-05-08T23:24:13.655346" level="INFO">Exiting for loop altogether.</msg>
<doc>Stops executing the enclosing FOR loop.</doc>
<status status="PASS" start="2025-05-08T23:24:13.655346" elapsed="0.000999"/>
</kw>
<status status="PASS" start="2025-05-08T23:24:13.655346" elapsed="0.000999"/>
</branch>
<branch type="ELSE">
<kw name="Evaluate" owner="BuiltIn">
<var>${attempt}</var>
<arg>${attempt} + 1</arg>
<doc>Evaluates the given expression in Python and returns the result.</doc>
<status status="NOT RUN" start="2025-05-08T23:24:13.656345" elapsed="0.000000"/>
</kw>
<if>
<branch type="IF" condition="${attempt} &lt;= ${MAX_RETRIES}">
<kw name="Log" owner="BuiltIn">
<arg>Test ${test_name} échoué - Tentative ${attempt}/${MAX_RETRIES}</arg>
<doc>Logs the given message with the given level.</doc>
<status status="NOT RUN" start="2025-05-08T23:24:13.656345" elapsed="0.000000"/>
</kw>
<kw name="Sleep" owner="BuiltIn">
<arg>${RETRY_DELAY}</arg>
<doc>Pauses the test executed for the given time.</doc>
<status status="NOT RUN" start="2025-05-08T23:24:13.656345" elapsed="0.000000"/>
</kw>
<status status="NOT RUN" start="2025-05-08T23:24:13.656345" elapsed="0.000000"/>
</branch>
<status status="NOT RUN" start="2025-05-08T23:24:13.656345" elapsed="0.000000"/>
</if>
<status status="NOT RUN" start="2025-05-08T23:24:13.656345" elapsed="0.000000"/>
</branch>
<status status="PASS" start="2025-05-08T23:24:13.655346" elapsed="0.000999"/>
</if>
<var name="${index}">0</var>
<status status="PASS" start="2025-05-08T23:24:13.064802" elapsed="0.591543"/>
</iter>
<var>${index}</var>
<value>${MAX_RETRIES}</value>
<status status="PASS" start="2025-05-08T23:24:13.064802" elapsed="0.591543"/>
</for>
<if>
<branch type="IF" condition="not ${test_status}">
<kw name="Fail" owner="BuiltIn">
<arg>Le test ${test_name} a échoué après ${MAX_RETRIES} tentatives</arg>
<doc>Fails the test with the given message and optionally alters its tags.</doc>
<status status="NOT RUN" start="2025-05-08T23:24:13.656345" elapsed="0.000000"/>
</kw>
<status status="NOT RUN" start="2025-05-08T23:24:13.656345" elapsed="0.000000"/>
</branch>
<status status="PASS" start="2025-05-08T23:24:13.656345" elapsed="0.000000"/>
</if>
<arg>Execute Gps Location Test</arg>
<arg>Test GPS Location Functionality</arg>
<status status="PASS" start="2025-05-08T23:24:13.064802" elapsed="0.591543"/>
</kw>
<doc>Teste la fonctionnalité de modification de position GPS
- Définit une position GPS spécifique via ADB
- Vérifie que la position a bien été mise à jour</doc>
<tag>gps</tag>
<tag>location</tag>
<status status="PASS" start="2025-05-08T23:24:13.063804" elapsed="0.592541"/>
</test>
<test id="s1-t3" name="Test GPS Multi-Location" line="163">
<kw name=":FOR">
<msg time="2025-05-08T23:24:13.657345" level="FAIL">Support for the old FOR loop syntax has been removed. Replace ':FOR' with 'FOR', end the loop with 'END', and remove escaping backslashes.</msg>
<arg>${lat}</arg>
<arg>${lon}</arg>
<arg>IN</arg>
<arg>@{GPS_LOCATIONS}</arg>
<status status="FAIL" start="2025-05-08T23:24:13.657345" elapsed="0.000000">Support for the old FOR loop syntax has been removed. Replace ':FOR' with 'FOR', end the loop with 'END', and remove escaping backslashes.</status>
</kw>
<kw name="\">
<arg>Test GPS Location For Coordinates</arg>
<arg>${lat}</arg>
<arg>${lon}</arg>
<status status="NOT RUN" start="2025-05-08T23:24:13.657345" elapsed="0.000000"/>
</kw>
<doc>Teste la modification de position GPS pour plusieurs emplacements</doc>
<status status="FAIL" start="2025-05-08T23:24:13.657345" elapsed="0.000000">Support for the old FOR loop syntax has been removed. Replace ':FOR' with 'FOR', end the loop with 'END', and remove escaping backslashes.</status>
</test>
<kw name="Fermer Driver" type="TEARDOWN">
<try>
<branch type="TRY">
<kw name="Run Keyword And Return Status" owner="BuiltIn">
<kw name="Get Source" owner="AppiumLibrary">
<kw name="Capture Page Screenshot" owner="AppiumLibrary">
<msg time="2025-05-08T23:24:13.658346" level="FAIL">No application is open</msg>
<doc>Takes a screenshot of the current page and embeds it into the log.</doc>
<status status="FAIL" start="2025-05-08T23:24:13.658346" elapsed="0.002000">No application is open</status>
</kw>
<msg time="2025-05-08T23:24:13.661346" level="WARN">Keyword 'Capture Page Screenshot' could not be run on failure: No application is open</msg>
<msg time="2025-05-08T23:24:13.661346" level="FAIL">No application is open</msg>
<doc>Returns the entire source of the current page.</doc>
<status status="FAIL" start="2025-05-08T23:24:13.658346" elapsed="0.004999">No application is open</status>
</kw>
<msg time="2025-05-08T23:24:13.663345" level="INFO">${session_active} = False</msg>
<var>${session_active}</var>
<arg>Get Source</arg>
<doc>Runs the given keyword with given arguments and returns the status as a Boolean value.</doc>
<status status="PASS" start="2025-05-08T23:24:13.658346" elapsed="0.004999"/>
</kw>
<if>
<branch type="IF" condition="${session_active}">
<kw name="Close Driver" owner="Integration">
<arg>${driver}</arg>
<doc>Ferme proprement le driver Appium.</doc>
<status status="NOT RUN" start="2025-05-08T23:24:13.663345" elapsed="0.000000"/>
</kw>
<kw name="Log" owner="BuiltIn">
<arg>Driver fermé avec succès</arg>
<doc>Logs the given message with the given level.</doc>
<status status="NOT RUN" start="2025-05-08T23:24:13.663345" elapsed="0.000000"/>
</kw>
<status status="NOT RUN" start="2025-05-08T23:24:13.663345" elapsed="0.000000"/>
</branch>
<branch type="ELSE">
<kw name="Log" owner="BuiltIn">
<msg time="2025-05-08T23:24:13.663345" level="INFO">Le driver n'était pas actif</msg>
<arg>Le driver n'était pas actif</arg>
<doc>Logs the given message with the given level.</doc>
<status status="PASS" start="2025-05-08T23:24:13.663345" elapsed="0.000000"/>
</kw>
<status status="PASS" start="2025-05-08T23:24:13.663345" elapsed="0.000000"/>
</branch>
<status status="PASS" start="2025-05-08T23:24:13.663345" elapsed="0.000000"/>
</if>
<status status="PASS" start="2025-05-08T23:24:13.658346" elapsed="0.004999"/>
</branch>
<branch type="EXCEPT" assign="${error}">
<kw name="Log" owner="BuiltIn">
<arg>Erreur lors de la fermeture du driver: ${error}</arg>
<doc>Logs the given message with the given level.</doc>
<status status="NOT RUN" start="2025-05-08T23:24:13.663345" elapsed="0.000000"/>
</kw>
<status status="NOT RUN" start="2025-05-08T23:24:13.663345" elapsed="0.000000"/>
</branch>
<status status="PASS" start="2025-05-08T23:24:13.658346" elapsed="0.004999"/>
</try>
<doc>Cleans up and closes the test driver</doc>
<status status="PASS" start="2025-05-08T23:24:13.658346" elapsed="0.004999"/>
</kw>
<doc>Tests de fonctionnalité GPS pour appareil Android
- Vérification de la modification de position GPS
- Utilisation des commandes ADB pour contrôler l'émulateur</doc>
<status status="FAIL" start="2025-05-08T23:23:01.201501" elapsed="72.461844"/>
</suite>
<statistics>
<total>
<stat pass="2" fail="1" skip="0">All Tests</stat>
</total>
<tag>
<stat pass="2" fail="0" skip="0">gps</stat>
<stat pass="1" fail="0" skip="0">location</stat>
<stat pass="1" fail="0" skip="0">smoke</stat>
</tag>
<suite>
<stat name="FonctionnaliteMaps" id="s1" pass="2" fail="1" skip="0">FonctionnaliteMaps</stat>
</suite>
</statistics>
<errors>
<msg time="2025-05-08T23:24:13.661346" level="WARN">Keyword 'Capture Page Screenshot' could not be run on failure: No application is open</msg>
</errors>
</robot>
