<?xml version="1.0" encoding="UTF-8"?>
<robot generator="Robot 7.2.2 (Python 3.12.5 on win32)" generated="2025-04-16T12:05:12.547161" rpa="false" schemaversion="5">
<suite id="s1" name="FonctionnaliteMaps" source="C:\Users\bahae\Desktop\PfeProject\test_cases\FonctionnaliteMaps.robot">
<kw name="Démarrer Driver" type="SETUP">
<kw name="Setup Driver" owner="Integration">
<msg time="2025-04-16T12:05:18.770891" level="INFO">${driver} = &lt;appium.webdriver.webdriver.WebDriver (session="dabb64d0-7914-47e8-a847-e37a4110482e")&gt;</msg>
<var>${driver}</var>
<arg>${Device}</arg>
<doc>Initialise et retourne le driver Appium.</doc>
<status status="PASS" start="2025-04-16T12:05:12.933192" elapsed="5.837699"/>
</kw>
<kw name="Set Suite Variable" owner="BuiltIn">
<msg time="2025-04-16T12:05:18.771892" level="INFO">${driver} = &lt;appium.webdriver.webdriver.WebDriver (session="dabb64d0-7914-47e8-a847-e37a4110482e")&gt;</msg>
<arg>${driver}</arg>
<doc>Makes a variable available everywhere within the scope of the current suite.</doc>
<status status="PASS" start="2025-04-16T12:05:18.771892" elapsed="0.000000"/>
</kw>
<status status="PASS" start="2025-04-16T12:05:12.932193" elapsed="5.839699"/>
</kw>
<test id="s1-t1" name="Test GPS Location Functionality" line="33">
<kw name="Set Location ViaAdb" owner="Integration">
<msg time="2025-04-16T12:05:18.812890" level="INFO">Position définie à Longitude: -74.0060, Latitude: 40.7128</msg>
<arg>${Device}</arg>
<arg>${Longitude}</arg>
<arg>${Latitude}</arg>
<doc>Définit une nouvelle position GPS sur l'émulateur ou l'appareil.</doc>
<status status="PASS" start="2025-04-16T12:05:18.771892" elapsed="0.040998"/>
</kw>
<kw name="Sleep" owner="BuiltIn">
<msg time="2025-04-16T12:05:20.813906" level="INFO">Slept 2 seconds.</msg>
<arg>2s</arg>
<doc>Pauses the test executed for the given time.</doc>
<status status="PASS" start="2025-04-16T12:05:18.812890" elapsed="2.001016"/>
</kw>
<kw name="Get Location ViaAdb" owner="Integration">
<msg time="2025-04-16T12:05:20.874905" level="INFO">${current_latitude} = 40.7128</msg>
<msg time="2025-04-16T12:05:20.874905" level="INFO">${current_longitude} = -74.006</msg>
<var>${current_latitude}</var>
<var>${current_longitude}</var>
<arg>${Device}</arg>
<status status="PASS" start="2025-04-16T12:05:20.813906" elapsed="0.060999"/>
</kw>
<kw name="Should Be Equal As Numbers" owner="BuiltIn">
<msg time="2025-04-16T12:05:20.874905" level="INFO">Argument types are:
&lt;class 'float'&gt;
&lt;class 'str'&gt;</msg>
<arg>${current_latitude}</arg>
<arg>${Latitude}</arg>
<doc>Fails if objects are unequal after converting them to real numbers.</doc>
<status status="PASS" start="2025-04-16T12:05:20.874905" elapsed="0.000000"/>
</kw>
<kw name="Should Be Equal As Numbers" owner="BuiltIn">
<msg time="2025-04-16T12:05:20.874905" level="INFO">Argument types are:
&lt;class 'float'&gt;
&lt;class 'str'&gt;</msg>
<arg>${current_longitude}</arg>
<arg>${Longitude}</arg>
<doc>Fails if objects are unequal after converting them to real numbers.</doc>
<status status="PASS" start="2025-04-16T12:05:20.874905" elapsed="0.001001"/>
</kw>
<doc>Ce test définit la localisation GPS et vérifie qu'elle est correcte.</doc>
<tag>gps</tag>
<status status="PASS" start="2025-04-16T12:05:18.771892" elapsed="2.104014"/>
</test>
<kw name="Fermer Driver" type="TEARDOWN">
<kw name="Close Driver" owner="Integration">
<arg>${driver}</arg>
<doc>Ferme proprement le driver Appium.</doc>
<status status="PASS" start="2025-04-16T12:05:20.875906" elapsed="0.153999"/>
</kw>
<status status="PASS" start="2025-04-16T12:05:20.875906" elapsed="0.153999"/>
</kw>
<status status="PASS" start="2025-04-16T12:05:12.549162" elapsed="8.480743"/>
</suite>
<statistics>
<total>
<stat pass="1" fail="0" skip="0">All Tests</stat>
</total>
<tag>
<stat pass="1" fail="0" skip="0">gps</stat>
</tag>
<suite>
<stat name="FonctionnaliteMaps" id="s1" pass="1" fail="0" skip="0">FonctionnaliteMaps</stat>
</suite>
</statistics>
<errors>
</errors>
</robot>
