<?xml version="1.0" encoding="UTF-8"?>
<robot generator="Robot 7.2.2 (Python 3.12.5 on win32)" generated="2025-05-28T16:46:34.190655" rpa="false" schemaversion="5">
<suite id="s1" name="TestsAudio" source="C:\Users\bahae\Documents\PfeProject\test_cases\TestsAudio.robot">
<kw name="Démarrer Driver" type="SETUP">
<kw name="Log" owner="BuiltIn">
<msg time="2025-05-28T16:46:38.529045" level="INFO">Tentative d'initialisation du driver Appium...</msg>
<arg>Tentative d'initialisation du driver Appium...</arg>
<doc>Logs the given message with the given level.</doc>
<status status="PASS" start="2025-05-28T16:46:38.529045" elapsed="0.000000"/>
</kw>
<kw name="Log" owner="BuiltIn">
<msg time="2025-05-28T16:46:38.529045" level="INFO">URL Appium: C:\Users\bahae\Documents\PfeProject\test_cases\..\config.py</msg>
<arg>URL Appium: C:\\Users\\bahae\\Documents\\PfeProject\\test_cases${/}..${/}config.py</arg>
<doc>Logs the given message with the given level.</doc>
<status status="PASS" start="2025-05-28T16:46:38.529045" elapsed="0.001000"/>
</kw>
<kw name="Run Keyword And Ignore Error" owner="BuiltIn">
<kw name="Setup Driver" owner="Integration">
<arg>${Device}</arg>
<doc>Initialise et retourne le driver Appium.</doc>
<status status="PASS" start="2025-05-28T16:46:38.530045" elapsed="5.349442"/>
</kw>
<msg time="2025-05-28T16:46:43.879487" level="INFO">${result} = ('PASS', &lt;appium.webdriver.webdriver.WebDriver (session="af794af8-012e-407a-8d36-820fce562f91")&gt;)</msg>
<var>${result}</var>
<arg>setup driver</arg>
<arg>${Device}</arg>
<doc>Runs the given keyword with the given arguments and ignores possible error.</doc>
<status status="PASS" start="2025-05-28T16:46:38.530045" elapsed="5.349442"/>
</kw>
<kw name="Set Variable" owner="BuiltIn">
<msg time="2025-05-28T16:46:43.880485" level="INFO">${status} = PASS</msg>
<msg time="2025-05-28T16:46:43.880485" level="INFO">${driver} = &lt;appium.webdriver.webdriver.WebDriver (session="af794af8-012e-407a-8d36-820fce562f91")&gt;</msg>
<var>${status}</var>
<var>${driver}</var>
<arg>${result}</arg>
<doc>Returns the given values which can then be assigned to a variables.</doc>
<status status="PASS" start="2025-05-28T16:46:43.879487" elapsed="0.000998"/>
</kw>
<if>
<branch type="IF" condition="'${status}' == 'FAIL'">
<kw name="Log" owner="BuiltIn">
<arg>Échec de l'initialisation du driver: ${driver}</arg>
<doc>Logs the given message with the given level.</doc>
<status status="NOT RUN" start="2025-05-28T16:46:43.880485" elapsed="0.000000"/>
</kw>
<kw name="Fail" owner="BuiltIn">
<arg>Impossible d'initialiser le driver Appium: ${driver}</arg>
<doc>Fails the test with the given message and optionally alters its tags.</doc>
<status status="NOT RUN" start="2025-05-28T16:46:43.880485" elapsed="0.000000"/>
</kw>
<status status="NOT RUN" start="2025-05-28T16:46:43.880485" elapsed="0.000000"/>
</branch>
<status status="PASS" start="2025-05-28T16:46:43.880485" elapsed="0.000000"/>
</if>
<kw name="Set Suite Variable" owner="BuiltIn">
<msg time="2025-05-28T16:46:43.880485" level="INFO">${driver} = &lt;appium.webdriver.webdriver.WebDriver (session="af794af8-012e-407a-8d36-820fce562f91")&gt;</msg>
<arg>${driver}</arg>
<doc>Makes a variable available everywhere within the scope of the current suite.</doc>
<status status="PASS" start="2025-05-28T16:46:43.880485" elapsed="0.000000"/>
</kw>
<kw name="Log" owner="BuiltIn">
<msg time="2025-05-28T16:46:43.880485" level="INFO">Driver Appium initialisé avec succès</msg>
<arg>Driver Appium initialisé avec succès</arg>
<doc>Logs the given message with the given level.</doc>
<status status="PASS" start="2025-05-28T16:46:43.880485" elapsed="0.000000"/>
</kw>
<status status="PASS" start="2025-05-28T16:46:38.528046" elapsed="5.352439"/>
</kw>
<test id="s1-t1" name="Test Audio Recording And Playback" line="232">
<kw name="Execute Test With Retry">
<kw name="Set Variable" owner="BuiltIn">
<msg time="2025-05-28T16:46:43.881504" level="INFO">${attempt} = 1</msg>
<var>${attempt}</var>
<arg>1</arg>
<doc>Returns the given values which can then be assigned to a variables.</doc>
<status status="PASS" start="2025-05-28T16:46:43.881504" elapsed="0.000000"/>
</kw>
<kw name="Set Variable" owner="BuiltIn">
<msg time="2025-05-28T16:46:43.881504" level="INFO">${test_status} = False</msg>
<var>${test_status}</var>
<arg>${FALSE}</arg>
<doc>Returns the given values which can then be assigned to a variables.</doc>
<status status="PASS" start="2025-05-28T16:46:43.881504" elapsed="0.000000"/>
</kw>
<for flavor="IN RANGE">
<iter>
<kw name="Run Keyword And Return Status" owner="BuiltIn">
<kw name="Verify Audio Recording">
<kw name="Initialize Language Settings">
<kw name="Get System Language" owner="Integration">
<msg time="2025-05-28T16:46:43.932352" level="INFO">${lang} = fr</msg>
<var>${lang}</var>
<arg>${Device}</arg>
<status status="PASS" start="2025-05-28T16:46:43.883007" elapsed="0.049345"/>
</kw>
<kw name="Set Variable If" owner="BuiltIn">
<msg time="2025-05-28T16:46:43.933351" level="INFO">${lang_dict} = {'System': 'Système', 'Setting': 'Paramètres', 'Audio': 'Enregistrement', 'Record': 'START', 'Stop': 'STOP', 'Play': 'Lire'}</msg>
<var>${lang_dict}</var>
<arg>'${lang}' == 'fr'</arg>
<arg>${LANG_FR}</arg>
<arg>${LANG_EN}</arg>
<doc>Sets variable based on the given condition.</doc>
<status status="PASS" start="2025-05-28T16:46:43.933351" elapsed="0.000000"/>
</kw>
<kw name="Set Suite Variable" owner="BuiltIn">
<msg time="2025-05-28T16:46:43.933351" level="INFO">${LANG_DICT} = {'System': 'Système', 'Setting': 'Paramètres', 'Audio': 'Enregistrement', 'Record': 'START', 'Stop': 'STOP', 'Play': 'Lire'}</msg>
<arg>${LANG_DICT}</arg>
<arg>${lang_dict}</arg>
<doc>Makes a variable available everywhere within the scope of the current suite.</doc>
<status status="PASS" start="2025-05-28T16:46:43.933351" elapsed="0.000000"/>
</kw>
<status status="PASS" start="2025-05-28T16:46:43.882484" elapsed="0.050867"/>
</kw>
<kw name="Navigate To Audio App">
<kw name="Start Activity Code" owner="Integration">
<arg>${driver}</arg>
<arg>com.example.audioapplicationtest/.MainActivity</arg>
<doc>Lance une activité spécifique sur un appareil Android via Appium.</doc>
<status status="PASS" start="2025-05-28T16:46:43.933351" elapsed="0.073862"/>
</kw>
<kw name="Sleep" owner="BuiltIn">
<msg time="2025-05-28T16:46:47.008153" level="INFO">Slept 3 seconds.</msg>
<arg>3s</arg>
<doc>Pauses the test executed for the given time.</doc>
<status status="PASS" start="2025-05-28T16:46:44.007213" elapsed="3.000940"/>
</kw>
<kw name="Print Activity" owner="Integration">
<msg time="2025-05-28T16:46:47.092570" level="INFO">${current_activity} = com.example.audioapplicationtest/.AudioPlayerActivity</msg>
<var>${current_activity}</var>
<arg>${driver}</arg>
<doc>Retourne l'activité complète sous la forme 'com.android.car.messenger/.ui.launcher.MessageLauncherActivity'.</doc>
<status status="PASS" start="2025-05-28T16:46:47.008153" elapsed="0.084417"/>
</kw>
<kw name="Should Contain" owner="BuiltIn">
<msg time="2025-05-28T16:46:47.092570" level="FAIL">L'application n'est pas correctement lancée: 'com.example.audioapplicationtest/.AudioPlayerActivity' does not contain 'com.example.audioapplicationtest/.MainActivity'</msg>
<arg>${current_activity}</arg>
<arg>com.example.audioapplicationtest/.MainActivity</arg>
<arg>L'application n'est pas correctement lancée</arg>
<doc>Fails if ``container`` does not contain ``item`` one or more times.</doc>
<status status="FAIL" start="2025-05-28T16:46:47.092570" elapsed="0.000000">L'application n'est pas correctement lancée: 'com.example.audioapplicationtest/.AudioPlayerActivity' does not contain 'com.example.audioapplicationtest/.MainActivity'</status>
</kw>
<status status="FAIL" start="2025-05-28T16:46:43.933351" elapsed="3.159219">L'application n'est pas correctement lancée: 'com.example.audioapplicationtest/.AudioPlayerActivity' does not contain 'com.example.audioapplicationtest/.MainActivity'</status>
</kw>
<kw name="Start Audio Recording And Playback">
<status status="NOT RUN" start="2025-05-28T16:46:47.092570" elapsed="0.000000"/>
</kw>
<kw name="Compare Audio Files">
<var>${result}</var>
<arg>${DEFAULT_OUTPUT_FILE}</arg>
<status status="NOT RUN" start="2025-05-28T16:46:47.093570" elapsed="0.000000"/>
</kw>
<kw name="Log" owner="BuiltIn">
<arg>Résultat de la comparaison: ${result}</arg>
<doc>Logs the given message with the given level.</doc>
<status status="NOT RUN" start="2025-05-28T16:46:47.093570" elapsed="0.000000"/>
</kw>
<status status="FAIL" start="2025-05-28T16:46:43.882484" elapsed="3.211086">L'application n'est pas correctement lancée: 'com.example.audioapplicationtest/.AudioPlayerActivity' does not contain 'com.example.audioapplicationtest/.MainActivity'</status>
</kw>
<msg time="2025-05-28T16:46:47.093570" level="INFO">${test_status} = False</msg>
<var>${test_status}</var>
<arg>${test_keyword}</arg>
<doc>Runs the given keyword with given arguments and returns the status as a Boolean value.</doc>
<status status="PASS" start="2025-05-28T16:46:43.882484" elapsed="3.211086"/>
</kw>
<if>
<branch type="IF" condition="${test_status}">
<kw name="Log" owner="BuiltIn">
<arg>Test ${test_name} réussi</arg>
<doc>Logs the given message with the given level.</doc>
<status status="NOT RUN" start="2025-05-28T16:46:47.093570" elapsed="0.000000"/>
</kw>
<kw name="Exit For Loop" owner="BuiltIn">
<doc>Stops executing the enclosing FOR loop.</doc>
<status status="NOT RUN" start="2025-05-28T16:46:47.093570" elapsed="0.000000"/>
</kw>
<status status="NOT RUN" start="2025-05-28T16:46:47.093570" elapsed="0.000000"/>
</branch>
<branch type="ELSE">
<kw name="Evaluate" owner="BuiltIn">
<msg time="2025-05-28T16:46:47.093570" level="INFO">${attempt} = 2</msg>
<var>${attempt}</var>
<arg>${attempt} + 1</arg>
<doc>Evaluates the given expression in Python and returns the result.</doc>
<status status="PASS" start="2025-05-28T16:46:47.093570" elapsed="0.001000"/>
</kw>
<if>
<branch type="IF" condition="${attempt} &lt;= ${MAX_RETRIES}">
<kw name="Log" owner="BuiltIn">
<arg>Test ${test_name} échoué - Tentative ${attempt}/${MAX_RETRIES}</arg>
<doc>Logs the given message with the given level.</doc>
<status status="NOT RUN" start="2025-05-28T16:46:47.094570" elapsed="0.000000"/>
</kw>
<kw name="Sleep" owner="BuiltIn">
<arg>${RETRY_DELAY}</arg>
<doc>Pauses the test executed for the given time.</doc>
<status status="NOT RUN" start="2025-05-28T16:46:47.094570" elapsed="0.000000"/>
</kw>
<status status="NOT RUN" start="2025-05-28T16:46:47.094570" elapsed="0.000000"/>
</branch>
<status status="PASS" start="2025-05-28T16:46:47.094570" elapsed="0.000000"/>
</if>
<status status="PASS" start="2025-05-28T16:46:47.093570" elapsed="0.001000"/>
</branch>
<status status="PASS" start="2025-05-28T16:46:47.093570" elapsed="0.001000"/>
</if>
<var name="${index}">0</var>
<status status="PASS" start="2025-05-28T16:46:43.882484" elapsed="3.212086"/>
</iter>
<var>${index}</var>
<value>${MAX_RETRIES}</value>
<status status="PASS" start="2025-05-28T16:46:43.881504" elapsed="3.213066"/>
</for>
<if>
<branch type="IF" condition="not ${test_status}">
<kw name="Fail" owner="BuiltIn">
<msg time="2025-05-28T16:46:47.095086" level="FAIL">Le test Test Audio Recording And Playback a échoué après 1 tentatives</msg>
<arg>Le test ${test_name} a échoué après ${MAX_RETRIES} tentatives</arg>
<doc>Fails the test with the given message and optionally alters its tags.</doc>
<status status="FAIL" start="2025-05-28T16:46:47.094570" elapsed="0.000516">Le test Test Audio Recording And Playback a échoué après 1 tentatives</status>
</kw>
<status status="FAIL" start="2025-05-28T16:46:47.094570" elapsed="0.000516">Le test Test Audio Recording And Playback a échoué après 1 tentatives</status>
</branch>
<status status="FAIL" start="2025-05-28T16:46:47.094570" elapsed="0.000516">Le test Test Audio Recording And Playback a échoué après 1 tentatives</status>
</if>
<arg>Verify Audio Recording</arg>
<arg>Test Audio Recording And Playback</arg>
<status status="FAIL" start="2025-05-28T16:46:43.881504" elapsed="3.213582">Le test Test Audio Recording And Playback a échoué après 1 tentatives</status>
</kw>
<doc>Verifies audio recording and playback functionality
- Navigates to audio recording app
- Records audio for a specified duration
- Plays back the recorded audio
- Supports both French and English interfaces</doc>
<tag>audio</tag>
<tag>playback</tag>
<tag>recording</tag>
<status status="FAIL" start="2025-05-28T16:46:43.880485" elapsed="3.214601">Le test Test Audio Recording And Playback a échoué après 1 tentatives</status>
</test>
<test id="s1-t2" name="Test Audio Player And Playback" line="243">
<kw name="Navigate To Audio Player App">
<kw name="Start Activity Code" owner="Integration">
<arg>${driver}</arg>
<arg>com.example.audioapplicationtest/.AudioPlayerActivity</arg>
<doc>Lance une activité spécifique sur un appareil Android via Appium.</doc>
<status status="PASS" start="2025-05-28T16:46:47.096083" elapsed="0.054772"/>
</kw>
<kw name="Sleep" owner="BuiltIn">
<msg time="2025-05-28T16:46:50.151068" level="INFO">Slept 3 seconds.</msg>
<arg>3s</arg>
<doc>Pauses the test executed for the given time.</doc>
<status status="PASS" start="2025-05-28T16:46:47.150855" elapsed="3.000213"/>
</kw>
<kw name="Print Activity" owner="Integration">
<msg time="2025-05-28T16:46:50.262290" level="INFO">${current_activity} = com.example.audioapplicationtest/.AudioPlayerActivity</msg>
<var>${current_activity}</var>
<arg>${driver}</arg>
<doc>Retourne l'activité complète sous la forme 'com.android.car.messenger/.ui.launcher.MessageLauncherActivity'.</doc>
<status status="PASS" start="2025-05-28T16:46:50.151068" elapsed="0.111222"/>
</kw>
<kw name="Should Contain" owner="BuiltIn">
<arg>${current_activity}</arg>
<arg>com.example.audioapplicationtest/.AudioPlayerActivity</arg>
<arg>L'application n'est pas correctement lancée</arg>
<doc>Fails if ``container`` does not contain ``item`` one or more times.</doc>
<status status="PASS" start="2025-05-28T16:46:50.262290" elapsed="0.000928"/>
</kw>
<status status="PASS" start="2025-05-28T16:46:47.095086" elapsed="3.168132"/>
</kw>
<kw name="Record Audio" owner="Integration">
<msg time="2025-05-28T16:46:50.268986" level="INFO">✅ Enregistrement audio réussi : Enregistrement audio démarré</msg>
<msg time="2025-05-28T16:46:50.268986" level="INFO">${recording_success} = True</msg>
<var>${recording_success}</var>
<arg>${driver}</arg>
<arg>23</arg>
<doc>Enregistre l'audio du système via l'API Flask.</doc>
<status status="PASS" start="2025-05-28T16:46:50.263218" elapsed="0.005768"/>
</kw>
<kw name="Should Be True" owner="BuiltIn">
<arg>${recording_success}</arg>
<arg>L'enregistrement audio a échoué</arg>
<doc>Fails if the given condition is not true.</doc>
<status status="PASS" start="2025-05-28T16:46:50.269924" elapsed="0.000000"/>
</kw>
<kw name="Sleep" owner="BuiltIn">
<msg time="2025-05-28T16:46:51.270014" level="INFO">Slept 1 second.</msg>
<arg>1s</arg>
<doc>Pauses the test executed for the given time.</doc>
<status status="PASS" start="2025-05-28T16:46:50.269924" elapsed="1.000090"/>
</kw>
<kw name="Click Play Button">
<kw name="Wait For Record Button">
<kw name="Wait Until Keyword Succeeds" owner="BuiltIn">
<kw name="Check Element Exists" owner="Integration">
<arg>${driver}</arg>
<arg>//android.widget.Button[@text="START"]</arg>
<doc>Vérifie si un élément existe en utilisant le XPath donné.</doc>
<status status="PASS" start="2025-05-28T16:46:51.270014" elapsed="0.731983"/>
</kw>
<arg>${timeout}</arg>
<arg>${QUICK_WAIT}</arg>
<arg>Check Element Exists</arg>
<arg>${driver}</arg>
<arg>//android.widget.Button[@text="START"]</arg>
<doc>Runs the specified keyword and retries if it fails.</doc>
<status status="PASS" start="2025-05-28T16:46:51.270014" elapsed="0.731983"/>
</kw>
<status status="PASS" start="2025-05-28T16:46:51.270014" elapsed="0.731983"/>
</kw>
<kw name="Check Element Exists" owner="Integration">
<msg time="2025-05-28T16:46:52.103372" level="INFO">${button_exists} = True</msg>
<var>${button_exists}</var>
<arg>${driver}</arg>
<arg>//android.widget.Button[@text="PLAY TEST WAV"]</arg>
<doc>Vérifie si un élément existe en utilisant le XPath donné.</doc>
<status status="PASS" start="2025-05-28T16:46:52.001997" elapsed="0.101375"/>
</kw>
<kw name="Should Be True" owner="BuiltIn">
<arg>${button_exists}</arg>
<arg>Le bouton PLAY TEST WAV n'est pas visible</arg>
<doc>Fails if the given condition is not true.</doc>
<status status="PASS" start="2025-05-28T16:46:52.103372" elapsed="0.000000"/>
</kw>
<kw name="Run Keyword And Return Status" owner="BuiltIn">
<kw name="Click Element By Xpath Bounds" owner="Integration">
<arg>${driver}</arg>
<arg>//android.widget.Button[@text="PLAY TEST WAV"]</arg>
<doc>Trouve un élément par XPath et clique dessus en utilisant ses bounds.</doc>
<status status="PASS" start="2025-05-28T16:46:52.104372" elapsed="0.517968"/>
</kw>
<msg time="2025-05-28T16:46:52.622340" level="INFO">${success} = True</msg>
<var>${success}</var>
<arg>click_element_by_xpath_bounds</arg>
<arg>${driver}</arg>
<arg>//android.widget.Button[@text="PLAY TEST WAV"]</arg>
<doc>Runs the given keyword with given arguments and returns the status as a Boolean value.</doc>
<status status="PASS" start="2025-05-28T16:46:52.104372" elapsed="0.517968"/>
</kw>
<kw name="Should Be True" owner="BuiltIn">
<arg>${success}</arg>
<arg>Impossible de cliquer sur le bouton START</arg>
<doc>Fails if the given condition is not true.</doc>
<status status="PASS" start="2025-05-28T16:46:52.622340" elapsed="0.000000"/>
</kw>
<status status="PASS" start="2025-05-28T16:46:51.270014" elapsed="1.352326"/>
</kw>
<kw name="Sleep" owner="BuiltIn">
<msg time="2025-05-28T16:47:14.622639" level="INFO">Slept 22 seconds.</msg>
<arg>22s</arg>
<doc>Pauses the test executed for the given time.</doc>
<status status="PASS" start="2025-05-28T16:46:52.622340" elapsed="22.000299"/>
</kw>
<kw name="Compare Audio Files Play">
<kw name="Compare With Latest Recorded Play" owner="TestAudio">
<msg time="2025-05-28T16:47:16.740405" level="INFO">Erreur lors du téléchargement de l'audio: 404 Client Error: NOT FOUND for url: http://localhost:6000/latest-audio-record-play</msg>
<msg time="2025-05-28T16:47:16.740405" level="INFO">${test_passed} = False</msg>
<msg time="2025-05-28T16:47:16.740405" level="INFO">${metrics} = {'error': '404 Client Error: NOT FOUND for url: http://localhost:6000/latest-audio-record-play'}</msg>
<var>${test_passed}</var>
<var>${metrics}</var>
<arg>${original_audio}</arg>
<doc>Télécharge le dernier audio enregistré via l'API Flask et le compare à l'original.
:param original_audio: Chemin du fichier original (wav)
:param latest_audio_path: Chemin où sauvegarder le fichier téléchargé
:param api_url: URL de l'API Flask pour récupérer le dernier audio
:return: (test_passed, metrics)</doc>
<status status="PASS" start="2025-05-28T16:47:14.623151" elapsed="2.117254"/>
</kw>
<kw name="Log" owner="BuiltIn">
<msg time="2025-05-28T16:47:16.741406" level="FAIL">Resolving variable '${metrics['snr']}' failed: KeyError: 'snr'</msg>
<arg>SNR: ${metrics['snr']} dB (seuil: 20 dB)</arg>
<doc>Logs the given message with the given level.</doc>
<status status="FAIL" start="2025-05-28T16:47:16.740405" elapsed="0.001001">Resolving variable '${metrics['snr']}' failed: KeyError: 'snr'</status>
</kw>
<kw name="Log" owner="BuiltIn">
<arg>Corrélation: ${metrics['correlation']} (seuil: 0.9)</arg>
<doc>Logs the given message with the given level.</doc>
<status status="NOT RUN" start="2025-05-28T16:47:16.742042" elapsed="0.000000"/>
</kw>
<kw name="Log" owner="BuiltIn">
<arg>MOS: ${metrics['mos']}/5 (seuil: 3.0)</arg>
<doc>Logs the given message with the given level.</doc>
<status status="NOT RUN" start="2025-05-28T16:47:16.742042" elapsed="0.000000"/>
</kw>
<kw name="Log" owner="BuiltIn">
<arg>Clarté: ${metrics['clarity']} (seuil: 0.8)</arg>
<doc>Logs the given message with the given level.</doc>
<status status="NOT RUN" start="2025-05-28T16:47:16.742042" elapsed="0.000000"/>
</kw>
<kw name="Evaluate" owner="BuiltIn">
<var>${snr_ok}</var>
<arg>${metrics['snr']} &gt;= 20</arg>
<doc>Evaluates the given expression in Python and returns the result.</doc>
<status status="NOT RUN" start="2025-05-28T16:47:16.742042" elapsed="0.000000"/>
</kw>
<kw name="Evaluate" owner="BuiltIn">
<var>${correlation_ok}</var>
<arg>${metrics['correlation']} &gt;= 0.9</arg>
<doc>Evaluates the given expression in Python and returns the result.</doc>
<status status="NOT RUN" start="2025-05-28T16:47:16.742042" elapsed="0.000000"/>
</kw>
<kw name="Evaluate" owner="BuiltIn">
<var>${mos_ok}</var>
<arg>${metrics['mos']} &gt;= 3.0</arg>
<doc>Evaluates the given expression in Python and returns the result.</doc>
<status status="NOT RUN" start="2025-05-28T16:47:16.742042" elapsed="0.000000"/>
</kw>
<kw name="Evaluate" owner="BuiltIn">
<var>${clarity_ok}</var>
<arg>${metrics['clarity']} &gt;= 0.8</arg>
<doc>Evaluates the given expression in Python and returns the result.</doc>
<status status="NOT RUN" start="2025-05-28T16:47:16.742042" elapsed="0.000000"/>
</kw>
<kw name="Evaluate" owner="BuiltIn">
<var>${test_passed}</var>
<arg>${snr_ok} and ${correlation_ok} and ${mos_ok} and ${clarity_ok}</arg>
<doc>Evaluates the given expression in Python and returns the result.</doc>
<status status="NOT RUN" start="2025-05-28T16:47:16.742042" elapsed="0.000000"/>
</kw>
<if>
<branch type="IF" condition="not ${test_passed}">
<kw name="Log" owner="BuiltIn">
<arg>❌ Test échoué - Métriques critiques non satisfaites</arg>
<doc>Logs the given message with the given level.</doc>
<status status="NOT RUN" start="2025-05-28T16:47:16.742552" elapsed="0.000000"/>
</kw>
<kw name="Fail" owner="BuiltIn">
<arg>Test audio échoué - Vérifiez les métriques dans les logs</arg>
<doc>Fails the test with the given message and optionally alters its tags.</doc>
<status status="NOT RUN" start="2025-05-28T16:47:16.742552" elapsed="0.000000"/>
</kw>
<status status="NOT RUN" start="2025-05-28T16:47:16.742042" elapsed="0.000510"/>
</branch>
<branch type="ELSE">
<kw name="Log" owner="BuiltIn">
<arg>✅ Test réussi - Toutes les métriques sont satisfaites</arg>
<doc>Logs the given message with the given level.</doc>
<status status="NOT RUN" start="2025-05-28T16:47:16.742552" elapsed="0.000000"/>
</kw>
<status status="NOT RUN" start="2025-05-28T16:47:16.742552" elapsed="0.000000"/>
</branch>
<status status="NOT RUN" start="2025-05-28T16:47:16.742042" elapsed="0.000510"/>
</if>
<return>
<value>${test_passed}</value>
<value>${metrics}</value>
<status status="NOT RUN" start="2025-05-28T16:47:16.742552" elapsed="0.000000"/>
</return>
<arg>C:\\Users\\bahae\\Documents\\PfeProject\\test_cases${/}test.wav</arg>
<status status="FAIL" start="2025-05-28T16:47:14.623151" elapsed="2.119401">Resolving variable '${metrics['snr']}' failed: KeyError: 'snr'</status>
</kw>
<doc>Verifies audio recording and playback functionality
- Navigates to audio recording app
- Records audio for a specified duration
- Plays audio
- Supports both French and English interfaces</doc>
<tag>audio</tag>
<tag>playback</tag>
<tag>recording</tag>
<status status="FAIL" start="2025-05-28T16:46:47.095086" elapsed="29.647976">Resolving variable '${metrics['snr']}' failed: KeyError: 'snr'</status>
</test>
<kw name="Fermer Driver" type="TEARDOWN">
<kw name="Run Keyword And Return Status" owner="BuiltIn">
<kw name="Variable Should Exist" owner="BuiltIn">
<arg>${driver}</arg>
<doc>Fails unless the given variable exists within the current scope.</doc>
<status status="PASS" start="2025-05-28T16:47:16.743062" elapsed="0.000000"/>
</kw>
<msg time="2025-05-28T16:47:16.743062" level="INFO">${driver_exists} = True</msg>
<var>${driver_exists}</var>
<arg>Variable Should Exist</arg>
<arg>${driver}</arg>
<doc>Runs the given keyword with given arguments and returns the status as a Boolean value.</doc>
<status status="PASS" start="2025-05-28T16:47:16.743062" elapsed="0.000000"/>
</kw>
<if>
<branch type="IF" condition="${driver_exists}">
<kw name="Run Keyword And Return Status" owner="BuiltIn">
<kw name="Close Driver" owner="Integration">
<arg>${driver}</arg>
<doc>Ferme proprement le driver Appium.</doc>
<status status="PASS" start="2025-05-28T16:47:16.744063" elapsed="0.188100"/>
</kw>
<msg time="2025-05-28T16:47:16.932680" level="INFO">${close_success} = True</msg>
<var>${close_success}</var>
<arg>Close Driver</arg>
<arg>${driver}</arg>
<doc>Runs the given keyword with given arguments and returns the status as a Boolean value.</doc>
<status status="PASS" start="2025-05-28T16:47:16.743062" elapsed="0.189618"/>
</kw>
<if>
<branch type="IF" condition="not ${close_success}">
<kw name="Log" owner="BuiltIn">
<arg>Warning: Impossible de fermer proprement le driver Appium</arg>
<doc>Logs the given message with the given level.</doc>
<status status="NOT RUN" start="2025-05-28T16:47:16.932680" elapsed="0.000000"/>
</kw>
<status status="NOT RUN" start="2025-05-28T16:47:16.932680" elapsed="0.000000"/>
</branch>
<status status="PASS" start="2025-05-28T16:47:16.932680" elapsed="0.000000"/>
</if>
<status status="PASS" start="2025-05-28T16:47:16.743062" elapsed="0.189618"/>
</branch>
<status status="PASS" start="2025-05-28T16:47:16.743062" elapsed="0.189618"/>
</if>
<status status="PASS" start="2025-05-28T16:47:16.743062" elapsed="0.189618"/>
</kw>
<doc>Tests for audio recording and playback functionality
- Verifies audio recording capabilities
- Verifies audio playback capabilities
- Supports both French and English interfaces</doc>
<status status="FAIL" start="2025-05-28T16:46:34.191648" elapsed="42.741032"/>
</suite>
<statistics>
<total>
<stat pass="0" fail="2" skip="0">All Tests</stat>
</total>
<tag>
<stat pass="0" fail="2" skip="0">audio</stat>
<stat pass="0" fail="2" skip="0">playback</stat>
<stat pass="0" fail="2" skip="0">recording</stat>
</tag>
<suite>
<stat name="TestsAudio" id="s1" pass="0" fail="2" skip="0">TestsAudio</stat>
</suite>
</statistics>
<errors>
</errors>
</robot>
