<?xml version="1.0" encoding="UTF-8"?>
<robot generator="Robot 7.2.2 (Python 3.12.5 on win32)" generated="2025-04-16T12:06:30.851776" rpa="false" schemaversion="5">
<suite id="s1" name="InstallationApplications" source="C:\Users\bahae\Desktop\PfeProject\test_cases\InstallationApplications.robot">
<kw name="Démarrer Driver" type="SETUP">
<kw name="Setup Driver" owner="Integration">
<msg time="2025-04-16T12:06:35.251092" level="INFO">${driver} = &lt;appium.webdriver.webdriver.WebDriver (session="5049e429-1efb-42eb-9ebd-7aa871346a4e")&gt;</msg>
<var>${driver}</var>
<arg>${Device}</arg>
<doc>Initialise et retourne le driver Appium.</doc>
<status status="PASS" start="2025-04-16T12:06:31.099306" elapsed="4.152785"/>
</kw>
<kw name="Set Suite Variable" owner="BuiltIn">
<msg time="2025-04-16T12:06:35.252091" level="INFO">${driver} = &lt;appium.webdriver.webdriver.WebDriver (session="5049e429-1efb-42eb-9ebd-7aa871346a4e")&gt;</msg>
<arg>${driver}</arg>
<doc>Makes a variable available everywhere within the scope of the current suite.</doc>
<status status="PASS" start="2025-04-16T12:06:35.252091" elapsed="0.000000"/>
</kw>
<status status="PASS" start="2025-04-16T12:06:31.099306" elapsed="4.152785"/>
</kw>
<test id="s1-t1" name="Test Install Apk" line="27">
<kw name="Search Application" owner="Integration">
<msg time="2025-04-16T12:06:54.635315" level="INFO">📌 Liste des applications détectées : ['Agenda', 'Appium Settings', 'ARD Audiothek', 'Audio Bluetooth', 'Crunchyroll', 'Google Assistant', 'Google\xa0Actualités', 'Home Assistant', 'Local Media Player', 'Maps', 'Paramètres', 'Play\xa0Store', 'Prime Video', 'SMS', 'Spotify']
📌 First Home Page détectée : ['Agenda', 'Appium Settings', 'ARD Audiothek', 'Audio Bluetooth', 'Crunchyroll', 'Google Assistant', 'Google\xa0Actualités', 'Home Assistant', 'Local Media Player', 'Maps', 'Paramètres', 'Play\xa0Store', 'Prime Video', 'SMS', 'Spotify']

📌 Liste des applications détectées : ['Agenda', 'Appium Settings', 'ARD Audiothek', 'Audio Bluetooth', 'Crunchyroll', 'Google Assistant', 'Google\xa0Actualités', 'Home Assistant', 'Local Media Player', 'Maps', 'Paramètres', 'Play\xa0Store', 'Prime Video', 'SMS', 'Spotify']
✅ Retour à la first home page !
111111111111111111111
2222222222222222

📌 Liste des applications détectées : ['Agenda', 'Appium Settings', 'ARD Audiothek', 'Audio Bluetooth', 'Crunchyroll', 'Google Assistant', 'Google\xa0Actualités', 'Home Assistant', 'Local Media Player', 'Maps', 'Paramètres', 'Play\xa0Store', 'Prime Video', 'SMS', 'Spotify']
444444444444444444444'

📌 Liste des applications détectées : ['TestNotificationapk', 'Téléphone', 'Vivaldi Browser', 'YouTube']
6666666666666666666
🔄 Swipe en cours...
2222222222222222

📌 Liste des applications détectées : ['TestNotificationapk', 'Téléphone', 'Vivaldi Browser', 'YouTube']
3333333333333333333
78 209 319 247</msg>
<msg time="2025-04-16T12:06:54.635315" level="INFO">${isInsUi} = True</msg>
<var>${isInsUi}</var>
<arg>${driver}</arg>
<arg>TestNotificationapk</arg>
<status status="PASS" start="2025-04-16T12:06:35.252091" elapsed="19.383224"/>
</kw>
<kw name="Log" owner="BuiltIn">
<msg time="2025-04-16T12:06:54.636316" level="INFO">True</msg>
<arg>${isInsUi}</arg>
<doc>Logs the given message with the given level.</doc>
<status status="PASS" start="2025-04-16T12:06:54.636316" elapsed="0.000000"/>
</kw>
<kw name="Is App Installed" owner="Integration">
<msg time="2025-04-16T12:06:54.699315" level="INFO">${isIns} = True</msg>
<var>${isIns}</var>
<arg>${driver}</arg>
<arg>actia.pfe25.testnotificationapk</arg>
<doc>Vérifie si une application est installée sur l'appareil via ADB.</doc>
<status status="PASS" start="2025-04-16T12:06:54.636316" elapsed="0.062999"/>
</kw>
<kw name="Log" owner="BuiltIn">
<msg time="2025-04-16T12:06:54.699315" level="INFO">True</msg>
<arg>${isIns}</arg>
<doc>Logs the given message with the given level.</doc>
<status status="PASS" start="2025-04-16T12:06:54.699315" elapsed="0.000000"/>
</kw>
<kw name="Install Apk" owner="Integration">
<msg time="2025-04-16T12:06:55.539371" level="INFO">Installation réussie : Performing Streamed Install
Success</msg>
<arg>${driver}</arg>
<arg>automotive-Notification_Test.apk</arg>
<doc>Installe un fichier APK sur un appareil Android via ADB.</doc>
<status status="PASS" start="2025-04-16T12:06:54.699315" elapsed="0.841059"/>
</kw>
<kw name="Is App Installed" owner="Integration">
<msg time="2025-04-16T12:06:55.724374" level="INFO">${isIns} = True</msg>
<var>${isIns}</var>
<arg>${driver}</arg>
<arg>actia.pfe25.testnotificationapk</arg>
<doc>Vérifie si une application est installée sur l'appareil via ADB.</doc>
<status status="PASS" start="2025-04-16T12:06:55.540374" elapsed="0.184000"/>
</kw>
<kw name="Log" owner="BuiltIn">
<msg time="2025-04-16T12:06:55.724374" level="INFO">True</msg>
<arg>${isIns}</arg>
<doc>Logs the given message with the given level.</doc>
<status status="PASS" start="2025-04-16T12:06:55.724374" elapsed="0.000999"/>
</kw>
<kw name="Run Keyword And Continue On Failure" owner="BuiltIn">
<kw name="Should Be True" owner="BuiltIn">
<arg>${isIns}</arg>
<arg>The application is not installed via adb</arg>
<doc>Fails if the given condition is not true.</doc>
<status status="PASS" start="2025-04-16T12:06:55.725373" elapsed="0.000000"/>
</kw>
<arg>Should Be True</arg>
<arg>${isIns}</arg>
<arg>The application is not installed via adb</arg>
<doc>Runs the keyword and continues execution even if a failure occurs.</doc>
<status status="PASS" start="2025-04-16T12:06:55.725373" elapsed="0.000000"/>
</kw>
<kw name="Search Application" owner="Integration">
<msg time="2025-04-16T12:07:17.559913" level="INFO">📌 Liste des applications détectées : ['Agenda', 'Appium Settings', 'ARD Audiothek', 'Audio Bluetooth', 'Crunchyroll', 'Google Assistant', 'Google\xa0Actualités', 'Home Assistant', 'Local Media Player', 'Maps', 'Paramètres', 'Play\xa0Store', 'Prime Video', 'SMS', 'Spotify']
📌 First Home Page détectée : ['Agenda', 'Appium Settings', 'ARD Audiothek', 'Audio Bluetooth', 'Crunchyroll', 'Google Assistant', 'Google\xa0Actualités', 'Home Assistant', 'Local Media Player', 'Maps', 'Paramètres', 'Play\xa0Store', 'Prime Video', 'SMS', 'Spotify']

📌 Liste des applications détectées : ['Agenda', 'Appium Settings', 'ARD Audiothek', 'Audio Bluetooth', 'Crunchyroll', 'Google Assistant', 'Google\xa0Actualités', 'Home Assistant', 'Local Media Player', 'Maps', 'Paramètres', 'Play\xa0Store', 'Prime Video', 'SMS', 'Spotify']
✅ Retour à la first home page !
111111111111111111111
2222222222222222

📌 Liste des applications détectées : ['Agenda', 'Appium Settings', 'ARD Audiothek', 'Audio Bluetooth', 'Crunchyroll', 'Google Assistant', 'Google\xa0Actualités', 'Home Assistant', 'Local Media Player', 'Maps', 'Paramètres', 'Play\xa0Store', 'Prime Video', 'SMS', 'Spotify']
444444444444444444444'

📌 Liste des applications détectées : ['TestNotificationapk', 'Téléphone', 'Vivaldi Browser', 'YouTube']
6666666666666666666
🔄 Swipe en cours...
2222222222222222

📌 Liste des applications détectées : ['TestNotificationapk', 'Téléphone', 'Vivaldi Browser', 'YouTube']
3333333333333333333
78 209 319 247</msg>
<msg time="2025-04-16T12:07:17.560914" level="INFO">${isInsUi} = True</msg>
<var>${isInsUi}</var>
<arg>${driver}</arg>
<arg>TestNotificationapk</arg>
<status status="PASS" start="2025-04-16T12:06:55.725373" elapsed="21.835541"/>
</kw>
<kw name="Run Keyword And Continue On Failure" owner="BuiltIn">
<kw name="Should Be True" owner="BuiltIn">
<arg>${isInsUi}</arg>
<arg>The installed application is not displayed (via adb)</arg>
<doc>Fails if the given condition is not true.</doc>
<status status="PASS" start="2025-04-16T12:07:17.560914" elapsed="0.000000"/>
</kw>
<arg>Should Be True</arg>
<arg>${isInsUi}</arg>
<arg>The installed application is not displayed (via adb)</arg>
<doc>Runs the keyword and continues execution even if a failure occurs.</doc>
<status status="PASS" start="2025-04-16T12:07:17.560914" elapsed="0.000000"/>
</kw>
<status status="PASS" start="2025-04-16T12:06:35.252091" elapsed="42.309823"/>
</test>
<test id="s1-t2" name="Test Uninstall Application" line="43">
<kw name="Get System Language" owner="Integration">
<msg time="2025-04-16T12:07:17.608914" level="INFO">${lang} = fr</msg>
<var>${lang}</var>
<arg>${Device}</arg>
<status status="PASS" start="2025-04-16T12:07:17.561914" elapsed="0.047000"/>
</kw>
<if>
<branch type="IF" condition="'${lang}' == 'fr'">
<kw name="Set Variable" owner="BuiltIn">
<msg time="2025-04-16T12:07:17.608914" level="INFO">${System} = Système</msg>
<var>${System}</var>
<arg>Système</arg>
<doc>Returns the given values which can then be assigned to a variables.</doc>
<status status="PASS" start="2025-04-16T12:07:17.608914" elapsed="0.000000"/>
</kw>
<kw name="Set Variable" owner="BuiltIn">
<msg time="2025-04-16T12:07:17.608914" level="INFO">${Setting} = Paramètres</msg>
<var>${Setting}</var>
<arg>Paramètres</arg>
<doc>Returns the given values which can then be assigned to a variables.</doc>
<status status="PASS" start="2025-04-16T12:07:17.608914" elapsed="0.000000"/>
</kw>
<kw name="Set Variable" owner="BuiltIn">
<msg time="2025-04-16T12:07:17.609914" level="INFO">${apps} = Applis</msg>
<var>${apps}</var>
<arg>Applis</arg>
<doc>Returns the given values which can then be assigned to a variables.</doc>
<status status="PASS" start="2025-04-16T12:07:17.608914" elapsed="0.001000"/>
</kw>
<kw name="Set Variable" owner="BuiltIn">
<msg time="2025-04-16T12:07:17.609914" level="INFO">${Consulter_allapps} = Voir les</msg>
<var>${Consulter_allapps}</var>
<arg>Voir les</arg>
<doc>Returns the given values which can then be assigned to a variables.</doc>
<status status="PASS" start="2025-04-16T12:07:17.609914" elapsed="0.000000"/>
</kw>
<kw name="Set Variable" owner="BuiltIn">
<msg time="2025-04-16T12:07:17.609914" level="INFO">${DesButton} = Désinstaller</msg>
<var>${DesButton}</var>
<arg>Désinstaller</arg>
<doc>Returns the given values which can then be assigned to a variables.</doc>
<status status="PASS" start="2025-04-16T12:07:17.609914" elapsed="0.000000"/>
</kw>
<kw name="Set Variable" owner="BuiltIn">
<msg time="2025-04-16T12:07:17.609914" level="INFO">${confirme} = OK</msg>
<var>${confirme}</var>
<arg>OK</arg>
<doc>Returns the given values which can then be assigned to a variables.</doc>
<status status="PASS" start="2025-04-16T12:07:17.609914" elapsed="0.000000"/>
</kw>
<status status="PASS" start="2025-04-16T12:07:17.608914" elapsed="0.001000"/>
</branch>
<branch type="ELSE">
<kw name="Set Variable" owner="BuiltIn">
<var>${System}</var>
<arg>System</arg>
<doc>Returns the given values which can then be assigned to a variables.</doc>
<status status="NOT RUN" start="2025-04-16T12:07:17.609914" elapsed="0.000000"/>
</kw>
<kw name="Set Variable" owner="BuiltIn">
<var>${Setting}</var>
<arg>Settings</arg>
<doc>Returns the given values which can then be assigned to a variables.</doc>
<status status="NOT RUN" start="2025-04-16T12:07:17.609914" elapsed="0.000000"/>
</kw>
<kw name="Set Variable" owner="BuiltIn">
<var>${apps}</var>
<arg>Apps</arg>
<doc>Returns the given values which can then be assigned to a variables.</doc>
<status status="NOT RUN" start="2025-04-16T12:07:17.609914" elapsed="0.000000"/>
</kw>
<kw name="Set Variable" owner="BuiltIn">
<var>${Consulter_allapps}</var>
<arg>View all</arg>
<doc>Returns the given values which can then be assigned to a variables.</doc>
<status status="NOT RUN" start="2025-04-16T12:07:17.609914" elapsed="0.000000"/>
</kw>
<kw name="Set Variable" owner="BuiltIn">
<var>${DesButton}</var>
<arg>Uninstall</arg>
<doc>Returns the given values which can then be assigned to a variables.</doc>
<status status="NOT RUN" start="2025-04-16T12:07:17.609914" elapsed="0.000000"/>
</kw>
<kw name="Set Variable" owner="BuiltIn">
<var>${confirme}</var>
<arg>OK</arg>
<doc>Returns the given values which can then be assigned to a variables.</doc>
<status status="NOT RUN" start="2025-04-16T12:07:17.609914" elapsed="0.000000"/>
</kw>
<status status="NOT RUN" start="2025-04-16T12:07:17.609914" elapsed="0.000000"/>
</branch>
<status status="PASS" start="2025-04-16T12:07:17.608914" elapsed="0.001000"/>
</if>
<kw name="Open Application With Click" owner="Integration">
<msg time="2025-04-16T12:07:29.418326" level="INFO">📌 Liste des applications détectées : ['Agenda', 'Appium Settings', 'ARD Audiothek', 'Audio Bluetooth', 'Crunchyroll', 'Google Assistant', 'Google\xa0Actualités', 'Home Assistant', 'Local Media Player', 'Maps', 'Paramètres', 'Play\xa0Store', 'Prime Video', 'SMS', 'Spotify']
📌 First Home Page détectée : ['Agenda', 'Appium Settings', 'ARD Audiothek', 'Audio Bluetooth', 'Crunchyroll', 'Google Assistant', 'Google\xa0Actualités', 'Home Assistant', 'Local Media Player', 'Maps', 'Paramètres', 'Play\xa0Store', 'Prime Video', 'SMS', 'Spotify']

📌 Liste des applications détectées : ['Agenda', 'Appium Settings', 'ARD Audiothek', 'Audio Bluetooth', 'Crunchyroll', 'Google Assistant', 'Google\xa0Actualités', 'Home Assistant', 'Local Media Player', 'Maps', 'Paramètres', 'Play\xa0Store', 'Prime Video', 'SMS', 'Spotify']
✅ Retour à la first home page !

📌 Liste des applications détectées : ['Agenda', 'Appium Settings', 'ARD Audiothek', 'Audio Bluetooth', 'Crunchyroll', 'Google Assistant', 'Google\xa0Actualités', 'Home Assistant', 'Local Media Player', 'Maps', 'Paramètres', 'Play\xa0Store', 'Prime Video', 'SMS', 'Spotify']
125 619 269 657</msg>
<msg time="2025-04-16T12:07:29.418326" level="INFO">${resultat} = True</msg>
<var>${resultat}</var>
<arg>${driver}</arg>
<arg>${Setting}</arg>
<status status="PASS" start="2025-04-16T12:07:17.609914" elapsed="11.808412"/>
</kw>
<kw name="Sleep" owner="BuiltIn">
<msg time="2025-04-16T12:07:30.419212" level="INFO">Slept 1 second.</msg>
<arg>1s</arg>
<doc>Pauses the test executed for the given time.</doc>
<status status="PASS" start="2025-04-16T12:07:29.418326" elapsed="1.000886"/>
</kw>
<kw name="Check Element Exists By Id" owner="Integration">
<msg time="2025-04-16T12:07:30.472251" level="INFO">${Verfier} = True</msg>
<var>${Verfier}</var>
<arg>${driver}</arg>
<arg>${Setting_xpath_id}</arg>
<doc>Vérifie si un élément existe en utilisant son ID.</doc>
<status status="PASS" start="2025-04-16T12:07:30.419212" elapsed="0.053039"/>
</kw>
<kw name="Should Be True" owner="BuiltIn">
<arg>${Verfier}</arg>
<arg>Settings is not displayed.</arg>
<doc>Fails if the given condition is not true.</doc>
<status status="PASS" start="2025-04-16T12:07:30.472251" elapsed="0.000000"/>
</kw>
<kw name="Clique Sur Setting" owner="Integration">
<msg time="2025-04-16T12:07:31.080473" level="INFO">(0, 76, 550, 696)
✅ 'Applis' trouvé sans swipe. Appui en cours...</msg>
<arg>${driver}</arg>
<arg>${apps}</arg>
<arg>${Setting_menu}</arg>
<status status="PASS" start="2025-04-16T12:07:30.472251" elapsed="0.608222"/>
</kw>
<kw name="Clique Sur Setting Include" owner="Integration">
<msg time="2025-04-16T12:07:42.036978" level="INFO">📌 Liste des applications détectées : ['Confidentialité', 'Accessibilité', 'Sécurité', 'Applis', 'Assistant et voix', 'Système', 'Google', 'Ouvertes récemment', 'Maps', 'TestNotificationapk', 'YouTube', 'Voir les 20\xa0applis']
📌 First Home Page détectée : ['Confidentialité', 'Accessibilité', 'Sécurité', 'Applis', 'Assistant et voix', 'Système', 'Google', 'Ouvertes récemment', 'Maps', 'TestNotificationapk', 'YouTube', 'Voir les 20\xa0applis']
🔄 Swipe #1 en cours...

📌 Liste des applications détectées : ['Confidentialité', 'Accessibilité', 'Sécurité', 'Applis', 'Assistant et voix', 'Système', 'Google', 'Ouvertes récemment', 'Maps', 'TestNotificationapk', 'YouTube', 'Voir les 20\xa0applis']
✅ Retour à la first home page !
First Home Page détectée : ['Maps', 'TestNotificationapk', 'Voir les 20\xa0applis', 'Dans 10 heures', 'YouTube', 'Ouvertes récemment', 'Il y a 11 secondes']
 Voir les trouvé ! Appui sur le texte contenant 'Voir les 20 applis'.</msg>
<arg>${driver}</arg>
<arg>${Consulter_allapps}</arg>
<arg>${Setting_system}</arg>
<status status="PASS" start="2025-04-16T12:07:31.080473" elapsed="10.956505"/>
</kw>
<kw name="Clique Sur Setting" owner="Integration">
<msg time="2025-04-16T12:07:57.643202" level="INFO">(551, 172, 1408, 696)
🔽 Swipe vers le bas #1
🛑 Plus de nouveaux éléments en bas. Fin de balayage.
🔼 Swipe vers le haut #1
🔼 Swipe vers le haut #2
🔼 Swipe vers le haut #3
🔼 Swipe vers le haut #4
🔼 Swipe vers le haut #5
🔼 Swipe vers le haut #6
🔼 Swipe vers le haut #7
🔼 Swipe vers le haut #8
✅ 'TestNotificationapk' trouvé en remontant ! Appui en cours...</msg>
<arg>${driver}</arg>
<arg>TestNotificationapk</arg>
<arg>${Setting_system}</arg>
<status status="PASS" start="2025-04-16T12:07:42.037975" elapsed="15.605227"/>
</kw>
<kw name="Click Element By Text Att" owner="Integration">
<arg>${driver}</arg>
<arg>${DesButton}</arg>
<status status="PASS" start="2025-04-16T12:07:57.644203" elapsed="1.086921"/>
</kw>
<kw name="Sleep" owner="BuiltIn">
<msg time="2025-04-16T12:07:59.731345" level="INFO">Slept 1 second.</msg>
<arg>1s</arg>
<doc>Pauses the test executed for the given time.</doc>
<status status="PASS" start="2025-04-16T12:07:58.731124" elapsed="1.000221"/>
</kw>
<kw name="Click Element By Text" owner="Integration">
<msg time="2025-04-16T12:07:59.829792" level="INFO">Clic effectué sur l'élément avec le texte: OK</msg>
<arg>${driver}</arg>
<arg>${confirme}</arg>
<status status="PASS" start="2025-04-16T12:07:59.731345" elapsed="0.098447"/>
</kw>
<kw name="Search Application" owner="Integration">
<msg time="2025-04-16T12:08:20.342000" level="INFO">📌 Liste des applications détectées : ['Agenda', 'Appium Settings', 'ARD Audiothek', 'Audio Bluetooth', 'Crunchyroll', 'Google Assistant', 'Google\xa0Actualités', 'Home Assistant', 'Local Media Player', 'Maps', 'Paramètres', 'Play\xa0Store', 'Prime Video', 'SMS', 'Spotify']
📌 First Home Page détectée : ['Agenda', 'Appium Settings', 'ARD Audiothek', 'Audio Bluetooth', 'Crunchyroll', 'Google Assistant', 'Google\xa0Actualités', 'Home Assistant', 'Local Media Player', 'Maps', 'Paramètres', 'Play\xa0Store', 'Prime Video', 'SMS', 'Spotify']

📌 Liste des applications détectées : ['Agenda', 'Appium Settings', 'ARD Audiothek', 'Audio Bluetooth', 'Crunchyroll', 'Google Assistant', 'Google\xa0Actualités', 'Home Assistant', 'Local Media Player', 'Maps', 'Paramètres', 'Play\xa0Store', 'Prime Video', 'SMS', 'Spotify']
✅ Retour à la first home page !
111111111111111111111
2222222222222222

📌 Liste des applications détectées : ['Agenda', 'Appium Settings', 'ARD Audiothek', 'Audio Bluetooth', 'Crunchyroll', 'Google Assistant', 'Google\xa0Actualités', 'Home Assistant', 'Local Media Player', 'Maps', 'Paramètres', 'Play\xa0Store', 'Prime Video', 'SMS', 'Spotify']
444444444444444444444'

📌 Liste des applications détectées : ['Téléphone', 'Vivaldi Browser', 'YouTube']
6666666666666666666
🔄 Swipe en cours...
2222222222222222

📌 Liste des applications détectées : ['Téléphone', 'Vivaldi Browser', 'YouTube']
444444444444444444444'

📌 Liste des applications détectées : ['Téléphone', 'Vivaldi Browser', 'YouTube']
55555555555555555
✅ Retour à la first home page !</msg>
<msg time="2025-04-16T12:08:20.342000" level="INFO">${isInsUi} = False</msg>
<var>${isInsUi}</var>
<arg>${driver}</arg>
<arg>TestNotificationapk</arg>
<status status="PASS" start="2025-04-16T12:07:59.829792" elapsed="20.512208"/>
</kw>
<kw name="Run Keyword And Continue On Failure" owner="BuiltIn">
<kw name="Should Not Be True" owner="BuiltIn">
<arg>${isInsUi}</arg>
<arg>The uninstalled application is displayed</arg>
<doc>Fails if the given condition is true.</doc>
<status status="PASS" start="2025-04-16T12:08:20.342000" elapsed="0.000000"/>
</kw>
<arg>Should Not Be True</arg>
<arg>${isInsUi}</arg>
<arg>The uninstalled application is displayed</arg>
<doc>Runs the keyword and continues execution even if a failure occurs.</doc>
<status status="PASS" start="2025-04-16T12:08:20.342000" elapsed="0.000000"/>
</kw>
<kw name="Is App Installed" owner="Integration">
<msg time="2025-04-16T12:08:20.403001" level="INFO">${isIns} = True</msg>
<var>${isIns}</var>
<arg>${driver}</arg>
<arg>actia.pfe25.testnotificationapk</arg>
<doc>Vérifie si une application est installée sur l'appareil via ADB.</doc>
<status status="PASS" start="2025-04-16T12:08:20.342000" elapsed="0.061001"/>
</kw>
<kw name="Log" owner="BuiltIn">
<msg time="2025-04-16T12:08:20.403001" level="INFO">True</msg>
<arg>${isIns}</arg>
<doc>Logs the given message with the given level.</doc>
<status status="PASS" start="2025-04-16T12:08:20.403001" elapsed="0.000000"/>
</kw>
<kw name="Run Keyword And Continue On Failure" owner="BuiltIn">
<kw name="Should Not Be True" owner="BuiltIn">
<msg time="2025-04-16T12:08:20.404001" level="FAIL">The application is not uninstalled correctly (via adb)</msg>
<arg>${isIns}</arg>
<arg>The application is not uninstalled correctly (via adb)</arg>
<doc>Fails if the given condition is true.</doc>
<status status="FAIL" start="2025-04-16T12:08:20.404001" elapsed="0.000000">The application is not uninstalled correctly (via adb)</status>
</kw>
<arg>Should Not Be True</arg>
<arg>${isIns}</arg>
<arg>The application is not uninstalled correctly (via adb)</arg>
<doc>Runs the keyword and continues execution even if a failure occurs.</doc>
<status status="FAIL" start="2025-04-16T12:08:20.403001" elapsed="0.001000">The application is not uninstalled correctly (via adb)</status>
</kw>
<status status="FAIL" start="2025-04-16T12:07:17.561914" elapsed="62.842087">The application is not uninstalled correctly (via adb)</status>
</test>
<kw name="Fermer Driver" type="TEARDOWN">
<kw name="Close Driver" owner="Integration">
<arg>${driver}</arg>
<doc>Ferme proprement le driver Appium.</doc>
<status status="PASS" start="2025-04-16T12:08:20.405001" elapsed="0.140002"/>
</kw>
<status status="PASS" start="2025-04-16T12:08:20.405001" elapsed="0.140002"/>
</kw>
<status status="FAIL" start="2025-04-16T12:06:30.853772" elapsed="109.691231"/>
</suite>
<statistics>
<total>
<stat pass="1" fail="1" skip="0">All Tests</stat>
</total>
<tag>
</tag>
<suite>
<stat name="InstallationApplications" id="s1" pass="1" fail="1" skip="0">InstallationApplications</stat>
</suite>
</statistics>
<errors>
</errors>
</robot>
