<?xml version="1.0" encoding="UTF-8"?>
<robot generator="Robot 7.2.2 (Python 3.12.5 on win32)" generated="2025-05-29T10:02:58.231323" rpa="false" schemaversion="5">
<suite id="s1" name="FonctionnaliteMaps" source="C:\Users\bahae\Documents\PfeProject\test_cases\FonctionnaliteMaps.robot">
<kw name="Démarrer Driver" type="SETUP">
<kw name="Setup Driver" owner="Integration">
<msg time="2025-05-29T10:03:03.130789" level="WARN">Retrying (Retry(total=2, connect=None, read=None, redirect=None, status=None)) after connection broken by 'NewConnectionError('&lt;urllib3.connection.HTTPConnection object at 0x000002287F4B8290&gt;: Failed to establish a new connection: [WinError 10061] Aucune connexion n’a pu être établie car l’ordinateur cible l’a expressément refusée')': /session</msg>
<msg time="2025-05-29T10:03:05.177068" level="WARN">Retrying (Retry(total=1, connect=None, read=None, redirect=None, status=None)) after connection broken by 'NewConnectionError('&lt;urllib3.connection.HTTPConnection object at 0x000002287DCA4FE0&gt;: Failed to establish a new connection: [WinError 10061] Aucune connexion n’a pu être établie car l’ordinateur cible l’a expressément refusée')': /session</msg>
<var>${driver}</var>
<arg>${Device}</arg>
<doc>Initialise et retourne le driver Appium.</doc>
<status status="FAIL" start="2025-05-29T10:03:01.028958" elapsed="6.186944">Execution terminated by signal</status>
</kw>
<kw name="Set Suite Variable" owner="BuiltIn">
<arg>${driver}</arg>
<doc>Makes a variable available everywhere within the scope of the current suite.</doc>
<status status="NOT RUN" start="2025-05-29T10:03:07.215902" elapsed="0.000000"/>
</kw>
<kw name="Initialize Language Settings">
<doc>Sets up language-specific variables based on system language</doc>
<status status="NOT RUN" start="2025-05-29T10:03:07.215902" elapsed="0.000000"/>
</kw>
<doc>Initializes the test driver</doc>
<status status="FAIL" start="2025-05-29T10:03:01.027958" elapsed="6.187944">Execution terminated by signal</status>
</kw>
<test id="s1-t1" name="Test Ouvrir Gps" line="149">
<doc>Teste l'activation du GPS
- Ouvre les paramètres
- Active le GPS
- Vérifie l'activation via ADB</doc>
<tag>gps</tag>
<tag>robot:exit</tag>
<tag>smoke</tag>
<status status="FAIL" start="2025-05-29T10:03:07.215902" elapsed="0.000972">Test execution stopped due to a fatal error.</status>
</test>
<test id="s1-t2" name="Test GPS Location Functionality" line="157">
<doc>Teste la fonctionnalité de modification de position GPS
- Définit une position GPS spécifique via ADB
- Vérifie que la position a bien été mise à jour</doc>
<tag>gps</tag>
<tag>location</tag>
<tag>robot:exit</tag>
<status status="FAIL" start="2025-05-29T10:03:07.216874" elapsed="0.000000">Test execution stopped due to a fatal error.</status>
</test>
<test id="s1-t3" name="Test GPS Multi-Location" line="164">
<doc>Teste la modification de position GPS pour plusieurs emplacements</doc>
<tag>robot:exit</tag>
<status status="FAIL" start="2025-05-29T10:03:07.216874" elapsed="0.001001">Test execution stopped due to a fatal error.</status>
</test>
<kw name="Fermer Driver" type="TEARDOWN">
<try>
<branch type="TRY">
<kw name="Run Keyword And Return Status" owner="BuiltIn">
<kw name="Get Source" owner="AppiumLibrary">
<kw name="Capture Page Screenshot" owner="AppiumLibrary">
<msg time="2025-05-29T10:03:07.218875" level="FAIL">No application is open</msg>
<doc>Takes a screenshot of the current page and embeds it into the log.</doc>
<status status="FAIL" start="2025-05-29T10:03:07.218875" elapsed="0.001517">No application is open</status>
</kw>
<msg time="2025-05-29T10:03:07.221392" level="WARN">Keyword 'Capture Page Screenshot' could not be run on failure: No application is open</msg>
<msg time="2025-05-29T10:03:07.221392" level="FAIL">No application is open</msg>
<doc>Returns the entire source of the current page.</doc>
<status status="FAIL" start="2025-05-29T10:03:07.217875" elapsed="0.004046">No application is open</status>
</kw>
<msg time="2025-05-29T10:03:07.221921" level="INFO">${session_active} = False</msg>
<var>${session_active}</var>
<arg>Get Source</arg>
<doc>Runs the given keyword with given arguments and returns the status as a Boolean value.</doc>
<status status="PASS" start="2025-05-29T10:03:07.217875" elapsed="0.004046"/>
</kw>
<if>
<branch type="IF" condition="${session_active}">
<kw name="Close Driver" owner="Integration">
<arg>${driver}</arg>
<doc>Ferme proprement le driver Appium.</doc>
<status status="NOT RUN" start="2025-05-29T10:03:07.221921" elapsed="0.000000"/>
</kw>
<kw name="Log" owner="BuiltIn">
<arg>Driver fermé avec succès</arg>
<doc>Logs the given message with the given level.</doc>
<status status="NOT RUN" start="2025-05-29T10:03:07.221921" elapsed="0.000000"/>
</kw>
<status status="NOT RUN" start="2025-05-29T10:03:07.221921" elapsed="0.000000"/>
</branch>
<branch type="ELSE">
<kw name="Log" owner="BuiltIn">
<msg time="2025-05-29T10:03:07.221921" level="INFO">Le driver n'était pas actif</msg>
<arg>Le driver n'était pas actif</arg>
<doc>Logs the given message with the given level.</doc>
<status status="PASS" start="2025-05-29T10:03:07.221921" elapsed="0.000000"/>
</kw>
<status status="PASS" start="2025-05-29T10:03:07.221921" elapsed="0.000000"/>
</branch>
<status status="PASS" start="2025-05-29T10:03:07.221921" elapsed="0.000000"/>
</if>
<status status="PASS" start="2025-05-29T10:03:07.217875" elapsed="0.004046"/>
</branch>
<branch type="EXCEPT" assign="${error}">
<kw name="Log" owner="BuiltIn">
<arg>Erreur lors de la fermeture du driver: ${error}</arg>
<doc>Logs the given message with the given level.</doc>
<status status="NOT RUN" start="2025-05-29T10:03:07.221921" elapsed="0.000000"/>
</kw>
<status status="NOT RUN" start="2025-05-29T10:03:07.221921" elapsed="0.000000"/>
</branch>
<status status="PASS" start="2025-05-29T10:03:07.217875" elapsed="0.004046"/>
</try>
<doc>Cleans up and closes the test driver</doc>
<status status="PASS" start="2025-05-29T10:03:07.217875" elapsed="0.004046"/>
</kw>
<doc>Tests de fonctionnalité GPS pour appareil Android
- Vérification de la modification de position GPS
- Utilisation des commandes ADB pour contrôler l'émulateur</doc>
<status status="FAIL" start="2025-05-29T10:02:58.231848" elapsed="8.990073">Suite setup failed:
Execution terminated by signal</status>
</suite>
<statistics>
<total>
<stat pass="0" fail="3" skip="0">All Tests</stat>
</total>
<tag>
<stat info="combined" combined="NOT robot:exit" pass="0" fail="0" skip="0">NOT robot:exit</stat>
<stat pass="0" fail="2" skip="0">gps</stat>
<stat pass="0" fail="1" skip="0">location</stat>
<stat pass="0" fail="1" skip="0">smoke</stat>
</tag>
<suite>
<stat name="FonctionnaliteMaps" id="s1" pass="0" fail="3" skip="0">FonctionnaliteMaps</stat>
</suite>
</statistics>
<errors>
<msg time="2025-05-29T10:03:03.130789" level="WARN">Retrying (Retry(total=2, connect=None, read=None, redirect=None, status=None)) after connection broken by 'NewConnectionError('&lt;urllib3.connection.HTTPConnection object at 0x000002287F4B8290&gt;: Failed to establish a new connection: [WinError 10061] Aucune connexion n’a pu être établie car l’ordinateur cible l’a expressément refusée')': /session</msg>
<msg time="2025-05-29T10:03:05.177068" level="WARN">Retrying (Retry(total=1, connect=None, read=None, redirect=None, status=None)) after connection broken by 'NewConnectionError('&lt;urllib3.connection.HTTPConnection object at 0x000002287DCA4FE0&gt;: Failed to establish a new connection: [WinError 10061] Aucune connexion n’a pu être établie car l’ordinateur cible l’a expressément refusée')': /session</msg>
<msg time="2025-05-29T10:03:07.221392" level="WARN">Keyword 'Capture Page Screenshot' could not be run on failure: No application is open</msg>
</errors>
</robot>
