<?xml version="1.0" encoding="UTF-8"?>
<robot generator="Robot 7.2.2 (Python 3.12.5 on win32)" generated="2025-04-16T10:34:43.138588" rpa="false" schemaversion="5">
<suite id="s1" name="FonctionnaliteDeBase" source="C:\Users\bahae\Desktop\PfeProject\test_cases\FonctionnaliteDeBase.robot">
<kw name="Démarrer Driver" type="SETUP">
<kw name="Setup Driver" owner="Integration">
<msg time="2025-04-16T10:34:47.558860" level="INFO">${driver} = &lt;appium.webdriver.webdriver.WebDriver (session="6635aec9-891f-492b-9e17-4cf43b196a2d")&gt;</msg>
<var>${driver}</var>
<arg>${Device}</arg>
<doc>Initialise et retourne le driver Appium.</doc>
<status status="PASS" start="2025-04-16T10:34:43.391186" elapsed="4.167674"/>
</kw>
<kw name="Set Suite Variable" owner="BuiltIn">
<msg time="2025-04-16T10:34:47.559861" level="INFO">${driver} = &lt;appium.webdriver.webdriver.WebDriver (session="6635aec9-891f-492b-9e17-4cf43b196a2d")&gt;</msg>
<arg>${driver}</arg>
<doc>Makes a variable available everywhere within the scope of the current suite.</doc>
<status status="PASS" start="2025-04-16T10:34:47.559861" elapsed="0.000000"/>
</kw>
<status status="PASS" start="2025-04-16T10:34:43.390186" elapsed="4.169675"/>
</kw>
<test id="s1-t1" name="Test Home_Button" line="31">
<kw name="Revenir A La Home Page" owner="Integration">
<msg time="2025-04-16T10:34:56.795528" level="INFO">📌 Liste des applications détectées : ['Appium Settings', 'ARD Audiothek', 'Bluetooth Audio', 'Calendar', 'Crunchyroll', 'Google Assistant', 'Home Assistant', 'Local Media Player', 'Maps', 'News', 'Phone', 'Play Store', 'Prime Video', 'Settings', 'SMS']
📌 First Home Page détectée : ['Appium Settings', 'ARD Audiothek', 'Bluetooth Audio', 'Calendar', 'Crunchyroll', 'Google Assistant', 'Home Assistant', 'Local Media Player', 'Maps', 'News', 'Phone', 'Play Store', 'Prime Video', 'Settings', 'SMS']

📌 Liste des applications détectées : ['Appium Settings', 'ARD Audiothek', 'Bluetooth Audio', 'Calendar', 'Crunchyroll', 'Google Assistant', 'Home Assistant', 'Local Media Player', 'Maps', 'News', 'Phone', 'Play Store', 'Prime Video', 'Settings', 'SMS']
✅ Retour à la first home page !</msg>
<arg>${driver}</arg>
<status status="PASS" start="2025-04-16T10:34:47.559861" elapsed="9.235667"/>
</kw>
<doc>Ce test vérifie si le bouton "Home" fonctionne correctement en revenant à la page d'accueil de l'appareil.</doc>
<status status="PASS" start="2025-04-16T10:34:47.559861" elapsed="9.235667"/>
</test>
<test id="s1-t2" name="Test Ouvrir YouTube App" line="35">
<kw name="Sleep" owner="BuiltIn">
<msg time="2025-04-16T10:34:58.795737" level="INFO">Slept 2 seconds.</msg>
<arg>2</arg>
<doc>Pauses the test executed for the given time.</doc>
<status status="PASS" start="2025-04-16T10:34:56.795528" elapsed="2.000209"/>
</kw>
<kw name="Open Application With Click" owner="Integration">
<msg time="2025-04-16T10:35:15.935772" level="INFO">📌 Liste des applications détectées : ['Appium Settings', 'ARD Audiothek', 'Bluetooth Audio', 'Calendar', 'Crunchyroll', 'Google Assistant', 'Home Assistant', 'Local Media Player', 'Maps', 'News', 'Phone', 'Play Store', 'Prime Video', 'Settings', 'SMS']
📌 First Home Page détectée : ['Appium Settings', 'ARD Audiothek', 'Bluetooth Audio', 'Calendar', 'Crunchyroll', 'Google Assistant', 'Home Assistant', 'Local Media Player', 'Maps', 'News', 'Phone', 'Play Store', 'Prime Video', 'Settings', 'SMS']

📌 Liste des applications détectées : ['Appium Settings', 'ARD Audiothek', 'Bluetooth Audio', 'Calendar', 'Crunchyroll', 'Google Assistant', 'Home Assistant', 'Local Media Player', 'Maps', 'News', 'Phone', 'Play Store', 'Prime Video', 'Settings', 'SMS']
✅ Retour à la first home page !

📌 Liste des applications détectées : ['Appium Settings', 'ARD Audiothek', 'Bluetooth Audio', 'Calendar', 'Crunchyroll', 'Google Assistant', 'Home Assistant', 'Local Media Player', 'Maps', 'News', 'Phone', 'Play Store', 'Prime Video', 'Settings', 'SMS']

📌 Liste des applications détectées : ['Spotify', 'Vivaldi Browser', 'YouTube', 'TestNotificationapk']
🔄 Swipe en cours...

📌 Liste des applications détectées : ['Spotify', 'Vivaldi Browser', 'YouTube', 'TestNotificationapk']
650 209 759 247</msg>
<msg time="2025-04-16T10:35:15.935772" level="INFO">${resultat} = True</msg>
<var>${resultat}</var>
<arg>${driver}</arg>
<arg>YouTube</arg>
<status status="PASS" start="2025-04-16T10:34:58.795737" elapsed="17.140035"/>
</kw>
<kw name="Should Be True" owner="BuiltIn">
<arg>${resultat}</arg>
<arg>L'activité YouTube n'est pas trouvée.</arg>
<doc>Fails if the given condition is not true.</doc>
<status status="PASS" start="2025-04-16T10:35:15.935772" elapsed="0.000000"/>
</kw>
<kw name="Print Activity2" owner="Integration">
<msg time="2025-04-16T10:35:16.029817" level="INFO">${Activity} = com.google.android.apps.automotive.youtube/.YoutubeWebviewFallbackActivity</msg>
<var>${Activity}</var>
<arg>${driver}</arg>
<doc>Retourne l'activité complète sous la forme 'com.android.car.messenger/.ui.launcher.MessageLauncherActivity'.</doc>
<status status="PASS" start="2025-04-16T10:35:15.935772" elapsed="0.094045"/>
</kw>
<kw name="Sleep" owner="BuiltIn">
<msg time="2025-04-16T10:35:21.030238" level="INFO">Slept 5 seconds.</msg>
<arg>5s</arg>
<doc>Pauses the test executed for the given time.</doc>
<status status="PASS" start="2025-04-16T10:35:16.029817" elapsed="5.000421"/>
</kw>
<kw name="Log" owner="BuiltIn">
<msg time="2025-04-16T10:35:21.030238" level="INFO">com.google.android.apps.automotive.youtube/.YoutubeWebviewFallbackActivity</msg>
<arg>${Activity}</arg>
<doc>Logs the given message with the given level.</doc>
<status status="PASS" start="2025-04-16T10:35:21.030238" elapsed="0.000000"/>
</kw>
<kw name="Check Element Exists By Id" owner="Integration">
<msg time="2025-04-16T10:35:21.160239" level="INFO">${is_element_present} = True</msg>
<var>${is_element_present}</var>
<arg>${driver}</arg>
<arg>com.google.android.apps.automotive.youtube:id/decor_content_parent</arg>
<doc>Vérifie si un élément existe en utilisant son ID.</doc>
<status status="PASS" start="2025-04-16T10:35:21.030238" elapsed="0.130001"/>
</kw>
<kw name="Should Be True" owner="BuiltIn">
<arg>${is_element_present}</arg>
<arg>L'élément YouTube n'est pas affiché.</arg>
<doc>Fails if the given condition is not true.</doc>
<status status="PASS" start="2025-04-16T10:35:21.160239" elapsed="0.000000"/>
</kw>
<doc>Ce test vérifie si l'application YouTube peut être ouverte et si son activité est correctement lancée sur l'appareil Android.</doc>
<status status="PASS" start="2025-04-16T10:34:56.795528" elapsed="24.364711"/>
</test>
<test id="s1-t3" name="Test Modifier Languages" line="46">
<kw name="Get System Language" owner="Integration">
<msg time="2025-04-16T10:35:21.200383" level="INFO">${lang} = eng</msg>
<var>${lang}</var>
<arg>${Device}</arg>
<status status="PASS" start="2025-04-16T10:35:21.161241" elapsed="0.039142"/>
</kw>
<if>
<branch type="IF" condition="'${lang}' == 'fr'">
<kw name="Set Variable" owner="BuiltIn">
<var>${System}</var>
<arg>Système</arg>
<doc>Returns the given values which can then be assigned to a variables.</doc>
<status status="NOT RUN" start="2025-04-16T10:35:21.200383" elapsed="0.000000"/>
</kw>
<kw name="Set Variable" owner="BuiltIn">
<var>${Setting}</var>
<arg>Paramètres</arg>
<doc>Returns the given values which can then be assigned to a variables.</doc>
<status status="NOT RUN" start="2025-04-16T10:35:21.200383" elapsed="0.000000"/>
</kw>
<kw name="Set Variable" owner="BuiltIn">
<var>${Langue1}</var>
<arg>Langues et saisie</arg>
<doc>Returns the given values which can then be assigned to a variables.</doc>
<status status="NOT RUN" start="2025-04-16T10:35:21.200383" elapsed="0.000000"/>
</kw>
<kw name="Set Variable" owner="BuiltIn">
<var>${Langue2}</var>
<arg>Langues</arg>
<doc>Returns the given values which can then be assigned to a variables.</doc>
<status status="NOT RUN" start="2025-04-16T10:35:21.200383" elapsed="0.000000"/>
</kw>
<status status="NOT RUN" start="2025-04-16T10:35:21.200383" elapsed="0.000000"/>
</branch>
<branch type="ELSE">
<kw name="Set Variable" owner="BuiltIn">
<msg time="2025-04-16T10:35:21.201381" level="INFO">${System} = System</msg>
<var>${System}</var>
<arg>System</arg>
<doc>Returns the given values which can then be assigned to a variables.</doc>
<status status="PASS" start="2025-04-16T10:35:21.200383" elapsed="0.000998"/>
</kw>
<kw name="Set Variable" owner="BuiltIn">
<msg time="2025-04-16T10:35:21.201381" level="INFO">${Setting} = Settings</msg>
<var>${Setting}</var>
<arg>Settings</arg>
<doc>Returns the given values which can then be assigned to a variables.</doc>
<status status="PASS" start="2025-04-16T10:35:21.201381" elapsed="0.000000"/>
</kw>
<kw name="Set Variable" owner="BuiltIn">
<msg time="2025-04-16T10:35:21.201381" level="INFO">${Langue1} = Languages &amp; input</msg>
<var>${Langue1}</var>
<arg>Languages &amp; input</arg>
<doc>Returns the given values which can then be assigned to a variables.</doc>
<status status="PASS" start="2025-04-16T10:35:21.201381" elapsed="0.000000"/>
</kw>
<kw name="Set Variable" owner="BuiltIn">
<msg time="2025-04-16T10:35:21.201381" level="INFO">${Langue2} = Languages</msg>
<var>${Langue2}</var>
<arg>Languages</arg>
<doc>Returns the given values which can then be assigned to a variables.</doc>
<status status="PASS" start="2025-04-16T10:35:21.201381" elapsed="0.000000"/>
</kw>
<status status="PASS" start="2025-04-16T10:35:21.200383" elapsed="0.000998"/>
</branch>
<status status="PASS" start="2025-04-16T10:35:21.200383" elapsed="0.000998"/>
</if>
<kw name="Open Application With Click" owner="Integration">
<msg time="2025-04-16T10:35:34.893514" level="INFO">📌 Liste des applications détectées : ['Appium Settings', 'ARD Audiothek', 'Bluetooth Audio', 'Calendar', 'Crunchyroll', 'Google Assistant', 'Home Assistant', 'Local Media Player', 'Maps', 'News', 'Phone', 'Play Store', 'Prime Video', 'Settings', 'SMS']
📌 First Home Page détectée : ['Appium Settings', 'ARD Audiothek', 'Bluetooth Audio', 'Calendar', 'Crunchyroll', 'Google Assistant', 'Home Assistant', 'Local Media Player', 'Maps', 'News', 'Phone', 'Play Store', 'Prime Video', 'Settings', 'SMS']

📌 Liste des applications détectées : ['Appium Settings', 'ARD Audiothek', 'Bluetooth Audio', 'Calendar', 'Crunchyroll', 'Google Assistant', 'Home Assistant', 'Local Media Player', 'Maps', 'News', 'Phone', 'Play Store', 'Prime Video', 'Settings', 'SMS']
✅ Retour à la first home page !

📌 Liste des applications détectées : ['Appium Settings', 'ARD Audiothek', 'Bluetooth Audio', 'Calendar', 'Crunchyroll', 'Google Assistant', 'Home Assistant', 'Local Media Player', 'Maps', 'News', 'Phone', 'Play Store', 'Prime Video', 'Settings', 'SMS']
905 619 1007 657</msg>
<msg time="2025-04-16T10:35:34.893514" level="INFO">${resultat} = True</msg>
<var>${resultat}</var>
<arg>${driver}</arg>
<arg>${Setting}</arg>
<status status="PASS" start="2025-04-16T10:35:21.201381" elapsed="13.692133"/>
</kw>
<kw name="Sleep" owner="BuiltIn">
<msg time="2025-04-16T10:35:35.893985" level="INFO">Slept 1 second.</msg>
<arg>1s</arg>
<doc>Pauses the test executed for the given time.</doc>
<status status="PASS" start="2025-04-16T10:35:34.893514" elapsed="1.000471"/>
</kw>
<kw name="Check Element Exists By Id" owner="Integration">
<msg time="2025-04-16T10:35:35.928502" level="INFO">${Verfier} = True</msg>
<var>${Verfier}</var>
<arg>${driver}</arg>
<arg>${Setting_xpath_id}</arg>
<doc>Vérifie si un élément existe en utilisant son ID.</doc>
<status status="PASS" start="2025-04-16T10:35:35.893985" elapsed="0.035518"/>
</kw>
<kw name="Should Be True" owner="BuiltIn">
<arg>${Verfier}</arg>
<arg>Settings n'est pas affiché.</arg>
<doc>Fails if the given condition is not true.</doc>
<status status="PASS" start="2025-04-16T10:35:35.929503" elapsed="0.000000"/>
</kw>
<kw name="Clique Sur Setting" owner="Integration">
<msg time="2025-04-16T10:35:40.235124" level="INFO">(0, 76, 550, 696)
🔽 Swipe vers le bas #1
🛑 Plus de nouveaux éléments en bas. Fin de balayage.
🔼 Swipe vers le haut #1
🔼 Swipe vers le haut #2
⚠️ Erreur récupération noms: Execution terminated by signal
🛑 Aucun nouvel élément en haut. Fin de balayage.
❌ 'System' introuvable après balayage complet.</msg>
<arg>${driver}</arg>
<arg>${System}</arg>
<arg>${Setting_menu}</arg>
<status status="PASS" start="2025-04-16T10:35:35.929503" elapsed="4.305621"/>
</kw>
<kw name="Clique Sur Setting" owner="Integration">
<arg>${driver}</arg>
<arg>${Langue1}</arg>
<arg>${Setting_system}</arg>
<status status="FAIL" start="2025-04-16T10:35:40.235124" elapsed="0.000000">Execution terminated by signal</status>
</kw>
<kw name="Clique Sur Setting" owner="Integration">
<arg>${driver}</arg>
<arg>${Langue2}</arg>
<arg>${Setting_system}</arg>
<status status="NOT RUN" start="2025-04-16T10:35:40.235124" elapsed="0.000000"/>
</kw>
<kw name="Clique Sur Setting" owner="Integration">
<arg>${driver}</arg>
<arg>English</arg>
<arg>${Setting_system}</arg>
<status status="NOT RUN" start="2025-04-16T10:35:40.235124" elapsed="0.000000"/>
</kw>
<kw name="Clique Sur Setting" owner="Integration">
<arg>${driver}</arg>
<arg>English (United States)</arg>
<arg>${Setting_system}</arg>
<status status="NOT RUN" start="2025-04-16T10:35:40.235124" elapsed="0.000000"/>
</kw>
<kw name="Sleep" owner="BuiltIn">
<arg>4s</arg>
<doc>Pauses the test executed for the given time.</doc>
<status status="NOT RUN" start="2025-04-16T10:35:40.235124" elapsed="0.000000"/>
</kw>
<kw name="Check Language Change" owner="Integration">
<var>${verfieadb}</var>
<arg>${Device}</arg>
<arg>en-US</arg>
<status status="NOT RUN" start="2025-04-16T10:35:40.235124" elapsed="0.001001"/>
</kw>
<kw name="Should Be True" owner="BuiltIn">
<arg>${verfieadb}</arg>
<arg>Modifier Languages ne s'active pas (via adb).</arg>
<doc>Fails if the given condition is not true.</doc>
<status status="NOT RUN" start="2025-04-16T10:35:40.236125" elapsed="0.000000"/>
</kw>
<kw name="Get System Language" owner="Integration">
<var>${lang}</var>
<arg>${Device}</arg>
<status status="NOT RUN" start="2025-04-16T10:35:40.236125" elapsed="0.000000"/>
</kw>
<if>
<branch type="IF" condition="'${lang}' == 'fr'">
<kw name="Set Variable" owner="BuiltIn">
<var>${System}</var>
<arg>Système</arg>
<doc>Returns the given values which can then be assigned to a variables.</doc>
<status status="NOT RUN" start="2025-04-16T10:35:40.236125" elapsed="0.000000"/>
</kw>
<kw name="Set Variable" owner="BuiltIn">
<var>${Setting}</var>
<arg>Paramètres</arg>
<doc>Returns the given values which can then be assigned to a variables.</doc>
<status status="NOT RUN" start="2025-04-16T10:35:40.236125" elapsed="0.000000"/>
</kw>
<kw name="Set Variable" owner="BuiltIn">
<var>${Langue1}</var>
<arg>Langues et saisie</arg>
<doc>Returns the given values which can then be assigned to a variables.</doc>
<status status="NOT RUN" start="2025-04-16T10:35:40.236125" elapsed="0.000000"/>
</kw>
<kw name="Set Variable" owner="BuiltIn">
<var>${Langue2}</var>
<arg>Langues</arg>
<doc>Returns the given values which can then be assigned to a variables.</doc>
<status status="NOT RUN" start="2025-04-16T10:35:40.236125" elapsed="0.000000"/>
</kw>
<status status="NOT RUN" start="2025-04-16T10:35:40.236125" elapsed="0.000000"/>
</branch>
<branch type="ELSE">
<kw name="Set Variable" owner="BuiltIn">
<var>${System}</var>
<arg>System</arg>
<doc>Returns the given values which can then be assigned to a variables.</doc>
<status status="NOT RUN" start="2025-04-16T10:35:40.236125" elapsed="0.000000"/>
</kw>
<kw name="Set Variable" owner="BuiltIn">
<var>${Setting}</var>
<arg>Settings</arg>
<doc>Returns the given values which can then be assigned to a variables.</doc>
<status status="NOT RUN" start="2025-04-16T10:35:40.236125" elapsed="0.000000"/>
</kw>
<kw name="Set Variable" owner="BuiltIn">
<var>${Langue1}</var>
<arg>Languages &amp; input</arg>
<doc>Returns the given values which can then be assigned to a variables.</doc>
<status status="NOT RUN" start="2025-04-16T10:35:40.236125" elapsed="0.000000"/>
</kw>
<kw name="Set Variable" owner="BuiltIn">
<var>${Langue2}</var>
<arg>Languages</arg>
<doc>Returns the given values which can then be assigned to a variables.</doc>
<status status="NOT RUN" start="2025-04-16T10:35:40.236125" elapsed="0.000000"/>
</kw>
<status status="NOT RUN" start="2025-04-16T10:35:40.236125" elapsed="0.000000"/>
</branch>
<status status="NOT RUN" start="2025-04-16T10:35:40.236125" elapsed="0.000000"/>
</if>
<kw name="Open Application With Click" owner="Integration">
<var>${resultat}</var>
<arg>${driver}</arg>
<arg>${Setting}</arg>
<status status="NOT RUN" start="2025-04-16T10:35:40.237124" elapsed="0.000000"/>
</kw>
<kw name="Sleep" owner="BuiltIn">
<arg>1s</arg>
<doc>Pauses the test executed for the given time.</doc>
<status status="NOT RUN" start="2025-04-16T10:35:40.237124" elapsed="0.000000"/>
</kw>
<kw name="Check Element Exists By Id" owner="Integration">
<var>${Verfier}</var>
<arg>${driver}</arg>
<arg>${Setting_xpath_id}</arg>
<doc>Vérifie si un élément existe en utilisant son ID.</doc>
<status status="NOT RUN" start="2025-04-16T10:35:40.237124" elapsed="0.000000"/>
</kw>
<kw name="Should Be True" owner="BuiltIn">
<arg>${Verfier}</arg>
<arg>Settings n'est pas affiché.</arg>
<doc>Fails if the given condition is not true.</doc>
<status status="NOT RUN" start="2025-04-16T10:35:40.237124" elapsed="0.000000"/>
</kw>
<kw name="Clique Sur Setting" owner="Integration">
<arg>${driver}</arg>
<arg>${System}</arg>
<arg>${Setting_menu}</arg>
<status status="NOT RUN" start="2025-04-16T10:35:40.237124" elapsed="0.000000"/>
</kw>
<kw name="Clique Sur Setting" owner="Integration">
<arg>${driver}</arg>
<arg>${Langue1}</arg>
<arg>${Setting_system}</arg>
<status status="NOT RUN" start="2025-04-16T10:35:40.237124" elapsed="0.000000"/>
</kw>
<kw name="Clique Sur Setting" owner="Integration">
<arg>${driver}</arg>
<arg>${Langue2}</arg>
<arg>${Setting_system}</arg>
<status status="NOT RUN" start="2025-04-16T10:35:40.237124" elapsed="0.000000"/>
</kw>
<kw name="Clique Sur Setting" owner="Integration">
<arg>${driver}</arg>
<arg>Français</arg>
<arg>${Setting_system}</arg>
<status status="NOT RUN" start="2025-04-16T10:35:40.237124" elapsed="0.000000"/>
</kw>
<kw name="Clique Sur Setting" owner="Integration">
<arg>${driver}</arg>
<arg>Français (France)</arg>
<arg>${Setting_system}</arg>
<status status="NOT RUN" start="2025-04-16T10:35:40.237124" elapsed="0.000000"/>
</kw>
<kw name="Sleep" owner="BuiltIn">
<arg>4s</arg>
<doc>Pauses the test executed for the given time.</doc>
<status status="NOT RUN" start="2025-04-16T10:35:40.237124" elapsed="0.000000"/>
</kw>
<kw name="Check Language Change" owner="Integration">
<var>${verfieadb}</var>
<arg>${Device}</arg>
<arg>fr-FR</arg>
<status status="NOT RUN" start="2025-04-16T10:35:40.237124" elapsed="0.000000"/>
</kw>
<kw name="Should Be True" owner="BuiltIn">
<arg>${verfieadb}</arg>
<arg>Modifier Languages ne s'active pas (via adb).</arg>
<doc>Fails if the given condition is not true.</doc>
<status status="NOT RUN" start="2025-04-16T10:35:40.237124" elapsed="0.000000"/>
</kw>
<doc>Ce test vérifie si la modification de la langue du système fonctionne correctement sur l'appareil, en fonction de la langue actuelle de l'appareil.</doc>
<status status="FAIL" start="2025-04-16T10:35:21.160239" elapsed="19.076885">Execution terminated by signal</status>
</test>
<test id="s1-t4" name="Test Notification Réception" line="102">
<doc>Ce test vérifie la réception d'une notification après l'activation des paramètres nécessaires et l'envoi de la notification depuis une application tierce.</doc>
<tag>robot:exit</tag>
<status status="FAIL" start="2025-04-16T10:35:40.237124" elapsed="0.001000">Test execution stopped due to a fatal error.</status>
</test>
<test id="s1-t5" name="Test Notification Supprimer" line="137">
<tag>robot:exit</tag>
<status status="FAIL" start="2025-04-16T10:35:40.238124" elapsed="0.000000">Test execution stopped due to a fatal error.</status>
</test>
<test id="s1-t6" name="Test Disable Notification" line="174">
<tag>robot:exit</tag>
<status status="FAIL" start="2025-04-16T10:35:40.238124" elapsed="0.000000">Test execution stopped due to a fatal error.</status>
</test>
<test id="s1-t7" name="Test Modifier Manuellement Date" line="218">
<tag>robot:exit</tag>
<status status="FAIL" start="2025-04-16T10:35:40.239125" elapsed="0.000000">Test execution stopped due to a fatal error.</status>
</test>
<test id="s1-t8" name="Test Modifier Synchronisation Automatique Date" line="263">
<tag>robot:exit</tag>
<status status="FAIL" start="2025-04-16T10:35:40.239125" elapsed="0.000000">Test execution stopped due to a fatal error.</status>
</test>
<kw name="Fermer Driver" type="TEARDOWN">
<kw name="Close Driver" owner="Integration">
<arg>${driver}</arg>
<doc>Ferme proprement le driver Appium.</doc>
<status status="PASS" start="2025-04-16T10:35:40.239125" elapsed="0.186040"/>
</kw>
<status status="PASS" start="2025-04-16T10:35:40.239125" elapsed="0.186040"/>
</kw>
<doc>Ce fichier contient des tests pour vérifier l'activation, la désactivation et la gestion des notifications, la modification de la langue, la synchronisation de l'heure, etc. sur un appareil Android. Les tests prennent en charge les interfaces en français et en anglais.</doc>
<status status="FAIL" start="2025-04-16T10:34:43.139587" elapsed="57.285578"/>
</suite>
<statistics>
<total>
<stat pass="2" fail="6" skip="0">All Tests</stat>
</total>
<tag>
<stat info="combined" combined="NOT robot:exit" pass="2" fail="1" skip="0">NOT robot:exit</stat>
</tag>
<suite>
<stat name="FonctionnaliteDeBase" id="s1" pass="2" fail="6" skip="0">FonctionnaliteDeBase</stat>
</suite>
</statistics>
<errors>
</errors>
</robot>
