<?xml version="1.0" encoding="UTF-8"?>
<robot generator="Robot 7.2 (Python 3.10.12 on linux)" generated="2025-04-29T14:54:24.831648" rpa="false" schemaversion="5">
<suite id="s1" name="FonctionnaliteMaps" source="/home/bsomrani@actia.local/Bahaeddinesomrani/PfeProject/test_cases/FonctionnaliteMaps.robot">
<kw name="Démarrer Driver" type="SETUP">
<kw name="Setup Driver" owner="Integration">
<msg time="2025-04-29T14:54:32.041156" level="INFO">${driver} = &lt;appium.webdriver.webdriver.WebDriver (session="1e9f72e7-6b1d-4b55-87d4-515dde4d991d")&gt;</msg>
<var>${driver}</var>
<arg>${Device}</arg>
<doc>Initialise et retourne le driver Appium.</doc>
<status status="PASS" start="2025-04-29T14:54:25.048293" elapsed="6.992952"/>
</kw>
<kw name="Set Suite Variable" owner="BuiltIn">
<msg time="2025-04-29T14:54:32.041966" level="INFO">${driver} = &lt;appium.webdriver.webdriver.WebDriver (session="1e9f72e7-6b1d-4b55-87d4-515dde4d991d")&gt;</msg>
<arg>${driver}</arg>
<doc>Makes a variable available everywhere within the scope of the current suite.</doc>
<status status="PASS" start="2025-04-29T14:54:32.041569" elapsed="0.000476"/>
</kw>
<status status="PASS" start="2025-04-29T14:54:25.028877" elapsed="7.013281"/>
</kw>
<test id="s1-t1" name="Test GPS Location Functionality" line="33">
<kw name="Set Location ViaAdb" owner="Integration">
<msg time="2025-04-29T14:54:32.263639" level="INFO">[OK] Position définie : -74.0060, 40.7128</msg>
<arg>${Device}</arg>
<arg>${Longitude}</arg>
<arg>${Latitude}</arg>
<doc>Définit une nouvelle position GPS via une API Flask sur le host.</doc>
<status status="PASS" start="2025-04-29T14:54:32.043001" elapsed="0.220770"/>
</kw>
<kw name="Sleep" owner="BuiltIn">
<msg time="2025-04-29T14:54:34.264519" level="INFO">Slept 2 seconds.</msg>
<arg>2s</arg>
<doc>Pauses the test executed for the given time.</doc>
<status status="PASS" start="2025-04-29T14:54:32.264063" elapsed="2.000617"/>
</kw>
<kw name="Get Location ViaAdb" owner="Integration">
<msg time="2025-04-29T14:54:34.325893" level="INFO">${current_latitude} = 40.7128</msg>
<msg time="2025-04-29T14:54:34.325988" level="INFO">${current_longitude} = -74.006</msg>
<var>${current_latitude}</var>
<var>${current_longitude}</var>
<arg>${Device}</arg>
<status status="PASS" start="2025-04-29T14:54:34.264949" elapsed="0.061077"/>
</kw>
<kw name="Should Be Equal As Numbers" owner="BuiltIn">
<msg time="2025-04-29T14:54:34.326538" level="INFO">Argument types are:
&lt;class 'float'&gt;
&lt;class 'str'&gt;</msg>
<arg>${current_latitude}</arg>
<arg>${Latitude}</arg>
<doc>Fails if objects are unequal after converting them to real numbers.</doc>
<status status="PASS" start="2025-04-29T14:54:34.326242" elapsed="0.000386"/>
</kw>
<kw name="Should Be Equal As Numbers" owner="BuiltIn">
<msg time="2025-04-29T14:54:34.327022" level="INFO">Argument types are:
&lt;class 'float'&gt;
&lt;class 'str'&gt;</msg>
<arg>${current_longitude}</arg>
<arg>${Longitude}</arg>
<doc>Fails if objects are unequal after converting them to real numbers.</doc>
<status status="PASS" start="2025-04-29T14:54:34.326793" elapsed="0.000309"/>
</kw>
<doc>Ce test définit la localisation GPS et vérifie qu'elle est correcte.</doc>
<tag>gps</tag>
<status status="PASS" start="2025-04-29T14:54:32.042266" elapsed="2.285031"/>
</test>
<kw name="Fermer Driver" type="TEARDOWN">
<kw name="Close Driver" owner="Integration">
<arg>${driver}</arg>
<doc>Ferme proprement le driver Appium.</doc>
<status status="PASS" start="2025-04-29T14:54:34.328317" elapsed="0.319491"/>
</kw>
<status status="PASS" start="2025-04-29T14:54:34.328025" elapsed="0.319981"/>
</kw>
<status status="PASS" start="2025-04-29T14:54:24.833072" elapsed="9.814993"/>
</suite>
<statistics>
<total>
<stat pass="1" fail="0" skip="0">All Tests</stat>
</total>
<tag>
<stat pass="1" fail="0" skip="0">gps</stat>
</tag>
<suite>
<stat name="FonctionnaliteMaps" id="s1" pass="1" fail="0" skip="0">FonctionnaliteMaps</stat>
</suite>
</statistics>
<errors>
</errors>
</robot>
