<?xml version="1.0" encoding="UTF-8"?>
<robot generator="Robot 7.2.2 (Python 3.12.5 on win32)" generated="2025-07-14T15:52:33.437497" rpa="false" schemaversion="5">
<suite id="s1" name="TestsAudio" source="C:\Users\bahae\Documents\PfeProject\test_cases\TestsAudio.robot">
<kw name="Démarrer Driver" type="SETUP">
<kw name="Log" owner="BuiltIn">
<msg time="2025-07-14T15:52:39.119917" level="INFO">Tentative d'initialisation du driver Appium...</msg>
<arg>Tentative d'initialisation du driver Appium...</arg>
<doc>Logs the given message with the given level.</doc>
<status status="PASS" start="2025-07-14T15:52:39.119917" elapsed="0.000000"/>
</kw>
<kw name="Log" owner="BuiltIn">
<msg time="2025-07-14T15:52:39.120912" level="INFO">URL Appium: C:\Users\bahae\Documents\PfeProject\test_cases\..\config.py</msg>
<arg>URL Appium: C:\\Users\\bahae\\Documents\\PfeProject\\test_cases${/}..${/}config.py</arg>
<doc>Logs the given message with the given level.</doc>
<status status="PASS" start="2025-07-14T15:52:39.119917" elapsed="0.000995"/>
</kw>
<kw name="Run Keyword And Ignore Error" owner="BuiltIn">
<kw name="Setup Driver" owner="Integration">
<arg>${Device}</arg>
<doc>Initialise et retourne le driver Appium avec des options de stabilité.</doc>
<status status="PASS" start="2025-07-14T15:52:39.120912" elapsed="3.978016"/>
</kw>
<msg time="2025-07-14T15:52:43.098928" level="INFO">${result} = ('PASS', &lt;appium.webdriver.webdriver.WebDriver (session="ee1ebbae-9b28-4c1c-b5af-0a8dd7c504f1")&gt;)</msg>
<var>${result}</var>
<arg>setup driver</arg>
<arg>${Device}</arg>
<doc>Runs the given keyword with the given arguments and ignores possible error.</doc>
<status status="PASS" start="2025-07-14T15:52:39.120912" elapsed="3.978016"/>
</kw>
<kw name="Set Variable" owner="BuiltIn">
<msg time="2025-07-14T15:52:43.098928" level="INFO">${status} = PASS</msg>
<msg time="2025-07-14T15:52:43.098928" level="INFO">${driver} = &lt;appium.webdriver.webdriver.WebDriver (session="ee1ebbae-9b28-4c1c-b5af-0a8dd7c504f1")&gt;</msg>
<var>${status}</var>
<var>${driver}</var>
<arg>${result}</arg>
<doc>Returns the given values which can then be assigned to a variables.</doc>
<status status="PASS" start="2025-07-14T15:52:43.098928" elapsed="0.000000"/>
</kw>
<if>
<branch type="IF" condition="'${status}' == 'FAIL'">
<kw name="Log" owner="BuiltIn">
<arg>Échec de l'initialisation du driver: ${driver}</arg>
<doc>Logs the given message with the given level.</doc>
<status status="NOT RUN" start="2025-07-14T15:52:43.099927" elapsed="0.000000"/>
</kw>
<kw name="Fail" owner="BuiltIn">
<arg>Impossible d'initialiser le driver Appium: ${driver}</arg>
<doc>Fails the test with the given message and optionally alters its tags.</doc>
<status status="NOT RUN" start="2025-07-14T15:52:43.099927" elapsed="0.000000"/>
</kw>
<status status="NOT RUN" start="2025-07-14T15:52:43.098928" elapsed="0.000999"/>
</branch>
<status status="PASS" start="2025-07-14T15:52:43.098928" elapsed="0.000999"/>
</if>
<kw name="Set Suite Variable" owner="BuiltIn">
<msg time="2025-07-14T15:52:43.099927" level="INFO">${driver} = &lt;appium.webdriver.webdriver.WebDriver (session="ee1ebbae-9b28-4c1c-b5af-0a8dd7c504f1")&gt;</msg>
<arg>${driver}</arg>
<doc>Makes a variable available everywhere within the scope of the current suite.</doc>
<status status="PASS" start="2025-07-14T15:52:43.099927" elapsed="0.000000"/>
</kw>
<kw name="Log" owner="BuiltIn">
<msg time="2025-07-14T15:52:43.100929" level="INFO">Driver Appium initialisé avec succès</msg>
<arg>Driver Appium initialisé avec succès</arg>
<doc>Logs the given message with the given level.</doc>
<status status="PASS" start="2025-07-14T15:52:43.099927" elapsed="0.001002"/>
</kw>
<status status="PASS" start="2025-07-14T15:52:39.118914" elapsed="3.982015"/>
</kw>
<test id="s1-t1" name="Test Audio Recording And Playback" line="238">
<kw name="Evaluate" owner="BuiltIn">
<msg time="2025-07-14T15:52:43.101988" level="INFO">${monitor} = &lt;ResourceMonitor(Thread-1, initial daemon)&gt;</msg>
<var>${monitor}</var>
<arg>__import__('resource_monitor').ResourceMonitor()</arg>
<doc>Evaluates the given expression in Python and returns the result.</doc>
<status status="PASS" start="2025-07-14T15:52:43.101458" elapsed="0.000530"/>
</kw>
<kw name="Create Dictionary" owner="BuiltIn">
<msg time="2025-07-14T15:52:43.102522" level="INFO">${namespace} = {'monitor': &lt;ResourceMonitor(Thread-1, initial daemon)&gt;}</msg>
<var>${namespace}</var>
<arg>monitor=${monitor}</arg>
<doc>Creates and returns a dictionary based on the given ``items``.</doc>
<status status="PASS" start="2025-07-14T15:52:43.101988" elapsed="0.000534"/>
</kw>
<kw name="Evaluate" owner="BuiltIn">
<arg>monitor.start()</arg>
<arg>namespace=${namespace}</arg>
<doc>Evaluates the given expression in Python and returns the result.</doc>
<status status="PASS" start="2025-07-14T15:52:43.102522" elapsed="0.000992"/>
</kw>
<kw name="Close Activity Robot" owner="Integration">
<msg time="2025-07-14T15:52:45.352854" level="INFO">Application com.example.audioapplicationtest fermée avec terminateApp
Application com.example.audioapplicationtest fermée avec succès</msg>
<arg>${driver}</arg>
<arg>com.example.audioapplicationtest</arg>
<doc>Version de close_activity adaptée pour Robot Framework.
Utilise plusieurs méthodes pour s'assurer que l'application est bien fermée.</doc>
<status status="PASS" start="2025-07-14T15:52:43.103514" elapsed="2.250341"/>
</kw>
<kw name="Execute Test With Retry">
<kw name="Set Variable" owner="BuiltIn">
<msg time="2025-07-14T15:52:45.354855" level="INFO">${attempt} = 1</msg>
<var>${attempt}</var>
<arg>1</arg>
<doc>Returns the given values which can then be assigned to a variables.</doc>
<status status="PASS" start="2025-07-14T15:52:45.353855" elapsed="0.001000"/>
</kw>
<kw name="Set Variable" owner="BuiltIn">
<msg time="2025-07-14T15:52:45.354855" level="INFO">${test_status} = False</msg>
<var>${test_status}</var>
<arg>${FALSE}</arg>
<doc>Returns the given values which can then be assigned to a variables.</doc>
<status status="PASS" start="2025-07-14T15:52:45.354855" elapsed="0.000000"/>
</kw>
<for flavor="IN RANGE">
<iter>
<kw name="Run Keyword And Return Status" owner="BuiltIn">
<kw name="Verify Audio Recording">
<kw name="Initialize Language Settings">
<kw name="Get System Language" owner="Integration">
<msg time="2025-07-14T15:52:45.403542" level="INFO">${lang} = fr</msg>
<var>${lang}</var>
<arg>${Device}</arg>
<status status="PASS" start="2025-07-14T15:52:45.355852" elapsed="0.047743"/>
</kw>
<kw name="Set Variable If" owner="BuiltIn">
<msg time="2025-07-14T15:52:45.403595" level="INFO">${lang_dict} = {'System': 'Système', 'Setting': 'Paramètres', 'Audio': 'Enregistrement', 'Record': 'START', 'Stop': 'STOP', 'Play': 'Lire'}</msg>
<var>${lang_dict}</var>
<arg>'${lang}' == 'fr'</arg>
<arg>${LANG_FR}</arg>
<arg>${LANG_EN}</arg>
<doc>Sets variable based on the given condition.</doc>
<status status="PASS" start="2025-07-14T15:52:45.403595" elapsed="0.000000"/>
</kw>
<kw name="Set Suite Variable" owner="BuiltIn">
<msg time="2025-07-14T15:52:45.404556" level="INFO">${LANG_DICT} = {'System': 'Système', 'Setting': 'Paramètres', 'Audio': 'Enregistrement', 'Record': 'START', 'Stop': 'STOP', 'Play': 'Lire'}</msg>
<arg>${LANG_DICT}</arg>
<arg>${lang_dict}</arg>
<doc>Makes a variable available everywhere within the scope of the current suite.</doc>
<status status="PASS" start="2025-07-14T15:52:45.403595" elapsed="0.000961"/>
</kw>
<status status="PASS" start="2025-07-14T15:52:45.355852" elapsed="0.048704"/>
</kw>
<kw name="Navigate To Audio App">
<kw name="Start Activity Code" owner="Integration">
<arg>${driver}</arg>
<arg>com.example.audioapplicationtest/.MainActivity</arg>
<doc>Lance une activité spécifique sur un appareil Android via Appium.</doc>
<status status="PASS" start="2025-07-14T15:52:45.404556" elapsed="0.079098"/>
</kw>
<kw name="Sleep" owner="BuiltIn">
<msg time="2025-07-14T15:52:48.504690" level="INFO">Slept 3 seconds.</msg>
<arg>3s</arg>
<doc>Pauses the test executed for the given time.</doc>
<status status="PASS" start="2025-07-14T15:52:45.483654" elapsed="3.021036"/>
</kw>
<kw name="Print Activity" owner="Integration">
<msg time="2025-07-14T15:52:49.849494" level="INFO">${current_activity} = com.example.audioapplicationtest/.MainActivity</msg>
<var>${current_activity}</var>
<arg>${driver}</arg>
<doc>Retourne l'activité complète sous la forme 'com.android.car.messenger/.ui.launcher.MessageLauncherActivity'.</doc>
<status status="PASS" start="2025-07-14T15:52:48.504690" elapsed="1.344804"/>
</kw>
<kw name="Should Contain" owner="BuiltIn">
<arg>${current_activity}</arg>
<arg>com.example.audioapplicationtest/.MainActivity</arg>
<arg>L'application n'est pas correctement lancée</arg>
<doc>Fails if ``container`` does not contain ``item`` one or more times.</doc>
<status status="PASS" start="2025-07-14T15:52:49.849494" elapsed="0.000998"/>
</kw>
<status status="PASS" start="2025-07-14T15:52:45.404556" elapsed="4.445936"/>
</kw>
<kw name="Start Audio Recording And Playback">
<kw name="Log" owner="BuiltIn">
<msg time="2025-07-14T15:52:49.851493" level="INFO">Démarrage de l'enregistrement audio...</msg>
<arg>Démarrage de l'enregistrement audio...</arg>
<doc>Logs the given message with the given level.</doc>
<status status="PASS" start="2025-07-14T15:52:49.850492" elapsed="0.001001"/>
</kw>
<kw name="Get Audio File Duration">
<kw name="Get Audio Duration" owner="Integration">
<msg time="2025-07-14T15:52:49.857016" level="INFO">✅ Durée du fichier audio C:\Users\bahae\Documents\PfeProject\test_cases\test.wav: 18.31 secondes</msg>
<msg time="2025-07-14T15:52:49.857016" level="INFO">${duration} = 18.311836734693877</msg>
<var>${duration}</var>
<arg>${driver}</arg>
<arg>${audio_file}</arg>
<doc>Obtient la durée d'un fichier audio en secondes.</doc>
<status status="PASS" start="2025-07-14T15:52:49.851493" elapsed="0.005523"/>
</kw>
<kw name="Should Not Be Equal As Numbers" owner="BuiltIn">
<msg time="2025-07-14T15:52:49.858015" level="INFO">Argument types are:
&lt;class 'float'&gt;
&lt;class 'str'&gt;</msg>
<arg>${duration}</arg>
<arg>0</arg>
<arg>Impossible d'obtenir la durée du fichier audio</arg>
<doc>Fails if objects are equal after converting them to real numbers.</doc>
<status status="PASS" start="2025-07-14T15:52:49.857016" elapsed="0.000999"/>
</kw>
<return>
<value>${duration}</value>
<status status="PASS" start="2025-07-14T15:52:49.858015" elapsed="0.000000"/>
</return>
<msg time="2025-07-14T15:52:49.858015" level="INFO">${duration} = 18.311836734693877</msg>
<var>${duration}</var>
<arg>${audio_file}</arg>
<status status="PASS" start="2025-07-14T15:52:49.851493" elapsed="0.006522"/>
</kw>
<kw name="Log" owner="BuiltIn">
<msg time="2025-07-14T15:52:49.858015" level="INFO">Durée du fichier audio à lire: 18.311836734693877 secondes</msg>
<arg>Durée du fichier audio à lire: ${duration} secondes</arg>
<doc>Logs the given message with the given level.</doc>
<status status="PASS" start="2025-07-14T15:52:49.858015" elapsed="0.000000"/>
</kw>
<kw name="Click Record Button">
<kw name="Wait For Record Button">
<kw name="Wait Until Keyword Succeeds" owner="BuiltIn">
<kw name="Check Element Exists" owner="Integration">
<arg>${driver}</arg>
<arg>//android.widget.Button[@text="START"]</arg>
<doc>Vérifie si un élément existe en utilisant le XPath donné.</doc>
<status status="PASS" start="2025-07-14T15:52:49.859547" elapsed="1.083382"/>
</kw>
<arg>${timeout}</arg>
<arg>${QUICK_WAIT}</arg>
<arg>Check Element Exists</arg>
<arg>${driver}</arg>
<arg>//android.widget.Button[@text="START"]</arg>
<doc>Runs the specified keyword and retries if it fails.</doc>
<status status="PASS" start="2025-07-14T15:52:49.859547" elapsed="1.084381"/>
</kw>
<status status="PASS" start="2025-07-14T15:52:49.859016" elapsed="1.084912"/>
</kw>
<kw name="Check Element Exists" owner="Integration">
<msg time="2025-07-14T15:52:51.010762" level="INFO">${button_exists} = True</msg>
<var>${button_exists}</var>
<arg>${driver}</arg>
<arg>//android.widget.Button[@text="START"]</arg>
<doc>Vérifie si un élément existe en utilisant le XPath donné.</doc>
<status status="PASS" start="2025-07-14T15:52:50.943928" elapsed="0.066834"/>
</kw>
<kw name="Should Be True" owner="BuiltIn">
<arg>${button_exists}</arg>
<arg>Le bouton START n'est pas visible</arg>
<doc>Fails if the given condition is not true.</doc>
<status status="PASS" start="2025-07-14T15:52:51.010762" elapsed="0.000000"/>
</kw>
<kw name="Run Keyword And Return Status" owner="BuiltIn">
<kw name="Click Element By Xpath Bounds" owner="Integration">
<arg>${driver}</arg>
<arg>//android.widget.Button[@text="START"]</arg>
<doc>Trouve un élément par XPath et clique dessus en utilisant ses bounds.</doc>
<status status="PASS" start="2025-07-14T15:52:51.011763" elapsed="0.517291"/>
</kw>
<msg time="2025-07-14T15:52:51.529054" level="INFO">${success} = True</msg>
<var>${success}</var>
<arg>click_element_by_xpath_bounds</arg>
<arg>${driver}</arg>
<arg>//android.widget.Button[@text="START"]</arg>
<doc>Runs the given keyword with given arguments and returns the status as a Boolean value.</doc>
<status status="PASS" start="2025-07-14T15:52:51.010762" elapsed="0.518292"/>
</kw>
<kw name="Should Be True" owner="BuiltIn">
<arg>${success}</arg>
<arg>Impossible de cliquer sur le bouton START</arg>
<doc>Fails if the given condition is not true.</doc>
<status status="PASS" start="2025-07-14T15:52:51.529054" elapsed="0.000539"/>
</kw>
<status status="PASS" start="2025-07-14T15:52:49.859016" elapsed="1.670577"/>
</kw>
<kw name="Sleep" owner="BuiltIn">
<msg time="2025-07-14T15:52:53.530272" level="INFO">Slept 2 seconds.</msg>
<arg>2s</arg>
<doc>Pauses the test executed for the given time.</doc>
<status status="PASS" start="2025-07-14T15:52:51.529593" elapsed="2.000679"/>
</kw>
<kw name="Run Keyword And Return Status" owner="BuiltIn">
<kw name="Play Audio" owner="Integration">
<msg time="2025-07-14T15:53:12.266257" level="INFO">✅ Lecture audio réussie : Lecture du fichier test.wav terminée</msg>
<arg>${driver}</arg>
<arg>${audio_file}</arg>
<doc>Joue un fichier audio via l'API Flask.</doc>
<status status="PASS" start="2025-07-14T15:52:53.530810" elapsed="18.735447"/>
</kw>
<msg time="2025-07-14T15:53:12.266257" level="INFO">${success} = True</msg>
<var>${success}</var>
<arg>play_audio</arg>
<arg>${driver}</arg>
<arg>${audio_file}</arg>
<doc>Runs the given keyword with given arguments and returns the status as a Boolean value.</doc>
<status status="PASS" start="2025-07-14T15:52:53.530272" elapsed="18.735985"/>
</kw>
<kw name="Should Be True" owner="BuiltIn">
<arg>${success}</arg>
<arg>La lecture audio a échoué</arg>
<doc>Fails if the given condition is not true.</doc>
<status status="PASS" start="2025-07-14T15:53:12.266257" elapsed="0.000000"/>
</kw>
<kw name="Sleep" owner="BuiltIn">
<msg time="2025-07-14T15:53:30.579555" level="INFO">Slept 18 seconds 312 milliseconds.</msg>
<arg>${duration}s</arg>
<doc>Pauses the test executed for the given time.</doc>
<status status="PASS" start="2025-07-14T15:53:12.266257" elapsed="18.313298"/>
</kw>
<kw name="Click Stop Button">
<kw name="Check Element Exists" owner="Integration">
<msg time="2025-07-14T15:53:30.637093" level="INFO">${button_exists} = True</msg>
<var>${button_exists}</var>
<arg>${driver}</arg>
<arg>//android.widget.Button[@text="STOP"]</arg>
<doc>Vérifie si un élément existe en utilisant le XPath donné.</doc>
<status status="PASS" start="2025-07-14T15:53:30.579555" elapsed="0.057538"/>
</kw>
<kw name="Should Be True" owner="BuiltIn">
<arg>${button_exists}</arg>
<arg>Le bouton STOP n'est pas visible</arg>
<doc>Fails if the given condition is not true.</doc>
<status status="PASS" start="2025-07-14T15:53:30.638082" elapsed="0.000000"/>
</kw>
<kw name="Run Keyword And Return Status" owner="BuiltIn">
<kw name="Click Element By Xpath Bounds" owner="Integration">
<arg>${driver}</arg>
<arg>//android.widget.Button[@text="STOP"]</arg>
<doc>Trouve un élément par XPath et clique dessus en utilisant ses bounds.</doc>
<status status="PASS" start="2025-07-14T15:53:30.638688" elapsed="0.479070"/>
</kw>
<msg time="2025-07-14T15:53:31.117758" level="INFO">${success} = True</msg>
<var>${success}</var>
<arg>click_element_by_xpath_bounds</arg>
<arg>${driver}</arg>
<arg>//android.widget.Button[@text="STOP"]</arg>
<doc>Runs the given keyword with given arguments and returns the status as a Boolean value.</doc>
<status status="PASS" start="2025-07-14T15:53:30.638082" elapsed="0.479676"/>
</kw>
<kw name="Should Be True" owner="BuiltIn">
<arg>${success}</arg>
<arg>Impossible de cliquer sur le bouton STOP</arg>
<doc>Fails if the given condition is not true.</doc>
<status status="PASS" start="2025-07-14T15:53:31.118760" elapsed="0.000000"/>
</kw>
<status status="PASS" start="2025-07-14T15:53:30.579555" elapsed="0.539205"/>
</kw>
<status status="PASS" start="2025-07-14T15:52:49.850492" elapsed="41.268268"/>
</kw>
<kw name="Compare Audio Files">
<kw name="Compare With Latest Recorded" owner="TestAudio">
<msg time="2025-07-14T15:54:25.862035" level="INFO">Graphiques sauvegardés dans: resultats\Tests_2025-07-14_15-52_TestsAudio\plots\audio_comparison_enregistrement_20250714_155356.png</msg>
<msg time="2025-07-14T15:54:25.862035" level="INFO">============================= Début du test audio ==============================
Original: C:\Users\bahae\Documents\PfeProject\test_cases\test.wav
Enregistré: latest_download.wav
Date du test: 2025-07-14 15:53:31

Original - Durée: 18.31s -&gt; Segment actif: 18.31s
Enregistré - Durée: 39.38s -&gt; Segment actif: 18.17s
Recherche du meilleur alignement...
Alignement initial trouvé, ajustement fin...

Détails de l'alignement:
Position originale: 0.000s
Position enregistrée: -0.036s
Ajustement: -36.0ms
Corrélation initiale: 0.843
Original length: 803005, Recorded length: 803005
Best lag: 0 samples (0.000 seconds)
Final lengths - Original: 803005, Aligned: 803005
Décalage temporel final: 0.000 secondes

=== Résultats ===
Décalage temporel: 0.000 secondes
         snr: 5.2788
 correlation: 0.8428
         mse: 0.0097
        rmse: 0.0986
energy_ratio: 0.8571
    max_diff: 0.9262
   mean_diff: 0.0638
         mos: 3.8225
     clarity: 1.0235
  clarity_db: 0.1010

=== Résultat: SUCCÈS ===
SNR: 5.28 dB (seuil: -1 dB)
Corrélation: 0.843 (seuil: 0.4)
MOS: 3.82/5 (seuil: 3.0)
Clarté: 1.024 (seuil: 0.8)</msg>
<msg time="2025-07-14T15:54:25.862035" level="INFO">C:\Users\bahae\Documents\PfeProject\test_cases\TestAudio.py:341: UserWarning: Glyph 9989 (\N{WHITE HEAVY CHECK MARK}) missing from font(s) DejaVu Sans.
  plt.savefig(output_file, dpi=300, bbox_inches='tight')
C:\Program Files\JetBrains\PyCharm 2024.3.2\plugins\python-ce\helpers\pycharm_matplotlib_backend\backend_interagg.py:124: UserWarning: Glyph 9989 (\N{WHITE HEAVY CHECK MARK}) missing from font(s) DejaVu Sans.
  FigureCanvasAgg.draw(self)</msg>
<msg time="2025-07-14T15:54:25.862035" level="INFO">${test_passed} = True</msg>
<msg time="2025-07-14T15:54:25.862035" level="INFO">${metrics} = {'snr': np.float64(5.2787710197288025), 'correlation': np.float64(0.8428039122486521), 'mse': np.float64(0.009715087340845108), 'rmse': np.float64(0.09856514262580413), 'energy_ratio': np.float64(0.85...</msg>
<var>${test_passed}</var>
<var>${metrics}</var>
<arg>${original_audio}</arg>
<doc>Télécharge le dernier audio enregistré via l'API Flask et le compare à l'original.
:param original_audio: Chemin du fichier original (wav)
:param latest_audio_path: Chemin où sauvegarder le fichier téléchargé
:param api_url: URL de l'API Flask pour récupérer le dernier audio enregistré
:return: (test_passed, metrics)</doc>
<status status="PASS" start="2025-07-14T15:53:31.119758" elapsed="54.742277"/>
</kw>
<kw name="Log" owner="BuiltIn">
<msg time="2025-07-14T15:54:25.863023" level="INFO">SNR: 5.2787710197288025 dB</msg>
<arg>SNR: ${metrics['snr']} dB</arg>
<doc>Logs the given message with the given level.</doc>
<status status="PASS" start="2025-07-14T15:54:25.863023" elapsed="0.001001"/>
</kw>
<kw name="Log" owner="BuiltIn">
<msg time="2025-07-14T15:54:25.864024" level="INFO">Corrélation: 0.8428039122486521 (seuil: 0.4)</msg>
<arg>Corrélation: ${metrics['correlation']} (seuil: 0.4)</arg>
<doc>Logs the given message with the given level.</doc>
<status status="PASS" start="2025-07-14T15:54:25.864024" elapsed="0.000000"/>
</kw>
<kw name="Log" owner="BuiltIn">
<msg time="2025-07-14T15:54:25.865057" level="INFO">MOS: 3.8225155354875344/5 (seuil: 3.0)</msg>
<arg>MOS: ${metrics['mos']}/5 (seuil: 3.0)</arg>
<doc>Logs the given message with the given level.</doc>
<status status="PASS" start="2025-07-14T15:54:25.864024" elapsed="0.001033"/>
</kw>
<kw name="Log" owner="BuiltIn">
<msg time="2025-07-14T15:54:25.865057" level="INFO">Clarté: 1.0235269554999913 (seuil: 0.8)</msg>
<arg>Clarté: ${metrics['clarity']} (seuil: 0.8)</arg>
<doc>Logs the given message with the given level.</doc>
<status status="PASS" start="2025-07-14T15:54:25.865057" elapsed="0.000000"/>
</kw>
<kw name="Evaluate" owner="BuiltIn">
<msg time="2025-07-14T15:54:25.866658" level="INFO">${correlation_ok} = True</msg>
<var>${correlation_ok}</var>
<arg>${metrics['correlation']} &gt;= 0.4</arg>
<doc>Evaluates the given expression in Python and returns the result.</doc>
<status status="PASS" start="2025-07-14T15:54:25.866065" elapsed="0.000593"/>
</kw>
<kw name="Evaluate" owner="BuiltIn">
<msg time="2025-07-14T15:54:25.867654" level="INFO">${mos_ok} = True</msg>
<var>${mos_ok}</var>
<arg>${metrics['mos']} &gt;= 3.0</arg>
<doc>Evaluates the given expression in Python and returns the result.</doc>
<status status="PASS" start="2025-07-14T15:54:25.866658" elapsed="0.000996"/>
</kw>
<kw name="Evaluate" owner="BuiltIn">
<msg time="2025-07-14T15:54:25.869218" level="INFO">${clarity_ok} = True</msg>
<var>${clarity_ok}</var>
<arg>${metrics['clarity']} &gt;= 0.8</arg>
<doc>Evaluates the given expression in Python and returns the result.</doc>
<status status="PASS" start="2025-07-14T15:54:25.867654" elapsed="0.001585"/>
</kw>
<kw name="Evaluate" owner="BuiltIn">
<msg time="2025-07-14T15:54:25.869239" level="INFO">${test_passed} = True</msg>
<var>${test_passed}</var>
<arg>${correlation_ok} and ${mos_ok} and ${clarity_ok}</arg>
<doc>Evaluates the given expression in Python and returns the result.</doc>
<status status="PASS" start="2025-07-14T15:54:25.869239" elapsed="0.000000"/>
</kw>
<if>
<branch type="IF" condition="not ${test_passed}">
<kw name="Log" owner="BuiltIn">
<arg>❌ Test échoué - Métriques critiques non satisfaites</arg>
<doc>Logs the given message with the given level.</doc>
<status status="NOT RUN" start="2025-07-14T15:54:25.869239" elapsed="0.000000"/>
</kw>
<kw name="Fail" owner="BuiltIn">
<arg>Test audio échoué - Vérifiez les métriques dans les logs</arg>
<doc>Fails the test with the given message and optionally alters its tags.</doc>
<status status="NOT RUN" start="2025-07-14T15:54:25.869239" elapsed="0.000000"/>
</kw>
<status status="NOT RUN" start="2025-07-14T15:54:25.869239" elapsed="0.000000"/>
</branch>
<branch type="ELSE">
<kw name="Log" owner="BuiltIn">
<msg time="2025-07-14T15:54:25.871329" level="INFO">✅ Test réussi - Toutes les métriques sont satisfaites</msg>
<arg>✅ Test réussi - Toutes les métriques sont satisfaites</arg>
<doc>Logs the given message with the given level.</doc>
<status status="PASS" start="2025-07-14T15:54:25.870265" elapsed="0.001064"/>
</kw>
<status status="PASS" start="2025-07-14T15:54:25.869239" elapsed="0.002090"/>
</branch>
<status status="PASS" start="2025-07-14T15:54:25.869239" elapsed="0.003029"/>
</if>
<return>
<value>${test_passed}</value>
<value>${metrics}</value>
<status status="PASS" start="2025-07-14T15:54:25.872287" elapsed="0.000000"/>
</return>
<msg time="2025-07-14T15:54:25.872287" level="INFO">${result} = [True, {'snr': np.float64(5.2787710197288025), 'correlation': np.float64(0.8428039122486521), 'mse': np.float64(0.009715087340845108), 'rmse': np.float64(0.09856514262580413), 'energy_ratio': np.float...</msg>
<var>${result}</var>
<arg>${DEFAULT_OUTPUT_FILE}</arg>
<status status="PASS" start="2025-07-14T15:53:31.118760" elapsed="54.754071"/>
</kw>
<kw name="Log" owner="BuiltIn">
<msg time="2025-07-14T15:54:25.872850" level="INFO">Résultat de la comparaison: [True, {'snr': np.float64(5.2787710197288025), 'correlation': np.float64(0.8428039122486521), 'mse': np.float64(0.009715087340845108), 'rmse': np.float64(0.09856514262580413), 'energy_ratio': np.float64(0.8570736525261801), 'max_diff': np.float64(0.9261903550645819), 'mean_diff': np.float64(0.06383047225755187), 'mos': np.float64(3.8225155354875344), 'clarity': np.float64(1.0235269554999913), 'clarity_db': np.float64(0.10099284726104227), 'plot_file': 'resultats\\Tests_2025-07-14_15-52_TestsAudio\\plots\\audio_comparison_enregistrement_20250714_155356.png'}]</msg>
<arg>Résultat de la comparaison: ${result}</arg>
<doc>Logs the given message with the given level.</doc>
<status status="PASS" start="2025-07-14T15:54:25.872850" elapsed="0.000000"/>
</kw>
<status status="PASS" start="2025-07-14T15:52:45.355852" elapsed="100.516998"/>
</kw>
<msg time="2025-07-14T15:54:25.872850" level="INFO">${test_status} = True</msg>
<var>${test_status}</var>
<arg>${test_keyword}</arg>
<doc>Runs the given keyword with given arguments and returns the status as a Boolean value.</doc>
<status status="PASS" start="2025-07-14T15:52:45.354855" elapsed="100.517995"/>
</kw>
<if>
<branch type="IF" condition="${test_status}">
<kw name="Log" owner="BuiltIn">
<msg time="2025-07-14T15:54:25.872850" level="INFO">Test Test Audio Recording And Playback réussi</msg>
<arg>Test ${test_name} réussi</arg>
<doc>Logs the given message with the given level.</doc>
<status status="PASS" start="2025-07-14T15:54:25.872850" elapsed="0.000000"/>
</kw>
<kw name="Exit For Loop" owner="BuiltIn">
<msg time="2025-07-14T15:54:25.873883" level="INFO">Exiting for loop altogether.</msg>
<doc>Stops executing the enclosing FOR loop.</doc>
<status status="PASS" start="2025-07-14T15:54:25.872850" elapsed="0.001033"/>
</kw>
<status status="PASS" start="2025-07-14T15:54:25.872850" elapsed="0.001033"/>
</branch>
<branch type="ELSE">
<kw name="Evaluate" owner="BuiltIn">
<var>${attempt}</var>
<arg>${attempt} + 1</arg>
<doc>Evaluates the given expression in Python and returns the result.</doc>
<status status="NOT RUN" start="2025-07-14T15:54:25.873883" elapsed="0.000000"/>
</kw>
<if>
<branch type="IF" condition="${attempt} &lt;= ${MAX_RETRIES}">
<kw name="Log" owner="BuiltIn">
<arg>Test ${test_name} échoué - Tentative ${attempt}/${MAX_RETRIES}</arg>
<doc>Logs the given message with the given level.</doc>
<status status="NOT RUN" start="2025-07-14T15:54:25.873883" elapsed="0.000000"/>
</kw>
<kw name="Sleep" owner="BuiltIn">
<arg>${RETRY_DELAY}</arg>
<doc>Pauses the test executed for the given time.</doc>
<status status="NOT RUN" start="2025-07-14T15:54:25.873883" elapsed="0.000000"/>
</kw>
<status status="NOT RUN" start="2025-07-14T15:54:25.873883" elapsed="0.000000"/>
</branch>
<status status="NOT RUN" start="2025-07-14T15:54:25.873883" elapsed="0.000000"/>
</if>
<status status="NOT RUN" start="2025-07-14T15:54:25.873883" elapsed="0.000000"/>
</branch>
<status status="PASS" start="2025-07-14T15:54:25.872850" elapsed="0.001033"/>
</if>
<var name="${index}">0</var>
<status status="PASS" start="2025-07-14T15:52:45.354855" elapsed="100.519028"/>
</iter>
<var>${index}</var>
<value>${MAX_RETRIES}</value>
<status status="PASS" start="2025-07-14T15:52:45.354855" elapsed="100.519028"/>
</for>
<if>
<branch type="IF" condition="not ${test_status}">
<kw name="Fail" owner="BuiltIn">
<arg>Le test ${test_name} a échoué après ${MAX_RETRIES} tentatives</arg>
<doc>Fails the test with the given message and optionally alters its tags.</doc>
<status status="NOT RUN" start="2025-07-14T15:54:25.874883" elapsed="0.000000"/>
</kw>
<status status="NOT RUN" start="2025-07-14T15:54:25.873883" elapsed="0.001000"/>
</branch>
<status status="PASS" start="2025-07-14T15:54:25.873883" elapsed="0.001000"/>
</if>
<arg>Verify Audio Recording</arg>
<arg>Test Audio Recording And Playback</arg>
<status status="PASS" start="2025-07-14T15:52:45.353855" elapsed="100.521028"/>
</kw>
<kw name="Sleep" owner="BuiltIn">
<msg time="2025-07-14T15:54:35.875007" level="INFO">Slept 10 seconds.</msg>
<arg>10s</arg>
<doc>Pauses the test executed for the given time.</doc>
<status status="PASS" start="2025-07-14T15:54:25.874883" elapsed="10.000124"/>
</kw>
<kw name="Close Activity Robot" owner="Integration">
<msg time="2025-07-14T15:54:38.427810" level="INFO">Application com.example.audioapplicationtest fermée avec terminateApp
Application com.example.audioapplicationtest fermée avec succès</msg>
<arg>${driver}</arg>
<arg>com.example.audioapplicationtest</arg>
<doc>Version de close_activity adaptée pour Robot Framework.
Utilise plusieurs méthodes pour s'assurer que l'application est bien fermée.</doc>
<status status="PASS" start="2025-07-14T15:54:35.875007" elapsed="2.552803"/>
</kw>
<kw name="Evaluate" owner="BuiltIn">
<arg>monitor.stop()</arg>
<arg>namespace=${namespace}</arg>
<doc>Evaluates the given expression in Python and returns the result.</doc>
<status status="PASS" start="2025-07-14T15:54:38.427810" elapsed="1.011444"/>
</kw>
<kw name="Evaluate" owner="BuiltIn">
<msg time="2025-07-14T15:54:39.439254" level="INFO">${cpu} = 41.58139534883721</msg>
<msg time="2025-07-14T15:54:39.439254" level="INFO">${mem} = 2457.646370821221</msg>
<var>${cpu}</var>
<var>${mem}</var>
<arg>monitor.get_averages()</arg>
<arg>namespace=${namespace}</arg>
<doc>Evaluates the given expression in Python and returns the result.</doc>
<status status="PASS" start="2025-07-14T15:54:39.439254" elapsed="0.000000"/>
</kw>
<kw name="Append To File" owner="OperatingSystem">
<msg time="2025-07-14T15:54:39.440204" level="INFO" html="true">Appended to file '&lt;a href="file://C:\Users\bahae\Documents\PfeProject\cpu_usage.log"&gt;C:\Users\bahae\Documents\PfeProject\cpu_usage.log&lt;/a&gt;'.</msg>
<arg>cpu_usage.log</arg>
<arg>Test Audio Recording And Playback:${cpu}\n</arg>
<doc>Appends the given content to the specified file.</doc>
<status status="PASS" start="2025-07-14T15:54:39.440204" elapsed="0.000000"/>
</kw>
<kw name="Log" owner="BuiltIn">
<msg time="2025-07-14T15:54:39.440204" level="INFO">CPU value saved to cpu_usage.log</msg>
<arg>CPU value saved to cpu_usage.log</arg>
<doc>Logs the given message with the given level.</doc>
<status status="PASS" start="2025-07-14T15:54:39.440204" elapsed="0.001000"/>
</kw>
<kw name="Append To File" owner="OperatingSystem">
<msg time="2025-07-14T15:54:39.441204" level="INFO" html="true">Appended to file '&lt;a href="file://C:\Users\bahae\Documents\PfeProject\mem_usage.log"&gt;C:\Users\bahae\Documents\PfeProject\mem_usage.log&lt;/a&gt;'.</msg>
<arg>mem_usage.log</arg>
<arg>Test Audio Recording And Playback:${mem}\n</arg>
<doc>Appends the given content to the specified file.</doc>
<status status="PASS" start="2025-07-14T15:54:39.441204" elapsed="0.000000"/>
</kw>
<kw name="Log" owner="BuiltIn">
<msg time="2025-07-14T15:54:39.441204" level="INFO">RAM value saved to mem_usage.log</msg>
<arg>RAM value saved to mem_usage.log</arg>
<doc>Logs the given message with the given level.</doc>
<status status="PASS" start="2025-07-14T15:54:39.441204" elapsed="0.000000"/>
</kw>
<doc>Verifies audio recording and playback functionality
- Navigates to audio recording app
- Records audio for a specified duration
- Plays back the recorded audio
- Supports both French and English interfaces</doc>
<tag>audio</tag>
<tag>playback</tag>
<tag>recording</tag>
<status status="PASS" start="2025-07-14T15:52:43.100929" elapsed="116.340275"/>
</test>
<test id="s1-t2" name="Test Audio Player And Playback" line="263">
<kw name="Evaluate" owner="BuiltIn">
<msg time="2025-07-14T15:54:39.443264" level="INFO">${monitor} = &lt;ResourceMonitor(Thread-4, initial daemon)&gt;</msg>
<var>${monitor}</var>
<arg>__import__('resource_monitor').ResourceMonitor()</arg>
<doc>Evaluates the given expression in Python and returns the result.</doc>
<status status="PASS" start="2025-07-14T15:54:39.442270" elapsed="0.000994"/>
</kw>
<kw name="Create Dictionary" owner="BuiltIn">
<msg time="2025-07-14T15:54:39.443264" level="INFO">${namespace} = {'monitor': &lt;ResourceMonitor(Thread-4, initial daemon)&gt;}</msg>
<var>${namespace}</var>
<arg>monitor=${monitor}</arg>
<doc>Creates and returns a dictionary based on the given ``items``.</doc>
<status status="PASS" start="2025-07-14T15:54:39.443264" elapsed="0.000000"/>
</kw>
<kw name="Evaluate" owner="BuiltIn">
<arg>monitor.start()</arg>
<arg>namespace=${namespace}</arg>
<doc>Evaluates the given expression in Python and returns the result.</doc>
<status status="PASS" start="2025-07-14T15:54:39.443264" elapsed="0.002005"/>
</kw>
<for flavor="IN RANGE">
<iter>
<kw name="Run Keyword And Return Status" owner="BuiltIn">
<kw name="Navigate To Audio Player App">
<kw name="Start Activity Code" owner="Integration">
<arg>${driver}</arg>
<arg>com.example.audioapplicationtest/.AudioPlayerActivity</arg>
<doc>Lance une activité spécifique sur un appareil Android via Appium.</doc>
<status status="PASS" start="2025-07-14T15:54:39.446266" elapsed="0.106444"/>
</kw>
<kw name="Sleep" owner="BuiltIn">
<msg time="2025-07-14T15:54:42.552772" level="INFO">Slept 3 seconds.</msg>
<arg>3s</arg>
<doc>Pauses the test executed for the given time.</doc>
<status status="PASS" start="2025-07-14T15:54:39.552710" elapsed="3.000062"/>
</kw>
<kw name="Print Activity" owner="Integration">
<msg time="2025-07-14T15:54:42.644336" level="INFO">${current_activity} = com.example.audioapplicationtest/.AudioPlayerActivity</msg>
<var>${current_activity}</var>
<arg>${driver}</arg>
<doc>Retourne l'activité complète sous la forme 'com.android.car.messenger/.ui.launcher.MessageLauncherActivity'.</doc>
<status status="PASS" start="2025-07-14T15:54:42.552772" elapsed="0.091564"/>
</kw>
<kw name="Should Contain" owner="BuiltIn">
<arg>${current_activity}</arg>
<arg>com.example.audioapplicationtest/.AudioPlayerActivity</arg>
<arg>L'application n'est pas correctement lancée</arg>
<doc>Fails if ``container`` does not contain ``item`` one or more times.</doc>
<status status="PASS" start="2025-07-14T15:54:42.644336" elapsed="0.000000"/>
</kw>
<status status="PASS" start="2025-07-14T15:54:39.445269" elapsed="3.200067"/>
</kw>
<msg time="2025-07-14T15:54:42.645336" level="INFO">${status} = True</msg>
<var>${status}</var>
<arg>Navigate To Audio Player App</arg>
<doc>Runs the given keyword with given arguments and returns the status as a Boolean value.</doc>
<status status="PASS" start="2025-07-14T15:54:39.445269" elapsed="3.200067"/>
</kw>
<if>
<branch type="IF" condition="${status}">
<break>
<status status="PASS" start="2025-07-14T15:54:42.645336" elapsed="0.000000"/>
</break>
<status status="PASS" start="2025-07-14T15:54:42.645336" elapsed="0.000000"/>
</branch>
<status status="PASS" start="2025-07-14T15:54:42.645336" elapsed="0.000000"/>
</if>
<kw name="Sleep" owner="BuiltIn">
<arg>2s</arg>
<doc>Pauses the test executed for the given time.</doc>
<status status="NOT RUN" start="2025-07-14T15:54:42.645336" elapsed="0.000000"/>
</kw>
<var name="${i}">0</var>
<status status="PASS" start="2025-07-14T15:54:39.445269" elapsed="3.200067"/>
</iter>
<var>${i}</var>
<value>3</value>
<status status="PASS" start="2025-07-14T15:54:39.445269" elapsed="3.200067"/>
</for>
<kw name="Should Be True" owner="BuiltIn">
<arg>${status}</arg>
<arg>Failed to navigate to audio player app after 3 attempts</arg>
<doc>Fails if the given condition is not true.</doc>
<status status="PASS" start="2025-07-14T15:54:42.645336" elapsed="0.000999"/>
</kw>
<kw name="Record Audio" owner="Integration">
<msg time="2025-07-14T15:54:42.666451" level="INFO">✅ Enregistrement audio réussi : Enregistrement audio démarré</msg>
<msg time="2025-07-14T15:54:42.667508" level="INFO">${recording_success} = True</msg>
<var>${recording_success}</var>
<arg>${driver}</arg>
<arg>23</arg>
<doc>Enregistre l'audio du système via l'API Flask.</doc>
<status status="PASS" start="2025-07-14T15:54:42.646335" elapsed="0.021173"/>
</kw>
<kw name="Should Be True" owner="BuiltIn">
<arg>${recording_success}</arg>
<arg>L'enregistrement audio a échoué</arg>
<doc>Fails if the given condition is not true.</doc>
<status status="PASS" start="2025-07-14T15:54:42.667508" elapsed="0.000000"/>
</kw>
<kw name="Sleep" owner="BuiltIn">
<msg time="2025-07-14T15:54:43.667752" level="INFO">Slept 1 second.</msg>
<arg>1s</arg>
<doc>Pauses the test executed for the given time.</doc>
<status status="PASS" start="2025-07-14T15:54:42.667508" elapsed="1.000244"/>
</kw>
<kw name="Click Play Button">
<kw name="Wait For Record Button">
<kw name="Wait Until Keyword Succeeds" owner="BuiltIn">
<kw name="Check Element Exists" owner="Integration">
<arg>${driver}</arg>
<arg>//android.widget.Button[@text="START"]</arg>
<doc>Vérifie si un élément existe en utilisant le XPath donné.</doc>
<status status="PASS" start="2025-07-14T15:54:43.668334" elapsed="0.078448"/>
</kw>
<arg>${timeout}</arg>
<arg>${QUICK_WAIT}</arg>
<arg>Check Element Exists</arg>
<arg>${driver}</arg>
<arg>//android.widget.Button[@text="START"]</arg>
<doc>Runs the specified keyword and retries if it fails.</doc>
<status status="PASS" start="2025-07-14T15:54:43.668334" elapsed="0.078448"/>
</kw>
<status status="PASS" start="2025-07-14T15:54:43.668334" elapsed="0.078448"/>
</kw>
<kw name="Check Element Exists" owner="Integration">
<msg time="2025-07-14T15:54:43.804250" level="INFO">${button_exists} = True</msg>
<var>${button_exists}</var>
<arg>${driver}</arg>
<arg>//android.widget.Button[@text="PLAY TEST WAV"]</arg>
<doc>Vérifie si un élément existe en utilisant le XPath donné.</doc>
<status status="PASS" start="2025-07-14T15:54:43.746782" elapsed="0.057468"/>
</kw>
<kw name="Should Be True" owner="BuiltIn">
<arg>${button_exists}</arg>
<arg>Le bouton PLAY TEST WAV n'est pas visible</arg>
<doc>Fails if the given condition is not true.</doc>
<status status="PASS" start="2025-07-14T15:54:43.804250" elapsed="0.000000"/>
</kw>
<kw name="Run Keyword And Return Status" owner="BuiltIn">
<kw name="Click Element By Xpath Bounds" owner="Integration">
<arg>${driver}</arg>
<arg>//android.widget.Button[@text="PLAY TEST WAV"]</arg>
<doc>Trouve un élément par XPath et clique dessus en utilisant ses bounds.</doc>
<status status="PASS" start="2025-07-14T15:54:43.805250" elapsed="0.489738"/>
</kw>
<msg time="2025-07-14T15:54:44.294988" level="INFO">${success} = True</msg>
<var>${success}</var>
<arg>click_element_by_xpath_bounds</arg>
<arg>${driver}</arg>
<arg>//android.widget.Button[@text="PLAY TEST WAV"]</arg>
<doc>Runs the given keyword with given arguments and returns the status as a Boolean value.</doc>
<status status="PASS" start="2025-07-14T15:54:43.804250" elapsed="0.490738"/>
</kw>
<kw name="Should Be True" owner="BuiltIn">
<arg>${success}</arg>
<arg>Impossible de cliquer sur le bouton START</arg>
<doc>Fails if the given condition is not true.</doc>
<status status="PASS" start="2025-07-14T15:54:44.294988" elapsed="0.000000"/>
</kw>
<status status="PASS" start="2025-07-14T15:54:43.667752" elapsed="0.627236"/>
</kw>
<kw name="Sleep" owner="BuiltIn">
<msg time="2025-07-14T15:55:06.296332" level="INFO">Slept 22 seconds.</msg>
<arg>22s</arg>
<doc>Pauses the test executed for the given time.</doc>
<status status="PASS" start="2025-07-14T15:54:44.294988" elapsed="22.001344"/>
</kw>
<kw name="Compare Audio Files Play">
<kw name="Compare With Latest Recorded Play" owner="TestAudio">
<msg time="2025-07-14T15:55:57.699482" level="INFO">Graphiques sauvegardés dans: resultats\Tests_2025-07-14_15-52_TestsAudio\plots\audio_comparison_lecture_20250714_155532.png</msg>
<msg time="2025-07-14T15:55:57.700013" level="INFO">============================= Début du test audio ==============================
Original: C:\Users\bahae\Documents\PfeProject\test_cases\test.wav
Enregistré: latest_playback.wav
Date du test: 2025-07-14 15:55:06

Original - Durée: 18.31s -&gt; Segment actif: 18.31s
Enregistré - Durée: 23.00s -&gt; Segment actif: 18.38s
Recherche du meilleur alignement...
Alignement initial trouvé, ajustement fin...

Détails de l'alignement:
Position originale: 0.000s
Position enregistrée: 0.041s
Ajustement: 40.7ms
Corrélation initiale: 0.825
Original length: 807552, Recorded length: 807552
Best lag: 1 samples (0.000 seconds)
Final lengths - Original: 807551, Aligned: 807551
Décalage temporel final: 0.000 secondes

=== Résultats ===
Décalage temporel: 0.000 secondes
         snr: 4.5832
 correlation: 0.8262
         mse: 0.0115
        rmse: 0.1072
energy_ratio: 1.0024
    max_diff: 1.1254
   mean_diff: 0.0484
         mos: 3.7747
     clarity: 1.1111
  clarity_db: 0.4573

=== Résultat: SUCCÈS ===
SNR: 4.58 dB (seuil: -1 dB)
Corrélation: 0.826 (seuil: 0.4)
MOS: 3.77/5 (seuil: 3.0)
Clarté: 1.111 (seuil: 0.8)</msg>
<msg time="2025-07-14T15:55:57.700013" level="INFO">${test_passed} = True</msg>
<msg time="2025-07-14T15:55:57.700013" level="INFO">${metrics} = {'snr': np.float64(4.583219970293814), 'correlation': np.float64(0.8261679961985521), 'mse': np.float64(0.011497608112872742), 'rmse': np.float64(0.10722690013645243), 'energy_ratio': np.float64(1.002...</msg>
<var>${test_passed}</var>
<var>${metrics}</var>
<arg>${original_audio}</arg>
<doc>Télécharge le dernier audio lu via l'API Flask et le compare à l'original.
:param original_audio: Chemin du fichier original (wav)
:param latest_audio_path: Chemin où sauvegarder le fichier téléchargé
:param api_url: URL de l'API Flask pour récupérer le dernier audio lu
:return: (test_passed, metrics)</doc>
<status status="PASS" start="2025-07-14T15:55:06.296332" elapsed="51.403681"/>
</kw>
<kw name="Log" owner="BuiltIn">
<msg time="2025-07-14T15:55:57.701005" level="INFO">SNR: 4.583219970293814 dB</msg>
<arg>SNR: ${metrics['snr']} dB</arg>
<doc>Logs the given message with the given level.</doc>
<status status="PASS" start="2025-07-14T15:55:57.700013" elapsed="0.000992"/>
</kw>
<kw name="Log" owner="BuiltIn">
<msg time="2025-07-14T15:55:57.701005" level="INFO">Corrélation: 0.8261679961985521 (seuil: 0.4)</msg>
<arg>Corrélation: ${metrics['correlation']} (seuil: 0.4)</arg>
<doc>Logs the given message with the given level.</doc>
<status status="PASS" start="2025-07-14T15:55:57.701005" elapsed="0.000000"/>
</kw>
<kw name="Log" owner="BuiltIn">
<msg time="2025-07-14T15:55:57.702006" level="INFO">MOS: 3.7747303942500148/5 (seuil: 3.0)</msg>
<arg>MOS: ${metrics['mos']}/5 (seuil: 3.0)</arg>
<doc>Logs the given message with the given level.</doc>
<status status="PASS" start="2025-07-14T15:55:57.702006" elapsed="0.000000"/>
</kw>
<kw name="Log" owner="BuiltIn">
<msg time="2025-07-14T15:55:57.703005" level="INFO">Clarté: 1.1110517024926636 (seuil: 0.8)</msg>
<arg>Clarté: ${metrics['clarity']} (seuil: 0.8)</arg>
<doc>Logs the given message with the given level.</doc>
<status status="PASS" start="2025-07-14T15:55:57.702006" elapsed="0.000999"/>
</kw>
<kw name="Set Variable" owner="BuiltIn">
<msg time="2025-07-14T15:55:57.703005" level="INFO">${plot_file} = resultats\Tests_2025-07-14_15-52_TestsAudio\plots\audio_comparison_lecture_20250714_155532.png</msg>
<var>${plot_file}</var>
<arg>${metrics['plot_file']}</arg>
<doc>Returns the given values which can then be assigned to a variables.</doc>
<status status="PASS" start="2025-07-14T15:55:57.703005" elapsed="0.001002"/>
</kw>
<kw name="Log" owner="BuiltIn">
<msg time="2025-07-14T15:55:57.704007" level="INFO">&lt;img src="resultats\Tests_2025-07-14_15-52_TestsAudio\plots\audio_comparison_lecture_20250714_155532.png" width="800px"/&gt;</msg>
<arg>&lt;img src="${plot_file}" width="800px"/&gt;</arg>
<doc>Logs the given message with the given level.</doc>
<status status="PASS" start="2025-07-14T15:55:57.704007" elapsed="0.000000"/>
</kw>
<kw name="Evaluate" owner="BuiltIn">
<msg time="2025-07-14T15:55:57.705571" level="INFO">${correlation_ok} = True</msg>
<var>${correlation_ok}</var>
<arg>${metrics['correlation']} &gt;= 0.4</arg>
<doc>Evaluates the given expression in Python and returns the result.</doc>
<status status="PASS" start="2025-07-14T15:55:57.704007" elapsed="0.001564"/>
</kw>
<kw name="Evaluate" owner="BuiltIn">
<msg time="2025-07-14T15:55:57.706540" level="INFO">${mos_ok} = True</msg>
<var>${mos_ok}</var>
<arg>${metrics['mos']} &gt;= 3.0</arg>
<doc>Evaluates the given expression in Python and returns the result.</doc>
<status status="PASS" start="2025-07-14T15:55:57.705571" elapsed="0.000969"/>
</kw>
<kw name="Evaluate" owner="BuiltIn">
<msg time="2025-07-14T15:55:57.707540" level="INFO">${clarity_ok} = True</msg>
<var>${clarity_ok}</var>
<arg>${metrics['clarity']} &gt;= 0.8</arg>
<doc>Evaluates the given expression in Python and returns the result.</doc>
<status status="PASS" start="2025-07-14T15:55:57.706540" elapsed="0.001000"/>
</kw>
<kw name="Evaluate" owner="BuiltIn">
<msg time="2025-07-14T15:55:57.708068" level="INFO">${test_passed} = True</msg>
<var>${test_passed}</var>
<arg>${correlation_ok} and ${mos_ok} and ${clarity_ok}</arg>
<doc>Evaluates the given expression in Python and returns the result.</doc>
<status status="PASS" start="2025-07-14T15:55:57.708068" elapsed="0.000000"/>
</kw>
<if>
<branch type="IF" condition="not ${test_passed}">
<kw name="Log" owner="BuiltIn">
<arg>❌ Test échoué - Métriques critiques non satisfaites</arg>
<doc>Logs the given message with the given level.</doc>
<status status="NOT RUN" start="2025-07-14T15:55:57.708068" elapsed="0.000000"/>
</kw>
<kw name="Fail" owner="BuiltIn">
<arg>Test audio échoué - Vérifiez les métriques dans les logs</arg>
<doc>Fails the test with the given message and optionally alters its tags.</doc>
<status status="NOT RUN" start="2025-07-14T15:55:57.708068" elapsed="0.000000"/>
</kw>
<status status="NOT RUN" start="2025-07-14T15:55:57.708068" elapsed="0.000000"/>
</branch>
<branch type="ELSE">
<kw name="Log" owner="BuiltIn">
<msg time="2025-07-14T15:55:57.709065" level="INFO">✅ Test réussi - Toutes les métriques sont satisfaites</msg>
<arg>✅ Test réussi - Toutes les métriques sont satisfaites</arg>
<doc>Logs the given message with the given level.</doc>
<status status="PASS" start="2025-07-14T15:55:57.709065" elapsed="0.000000"/>
</kw>
<status status="PASS" start="2025-07-14T15:55:57.709065" elapsed="0.000000"/>
</branch>
<status status="PASS" start="2025-07-14T15:55:57.708068" elapsed="0.000997"/>
</if>
<return>
<value>${test_passed}</value>
<value>${metrics}</value>
<status status="PASS" start="2025-07-14T15:55:57.709065" elapsed="0.000000"/>
</return>
<arg>C:\\Users\\bahae\\Documents\\PfeProject\\test_cases${/}test.wav</arg>
<status status="PASS" start="2025-07-14T15:55:06.296332" elapsed="51.412733"/>
</kw>
<kw name="Evaluate" owner="BuiltIn">
<arg>monitor.stop()</arg>
<arg>namespace=${namespace}</arg>
<doc>Evaluates the given expression in Python and returns the result.</doc>
<status status="PASS" start="2025-07-14T15:55:57.709065" elapsed="1.011210"/>
</kw>
<kw name="Evaluate" owner="BuiltIn">
<msg time="2025-07-14T15:55:58.720275" level="INFO">${cpu} = 39.6551724137931</msg>
<msg time="2025-07-14T15:55:58.720275" level="INFO">${mem} = 2431.734307650862</msg>
<var>${cpu}</var>
<var>${mem}</var>
<arg>monitor.get_averages()</arg>
<arg>namespace=${namespace}</arg>
<doc>Evaluates the given expression in Python and returns the result.</doc>
<status status="PASS" start="2025-07-14T15:55:58.720275" elapsed="0.000000"/>
</kw>
<kw name="Append To File" owner="OperatingSystem">
<msg time="2025-07-14T15:55:58.721258" level="INFO" html="true">Appended to file '&lt;a href="file://C:\Users\bahae\Documents\PfeProject\cpu_usage.log"&gt;C:\Users\bahae\Documents\PfeProject\cpu_usage.log&lt;/a&gt;'.</msg>
<arg>cpu_usage.log</arg>
<arg>Test Audio Player And Playback:${cpu}\n</arg>
<doc>Appends the given content to the specified file.</doc>
<status status="PASS" start="2025-07-14T15:55:58.721258" elapsed="0.000000"/>
</kw>
<kw name="Log" owner="BuiltIn">
<msg time="2025-07-14T15:55:58.721258" level="INFO">CPU value saved to cpu_usage.log</msg>
<arg>CPU value saved to cpu_usage.log</arg>
<doc>Logs the given message with the given level.</doc>
<status status="PASS" start="2025-07-14T15:55:58.721258" elapsed="0.000999"/>
</kw>
<kw name="Append To File" owner="OperatingSystem">
<msg time="2025-07-14T15:55:58.722257" level="INFO" html="true">Appended to file '&lt;a href="file://C:\Users\bahae\Documents\PfeProject\mem_usage.log"&gt;C:\Users\bahae\Documents\PfeProject\mem_usage.log&lt;/a&gt;'.</msg>
<arg>mem_usage.log</arg>
<arg>Test Audio Player And Playback:${mem}\n</arg>
<doc>Appends the given content to the specified file.</doc>
<status status="PASS" start="2025-07-14T15:55:58.722257" elapsed="0.000000"/>
</kw>
<kw name="Log" owner="BuiltIn">
<msg time="2025-07-14T15:55:58.722257" level="INFO">RAM value saved to mem_usage.log</msg>
<arg>RAM value saved to mem_usage.log</arg>
<doc>Logs the given message with the given level.</doc>
<status status="PASS" start="2025-07-14T15:55:58.722257" elapsed="0.000000"/>
</kw>
<doc>Verifies audio recording and playback functionality
- Navigates to audio recording app
- Records audio for a specified duration
- Plays audio
- Supports both French and English interfaces</doc>
<tag>audio</tag>
<tag>playback</tag>
<tag>recording</tag>
<status status="PASS" start="2025-07-14T15:54:39.442270" elapsed="79.281059"/>
</test>
<kw name="Fermer Driver" type="TEARDOWN">
<kw name="Run Keyword And Return Status" owner="BuiltIn">
<kw name="Variable Should Exist" owner="BuiltIn">
<arg>${driver}</arg>
<doc>Fails unless the given variable exists within the current scope.</doc>
<status status="PASS" start="2025-07-14T15:55:58.724306" elapsed="0.000000"/>
</kw>
<msg time="2025-07-14T15:55:58.724306" level="INFO">${driver_exists} = True</msg>
<var>${driver_exists}</var>
<arg>Variable Should Exist</arg>
<arg>${driver}</arg>
<doc>Runs the given keyword with given arguments and returns the status as a Boolean value.</doc>
<status status="PASS" start="2025-07-14T15:55:58.723329" elapsed="0.000977"/>
</kw>
<if>
<branch type="IF" condition="${driver_exists}">
<kw name="Run Keyword And Return Status" owner="BuiltIn">
<kw name="Close Driver" owner="Integration">
<arg>${driver}</arg>
<doc>Ferme proprement le driver Appium.</doc>
<status status="PASS" start="2025-07-14T15:55:58.725306" elapsed="0.164546"/>
</kw>
<msg time="2025-07-14T15:55:58.889852" level="INFO">${close_success} = True</msg>
<var>${close_success}</var>
<arg>Close Driver</arg>
<arg>${driver}</arg>
<doc>Runs the given keyword with given arguments and returns the status as a Boolean value.</doc>
<status status="PASS" start="2025-07-14T15:55:58.724306" elapsed="0.165546"/>
</kw>
<if>
<branch type="IF" condition="not ${close_success}">
<kw name="Log" owner="BuiltIn">
<arg>Warning: Impossible de fermer proprement le driver Appium</arg>
<doc>Logs the given message with the given level.</doc>
<status status="NOT RUN" start="2025-07-14T15:55:58.889852" elapsed="0.001002"/>
</kw>
<status status="NOT RUN" start="2025-07-14T15:55:58.889852" elapsed="0.001002"/>
</branch>
<status status="PASS" start="2025-07-14T15:55:58.889852" elapsed="0.001002"/>
</if>
<status status="PASS" start="2025-07-14T15:55:58.724306" elapsed="0.166548"/>
</branch>
<status status="PASS" start="2025-07-14T15:55:58.724306" elapsed="0.166548"/>
</if>
<status status="PASS" start="2025-07-14T15:55:58.723329" elapsed="0.167525"/>
</kw>
<doc>Tests for audio recording and playback functionality
- Verifies audio recording capabilities
- Verifies audio playback capabilities
- Supports both French and English interfaces</doc>
<status status="PASS" start="2025-07-14T15:52:33.440023" elapsed="205.450831"/>
</suite>
<statistics>
<total>
<stat pass="2" fail="0" skip="0">All Tests</stat>
</total>
<tag>
<stat pass="2" fail="0" skip="0">audio</stat>
<stat pass="2" fail="0" skip="0">playback</stat>
<stat pass="2" fail="0" skip="0">recording</stat>
</tag>
<suite>
<stat name="TestsAudio" id="s1" pass="2" fail="0" skip="0">TestsAudio</stat>
</suite>
</statistics>
<errors>
<msg time="2025-07-14T15:52:36.608234" level="WARN">Imported library 'C:\Users\bahae\Documents\PfeProject\test_cases\resource_monitor.py' contains no keywords.</msg>
</errors>
</robot>
