<?xml version="1.0" encoding="UTF-8"?>
<robot generator="Robot 7.2.2 (Python 3.12.5 on win32)" generated="2025-04-15T12:21:15.885241" rpa="false" schemaversion="5">
<suite id="s1" name="InstallationApplications" source="C:\Users\bahae\Desktop\PfeProject\test_cases\InstallationApplications.robot">
<kw name="Démarrer Driver" type="SETUP">
<kw name="Setup Driver" owner="Integration">
<msg time="2025-04-15T12:21:21.612270" level="INFO">${driver} = &lt;appium.webdriver.webdriver.WebDriver (session="eb61758a-64aa-45fb-bf9e-f0f4a50f3252")&gt;</msg>
<var>${driver}</var>
<arg>${Device}</arg>
<doc>Initialise et retourne le driver Appium.</doc>
<status status="PASS" start="2025-04-15T12:21:16.133243" elapsed="5.479027"/>
</kw>
<kw name="Set Suite Variable" owner="BuiltIn">
<msg time="2025-04-15T12:21:21.612270" level="INFO">${driver} = &lt;appium.webdriver.webdriver.WebDriver (session="eb61758a-64aa-45fb-bf9e-f0f4a50f3252")&gt;</msg>
<arg>${driver}</arg>
<doc>Makes a variable available everywhere within the scope of the current suite.</doc>
<status status="PASS" start="2025-04-15T12:21:21.612270" elapsed="0.000000"/>
</kw>
<status status="PASS" start="2025-04-15T12:21:16.132243" elapsed="5.481026"/>
</kw>
<test id="s1-t1" name="Test Install Apk" line="26">
<kw name="Setup Driver" owner="Integration">
<msg time="2025-04-15T12:21:27.189758" level="INFO">${driver} = &lt;appium.webdriver.webdriver.WebDriver (session="31da9087-24c8-4f76-af83-5bc0c7bf37fc")&gt;</msg>
<var>${driver}</var>
<arg>${Device}</arg>
<doc>Initialise et retourne le driver Appium.</doc>
<status status="PASS" start="2025-04-15T12:21:21.613269" elapsed="5.576489"/>
</kw>
<kw name="Set Global Variable" owner="BuiltIn">
<msg time="2025-04-15T12:21:27.189758" level="INFO">${driver} = &lt;appium.webdriver.webdriver.WebDriver (session="31da9087-24c8-4f76-af83-5bc0c7bf37fc")&gt;</msg>
<arg>${driver}</arg>
<doc>Makes a variable available globally in all tests and suites.</doc>
<status status="PASS" start="2025-04-15T12:21:27.189758" elapsed="0.000000"/>
</kw>
<kw name="Search Application" owner="Integration">
<msg time="2025-04-15T12:22:14.355715" level="INFO">📌 Liste des applications détectées : ['Appium Settings', 'ARD Audiothek', 'Bluetooth Audio', 'Calendar', 'Crunchyroll', 'Google Assistant', 'Home Assistant', 'Local Media Player', 'Maps', 'News', 'Phone', 'Play Store', 'Prime Video', 'Settings', 'SMS']
📌 First Home Page détectée : ['Appium Settings', 'ARD Audiothek', 'Bluetooth Audio', 'Calendar', 'Crunchyroll', 'Google Assistant', 'Home Assistant', 'Local Media Player', 'Maps', 'News', 'Phone', 'Play Store', 'Prime Video', 'Settings', 'SMS']

📌 Liste des applications détectées : ['Spotify', 'Vivaldi Browser', 'YouTube', 'TestNotificationapk']
🔄 Swipe en cours...

📌 Liste des applications détectées : ['Appium Settings', 'ARD Audiothek', 'Bluetooth Audio', 'Calendar', 'Crunchyroll', 'Google Assistant', 'Home Assistant', 'Local Media Player', 'Maps', 'News', 'Phone', 'Play Store', 'Prime Video', 'Settings', 'SMS']
🔄 Swipe en cours...

📌 Liste des applications détectées : ['Appium Settings', 'ARD Audiothek', 'Bluetooth Audio', 'Calendar', 'Crunchyroll', 'Google Assistant', 'Home Assistant', 'Local Media Player', 'Maps', 'News', 'Phone', 'Play Store', 'Prime Video', 'Settings', 'SMS']
✅ Retour à la first home page !
111111111111111111111
2222222222222222

📌 Liste des applications détectées : ['Appium Settings', 'ARD Audiothek', 'Bluetooth Audio', 'Calendar', 'Crunchyroll', 'Google Assistant', 'Home Assistant', 'Local Media Player', 'Maps', 'News', 'Phone', 'Play Store', 'Prime Video', 'Settings', 'SMS']
444444444444444444444'

📌 Liste des applications détectées : ['Spotify', 'Vivaldi Browser', 'YouTube', 'TestNotificationapk']
6666666666666666666
🔄 Swipe en cours...
2222222222222222

📌 Liste des applications détectées : ['Spotify', 'Vivaldi Browser', 'YouTube', 'TestNotificationapk']
3333333333333333333
837 209 1078 247</msg>
<msg time="2025-04-15T12:22:14.355715" level="INFO">${isInsUi} = True</msg>
<var>${isInsUi}</var>
<arg>${driver}</arg>
<arg>TestNotificationapk</arg>
<status status="PASS" start="2025-04-15T12:21:27.189758" elapsed="47.165957"/>
</kw>
<kw name="Log" owner="BuiltIn">
<msg time="2025-04-15T12:22:14.355715" level="INFO">True</msg>
<arg>${isInsUi}</arg>
<doc>Logs the given message with the given level.</doc>
<status status="PASS" start="2025-04-15T12:22:14.355715" elapsed="0.000000"/>
</kw>
<kw name="Is App Installed" owner="Integration">
<msg time="2025-04-15T12:22:14.422267" level="INFO">${isIns} = True</msg>
<var>${isIns}</var>
<arg>${driver}</arg>
<arg>actia.pfe25.testnotificationapk</arg>
<doc>Vérifie si une application est installée sur l'appareil via ADB.</doc>
<status status="PASS" start="2025-04-15T12:22:14.356714" elapsed="0.065553"/>
</kw>
<kw name="Log" owner="BuiltIn">
<msg time="2025-04-15T12:22:14.422267" level="INFO">True</msg>
<arg>${isIns}</arg>
<doc>Logs the given message with the given level.</doc>
<status status="PASS" start="2025-04-15T12:22:14.422267" elapsed="0.000000"/>
</kw>
<kw name="Install Apk" owner="Integration">
<msg time="2025-04-15T12:22:15.324694" level="INFO">Installation réussie : Performing Streamed Install
Success</msg>
<arg>${driver}</arg>
<arg>automotive-Notification_Test.apk</arg>
<doc>Installe un fichier APK sur un appareil Android via ADB.</doc>
<status status="PASS" start="2025-04-15T12:22:14.422267" elapsed="0.902427"/>
</kw>
<kw name="Is App Installed" owner="Integration">
<msg time="2025-04-15T12:22:15.465186" level="INFO">${isIns} = True</msg>
<var>${isIns}</var>
<arg>${driver}</arg>
<arg>actia.pfe25.testnotificationapk</arg>
<doc>Vérifie si une application est installée sur l'appareil via ADB.</doc>
<status status="PASS" start="2025-04-15T12:22:15.325693" elapsed="0.139493"/>
</kw>
<kw name="Log" owner="BuiltIn">
<msg time="2025-04-15T12:22:15.465186" level="INFO">True</msg>
<arg>${isIns}</arg>
<doc>Logs the given message with the given level.</doc>
<status status="PASS" start="2025-04-15T12:22:15.465186" elapsed="0.000000"/>
</kw>
<kw name="Run Keyword And Continue On Failure" owner="BuiltIn">
<kw name="Should Be True" owner="BuiltIn">
<arg>${isIns}</arg>
<arg>The application is not installed via adb</arg>
<doc>Fails if the given condition is not true.</doc>
<status status="PASS" start="2025-04-15T12:22:15.466186" elapsed="0.000000"/>
</kw>
<arg>Should Be True</arg>
<arg>${isIns}</arg>
<arg>The application is not installed via adb</arg>
<doc>Runs the keyword and continues execution even if a failure occurs.</doc>
<status status="PASS" start="2025-04-15T12:22:15.465186" elapsed="0.001000"/>
</kw>
<kw name="Search Application" owner="Integration">
<msg time="2025-04-15T12:22:57.852883" level="INFO">📌 Liste des applications détectées : ['Appium Settings', 'ARD Audiothek', 'Bluetooth Audio', 'Calendar', 'Crunchyroll', 'Google Assistant', 'Home Assistant', 'Local Media Player', 'Maps', 'News', 'Phone', 'Play Store', 'Prime Video', 'Settings', 'SMS']
📌 First Home Page détectée : ['Appium Settings', 'ARD Audiothek', 'Bluetooth Audio', 'Calendar', 'Crunchyroll', 'Google Assistant', 'Home Assistant', 'Local Media Player', 'Maps', 'News', 'Phone', 'Play Store', 'Prime Video', 'Settings', 'SMS']

📌 Liste des applications détectées : ['Appium Settings', 'ARD Audiothek', 'Bluetooth Audio', 'Calendar', 'Crunchyroll', 'Google Assistant', 'Home Assistant', 'Local Media Player', 'Maps', 'News', 'Phone', 'Play Store', 'Prime Video', 'Settings', 'SMS']
✅ Retour à la first home page !
111111111111111111111
2222222222222222

📌 Liste des applications détectées : ['Appium Settings', 'ARD Audiothek', 'Bluetooth Audio', 'Calendar', 'Crunchyroll', 'Google Assistant', 'Home Assistant', 'Local Media Player', 'Maps', 'News', 'Phone', 'Play Store', 'Prime Video', 'Settings', 'SMS']
444444444444444444444'

📌 Liste des applications détectées : ['Spotify', 'Vivaldi Browser', 'YouTube', 'TestNotificationapk']
6666666666666666666
🔄 Swipe en cours...
2222222222222222

📌 Liste des applications détectées : ['Spotify', 'Vivaldi Browser', 'YouTube', 'TestNotificationapk']
3333333333333333333
837 209 1078 247</msg>
<msg time="2025-04-15T12:22:57.853883" level="INFO">${isInsUi} = True</msg>
<var>${isInsUi}</var>
<arg>${driver}</arg>
<arg>TestNotificationapk</arg>
<status status="PASS" start="2025-04-15T12:22:15.466186" elapsed="42.387697"/>
</kw>
<kw name="Run Keyword And Continue On Failure" owner="BuiltIn">
<kw name="Should Be True" owner="BuiltIn">
<arg>${isInsUi}</arg>
<arg>The installed application is not displayed (via adb)</arg>
<doc>Fails if the given condition is not true.</doc>
<status status="PASS" start="2025-04-15T12:22:57.853883" elapsed="0.000000"/>
</kw>
<arg>Should Be True</arg>
<arg>${isInsUi}</arg>
<arg>The installed application is not displayed (via adb)</arg>
<doc>Runs the keyword and continues execution even if a failure occurs.</doc>
<status status="PASS" start="2025-04-15T12:22:57.853883" elapsed="0.000000"/>
</kw>
<status status="PASS" start="2025-04-15T12:21:21.613269" elapsed="96.240614"/>
</test>
<test id="s1-t2" name="Test Uninstall Application" line="44">
<kw name="Get System Language" owner="Integration">
<msg time="2025-04-15T12:22:57.893887" level="INFO">${lang} = eng</msg>
<var>${lang}</var>
<arg>${Device}</arg>
<status status="PASS" start="2025-04-15T12:22:57.853883" elapsed="0.040004"/>
</kw>
<if>
<branch type="IF" condition="'${lang}' == 'fr'">
<kw name="Set Variable" owner="BuiltIn">
<var>${System}</var>
<arg>Système</arg>
<doc>Returns the given values which can then be assigned to a variables.</doc>
<status status="NOT RUN" start="2025-04-15T12:22:57.893887" elapsed="0.000000"/>
</kw>
<kw name="Set Variable" owner="BuiltIn">
<var>${Setting}</var>
<arg>Paramètres</arg>
<doc>Returns the given values which can then be assigned to a variables.</doc>
<status status="NOT RUN" start="2025-04-15T12:22:57.893887" elapsed="0.000000"/>
</kw>
<kw name="Set Variable" owner="BuiltIn">
<var>${apps}</var>
<arg>Applis</arg>
<doc>Returns the given values which can then be assigned to a variables.</doc>
<status status="NOT RUN" start="2025-04-15T12:22:57.893887" elapsed="0.000000"/>
</kw>
<kw name="Set Variable" owner="BuiltIn">
<var>${Consulter_allapps}</var>
<arg>Voir les</arg>
<doc>Returns the given values which can then be assigned to a variables.</doc>
<status status="NOT RUN" start="2025-04-15T12:22:57.893887" elapsed="0.000000"/>
</kw>
<kw name="Set Variable" owner="BuiltIn">
<var>${DesButton}</var>
<arg>Désinstaller</arg>
<doc>Returns the given values which can then be assigned to a variables.</doc>
<status status="NOT RUN" start="2025-04-15T12:22:57.893887" elapsed="0.000000"/>
</kw>
<kw name="Set Variable" owner="BuiltIn">
<var>${confirme}</var>
<arg>OK</arg>
<doc>Returns the given values which can then be assigned to a variables.</doc>
<status status="NOT RUN" start="2025-04-15T12:22:57.893887" elapsed="0.000000"/>
</kw>
<status status="NOT RUN" start="2025-04-15T12:22:57.893887" elapsed="0.000000"/>
</branch>
<branch type="ELSE">
<kw name="Set Variable" owner="BuiltIn">
<msg time="2025-04-15T12:22:57.894889" level="INFO">${System} = System</msg>
<var>${System}</var>
<arg>System</arg>
<doc>Returns the given values which can then be assigned to a variables.</doc>
<status status="PASS" start="2025-04-15T12:22:57.893887" elapsed="0.001002"/>
</kw>
<kw name="Set Variable" owner="BuiltIn">
<msg time="2025-04-15T12:22:57.894889" level="INFO">${Setting} = Settings</msg>
<var>${Setting}</var>
<arg>Settings</arg>
<doc>Returns the given values which can then be assigned to a variables.</doc>
<status status="PASS" start="2025-04-15T12:22:57.894889" elapsed="0.000000"/>
</kw>
<kw name="Set Variable" owner="BuiltIn">
<msg time="2025-04-15T12:22:57.894889" level="INFO">${apps} = Apps</msg>
<var>${apps}</var>
<arg>Apps</arg>
<doc>Returns the given values which can then be assigned to a variables.</doc>
<status status="PASS" start="2025-04-15T12:22:57.894889" elapsed="0.000000"/>
</kw>
<kw name="Set Variable" owner="BuiltIn">
<msg time="2025-04-15T12:22:57.894889" level="INFO">${Consulter_allapps} = View all</msg>
<var>${Consulter_allapps}</var>
<arg>View all</arg>
<doc>Returns the given values which can then be assigned to a variables.</doc>
<status status="PASS" start="2025-04-15T12:22:57.894889" elapsed="0.000000"/>
</kw>
<kw name="Set Variable" owner="BuiltIn">
<msg time="2025-04-15T12:22:57.894889" level="INFO">${DesButton} = Uninstall</msg>
<var>${DesButton}</var>
<arg>Uninstall</arg>
<doc>Returns the given values which can then be assigned to a variables.</doc>
<status status="PASS" start="2025-04-15T12:22:57.894889" elapsed="0.000000"/>
</kw>
<kw name="Set Variable" owner="BuiltIn">
<msg time="2025-04-15T12:22:57.894889" level="INFO">${confirme} = OK</msg>
<var>${confirme}</var>
<arg>OK</arg>
<doc>Returns the given values which can then be assigned to a variables.</doc>
<status status="PASS" start="2025-04-15T12:22:57.894889" elapsed="0.000000"/>
</kw>
<status status="PASS" start="2025-04-15T12:22:57.893887" elapsed="0.001002"/>
</branch>
<status status="PASS" start="2025-04-15T12:22:57.893887" elapsed="0.001002"/>
</if>
<kw name="Open Application With Click" owner="Integration">
<msg time="2025-04-15T12:23:40.115821" level="INFO">📌 Liste des applications détectées : ['Spotify', 'Vivaldi Browser', 'YouTube', 'TestNotificationapk']
📌 First Home Page détectée : ['Spotify', 'Vivaldi Browser', 'YouTube', 'TestNotificationapk']

📌 Liste des applications détectées : ['Appium Settings', 'ARD Audiothek', 'Bluetooth Audio', 'Calendar', 'Crunchyroll', 'Google Assistant', 'Home Assistant', 'Local Media Player', 'Maps', 'News', 'Phone', 'Play Store', 'Prime Video', 'Settings', 'SMS']
🔄 Swipe en cours...

📌 Liste des applications détectées : ['Appium Settings', 'ARD Audiothek', 'Bluetooth Audio', 'Calendar', 'Crunchyroll', 'Google Assistant', 'Home Assistant', 'Local Media Player', 'Maps', 'News', 'Phone', 'Play Store', 'Prime Video', 'Settings', 'SMS']
✅ Retour à la first home page !

📌 Liste des applications détectées : ['Appium Settings', 'ARD Audiothek', 'Bluetooth Audio', 'Calendar', 'Crunchyroll', 'Google Assistant', 'Home Assistant', 'Local Media Player', 'Maps', 'News', 'Phone', 'Play Store', 'Prime Video', 'Settings', 'SMS']
905 619 1007 657</msg>
<msg time="2025-04-15T12:23:40.115821" level="INFO">${resultat} = True</msg>
<var>${resultat}</var>
<arg>${driver}</arg>
<arg>${Setting}</arg>
<status status="PASS" start="2025-04-15T12:22:57.895885" elapsed="42.219936"/>
</kw>
<kw name="Sleep" owner="BuiltIn">
<msg time="2025-04-15T12:23:41.116240" level="INFO">Slept 1 second.</msg>
<arg>1s</arg>
<doc>Pauses the test executed for the given time.</doc>
<status status="PASS" start="2025-04-15T12:23:40.115821" elapsed="1.000419"/>
</kw>
<kw name="Check Element Exists By Id" owner="Integration">
<msg time="2025-04-15T12:23:41.170688" level="INFO">${Verfier} = True</msg>
<var>${Verfier}</var>
<arg>${driver}</arg>
<arg>${Setting_xpath_id}</arg>
<doc>Vérifie si un élément existe en utilisant son ID.</doc>
<status status="PASS" start="2025-04-15T12:23:41.116240" elapsed="0.054448"/>
</kw>
<kw name="Should Be True" owner="BuiltIn">
<arg>${Verfier}</arg>
<arg>Settings is not displayed.</arg>
<doc>Fails if the given condition is not true.</doc>
<status status="PASS" start="2025-04-15T12:23:41.170688" elapsed="0.000000"/>
</kw>
<kw name="Clique Sur Setting" owner="Integration">
<msg time="2025-04-15T12:24:27.720069" level="INFO">📌 Liste des applications détectées : ['Privacy', 'Accessibility', 'Security', 'Apps', 'Assistant &amp; voice', 'System', 'Google', 'Set time automatically', 'Set time zone automatically', 'Set date', 'Set time', 'Select time zone']
📌 First Home Page détectée : ['Privacy', 'Accessibility', 'Security', 'Apps', 'Assistant &amp; voice', 'System', 'Google', 'Set time automatically', 'Set time zone automatically', 'Set date', 'Set time', 'Select time zone']
🔄 Swipe #1 en cours...

📌 Liste des applications détectées : ['Privacy', 'Accessibility', 'Security', 'Apps', 'Assistant &amp; voice', 'System', 'Google', 'Set time automatically', 'Set time zone automatically', 'Set date', 'Set time', 'Select time zone']
✅ Retour à la first home page !
📌 First Home Page détectée : ['Google', 'Accessibility', 'Privacy', 'Security', 'Assistant &amp; voice', 'System', 'Apps']
✅ 'Apps' trouvé ! Appui en cours...</msg>
<arg>${driver}</arg>
<arg>${apps}</arg>
<arg>${Setting_menu}</arg>
<status status="PASS" start="2025-04-15T12:23:41.170688" elapsed="46.549381"/>
</kw>
<kw name="Clique Sur Setting Include" owner="Integration">
<msg time="2025-04-15T12:25:18.021147" level="INFO">📌 Liste des applications détectées : ['Privacy', 'Accessibility', 'Security', 'Apps', 'Assistant &amp; voice', 'System', 'Google', 'Recently opened', 'Maps', 'TestNotificationapk', 'YouTube', 'View all 20 apps']
📌 First Home Page détectée : ['Privacy', 'Accessibility', 'Security', 'Apps', 'Assistant &amp; voice', 'System', 'Google', 'Recently opened', 'Maps', 'TestNotificationapk', 'YouTube', 'View all 20 apps']
🔄 Swipe #1 en cours...

📌 Liste des applications détectées : ['Privacy', 'Accessibility', 'Security', 'Apps', 'Assistant &amp; voice', 'System', 'Google', 'Recently opened', 'Maps', 'TestNotificationapk', 'YouTube', 'View all 20 apps']
✅ Retour à la first home page !
First Home Page détectée : ['9 minutes ago', 'TestNotificationapk', '1 minute ago', 'Maps', '12 minutes ago', 'YouTube', 'View all 20 apps', 'Recently opened']
 View all trouvé ! Appui sur le texte contenant 'View all 20 apps'.</msg>
<arg>${driver}</arg>
<arg>${Consulter_allapps}</arg>
<arg>${Setting_system}</arg>
<status status="PASS" start="2025-04-15T12:24:27.720069" elapsed="50.301078"/>
</kw>
<kw name="Clique Sur Setting" owner="Integration">
<msg time="2025-04-15T12:26:30.031421" level="INFO">📌 Liste des applications détectées : ['Privacy', 'Accessibility', 'Security', 'Apps', 'Assistant &amp; voice', 'System', 'Google', 'Hide system apps', 'Appium Settings', 'ARD Audiothek', 'Calendar', 'Car Launcher']
📌 First Home Page détectée : ['Privacy', 'Accessibility', 'Security', 'Apps', 'Assistant &amp; voice', 'System', 'Google', 'Hide system apps', 'Appium Settings', 'ARD Audiothek', 'Calendar', 'Car Launcher']
🔄 Swipe #1 en cours...

📌 Liste des applications détectées : ['Privacy', 'Accessibility', 'Security', 'Apps', 'Assistant &amp; voice', 'System', 'Google', 'Hide system apps', 'Appium Settings', 'ARD Audiothek', 'Calendar', 'Car Launcher']
✅ Retour à la first home page !
📌 First Home Page détectée : ['Hide system apps', '2.88 MB', '32.77 kB', 'Appium Settings', '43.72 MB', 'Car Launcher', 'ARD Audiothek', 'Calendar']
🔄 Swipe #1 effectué...
🔄 Swipe #2 effectué...
🔄 Swipe #3 effectué...
🔄 Swipe #4 effectué...
✅ 'TestNotificationapk' trouvé ! Appui en cours...</msg>
<arg>${driver}</arg>
<arg>TestNotificationapk</arg>
<arg>${Setting_system}</arg>
<status status="PASS" start="2025-04-15T12:25:18.021147" elapsed="72.010274"/>
</kw>
<kw name="Click Element By Text Att" owner="Integration">
<arg>${driver}</arg>
<arg>${DesButton}</arg>
<status status="PASS" start="2025-04-15T12:26:30.031421" elapsed="1.276942"/>
</kw>
<kw name="Sleep" owner="BuiltIn">
<msg time="2025-04-15T12:26:32.309141" level="INFO">Slept 1 second.</msg>
<arg>1s</arg>
<doc>Pauses the test executed for the given time.</doc>
<status status="PASS" start="2025-04-15T12:26:31.308363" elapsed="1.000778"/>
</kw>
<kw name="Click Element By Text" owner="Integration">
<msg time="2025-04-15T12:26:32.721341" level="INFO">Clic effectué sur l'élément avec le texte: OK</msg>
<arg>${driver}</arg>
<arg>${confirme}</arg>
<status status="PASS" start="2025-04-15T12:26:32.309141" elapsed="0.412200"/>
</kw>
<kw name="Search Application" owner="Integration">
<msg time="2025-04-15T12:27:59.910548" level="INFO">📌 Liste des applications détectées : ['Appium Settings', 'ARD Audiothek', 'Bluetooth Audio', 'Calendar', 'Crunchyroll', 'Google Assistant', 'Home Assistant', 'Local Media Player', 'Maps', 'News', 'Phone', 'Play Store', 'Prime Video', 'Settings', 'SMS']
📌 First Home Page détectée : ['Appium Settings', 'ARD Audiothek', 'Bluetooth Audio', 'Calendar', 'Crunchyroll', 'Google Assistant', 'Home Assistant', 'Local Media Player', 'Maps', 'News', 'Phone', 'Play Store', 'Prime Video', 'Settings', 'SMS']

📌 Liste des applications détectées : ['Appium Settings', 'ARD Audiothek', 'Bluetooth Audio', 'Calendar', 'Crunchyroll', 'Google Assistant', 'Home Assistant', 'Local Media Player', 'Maps', 'News', 'Phone', 'Play Store', 'Prime Video', 'Settings', 'SMS']
✅ Retour à la first home page !
111111111111111111111
2222222222222222

📌 Liste des applications détectées : ['Appium Settings', 'ARD Audiothek', 'Bluetooth Audio', 'Calendar', 'Crunchyroll', 'Google Assistant', 'Home Assistant', 'Local Media Player', 'Maps', 'News', 'Phone', 'Play Store', 'Prime Video', 'Settings', 'SMS']
444444444444444444444'

📌 Liste des applications détectées : ['Spotify', 'Vivaldi Browser', 'YouTube']
6666666666666666666
🔄 Swipe en cours...
2222222222222222

📌 Liste des applications détectées : ['Spotify', 'Vivaldi Browser', 'YouTube']
444444444444444444444'

📌 Liste des applications détectées : ['Spotify', 'Vivaldi Browser', 'YouTube']
55555555555555555
✅ Retour à la first home page !</msg>
<msg time="2025-04-15T12:27:59.910548" level="INFO">${isInsUi} = False</msg>
<var>${isInsUi}</var>
<arg>${driver}</arg>
<arg>TestNotificationapk</arg>
<status status="PASS" start="2025-04-15T12:26:32.722340" elapsed="87.188208"/>
</kw>
<kw name="Run Keyword And Continue On Failure" owner="BuiltIn">
<kw name="Should Not Be True" owner="BuiltIn">
<arg>${isInsUi}</arg>
<arg>The uninstalled application is displayed</arg>
<doc>Fails if the given condition is true.</doc>
<status status="PASS" start="2025-04-15T12:27:59.911549" elapsed="0.000000"/>
</kw>
<arg>Should Not Be True</arg>
<arg>${isInsUi}</arg>
<arg>The uninstalled application is displayed</arg>
<doc>Runs the keyword and continues execution even if a failure occurs.</doc>
<status status="PASS" start="2025-04-15T12:27:59.911549" elapsed="0.000000"/>
</kw>
<kw name="Is App Installed" owner="Integration">
<msg time="2025-04-15T12:27:59.982549" level="INFO">${isIns} = True</msg>
<var>${isIns}</var>
<arg>${driver}</arg>
<arg>actia.pfe25.testnotificationapk</arg>
<doc>Vérifie si une application est installée sur l'appareil via ADB.</doc>
<status status="PASS" start="2025-04-15T12:27:59.911549" elapsed="0.071000"/>
</kw>
<kw name="Log" owner="BuiltIn">
<msg time="2025-04-15T12:27:59.983548" level="INFO">True</msg>
<arg>${isIns}</arg>
<doc>Logs the given message with the given level.</doc>
<status status="PASS" start="2025-04-15T12:27:59.982549" elapsed="0.000999"/>
</kw>
<kw name="Run Keyword And Continue On Failure" owner="BuiltIn">
<kw name="Should Not Be True" owner="BuiltIn">
<msg time="2025-04-15T12:27:59.983548" level="FAIL">The application is not uninstalled correctly (via adb)</msg>
<arg>${isIns}</arg>
<arg>The application is not uninstalled correctly (via adb)</arg>
<doc>Fails if the given condition is true.</doc>
<status status="FAIL" start="2025-04-15T12:27:59.983548" elapsed="0.000000">The application is not uninstalled correctly (via adb)</status>
</kw>
<arg>Should Not Be True</arg>
<arg>${isIns}</arg>
<arg>The application is not uninstalled correctly (via adb)</arg>
<doc>Runs the keyword and continues execution even if a failure occurs.</doc>
<status status="FAIL" start="2025-04-15T12:27:59.983548" elapsed="0.000000">The application is not uninstalled correctly (via adb)</status>
</kw>
<kw name="Close Driver" owner="Integration">
<arg>${driver}</arg>
<doc>Ferme proprement le driver Appium.</doc>
<status status="PASS" start="2025-04-15T12:27:59.983548" elapsed="0.188003"/>
</kw>
<status status="FAIL" start="2025-04-15T12:22:57.853883" elapsed="302.317668">The application is not uninstalled correctly (via adb)</status>
</test>
<kw name="Fermer Driver" type="TEARDOWN">
<kw name="Close Driver" owner="Integration">
<msg time="2025-04-15T12:28:00.176551" level="FAIL">InvalidSessionIdException: Message: A session is either terminated or not started
Stacktrace:
NoSuchDriverError: A session is either terminated or not started
    at asyncHandler (C:\Users\bahae\AppData\Roaming\npm\node_modules\appium\node_modules\@appium\base-driver\lib\protocol\protocol.js:309:15)
    at C:\Users\bahae\AppData\Roaming\npm\node_modules\appium\node_modules\@appium\base-driver\lib\protocol\protocol.js:512:15
    at Layer.handle [as handle_request] (C:\Users\bahae\AppData\Roaming\npm\node_modules\appium\node_modules\express\lib\router\layer.js:95:5)
    at next (C:\Users\bahae\AppData\Roaming\npm\node_modules\appium\node_modules\express\lib\router\route.js:149:13)
    at Route.dispatch (C:\Users\bahae\AppData\Roaming\npm\node_modules\appium\node_modules\express\lib\router\route.js:119:3)
    at Layer.handle [as handle_request] (C:\Users\bahae\AppData\Roaming\npm\node_modules\appium\node_modules\express\lib\router\layer.js:95:5)
    at C:\Users\bahae\AppData\Roaming\npm\node_modules\appium\node_modules\express\lib\router\index.js:284:15
    at param (C:\Users\bahae\AppData\Roaming\npm\node_modules\appium\node_modules\express\lib\router\index.js:365:14)
    at param (C:\Users\bahae\AppData\Roaming\npm\node_modules\appium\node_modules\express\lib\router\index.js:376:14)
    at Function.process_params (C:\Users\bahae\AppData\Roaming\npm\node_modules\appium\node_modules\express\lib\router\index.js:421:3)
    at next (C:\Users\bahae\AppData\Roaming\npm\node_modules\appium\node_modules\express\lib\router\index.js:280:10)
    at logger (C:\Users\bahae\AppData\Roaming\npm\node_modules\appium\node_modules\morgan\index.js:144:5)
    at Layer.handle [as handle_request] (C:\Users\bahae\AppData\Roaming\npm\node_modules\appium\node_modules\express\lib\router\layer.js:95:5)
    at trim_prefix (C:\Users\bahae\AppData\Roaming\npm\node_modules\appium\node_modules\express\lib\router\index.js:328:13)
    at C:\Users\bahae\AppData\Roaming\npm\node_modules\appium\node_modules\express\lib\router\index.js:286:9
    at Function.process_params (C:\Users\bahae\AppData\Roaming\npm\node_modules\appium\node_modules\express\lib\router\index.js:346:12)
    at next (C:\Users\bahae\AppData\Roaming\npm\node_modules\appium\node_modules\express\lib\router\index.js:280:10)
    at jsonParser (C:\Users\bahae\AppData\Roaming\npm\node_modules\appium\node_modules\body-parser\lib\types\json.js:113:7)
    at Layer.handle [as handle_request] (C:\Users\bahae\AppData\Roaming\npm\node_modules\appium\node_modules\express\lib\router\layer.js:95:5)
    at trim_prefix (C:\Users\bahae\AppData\Roaming\npm\node_modules\appium\node_modules\express\lib\router\index.js:328:13)
    at C:\Users\bahae\AppData\Roaming\npm\node_modules\appium\node_modules\express\lib\router\index.js:286:9
    at Function.process_params (C:\Users\bahae\AppData\Roaming\npm\node_modules\appium\node_modules\express\lib\router\index.js:346:12)</msg>
<arg>${driver}</arg>
<doc>Ferme proprement le driver Appium.</doc>
<status status="FAIL" start="2025-04-15T12:28:00.172552" elapsed="0.006000">InvalidSessionIdException: Message: A session is either terminated or not started
Stacktrace:
NoSuchDriverError: A session is either terminated or not started
    at asyncHandler (C:\Users\bahae\AppData\Roaming\npm\node_modules\appium\node_modules\@appium\base-driver\lib\protocol\protocol.js:309:15)
    at C:\Users\bahae\AppData\Roaming\npm\node_modules\appium\node_modules\@appium\base-driver\lib\protocol\protocol.js:512:15
    at Layer.handle [as handle_request] (C:\Users\bahae\AppData\Roaming\npm\node_modules\appium\node_modules\express\lib\router\layer.js:95:5)
    at next (C:\Users\bahae\AppData\Roaming\npm\node_modules\appium\node_modules\express\lib\router\route.js:149:13)
    at Route.dispatch (C:\Users\bahae\AppData\Roaming\npm\node_modules\appium\node_modules\express\lib\router\route.js:119:3)
    at Layer.handle [as handle_request] (C:\Users\bahae\AppData\Roaming\npm\node_modules\appium\node_modules\express\lib\router\layer.js:95:5)
    at C:\Users\bahae\AppData\Roaming\npm\node_modules\appium\node_modules\express\lib\router\index.js:284:15
    at param (C:\Users\bahae\AppData\Roaming\npm\node_modules\appium\node_modules\express\lib\router\index.js:365:14)
    [ Message content over the limit has been removed. ]
    at Layer.handle [as handle_request] (C:\Users\bahae\AppData\Roaming\npm\node_modules\appium\node_modules\express\lib\router\layer.js:95:5)
    at trim_prefix (C:\Users\bahae\AppData\Roaming\npm\node_modules\appium\node_modules\express\lib\router\index.js:328:13)
    at C:\Users\bahae\AppData\Roaming\npm\node_modules\appium\node_modules\express\lib\router\index.js:286:9
    at Function.process_params (C:\Users\bahae\AppData\Roaming\npm\node_modules\appium\node_modules\express\lib\router\index.js:346:12)
    at next (C:\Users\bahae\AppData\Roaming\npm\node_modules\appium\node_modules\express\lib\router\index.js:280:10)
    at jsonParser (C:\Users\bahae\AppData\Roaming\npm\node_modules\appium\node_modules\body-parser\lib\types\json.js:113:7)
    at Layer.handle [as handle_request] (C:\Users\bahae\AppData\Roaming\npm\node_modules\appium\node_modules\express\lib\router\layer.js:95:5)
    at trim_prefix (C:\Users\bahae\AppData\Roaming\npm\node_modules\appium\node_modules\express\lib\router\index.js:328:13)
    at C:\Users\bahae\AppData\Roaming\npm\node_modules\appium\node_modules\express\lib\router\index.js:286:9
    at Function.process_params (C:\Users\bahae\AppData\Roaming\npm\node_modules\appium\node_modules\express\lib\router\index.js:346:12)</status>
</kw>
<status status="FAIL" start="2025-04-15T12:28:00.172552" elapsed="0.006000">InvalidSessionIdException: Message: A session is either terminated or not started
Stacktrace:
NoSuchDriverError: A session is either terminated or not started
    at asyncHandler (C:\Users\bahae\AppData\Roaming\npm\node_modules\appium\node_modules\@appium\base-driver\lib\protocol\protocol.js:309:15)
    at C:\Users\bahae\AppData\Roaming\npm\node_modules\appium\node_modules\@appium\base-driver\lib\protocol\protocol.js:512:15
    at Layer.handle [as handle_request] (C:\Users\bahae\AppData\Roaming\npm\node_modules\appium\node_modules\express\lib\router\layer.js:95:5)
    at next (C:\Users\bahae\AppData\Roaming\npm\node_modules\appium\node_modules\express\lib\router\route.js:149:13)
    at Route.dispatch (C:\Users\bahae\AppData\Roaming\npm\node_modules\appium\node_modules\express\lib\router\route.js:119:3)
    at Layer.handle [as handle_request] (C:\Users\bahae\AppData\Roaming\npm\node_modules\appium\node_modules\express\lib\router\layer.js:95:5)
    at C:\Users\bahae\AppData\Roaming\npm\node_modules\appium\node_modules\express\lib\router\index.js:284:15
    at param (C:\Users\bahae\AppData\Roaming\npm\node_modules\appium\node_modules\express\lib\router\index.js:365:14)
    [ Message content over the limit has been removed. ]
    at Layer.handle [as handle_request] (C:\Users\bahae\AppData\Roaming\npm\node_modules\appium\node_modules\express\lib\router\layer.js:95:5)
    at trim_prefix (C:\Users\bahae\AppData\Roaming\npm\node_modules\appium\node_modules\express\lib\router\index.js:328:13)
    at C:\Users\bahae\AppData\Roaming\npm\node_modules\appium\node_modules\express\lib\router\index.js:286:9
    at Function.process_params (C:\Users\bahae\AppData\Roaming\npm\node_modules\appium\node_modules\express\lib\router\index.js:346:12)
    at next (C:\Users\bahae\AppData\Roaming\npm\node_modules\appium\node_modules\express\lib\router\index.js:280:10)
    at jsonParser (C:\Users\bahae\AppData\Roaming\npm\node_modules\appium\node_modules\body-parser\lib\types\json.js:113:7)
    at Layer.handle [as handle_request] (C:\Users\bahae\AppData\Roaming\npm\node_modules\appium\node_modules\express\lib\router\layer.js:95:5)
    at trim_prefix (C:\Users\bahae\AppData\Roaming\npm\node_modules\appium\node_modules\express\lib\router\index.js:328:13)
    at C:\Users\bahae\AppData\Roaming\npm\node_modules\appium\node_modules\express\lib\router\index.js:286:9
    at Function.process_params (C:\Users\bahae\AppData\Roaming\npm\node_modules\appium\node_modules\express\lib\router\index.js:346:12)</status>
</kw>
<status status="FAIL" start="2025-04-15T12:21:15.887240" elapsed="404.291312">Suite teardown failed:
InvalidSessionIdException: Message: A session is either terminated or not started
Stacktrace:
NoSuchDriverError: A session is either terminated or not started
    at asyncHandler (C:\Users\bahae\AppData\Roaming\npm\node_modules\appium\node_modules\@appium\base-driver\lib\protocol\protocol.js:309:15)
    at C:\Users\bahae\AppData\Roaming\npm\node_modules\appium\node_modules\@appium\base-driver\lib\protocol\protocol.js:512:15
    at Layer.handle [as handle_request] (C:\Users\bahae\AppData\Roaming\npm\node_modules\appium\node_modules\express\lib\router\layer.js:95:5)
    at next (C:\Users\bahae\AppData\Roaming\npm\node_modules\appium\node_modules\express\lib\router\route.js:149:13)
    at Route.dispatch (C:\Users\bahae\AppData\Roaming\npm\node_modules\appium\node_modules\express\lib\router\route.js:119:3)
    at Layer.handle [as handle_request] (C:\Users\bahae\AppData\Roaming\npm\node_modules\appium\node_modules\express\lib\router\layer.js:95:5)
    at C:\Users\bahae\AppData\Roaming\npm\node_modules\appium\node_modules\express\lib\router\index.js:284:15
    at param (C:\Users\bahae\AppData\Roaming\npm\node_modules\appium\node_modules\express\lib\router\index.js:365:14)
    [ Message content over the limit has been removed. ]
    at Layer.handle [as handle_request] (C:\Users\bahae\AppData\Roaming\npm\node_modules\appium\node_modules\express\lib\router\layer.js:95:5)
    at trim_prefix (C:\Users\bahae\AppData\Roaming\npm\node_modules\appium\node_modules\express\lib\router\index.js:328:13)
    at C:\Users\bahae\AppData\Roaming\npm\node_modules\appium\node_modules\express\lib\router\index.js:286:9
    at Function.process_params (C:\Users\bahae\AppData\Roaming\npm\node_modules\appium\node_modules\express\lib\router\index.js:346:12)
    at next (C:\Users\bahae\AppData\Roaming\npm\node_modules\appium\node_modules\express\lib\router\index.js:280:10)
    at jsonParser (C:\Users\bahae\AppData\Roaming\npm\node_modules\appium\node_modules\body-parser\lib\types\json.js:113:7)
    at Layer.handle [as handle_request] (C:\Users\bahae\AppData\Roaming\npm\node_modules\appium\node_modules\express\lib\router\layer.js:95:5)
    at trim_prefix (C:\Users\bahae\AppData\Roaming\npm\node_modules\appium\node_modules\express\lib\router\index.js:328:13)
    at C:\Users\bahae\AppData\Roaming\npm\node_modules\appium\node_modules\express\lib\router\index.js:286:9
    at Function.process_params (C:\Users\bahae\AppData\Roaming\npm\node_modules\appium\node_modules\express\lib\router\index.js:346:12)</status>
</suite>
<statistics>
<total>
<stat pass="0" fail="2" skip="0">All Tests</stat>
</total>
<tag>
</tag>
<suite>
<stat name="InstallationApplications" id="s1" pass="0" fail="2" skip="0">InstallationApplications</stat>
</suite>
</statistics>
<errors>
</errors>
</robot>
