<?xml version="1.0" encoding="UTF-8"?>
<robot generator="Robot 7.2.2 (Python 3.12.5 on win32)" generated="2025-05-08T22:12:01.253045" rpa="false" schemaversion="5">
<suite id="s1" name="WiFiAndConnectivite" source="D:\pfe\PfeProject\test_cases\WiFiAndConnectivite.robot">
<kw name="Démarrer Driver" type="SETUP">
<kw name="Setup Driver" owner="Integration">
<msg time="2025-05-08T22:12:09.962335" level="INFO">${driver} = &lt;appium.webdriver.webdriver.WebDriver (session="7d6a62c0-6480-462a-af55-d8ec3331201f")&gt;</msg>
<var>${driver}</var>
<arg>${Device}</arg>
<doc>Initialise et retourne le driver Appium.</doc>
<status status="PASS" start="2025-05-08T22:12:04.180873" elapsed="5.781462"/>
</kw>
<kw name="Set Suite Variable" owner="BuiltIn">
<msg time="2025-05-08T22:12:09.963334" level="INFO">${driver} = &lt;appium.webdriver.webdriver.WebDriver (session="7d6a62c0-6480-462a-af55-d8ec3331201f")&gt;</msg>
<arg>${driver}</arg>
<doc>Makes a variable available everywhere within the scope of the current suite.</doc>
<status status="PASS" start="2025-05-08T22:12:09.962335" elapsed="0.000999"/>
</kw>
<kw name="Initialize Language Settings">
<kw name="Get System Language" owner="Integration">
<msg time="2025-05-08T22:12:10.014417" level="INFO">${lang} = fr</msg>
<var>${lang}</var>
<arg>${Device}</arg>
<status status="PASS" start="2025-05-08T22:12:09.963334" elapsed="0.051083"/>
</kw>
<kw name="Set Variable If" owner="BuiltIn">
<msg time="2025-05-08T22:12:10.014417" level="INFO">${lang_dict} = {'System': 'Système', 'Setting': 'Paramètres', 'ReseauMenu': 'Réseau et Internet'}</msg>
<var>${lang_dict}</var>
<arg>'${lang}' == 'fr'</arg>
<arg>${LANG_FR}</arg>
<arg>${LANG_EN}</arg>
<doc>Sets variable based on the given condition.</doc>
<status status="PASS" start="2025-05-08T22:12:10.014417" elapsed="0.000000"/>
</kw>
<kw name="Set Suite Variable" owner="BuiltIn">
<msg time="2025-05-08T22:12:10.015416" level="INFO">${LANG_DICT} = {'System': 'Système', 'Setting': 'Paramètres', 'ReseauMenu': 'Réseau et Internet'}</msg>
<arg>${LANG_DICT}</arg>
<arg>${lang_dict}</arg>
<doc>Makes a variable available everywhere within the scope of the current suite.</doc>
<status status="PASS" start="2025-05-08T22:12:10.014417" elapsed="0.000999"/>
</kw>
<doc>Sets up language-specific variables based on system language</doc>
<status status="PASS" start="2025-05-08T22:12:09.963334" elapsed="0.052082"/>
</kw>
<doc>Initializes the test driver</doc>
<status status="PASS" start="2025-05-08T22:12:04.179871" elapsed="5.835545"/>
</kw>
<test id="s1-t1" name="Test Ouvrir Wifi" line="142">
<kw name="Execute Test With Retry">
<kw name="Set Variable" owner="BuiltIn">
<msg time="2025-05-08T22:12:10.016416" level="INFO">${attempt} = 1</msg>
<var>${attempt}</var>
<arg>1</arg>
<doc>Returns the given values which can then be assigned to a variables.</doc>
<status status="PASS" start="2025-05-08T22:12:10.016416" elapsed="0.000000"/>
</kw>
<kw name="Set Variable" owner="BuiltIn">
<msg time="2025-05-08T22:12:10.016416" level="INFO">${test_status} = False</msg>
<var>${test_status}</var>
<arg>${FALSE}</arg>
<doc>Returns the given values which can then be assigned to a variables.</doc>
<status status="PASS" start="2025-05-08T22:12:10.016416" elapsed="0.000000"/>
</kw>
<for flavor="IN RANGE">
<iter>
<kw name="Run Keyword And Return Status" owner="BuiltIn">
<kw name="Execute Open Wifi Test">
<kw name="Open Application With Click" owner="Integration">
<msg time="2025-05-08T22:12:27.672053" level="INFO">📌 Liste des applications détectées : ['Agenda', 'Appium Settings', 'ARD Audiothek', 'Audio Bluetooth', 'Crunchyroll', 'Enregistreur vocal', 'Google Assistant', 'Google\xa0Actualités', 'Home Assistant', 'Local Media Player', 'Maps', 'Paramètres', 'Play\xa0Store', 'Prime Video', 'SMS']
📌 First Home Page détectée : ['Agenda', 'Appium Settings', 'ARD Audiothek', 'Audio Bluetooth', 'Crunchyroll', 'Enregistreur vocal', 'Google Assistant', 'Google\xa0Actualités', 'Home Assistant', 'Local Media Player', 'Maps', 'Paramètres', 'Play\xa0Store', 'Prime Video', 'SMS']

📌 Liste des applications détectées : ['Agenda', 'Appium Settings', 'ARD Audiothek', 'Audio Bluetooth', 'Crunchyroll', 'Enregistreur vocal', 'Google Assistant', 'Google\xa0Actualités', 'Home Assistant', 'Local Media Player', 'Maps', 'Paramètres', 'Play\xa0Store', 'Prime Video', 'SMS']
✅ Retour à la first home page !

📌 Liste des applications détectées : ['Agenda', 'Appium Settings', 'ARD Audiothek', 'Audio Bluetooth', 'Crunchyroll', 'Enregistreur vocal', 'Google Assistant', 'Google\xa0Actualités', 'Home Assistant', 'Local Media Player', 'Maps', 'Paramètres', 'Play\xa0Store', 'Prime Video', 'SMS']
378 619 522 657</msg>
<msg time="2025-05-08T22:12:27.673057" level="INFO">${resultat} = True</msg>
<var>${resultat}</var>
<arg>${driver}</arg>
<arg>${LANG_DICT.Setting}</arg>
<status status="PASS" start="2025-05-08T22:12:10.017461" elapsed="17.655596"/>
</kw>
<kw name="Sleep" owner="BuiltIn">
<msg time="2025-05-08T22:12:28.173575" level="INFO">Slept 500 milliseconds.</msg>
<arg>${QUICK_WAIT}</arg>
<doc>Pauses the test executed for the given time.</doc>
<status status="PASS" start="2025-05-08T22:12:27.673057" elapsed="0.500518"/>
</kw>
<kw name="Check Element Exists By Id" owner="Integration">
<msg time="2025-05-08T22:12:28.596383" level="INFO">${Verfier} = True</msg>
<var>${Verfier}</var>
<arg>${driver}</arg>
<arg>${Setting_xpath_id}</arg>
<doc>Vérifie si un élément existe en utilisant son ID.</doc>
<status status="PASS" start="2025-05-08T22:12:28.173575" elapsed="0.422808"/>
</kw>
<kw name="Should Be True" owner="BuiltIn">
<arg>${Verfier}</arg>
<arg>Settings screen is not displayed</arg>
<doc>Fails if the given condition is not true.</doc>
<status status="PASS" start="2025-05-08T22:12:28.597385" elapsed="0.000000"/>
</kw>
<kw name="Clique Sur Setting" owner="Integration">
<msg time="2025-05-08T22:12:34.783205" level="INFO">(0, 76, 550, 696)
🔽 Swipe vers le bas #1
🔽 Swipe vers le bas #2
✅ 'Réseau et Internet' trouvé en bas ! Appui en cours...</msg>
<arg>${driver}</arg>
<arg>${LANG_DICT.ReseauMenu}</arg>
<arg>${Setting_menu}</arg>
<status status="PASS" start="2025-05-08T22:12:28.597385" elapsed="6.185820"/>
</kw>
<kw name="Activer Wifi Si Desactive" owner="Integration">
<msg time="2025-05-08T22:12:36.475952" level="INFO">false</msg>
<arg>${driver}</arg>
<status status="PASS" start="2025-05-08T22:12:34.784205" elapsed="1.691747"/>
</kw>
<kw name="Sleep" owner="BuiltIn">
<msg time="2025-05-08T22:12:38.477987" level="INFO">Slept 2 seconds.</msg>
<arg>${WAIT_TIME}</arg>
<doc>Pauses the test executed for the given time.</doc>
<status status="PASS" start="2025-05-08T22:12:36.476953" elapsed="2.001034"/>
</kw>
<kw name="Is Active Wifi Ui" owner="Integration">
<msg time="2025-05-08T22:12:40.674220" level="INFO">État actuel du Wi-Fi : true</msg>
<msg time="2025-05-08T22:12:40.674220" level="INFO">${verifier_wifi_ui} = True</msg>
<var>${verifier_wifi_ui}</var>
<arg>${driver}</arg>
<status status="PASS" start="2025-05-08T22:12:38.477987" elapsed="2.196233"/>
</kw>
<kw name="Run Keyword And Continue On Failure" owner="BuiltIn">
<kw name="Should Be True" owner="BuiltIn">
<arg>${verifier_wifi_ui}</arg>
<arg>WiFi is not active in UI</arg>
<doc>Fails if the given condition is not true.</doc>
<status status="PASS" start="2025-05-08T22:12:40.674220" elapsed="0.000000"/>
</kw>
<arg>Should Be True</arg>
<arg>${verifier_wifi_ui}</arg>
<arg>WiFi is not active in UI</arg>
<doc>Runs the keyword and continues execution even if a failure occurs.</doc>
<status status="PASS" start="2025-05-08T22:12:40.674220" elapsed="0.000000"/>
</kw>
<kw name="Is Wifi Enabled Adb" owner="Integration">
<msg time="2025-05-08T22:12:41.012503" level="INFO">✅ Le Wi-Fi est activé.</msg>
<msg time="2025-05-08T22:12:41.012503" level="INFO">${verfier_wifi_adb} = True</msg>
<var>${verfier_wifi_adb}</var>
<arg>${driver}</arg>
<status status="PASS" start="2025-05-08T22:12:40.675222" elapsed="0.337281"/>
</kw>
<kw name="Run Keyword And Continue On Failure" owner="BuiltIn">
<kw name="Should Be True" owner="BuiltIn">
<arg>${verfier_wifi_adb}</arg>
<arg>WiFi is not active via ADB</arg>
<doc>Fails if the given condition is not true.</doc>
<status status="PASS" start="2025-05-08T22:12:41.013501" elapsed="0.000000"/>
</kw>
<arg>Should Be True</arg>
<arg>${verfier_wifi_adb}</arg>
<arg>WiFi is not active via ADB</arg>
<doc>Runs the keyword and continues execution even if a failure occurs.</doc>
<status status="PASS" start="2025-05-08T22:12:41.013501" elapsed="0.000000"/>
</kw>
<doc>Tests WiFi activation</doc>
<status status="PASS" start="2025-05-08T22:12:10.017461" elapsed="30.996040"/>
</kw>
<msg time="2025-05-08T22:12:41.013501" level="INFO">${test_status} = True</msg>
<var>${test_status}</var>
<arg>${test_keyword}</arg>
<doc>Runs the given keyword with given arguments and returns the status as a Boolean value.</doc>
<status status="PASS" start="2025-05-08T22:12:10.016943" elapsed="30.996558"/>
</kw>
<if>
<branch type="IF" condition="${test_status}">
<kw name="Log" owner="BuiltIn">
<msg time="2025-05-08T22:12:41.014501" level="INFO">Test Test Ouvrir Wifi réussi</msg>
<arg>Test ${test_name} réussi</arg>
<doc>Logs the given message with the given level.</doc>
<status status="PASS" start="2025-05-08T22:12:41.013501" elapsed="0.001000"/>
</kw>
<kw name="Exit For Loop" owner="BuiltIn">
<msg time="2025-05-08T22:12:41.014501" level="INFO">Exiting for loop altogether.</msg>
<doc>Stops executing the enclosing FOR loop.</doc>
<status status="PASS" start="2025-05-08T22:12:41.014501" elapsed="0.000000"/>
</kw>
<status status="PASS" start="2025-05-08T22:12:41.013501" elapsed="0.001000"/>
</branch>
<branch type="ELSE">
<kw name="Evaluate" owner="BuiltIn">
<var>${attempt}</var>
<arg>${attempt} + 1</arg>
<doc>Evaluates the given expression in Python and returns the result.</doc>
<status status="NOT RUN" start="2025-05-08T22:12:41.014501" elapsed="0.000000"/>
</kw>
<if>
<branch type="IF" condition="${attempt} &lt;= ${MAX_RETRIES}">
<kw name="Log" owner="BuiltIn">
<arg>Test ${test_name} échoué - Tentative ${attempt}/${MAX_RETRIES}</arg>
<doc>Logs the given message with the given level.</doc>
<status status="NOT RUN" start="2025-05-08T22:12:41.014501" elapsed="0.000000"/>
</kw>
<kw name="Sleep" owner="BuiltIn">
<arg>${RETRY_DELAY}</arg>
<doc>Pauses the test executed for the given time.</doc>
<status status="NOT RUN" start="2025-05-08T22:12:41.014501" elapsed="0.000000"/>
</kw>
<status status="NOT RUN" start="2025-05-08T22:12:41.014501" elapsed="0.000000"/>
</branch>
<status status="NOT RUN" start="2025-05-08T22:12:41.014501" elapsed="0.000000"/>
</if>
<status status="NOT RUN" start="2025-05-08T22:12:41.014501" elapsed="0.000000"/>
</branch>
<status status="PASS" start="2025-05-08T22:12:41.013501" elapsed="0.001000"/>
</if>
<var name="${index}">0</var>
<status status="PASS" start="2025-05-08T22:12:10.016943" elapsed="30.997558"/>
</iter>
<var>${index}</var>
<value>${MAX_RETRIES}</value>
<status status="PASS" start="2025-05-08T22:12:10.016943" elapsed="30.997558"/>
</for>
<if>
<branch type="IF" condition="not ${test_status}">
<kw name="Fail" owner="BuiltIn">
<arg>Le test ${test_name} a échoué après ${MAX_RETRIES} tentatives</arg>
<doc>Fails the test with the given message and optionally alters its tags.</doc>
<status status="NOT RUN" start="2025-05-08T22:12:41.015499" elapsed="0.000000"/>
</kw>
<status status="NOT RUN" start="2025-05-08T22:12:41.014501" elapsed="0.000998"/>
</branch>
<status status="PASS" start="2025-05-08T22:12:41.014501" elapsed="0.000998"/>
</if>
<arg>Execute Open Wifi Test</arg>
<arg>Test Ouvrir Wifi</arg>
<status status="PASS" start="2025-05-08T22:12:10.015416" elapsed="31.000083"/>
</kw>
<doc>Teste l'activation du WiFi
- Ouvre les paramètres
- Active le WiFi
- Vérifie l'activation via UI et ADB</doc>
<tag>smoke</tag>
<tag>wifi</tag>
<status status="PASS" start="2025-05-08T22:12:10.015416" elapsed="31.000083"/>
</test>
<test id="s1-t2" name="Test Fermer Wifi" line="150">
<kw name="Execute Test With Retry">
<kw name="Set Variable" owner="BuiltIn">
<msg time="2025-05-08T22:12:41.016022" level="INFO">${attempt} = 1</msg>
<var>${attempt}</var>
<arg>1</arg>
<doc>Returns the given values which can then be assigned to a variables.</doc>
<status status="PASS" start="2025-05-08T22:12:41.016022" elapsed="0.000000"/>
</kw>
<kw name="Set Variable" owner="BuiltIn">
<msg time="2025-05-08T22:12:41.016022" level="INFO">${test_status} = False</msg>
<var>${test_status}</var>
<arg>${FALSE}</arg>
<doc>Returns the given values which can then be assigned to a variables.</doc>
<status status="PASS" start="2025-05-08T22:12:41.016022" elapsed="0.000994"/>
</kw>
<for flavor="IN RANGE">
<iter>
<kw name="Run Keyword And Return Status" owner="BuiltIn">
<kw name="Execute Close Wifi Test">
<kw name="Open Application With Click" owner="Integration">
<msg time="2025-05-08T22:13:02.773211" level="INFO">📌 Liste des applications détectées : ['Agenda', 'Appium Settings', 'ARD Audiothek', 'Audio Bluetooth', 'Crunchyroll', 'Enregistreur vocal', 'Google Assistant', 'Google\xa0Actualités', 'Home Assistant', 'Local Media Player', 'Maps', 'Paramètres', 'Play\xa0Store', 'Prime Video', 'SMS']
📌 First Home Page détectée : ['Agenda', 'Appium Settings', 'ARD Audiothek', 'Audio Bluetooth', 'Crunchyroll', 'Enregistreur vocal', 'Google Assistant', 'Google\xa0Actualités', 'Home Assistant', 'Local Media Player', 'Maps', 'Paramètres', 'Play\xa0Store', 'Prime Video', 'SMS']

📌 Liste des applications détectées : ['Agenda', 'Appium Settings', 'ARD Audiothek', 'Audio Bluetooth', 'Crunchyroll', 'Enregistreur vocal', 'Google Assistant', 'Google\xa0Actualités', 'Home Assistant', 'Local Media Player', 'Maps', 'Paramètres', 'Play\xa0Store', 'Prime Video', 'SMS']
✅ Retour à la first home page !

📌 Liste des applications détectées : ['Agenda', 'Appium Settings', 'ARD Audiothek', 'Audio Bluetooth', 'Crunchyroll', 'Enregistreur vocal', 'Google Assistant', 'Google\xa0Actualités', 'Home Assistant', 'Local Media Player', 'Maps', 'Paramètres', 'Play\xa0Store', 'Prime Video', 'SMS']
378 619 522 657</msg>
<msg time="2025-05-08T22:13:02.773211" level="INFO">${resultat} = True</msg>
<var>${resultat}</var>
<arg>${driver}</arg>
<arg>${LANG_DICT.Setting}</arg>
<status status="PASS" start="2025-05-08T22:12:41.017016" elapsed="21.756195"/>
</kw>
<kw name="Sleep" owner="BuiltIn">
<msg time="2025-05-08T22:13:03.273955" level="INFO">Slept 500 milliseconds.</msg>
<arg>${QUICK_WAIT}</arg>
<doc>Pauses the test executed for the given time.</doc>
<status status="PASS" start="2025-05-08T22:13:02.773211" elapsed="0.500744"/>
</kw>
<kw name="Check Element Exists By Id" owner="Integration">
<msg time="2025-05-08T22:13:04.395644" level="INFO">${Verfier} = True</msg>
<var>${Verfier}</var>
<arg>${driver}</arg>
<arg>${Setting_xpath_id}</arg>
<doc>Vérifie si un élément existe en utilisant son ID.</doc>
<status status="PASS" start="2025-05-08T22:13:03.273955" elapsed="1.121689"/>
</kw>
<kw name="Should Be True" owner="BuiltIn">
<arg>${Verfier}</arg>
<arg>Settings screen is not displayed</arg>
<doc>Fails if the given condition is not true.</doc>
<status status="PASS" start="2025-05-08T22:13:04.395644" elapsed="0.000999"/>
</kw>
<kw name="Clique Sur Setting" owner="Integration">
<msg time="2025-05-08T22:13:06.040973" level="INFO">(0, 76, 550, 696)
✅ 'Réseau et Internet' trouvé sans swipe. Appui en cours...</msg>
<arg>${driver}</arg>
<arg>${LANG_DICT.ReseauMenu}</arg>
<arg>${Setting_menu}</arg>
<status status="PASS" start="2025-05-08T22:13:04.396643" elapsed="1.644330"/>
</kw>
<kw name="Desactiver Wifi Si Active" owner="Integration">
<msg time="2025-05-08T22:13:07.368215" level="INFO">true</msg>
<arg>${driver}</arg>
<status status="PASS" start="2025-05-08T22:13:06.040973" elapsed="1.327242"/>
</kw>
<kw name="Sleep" owner="BuiltIn">
<msg time="2025-05-08T22:13:09.370191" level="INFO">Slept 2 seconds.</msg>
<arg>${WAIT_TIME}</arg>
<doc>Pauses the test executed for the given time.</doc>
<status status="PASS" start="2025-05-08T22:13:07.369216" elapsed="2.000975"/>
</kw>
<kw name="Is Active Wifi Ui" owner="Integration">
<msg time="2025-05-08T22:13:10.335708" level="INFO">État actuel du Wi-Fi : false</msg>
<msg time="2025-05-08T22:13:10.335708" level="INFO">${verifier_wifi_ui} = False</msg>
<var>${verifier_wifi_ui}</var>
<arg>${driver}</arg>
<status status="PASS" start="2025-05-08T22:13:09.370191" elapsed="0.965517"/>
</kw>
<kw name="Should Not Be True" owner="BuiltIn">
<arg>${verifier_wifi_ui}</arg>
<arg>WiFi is still active in UI</arg>
<doc>Fails if the given condition is true.</doc>
<status status="PASS" start="2025-05-08T22:13:10.335708" elapsed="0.000000"/>
</kw>
<kw name="Is Wifi Enabled Adb" owner="Integration">
<var>${verfier_wifi_adb}</var>
<arg>${driver}</arg>
<status status="FAIL" start="2025-05-08T22:13:10.335708" elapsed="0.207000">Execution terminated by signal</status>
</kw>
<kw name="Should Not Be True" owner="BuiltIn">
<arg>${verfier_wifi_adb}</arg>
<arg>WiFi is still active via ADB</arg>
<doc>Fails if the given condition is true.</doc>
<status status="NOT RUN" start="2025-05-08T22:13:10.542708" elapsed="0.000000"/>
</kw>
<doc>Tests WiFi deactivation</doc>
<status status="FAIL" start="2025-05-08T22:12:41.017016" elapsed="29.525692">Execution terminated by signal</status>
</kw>
<var>${test_status}</var>
<arg>${test_keyword}</arg>
<doc>Runs the given keyword with given arguments and returns the status as a Boolean value.</doc>
<status status="FAIL" start="2025-05-08T22:12:41.017016" elapsed="29.525692">Execution terminated by signal</status>
</kw>
<if>
<branch type="IF" condition="${test_status}">
<kw name="Log" owner="BuiltIn">
<arg>Test ${test_name} réussi</arg>
<doc>Logs the given message with the given level.</doc>
<status status="NOT RUN" start="2025-05-08T22:13:10.543708" elapsed="0.000000"/>
</kw>
<kw name="Exit For Loop" owner="BuiltIn">
<doc>Stops executing the enclosing FOR loop.</doc>
<status status="NOT RUN" start="2025-05-08T22:13:10.543708" elapsed="0.000000"/>
</kw>
<status status="NOT RUN" start="2025-05-08T22:13:10.543708" elapsed="0.000000"/>
</branch>
<branch type="ELSE">
<kw name="Evaluate" owner="BuiltIn">
<var>${attempt}</var>
<arg>${attempt} + 1</arg>
<doc>Evaluates the given expression in Python and returns the result.</doc>
<status status="NOT RUN" start="2025-05-08T22:13:10.543708" elapsed="0.000000"/>
</kw>
<if>
<branch type="IF" condition="${attempt} &lt;= ${MAX_RETRIES}">
<kw name="Log" owner="BuiltIn">
<arg>Test ${test_name} échoué - Tentative ${attempt}/${MAX_RETRIES}</arg>
<doc>Logs the given message with the given level.</doc>
<status status="NOT RUN" start="2025-05-08T22:13:10.543708" elapsed="0.000000"/>
</kw>
<kw name="Sleep" owner="BuiltIn">
<arg>${RETRY_DELAY}</arg>
<doc>Pauses the test executed for the given time.</doc>
<status status="NOT RUN" start="2025-05-08T22:13:10.543708" elapsed="0.000000"/>
</kw>
<status status="NOT RUN" start="2025-05-08T22:13:10.543708" elapsed="0.000000"/>
</branch>
<status status="NOT RUN" start="2025-05-08T22:13:10.543708" elapsed="0.000000"/>
</if>
<status status="NOT RUN" start="2025-05-08T22:13:10.543708" elapsed="0.000000"/>
</branch>
<status status="NOT RUN" start="2025-05-08T22:13:10.543708" elapsed="0.000000"/>
</if>
<var name="${index}">0</var>
<status status="FAIL" start="2025-05-08T22:12:41.017016" elapsed="29.526692">Execution terminated by signal</status>
</iter>
<var>${index}</var>
<value>${MAX_RETRIES}</value>
<status status="FAIL" start="2025-05-08T22:12:41.017016" elapsed="29.526692">Execution terminated by signal</status>
</for>
<if>
<branch type="IF" condition="not ${test_status}">
<kw name="Fail" owner="BuiltIn">
<arg>Le test ${test_name} a échoué après ${MAX_RETRIES} tentatives</arg>
<doc>Fails the test with the given message and optionally alters its tags.</doc>
<status status="NOT RUN" start="2025-05-08T22:13:10.543708" elapsed="0.000000"/>
</kw>
<status status="NOT RUN" start="2025-05-08T22:13:10.543708" elapsed="0.000000"/>
</branch>
<status status="NOT RUN" start="2025-05-08T22:13:10.543708" elapsed="0.000000"/>
</if>
<arg>Execute Close Wifi Test</arg>
<arg>Test Fermer Wifi</arg>
<status status="FAIL" start="2025-05-08T22:12:41.016022" elapsed="29.527686">Execution terminated by signal</status>
</kw>
<doc>Teste la désactivation du WiFi
- Ouvre les paramètres
- Désactive le WiFi
- Vérifie la désactivation via UI et ADB</doc>
<tag>smoke</tag>
<tag>wifi</tag>
<status status="FAIL" start="2025-05-08T22:12:41.016022" elapsed="29.527686">Execution terminated by signal</status>
</test>
<kw name="Fermer Driver" type="TEARDOWN">
<try>
<branch type="TRY">
<kw name="Run Keyword And Return Status" owner="BuiltIn">
<kw name="Get Source" owner="AppiumLibrary">
<kw name="Capture Page Screenshot" owner="AppiumLibrary">
<msg time="2025-05-08T22:13:10.545709" level="FAIL">No application is open</msg>
<doc>Takes a screenshot of the current page and embeds it into the log.</doc>
<status status="FAIL" start="2025-05-08T22:13:10.545709" elapsed="0.002001">No application is open</status>
</kw>
<msg time="2025-05-08T22:13:10.547710" level="WARN">Keyword 'Capture Page Screenshot' could not be run on failure: No application is open</msg>
<msg time="2025-05-08T22:13:10.547710" level="FAIL">No application is open</msg>
<doc>Returns the entire source of the current page.</doc>
<status status="FAIL" start="2025-05-08T22:13:10.545709" elapsed="0.002999">No application is open</status>
</kw>
<msg time="2025-05-08T22:13:10.548708" level="INFO">${session_active} = False</msg>
<var>${session_active}</var>
<arg>Get Source</arg>
<doc>Runs the given keyword with given arguments and returns the status as a Boolean value.</doc>
<status status="PASS" start="2025-05-08T22:13:10.545709" elapsed="0.002999"/>
</kw>
<if>
<branch type="IF" condition="${session_active}">
<kw name="Close Driver" owner="Integration">
<arg>${driver}</arg>
<doc>Ferme proprement le driver Appium.</doc>
<status status="NOT RUN" start="2025-05-08T22:13:10.548708" elapsed="0.000000"/>
</kw>
<kw name="Log" owner="BuiltIn">
<arg>Driver fermé avec succès</arg>
<doc>Logs the given message with the given level.</doc>
<status status="NOT RUN" start="2025-05-08T22:13:10.548708" elapsed="0.000000"/>
</kw>
<status status="NOT RUN" start="2025-05-08T22:13:10.548708" elapsed="0.000000"/>
</branch>
<branch type="ELSE">
<kw name="Log" owner="BuiltIn">
<msg time="2025-05-08T22:13:10.548708" level="INFO">Le driver n'était pas actif</msg>
<arg>Le driver n'était pas actif</arg>
<doc>Logs the given message with the given level.</doc>
<status status="PASS" start="2025-05-08T22:13:10.548708" elapsed="0.000000"/>
</kw>
<status status="PASS" start="2025-05-08T22:13:10.548708" elapsed="0.000000"/>
</branch>
<status status="PASS" start="2025-05-08T22:13:10.548708" elapsed="0.000000"/>
</if>
<status status="PASS" start="2025-05-08T22:13:10.545709" elapsed="0.002999"/>
</branch>
<branch type="EXCEPT" assign="${error}">
<kw name="Log" owner="BuiltIn">
<arg>Erreur lors de la fermeture du driver: ${error}</arg>
<doc>Logs the given message with the given level.</doc>
<status status="NOT RUN" start="2025-05-08T22:13:10.549710" elapsed="0.000000"/>
</kw>
<status status="NOT RUN" start="2025-05-08T22:13:10.548708" elapsed="0.001002"/>
</branch>
<status status="PASS" start="2025-05-08T22:13:10.545709" elapsed="0.004001"/>
</try>
<doc>Cleans up and closes the test driver</doc>
<status status="PASS" start="2025-05-08T22:13:10.544710" elapsed="0.005000"/>
</kw>
<doc>Tests de connectivité WiFi pour appareil Android
- Activation du WiFi
- Désactivation du WiFi
- Vérification de l'état via UI et ADB
- Prend en charge les interfaces en français et en anglais</doc>
<status status="FAIL" start="2025-05-08T22:12:01.255046" elapsed="69.294664"/>
</suite>
<statistics>
<total>
<stat pass="1" fail="1" skip="0">All Tests</stat>
</total>
<tag>
<stat pass="1" fail="1" skip="0">smoke</stat>
<stat pass="1" fail="1" skip="0">wifi</stat>
</tag>
<suite>
<stat name="WiFiAndConnectivite" id="s1" pass="1" fail="1" skip="0">WiFiAndConnectivite</stat>
</suite>
</statistics>
<errors>
<msg time="2025-05-08T22:13:10.547710" level="WARN">Keyword 'Capture Page Screenshot' could not be run on failure: No application is open</msg>
</errors>
</robot>
