<?xml version="1.0" encoding="UTF-8"?>
<robot generator="Robot 7.2.2 (Python 3.13.1 on win32)" generated="2025-03-27T11:39:04.700488" rpa="false" schemaversion="5">
<suite id="s1" name="InstallationApplications" source="C:\Users\bahae\Desktop\PfeProject\test_cases\InstallationApplications.robot">
<test id="s1-t1" name="Test Install Apk" line="18">
<kw name="Setup Driver" owner="Integration">
<msg time="2025-03-27T11:39:10.170030" level="INFO">${driver} = &lt;appium.webdriver.webdriver.WebDriver (session="11063d9a-8b27-4a44-ae2b-30fc199d4063")&gt;</msg>
<var>${driver}</var>
<arg>${Device}</arg>
<doc>Initialise et retourne le driver Appium.</doc>
<status status="PASS" start="2025-03-27T11:39:04.953261" elapsed="5.216817"/>
</kw>
<kw name="Set Global Variable" owner="BuiltIn">
<msg time="2025-03-27T11:39:10.170416" level="INFO">${driver} = &lt;appium.webdriver.webdriver.WebDriver (session="11063d9a-8b27-4a44-ae2b-30fc199d4063")&gt;</msg>
<arg>${driver}</arg>
<doc>Makes a variable available globally in all tests and suites.</doc>
<status status="PASS" start="2025-03-27T11:39:10.170241" elapsed="0.000209"/>
</kw>
<kw name="Search Application" owner="Integration">
<msg time="2025-03-27T11:39:36.164989" level="INFO">📌 Liste des applications détectées : ['Agenda', 'Appium Settings', 'ARD Audiothek', 'Audio Bluetooth', 'Crunchyroll', 'Google Assistant', 'Google\xa0Actualités', 'Home Assistant', 'Local Media Player', 'Maps', 'Paramètres', 'Play\xa0Store', 'Prime Video', 'SMS', 'Spotify']
📌 First Home Page détectée : ['Agenda', 'Appium Settings', 'ARD Audiothek', 'Audio Bluetooth', 'Crunchyroll', 'Google Assistant', 'Google\xa0Actualités', 'Home Assistant', 'Local Media Player', 'Maps', 'Paramètres', 'Play\xa0Store', 'Prime Video', 'SMS', 'Spotify']

📌 Liste des applications détectées : ['Agenda', 'Appium Settings', 'ARD Audiothek', 'Audio Bluetooth', 'Crunchyroll', 'Google Assistant', 'Google\xa0Actualités', 'Home Assistant', 'Local Media Player', 'Maps', 'Paramètres', 'Play\xa0Store', 'Prime Video', 'SMS', 'Spotify']
✅ Retour à la first home page !
111111111111111111111
2222222222222222

📌 Liste des applications détectées : ['Agenda', 'Appium Settings', 'ARD Audiothek', 'Audio Bluetooth', 'Crunchyroll', 'Google Assistant', 'Google\xa0Actualités', 'Home Assistant', 'Local Media Player', 'Maps', 'Paramètres', 'Play\xa0Store', 'Prime Video', 'SMS', 'Spotify']
444444444444444444444'

📌 Liste des applications détectées : ['TestNotificationapk', 'Téléphone', 'Vivaldi Browser', 'YouTube']
6666666666666666666
🔄 Swipe en cours...
2222222222222222

📌 Liste des applications détectées : ['TestNotificationapk', 'Téléphone', 'Vivaldi Browser', 'YouTube']
3333333333333333333
78 209 319 247</msg>
<msg time="2025-03-27T11:39:36.165121" level="INFO">${isInsUi} = True</msg>
<var>${isInsUi}</var>
<arg>${driver}</arg>
<arg>TestNotificationapk</arg>
<status status="PASS" start="2025-03-27T11:39:10.170528" elapsed="25.994611"/>
</kw>
<kw name="Log" owner="BuiltIn">
<msg time="2025-03-27T11:39:36.165401" level="INFO">True</msg>
<arg>${isInsUi}</arg>
<doc>Logs the given message with the given level.</doc>
<status status="PASS" start="2025-03-27T11:39:36.165264" elapsed="0.000170"/>
</kw>
<kw name="Is App Installed" owner="Integration">
<msg time="2025-03-27T11:39:36.219145" level="INFO">${isIns} = True</msg>
<var>${isIns}</var>
<arg>${driver}</arg>
<arg>actia.pfe25.testnotificationapk</arg>
<doc>Vérifie si une application est installée sur l'appareil via ADB.</doc>
<status status="PASS" start="2025-03-27T11:39:36.165506" elapsed="0.053681"/>
</kw>
<kw name="Log" owner="BuiltIn">
<msg time="2025-03-27T11:39:36.219452" level="INFO">True</msg>
<arg>${isIns}</arg>
<doc>Logs the given message with the given level.</doc>
<status status="PASS" start="2025-03-27T11:39:36.219314" elapsed="0.000194"/>
</kw>
<kw name="Install Apk" owner="Integration">
<msg time="2025-03-27T11:39:36.986523" level="INFO">Installation réussie : Performing Streamed Install
Success</msg>
<arg>${driver}</arg>
<arg>automotive-Notification_Test.apk</arg>
<doc>Installe un fichier APK sur un appareil Android via ADB.</doc>
<status status="PASS" start="2025-03-27T11:39:36.219629" elapsed="0.766974"/>
</kw>
<kw name="Is App Installed" owner="Integration">
<msg time="2025-03-27T11:39:37.078242" level="INFO">${isIns} = True</msg>
<var>${isIns}</var>
<arg>${driver}</arg>
<arg>actia.pfe25.testnotificationapk</arg>
<doc>Vérifie si une application est installée sur l'appareil via ADB.</doc>
<status status="PASS" start="2025-03-27T11:39:36.986742" elapsed="0.091543"/>
</kw>
<kw name="Log" owner="BuiltIn">
<msg time="2025-03-27T11:39:37.078558" level="INFO">True</msg>
<arg>${isIns}</arg>
<doc>Logs the given message with the given level.</doc>
<status status="PASS" start="2025-03-27T11:39:37.078425" elapsed="0.000166"/>
</kw>
<kw name="Run Keyword And Continue On Failure" owner="BuiltIn">
<kw name="Should Be True" owner="BuiltIn">
<arg>${isIns}</arg>
<arg>The application is not installed via adb</arg>
<doc>Fails if the given condition is not true.</doc>
<status status="PASS" start="2025-03-27T11:39:37.078766" elapsed="0.000164"/>
</kw>
<arg>Should Be True</arg>
<arg>${isIns}</arg>
<arg>The application is not installed via adb</arg>
<doc>Runs the keyword and continues execution even if a failure occurs.</doc>
<status status="PASS" start="2025-03-27T11:39:37.078669" elapsed="0.000314"/>
</kw>
<kw name="Search Application" owner="Integration">
<msg time="2025-03-27T11:40:03.827440" level="INFO">📌 Liste des applications détectées : ['Agenda', 'Appium Settings', 'ARD Audiothek', 'Audio Bluetooth', 'Crunchyroll', 'Google Assistant', 'Google\xa0Actualités', 'Home Assistant', 'Local Media Player', 'Maps', 'Paramètres', 'Play\xa0Store', 'Prime Video', 'SMS', 'Spotify']
📌 First Home Page détectée : ['Agenda', 'Appium Settings', 'ARD Audiothek', 'Audio Bluetooth', 'Crunchyroll', 'Google Assistant', 'Google\xa0Actualités', 'Home Assistant', 'Local Media Player', 'Maps', 'Paramètres', 'Play\xa0Store', 'Prime Video', 'SMS', 'Spotify']

📌 Liste des applications détectées : ['Agenda', 'Appium Settings', 'ARD Audiothek', 'Audio Bluetooth', 'Crunchyroll', 'Google Assistant', 'Google\xa0Actualités', 'Home Assistant', 'Local Media Player', 'Maps', 'Paramètres', 'Play\xa0Store', 'Prime Video', 'SMS', 'Spotify']
✅ Retour à la first home page !
111111111111111111111
2222222222222222

📌 Liste des applications détectées : ['Agenda', 'Appium Settings', 'ARD Audiothek', 'Audio Bluetooth', 'Crunchyroll', 'Google Assistant', 'Google\xa0Actualités', 'Home Assistant', 'Local Media Player', 'Maps', 'Paramètres', 'Play\xa0Store', 'Prime Video', 'SMS', 'Spotify']
444444444444444444444'

📌 Liste des applications détectées : ['TestNotificationapk', 'Téléphone', 'Vivaldi Browser', 'YouTube']
6666666666666666666
🔄 Swipe en cours...
2222222222222222

📌 Liste des applications détectées : ['TestNotificationapk', 'Téléphone', 'Vivaldi Browser', 'YouTube']
3333333333333333333
78 209 319 247</msg>
<msg time="2025-03-27T11:40:03.827570" level="INFO">${isInsUi} = True</msg>
<var>${isInsUi}</var>
<arg>${driver}</arg>
<arg>TestNotificationapk</arg>
<status status="PASS" start="2025-03-27T11:39:37.079052" elapsed="26.748538"/>
</kw>
<kw name="Run Keyword And Continue On Failure" owner="BuiltIn">
<kw name="Should Be True" owner="BuiltIn">
<arg>${isInsUi}</arg>
<arg>The installed application is not displayed (via adb)</arg>
<doc>Fails if the given condition is not true.</doc>
<status status="PASS" start="2025-03-27T11:40:03.827870" elapsed="0.000142"/>
</kw>
<arg>Should Be True</arg>
<arg>${isInsUi}</arg>
<arg>The installed application is not displayed (via adb)</arg>
<doc>Runs the keyword and continues execution even if a failure occurs.</doc>
<status status="PASS" start="2025-03-27T11:40:03.827735" elapsed="0.000314"/>
</kw>
<status status="PASS" start="2025-03-27T11:39:04.952694" elapsed="58.875429"/>
</test>
<test id="s1-t2" name="Test Uninstall Application" line="36">
<kw name="Get System Language" owner="Integration">
<msg time="2025-03-27T11:40:03.870937" level="INFO">${lang} = fr</msg>
<var>${lang}</var>
<arg>${Device}</arg>
<status status="PASS" start="2025-03-27T11:40:03.828698" elapsed="0.042280"/>
</kw>
<if>
<branch type="IF" condition="'${lang}' == 'fr'">
<kw name="Set Variable" owner="BuiltIn">
<msg time="2025-03-27T11:40:03.871398" level="INFO">${System} = Système</msg>
<var>${System}</var>
<arg>Système</arg>
<doc>Returns the given values which can then be assigned to a variables.</doc>
<status status="PASS" start="2025-03-27T11:40:03.871274" elapsed="0.000146"/>
</kw>
<kw name="Set Variable" owner="BuiltIn">
<msg time="2025-03-27T11:40:03.871572" level="INFO">${Setting} = Paramètres</msg>
<var>${Setting}</var>
<arg>Paramètres</arg>
<doc>Returns the given values which can then be assigned to a variables.</doc>
<status status="PASS" start="2025-03-27T11:40:03.871493" elapsed="0.000095"/>
</kw>
<kw name="Set Variable" owner="BuiltIn">
<msg time="2025-03-27T11:40:03.871710" level="INFO">${apps} = Applis</msg>
<var>${apps}</var>
<arg>Applis</arg>
<doc>Returns the given values which can then be assigned to a variables.</doc>
<status status="PASS" start="2025-03-27T11:40:03.871648" elapsed="0.000076"/>
</kw>
<kw name="Set Variable" owner="BuiltIn">
<msg time="2025-03-27T11:40:03.871833" level="INFO">${Consulter_allapps} = Voir les</msg>
<var>${Consulter_allapps}</var>
<arg>Voir les</arg>
<doc>Returns the given values which can then be assigned to a variables.</doc>
<status status="PASS" start="2025-03-27T11:40:03.871775" elapsed="0.000072"/>
</kw>
<kw name="Set Variable" owner="BuiltIn">
<msg time="2025-03-27T11:40:03.871951" level="INFO">${DesButton} = Désinstaller</msg>
<var>${DesButton}</var>
<arg>Désinstaller</arg>
<doc>Returns the given values which can then be assigned to a variables.</doc>
<status status="PASS" start="2025-03-27T11:40:03.871896" elapsed="0.000068"/>
</kw>
<kw name="Set Variable" owner="BuiltIn">
<msg time="2025-03-27T11:40:03.872067" level="INFO">${confirme} = OK</msg>
<var>${confirme}</var>
<arg>OK</arg>
<doc>Returns the given values which can then be assigned to a variables.</doc>
<status status="PASS" start="2025-03-27T11:40:03.872011" elapsed="0.000068"/>
</kw>
<status status="PASS" start="2025-03-27T11:40:03.871084" elapsed="0.001014"/>
</branch>
<branch type="ELSE">
<kw name="Set Variable" owner="BuiltIn">
<var>${System}</var>
<arg>System</arg>
<doc>Returns the given values which can then be assigned to a variables.</doc>
<status status="NOT RUN" start="2025-03-27T11:40:03.872174" elapsed="0.000011"/>
</kw>
<kw name="Set Variable" owner="BuiltIn">
<var>${Setting}</var>
<arg>Settings</arg>
<doc>Returns the given values which can then be assigned to a variables.</doc>
<status status="NOT RUN" start="2025-03-27T11:40:03.872230" elapsed="0.000009"/>
</kw>
<kw name="Set Variable" owner="BuiltIn">
<var>${apps}</var>
<arg>Apps</arg>
<doc>Returns the given values which can then be assigned to a variables.</doc>
<status status="NOT RUN" start="2025-03-27T11:40:03.872281" elapsed="0.000010"/>
</kw>
<kw name="Set Variable" owner="BuiltIn">
<var>${Consulter_allapps}</var>
<arg>View all</arg>
<doc>Returns the given values which can then be assigned to a variables.</doc>
<status status="NOT RUN" start="2025-03-27T11:40:03.872339" elapsed="0.000010"/>
</kw>
<kw name="Set Variable" owner="BuiltIn">
<var>${DesButton}</var>
<arg>Uninstall</arg>
<doc>Returns the given values which can then be assigned to a variables.</doc>
<status status="NOT RUN" start="2025-03-27T11:40:03.872391" elapsed="0.000009"/>
</kw>
<kw name="Set Variable" owner="BuiltIn">
<var>${confirme}</var>
<arg>OK</arg>
<doc>Returns the given values which can then be assigned to a variables.</doc>
<status status="NOT RUN" start="2025-03-27T11:40:03.872441" elapsed="0.000010"/>
</kw>
<status status="NOT RUN" start="2025-03-27T11:40:03.872121" elapsed="0.000348"/>
</branch>
<status status="PASS" start="2025-03-27T11:40:03.871054" elapsed="0.001429"/>
</if>
<kw name="Open Application With Click" owner="Integration">
<msg time="2025-03-27T11:40:21.546840" level="INFO">📌 Liste des applications détectées : ['Agenda', 'Appium Settings', 'ARD Audiothek', 'Audio Bluetooth', 'Crunchyroll', 'Google Assistant', 'Google\xa0Actualités', 'Home Assistant', 'Local Media Player', 'Maps', 'Paramètres', 'Play\xa0Store', 'Prime Video', 'SMS', 'Spotify']
📌 First Home Page détectée : ['Agenda', 'Appium Settings', 'ARD Audiothek', 'Audio Bluetooth', 'Crunchyroll', 'Google Assistant', 'Google\xa0Actualités', 'Home Assistant', 'Local Media Player', 'Maps', 'Paramètres', 'Play\xa0Store', 'Prime Video', 'SMS', 'Spotify']

📌 Liste des applications détectées : ['Agenda', 'Appium Settings', 'ARD Audiothek', 'Audio Bluetooth', 'Crunchyroll', 'Google Assistant', 'Google\xa0Actualités', 'Home Assistant', 'Local Media Player', 'Maps', 'Paramètres', 'Play\xa0Store', 'Prime Video', 'SMS', 'Spotify']
✅ Retour à la first home page !
111111111111111111111
2222222222222222

📌 Liste des applications détectées : ['Agenda', 'Appium Settings', 'ARD Audiothek', 'Audio Bluetooth', 'Crunchyroll', 'Google Assistant', 'Google\xa0Actualités', 'Home Assistant', 'Local Media Player', 'Maps', 'Paramètres', 'Play\xa0Store', 'Prime Video', 'SMS', 'Spotify']
3333333333333333333
125 619 269 657</msg>
<msg time="2025-03-27T11:40:21.547038" level="INFO">${resultat} = True</msg>
<var>${resultat}</var>
<arg>${driver}</arg>
<arg>${Setting}</arg>
<status status="PASS" start="2025-03-27T11:40:03.872542" elapsed="17.674553"/>
</kw>
<kw name="Sleep" owner="BuiltIn">
<msg time="2025-03-27T11:40:22.547786" level="INFO">Slept 1 second.</msg>
<arg>1s</arg>
<doc>Pauses the test executed for the given time.</doc>
<status status="PASS" start="2025-03-27T11:40:21.547234" elapsed="1.000677"/>
</kw>
<kw name="Check Element Exists By Id" owner="Integration">
<msg time="2025-03-27T11:40:22.625062" level="INFO">${Verfier} = True</msg>
<var>${Verfier}</var>
<arg>${driver}</arg>
<arg>${Setting_xpath_id}</arg>
<doc>Vérifie si un élément existe en utilisant son ID.</doc>
<status status="PASS" start="2025-03-27T11:40:22.548086" elapsed="0.077010"/>
</kw>
<kw name="Should Be True" owner="BuiltIn">
<arg>${Verfier}</arg>
<arg>Settings is not displayed.</arg>
<doc>Fails if the given condition is not true.</doc>
<status status="PASS" start="2025-03-27T11:40:22.625218" elapsed="0.000147"/>
</kw>
<kw name="Clique Sur Setting" owner="Integration">
<msg time="2025-03-27T11:41:04.750610" level="INFO">📌 Liste des applications détectées : ['Position', 'Confidentialité', 'Accessibilité', 'Sécurité', 'Applis', 'Assistant et voix', 'Système', 'Comptes de Driver', 'bahaeddine1919@gmail.com', 'Ajouter un compte']
📌 First Home Page détectée : ['Position', 'Confidentialité', 'Accessibilité', 'Sécurité', 'Applis', 'Assistant et voix', 'Système', 'Comptes de Driver', 'bahaeddine1919@gmail.com', 'Ajouter un compte']

📌 Liste des applications détectées : ['Bluetooth', 'Réseau et Internet', 'Notifications', 'Son', 'Écran', 'Profils et comptes', 'Position', 'Comptes de Driver', 'bahaeddine1919@gmail.com', 'Ajouter un compte']
🔄 Swipe en cours...

📌 Liste des applications détectées : ['Bluetooth', 'Réseau et Internet', 'Notifications', 'Son', 'Écran', 'Profils et comptes', 'Position', 'Comptes de Driver', 'bahaeddine1919@gmail.com', 'Ajouter un compte']
✅ Retour à la first home page !
(0, 76, 550, 696)
###################################
(0, 76, 550, 696)

📌 Liste des settings détectés dans la zone : ['Bluetooth', 'Réseau et Internet', 'Notifications', 'Son', 'Écran', 'Profils et comptes', 'Position']
First Home Page détectée : ['Bluetooth', 'Réseau et Internet', 'Notifications', 'Son', 'Écran', 'Profils et comptes', 'Position']
 Swipe effectué...
(0, 76, 550, 696)
###################################
(0, 76, 550, 696)

📌 Liste des settings détectés dans la zone : ['Position', 'Confidentialité', 'Accessibilité', 'Sécurité', 'Applis', 'Assistant et voix', 'Système']
 Applis trouvé ! Appui sur le nom.</msg>
<arg>${driver}</arg>
<arg>${apps}</arg>
<arg>${Setting_menu}</arg>
<status status="PASS" start="2025-03-27T11:40:22.625433" elapsed="42.125381"/>
</kw>
<kw name="Clique Sur Setting Include" owner="Integration">
<msg time="2025-03-27T11:41:35.339765" level="INFO">📌 Liste des applications détectées : ['Position', 'Confidentialité', 'Accessibilité', 'Sécurité', 'Applis', 'Assistant et voix', 'Système', 'Ouvertes récemment', 'Maps', 'TestNotificationapk', 'YouTube', 'Voir les 20\xa0applis']
📌 First Home Page détectée : ['Position', 'Confidentialité', 'Accessibilité', 'Sécurité', 'Applis', 'Assistant et voix', 'Système', 'Ouvertes récemment', 'Maps', 'TestNotificationapk', 'YouTube', 'Voir les 20\xa0applis']

📌 Liste des applications détectées : ['Bluetooth', 'Réseau et Internet', 'Notifications', 'Son', 'Écran', 'Profils et comptes', 'Position', 'Ouvertes récemment', 'Maps', 'TestNotificationapk', 'YouTube', 'Voir les 20\xa0applis']
🔄 Swipe en cours...

📌 Liste des applications détectées : ['Bluetooth', 'Réseau et Internet', 'Notifications', 'Son', 'Écran', 'Profils et comptes', 'Position', 'Ouvertes récemment', 'Maps', 'TestNotificationapk', 'YouTube', 'Voir les 20\xa0applis']
✅ Retour à la first home page !
(551, 172, 1408, 696)
###################################
(551, 172, 1408, 696)

📌 Liste des settings détectés dans la zone : ['Ouvertes récemment', 'Maps', 'TestNotificationapk', 'YouTube', 'Voir les 20\xa0applis']
First Home Page détectée : ['Ouvertes récemment', 'Maps', 'TestNotificationapk', 'YouTube', 'Voir les 20\xa0applis']
 Voir les trouvé ! Appui sur le texte contenant 'Voir les 20 applis'.</msg>
<arg>${driver}</arg>
<arg>${Consulter_allapps}</arg>
<arg>${Setting_system}</arg>
<status status="PASS" start="2025-03-27T11:41:04.750959" elapsed="30.588889"/>
</kw>
<kw name="Clique Sur Setting" owner="Integration">
<msg time="2025-03-27T11:42:34.820599" level="INFO">📌 Liste des applications détectées : ['Bluetooth', 'Réseau et Internet', 'Notifications', 'Son', 'Écran', 'Profils et comptes', 'Position', 'Masquer les applications système', 'Agenda', "Alertes d'urgence sans fil", 'Appium Settings', 'ARD Audiothek']
📌 First Home Page détectée : ['Bluetooth', 'Réseau et Internet', 'Notifications', 'Son', 'Écran', 'Profils et comptes', 'Position', 'Masquer les applications système', 'Agenda', "Alertes d'urgence sans fil", 'Appium Settings', 'ARD Audiothek']

📌 Liste des applications détectées : ['Bluetooth', 'Réseau et Internet', 'Notifications', 'Son', 'Écran', 'Profils et comptes', 'Position', 'Masquer les applications système', 'Agenda', "Alertes d'urgence sans fil", 'Appium Settings', 'ARD Audiothek']
✅ Retour à la first home page !
(551, 172, 1408, 696)
###################################
(551, 172, 1408, 696)

📌 Liste des settings détectés dans la zone : ['Masquer les applications système', 'Agenda', "Alertes d'urgence sans fil", 'Appium Settings', 'ARD Audiothek']
First Home Page détectée : ['Masquer les applications système', 'Agenda', "Alertes d'urgence sans fil", 'Appium Settings', 'ARD Audiothek']
 Swipe effectué...
(551, 172, 1408, 696)
###################################
(551, 172, 1408, 696)

📌 Liste des settings détectés dans la zone : ['ARD Audiothek', 'Car\xa0Launcher', 'Configuration du profil', 'Crunchyroll', 'Google Assistant']
 Swipe effectué...
(551, 172, 1408, 696)
###################################
(551, 172, 1408, 696)

📌 Liste des settings détectés dans la zone : ['Google Assistant', 'Google Play\xa0Store', 'Home Assistant', 'io.appium.uiautomator2.server', 'io.appium.uiautomator2.server.test']
 Swipe effectué...
(551, 172, 1408, 696)
###################################
(551, 172, 1408, 696)

📌 Liste des settings détectés dans la zone : ['io.appium.uiautomator2.server.test', 'Maps', 'Paramètres', 'Prime Video', 'SMS']
 Swipe effectué...
(551, 172, 1408, 696)
###################################
(551, 172, 1408, 696)

📌 Liste des settings détectés dans la zone : ['SMS', 'Spotify', 'Téléphone', 'TestNotificationapk', 'Vivaldi Browser']
 TestNotificationapk trouvé ! Appui sur le nom.</msg>
<arg>${driver}</arg>
<arg>TestNotificationapk</arg>
<arg>${Setting_system}</arg>
<status status="PASS" start="2025-03-27T11:41:35.339982" elapsed="59.480699"/>
</kw>
<kw name="Click Element By Text Att" owner="Integration">
<arg>${driver}</arg>
<arg>${DesButton}</arg>
<status status="PASS" start="2025-03-27T11:42:34.820800" elapsed="1.124796"/>
</kw>
<kw name="Sleep" owner="BuiltIn">
<msg time="2025-03-27T11:42:36.946736" level="INFO">Slept 1 second.</msg>
<arg>1s</arg>
<doc>Pauses the test executed for the given time.</doc>
<status status="PASS" start="2025-03-27T11:42:35.945743" elapsed="1.001135"/>
</kw>
<kw name="Click Element By Text" owner="Integration">
<msg time="2025-03-27T11:42:37.093381" level="INFO">Clic effectué sur l'élément avec le texte: OK</msg>
<arg>${driver}</arg>
<arg>${confirme}</arg>
<status status="PASS" start="2025-03-27T11:42:36.947000" elapsed="0.146461"/>
</kw>
<kw name="Search Application" owner="Integration">
<msg time="2025-03-27T11:43:00.732912" level="INFO">📌 Liste des applications détectées : ['Agenda', 'Appium Settings', 'ARD Audiothek', 'Audio Bluetooth', 'Crunchyroll', 'Google Assistant', 'Google\xa0Actualités', 'Home Assistant', 'Local Media Player', 'Maps', 'Paramètres', 'Play\xa0Store', 'Prime Video', 'SMS', 'Spotify']
📌 First Home Page détectée : ['Agenda', 'Appium Settings', 'ARD Audiothek', 'Audio Bluetooth', 'Crunchyroll', 'Google Assistant', 'Google\xa0Actualités', 'Home Assistant', 'Local Media Player', 'Maps', 'Paramètres', 'Play\xa0Store', 'Prime Video', 'SMS', 'Spotify']

📌 Liste des applications détectées : ['Agenda', 'Appium Settings', 'ARD Audiothek', 'Audio Bluetooth', 'Crunchyroll', 'Google Assistant', 'Google\xa0Actualités', 'Home Assistant', 'Local Media Player', 'Maps', 'Paramètres', 'Play\xa0Store', 'Prime Video', 'SMS', 'Spotify']
✅ Retour à la first home page !
111111111111111111111
2222222222222222

📌 Liste des applications détectées : ['Agenda', 'Appium Settings', 'ARD Audiothek', 'Audio Bluetooth', 'Crunchyroll', 'Google Assistant', 'Google\xa0Actualités', 'Home Assistant', 'Local Media Player', 'Maps', 'Paramètres', 'Play\xa0Store', 'Prime Video', 'SMS', 'Spotify']
444444444444444444444'

📌 Liste des applications détectées : ['Téléphone', 'Vivaldi Browser', 'YouTube']
6666666666666666666
🔄 Swipe en cours...
2222222222222222

📌 Liste des applications détectées : ['Téléphone', 'Vivaldi Browser', 'YouTube']
444444444444444444444'

📌 Liste des applications détectées : ['Téléphone', 'Vivaldi Browser', 'YouTube']
55555555555555555
✅ Retour à la first home page !</msg>
<msg time="2025-03-27T11:43:00.733036" level="INFO">${isInsUi} = False</msg>
<var>${isInsUi}</var>
<arg>${driver}</arg>
<arg>TestNotificationapk</arg>
<status status="PASS" start="2025-03-27T11:42:37.093594" elapsed="23.639460"/>
</kw>
<kw name="Run Keyword And Continue On Failure" owner="BuiltIn">
<kw name="Should Not Be True" owner="BuiltIn">
<arg>${isInsUi}</arg>
<arg>The uninstalled application is displayed</arg>
<doc>Fails if the given condition is true.</doc>
<status status="PASS" start="2025-03-27T11:43:00.733300" elapsed="0.000117"/>
</kw>
<arg>Should Not Be True</arg>
<arg>${isInsUi}</arg>
<arg>The uninstalled application is displayed</arg>
<doc>Runs the keyword and continues execution even if a failure occurs.</doc>
<status status="PASS" start="2025-03-27T11:43:00.733188" elapsed="0.000264"/>
</kw>
<kw name="Is App Installed" owner="Integration">
<msg time="2025-03-27T11:43:00.783873" level="INFO">${isIns} = True</msg>
<var>${isIns}</var>
<arg>${driver}</arg>
<arg>actia.pfe25.testnotificationapk</arg>
<doc>Vérifie si une application est installée sur l'appareil via ADB.</doc>
<status status="PASS" start="2025-03-27T11:43:00.733530" elapsed="0.050378"/>
</kw>
<kw name="Log" owner="BuiltIn">
<msg time="2025-03-27T11:43:00.784197" level="INFO">True</msg>
<arg>${isIns}</arg>
<doc>Logs the given message with the given level.</doc>
<status status="PASS" start="2025-03-27T11:43:00.784030" elapsed="0.000200"/>
</kw>
<kw name="Run Keyword And Continue On Failure" owner="BuiltIn">
<kw name="Should Not Be True" owner="BuiltIn">
<msg time="2025-03-27T11:43:00.784543" level="FAIL">The application is not uninstalled correctly (via adb)</msg>
<arg>${isIns}</arg>
<arg>The application is not uninstalled correctly (via adb)</arg>
<doc>Fails if the given condition is true.</doc>
<status status="FAIL" start="2025-03-27T11:43:00.784394" elapsed="0.000266">The application is not uninstalled correctly (via adb)</status>
</kw>
<arg>Should Not Be True</arg>
<arg>${isIns}</arg>
<arg>The application is not uninstalled correctly (via adb)</arg>
<doc>Runs the keyword and continues execution even if a failure occurs.</doc>
<status status="FAIL" start="2025-03-27T11:43:00.784307" elapsed="0.000402">The application is not uninstalled correctly (via adb)</status>
</kw>
<status status="FAIL" start="2025-03-27T11:40:03.828301" elapsed="176.956513">The application is not uninstalled correctly (via adb)</status>
</test>
<status status="FAIL" start="2025-03-27T11:39:04.701503" elapsed="236.083593"/>
</suite>
<statistics>
<total>
<stat pass="1" fail="1" skip="0">All Tests</stat>
</total>
<tag>
</tag>
<suite>
<stat name="InstallationApplications" id="s1" pass="1" fail="1" skip="0">InstallationApplications</stat>
</suite>
</statistics>
<errors>
</errors>
</robot>
